[0.150s] Invoking command in '/home/ubuntu/Emmanuel_Jr_robot/build/linorobot2_viz': CMAKE_PREFIX_PATH=${CMAKE_PREFIX_PATH}:/home/ubuntu/Emmanuel_Jr_robot/install/emmanuel:/opt/ros/galactic /usr/bin/cmake /home/ubuntu/Emmanuel_Jr_robot/src/linorobot2_viz -DCMAKE_INSTALL_PREFIX=/home/ubuntu/Emmanuel_Jr_robot/install/linorobot2_viz
[0.832s] -- The C compiler identification is GNU 9.4.0
[1.653s] -- The CXX compiler identification is GNU 9.4.0
[1.728s] -- Check for working C compiler: /usr/bin/cc
[2.898s] -- Check for working C compiler: /usr/bin/cc -- works
[2.918s] -- Detecting C compiler ABI info
[3.988s] -- Detecting C compiler ABI info - done
[4.098s] -- Detecting C compile features
[4.110s] -- Detecting C compile features - done
[4.142s] -- Check for working CXX compiler: /usr/bin/c++
[5.326s] -- Check for working CXX compiler: /usr/bin/c++ -- works
[5.333s] -- Detecting CXX compiler ABI info
[6.713s] -- Detecting CXX compiler ABI info - done
[6.826s] -- Detecting CXX compile features
[6.833s] -- Detecting CXX compile features - done
[6.930s] -- Found ament_cmake: 1.1.5 (/opt/ros/galactic/share/ament_cmake/cmake)
[7.417s] -- Found PythonInterp: /usr/bin/python3 (found suitable version "3.8.10", minimum required is "3") 
[7.418s] -- Using PYTHON_EXECUTABLE: /usr/bin/python3
[9.975s] -- Configuring done
[10.018s] -- Generating done
[10.035s] -- Build files have been written to: /home/ubuntu/Emmanuel_Jr_robot/build/linorobot2_viz
[10.072s] Invoked command in '/home/ubuntu/Emmanuel_Jr_robot/build/linorobot2_viz' returned '0': CMAKE_PREFIX_PATH=${CMAKE_PREFIX_PATH}:/home/ubuntu/Emmanuel_Jr_robot/install/emmanuel:/opt/ros/galactic /usr/bin/cmake /home/ubuntu/Emmanuel_Jr_robot/src/linorobot2_viz -DCMAKE_INSTALL_PREFIX=/home/ubuntu/Emmanuel_Jr_robot/install/linorobot2_viz
[10.076s] Invoking command in '/home/ubuntu/Emmanuel_Jr_robot/build/linorobot2_viz': CMAKE_PREFIX_PATH=${CMAKE_PREFIX_PATH}:/home/ubuntu/Emmanuel_Jr_robot/install/emmanuel:/opt/ros/galactic /usr/bin/cmake --build /home/ubuntu/Emmanuel_Jr_robot/build/linorobot2_viz -- -j4 -l4
[10.773s] Invoked command in '/home/ubuntu/Emmanuel_Jr_robot/build/linorobot2_viz' returned '0': CMAKE_PREFIX_PATH=${CMAKE_PREFIX_PATH}:/home/ubuntu/Emmanuel_Jr_robot/install/emmanuel:/opt/ros/galactic /usr/bin/cmake --build /home/ubuntu/Emmanuel_Jr_robot/build/linorobot2_viz -- -j4 -l4
[11.313s] Invoking command in '/home/ubuntu/Emmanuel_Jr_robot/build/linorobot2_viz': CMAKE_PREFIX_PATH=${CMAKE_PREFIX_PATH}:/home/ubuntu/Emmanuel_Jr_robot/install/emmanuel:/opt/ros/galactic /usr/bin/cmake --install /home/ubuntu/Emmanuel_Jr_robot/build/linorobot2_viz
[11.488s] -- Install configuration: ""
[11.489s] -- Up-to-date: /home/ubuntu/Emmanuel_Jr_robot/install/linorobot2_viz/share/linorobot2_viz/launch
[11.493s] -- Installing: /home/ubuntu/Emmanuel_Jr_robot/install/linorobot2_viz/share/linorobot2_viz/launch/navigation.launch.py
[11.496s] -- Installing: /home/ubuntu/Emmanuel_Jr_robot/install/linorobot2_viz/share/linorobot2_viz/launch/slam.launch.py
[11.498s] -- Installing: /home/ubuntu/Emmanuel_Jr_robot/install/linorobot2_viz/share/linorobot2_viz/launch/robot_model.launch.py
[11.506s] -- Up-to-date: /home/ubuntu/Emmanuel_Jr_robot/install/linorobot2_viz/share/linorobot2_viz/rviz
[11.508s] -- Installing: /home/ubuntu/Emmanuel_Jr_robot/install/linorobot2_viz/share/linorobot2_viz/rviz/linorobot2_navigation_minimal.rviz
[11.511s] -- Installing: /home/ubuntu/Emmanuel_Jr_robot/install/linorobot2_viz/share/linorobot2_viz/rviz/linorobot2_slam.rviz
[11.513s] -- Installing: /home/ubuntu/Emmanuel_Jr_robot/install/linorobot2_viz/share/linorobot2_viz/rviz/description.rviz
[11.515s] -- Installing: /home/ubuntu/Emmanuel_Jr_robot/install/linorobot2_viz/share/linorobot2_viz/rviz/linorobot2_navigation.rviz
[11.519s] -- Installing: /home/ubuntu/Emmanuel_Jr_robot/install/linorobot2_viz/share/ament_index/resource_index/package_run_dependencies/linorobot2_viz
[11.526s] -- Installing: /home/ubuntu/Emmanuel_Jr_robot/install/linorobot2_viz/share/ament_index/resource_index/parent_prefix_path/linorobot2_viz
[11.528s] -- Installing: /home/ubuntu/Emmanuel_Jr_robot/install/linorobot2_viz/share/linorobot2_viz/environment/ament_prefix_path.sh
[11.530s] -- Installing: /home/ubuntu/Emmanuel_Jr_robot/install/linorobot2_viz/share/linorobot2_viz/environment/ament_prefix_path.dsv
[11.531s] -- Installing: /home/ubuntu/Emmanuel_Jr_robot/install/linorobot2_viz/share/linorobot2_viz/environment/path.sh
[11.541s] -- Installing: /home/ubuntu/Emmanuel_Jr_robot/install/linorobot2_viz/share/linorobot2_viz/environment/path.dsv
[11.543s] -- Installing: /home/ubuntu/Emmanuel_Jr_robot/install/linorobot2_viz/share/linorobot2_viz/local_setup.bash
[11.545s] -- Installing: /home/ubuntu/Emmanuel_Jr_robot/install/linorobot2_viz/share/linorobot2_viz/local_setup.sh
[11.547s] -- Installing: /home/ubuntu/Emmanuel_Jr_robot/install/linorobot2_viz/share/linorobot2_viz/local_setup.zsh
[11.549s] -- Installing: /home/ubuntu/Emmanuel_Jr_robot/install/linorobot2_viz/share/linorobot2_viz/local_setup.dsv
[11.551s] -- Installing: /home/ubuntu/Emmanuel_Jr_robot/install/linorobot2_viz/share/linorobot2_viz/package.dsv
[11.557s] -- Installing: /home/ubuntu/Emmanuel_Jr_robot/install/linorobot2_viz/share/ament_index/resource_index/packages/linorobot2_viz
[11.562s] -- Installing: /home/ubuntu/Emmanuel_Jr_robot/install/linorobot2_viz/share/linorobot2_viz/cmake/linorobot2_vizConfig.cmake
[11.564s] -- Installing: /home/ubuntu/Emmanuel_Jr_robot/install/linorobot2_viz/share/linorobot2_viz/cmake/linorobot2_vizConfig-version.cmake
[11.565s] -- Installing: /home/ubuntu/Emmanuel_Jr_robot/install/linorobot2_viz/share/linorobot2_viz/package.xml
[11.595s] Invoked command in '/home/ubuntu/Emmanuel_Jr_robot/build/linorobot2_viz' returned '0': CMAKE_PREFIX_PATH=${CMAKE_PREFIX_PATH}:/home/ubuntu/Emmanuel_Jr_robot/install/emmanuel:/opt/ros/galactic /usr/bin/cmake --install /home/ubuntu/Emmanuel_Jr_robot/build/linorobot2_viz
