[0.019s] Invoking command in '/home/rex/Emmanuel_Jr_robot/build/linorobot2_bringup': CMAKE_PREFIX_PATH=${CMAKE_PREFIX_PATH}:/home/rex/Emmanuel_Jr_robot/install/nav2_simple_commander:/home/rex/Emmanuel_Jr_robot/install/nav2_gazebo_spawner:/home/rex/Emmanuel_Jr_robot/install/emmanuelJr:/home/rex/Emmanuel_Jr_robot/install/emmanuel:/opt/ros/galactic /usr/bin/cmake /home/rex/Emmanuel_Jr_robot/src/linorobot2/linorobot2_bringup -DCMAKE_INSTALL_PREFIX=/home/rex/Emmanuel_Jr_robot/install/linorobot2_bringup
[0.099s] -- The C compiler identification is GNU 9.4.0
[0.168s] -- The CXX compiler identification is GNU 9.4.0
[0.169s] -- Check for working C compiler: /usr/bin/cc
[0.246s] -- Check for working C compiler: /usr/bin/cc -- works
[0.247s] -- Detecting C compiler ABI info
[0.333s] -- Detecting C compiler ABI info - done
[0.340s] -- Detecting C compile features
[0.341s] -- Detecting C compile features - done
[0.343s] -- Check for working CXX compiler: /usr/bin/c++
[0.437s] -- Check for working CXX compiler: /usr/bin/c++ -- works
[0.437s] -- Detecting CXX compiler ABI info
[0.535s] -- Detecting CXX compiler ABI info - done
[0.545s] -- Detecting CXX compile features
[0.546s] -- Detecting CXX compile features - done
[0.550s] -- Found ament_cmake: 1.1.5 (/opt/ros/galactic/share/ament_cmake/cmake)
[0.584s] -- Found PythonInterp: /usr/bin/python3 (found suitable version "3.8.10", minimum required is "3") 
[0.584s] -- Using PYTHON_EXECUTABLE: /usr/bin/python3
[0.735s] -- Configuring done
[0.738s] -- Generating done
[0.739s] -- Build files have been written to: /home/rex/Emmanuel_Jr_robot/build/linorobot2_bringup
[0.755s] Invoked command in '/home/rex/Emmanuel_Jr_robot/build/linorobot2_bringup' returned '0': CMAKE_PREFIX_PATH=${CMAKE_PREFIX_PATH}:/home/rex/Emmanuel_Jr_robot/install/nav2_simple_commander:/home/rex/Emmanuel_Jr_robot/install/nav2_gazebo_spawner:/home/rex/Emmanuel_Jr_robot/install/emmanuelJr:/home/rex/Emmanuel_Jr_robot/install/emmanuel:/opt/ros/galactic /usr/bin/cmake /home/rex/Emmanuel_Jr_robot/src/linorobot2/linorobot2_bringup -DCMAKE_INSTALL_PREFIX=/home/rex/Emmanuel_Jr_robot/install/linorobot2_bringup
[0.758s] Invoking command in '/home/rex/Emmanuel_Jr_robot/build/linorobot2_bringup': CMAKE_PREFIX_PATH=${CMAKE_PREFIX_PATH}:/home/rex/Emmanuel_Jr_robot/install/nav2_simple_commander:/home/rex/Emmanuel_Jr_robot/install/nav2_gazebo_spawner:/home/rex/Emmanuel_Jr_robot/install/emmanuelJr:/home/rex/Emmanuel_Jr_robot/install/emmanuel:/opt/ros/galactic /usr/bin/cmake --build /home/rex/Emmanuel_Jr_robot/build/linorobot2_bringup -- -j2 -l2
[0.811s] Invoked command in '/home/rex/Emmanuel_Jr_robot/build/linorobot2_bringup' returned '0': CMAKE_PREFIX_PATH=${CMAKE_PREFIX_PATH}:/home/rex/Emmanuel_Jr_robot/install/nav2_simple_commander:/home/rex/Emmanuel_Jr_robot/install/nav2_gazebo_spawner:/home/rex/Emmanuel_Jr_robot/install/emmanuelJr:/home/rex/Emmanuel_Jr_robot/install/emmanuel:/opt/ros/galactic /usr/bin/cmake --build /home/rex/Emmanuel_Jr_robot/build/linorobot2_bringup -- -j2 -l2
[0.850s] Invoking command in '/home/rex/Emmanuel_Jr_robot/build/linorobot2_bringup': CMAKE_PREFIX_PATH=${CMAKE_PREFIX_PATH}:/home/rex/Emmanuel_Jr_robot/install/nav2_simple_commander:/home/rex/Emmanuel_Jr_robot/install/nav2_gazebo_spawner:/home/rex/Emmanuel_Jr_robot/install/emmanuelJr:/home/rex/Emmanuel_Jr_robot/install/emmanuel:/opt/ros/galactic /usr/bin/cmake --install /home/rex/Emmanuel_Jr_robot/build/linorobot2_bringup
[0.863s] -- Install configuration: ""
[0.863s] -- Installing: /home/rex/Emmanuel_Jr_robot/install/linorobot2_bringup/share/linorobot2_bringup/launch
[0.863s] -- Installing: /home/rex/Emmanuel_Jr_robot/install/linorobot2_bringup/share/linorobot2_bringup/launch/sensors.launch.py
[0.863s] -- Installing: /home/rex/Emmanuel_Jr_robot/install/linorobot2_bringup/share/linorobot2_bringup/launch/bringup.launch.py
[0.863s] -- Installing: /home/rex/Emmanuel_Jr_robot/install/linorobot2_bringup/share/linorobot2_bringup/launch/joy_teleop.launch.py
[0.864s] -- Installing: /home/rex/Emmanuel_Jr_robot/install/linorobot2_bringup/share/linorobot2_bringup/launch/depth.launch.py
[0.864s] -- Installing: /home/rex/Emmanuel_Jr_robot/install/linorobot2_bringup/share/linorobot2_bringup/launch/lasers.launch.py
[0.864s] -- Installing: /home/rex/Emmanuel_Jr_robot/install/linorobot2_bringup/share/linorobot2_bringup/config
[0.864s] -- Installing: /home/rex/Emmanuel_Jr_robot/install/linorobot2_bringup/share/linorobot2_bringup/config/joy.yaml
[0.864s] -- Installing: /home/rex/Emmanuel_Jr_robot/install/linorobot2_bringup/share/linorobot2_bringup/config/fake_laser.yaml
[0.864s] -- Installing: /home/rex/Emmanuel_Jr_robot/install/linorobot2_bringup/share/linorobot2_bringup/config/zed_common.yaml
[0.864s] -- Installing: /home/rex/Emmanuel_Jr_robot/install/linorobot2_bringup/share/linorobot2_bringup/config/ydlidar.yaml
[0.865s] -- Installing: /home/rex/Emmanuel_Jr_robot/install/linorobot2_bringup/share/ament_index/resource_index/package_run_dependencies/linorobot2_bringup
[0.865s] -- Installing: /home/rex/Emmanuel_Jr_robot/install/linorobot2_bringup/share/ament_index/resource_index/parent_prefix_path/linorobot2_bringup
[0.865s] -- Installing: /home/rex/Emmanuel_Jr_robot/install/linorobot2_bringup/share/linorobot2_bringup/environment/ament_prefix_path.sh
[0.865s] -- Installing: /home/rex/Emmanuel_Jr_robot/install/linorobot2_bringup/share/linorobot2_bringup/environment/ament_prefix_path.dsv
[0.865s] -- Installing: /home/rex/Emmanuel_Jr_robot/install/linorobot2_bringup/share/linorobot2_bringup/environment/path.sh
[0.866s] -- Installing: /home/rex/Emmanuel_Jr_robot/install/linorobot2_bringup/share/linorobot2_bringup/environment/path.dsv
[0.866s] -- Installing: /home/rex/Emmanuel_Jr_robot/install/linorobot2_bringup/share/linorobot2_bringup/local_setup.bash
[0.866s] -- Installing: /home/rex/Emmanuel_Jr_robot/install/linorobot2_bringup/share/linorobot2_bringup/local_setup.sh
[0.867s] -- Installing: /home/rex/Emmanuel_Jr_robot/install/linorobot2_bringup/share/linorobot2_bringup/local_setup.zsh
[0.867s] -- Installing: /home/rex/Emmanuel_Jr_robot/install/linorobot2_bringup/share/linorobot2_bringup/local_setup.dsv
[0.867s] -- Installing: /home/rex/Emmanuel_Jr_robot/install/linorobot2_bringup/share/linorobot2_bringup/package.dsv
[0.867s] -- Installing: /home/rex/Emmanuel_Jr_robot/install/linorobot2_bringup/share/ament_index/resource_index/packages/linorobot2_bringup
[0.867s] -- Installing: /home/rex/Emmanuel_Jr_robot/install/linorobot2_bringup/share/linorobot2_bringup/cmake/linorobot2_bringupConfig.cmake
[0.868s] -- Installing: /home/rex/Emmanuel_Jr_robot/install/linorobot2_bringup/share/linorobot2_bringup/cmake/linorobot2_bringupConfig-version.cmake
[0.868s] -- Installing: /home/rex/Emmanuel_Jr_robot/install/linorobot2_bringup/share/linorobot2_bringup/package.xml
[0.870s] Invoked command in '/home/rex/Emmanuel_Jr_robot/build/linorobot2_bringup' returned '0': CMAKE_PREFIX_PATH=${CMAKE_PREFIX_PATH}:/home/rex/Emmanuel_Jr_robot/install/nav2_simple_commander:/home/rex/Emmanuel_Jr_robot/install/nav2_gazebo_spawner:/home/rex/Emmanuel_Jr_robot/install/emmanuelJr:/home/rex/Emmanuel_Jr_robot/install/emmanuel:/opt/ros/galactic /usr/bin/cmake --install /home/rex/Emmanuel_Jr_robot/build/linorobot2_bringup
