[0.018s] Invoking command in '/home/snake/Emmanuel_Jr_robot/build/dwb_msgs': AMENT_PREFIX_PATH=/home/snake/Emmanuel_Jr_robot/install/nav_2d_msgs:${AMENT_PREFIX_PATH} CMAKE_PREFIX_PATH=/home/snake/Emmanuel_Jr_robot/install/nav_2d_msgs:/opt/ros/galactic LD_LIBRARY_PATH=/home/snake/Emmanuel_Jr_robot/install/nav_2d_msgs/lib:${LD_LIBRARY_PATH} PYTHONPATH=/home/snake/Emmanuel_Jr_robot/install/nav_2d_msgs/lib/python3.8/site-packages:${PYTHONPATH} /usr/bin/cmake /home/snake/Emmanuel_Jr_robot/src/navigation2/nav2_dwb_controller/dwb_msgs -DAMENT_CMAKE_SYMLINK_INSTALL=1 -DCMAKE_INSTALL_PREFIX=/home/snake/Emmanuel_Jr_robot/install/dwb_msgs
[0.098s] -- The C compiler identification is GNU 9.4.0
[0.165s] -- The CXX compiler identification is GNU 9.4.0
[0.170s] -- Check for working C compiler: /usr/bin/cc
[0.253s] -- Check for working C compiler: /usr/bin/cc -- works
[0.254s] -- Detecting C compiler ABI info
[0.341s] -- Detecting C compiler ABI info - done
[0.354s] -- Detecting C compile features
[0.354s] -- Detecting C compile features - done
[0.357s] -- Check for working CXX compiler: /usr/bin/c++
[0.461s] -- Check for working CXX compiler: /usr/bin/c++ -- works
[0.461s] -- Detecting CXX compiler ABI info
[0.577s] -- Detecting CXX compiler ABI info - done
[0.608s] -- Detecting CXX compile features
[0.609s] -- Detecting CXX compile features - done
[0.611s] -- Found builtin_interfaces: 1.0.3 (/opt/ros/galactic/share/builtin_interfaces/cmake)
[0.645s] -- Found PythonInterp: /usr/bin/python3 (found suitable version "3.8.10", minimum required is "3") 
[0.645s] -- Using PYTHON_EXECUTABLE: /usr/bin/python3
[0.721s] -- Override CMake install command with custom implementation using symlinks instead of copying resources
[0.773s] -- Using all available rosidl_typesupport_c: rosidl_typesupport_fastrtps_c;rosidl_typesupport_introspection_c
[0.781s] -- Found rosidl_adapter: 2.2.2 (/opt/ros/galactic/share/rosidl_adapter/cmake)
[0.869s] -- Found OpenSSL: /usr/lib/x86_64-linux-gnu/libcrypto.so (found version "1.1.1f")  
[0.903s] -- Found FastRTPS: /opt/ros/galactic/include  
[0.993s] -- Using all available rosidl_typesupport_cpp: rosidl_typesupport_fastrtps_cpp;rosidl_typesupport_introspection_cpp
[1.028s] -- Found geometry_msgs: 2.2.4 (/opt/ros/galactic/share/geometry_msgs/cmake)
[1.100s] -- Found nav_2d_msgs: 1.0.12 (/home/snake/Emmanuel_Jr_robot/install/nav_2d_msgs/share/nav_2d_msgs/cmake)
[1.187s] -- Found nav_msgs: 2.2.4 (/opt/ros/galactic/share/nav_msgs/cmake)
[1.279s] -- Found rosidl_default_generators: 1.1.1 (/opt/ros/galactic/share/rosidl_default_generators/cmake)
[1.324s] -- Found PythonInterp: /usr/bin/python3 (found version "3.8.10") 
[1.651s] -- Found ament_cmake_ros: 0.9.2 (/opt/ros/galactic/share/ament_cmake_ros/cmake)
[2.085s] -- Using all available rosidl_typesupport_c: rosidl_typesupport_fastrtps_c;rosidl_typesupport_introspection_c
[2.270s] -- Using all available rosidl_typesupport_cpp: rosidl_typesupport_fastrtps_cpp;rosidl_typesupport_introspection_cpp
[2.307s] -- Found PythonInterp: /usr/bin/python3 (found suitable version "3.8.10", minimum required is "3.5") 
[2.308s] -- Found python_cmake_module: 0.8.1 (/opt/ros/galactic/share/python_cmake_module/cmake)
[2.346s] -- Found PythonLibs: /usr/lib/x86_64-linux-gnu/libpython3.8.so (found suitable version "3.8.10", minimum required is "3.5") 
[2.347s] -- Using PYTHON_EXECUTABLE: /usr/bin/python3
[2.347s] -- Using PYTHON_INCLUDE_DIRS: /usr/include/python3.8
[2.347s] -- Using PYTHON_LIBRARIES: /usr/lib/x86_64-linux-gnu/libpython3.8.so
[2.376s] -- Found PythonExtra: .so  
[2.850s] -- Configuring done
[2.990s] -- Generating done
[2.994s] -- Build files have been written to: /home/snake/Emmanuel_Jr_robot/build/dwb_msgs
[3.008s] Invoked command in '/home/snake/Emmanuel_Jr_robot/build/dwb_msgs' returned '0': AMENT_PREFIX_PATH=/home/snake/Emmanuel_Jr_robot/install/nav_2d_msgs:${AMENT_PREFIX_PATH} CMAKE_PREFIX_PATH=/home/snake/Emmanuel_Jr_robot/install/nav_2d_msgs:/opt/ros/galactic LD_LIBRARY_PATH=/home/snake/Emmanuel_Jr_robot/install/nav_2d_msgs/lib:${LD_LIBRARY_PATH} PYTHONPATH=/home/snake/Emmanuel_Jr_robot/install/nav_2d_msgs/lib/python3.8/site-packages:${PYTHONPATH} /usr/bin/cmake /home/snake/Emmanuel_Jr_robot/src/navigation2/nav2_dwb_controller/dwb_msgs -DAMENT_CMAKE_SYMLINK_INSTALL=1 -DCMAKE_INSTALL_PREFIX=/home/snake/Emmanuel_Jr_robot/install/dwb_msgs
[3.010s] Invoking command in '/home/snake/Emmanuel_Jr_robot/build/dwb_msgs': AMENT_PREFIX_PATH=/home/snake/Emmanuel_Jr_robot/install/nav_2d_msgs:${AMENT_PREFIX_PATH} CMAKE_PREFIX_PATH=/home/snake/Emmanuel_Jr_robot/install/nav_2d_msgs:/opt/ros/galactic LD_LIBRARY_PATH=/home/snake/Emmanuel_Jr_robot/install/nav_2d_msgs/lib:${LD_LIBRARY_PATH} PYTHONPATH=/home/snake/Emmanuel_Jr_robot/install/nav_2d_msgs/lib/python3.8/site-packages:${PYTHONPATH} /usr/bin/cmake --build /home/snake/Emmanuel_Jr_robot/build/dwb_msgs -- -j2 -l2
[3.074s] [35m[1mScanning dependencies of target dwb_msgs__cpp[0m
[3.089s] [  1%] [34m[1mGenerating C++ code for ROS interfaces[0m
[4.545s] [  1%] Built target dwb_msgs__cpp
[4.562s] [  2%] [34m[1mGenerating C code for ROS interfaces[0m
[6.140s] [35m[1mScanning dependencies of target dwb_msgs__rosidl_generator_c[0m
[6.165s] [  3%] [32mBuilding C object CMakeFiles/dwb_msgs__rosidl_generator_c.dir/rosidl_generator_c/dwb_msgs/msg/detail/critic_score__functions.c.o[0m
[6.221s] [  4%] [32mBuilding C object CMakeFiles/dwb_msgs__rosidl_generator_c.dir/rosidl_generator_c/dwb_msgs/msg/detail/local_plan_evaluation__functions.c.o[0m
[6.278s] [  5%] [32mBuilding C object CMakeFiles/dwb_msgs__rosidl_generator_c.dir/rosidl_generator_c/dwb_msgs/msg/detail/trajectory2_d__functions.c.o[0m
[6.340s] [  6%] [32mBuilding C object CMakeFiles/dwb_msgs__rosidl_generator_c.dir/rosidl_generator_c/dwb_msgs/msg/detail/trajectory_score__functions.c.o[0m
[6.409s] [  7%] [32mBuilding C object CMakeFiles/dwb_msgs__rosidl_generator_c.dir/rosidl_generator_c/dwb_msgs/srv/detail/debug_local_plan__functions.c.o[0m
[6.486s] [  8%] [32mBuilding C object CMakeFiles/dwb_msgs__rosidl_generator_c.dir/rosidl_generator_c/dwb_msgs/srv/detail/generate_trajectory__functions.c.o[0m
[6.592s] [  9%] [32mBuilding C object CMakeFiles/dwb_msgs__rosidl_generator_c.dir/rosidl_generator_c/dwb_msgs/srv/detail/generate_twists__functions.c.o[0m
[6.669s] [ 10%] [32mBuilding C object CMakeFiles/dwb_msgs__rosidl_generator_c.dir/rosidl_generator_c/dwb_msgs/srv/detail/get_critic_score__functions.c.o[0m
[6.749s] [ 11%] [32mBuilding C object CMakeFiles/dwb_msgs__rosidl_generator_c.dir/rosidl_generator_c/dwb_msgs/srv/detail/score_trajectory__functions.c.o[0m
[6.827s] [ 12%] [32m[1mLinking C shared library libdwb_msgs__rosidl_generator_c.so[0m
[6.886s] [ 12%] Built target dwb_msgs__rosidl_generator_c
[6.904s] [ 13%] [34m[1mGenerating C++ type support dispatch for ROS interfaces[0m
[7.817s] [35m[1mScanning dependencies of target dwb_msgs__rosidl_typesupport_cpp[0m
[7.844s] [ 14%] [32mBuilding CXX object CMakeFiles/dwb_msgs__rosidl_typesupport_cpp.dir/rosidl_typesupport_cpp/dwb_msgs/msg/critic_score__type_support.cpp.o[0m
[8.218s] [ 15%] [32mBuilding CXX object CMakeFiles/dwb_msgs__rosidl_typesupport_cpp.dir/rosidl_typesupport_cpp/dwb_msgs/msg/local_plan_evaluation__type_support.cpp.o[0m
[8.581s] [ 16%] [32mBuilding CXX object CMakeFiles/dwb_msgs__rosidl_typesupport_cpp.dir/rosidl_typesupport_cpp/dwb_msgs/msg/trajectory2_d__type_support.cpp.o[0m
[8.990s] [ 17%] [32mBuilding CXX object CMakeFiles/dwb_msgs__rosidl_typesupport_cpp.dir/rosidl_typesupport_cpp/dwb_msgs/msg/trajectory_score__type_support.cpp.o[0m
[9.341s] [ 18%] [32mBuilding CXX object CMakeFiles/dwb_msgs__rosidl_typesupport_cpp.dir/rosidl_typesupport_cpp/dwb_msgs/srv/debug_local_plan__type_support.cpp.o[0m
[9.710s] [ 20%] [32mBuilding CXX object CMakeFiles/dwb_msgs__rosidl_typesupport_cpp.dir/rosidl_typesupport_cpp/dwb_msgs/srv/generate_trajectory__type_support.cpp.o[0m
[10.113s] [ 21%] [32mBuilding CXX object CMakeFiles/dwb_msgs__rosidl_typesupport_cpp.dir/rosidl_typesupport_cpp/dwb_msgs/srv/generate_twists__type_support.cpp.o[0m
[10.502s] [ 22%] [32mBuilding CXX object CMakeFiles/dwb_msgs__rosidl_typesupport_cpp.dir/rosidl_typesupport_cpp/dwb_msgs/srv/get_critic_score__type_support.cpp.o[0m
[10.873s] [ 23%] [32mBuilding CXX object CMakeFiles/dwb_msgs__rosidl_typesupport_cpp.dir/rosidl_typesupport_cpp/dwb_msgs/srv/score_trajectory__type_support.cpp.o[0m
[11.254s] [ 24%] [32m[1mLinking CXX shared library libdwb_msgs__rosidl_typesupport_cpp.so[0m
[11.310s] [ 24%] Built target dwb_msgs__rosidl_typesupport_cpp
[11.329s] [ 25%] [34m[1mGenerating C++ introspection for ROS interfaces[0m
[12.332s] [35m[1mScanning dependencies of target dwb_msgs__rosidl_typesupport_introspection_cpp[0m
[12.356s] [ 26%] [32mBuilding CXX object CMakeFiles/dwb_msgs__rosidl_typesupport_introspection_cpp.dir/rosidl_typesupport_introspection_cpp/dwb_msgs/msg/detail/critic_score__type_support.cpp.o[0m
[12.761s] [ 27%] [32mBuilding CXX object CMakeFiles/dwb_msgs__rosidl_typesupport_introspection_cpp.dir/rosidl_typesupport_introspection_cpp/dwb_msgs/msg/detail/local_plan_evaluation__type_support.cpp.o[0m
[13.243s] [ 28%] [32mBuilding CXX object CMakeFiles/dwb_msgs__rosidl_typesupport_introspection_cpp.dir/rosidl_typesupport_introspection_cpp/dwb_msgs/msg/detail/trajectory2_d__type_support.cpp.o[0m
[13.726s] [ 29%] [32mBuilding CXX object CMakeFiles/dwb_msgs__rosidl_typesupport_introspection_cpp.dir/rosidl_typesupport_introspection_cpp/dwb_msgs/msg/detail/trajectory_score__type_support.cpp.o[0m
[14.175s] [ 30%] [32mBuilding CXX object CMakeFiles/dwb_msgs__rosidl_typesupport_introspection_cpp.dir/rosidl_typesupport_introspection_cpp/dwb_msgs/srv/detail/debug_local_plan__type_support.cpp.o[0m
[14.607s] [ 31%] [32mBuilding CXX object CMakeFiles/dwb_msgs__rosidl_typesupport_introspection_cpp.dir/rosidl_typesupport_introspection_cpp/dwb_msgs/srv/detail/generate_trajectory__type_support.cpp.o[0m
[15.059s] [ 32%] [32mBuilding CXX object CMakeFiles/dwb_msgs__rosidl_typesupport_introspection_cpp.dir/rosidl_typesupport_introspection_cpp/dwb_msgs/srv/detail/generate_twists__type_support.cpp.o[0m
[15.483s] [ 33%] [32mBuilding CXX object CMakeFiles/dwb_msgs__rosidl_typesupport_introspection_cpp.dir/rosidl_typesupport_introspection_cpp/dwb_msgs/srv/detail/get_critic_score__type_support.cpp.o[0m
[15.896s] [ 34%] [32mBuilding CXX object CMakeFiles/dwb_msgs__rosidl_typesupport_introspection_cpp.dir/rosidl_typesupport_introspection_cpp/dwb_msgs/srv/detail/score_trajectory__type_support.cpp.o[0m
[16.350s] [ 35%] [32m[1mLinking CXX shared library libdwb_msgs__rosidl_typesupport_introspection_cpp.so[0m
[16.459s] [ 35%] Built target dwb_msgs__rosidl_typesupport_introspection_cpp
[16.474s] [ 36%] [34m[1mGenerating C++ type support for eProsima Fast-RTPS[0m
[17.639s] [35m[1mScanning dependencies of target dwb_msgs__rosidl_typesupport_fastrtps_cpp[0m
[17.670s] [ 37%] [32mBuilding CXX object CMakeFiles/dwb_msgs__rosidl_typesupport_fastrtps_cpp.dir/rosidl_typesupport_fastrtps_cpp/dwb_msgs/msg/detail/dds_fastrtps/critic_score__type_support.cpp.o[0m
[18.202s] [ 38%] [32mBuilding CXX object CMakeFiles/dwb_msgs__rosidl_typesupport_fastrtps_cpp.dir/rosidl_typesupport_fastrtps_cpp/dwb_msgs/msg/detail/dds_fastrtps/local_plan_evaluation__type_support.cpp.o[0m
[18.903s] [ 40%] [32mBuilding CXX object CMakeFiles/dwb_msgs__rosidl_typesupport_fastrtps_cpp.dir/rosidl_typesupport_fastrtps_cpp/dwb_msgs/msg/detail/dds_fastrtps/trajectory2_d__type_support.cpp.o[0m
[19.582s] [ 41%] [32mBuilding CXX object CMakeFiles/dwb_msgs__rosidl_typesupport_fastrtps_cpp.dir/rosidl_typesupport_fastrtps_cpp/dwb_msgs/msg/detail/dds_fastrtps/trajectory_score__type_support.cpp.o[0m
[20.183s] [ 42%] [32mBuilding CXX object CMakeFiles/dwb_msgs__rosidl_typesupport_fastrtps_cpp.dir/rosidl_typesupport_fastrtps_cpp/dwb_msgs/srv/detail/dds_fastrtps/debug_local_plan__type_support.cpp.o[0m
[20.796s] [ 43%] [32mBuilding CXX object CMakeFiles/dwb_msgs__rosidl_typesupport_fastrtps_cpp.dir/rosidl_typesupport_fastrtps_cpp/dwb_msgs/srv/detail/dds_fastrtps/generate_trajectory__type_support.cpp.o[0m
[21.352s] [ 44%] [32mBuilding CXX object CMakeFiles/dwb_msgs__rosidl_typesupport_fastrtps_cpp.dir/rosidl_typesupport_fastrtps_cpp/dwb_msgs/srv/detail/dds_fastrtps/generate_twists__type_support.cpp.o[0m
[21.962s] [ 45%] [32mBuilding CXX object CMakeFiles/dwb_msgs__rosidl_typesupport_fastrtps_cpp.dir/rosidl_typesupport_fastrtps_cpp/dwb_msgs/srv/detail/dds_fastrtps/get_critic_score__type_support.cpp.o[0m
[22.522s] [ 46%] [32mBuilding CXX object CMakeFiles/dwb_msgs__rosidl_typesupport_fastrtps_cpp.dir/rosidl_typesupport_fastrtps_cpp/dwb_msgs/srv/detail/dds_fastrtps/score_trajectory__type_support.cpp.o[0m
[23.104s] [ 47%] [32m[1mLinking CXX shared library libdwb_msgs__rosidl_typesupport_fastrtps_cpp.so[0m
[23.237s] [ 47%] Built target dwb_msgs__rosidl_typesupport_fastrtps_cpp
[23.252s] [ 48%] [34m[1mGenerating C type support dispatch for ROS interfaces[0m
[24.047s] [35m[1mScanning dependencies of target dwb_msgs__rosidl_typesupport_c[0m
[24.081s] [ 49%] [32mBuilding CXX object CMakeFiles/dwb_msgs__rosidl_typesupport_c.dir/rosidl_typesupport_c/dwb_msgs/msg/critic_score__type_support.cpp.o[0m
[24.119s] [ 50%] [32mBuilding CXX object CMakeFiles/dwb_msgs__rosidl_typesupport_c.dir/rosidl_typesupport_c/dwb_msgs/msg/local_plan_evaluation__type_support.cpp.o[0m
[24.159s] [ 51%] [32mBuilding CXX object CMakeFiles/dwb_msgs__rosidl_typesupport_c.dir/rosidl_typesupport_c/dwb_msgs/msg/trajectory2_d__type_support.cpp.o[0m
[24.210s] [ 52%] [32mBuilding CXX object CMakeFiles/dwb_msgs__rosidl_typesupport_c.dir/rosidl_typesupport_c/dwb_msgs/msg/trajectory_score__type_support.cpp.o[0m
[24.254s] [ 53%] [32mBuilding CXX object CMakeFiles/dwb_msgs__rosidl_typesupport_c.dir/rosidl_typesupport_c/dwb_msgs/srv/debug_local_plan__type_support.cpp.o[0m
[24.302s] [ 54%] [32mBuilding CXX object CMakeFiles/dwb_msgs__rosidl_typesupport_c.dir/rosidl_typesupport_c/dwb_msgs/srv/generate_trajectory__type_support.cpp.o[0m
[24.344s] [ 55%] [32mBuilding CXX object CMakeFiles/dwb_msgs__rosidl_typesupport_c.dir/rosidl_typesupport_c/dwb_msgs/srv/generate_twists__type_support.cpp.o[0m
[24.386s] [ 56%] [32mBuilding CXX object CMakeFiles/dwb_msgs__rosidl_typesupport_c.dir/rosidl_typesupport_c/dwb_msgs/srv/get_critic_score__type_support.cpp.o[0m
[24.429s] [ 57%] [32mBuilding CXX object CMakeFiles/dwb_msgs__rosidl_typesupport_c.dir/rosidl_typesupport_c/dwb_msgs/srv/score_trajectory__type_support.cpp.o[0m
[24.471s] [ 58%] [32m[1mLinking CXX shared library libdwb_msgs__rosidl_typesupport_c.so[0m
[24.531s] [ 58%] Built target dwb_msgs__rosidl_typesupport_c
[24.547s] [ 60%] [34m[1mGenerating C introspection for ROS interfaces[0m
[25.630s] [35m[1mScanning dependencies of target dwb_msgs__rosidl_typesupport_introspection_c[0m
[25.659s] [ 61%] [32mBuilding C object CMakeFiles/dwb_msgs__rosidl_typesupport_introspection_c.dir/rosidl_typesupport_introspection_c/dwb_msgs/msg/detail/critic_score__type_support.c.o[0m
[25.705s] [ 62%] [32mBuilding C object CMakeFiles/dwb_msgs__rosidl_typesupport_introspection_c.dir/rosidl_typesupport_introspection_c/dwb_msgs/msg/detail/local_plan_evaluation__type_support.c.o[0m
[25.751s] [ 63%] [32mBuilding C object CMakeFiles/dwb_msgs__rosidl_typesupport_introspection_c.dir/rosidl_typesupport_introspection_c/dwb_msgs/msg/detail/trajectory2_d__type_support.c.o[0m
[25.800s] [ 64%] [32mBuilding C object CMakeFiles/dwb_msgs__rosidl_typesupport_introspection_c.dir/rosidl_typesupport_introspection_c/dwb_msgs/msg/detail/trajectory_score__type_support.c.o[0m
[25.849s] [ 65%] [32mBuilding C object CMakeFiles/dwb_msgs__rosidl_typesupport_introspection_c.dir/rosidl_typesupport_introspection_c/dwb_msgs/srv/detail/debug_local_plan__type_support.c.o[0m
[25.897s] [ 66%] [32mBuilding C object CMakeFiles/dwb_msgs__rosidl_typesupport_introspection_c.dir/rosidl_typesupport_introspection_c/dwb_msgs/srv/detail/generate_trajectory__type_support.c.o[0m
[25.943s] [ 67%] [32mBuilding C object CMakeFiles/dwb_msgs__rosidl_typesupport_introspection_c.dir/rosidl_typesupport_introspection_c/dwb_msgs/srv/detail/generate_twists__type_support.c.o[0m
[25.990s] [ 68%] [32mBuilding C object CMakeFiles/dwb_msgs__rosidl_typesupport_introspection_c.dir/rosidl_typesupport_introspection_c/dwb_msgs/srv/detail/get_critic_score__type_support.c.o[0m
[26.042s] [ 69%] [32mBuilding C object CMakeFiles/dwb_msgs__rosidl_typesupport_introspection_c.dir/rosidl_typesupport_introspection_c/dwb_msgs/srv/detail/score_trajectory__type_support.c.o[0m
[26.096s] [ 70%] [32m[1mLinking C shared library libdwb_msgs__rosidl_typesupport_introspection_c.so[0m
[26.147s] [ 70%] Built target dwb_msgs__rosidl_typesupport_introspection_c
[26.163s] [ 71%] [34m[1mGenerating C type support for eProsima Fast-RTPS[0m
[27.316s] [35m[1mScanning dependencies of target dwb_msgs__rosidl_typesupport_fastrtps_c[0m
[27.358s] [ 72%] [32mBuilding CXX object CMakeFiles/dwb_msgs__rosidl_typesupport_fastrtps_c.dir/rosidl_typesupport_fastrtps_c/dwb_msgs/msg/detail/critic_score__type_support_c.cpp.o[0m
[27.828s] [ 73%] [32mBuilding CXX object CMakeFiles/dwb_msgs__rosidl_typesupport_fastrtps_c.dir/rosidl_typesupport_fastrtps_c/dwb_msgs/msg/detail/local_plan_evaluation__type_support_c.cpp.o[0m
[28.271s] [ 74%] [32mBuilding CXX object CMakeFiles/dwb_msgs__rosidl_typesupport_fastrtps_c.dir/rosidl_typesupport_fastrtps_c/dwb_msgs/msg/detail/trajectory2_d__type_support_c.cpp.o[0m
[28.717s] [ 75%] [32mBuilding CXX object CMakeFiles/dwb_msgs__rosidl_typesupport_fastrtps_c.dir/rosidl_typesupport_fastrtps_c/dwb_msgs/msg/detail/trajectory_score__type_support_c.cpp.o[0m
[29.200s] [ 76%] [32mBuilding CXX object CMakeFiles/dwb_msgs__rosidl_typesupport_fastrtps_c.dir/rosidl_typesupport_fastrtps_c/dwb_msgs/srv/detail/debug_local_plan__type_support_c.cpp.o[0m
[29.665s] [ 77%] [32mBuilding CXX object CMakeFiles/dwb_msgs__rosidl_typesupport_fastrtps_c.dir/rosidl_typesupport_fastrtps_c/dwb_msgs/srv/detail/generate_trajectory__type_support_c.cpp.o[0m
[30.160s] [ 78%] [32mBuilding CXX object CMakeFiles/dwb_msgs__rosidl_typesupport_fastrtps_c.dir/rosidl_typesupport_fastrtps_c/dwb_msgs/srv/detail/generate_twists__type_support_c.cpp.o[0m
[30.639s] [ 80%] [32mBuilding CXX object CMakeFiles/dwb_msgs__rosidl_typesupport_fastrtps_c.dir/rosidl_typesupport_fastrtps_c/dwb_msgs/srv/detail/get_critic_score__type_support_c.cpp.o[0m
[31.123s] [ 81%] [32mBuilding CXX object CMakeFiles/dwb_msgs__rosidl_typesupport_fastrtps_c.dir/rosidl_typesupport_fastrtps_c/dwb_msgs/srv/detail/score_trajectory__type_support_c.cpp.o[0m
[31.629s] [ 82%] [32m[1mLinking CXX shared library libdwb_msgs__rosidl_typesupport_fastrtps_c.so[0m
[31.745s] [ 82%] Built target dwb_msgs__rosidl_typesupport_fastrtps_c
[31.758s] [35m[1mScanning dependencies of target dwb_msgs[0m
[31.773s] [ 82%] Built target dwb_msgs
[31.786s] [35m[1mScanning dependencies of target dwb_msgs__py[0m
[31.801s] [ 83%] [34m[1mGenerating Python code for ROS interfaces[0m
[34.098s] [ 83%] Built target dwb_msgs__py
[34.112s] [35m[1mScanning dependencies of target dwb_msgs__python[0m
[34.154s] [ 84%] [32mBuilding C object CMakeFiles/dwb_msgs__python.dir/rosidl_generator_py/dwb_msgs/msg/_critic_score_s.c.o[0m
[34.266s] [ 85%] [32mBuilding C object CMakeFiles/dwb_msgs__python.dir/rosidl_generator_py/dwb_msgs/msg/_local_plan_evaluation_s.c.o[0m
[34.380s] [ 86%] [32mBuilding C object CMakeFiles/dwb_msgs__python.dir/rosidl_generator_py/dwb_msgs/msg/_trajectory2_d_s.c.o[0m
[34.491s] [ 87%] [32mBuilding C object CMakeFiles/dwb_msgs__python.dir/rosidl_generator_py/dwb_msgs/msg/_trajectory_score_s.c.o[0m
[34.604s] [ 88%] [32mBuilding C object CMakeFiles/dwb_msgs__python.dir/rosidl_generator_py/dwb_msgs/srv/_debug_local_plan_s.c.o[0m
[34.718s] [ 89%] [32mBuilding C object CMakeFiles/dwb_msgs__python.dir/rosidl_generator_py/dwb_msgs/srv/_generate_trajectory_s.c.o[0m
[34.850s] [ 90%] [32mBuilding C object CMakeFiles/dwb_msgs__python.dir/rosidl_generator_py/dwb_msgs/srv/_generate_twists_s.c.o[0m
[34.979s] [ 91%] [32mBuilding C object CMakeFiles/dwb_msgs__python.dir/rosidl_generator_py/dwb_msgs/srv/_get_critic_score_s.c.o[0m
[35.094s] [ 92%] [32mBuilding C object CMakeFiles/dwb_msgs__python.dir/rosidl_generator_py/dwb_msgs/srv/_score_trajectory_s.c.o[0m
[35.212s] [ 93%] [32m[1mLinking C shared library rosidl_generator_py/dwb_msgs/libdwb_msgs__python.so[0m
[35.275s] [ 93%] Built target dwb_msgs__python
[35.288s] [35m[1mScanning dependencies of target dwb_msgs__rosidl_typesupport_c__pyext[0m
[35.318s] [ 94%] [32mBuilding C object CMakeFiles/dwb_msgs__rosidl_typesupport_c__pyext.dir/rosidl_generator_py/dwb_msgs/_dwb_msgs_s.ep.rosidl_typesupport_c.c.o[0m
[35.498s] [ 95%] [32m[1mLinking C shared library rosidl_generator_py/dwb_msgs/dwb_msgs_s__rosidl_typesupport_c.cpython-38-x86_64-linux-gnu.so[0m
[35.554s] [ 95%] Built target dwb_msgs__rosidl_typesupport_c__pyext
[35.567s] [35m[1mScanning dependencies of target dwb_msgs__rosidl_typesupport_introspection_c__pyext[0m
[35.597s] [ 96%] [32mBuilding C object CMakeFiles/dwb_msgs__rosidl_typesupport_introspection_c__pyext.dir/rosidl_generator_py/dwb_msgs/_dwb_msgs_s.ep.rosidl_typesupport_introspection_c.c.o[0m
[35.749s] [ 97%] [32m[1mLinking C shared library rosidl_generator_py/dwb_msgs/dwb_msgs_s__rosidl_typesupport_introspection_c.cpython-38-x86_64-linux-gnu.so[0m
[35.803s] [ 97%] Built target dwb_msgs__rosidl_typesupport_introspection_c__pyext
[35.815s] [35m[1mScanning dependencies of target dwb_msgs__rosidl_typesupport_fastrtps_c__pyext[0m
[35.847s] [ 98%] [32mBuilding C object CMakeFiles/dwb_msgs__rosidl_typesupport_fastrtps_c__pyext.dir/rosidl_generator_py/dwb_msgs/_dwb_msgs_s.ep.rosidl_typesupport_fastrtps_c.c.o[0m
[36.034s] [100%] [32m[1mLinking CXX shared library rosidl_generator_py/dwb_msgs/dwb_msgs_s__rosidl_typesupport_fastrtps_c.cpython-38-x86_64-linux-gnu.so[0m
[36.133s] [100%] Built target dwb_msgs__rosidl_typesupport_fastrtps_c__pyext
[36.150s] Invoked command in '/home/snake/Emmanuel_Jr_robot/build/dwb_msgs' returned '0': AMENT_PREFIX_PATH=/home/snake/Emmanuel_Jr_robot/install/nav_2d_msgs:${AMENT_PREFIX_PATH} CMAKE_PREFIX_PATH=/home/snake/Emmanuel_Jr_robot/install/nav_2d_msgs:/opt/ros/galactic LD_LIBRARY_PATH=/home/snake/Emmanuel_Jr_robot/install/nav_2d_msgs/lib:${LD_LIBRARY_PATH} PYTHONPATH=/home/snake/Emmanuel_Jr_robot/install/nav_2d_msgs/lib/python3.8/site-packages:${PYTHONPATH} /usr/bin/cmake --build /home/snake/Emmanuel_Jr_robot/build/dwb_msgs -- -j2 -l2
[36.351s] Invoking command in '/home/snake/Emmanuel_Jr_robot/build/dwb_msgs': AMENT_PREFIX_PATH=/home/snake/Emmanuel_Jr_robot/install/nav_2d_msgs:${AMENT_PREFIX_PATH} CMAKE_PREFIX_PATH=/home/snake/Emmanuel_Jr_robot/install/nav_2d_msgs:/opt/ros/galactic LD_LIBRARY_PATH=/home/snake/Emmanuel_Jr_robot/install/nav_2d_msgs/lib:${LD_LIBRARY_PATH} PYTHONPATH=/home/snake/Emmanuel_Jr_robot/install/nav_2d_msgs/lib/python3.8/site-packages:${PYTHONPATH} /usr/bin/cmake --install /home/snake/Emmanuel_Jr_robot/build/dwb_msgs
[36.364s] -- Install configuration: ""
[36.365s] -- Execute custom install script
[36.366s] -- Symlinking: /home/snake/Emmanuel_Jr_robot/install/dwb_msgs/share/ament_index/resource_index/rosidl_interfaces/dwb_msgs
[36.378s] -- Symlinking: /home/snake/Emmanuel_Jr_robot/install/dwb_msgs/include/dwb_msgs/msg/critic_score.h
[36.390s] -- Symlinking: /home/snake/Emmanuel_Jr_robot/install/dwb_msgs/include/dwb_msgs/msg/detail/critic_score__functions.h
[36.402s] -- Symlinking: /home/snake/Emmanuel_Jr_robot/install/dwb_msgs/include/dwb_msgs/msg/detail/critic_score__struct.h
[36.414s] -- Symlinking: /home/snake/Emmanuel_Jr_robot/install/dwb_msgs/include/dwb_msgs/msg/detail/critic_score__type_support.h
[36.425s] -- Symlinking: /home/snake/Emmanuel_Jr_robot/install/dwb_msgs/include/dwb_msgs/msg/detail/local_plan_evaluation__functions.h
[36.436s] -- Symlinking: /home/snake/Emmanuel_Jr_robot/install/dwb_msgs/include/dwb_msgs/msg/detail/local_plan_evaluation__struct.h
[36.450s] -- Symlinking: /home/snake/Emmanuel_Jr_robot/install/dwb_msgs/include/dwb_msgs/msg/detail/local_plan_evaluation__type_support.h
[36.461s] -- Symlinking: /home/snake/Emmanuel_Jr_robot/install/dwb_msgs/include/dwb_msgs/msg/detail/trajectory2_d__functions.h
[36.473s] -- Symlinking: /home/snake/Emmanuel_Jr_robot/install/dwb_msgs/include/dwb_msgs/msg/detail/trajectory2_d__struct.h
[36.484s] -- Symlinking: /home/snake/Emmanuel_Jr_robot/install/dwb_msgs/include/dwb_msgs/msg/detail/trajectory2_d__type_support.h
[36.496s] -- Symlinking: /home/snake/Emmanuel_Jr_robot/install/dwb_msgs/include/dwb_msgs/msg/detail/trajectory_score__functions.h
[36.507s] -- Symlinking: /home/snake/Emmanuel_Jr_robot/install/dwb_msgs/include/dwb_msgs/msg/detail/trajectory_score__struct.h
[36.521s] -- Symlinking: /home/snake/Emmanuel_Jr_robot/install/dwb_msgs/include/dwb_msgs/msg/detail/trajectory_score__type_support.h
[36.532s] -- Symlinking: /home/snake/Emmanuel_Jr_robot/install/dwb_msgs/include/dwb_msgs/msg/local_plan_evaluation.h
[36.544s] -- Symlinking: /home/snake/Emmanuel_Jr_robot/install/dwb_msgs/include/dwb_msgs/msg/rosidl_generator_c__visibility_control.h
[36.558s] -- Symlinking: /home/snake/Emmanuel_Jr_robot/install/dwb_msgs/include/dwb_msgs/msg/trajectory2_d.h
[36.569s] -- Symlinking: /home/snake/Emmanuel_Jr_robot/install/dwb_msgs/include/dwb_msgs/msg/trajectory_score.h
[36.581s] -- Symlinking: /home/snake/Emmanuel_Jr_robot/install/dwb_msgs/include/dwb_msgs/srv/debug_local_plan.h
[36.592s] -- Symlinking: /home/snake/Emmanuel_Jr_robot/install/dwb_msgs/include/dwb_msgs/srv/detail/debug_local_plan__functions.h
[36.604s] -- Symlinking: /home/snake/Emmanuel_Jr_robot/install/dwb_msgs/include/dwb_msgs/srv/detail/debug_local_plan__struct.h
[36.616s] -- Symlinking: /home/snake/Emmanuel_Jr_robot/install/dwb_msgs/include/dwb_msgs/srv/detail/debug_local_plan__type_support.h
[36.629s] -- Symlinking: /home/snake/Emmanuel_Jr_robot/install/dwb_msgs/include/dwb_msgs/srv/detail/generate_trajectory__functions.h
[36.640s] -- Symlinking: /home/snake/Emmanuel_Jr_robot/install/dwb_msgs/include/dwb_msgs/srv/detail/generate_trajectory__struct.h
[36.654s] -- Symlinking: /home/snake/Emmanuel_Jr_robot/install/dwb_msgs/include/dwb_msgs/srv/detail/generate_trajectory__type_support.h
[36.666s] -- Symlinking: /home/snake/Emmanuel_Jr_robot/install/dwb_msgs/include/dwb_msgs/srv/detail/generate_twists__functions.h
[36.681s] -- Symlinking: /home/snake/Emmanuel_Jr_robot/install/dwb_msgs/include/dwb_msgs/srv/detail/generate_twists__struct.h
[36.693s] -- Symlinking: /home/snake/Emmanuel_Jr_robot/install/dwb_msgs/include/dwb_msgs/srv/detail/generate_twists__type_support.h
[36.705s] -- Symlinking: /home/snake/Emmanuel_Jr_robot/install/dwb_msgs/include/dwb_msgs/srv/detail/get_critic_score__functions.h
[36.718s] -- Symlinking: /home/snake/Emmanuel_Jr_robot/install/dwb_msgs/include/dwb_msgs/srv/detail/get_critic_score__struct.h
[36.731s] -- Symlinking: /home/snake/Emmanuel_Jr_robot/install/dwb_msgs/include/dwb_msgs/srv/detail/get_critic_score__type_support.h
[36.743s] -- Symlinking: /home/snake/Emmanuel_Jr_robot/install/dwb_msgs/include/dwb_msgs/srv/detail/score_trajectory__functions.h
[36.758s] -- Symlinking: /home/snake/Emmanuel_Jr_robot/install/dwb_msgs/include/dwb_msgs/srv/detail/score_trajectory__struct.h
[36.770s] -- Symlinking: /home/snake/Emmanuel_Jr_robot/install/dwb_msgs/include/dwb_msgs/srv/detail/score_trajectory__type_support.h
[36.781s] -- Symlinking: /home/snake/Emmanuel_Jr_robot/install/dwb_msgs/include/dwb_msgs/srv/generate_trajectory.h
[36.793s] -- Symlinking: /home/snake/Emmanuel_Jr_robot/install/dwb_msgs/include/dwb_msgs/srv/generate_twists.h
[36.805s] -- Symlinking: /home/snake/Emmanuel_Jr_robot/install/dwb_msgs/include/dwb_msgs/srv/get_critic_score.h
[36.817s] -- Symlinking: /home/snake/Emmanuel_Jr_robot/install/dwb_msgs/include/dwb_msgs/srv/score_trajectory.h
[36.830s] -- Symlinking: /home/snake/Emmanuel_Jr_robot/install/dwb_msgs/share/dwb_msgs/environment/library_path.sh
[36.841s] -- Symlinking: /home/snake/Emmanuel_Jr_robot/install/dwb_msgs/share/dwb_msgs/environment/library_path.dsv
[36.856s] -- Symlinking: /home/snake/Emmanuel_Jr_robot/install/dwb_msgs/include/dwb_msgs/msg/detail/critic_score__rosidl_typesupport_fastrtps_c.h
[36.868s] -- Symlinking: /home/snake/Emmanuel_Jr_robot/install/dwb_msgs/include/dwb_msgs/msg/detail/local_plan_evaluation__rosidl_typesupport_fastrtps_c.h
[36.879s] -- Symlinking: /home/snake/Emmanuel_Jr_robot/install/dwb_msgs/include/dwb_msgs/msg/detail/trajectory2_d__rosidl_typesupport_fastrtps_c.h
[36.891s] -- Symlinking: /home/snake/Emmanuel_Jr_robot/install/dwb_msgs/include/dwb_msgs/msg/detail/trajectory_score__rosidl_typesupport_fastrtps_c.h
[36.903s] -- Symlinking: /home/snake/Emmanuel_Jr_robot/install/dwb_msgs/include/dwb_msgs/msg/rosidl_typesupport_fastrtps_c__visibility_control.h
[36.915s] -- Symlinking: /home/snake/Emmanuel_Jr_robot/install/dwb_msgs/include/dwb_msgs/srv/detail/debug_local_plan__rosidl_typesupport_fastrtps_c.h
[36.927s] -- Symlinking: /home/snake/Emmanuel_Jr_robot/install/dwb_msgs/include/dwb_msgs/srv/detail/generate_trajectory__rosidl_typesupport_fastrtps_c.h
[36.940s] -- Symlinking: /home/snake/Emmanuel_Jr_robot/install/dwb_msgs/include/dwb_msgs/srv/detail/generate_twists__rosidl_typesupport_fastrtps_c.h
[36.955s] -- Symlinking: /home/snake/Emmanuel_Jr_robot/install/dwb_msgs/include/dwb_msgs/srv/detail/get_critic_score__rosidl_typesupport_fastrtps_c.h
[36.967s] -- Symlinking: /home/snake/Emmanuel_Jr_robot/install/dwb_msgs/include/dwb_msgs/srv/detail/score_trajectory__rosidl_typesupport_fastrtps_c.h
[36.979s] -- Symlinking: /home/snake/Emmanuel_Jr_robot/install/dwb_msgs/lib/libdwb_msgs__rosidl_typesupport_fastrtps_c.so
[36.991s] -- Symlinking: /home/snake/Emmanuel_Jr_robot/install/dwb_msgs/include/dwb_msgs/msg/detail/critic_score__rosidl_typesupport_fastrtps_cpp.hpp
[37.003s] -- Symlinking: /home/snake/Emmanuel_Jr_robot/install/dwb_msgs/include/dwb_msgs/msg/detail/local_plan_evaluation__rosidl_typesupport_fastrtps_cpp.hpp
[37.015s] -- Symlinking: /home/snake/Emmanuel_Jr_robot/install/dwb_msgs/include/dwb_msgs/msg/detail/trajectory2_d__rosidl_typesupport_fastrtps_cpp.hpp
[37.027s] -- Symlinking: /home/snake/Emmanuel_Jr_robot/install/dwb_msgs/include/dwb_msgs/msg/detail/trajectory_score__rosidl_typesupport_fastrtps_cpp.hpp
[37.038s] -- Symlinking: /home/snake/Emmanuel_Jr_robot/install/dwb_msgs/include/dwb_msgs/msg/rosidl_typesupport_fastrtps_cpp__visibility_control.h
[37.053s] -- Symlinking: /home/snake/Emmanuel_Jr_robot/install/dwb_msgs/include/dwb_msgs/srv/detail/debug_local_plan__rosidl_typesupport_fastrtps_cpp.hpp
[37.065s] -- Symlinking: /home/snake/Emmanuel_Jr_robot/install/dwb_msgs/include/dwb_msgs/srv/detail/generate_trajectory__rosidl_typesupport_fastrtps_cpp.hpp
[37.077s] -- Symlinking: /home/snake/Emmanuel_Jr_robot/install/dwb_msgs/include/dwb_msgs/srv/detail/generate_twists__rosidl_typesupport_fastrtps_cpp.hpp
[37.088s] -- Symlinking: /home/snake/Emmanuel_Jr_robot/install/dwb_msgs/include/dwb_msgs/srv/detail/get_critic_score__rosidl_typesupport_fastrtps_cpp.hpp
[37.101s] -- Symlinking: /home/snake/Emmanuel_Jr_robot/install/dwb_msgs/include/dwb_msgs/srv/detail/score_trajectory__rosidl_typesupport_fastrtps_cpp.hpp
[37.114s] -- Symlinking: /home/snake/Emmanuel_Jr_robot/install/dwb_msgs/lib/libdwb_msgs__rosidl_typesupport_fastrtps_cpp.so
[37.128s] -- Symlinking: /home/snake/Emmanuel_Jr_robot/install/dwb_msgs/include/dwb_msgs/msg/detail/critic_score__rosidl_typesupport_introspection_c.h
[37.141s] -- Symlinking: /home/snake/Emmanuel_Jr_robot/install/dwb_msgs/include/dwb_msgs/msg/detail/local_plan_evaluation__rosidl_typesupport_introspection_c.h
[37.190s] -- Symlinking: /home/snake/Emmanuel_Jr_robot/install/dwb_msgs/include/dwb_msgs/msg/detail/trajectory2_d__rosidl_typesupport_introspection_c.h
[37.190s] -- Symlinking: /home/snake/Emmanuel_Jr_robot/install/dwb_msgs/include/dwb_msgs/msg/detail/trajectory_score__rosidl_typesupport_introspection_c.h
[37.202s] -- Symlinking: /home/snake/Emmanuel_Jr_robot/install/dwb_msgs/include/dwb_msgs/msg/rosidl_typesupport_introspection_c__visibility_control.h
[37.215s] -- Symlinking: /home/snake/Emmanuel_Jr_robot/install/dwb_msgs/include/dwb_msgs/srv/detail/debug_local_plan__rosidl_typesupport_introspection_c.h
[37.228s] -- Symlinking: /home/snake/Emmanuel_Jr_robot/install/dwb_msgs/include/dwb_msgs/srv/detail/generate_trajectory__rosidl_typesupport_introspection_c.h
[37.241s] -- Symlinking: /home/snake/Emmanuel_Jr_robot/install/dwb_msgs/include/dwb_msgs/srv/detail/generate_twists__rosidl_typesupport_introspection_c.h
[37.255s] -- Symlinking: /home/snake/Emmanuel_Jr_robot/install/dwb_msgs/include/dwb_msgs/srv/detail/get_critic_score__rosidl_typesupport_introspection_c.h
[37.268s] -- Symlinking: /home/snake/Emmanuel_Jr_robot/install/dwb_msgs/include/dwb_msgs/srv/detail/score_trajectory__rosidl_typesupport_introspection_c.h
[37.282s] -- Symlinking: /home/snake/Emmanuel_Jr_robot/install/dwb_msgs/include/dwb_msgs/msg/critic_score.hpp
[37.296s] -- Symlinking: /home/snake/Emmanuel_Jr_robot/install/dwb_msgs/include/dwb_msgs/msg/detail/critic_score__builder.hpp
[37.308s] -- Symlinking: /home/snake/Emmanuel_Jr_robot/install/dwb_msgs/include/dwb_msgs/msg/detail/critic_score__struct.hpp
[37.320s] -- Symlinking: /home/snake/Emmanuel_Jr_robot/install/dwb_msgs/include/dwb_msgs/msg/detail/critic_score__traits.hpp
[37.334s] -- Symlinking: /home/snake/Emmanuel_Jr_robot/install/dwb_msgs/include/dwb_msgs/msg/detail/local_plan_evaluation__builder.hpp
[37.347s] -- Symlinking: /home/snake/Emmanuel_Jr_robot/install/dwb_msgs/include/dwb_msgs/msg/detail/local_plan_evaluation__struct.hpp
[37.361s] -- Symlinking: /home/snake/Emmanuel_Jr_robot/install/dwb_msgs/include/dwb_msgs/msg/detail/local_plan_evaluation__traits.hpp
[37.374s] -- Symlinking: /home/snake/Emmanuel_Jr_robot/install/dwb_msgs/include/dwb_msgs/msg/detail/trajectory2_d__builder.hpp
[37.387s] -- Symlinking: /home/snake/Emmanuel_Jr_robot/install/dwb_msgs/include/dwb_msgs/msg/detail/trajectory2_d__struct.hpp
[37.399s] -- Symlinking: /home/snake/Emmanuel_Jr_robot/install/dwb_msgs/include/dwb_msgs/msg/detail/trajectory2_d__traits.hpp
[37.411s] -- Symlinking: /home/snake/Emmanuel_Jr_robot/install/dwb_msgs/include/dwb_msgs/msg/detail/trajectory_score__builder.hpp
[37.422s] -- Symlinking: /home/snake/Emmanuel_Jr_robot/install/dwb_msgs/include/dwb_msgs/msg/detail/trajectory_score__struct.hpp
[37.435s] -- Symlinking: /home/snake/Emmanuel_Jr_robot/install/dwb_msgs/include/dwb_msgs/msg/detail/trajectory_score__traits.hpp
[37.447s] -- Symlinking: /home/snake/Emmanuel_Jr_robot/install/dwb_msgs/include/dwb_msgs/msg/local_plan_evaluation.hpp
[37.460s] -- Symlinking: /home/snake/Emmanuel_Jr_robot/install/dwb_msgs/include/dwb_msgs/msg/trajectory2_d.hpp
[37.473s] -- Symlinking: /home/snake/Emmanuel_Jr_robot/install/dwb_msgs/include/dwb_msgs/msg/trajectory_score.hpp
[37.485s] -- Symlinking: /home/snake/Emmanuel_Jr_robot/install/dwb_msgs/include/dwb_msgs/srv/debug_local_plan.hpp
[37.496s] -- Symlinking: /home/snake/Emmanuel_Jr_robot/install/dwb_msgs/include/dwb_msgs/srv/detail/debug_local_plan__builder.hpp
[37.507s] -- Symlinking: /home/snake/Emmanuel_Jr_robot/install/dwb_msgs/include/dwb_msgs/srv/detail/debug_local_plan__struct.hpp
[37.520s] -- Symlinking: /home/snake/Emmanuel_Jr_robot/install/dwb_msgs/include/dwb_msgs/srv/detail/debug_local_plan__traits.hpp
[37.532s] -- Symlinking: /home/snake/Emmanuel_Jr_robot/install/dwb_msgs/include/dwb_msgs/srv/detail/generate_trajectory__builder.hpp
[37.544s] -- Symlinking: /home/snake/Emmanuel_Jr_robot/install/dwb_msgs/include/dwb_msgs/srv/detail/generate_trajectory__struct.hpp
[37.558s] -- Symlinking: /home/snake/Emmanuel_Jr_robot/install/dwb_msgs/include/dwb_msgs/srv/detail/generate_trajectory__traits.hpp
[37.571s] -- Symlinking: /home/snake/Emmanuel_Jr_robot/install/dwb_msgs/include/dwb_msgs/srv/detail/generate_twists__builder.hpp
[37.582s] -- Symlinking: /home/snake/Emmanuel_Jr_robot/install/dwb_msgs/include/dwb_msgs/srv/detail/generate_twists__struct.hpp
[37.594s] -- Symlinking: /home/snake/Emmanuel_Jr_robot/install/dwb_msgs/include/dwb_msgs/srv/detail/generate_twists__traits.hpp
[37.604s] -- Symlinking: /home/snake/Emmanuel_Jr_robot/install/dwb_msgs/include/dwb_msgs/srv/detail/get_critic_score__builder.hpp
[37.617s] -- Symlinking: /home/snake/Emmanuel_Jr_robot/install/dwb_msgs/include/dwb_msgs/srv/detail/get_critic_score__struct.hpp
[37.629s] -- Symlinking: /home/snake/Emmanuel_Jr_robot/install/dwb_msgs/include/dwb_msgs/srv/detail/get_critic_score__traits.hpp
[37.641s] -- Symlinking: /home/snake/Emmanuel_Jr_robot/install/dwb_msgs/include/dwb_msgs/srv/detail/score_trajectory__builder.hpp
[37.654s] -- Symlinking: /home/snake/Emmanuel_Jr_robot/install/dwb_msgs/include/dwb_msgs/srv/detail/score_trajectory__struct.hpp
[37.668s] -- Symlinking: /home/snake/Emmanuel_Jr_robot/install/dwb_msgs/include/dwb_msgs/srv/detail/score_trajectory__traits.hpp
[37.679s] -- Symlinking: /home/snake/Emmanuel_Jr_robot/install/dwb_msgs/include/dwb_msgs/srv/generate_trajectory.hpp
[37.691s] -- Symlinking: /home/snake/Emmanuel_Jr_robot/install/dwb_msgs/include/dwb_msgs/srv/generate_twists.hpp
[37.703s] -- Symlinking: /home/snake/Emmanuel_Jr_robot/install/dwb_msgs/include/dwb_msgs/srv/get_critic_score.hpp
[37.715s] -- Symlinking: /home/snake/Emmanuel_Jr_robot/install/dwb_msgs/include/dwb_msgs/srv/score_trajectory.hpp
[37.728s] -- Symlinking: /home/snake/Emmanuel_Jr_robot/install/dwb_msgs/include/dwb_msgs/msg/detail/critic_score__rosidl_typesupport_introspection_cpp.hpp
[37.741s] -- Symlinking: /home/snake/Emmanuel_Jr_robot/install/dwb_msgs/include/dwb_msgs/msg/detail/local_plan_evaluation__rosidl_typesupport_introspection_cpp.hpp
[37.754s] -- Symlinking: /home/snake/Emmanuel_Jr_robot/install/dwb_msgs/include/dwb_msgs/msg/detail/trajectory2_d__rosidl_typesupport_introspection_cpp.hpp
[37.767s] -- Symlinking: /home/snake/Emmanuel_Jr_robot/install/dwb_msgs/include/dwb_msgs/msg/detail/trajectory_score__rosidl_typesupport_introspection_cpp.hpp
[37.779s] -- Symlinking: /home/snake/Emmanuel_Jr_robot/install/dwb_msgs/include/dwb_msgs/srv/detail/debug_local_plan__rosidl_typesupport_introspection_cpp.hpp
[37.791s] -- Symlinking: /home/snake/Emmanuel_Jr_robot/install/dwb_msgs/include/dwb_msgs/srv/detail/generate_trajectory__rosidl_typesupport_introspection_cpp.hpp
[37.804s] -- Symlinking: /home/snake/Emmanuel_Jr_robot/install/dwb_msgs/include/dwb_msgs/srv/detail/generate_twists__rosidl_typesupport_introspection_cpp.hpp
[37.816s] -- Symlinking: /home/snake/Emmanuel_Jr_robot/install/dwb_msgs/include/dwb_msgs/srv/detail/get_critic_score__rosidl_typesupport_introspection_cpp.hpp
[37.829s] -- Symlinking: /home/snake/Emmanuel_Jr_robot/install/dwb_msgs/include/dwb_msgs/srv/detail/score_trajectory__rosidl_typesupport_introspection_cpp.hpp
[37.842s] -- Symlinking: /home/snake/Emmanuel_Jr_robot/install/dwb_msgs/share/dwb_msgs/environment/pythonpath.sh
[37.854s] -- Symlinking: /home/snake/Emmanuel_Jr_robot/install/dwb_msgs/share/dwb_msgs/environment/pythonpath.dsv
[37.868s] -- Symlinking: /home/snake/Emmanuel_Jr_robot/install/dwb_msgs/lib/python3.8/site-packages/dwb_msgs/__init__.py
[37.880s] -- Symlinking: /home/snake/Emmanuel_Jr_robot/install/dwb_msgs/lib/python3.8/site-packages/dwb_msgs/msg/__init__.py
[37.894s] -- Symlinking: /home/snake/Emmanuel_Jr_robot/install/dwb_msgs/lib/python3.8/site-packages/dwb_msgs/msg/_critic_score.py
[37.906s] -- Symlinking: /home/snake/Emmanuel_Jr_robot/install/dwb_msgs/lib/python3.8/site-packages/dwb_msgs/msg/_local_plan_evaluation.py
[37.918s] -- Symlinking: /home/snake/Emmanuel_Jr_robot/install/dwb_msgs/lib/python3.8/site-packages/dwb_msgs/msg/_trajectory2_d.py
[37.932s] -- Symlinking: /home/snake/Emmanuel_Jr_robot/install/dwb_msgs/lib/python3.8/site-packages/dwb_msgs/msg/_trajectory_score.py
[37.946s] -- Symlinking: /home/snake/Emmanuel_Jr_robot/install/dwb_msgs/lib/python3.8/site-packages/dwb_msgs/srv/__init__.py
[37.959s] -- Symlinking: /home/snake/Emmanuel_Jr_robot/install/dwb_msgs/lib/python3.8/site-packages/dwb_msgs/srv/_debug_local_plan.py
[37.979s] -- Symlinking: /home/snake/Emmanuel_Jr_robot/install/dwb_msgs/lib/python3.8/site-packages/dwb_msgs/srv/_generate_trajectory.py
[37.993s] -- Symlinking: /home/snake/Emmanuel_Jr_robot/install/dwb_msgs/lib/python3.8/site-packages/dwb_msgs/srv/_generate_twists.py
[38.004s] -- Symlinking: /home/snake/Emmanuel_Jr_robot/install/dwb_msgs/lib/python3.8/site-packages/dwb_msgs/srv/_get_critic_score.py
[38.016s] -- Symlinking: /home/snake/Emmanuel_Jr_robot/install/dwb_msgs/lib/python3.8/site-packages/dwb_msgs/srv/_score_trajectory.py
[38.029s] -- Symlinking: /home/snake/Emmanuel_Jr_robot/install/dwb_msgs/lib/python3.8/site-packages/dwb_msgs/dwb_msgs_s__rosidl_typesupport_fastrtps_c.cpython-38-x86_64-linux-gnu.so
[38.042s] -- Symlinking: /home/snake/Emmanuel_Jr_robot/install/dwb_msgs/lib/python3.8/site-packages/dwb_msgs/dwb_msgs_s__rosidl_typesupport_introspection_c.cpython-38-x86_64-linux-gnu.so
[38.055s] -- Symlinking: /home/snake/Emmanuel_Jr_robot/install/dwb_msgs/lib/python3.8/site-packages/dwb_msgs/dwb_msgs_s__rosidl_typesupport_c.cpython-38-x86_64-linux-gnu.so
[38.068s] -- Symlinking: /home/snake/Emmanuel_Jr_robot/install/dwb_msgs/lib/libdwb_msgs__python.so
[38.081s] -- Symlinking: /home/snake/Emmanuel_Jr_robot/install/dwb_msgs/share/dwb_msgs/msg/CriticScore.idl
[38.092s] -- Symlinking: /home/snake/Emmanuel_Jr_robot/install/dwb_msgs/share/dwb_msgs/msg/LocalPlanEvaluation.idl
[38.108s] -- Symlinking: /home/snake/Emmanuel_Jr_robot/install/dwb_msgs/share/dwb_msgs/msg/Trajectory2D.idl
[38.122s] -- Symlinking: /home/snake/Emmanuel_Jr_robot/install/dwb_msgs/share/dwb_msgs/msg/TrajectoryScore.idl
[38.134s] -- Symlinking: /home/snake/Emmanuel_Jr_robot/install/dwb_msgs/share/dwb_msgs/srv/DebugLocalPlan.idl
[38.147s] -- Symlinking: /home/snake/Emmanuel_Jr_robot/install/dwb_msgs/share/dwb_msgs/srv/GenerateTrajectory.idl
[38.160s] -- Symlinking: /home/snake/Emmanuel_Jr_robot/install/dwb_msgs/share/dwb_msgs/srv/GenerateTwists.idl
[38.174s] -- Symlinking: /home/snake/Emmanuel_Jr_robot/install/dwb_msgs/share/dwb_msgs/srv/GetCriticScore.idl
[38.186s] -- Symlinking: /home/snake/Emmanuel_Jr_robot/install/dwb_msgs/share/dwb_msgs/srv/ScoreTrajectory.idl
[38.199s] -- Symlinking: /home/snake/Emmanuel_Jr_robot/install/dwb_msgs/share/dwb_msgs/msg/CriticScore.msg
[38.212s] -- Symlinking: /home/snake/Emmanuel_Jr_robot/install/dwb_msgs/share/dwb_msgs/msg/LocalPlanEvaluation.msg
[38.224s] -- Symlinking: /home/snake/Emmanuel_Jr_robot/install/dwb_msgs/share/dwb_msgs/msg/Trajectory2D.msg
[38.237s] -- Symlinking: /home/snake/Emmanuel_Jr_robot/install/dwb_msgs/share/dwb_msgs/msg/TrajectoryScore.msg
[38.249s] -- Symlinking: /home/snake/Emmanuel_Jr_robot/install/dwb_msgs/share/dwb_msgs/srv/DebugLocalPlan.srv
[38.263s] -- Symlinking: /home/snake/Emmanuel_Jr_robot/install/dwb_msgs/share/dwb_msgs/srv/DebugLocalPlan_Request.msg
[38.275s] -- Symlinking: /home/snake/Emmanuel_Jr_robot/install/dwb_msgs/share/dwb_msgs/srv/DebugLocalPlan_Response.msg
[38.287s] -- Symlinking: /home/snake/Emmanuel_Jr_robot/install/dwb_msgs/share/dwb_msgs/srv/GenerateTrajectory.srv
[38.299s] -- Symlinking: /home/snake/Emmanuel_Jr_robot/install/dwb_msgs/share/dwb_msgs/srv/GenerateTrajectory_Request.msg
[38.313s] -- Symlinking: /home/snake/Emmanuel_Jr_robot/install/dwb_msgs/share/dwb_msgs/srv/GenerateTrajectory_Response.msg
[38.325s] -- Symlinking: /home/snake/Emmanuel_Jr_robot/install/dwb_msgs/share/dwb_msgs/srv/GenerateTwists.srv
[38.339s] -- Symlinking: /home/snake/Emmanuel_Jr_robot/install/dwb_msgs/share/dwb_msgs/srv/GenerateTwists_Request.msg
[38.403s] -- Symlinking: /home/snake/Emmanuel_Jr_robot/install/dwb_msgs/share/dwb_msgs/srv/GenerateTwists_Response.msg
[38.421s] -- Symlinking: /home/snake/Emmanuel_Jr_robot/install/dwb_msgs/share/dwb_msgs/srv/GetCriticScore.srv
[38.436s] -- Symlinking: /home/snake/Emmanuel_Jr_robot/install/dwb_msgs/share/dwb_msgs/srv/GetCriticScore_Request.msg
[38.449s] -- Symlinking: /home/snake/Emmanuel_Jr_robot/install/dwb_msgs/share/dwb_msgs/srv/GetCriticScore_Response.msg
[38.465s] -- Symlinking: /home/snake/Emmanuel_Jr_robot/install/dwb_msgs/share/dwb_msgs/srv/ScoreTrajectory.srv
[38.477s] -- Symlinking: /home/snake/Emmanuel_Jr_robot/install/dwb_msgs/share/dwb_msgs/srv/ScoreTrajectory_Request.msg
[38.491s] -- Symlinking: /home/snake/Emmanuel_Jr_robot/install/dwb_msgs/share/dwb_msgs/srv/ScoreTrajectory_Response.msg
[38.504s] -- Symlinking: /home/snake/Emmanuel_Jr_robot/install/dwb_msgs/share/ament_index/resource_index/package_run_dependencies/dwb_msgs
[38.519s] -- Symlinking: /home/snake/Emmanuel_Jr_robot/install/dwb_msgs/share/ament_index/resource_index/parent_prefix_path/dwb_msgs
[38.532s] -- Symlinking: /home/snake/Emmanuel_Jr_robot/install/dwb_msgs/share/dwb_msgs/environment/ament_prefix_path.sh
[38.546s] -- Symlinking: /home/snake/Emmanuel_Jr_robot/install/dwb_msgs/share/dwb_msgs/environment/ament_prefix_path.dsv
[38.559s] -- Symlinking: /home/snake/Emmanuel_Jr_robot/install/dwb_msgs/share/dwb_msgs/environment/path.sh
[38.573s] -- Symlinking: /home/snake/Emmanuel_Jr_robot/install/dwb_msgs/share/dwb_msgs/environment/path.dsv
[38.586s] -- Symlinking: /home/snake/Emmanuel_Jr_robot/install/dwb_msgs/share/dwb_msgs/local_setup.bash
[38.598s] -- Symlinking: /home/snake/Emmanuel_Jr_robot/install/dwb_msgs/share/dwb_msgs/local_setup.sh
[38.609s] -- Symlinking: /home/snake/Emmanuel_Jr_robot/install/dwb_msgs/share/dwb_msgs/local_setup.zsh
[38.621s] -- Symlinking: /home/snake/Emmanuel_Jr_robot/install/dwb_msgs/share/dwb_msgs/local_setup.dsv
[38.633s] -- Symlinking: /home/snake/Emmanuel_Jr_robot/install/dwb_msgs/share/dwb_msgs/package.dsv
[38.649s] -- Symlinking: /home/snake/Emmanuel_Jr_robot/install/dwb_msgs/share/ament_index/resource_index/packages/dwb_msgs
[38.671s] -- Symlinking: /home/snake/Emmanuel_Jr_robot/install/dwb_msgs/share/dwb_msgs/cmake/rosidl_cmake-extras.cmake
[38.686s] -- Symlinking: /home/snake/Emmanuel_Jr_robot/install/dwb_msgs/share/dwb_msgs/cmake/ament_cmake_export_dependencies-extras.cmake
[38.702s] -- Symlinking: /home/snake/Emmanuel_Jr_robot/install/dwb_msgs/share/dwb_msgs/cmake/ament_cmake_export_libraries-extras.cmake
[38.716s] -- Symlinking: /home/snake/Emmanuel_Jr_robot/install/dwb_msgs/share/dwb_msgs/cmake/ament_cmake_export_targets-extras.cmake
[38.729s] -- Symlinking: /home/snake/Emmanuel_Jr_robot/install/dwb_msgs/share/dwb_msgs/cmake/ament_cmake_export_include_directories-extras.cmake
[38.742s] -- Symlinking: /home/snake/Emmanuel_Jr_robot/install/dwb_msgs/share/dwb_msgs/cmake/rosidl_cmake_export_typesupport_libraries-extras.cmake
[38.755s] -- Symlinking: /home/snake/Emmanuel_Jr_robot/install/dwb_msgs/share/dwb_msgs/cmake/rosidl_cmake_export_typesupport_targets-extras.cmake
[38.769s] -- Symlinking: /home/snake/Emmanuel_Jr_robot/install/dwb_msgs/share/dwb_msgs/cmake/dwb_msgsConfig.cmake
[38.780s] -- Symlinking: /home/snake/Emmanuel_Jr_robot/install/dwb_msgs/share/dwb_msgs/cmake/dwb_msgsConfig-version.cmake
[38.793s] -- Symlinking: /home/snake/Emmanuel_Jr_robot/install/dwb_msgs/share/dwb_msgs/package.xml
[38.809s] -- Installing: /home/snake/Emmanuel_Jr_robot/install/dwb_msgs/lib/libdwb_msgs__rosidl_generator_c.so
[38.809s] -- Set runtime path of "/home/snake/Emmanuel_Jr_robot/install/dwb_msgs/lib/libdwb_msgs__rosidl_generator_c.so" to ""
[38.810s] -- Installing: /home/snake/Emmanuel_Jr_robot/install/dwb_msgs/lib/libdwb_msgs__rosidl_typesupport_introspection_c.so
[38.810s] -- Set runtime path of "/home/snake/Emmanuel_Jr_robot/install/dwb_msgs/lib/libdwb_msgs__rosidl_typesupport_introspection_c.so" to ""
[38.810s] -- Installing: /home/snake/Emmanuel_Jr_robot/install/dwb_msgs/lib/libdwb_msgs__rosidl_typesupport_c.so
[38.810s] -- Set runtime path of "/home/snake/Emmanuel_Jr_robot/install/dwb_msgs/lib/libdwb_msgs__rosidl_typesupport_c.so" to ""
[38.810s] -- Installing: /home/snake/Emmanuel_Jr_robot/install/dwb_msgs/lib/libdwb_msgs__rosidl_typesupport_introspection_cpp.so
[38.810s] -- Set runtime path of "/home/snake/Emmanuel_Jr_robot/install/dwb_msgs/lib/libdwb_msgs__rosidl_typesupport_introspection_cpp.so" to ""
[38.810s] -- Installing: /home/snake/Emmanuel_Jr_robot/install/dwb_msgs/lib/libdwb_msgs__rosidl_typesupport_cpp.so
[38.810s] -- Set runtime path of "/home/snake/Emmanuel_Jr_robot/install/dwb_msgs/lib/libdwb_msgs__rosidl_typesupport_cpp.so" to ""
[38.850s] Compiling '/home/snake/Emmanuel_Jr_robot/install/dwb_msgs/lib/python3.8/site-packages/dwb_msgs/__init__.py'...
[38.860s] -- Installing: /home/snake/Emmanuel_Jr_robot/install/dwb_msgs/share/dwb_msgs/cmake/dwb_msgs__rosidl_generator_cExport.cmake
[38.860s] -- Installing: /home/snake/Emmanuel_Jr_robot/install/dwb_msgs/share/dwb_msgs/cmake/dwb_msgs__rosidl_generator_cExport-noconfig.cmake
[38.860s] -- Installing: /home/snake/Emmanuel_Jr_robot/install/dwb_msgs/share/dwb_msgs/cmake/dwb_msgs__rosidl_typesupport_introspection_cExport.cmake
[38.860s] -- Installing: /home/snake/Emmanuel_Jr_robot/install/dwb_msgs/share/dwb_msgs/cmake/dwb_msgs__rosidl_typesupport_introspection_cExport-noconfig.cmake
[38.860s] -- Installing: /home/snake/Emmanuel_Jr_robot/install/dwb_msgs/share/dwb_msgs/cmake/dwb_msgs__rosidl_typesupport_cExport.cmake
[38.860s] -- Installing: /home/snake/Emmanuel_Jr_robot/install/dwb_msgs/share/dwb_msgs/cmake/dwb_msgs__rosidl_typesupport_cExport-noconfig.cmake
[38.860s] -- Installing: /home/snake/Emmanuel_Jr_robot/install/dwb_msgs/share/dwb_msgs/cmake/dwb_msgs__rosidl_generator_cppExport.cmake
[38.860s] -- Installing: /home/snake/Emmanuel_Jr_robot/install/dwb_msgs/share/dwb_msgs/cmake/dwb_msgs__rosidl_typesupport_introspection_cppExport.cmake
[38.862s] -- Installing: /home/snake/Emmanuel_Jr_robot/install/dwb_msgs/share/dwb_msgs/cmake/dwb_msgs__rosidl_typesupport_introspection_cppExport-noconfig.cmake
[38.862s] -- Installing: /home/snake/Emmanuel_Jr_robot/install/dwb_msgs/share/dwb_msgs/cmake/dwb_msgs__rosidl_typesupport_cppExport.cmake
[38.863s] -- Installing: /home/snake/Emmanuel_Jr_robot/install/dwb_msgs/share/dwb_msgs/cmake/dwb_msgs__rosidl_typesupport_cppExport-noconfig.cmake
[38.873s] Invoked command in '/home/snake/Emmanuel_Jr_robot/build/dwb_msgs' returned '0': AMENT_PREFIX_PATH=/home/snake/Emmanuel_Jr_robot/install/nav_2d_msgs:${AMENT_PREFIX_PATH} CMAKE_PREFIX_PATH=/home/snake/Emmanuel_Jr_robot/install/nav_2d_msgs:/opt/ros/galactic LD_LIBRARY_PATH=/home/snake/Emmanuel_Jr_robot/install/nav_2d_msgs/lib:${LD_LIBRARY_PATH} PYTHONPATH=/home/snake/Emmanuel_Jr_robot/install/nav_2d_msgs/lib/python3.8/site-packages:${PYTHONPATH} /usr/bin/cmake --install /home/snake/Emmanuel_Jr_robot/build/dwb_msgs
