running egg_info
creating ../../build/emmanuel/emmanuel.egg-info
writing ../../build/emmanuel/emmanuel.egg-info/PKG-INFO
writing dependency_links to ../../build/emmanuel/emmanuel.egg-info/dependency_links.txt
writing entry points to ../../build/emmanuel/emmanuel.egg-info/entry_points.txt
writing requirements to ../../build/emmanuel/emmanuel.egg-info/requires.txt
writing top-level names to ../../build/emmanuel/emmanuel.egg-info/top_level.txt
writing manifest file '../../build/emmanuel/emmanuel.egg-info/SOURCES.txt'
reading manifest file '../../build/emmanuel/emmanuel.egg-info/SOURCES.txt'
writing manifest file '../../build/emmanuel/emmanuel.egg-info/SOURCES.txt'
running build
running build_py
creating /home/ubuntu/Emmanuel_Jr_robot/build/emmanuel/build
creating /home/ubuntu/Emmanuel_Jr_robot/build/emmanuel/build/lib
creating /home/ubuntu/Emmanuel_Jr_robot/build/emmanuel/build/lib/emmanuel
copying emmanuel/__init__.py -> /home/ubuntu/Emmanuel_Jr_robot/build/emmanuel/build/lib/emmanuel
copying emmanuel/encoder.py -> /home/ubuntu/Emmanuel_Jr_robot/build/emmanuel/build/lib/emmanuel
copying emmanuel/motors.py -> /home/ubuntu/Emmanuel_Jr_robot/build/emmanuel/build/lib/emmanuel
running install
running install_lib
running install_data
running install_egg_info
removing '/home/ubuntu/Emmanuel_Jr_robot/install/emmanuel/lib/python3.8/site-packages/emmanuel-0.0.0-py3.8.egg-info' (and everything under it)
Copying ../../build/emmanuel/emmanuel.egg-info to /home/ubuntu/Emmanuel_Jr_robot/install/emmanuel/lib/python3.8/site-packages/emmanuel-0.0.0-py3.8.egg-info
