[2.733s] Invoking command in '/home/ubuntu/Emmanuel_Jr_robot/src/emmanuel': PYTHONPATH=/home/ubuntu/Emmanuel_Jr_robot/install/emmanuel/lib/python3.8/site-packages:${PYTHONPATH} /usr/bin/python3 setup.py egg_info --egg-base ../../build/emmanuel build --build-base /home/ubuntu/Emmanuel_Jr_robot/build/emmanuel/build install --prefix /home/ubuntu/Emmanuel_Jr_robot/install/emmanuel --record /home/ubuntu/Emmanuel_Jr_robot/build/emmanuel/install.log --single-version-externally-managed
[3.852s] running egg_info
[3.854s] creating ../../build/emmanuel/emmanuel.egg-info
[3.854s] writing ../../build/emmanuel/emmanuel.egg-info/PKG-INFO
[3.856s] writing dependency_links to ../../build/emmanuel/emmanuel.egg-info/dependency_links.txt
[3.856s] writing entry points to ../../build/emmanuel/emmanuel.egg-info/entry_points.txt
[3.857s] writing requirements to ../../build/emmanuel/emmanuel.egg-info/requires.txt
[3.857s] writing top-level names to ../../build/emmanuel/emmanuel.egg-info/top_level.txt
[3.871s] writing manifest file '../../build/emmanuel/emmanuel.egg-info/SOURCES.txt'
[4.013s] reading manifest file '../../build/emmanuel/emmanuel.egg-info/SOURCES.txt'
[4.017s] writing manifest file '../../build/emmanuel/emmanuel.egg-info/SOURCES.txt'
[4.018s] running build
[4.018s] running build_py
[4.019s] creating /home/ubuntu/Emmanuel_Jr_robot/build/emmanuel/build
[4.020s] creating /home/ubuntu/Emmanuel_Jr_robot/build/emmanuel/build/lib
[4.020s] creating /home/ubuntu/Emmanuel_Jr_robot/build/emmanuel/build/lib/emmanuel
[4.021s] copying emmanuel/__init__.py -> /home/ubuntu/Emmanuel_Jr_robot/build/emmanuel/build/lib/emmanuel
[4.021s] copying emmanuel/encoder.py -> /home/ubuntu/Emmanuel_Jr_robot/build/emmanuel/build/lib/emmanuel
[4.022s] copying emmanuel/motors.py -> /home/ubuntu/Emmanuel_Jr_robot/build/emmanuel/build/lib/emmanuel
[4.024s] running install
[4.027s] running install_lib
[4.036s] running install_data
[4.039s] running install_egg_info
[4.046s] removing '/home/ubuntu/Emmanuel_Jr_robot/install/emmanuel/lib/python3.8/site-packages/emmanuel-0.0.0-py3.8.egg-info' (and everything under it)
[4.047s] error removing /home/ubuntu/Emmanuel_Jr_robot/install/emmanuel/lib/python3.8/site-packages/emmanuel-0.0.0-py3.8.egg-info: [Errno 13] Permission denied: '/home/ubuntu/Emmanuel_Jr_robot/install/emmanuel/lib/python3.8/site-packages/emmanuel-0.0.0-py3.8.egg-info/top_level.txt'
[4.048s] error removing /home/ubuntu/Emmanuel_Jr_robot/install/emmanuel/lib/python3.8/site-packages/emmanuel-0.0.0-py3.8.egg-info: [Errno 13] Permission denied: '/home/ubuntu/Emmanuel_Jr_robot/install/emmanuel/lib/python3.8/site-packages/emmanuel-0.0.0-py3.8.egg-info/requires.txt'
[4.048s] error removing /home/ubuntu/Emmanuel_Jr_robot/install/emmanuel/lib/python3.8/site-packages/emmanuel-0.0.0-py3.8.egg-info: [Errno 13] Permission denied: '/home/ubuntu/Emmanuel_Jr_robot/install/emmanuel/lib/python3.8/site-packages/emmanuel-0.0.0-py3.8.egg-info/dependency_links.txt'
[4.049s] error removing /home/ubuntu/Emmanuel_Jr_robot/install/emmanuel/lib/python3.8/site-packages/emmanuel-0.0.0-py3.8.egg-info: [Errno 13] Permission denied: '/home/ubuntu/Emmanuel_Jr_robot/install/emmanuel/lib/python3.8/site-packages/emmanuel-0.0.0-py3.8.egg-info/SOURCES.txt'
[4.050s] error removing /home/ubuntu/Emmanuel_Jr_robot/install/emmanuel/lib/python3.8/site-packages/emmanuel-0.0.0-py3.8.egg-info: [Errno 13] Permission denied: '/home/ubuntu/Emmanuel_Jr_robot/install/emmanuel/lib/python3.8/site-packages/emmanuel-0.0.0-py3.8.egg-info/PKG-INFO'
[4.051s] error removing /home/ubuntu/Emmanuel_Jr_robot/install/emmanuel/lib/python3.8/site-packages/emmanuel-0.0.0-py3.8.egg-info: [Errno 13] Permission denied: '/home/ubuntu/Emmanuel_Jr_robot/install/emmanuel/lib/python3.8/site-packages/emmanuel-0.0.0-py3.8.egg-info/entry_points.txt'
[4.052s] error removing /home/ubuntu/Emmanuel_Jr_robot/install/emmanuel/lib/python3.8/site-packages/emmanuel-0.0.0-py3.8.egg-info: [Errno 13] Permission denied: '/home/ubuntu/Emmanuel_Jr_robot/install/emmanuel/lib/python3.8/site-packages/emmanuel-0.0.0-py3.8.egg-info/zip-safe'
[4.054s] error removing /home/ubuntu/Emmanuel_Jr_robot/install/emmanuel/lib/python3.8/site-packages/emmanuel-0.0.0-py3.8.egg-info: [Errno 39] Directory not empty: '/home/ubuntu/Emmanuel_Jr_robot/install/emmanuel/lib/python3.8/site-packages/emmanuel-0.0.0-py3.8.egg-info'
[4.055s] Copying ../../build/emmanuel/emmanuel.egg-info to /home/ubuntu/Emmanuel_Jr_robot/install/emmanuel/lib/python3.8/site-packages/emmanuel-0.0.0-py3.8.egg-info
[4.056s] error: [Errno 13] Permission denied: '/home/ubuntu/Emmanuel_Jr_robot/install/emmanuel/lib/python3.8/site-packages/emmanuel-0.0.0-py3.8.egg-info/top_level.txt'
[4.155s] Invoked command in '/home/ubuntu/Emmanuel_Jr_robot/src/emmanuel' returned '1': PYTHONPATH=/home/ubuntu/Emmanuel_Jr_robot/install/emmanuel/lib/python3.8/site-packages:${PYTHONPATH} /usr/bin/python3 setup.py egg_info --egg-base ../../build/emmanuel build --build-base /home/ubuntu/Emmanuel_Jr_robot/build/emmanuel/build install --prefix /home/ubuntu/Emmanuel_Jr_robot/install/emmanuel --record /home/ubuntu/Emmanuel_Jr_robot/build/emmanuel/install.log --single-version-externally-managed
