/usr/local/lib/python3.8/dist-packages/setuptools/dist.py:772: UserWarning: Usage of dash-separated 'script-dir' will not be supported in future versions. Please use the underscore name 'script_dir' instead
  warnings.warn(
/usr/local/lib/python3.8/dist-packages/setuptools/dist.py:772: UserWarning: Usage of dash-separated 'install-scripts' will not be supported in future versions. Please use the underscore name 'install_scripts' instead
  warnings.warn(
running develop
/usr/local/lib/python3.8/dist-packages/setuptools/command/easy_install.py:144: EasyInstallDeprecationWarning: easy_install command is deprecated. Use build and pip and other standards-based tools.
  warnings.warn(
/usr/local/lib/python3.8/dist-packages/setuptools/command/install.py:34: SetuptoolsDeprecationWarning: setup.py install is deprecated. Use build and pip and other standards-based tools.
  warnings.warn(
/usr/local/lib/python3.8/dist-packages/pkg_resources/__init__.py:123: PkgResourcesDeprecationWarning: 0.23ubuntu1 is an invalid version and will not be supported in a future release
  warnings.warn(
/usr/local/lib/python3.8/dist-packages/pkg_resources/__init__.py:123: PkgResourcesDeprecationWarning: 0.1.36ubuntu1 is an invalid version and will not be supported in a future release
  warnings.warn(
Removing /home/snake/Emmanuel_Jr_robot/install/nav2_simple_commander/lib/python3.8/site-packages/nav2-simple-commander.egg-link (link to .)
/usr/local/lib/python3.8/dist-packages/setuptools/dist.py:772: UserWarning: Usage of dash-separated 'script-dir' will not be supported in future versions. Please use the underscore name 'script_dir' instead
  warnings.warn(
/usr/local/lib/python3.8/dist-packages/setuptools/dist.py:772: UserWarning: Usage of dash-separated 'install-scripts' will not be supported in future versions. Please use the underscore name 'install_scripts' instead
  warnings.warn(
running egg_info
writing ../../../build/nav2_simple_commander/nav2_simple_commander.egg-info/PKG-INFO
writing dependency_links to ../../../build/nav2_simple_commander/nav2_simple_commander.egg-info/dependency_links.txt
writing entry points to ../../../build/nav2_simple_commander/nav2_simple_commander.egg-info/entry_points.txt
writing requirements to ../../../build/nav2_simple_commander/nav2_simple_commander.egg-info/requires.txt
writing top-level names to ../../../build/nav2_simple_commander/nav2_simple_commander.egg-info/top_level.txt
reading manifest file '../../../build/nav2_simple_commander/nav2_simple_commander.egg-info/SOURCES.txt'
writing manifest file '../../../build/nav2_simple_commander/nav2_simple_commander.egg-info/SOURCES.txt'
running build
running build_py
creating /home/snake/Emmanuel_Jr_robot/build/nav2_simple_commander/build
creating /home/snake/Emmanuel_Jr_robot/build/nav2_simple_commander/build/lib
creating /home/snake/Emmanuel_Jr_robot/build/nav2_simple_commander/build/lib/nav2_simple_commander
copying nav2_simple_commander/demo_security.py -> /home/snake/Emmanuel_Jr_robot/build/nav2_simple_commander/build/lib/nav2_simple_commander
copying nav2_simple_commander/robot_navigator.py -> /home/snake/Emmanuel_Jr_robot/build/nav2_simple_commander/build/lib/nav2_simple_commander
copying nav2_simple_commander/example_nav_through_poses.py -> /home/snake/Emmanuel_Jr_robot/build/nav2_simple_commander/build/lib/nav2_simple_commander
copying nav2_simple_commander/demo_recoveries.py -> /home/snake/Emmanuel_Jr_robot/build/nav2_simple_commander/build/lib/nav2_simple_commander
copying nav2_simple_commander/example_waypoint_follower.py -> /home/snake/Emmanuel_Jr_robot/build/nav2_simple_commander/build/lib/nav2_simple_commander
copying nav2_simple_commander/example_follow_path.py -> /home/snake/Emmanuel_Jr_robot/build/nav2_simple_commander/build/lib/nav2_simple_commander
copying nav2_simple_commander/__init__.py -> /home/snake/Emmanuel_Jr_robot/build/nav2_simple_commander/build/lib/nav2_simple_commander
copying nav2_simple_commander/example_nav_to_pose.py -> /home/snake/Emmanuel_Jr_robot/build/nav2_simple_commander/build/lib/nav2_simple_commander
copying nav2_simple_commander/demo_picking.py -> /home/snake/Emmanuel_Jr_robot/build/nav2_simple_commander/build/lib/nav2_simple_commander
copying nav2_simple_commander/demo_inspection.py -> /home/snake/Emmanuel_Jr_robot/build/nav2_simple_commander/build/lib/nav2_simple_commander
running install
/usr/local/lib/python3.8/dist-packages/setuptools/command/install.py:34: SetuptoolsDeprecationWarning: setup.py install is deprecated. Use build and pip and other standards-based tools.
  warnings.warn(
running install_lib
creating /home/snake/Emmanuel_Jr_robot/install/nav2_simple_commander/lib/python3.8/site-packages/nav2_simple_commander
copying /home/snake/Emmanuel_Jr_robot/build/nav2_simple_commander/build/lib/nav2_simple_commander/demo_security.py -> /home/snake/Emmanuel_Jr_robot/install/nav2_simple_commander/lib/python3.8/site-packages/nav2_simple_commander
copying /home/snake/Emmanuel_Jr_robot/build/nav2_simple_commander/build/lib/nav2_simple_commander/robot_navigator.py -> /home/snake/Emmanuel_Jr_robot/install/nav2_simple_commander/lib/python3.8/site-packages/nav2_simple_commander
copying /home/snake/Emmanuel_Jr_robot/build/nav2_simple_commander/build/lib/nav2_simple_commander/example_nav_through_poses.py -> /home/snake/Emmanuel_Jr_robot/install/nav2_simple_commander/lib/python3.8/site-packages/nav2_simple_commander
copying /home/snake/Emmanuel_Jr_robot/build/nav2_simple_commander/build/lib/nav2_simple_commander/demo_recoveries.py -> /home/snake/Emmanuel_Jr_robot/install/nav2_simple_commander/lib/python3.8/site-packages/nav2_simple_commander
copying /home/snake/Emmanuel_Jr_robot/build/nav2_simple_commander/build/lib/nav2_simple_commander/example_waypoint_follower.py -> /home/snake/Emmanuel_Jr_robot/install/nav2_simple_commander/lib/python3.8/site-packages/nav2_simple_commander
copying /home/snake/Emmanuel_Jr_robot/build/nav2_simple_commander/build/lib/nav2_simple_commander/example_follow_path.py -> /home/snake/Emmanuel_Jr_robot/install/nav2_simple_commander/lib/python3.8/site-packages/nav2_simple_commander
copying /home/snake/Emmanuel_Jr_robot/build/nav2_simple_commander/build/lib/nav2_simple_commander/__init__.py -> /home/snake/Emmanuel_Jr_robot/install/nav2_simple_commander/lib/python3.8/site-packages/nav2_simple_commander
copying /home/snake/Emmanuel_Jr_robot/build/nav2_simple_commander/build/lib/nav2_simple_commander/example_nav_to_pose.py -> /home/snake/Emmanuel_Jr_robot/install/nav2_simple_commander/lib/python3.8/site-packages/nav2_simple_commander
copying /home/snake/Emmanuel_Jr_robot/build/nav2_simple_commander/build/lib/nav2_simple_commander/demo_picking.py -> /home/snake/Emmanuel_Jr_robot/install/nav2_simple_commander/lib/python3.8/site-packages/nav2_simple_commander
copying /home/snake/Emmanuel_Jr_robot/build/nav2_simple_commander/build/lib/nav2_simple_commander/demo_inspection.py -> /home/snake/Emmanuel_Jr_robot/install/nav2_simple_commander/lib/python3.8/site-packages/nav2_simple_commander
byte-compiling /home/snake/Emmanuel_Jr_robot/install/nav2_simple_commander/lib/python3.8/site-packages/nav2_simple_commander/demo_security.py to demo_security.cpython-38.pyc
byte-compiling /home/snake/Emmanuel_Jr_robot/install/nav2_simple_commander/lib/python3.8/site-packages/nav2_simple_commander/robot_navigator.py to robot_navigator.cpython-38.pyc
byte-compiling /home/snake/Emmanuel_Jr_robot/install/nav2_simple_commander/lib/python3.8/site-packages/nav2_simple_commander/example_nav_through_poses.py to example_nav_through_poses.cpython-38.pyc
byte-compiling /home/snake/Emmanuel_Jr_robot/install/nav2_simple_commander/lib/python3.8/site-packages/nav2_simple_commander/demo_recoveries.py to demo_recoveries.cpython-38.pyc
byte-compiling /home/snake/Emmanuel_Jr_robot/install/nav2_simple_commander/lib/python3.8/site-packages/nav2_simple_commander/example_waypoint_follower.py to example_waypoint_follower.cpython-38.pyc
byte-compiling /home/snake/Emmanuel_Jr_robot/install/nav2_simple_commander/lib/python3.8/site-packages/nav2_simple_commander/example_follow_path.py to example_follow_path.cpython-38.pyc
byte-compiling /home/snake/Emmanuel_Jr_robot/install/nav2_simple_commander/lib/python3.8/site-packages/nav2_simple_commander/__init__.py to __init__.cpython-38.pyc
byte-compiling /home/snake/Emmanuel_Jr_robot/install/nav2_simple_commander/lib/python3.8/site-packages/nav2_simple_commander/example_nav_to_pose.py to example_nav_to_pose.cpython-38.pyc
byte-compiling /home/snake/Emmanuel_Jr_robot/install/nav2_simple_commander/lib/python3.8/site-packages/nav2_simple_commander/demo_picking.py to demo_picking.cpython-38.pyc
byte-compiling /home/snake/Emmanuel_Jr_robot/install/nav2_simple_commander/lib/python3.8/site-packages/nav2_simple_commander/demo_inspection.py to demo_inspection.cpython-38.pyc
running install_data
running install_egg_info
Copying ../../../build/nav2_simple_commander/nav2_simple_commander.egg-info to /home/snake/Emmanuel_Jr_robot/install/nav2_simple_commander/lib/python3.8/site-packages/nav2_simple_commander-1.0.0-py3.8.egg-info
running install_scripts
Installing demo_inspection script to /home/snake/Emmanuel_Jr_robot/install/nav2_simple_commander/lib/nav2_simple_commander
Installing demo_picking script to /home/snake/Emmanuel_Jr_robot/install/nav2_simple_commander/lib/nav2_simple_commander
Installing demo_recoveries script to /home/snake/Emmanuel_Jr_robot/install/nav2_simple_commander/lib/nav2_simple_commander
Installing demo_security script to /home/snake/Emmanuel_Jr_robot/install/nav2_simple_commander/lib/nav2_simple_commander
Installing example_follow_path script to /home/snake/Emmanuel_Jr_robot/install/nav2_simple_commander/lib/nav2_simple_commander
Installing example_nav_through_poses script to /home/snake/Emmanuel_Jr_robot/install/nav2_simple_commander/lib/nav2_simple_commander
Installing example_nav_to_pose script to /home/snake/Emmanuel_Jr_robot/install/nav2_simple_commander/lib/nav2_simple_commander
Installing example_waypoint_follower script to /home/snake/Emmanuel_Jr_robot/install/nav2_simple_commander/lib/nav2_simple_commander
writing list of installed files to '/home/snake/Emmanuel_Jr_robot/build/nav2_simple_commander/install.log'
