[0.025s] Invoking command in '/home/rex/Emmanuel_Jr_robot/build/linorobot2_description': CMAKE_PREFIX_PATH=${CMAKE_PREFIX_PATH}:/home/rex/Emmanuel_Jr_robot/install/nav2_simple_commander:/home/rex/Emmanuel_Jr_robot/install/nav2_gazebo_spawner:/home/rex/Emmanuel_Jr_robot/install/emmanuelJr:/home/rex/Emmanuel_Jr_robot/install/emmanuel:/opt/ros/galactic /usr/bin/cmake /home/rex/Emmanuel_Jr_robot/src/linorobot2/linorobot2_description -DCMAKE_INSTALL_PREFIX=/home/rex/Emmanuel_Jr_robot/install/linorobot2_description
[0.106s] -- The C compiler identification is GNU 9.4.0
[0.182s] -- The CXX compiler identification is GNU 9.4.0
[0.201s] -- Check for working C compiler: /usr/bin/cc
[0.305s] -- Check for working C compiler: /usr/bin/cc -- works
[0.305s] -- Detecting C compiler ABI info
[0.384s] -- Detecting C compiler ABI info - done
[0.393s] -- Detecting C compile features
[0.394s] -- Detecting C compile features - done
[0.397s] -- Check for working CXX compiler: /usr/bin/c++
[0.495s] -- Check for working CXX compiler: /usr/bin/c++ -- works
[0.495s] -- Detecting CXX compiler ABI info
[0.591s] -- Detecting CXX compiler ABI info - done
[0.602s] -- Detecting CXX compile features
[0.602s] -- Detecting CXX compile features - done
[0.605s] -- Found ament_cmake: 1.1.5 (/opt/ros/galactic/share/ament_cmake/cmake)
[0.634s] -- Found PythonInterp: /usr/bin/python3 (found suitable version "3.8.10", minimum required is "3") 
[0.634s] -- Using PYTHON_EXECUTABLE: /usr/bin/python3
[0.773s] -- Found urdf: 2.5.2 (/opt/ros/galactic/share/urdf/cmake)
[0.984s] -- Configuring done
[0.986s] -- Generating done
[0.987s] -- Build files have been written to: /home/rex/Emmanuel_Jr_robot/build/linorobot2_description
[0.996s] Invoked command in '/home/rex/Emmanuel_Jr_robot/build/linorobot2_description' returned '0': CMAKE_PREFIX_PATH=${CMAKE_PREFIX_PATH}:/home/rex/Emmanuel_Jr_robot/install/nav2_simple_commander:/home/rex/Emmanuel_Jr_robot/install/nav2_gazebo_spawner:/home/rex/Emmanuel_Jr_robot/install/emmanuelJr:/home/rex/Emmanuel_Jr_robot/install/emmanuel:/opt/ros/galactic /usr/bin/cmake /home/rex/Emmanuel_Jr_robot/src/linorobot2/linorobot2_description -DCMAKE_INSTALL_PREFIX=/home/rex/Emmanuel_Jr_robot/install/linorobot2_description
[0.997s] Invoking command in '/home/rex/Emmanuel_Jr_robot/build/linorobot2_description': CMAKE_PREFIX_PATH=${CMAKE_PREFIX_PATH}:/home/rex/Emmanuel_Jr_robot/install/nav2_simple_commander:/home/rex/Emmanuel_Jr_robot/install/nav2_gazebo_spawner:/home/rex/Emmanuel_Jr_robot/install/emmanuelJr:/home/rex/Emmanuel_Jr_robot/install/emmanuel:/opt/ros/galactic /usr/bin/cmake --build /home/rex/Emmanuel_Jr_robot/build/linorobot2_description -- -j2 -l2
[1.050s] Invoked command in '/home/rex/Emmanuel_Jr_robot/build/linorobot2_description' returned '0': CMAKE_PREFIX_PATH=${CMAKE_PREFIX_PATH}:/home/rex/Emmanuel_Jr_robot/install/nav2_simple_commander:/home/rex/Emmanuel_Jr_robot/install/nav2_gazebo_spawner:/home/rex/Emmanuel_Jr_robot/install/emmanuelJr:/home/rex/Emmanuel_Jr_robot/install/emmanuel:/opt/ros/galactic /usr/bin/cmake --build /home/rex/Emmanuel_Jr_robot/build/linorobot2_description -- -j2 -l2
[1.084s] Invoking command in '/home/rex/Emmanuel_Jr_robot/build/linorobot2_description': CMAKE_PREFIX_PATH=${CMAKE_PREFIX_PATH}:/home/rex/Emmanuel_Jr_robot/install/nav2_simple_commander:/home/rex/Emmanuel_Jr_robot/install/nav2_gazebo_spawner:/home/rex/Emmanuel_Jr_robot/install/emmanuelJr:/home/rex/Emmanuel_Jr_robot/install/emmanuel:/opt/ros/galactic /usr/bin/cmake --install /home/rex/Emmanuel_Jr_robot/build/linorobot2_description
[1.094s] -- Install configuration: ""
[1.095s] -- Installing: /home/rex/Emmanuel_Jr_robot/install/linorobot2_description/share/linorobot2_description/launch
[1.095s] -- Installing: /home/rex/Emmanuel_Jr_robot/install/linorobot2_description/share/linorobot2_description/launch/description.launch.py
[1.095s] -- Installing: /home/rex/Emmanuel_Jr_robot/install/linorobot2_description/share/linorobot2_description/urdf
[1.095s] -- Installing: /home/rex/Emmanuel_Jr_robot/install/linorobot2_description/share/linorobot2_description/urdf/robots
[1.095s] -- Installing: /home/rex/Emmanuel_Jr_robot/install/linorobot2_description/share/linorobot2_description/urdf/robots/square.urdf.xacro
[1.095s] -- Installing: /home/rex/Emmanuel_Jr_robot/install/linorobot2_description/share/linorobot2_description/urdf/robots/2wd.urdf.xacro
[1.096s] -- Installing: /home/rex/Emmanuel_Jr_robot/install/linorobot2_description/share/linorobot2_description/urdf/robots/mecanum.urdf.xacro
[1.096s] -- Installing: /home/rex/Emmanuel_Jr_robot/install/linorobot2_description/share/linorobot2_description/urdf/robots/4wd.urdf.xacro
[1.096s] -- Installing: /home/rex/Emmanuel_Jr_robot/install/linorobot2_description/share/linorobot2_description/urdf/mech
[1.096s] -- Installing: /home/rex/Emmanuel_Jr_robot/install/linorobot2_description/share/linorobot2_description/urdf/mech/wheel.urdf.xacro
[1.096s] -- Installing: /home/rex/Emmanuel_Jr_robot/install/linorobot2_description/share/linorobot2_description/urdf/mech/caster_wheel.urdf.xacro
[1.096s] -- Installing: /home/rex/Emmanuel_Jr_robot/install/linorobot2_description/share/linorobot2_description/urdf/mech/base.urdf.xacro
[1.097s] -- Installing: /home/rex/Emmanuel_Jr_robot/install/linorobot2_description/share/linorobot2_description/urdf/mech/mecanum_wheel.urdf.xacro
[1.097s] -- Installing: /home/rex/Emmanuel_Jr_robot/install/linorobot2_description/share/linorobot2_description/urdf/controllers
[1.097s] -- Installing: /home/rex/Emmanuel_Jr_robot/install/linorobot2_description/share/linorobot2_description/urdf/controllers/omni_drive.urdf.xacro
[1.097s] -- Installing: /home/rex/Emmanuel_Jr_robot/install/linorobot2_description/share/linorobot2_description/urdf/controllers/diff_drive.urdf.xacro
[1.098s] -- Installing: /home/rex/Emmanuel_Jr_robot/install/linorobot2_description/share/linorobot2_description/urdf/controllers/skid_steer.urdf.xacro
[1.098s] -- Installing: /home/rex/Emmanuel_Jr_robot/install/linorobot2_description/share/linorobot2_description/urdf/mecanum_properties.urdf.xacro
[1.098s] -- Installing: /home/rex/Emmanuel_Jr_robot/install/linorobot2_description/share/linorobot2_description/urdf/2wd_properties.urdf.xacro
[1.098s] -- Installing: /home/rex/Emmanuel_Jr_robot/install/linorobot2_description/share/linorobot2_description/urdf/4wd_properties.urdf.xacro
[1.098s] -- Installing: /home/rex/Emmanuel_Jr_robot/install/linorobot2_description/share/linorobot2_description/urdf/sensors
[1.098s] -- Installing: /home/rex/Emmanuel_Jr_robot/install/linorobot2_description/share/linorobot2_description/urdf/sensors/imu.urdf.xacro
[1.099s] -- Installing: /home/rex/Emmanuel_Jr_robot/install/linorobot2_description/share/linorobot2_description/urdf/sensors/laser.urdf.xacro
[1.099s] -- Installing: /home/rex/Emmanuel_Jr_robot/install/linorobot2_description/share/linorobot2_description/urdf/sensors/depth_sensor.urdf.xacro
[1.099s] -- Installing: /home/rex/Emmanuel_Jr_robot/install/linorobot2_description/share/linorobot2_description/urdf/sensors/generic_laser.urdf.xacro
[1.099s] -- Installing: /home/rex/Emmanuel_Jr_robot/install/linorobot2_description/share/linorobot2_description/rviz
[1.099s] -- Installing: /home/rex/Emmanuel_Jr_robot/install/linorobot2_description/share/linorobot2_description/rviz/description.rviz
[1.100s] -- Installing: /home/rex/Emmanuel_Jr_robot/install/linorobot2_description/share/ament_index/resource_index/package_run_dependencies/linorobot2_description
[1.100s] -- Installing: /home/rex/Emmanuel_Jr_robot/install/linorobot2_description/share/ament_index/resource_index/parent_prefix_path/linorobot2_description
[1.100s] -- Installing: /home/rex/Emmanuel_Jr_robot/install/linorobot2_description/share/linorobot2_description/environment/ament_prefix_path.sh
[1.100s] -- Installing: /home/rex/Emmanuel_Jr_robot/install/linorobot2_description/share/linorobot2_description/environment/ament_prefix_path.dsv
[1.100s] -- Installing: /home/rex/Emmanuel_Jr_robot/install/linorobot2_description/share/linorobot2_description/environment/path.sh
[1.101s] -- Installing: /home/rex/Emmanuel_Jr_robot/install/linorobot2_description/share/linorobot2_description/environment/path.dsv
[1.101s] -- Installing: /home/rex/Emmanuel_Jr_robot/install/linorobot2_description/share/linorobot2_description/local_setup.bash
[1.101s] -- Installing: /home/rex/Emmanuel_Jr_robot/install/linorobot2_description/share/linorobot2_description/local_setup.sh
[1.101s] -- Installing: /home/rex/Emmanuel_Jr_robot/install/linorobot2_description/share/linorobot2_description/local_setup.zsh
[1.101s] -- Installing: /home/rex/Emmanuel_Jr_robot/install/linorobot2_description/share/linorobot2_description/local_setup.dsv
[1.101s] -- Installing: /home/rex/Emmanuel_Jr_robot/install/linorobot2_description/share/linorobot2_description/package.dsv
[1.102s] -- Installing: /home/rex/Emmanuel_Jr_robot/install/linorobot2_description/share/ament_index/resource_index/packages/linorobot2_description
[1.102s] -- Installing: /home/rex/Emmanuel_Jr_robot/install/linorobot2_description/share/linorobot2_description/cmake/linorobot2_descriptionConfig.cmake
[1.102s] -- Installing: /home/rex/Emmanuel_Jr_robot/install/linorobot2_description/share/linorobot2_description/cmake/linorobot2_descriptionConfig-version.cmake
[1.102s] -- Installing: /home/rex/Emmanuel_Jr_robot/install/linorobot2_description/share/linorobot2_description/package.xml
[1.104s] Invoked command in '/home/rex/Emmanuel_Jr_robot/build/linorobot2_description' returned '0': CMAKE_PREFIX_PATH=${CMAKE_PREFIX_PATH}:/home/rex/Emmanuel_Jr_robot/install/nav2_simple_commander:/home/rex/Emmanuel_Jr_robot/install/nav2_gazebo_spawner:/home/rex/Emmanuel_Jr_robot/install/emmanuelJr:/home/rex/Emmanuel_Jr_robot/install/emmanuel:/opt/ros/galactic /usr/bin/cmake --install /home/rex/Emmanuel_Jr_robot/build/linorobot2_description
