[0.022s] Invoking command in '/home/rex/Emmanuel_Jr_robot/build/linorobot2_navigation': CMAKE_PREFIX_PATH=${CMAKE_PREFIX_PATH}:/home/rex/Emmanuel_Jr_robot/install/nav2_simple_commander:/home/rex/Emmanuel_Jr_robot/install/nav2_gazebo_spawner:/home/rex/Emmanuel_Jr_robot/install/emmanuelJr:/home/rex/Emmanuel_Jr_robot/install/emmanuel:/opt/ros/galactic /usr/bin/cmake /home/rex/Emmanuel_Jr_robot/src/linorobot2/linorobot2_navigation -DCMAKE_INSTALL_PREFIX=/home/rex/Emmanuel_Jr_robot/install/linorobot2_navigation
[0.103s] -- The C compiler identification is GNU 9.4.0
[0.165s] -- The CXX compiler identification is GNU 9.4.0
[0.171s] -- Check for working C compiler: /usr/bin/cc
[0.246s] -- Check for working C compiler: /usr/bin/cc -- works
[0.247s] -- Detecting C compiler ABI info
[0.334s] -- Detecting C compiler ABI info - done
[0.346s] -- Detecting C compile features
[0.346s] -- Detecting C compile features - done
[0.349s] -- Check for working CXX compiler: /usr/bin/c++
[0.450s] -- Check for working CXX compiler: /usr/bin/c++ -- works
[0.451s] -- Detecting CXX compiler ABI info
[0.566s] -- Detecting CXX compiler ABI info - done
[0.580s] -- Detecting CXX compile features
[0.581s] -- Detecting CXX compile features - done
[0.584s] -- Found ament_cmake: 1.1.5 (/opt/ros/galactic/share/ament_cmake/cmake)
[0.612s] -- Found PythonInterp: /usr/bin/python3 (found suitable version "3.8.10", minimum required is "3") 
[0.613s] -- Using PYTHON_EXECUTABLE: /usr/bin/python3
[0.767s] -- Configuring done
[0.770s] -- Generating done
[0.771s] -- Build files have been written to: /home/rex/Emmanuel_Jr_robot/build/linorobot2_navigation
[0.777s] Invoked command in '/home/rex/Emmanuel_Jr_robot/build/linorobot2_navigation' returned '0': CMAKE_PREFIX_PATH=${CMAKE_PREFIX_PATH}:/home/rex/Emmanuel_Jr_robot/install/nav2_simple_commander:/home/rex/Emmanuel_Jr_robot/install/nav2_gazebo_spawner:/home/rex/Emmanuel_Jr_robot/install/emmanuelJr:/home/rex/Emmanuel_Jr_robot/install/emmanuel:/opt/ros/galactic /usr/bin/cmake /home/rex/Emmanuel_Jr_robot/src/linorobot2/linorobot2_navigation -DCMAKE_INSTALL_PREFIX=/home/rex/Emmanuel_Jr_robot/install/linorobot2_navigation
[0.778s] Invoking command in '/home/rex/Emmanuel_Jr_robot/build/linorobot2_navigation': CMAKE_PREFIX_PATH=${CMAKE_PREFIX_PATH}:/home/rex/Emmanuel_Jr_robot/install/nav2_simple_commander:/home/rex/Emmanuel_Jr_robot/install/nav2_gazebo_spawner:/home/rex/Emmanuel_Jr_robot/install/emmanuelJr:/home/rex/Emmanuel_Jr_robot/install/emmanuel:/opt/ros/galactic /usr/bin/cmake --build /home/rex/Emmanuel_Jr_robot/build/linorobot2_navigation -- -j2 -l2
[0.825s] Invoked command in '/home/rex/Emmanuel_Jr_robot/build/linorobot2_navigation' returned '0': CMAKE_PREFIX_PATH=${CMAKE_PREFIX_PATH}:/home/rex/Emmanuel_Jr_robot/install/nav2_simple_commander:/home/rex/Emmanuel_Jr_robot/install/nav2_gazebo_spawner:/home/rex/Emmanuel_Jr_robot/install/emmanuelJr:/home/rex/Emmanuel_Jr_robot/install/emmanuel:/opt/ros/galactic /usr/bin/cmake --build /home/rex/Emmanuel_Jr_robot/build/linorobot2_navigation -- -j2 -l2
[0.856s] Invoking command in '/home/rex/Emmanuel_Jr_robot/build/linorobot2_navigation': CMAKE_PREFIX_PATH=${CMAKE_PREFIX_PATH}:/home/rex/Emmanuel_Jr_robot/install/nav2_simple_commander:/home/rex/Emmanuel_Jr_robot/install/nav2_gazebo_spawner:/home/rex/Emmanuel_Jr_robot/install/emmanuelJr:/home/rex/Emmanuel_Jr_robot/install/emmanuel:/opt/ros/galactic /usr/bin/cmake --install /home/rex/Emmanuel_Jr_robot/build/linorobot2_navigation
[0.867s] -- Install configuration: ""
[0.868s] -- Installing: /home/rex/Emmanuel_Jr_robot/install/linorobot2_navigation/share/linorobot2_navigation/launch
[0.869s] -- Installing: /home/rex/Emmanuel_Jr_robot/install/linorobot2_navigation/share/linorobot2_navigation/launch/navigation.launch.py
[0.869s] -- Installing: /home/rex/Emmanuel_Jr_robot/install/linorobot2_navigation/share/linorobot2_navigation/launch/slam.launch.py
[0.869s] -- Installing: /home/rex/Emmanuel_Jr_robot/install/linorobot2_navigation/share/linorobot2_navigation/rviz
[0.869s] -- Installing: /home/rex/Emmanuel_Jr_robot/install/linorobot2_navigation/share/linorobot2_navigation/rviz/linorobot2_navigation_minimal.rviz
[0.869s] -- Installing: /home/rex/Emmanuel_Jr_robot/install/linorobot2_navigation/share/linorobot2_navigation/rviz/linorobot2_slam.rviz
[0.869s] -- Installing: /home/rex/Emmanuel_Jr_robot/install/linorobot2_navigation/share/linorobot2_navigation/rviz/linorobot2_navigation.rviz
[0.870s] -- Installing: /home/rex/Emmanuel_Jr_robot/install/linorobot2_navigation/share/linorobot2_navigation/config
[0.870s] -- Installing: /home/rex/Emmanuel_Jr_robot/install/linorobot2_navigation/share/linorobot2_navigation/config/slam.yaml
[0.870s] -- Installing: /home/rex/Emmanuel_Jr_robot/install/linorobot2_navigation/share/linorobot2_navigation/config/navigation.yaml
[0.871s] -- Installing: /home/rex/Emmanuel_Jr_robot/install/linorobot2_navigation/share/linorobot2_navigation/maps
[0.871s] -- Installing: /home/rex/Emmanuel_Jr_robot/install/linorobot2_navigation/share/linorobot2_navigation/maps/playground.yaml
[0.871s] -- Installing: /home/rex/Emmanuel_Jr_robot/install/linorobot2_navigation/share/linorobot2_navigation/maps/playground.pgm
[0.872s] -- Installing: /home/rex/Emmanuel_Jr_robot/install/linorobot2_navigation/share/ament_index/resource_index/package_run_dependencies/linorobot2_navigation
[0.872s] -- Installing: /home/rex/Emmanuel_Jr_robot/install/linorobot2_navigation/share/ament_index/resource_index/parent_prefix_path/linorobot2_navigation
[0.872s] -- Installing: /home/rex/Emmanuel_Jr_robot/install/linorobot2_navigation/share/linorobot2_navigation/environment/ament_prefix_path.sh
[0.873s] -- Installing: /home/rex/Emmanuel_Jr_robot/install/linorobot2_navigation/share/linorobot2_navigation/environment/ament_prefix_path.dsv
[0.873s] -- Installing: /home/rex/Emmanuel_Jr_robot/install/linorobot2_navigation/share/linorobot2_navigation/environment/path.sh
[0.873s] -- Installing: /home/rex/Emmanuel_Jr_robot/install/linorobot2_navigation/share/linorobot2_navigation/environment/path.dsv
[0.874s] -- Installing: /home/rex/Emmanuel_Jr_robot/install/linorobot2_navigation/share/linorobot2_navigation/local_setup.bash
[0.874s] -- Installing: /home/rex/Emmanuel_Jr_robot/install/linorobot2_navigation/share/linorobot2_navigation/local_setup.sh
[0.874s] -- Installing: /home/rex/Emmanuel_Jr_robot/install/linorobot2_navigation/share/linorobot2_navigation/local_setup.zsh
[0.874s] -- Installing: /home/rex/Emmanuel_Jr_robot/install/linorobot2_navigation/share/linorobot2_navigation/local_setup.dsv
[0.875s] -- Installing: /home/rex/Emmanuel_Jr_robot/install/linorobot2_navigation/share/linorobot2_navigation/package.dsv
[0.875s] -- Installing: /home/rex/Emmanuel_Jr_robot/install/linorobot2_navigation/share/ament_index/resource_index/packages/linorobot2_navigation
[0.875s] -- Installing: /home/rex/Emmanuel_Jr_robot/install/linorobot2_navigation/share/linorobot2_navigation/cmake/linorobot2_navigationConfig.cmake
[0.875s] -- Installing: /home/rex/Emmanuel_Jr_robot/install/linorobot2_navigation/share/linorobot2_navigation/cmake/linorobot2_navigationConfig-version.cmake
[0.876s] -- Installing: /home/rex/Emmanuel_Jr_robot/install/linorobot2_navigation/share/linorobot2_navigation/package.xml
[0.879s] Invoked command in '/home/rex/Emmanuel_Jr_robot/build/linorobot2_navigation' returned '0': CMAKE_PREFIX_PATH=${CMAKE_PREFIX_PATH}:/home/rex/Emmanuel_Jr_robot/install/nav2_simple_commander:/home/rex/Emmanuel_Jr_robot/install/nav2_gazebo_spawner:/home/rex/Emmanuel_Jr_robot/install/emmanuelJr:/home/rex/Emmanuel_Jr_robot/install/emmanuel:/opt/ros/galactic /usr/bin/cmake --install /home/rex/Emmanuel_Jr_robot/build/linorobot2_navigation
