[0.026s] Invoking command in '/home/snake/Emmanuel_Jr_robot/build/nav2_amcl': AMENT_PREFIX_PATH=/home/snake/Emmanuel_Jr_robot/install/nav2_util:/home/snake/Emmanuel_Jr_robot/install/nav2_msgs:/home/snake/Emmanuel_Jr_robot/install/nav2_common:${AMENT_PREFIX_PATH} CMAKE_PREFIX_PATH=/home/snake/Emmanuel_Jr_robot/install/nav2_util:/home/snake/Emmanuel_Jr_robot/install/nav2_msgs:/home/snake/Emmanuel_Jr_robot/install/nav2_common:/opt/ros/galactic LD_LIBRARY_PATH=/home/snake/Emmanuel_Jr_robot/install/nav2_util/lib:/home/snake/Emmanuel_Jr_robot/install/nav2_msgs/lib:${LD_LIBRARY_PATH} PYTHONPATH=/home/snake/Emmanuel_Jr_robot/install/nav2_msgs/lib/python3.8/site-packages:/home/snake/Emmanuel_Jr_robot/install/nav2_common/lib/python3.8/site-packages:${PYTHONPATH} /usr/bin/cmake /home/snake/Emmanuel_Jr_robot/src/navigation2/nav2_amcl -DCMAKE_INSTALL_PREFIX=/home/snake/Emmanuel_Jr_robot/install/nav2_amcl
[0.054s] -- Found ament_cmake: 1.1.5 (/opt/ros/galactic/share/ament_cmake/cmake)
[0.081s] -- Using PYTHON_EXECUTABLE: /usr/bin/python3
[0.130s] -- Override CMake install command with custom implementation using symlinks instead of copying resources
[0.139s] -- Found nav2_common: 1.0.12 (/home/snake/Emmanuel_Jr_robot/install/nav2_common/share/nav2_common/cmake)
[0.140s] -- Found rclcpp: 9.2.1 (/opt/ros/galactic/share/rclcpp/cmake)
[0.181s] -- Using all available rosidl_typesupport_c: rosidl_typesupport_fastrtps_c;rosidl_typesupport_introspection_c
[0.185s] -- Found rosidl_adapter: 2.2.2 (/opt/ros/galactic/share/rosidl_adapter/cmake)
[0.292s] -- Using all available rosidl_typesupport_cpp: rosidl_typesupport_fastrtps_cpp;rosidl_typesupport_introspection_cpp
[0.340s] -- Found rmw_implementation_cmake: 3.3.1 (/opt/ros/galactic/share/rmw_implementation_cmake/cmake)
[0.341s] -- Found rmw_cyclonedds_cpp: 0.22.5 (/opt/ros/galactic/share/rmw_cyclonedds_cpp/cmake)
[0.358s] -- Using RMW implementation 'rmw_cyclonedds_cpp' as default
[0.486s] -- Found rclcpp_lifecycle: 9.2.1 (/opt/ros/galactic/share/rclcpp_lifecycle/cmake)
[0.513s] -- Found message_filters: 3.2.6 (/opt/ros/galactic/share/message_filters/cmake)
[0.521s] -- Found tf2_geometry_msgs: 0.17.3 (/opt/ros/galactic/share/tf2_geometry_msgs/cmake)
[0.560s] -- Found eigen3_cmake_module: 0.1.1 (/opt/ros/galactic/share/eigen3_cmake_module/cmake)
[0.930s] -- Found nav_msgs: 2.2.4 (/opt/ros/galactic/share/nav_msgs/cmake)
[0.996s] -- Found sensor_msgs: 2.2.4 (/opt/ros/galactic/share/sensor_msgs/cmake)
[1.062s] -- Found std_srvs: 2.2.4 (/opt/ros/galactic/share/std_srvs/cmake)
[1.073s] -- Found nav2_util: 1.0.12 (/home/snake/Emmanuel_Jr_robot/install/nav2_util/share/nav2_util/cmake)
[2.723s] -- Found ament_lint_auto: 0.10.7 (/opt/ros/galactic/share/ament_lint_auto/cmake)
[2.791s] -- Added test 'cppcheck' to perform static code analysis on C / C++ code
[2.791s] -- Configured cppcheck include dirs: /home/snake/Emmanuel_Jr_robot/src/navigation2/nav2_amcl/include;/home/snake/Emmanuel_Jr_robot/src/navigation2/nav2_amcl/src/include
[2.791s] -- Configured cppcheck exclude dirs and/or files: 
[2.792s] -- Added test 'lint_cmake' to check CMake code style
[2.794s] -- Added test 'uncrustify' to check C / C++ code style
[2.794s] -- Configured uncrustify additional arguments: 
[2.795s] -- Added test 'xmllint' to check XML markup files
[2.805s] -- Configuring done
[2.918s] -- Generating done
[2.922s] -- Build files have been written to: /home/snake/Emmanuel_Jr_robot/build/nav2_amcl
[2.933s] Invoked command in '/home/snake/Emmanuel_Jr_robot/build/nav2_amcl' returned '0': AMENT_PREFIX_PATH=/home/snake/Emmanuel_Jr_robot/install/nav2_util:/home/snake/Emmanuel_Jr_robot/install/nav2_msgs:/home/snake/Emmanuel_Jr_robot/install/nav2_common:${AMENT_PREFIX_PATH} CMAKE_PREFIX_PATH=/home/snake/Emmanuel_Jr_robot/install/nav2_util:/home/snake/Emmanuel_Jr_robot/install/nav2_msgs:/home/snake/Emmanuel_Jr_robot/install/nav2_common:/opt/ros/galactic LD_LIBRARY_PATH=/home/snake/Emmanuel_Jr_robot/install/nav2_util/lib:/home/snake/Emmanuel_Jr_robot/install/nav2_msgs/lib:${LD_LIBRARY_PATH} PYTHONPATH=/home/snake/Emmanuel_Jr_robot/install/nav2_msgs/lib/python3.8/site-packages:/home/snake/Emmanuel_Jr_robot/install/nav2_common/lib/python3.8/site-packages:${PYTHONPATH} /usr/bin/cmake /home/snake/Emmanuel_Jr_robot/src/navigation2/nav2_amcl -DCMAKE_INSTALL_PREFIX=/home/snake/Emmanuel_Jr_robot/install/nav2_amcl
[2.936s] Invoking command in '/home/snake/Emmanuel_Jr_robot/build/nav2_amcl': AMENT_PREFIX_PATH=/home/snake/Emmanuel_Jr_robot/install/nav2_util:/home/snake/Emmanuel_Jr_robot/install/nav2_msgs:/home/snake/Emmanuel_Jr_robot/install/nav2_common:${AMENT_PREFIX_PATH} CMAKE_PREFIX_PATH=/home/snake/Emmanuel_Jr_robot/install/nav2_util:/home/snake/Emmanuel_Jr_robot/install/nav2_msgs:/home/snake/Emmanuel_Jr_robot/install/nav2_common:/opt/ros/galactic LD_LIBRARY_PATH=/home/snake/Emmanuel_Jr_robot/install/nav2_util/lib:/home/snake/Emmanuel_Jr_robot/install/nav2_msgs/lib:${LD_LIBRARY_PATH} PYTHONPATH=/home/snake/Emmanuel_Jr_robot/install/nav2_msgs/lib/python3.8/site-packages:/home/snake/Emmanuel_Jr_robot/install/nav2_common/lib/python3.8/site-packages:${PYTHONPATH} /usr/bin/cmake --build /home/snake/Emmanuel_Jr_robot/build/nav2_amcl -- -j2 -l2
[2.990s] [ 20%] Built target map_lib
[3.011s] [ 48%] Built target pf_lib
[3.031s] [ 68%] Built target sensors_lib
[3.053s] [ 84%] Built target motions_lib
[3.086s] [ 92%] Built target amcl_core
[3.116s] [100%] Built target amcl
[3.128s] Invoked command in '/home/snake/Emmanuel_Jr_robot/build/nav2_amcl' returned '0': AMENT_PREFIX_PATH=/home/snake/Emmanuel_Jr_robot/install/nav2_util:/home/snake/Emmanuel_Jr_robot/install/nav2_msgs:/home/snake/Emmanuel_Jr_robot/install/nav2_common:${AMENT_PREFIX_PATH} CMAKE_PREFIX_PATH=/home/snake/Emmanuel_Jr_robot/install/nav2_util:/home/snake/Emmanuel_Jr_robot/install/nav2_msgs:/home/snake/Emmanuel_Jr_robot/install/nav2_common:/opt/ros/galactic LD_LIBRARY_PATH=/home/snake/Emmanuel_Jr_robot/install/nav2_util/lib:/home/snake/Emmanuel_Jr_robot/install/nav2_msgs/lib:${LD_LIBRARY_PATH} PYTHONPATH=/home/snake/Emmanuel_Jr_robot/install/nav2_msgs/lib/python3.8/site-packages:/home/snake/Emmanuel_Jr_robot/install/nav2_common/lib/python3.8/site-packages:${PYTHONPATH} /usr/bin/cmake --build /home/snake/Emmanuel_Jr_robot/build/nav2_amcl -- -j2 -l2
[3.164s] Invoking command in '/home/snake/Emmanuel_Jr_robot/build/nav2_amcl': AMENT_PREFIX_PATH=/home/snake/Emmanuel_Jr_robot/install/nav2_util:/home/snake/Emmanuel_Jr_robot/install/nav2_msgs:/home/snake/Emmanuel_Jr_robot/install/nav2_common:${AMENT_PREFIX_PATH} CMAKE_PREFIX_PATH=/home/snake/Emmanuel_Jr_robot/install/nav2_util:/home/snake/Emmanuel_Jr_robot/install/nav2_msgs:/home/snake/Emmanuel_Jr_robot/install/nav2_common:/opt/ros/galactic LD_LIBRARY_PATH=/home/snake/Emmanuel_Jr_robot/install/nav2_util/lib:/home/snake/Emmanuel_Jr_robot/install/nav2_msgs/lib:${LD_LIBRARY_PATH} PYTHONPATH=/home/snake/Emmanuel_Jr_robot/install/nav2_msgs/lib/python3.8/site-packages:/home/snake/Emmanuel_Jr_robot/install/nav2_common/lib/python3.8/site-packages:${PYTHONPATH} /usr/bin/cmake --install /home/snake/Emmanuel_Jr_robot/build/nav2_amcl
[3.178s] -- Install configuration: "Release"
[3.178s] -- Execute custom install script
[3.179s] -- Up-to-date symlink: /home/snake/Emmanuel_Jr_robot/install/nav2_amcl/lib/libpf_lib.so
[3.180s] -- Up-to-date symlink: /home/snake/Emmanuel_Jr_robot/install/nav2_amcl/lib/libmap_lib.so
[3.182s] -- Up-to-date symlink: /home/snake/Emmanuel_Jr_robot/install/nav2_amcl/lib/libmotions_lib.so
[3.183s] -- Up-to-date symlink: /home/snake/Emmanuel_Jr_robot/install/nav2_amcl/lib/libsensors_lib.so
[3.183s] -- Up-to-date symlink: /home/snake/Emmanuel_Jr_robot/install/nav2_amcl/lib/libamcl_core.so
[3.184s] -- Up-to-date symlink: /home/snake/Emmanuel_Jr_robot/install/nav2_amcl/lib/nav2_amcl/amcl
[3.185s] -- Up-to-date symlink: /home/snake/Emmanuel_Jr_robot/install/nav2_amcl/include//nav2_amcl/amcl_node.hpp
[3.186s] -- Up-to-date symlink: /home/snake/Emmanuel_Jr_robot/install/nav2_amcl/include//nav2_amcl/angleutils.hpp
[3.186s] -- Up-to-date symlink: /home/snake/Emmanuel_Jr_robot/install/nav2_amcl/include//nav2_amcl/map/map.hpp
[3.187s] -- Up-to-date symlink: /home/snake/Emmanuel_Jr_robot/install/nav2_amcl/include//nav2_amcl/motion_model/motion_model.hpp
[3.188s] -- Up-to-date symlink: /home/snake/Emmanuel_Jr_robot/install/nav2_amcl/include//nav2_amcl/pf/eig3.hpp
[3.188s] -- Up-to-date symlink: /home/snake/Emmanuel_Jr_robot/install/nav2_amcl/include//nav2_amcl/pf/pf.hpp
[3.189s] -- Up-to-date symlink: /home/snake/Emmanuel_Jr_robot/install/nav2_amcl/include//nav2_amcl/pf/pf_kdtree.hpp
[3.190s] -- Up-to-date symlink: /home/snake/Emmanuel_Jr_robot/install/nav2_amcl/include//nav2_amcl/pf/pf_pdf.hpp
[3.190s] -- Up-to-date symlink: /home/snake/Emmanuel_Jr_robot/install/nav2_amcl/include//nav2_amcl/pf/pf_vector.hpp
[3.191s] -- Up-to-date symlink: /home/snake/Emmanuel_Jr_robot/install/nav2_amcl/include//nav2_amcl/sensors/laser/laser.hpp
[3.192s] -- Up-to-date symlink: /home/snake/Emmanuel_Jr_robot/install/nav2_amcl/share/nav2_amcl/environment/library_path.sh
[3.192s] -- Up-to-date symlink: /home/snake/Emmanuel_Jr_robot/install/nav2_amcl/share/nav2_amcl/environment/library_path.dsv
[3.193s] -- Up-to-date symlink: /home/snake/Emmanuel_Jr_robot/install/nav2_amcl/share/ament_index/resource_index/package_run_dependencies/nav2_amcl
[3.194s] -- Up-to-date symlink: /home/snake/Emmanuel_Jr_robot/install/nav2_amcl/share/ament_index/resource_index/parent_prefix_path/nav2_amcl
[3.194s] -- Up-to-date symlink: /home/snake/Emmanuel_Jr_robot/install/nav2_amcl/share/nav2_amcl/environment/ament_prefix_path.sh
[3.195s] -- Up-to-date symlink: /home/snake/Emmanuel_Jr_robot/install/nav2_amcl/share/nav2_amcl/environment/ament_prefix_path.dsv
[3.196s] -- Up-to-date symlink: /home/snake/Emmanuel_Jr_robot/install/nav2_amcl/share/nav2_amcl/environment/path.sh
[3.196s] -- Up-to-date symlink: /home/snake/Emmanuel_Jr_robot/install/nav2_amcl/share/nav2_amcl/environment/path.dsv
[3.198s] -- Up-to-date symlink: /home/snake/Emmanuel_Jr_robot/install/nav2_amcl/share/nav2_amcl/local_setup.bash
[3.198s] -- Up-to-date symlink: /home/snake/Emmanuel_Jr_robot/install/nav2_amcl/share/nav2_amcl/local_setup.sh
[3.199s] -- Up-to-date symlink: /home/snake/Emmanuel_Jr_robot/install/nav2_amcl/share/nav2_amcl/local_setup.zsh
[3.200s] -- Up-to-date symlink: /home/snake/Emmanuel_Jr_robot/install/nav2_amcl/share/nav2_amcl/local_setup.dsv
[3.200s] -- Symlinking: /home/snake/Emmanuel_Jr_robot/install/nav2_amcl/share/nav2_amcl/package.dsv
[3.210s] -- Up-to-date symlink: /home/snake/Emmanuel_Jr_robot/install/nav2_amcl/share/ament_index/resource_index/packages/nav2_amcl
[3.211s] -- Up-to-date symlink: /home/snake/Emmanuel_Jr_robot/install/nav2_amcl/share/nav2_amcl/cmake/ament_cmake_export_include_directories-extras.cmake
[3.211s] -- Up-to-date symlink: /home/snake/Emmanuel_Jr_robot/install/nav2_amcl/share/nav2_amcl/cmake/ament_cmake_export_libraries-extras.cmake
[3.212s] -- Up-to-date symlink: /home/snake/Emmanuel_Jr_robot/install/nav2_amcl/share/nav2_amcl/cmake/ament_cmake_export_dependencies-extras.cmake
[3.213s] -- Up-to-date symlink: /home/snake/Emmanuel_Jr_robot/install/nav2_amcl/share/nav2_amcl/cmake/nav2_amclConfig.cmake
[3.213s] -- Up-to-date symlink: /home/snake/Emmanuel_Jr_robot/install/nav2_amcl/share/nav2_amcl/cmake/nav2_amclConfig-version.cmake
[3.219s] -- Up-to-date symlink: /home/snake/Emmanuel_Jr_robot/install/nav2_amcl/share/nav2_amcl/package.xml
[3.219s] Invoked command in '/home/snake/Emmanuel_Jr_robot/build/nav2_amcl' returned '0': AMENT_PREFIX_PATH=/home/snake/Emmanuel_Jr_robot/install/nav2_util:/home/snake/Emmanuel_Jr_robot/install/nav2_msgs:/home/snake/Emmanuel_Jr_robot/install/nav2_common:${AMENT_PREFIX_PATH} CMAKE_PREFIX_PATH=/home/snake/Emmanuel_Jr_robot/install/nav2_util:/home/snake/Emmanuel_Jr_robot/install/nav2_msgs:/home/snake/Emmanuel_Jr_robot/install/nav2_common:/opt/ros/galactic LD_LIBRARY_PATH=/home/snake/Emmanuel_Jr_robot/install/nav2_util/lib:/home/snake/Emmanuel_Jr_robot/install/nav2_msgs/lib:${LD_LIBRARY_PATH} PYTHONPATH=/home/snake/Emmanuel_Jr_robot/install/nav2_msgs/lib/python3.8/site-packages:/home/snake/Emmanuel_Jr_robot/install/nav2_common/lib/python3.8/site-packages:${PYTHONPATH} /usr/bin/cmake --install /home/snake/Emmanuel_Jr_robot/build/nav2_amcl
