[0.015s] Invoking command in '/home/rex/Emmanuel_Jr_robot/build/linorobot2_base': CMAKE_PREFIX_PATH=${CMAKE_PREFIX_PATH}:/home/rex/Emmanuel_Jr_robot/install/nav2_simple_commander:/home/rex/Emmanuel_Jr_robot/install/nav2_gazebo_spawner:/home/rex/Emmanuel_Jr_robot/install/emmanuelJr:/home/rex/Emmanuel_Jr_robot/install/emmanuel:/opt/ros/galactic /usr/bin/cmake /home/rex/Emmanuel_Jr_robot/src/linorobot2/linorobot2_base -DCMAKE_INSTALL_PREFIX=/home/rex/Emmanuel_Jr_robot/install/linorobot2_base
[0.089s] -- The C compiler identification is GNU 9.4.0
[0.157s] -- The CXX compiler identification is GNU 9.4.0
[0.164s] -- Check for working C compiler: /usr/bin/cc
[0.273s] -- Check for working C compiler: /usr/bin/cc -- works
[0.275s] -- Detecting C compiler ABI info
[0.358s] -- Detecting C compiler ABI info - done
[0.369s] -- Detecting C compile features
[0.369s] -- Detecting C compile features - done
[0.372s] -- Check for working CXX compiler: /usr/bin/c++
[0.472s] -- Check for working CXX compiler: /usr/bin/c++ -- works
[0.472s] -- Detecting CXX compiler ABI info
[0.574s] -- Detecting CXX compiler ABI info - done
[0.581s] -- Detecting CXX compile features
[0.581s] -- Detecting CXX compile features - done
[0.585s] -- Found ament_cmake: 1.1.5 (/opt/ros/galactic/share/ament_cmake/cmake)
[0.618s] -- Found PythonInterp: /usr/bin/python3 (found suitable version "3.8.10", minimum required is "3") 
[0.619s] -- Using PYTHON_EXECUTABLE: /usr/bin/python3
[0.774s] -- Configuring done
[0.776s] -- Generating done
[0.778s] -- Build files have been written to: /home/rex/Emmanuel_Jr_robot/build/linorobot2_base
[0.784s] Invoked command in '/home/rex/Emmanuel_Jr_robot/build/linorobot2_base' returned '0': CMAKE_PREFIX_PATH=${CMAKE_PREFIX_PATH}:/home/rex/Emmanuel_Jr_robot/install/nav2_simple_commander:/home/rex/Emmanuel_Jr_robot/install/nav2_gazebo_spawner:/home/rex/Emmanuel_Jr_robot/install/emmanuelJr:/home/rex/Emmanuel_Jr_robot/install/emmanuel:/opt/ros/galactic /usr/bin/cmake /home/rex/Emmanuel_Jr_robot/src/linorobot2/linorobot2_base -DCMAKE_INSTALL_PREFIX=/home/rex/Emmanuel_Jr_robot/install/linorobot2_base
[0.786s] Invoking command in '/home/rex/Emmanuel_Jr_robot/build/linorobot2_base': CMAKE_PREFIX_PATH=${CMAKE_PREFIX_PATH}:/home/rex/Emmanuel_Jr_robot/install/nav2_simple_commander:/home/rex/Emmanuel_Jr_robot/install/nav2_gazebo_spawner:/home/rex/Emmanuel_Jr_robot/install/emmanuelJr:/home/rex/Emmanuel_Jr_robot/install/emmanuel:/opt/ros/galactic /usr/bin/cmake --build /home/rex/Emmanuel_Jr_robot/build/linorobot2_base -- -j2 -l2
[0.842s] Invoked command in '/home/rex/Emmanuel_Jr_robot/build/linorobot2_base' returned '0': CMAKE_PREFIX_PATH=${CMAKE_PREFIX_PATH}:/home/rex/Emmanuel_Jr_robot/install/nav2_simple_commander:/home/rex/Emmanuel_Jr_robot/install/nav2_gazebo_spawner:/home/rex/Emmanuel_Jr_robot/install/emmanuelJr:/home/rex/Emmanuel_Jr_robot/install/emmanuel:/opt/ros/galactic /usr/bin/cmake --build /home/rex/Emmanuel_Jr_robot/build/linorobot2_base -- -j2 -l2
[0.877s] Invoking command in '/home/rex/Emmanuel_Jr_robot/build/linorobot2_base': CMAKE_PREFIX_PATH=${CMAKE_PREFIX_PATH}:/home/rex/Emmanuel_Jr_robot/install/nav2_simple_commander:/home/rex/Emmanuel_Jr_robot/install/nav2_gazebo_spawner:/home/rex/Emmanuel_Jr_robot/install/emmanuelJr:/home/rex/Emmanuel_Jr_robot/install/emmanuel:/opt/ros/galactic /usr/bin/cmake --install /home/rex/Emmanuel_Jr_robot/build/linorobot2_base
[0.890s] -- Install configuration: ""
[0.890s] -- Installing: /home/rex/Emmanuel_Jr_robot/install/linorobot2_base/share/linorobot2_base/config
[0.891s] -- Installing: /home/rex/Emmanuel_Jr_robot/install/linorobot2_base/share/linorobot2_base/config/ekf.yaml
[0.891s] -- Installing: /home/rex/Emmanuel_Jr_robot/install/linorobot2_base/share/ament_index/resource_index/package_run_dependencies/linorobot2_base
[0.891s] -- Installing: /home/rex/Emmanuel_Jr_robot/install/linorobot2_base/share/ament_index/resource_index/parent_prefix_path/linorobot2_base
[0.892s] -- Installing: /home/rex/Emmanuel_Jr_robot/install/linorobot2_base/share/linorobot2_base/environment/ament_prefix_path.sh
[0.892s] -- Installing: /home/rex/Emmanuel_Jr_robot/install/linorobot2_base/share/linorobot2_base/environment/ament_prefix_path.dsv
[0.892s] -- Installing: /home/rex/Emmanuel_Jr_robot/install/linorobot2_base/share/linorobot2_base/environment/path.sh
[0.893s] -- Installing: /home/rex/Emmanuel_Jr_robot/install/linorobot2_base/share/linorobot2_base/environment/path.dsv
[0.893s] -- Installing: /home/rex/Emmanuel_Jr_robot/install/linorobot2_base/share/linorobot2_base/local_setup.bash
[0.894s] -- Installing: /home/rex/Emmanuel_Jr_robot/install/linorobot2_base/share/linorobot2_base/local_setup.sh
[0.894s] -- Installing: /home/rex/Emmanuel_Jr_robot/install/linorobot2_base/share/linorobot2_base/local_setup.zsh
[0.894s] -- Installing: /home/rex/Emmanuel_Jr_robot/install/linorobot2_base/share/linorobot2_base/local_setup.dsv
[0.894s] -- Installing: /home/rex/Emmanuel_Jr_robot/install/linorobot2_base/share/linorobot2_base/package.dsv
[0.895s] -- Installing: /home/rex/Emmanuel_Jr_robot/install/linorobot2_base/share/ament_index/resource_index/packages/linorobot2_base
[0.895s] -- Installing: /home/rex/Emmanuel_Jr_robot/install/linorobot2_base/share/linorobot2_base/cmake/linorobot2_baseConfig.cmake
[0.895s] -- Installing: /home/rex/Emmanuel_Jr_robot/install/linorobot2_base/share/linorobot2_base/cmake/linorobot2_baseConfig-version.cmake
[0.896s] -- Installing: /home/rex/Emmanuel_Jr_robot/install/linorobot2_base/share/linorobot2_base/package.xml
[0.903s] Invoked command in '/home/rex/Emmanuel_Jr_robot/build/linorobot2_base' returned '0': CMAKE_PREFIX_PATH=${CMAKE_PREFIX_PATH}:/home/rex/Emmanuel_Jr_robot/install/nav2_simple_commander:/home/rex/Emmanuel_Jr_robot/install/nav2_gazebo_spawner:/home/rex/Emmanuel_Jr_robot/install/emmanuelJr:/home/rex/Emmanuel_Jr_robot/install/emmanuel:/opt/ros/galactic /usr/bin/cmake --install /home/rex/Emmanuel_Jr_robot/build/linorobot2_base
