[0.040s] Invoking command in '/home/snake/Emmanuel_Jr_robot/build/nav2_amcl': AMENT_PREFIX_PATH=/home/snake/Emmanuel_Jr_robot/install/nav2_util:/home/snake/Emmanuel_Jr_robot/install/nav2_msgs:/home/snake/Emmanuel_Jr_robot/install/nav2_common:${AMENT_PREFIX_PATH} CMAKE_PREFIX_PATH=/home/snake/Emmanuel_Jr_robot/install/nav2_util:/home/snake/Emmanuel_Jr_robot/install/nav2_msgs:/home/snake/Emmanuel_Jr_robot/install/nav2_common:/opt/ros/galactic LD_LIBRARY_PATH=/home/snake/Emmanuel_Jr_robot/install/nav2_util/lib:/home/snake/Emmanuel_Jr_robot/install/nav2_msgs/lib:${LD_LIBRARY_PATH} PYTHONPATH=/home/snake/Emmanuel_Jr_robot/install/nav2_msgs/lib/python3.8/site-packages:/home/snake/Emmanuel_Jr_robot/install/nav2_common/lib/python3.8/site-packages:${PYTHONPATH} /usr/bin/cmake /home/snake/Emmanuel_Jr_robot/src/navigation2/nav2_amcl -DAMENT_CMAKE_SYMLINK_INSTALL=1 -DCMAKE_INSTALL_PREFIX=/home/snake/Emmanuel_Jr_robot/install/nav2_amcl
[0.124s] -- The C compiler identification is GNU 9.4.0
[0.192s] -- The CXX compiler identification is GNU 9.4.0
[0.197s] -- Check for working C compiler: /usr/bin/cc
[0.293s] -- Check for working C compiler: /usr/bin/cc -- works
[0.294s] -- Detecting C compiler ABI info
[0.385s] -- Detecting C compiler ABI info - done
[0.399s] -- Detecting C compile features
[0.400s] -- Detecting C compile features - done
[0.403s] -- Check for working CXX compiler: /usr/bin/c++
[0.512s] -- Check for working CXX compiler: /usr/bin/c++ -- works
[0.514s] -- Detecting CXX compiler ABI info
[0.616s] -- Detecting CXX compiler ABI info - done
[0.630s] -- Detecting CXX compile features
[0.631s] -- Detecting CXX compile features - done
[0.634s] -- Found ament_cmake: 1.1.5 (/opt/ros/galactic/share/ament_cmake/cmake)
[0.666s] -- Found PythonInterp: /usr/bin/python3 (found suitable version "3.8.10", minimum required is "3") 
[0.667s] -- Using PYTHON_EXECUTABLE: /usr/bin/python3
[0.746s] -- Override CMake install command with custom implementation using symlinks instead of copying resources
[0.774s] -- Found nav2_common: 1.0.12 (/home/snake/Emmanuel_Jr_robot/install/nav2_common/share/nav2_common/cmake)
[0.776s] -- Found rclcpp: 9.2.1 (/opt/ros/galactic/share/rclcpp/cmake)
[0.838s] -- Using all available rosidl_typesupport_c: rosidl_typesupport_fastrtps_c;rosidl_typesupport_introspection_c
[0.847s] -- Found rosidl_adapter: 2.2.2 (/opt/ros/galactic/share/rosidl_adapter/cmake)
[0.940s] -- Found OpenSSL: /usr/lib/x86_64-linux-gnu/libcrypto.so (found version "1.1.1f")  
[0.975s] -- Found FastRTPS: /opt/ros/galactic/include  
[1.084s] -- Using all available rosidl_typesupport_cpp: rosidl_typesupport_fastrtps_cpp;rosidl_typesupport_introspection_cpp
[1.191s] -- Found rmw_implementation_cmake: 3.3.1 (/opt/ros/galactic/share/rmw_implementation_cmake/cmake)
[1.196s] -- Found rmw_cyclonedds_cpp: 0.22.5 (/opt/ros/galactic/share/rmw_cyclonedds_cpp/cmake)
[1.222s] -- Using RMW implementation 'rmw_cyclonedds_cpp' as default
[1.223s] -- Looking for pthread.h
[1.320s] -- Looking for pthread.h - found
[1.320s] -- Performing Test CMAKE_HAVE_LIBC_PTHREAD
[1.423s] -- Performing Test CMAKE_HAVE_LIBC_PTHREAD - Failed
[1.423s] -- Looking for pthread_create in pthreads
[1.505s] -- Looking for pthread_create in pthreads - not found
[1.505s] -- Looking for pthread_create in pthread
[1.593s] -- Looking for pthread_create in pthread - found
[1.595s] -- Found Threads: TRUE  
[1.790s] -- Found rclcpp_lifecycle: 9.2.1 (/opt/ros/galactic/share/rclcpp_lifecycle/cmake)
[1.833s] -- Found message_filters: 3.2.6 (/opt/ros/galactic/share/message_filters/cmake)
[1.846s] -- Found tf2_geometry_msgs: 0.17.3 (/opt/ros/galactic/share/tf2_geometry_msgs/cmake)
[1.907s] -- Found eigen3_cmake_module: 0.1.1 (/opt/ros/galactic/share/eigen3_cmake_module/cmake)
[1.911s] -- Found Eigen3: TRUE (found version "3.3.7") 
[2.437s] -- Found nav_msgs: 2.2.4 (/opt/ros/galactic/share/nav_msgs/cmake)
[2.530s] -- Found sensor_msgs: 2.2.4 (/opt/ros/galactic/share/sensor_msgs/cmake)
[2.623s] -- Found std_srvs: 2.2.4 (/opt/ros/galactic/share/std_srvs/cmake)
[2.635s] -- Found nav2_util: 1.0.12 (/home/snake/Emmanuel_Jr_robot/install/nav2_util/share/nav2_util/cmake)
[3.226s] -- Setting build type to Release as none was specified.
[3.240s] -- Looking for drand48
[3.347s] -- Looking for drand48 - found
[5.085s] -- Found ament_lint_auto: 0.10.7 (/opt/ros/galactic/share/ament_lint_auto/cmake)
[5.184s] -- Added test 'cppcheck' to perform static code analysis on C / C++ code
[5.185s] -- Configured cppcheck include dirs: /home/snake/Emmanuel_Jr_robot/src/navigation2/nav2_amcl/include;/home/snake/Emmanuel_Jr_robot/src/navigation2/nav2_amcl/src/include
[5.185s] -- Configured cppcheck exclude dirs and/or files: 
[5.188s] -- Added test 'lint_cmake' to check CMake code style
[5.190s] -- Added test 'uncrustify' to check C / C++ code style
[5.191s] -- Configured uncrustify additional arguments: 
[5.192s] -- Added test 'xmllint' to check XML markup files
[5.200s] -- Configuring done
[5.337s] -- Generating done
[5.340s] -- Build files have been written to: /home/snake/Emmanuel_Jr_robot/build/nav2_amcl
[5.361s] Invoked command in '/home/snake/Emmanuel_Jr_robot/build/nav2_amcl' returned '0': AMENT_PREFIX_PATH=/home/snake/Emmanuel_Jr_robot/install/nav2_util:/home/snake/Emmanuel_Jr_robot/install/nav2_msgs:/home/snake/Emmanuel_Jr_robot/install/nav2_common:${AMENT_PREFIX_PATH} CMAKE_PREFIX_PATH=/home/snake/Emmanuel_Jr_robot/install/nav2_util:/home/snake/Emmanuel_Jr_robot/install/nav2_msgs:/home/snake/Emmanuel_Jr_robot/install/nav2_common:/opt/ros/galactic LD_LIBRARY_PATH=/home/snake/Emmanuel_Jr_robot/install/nav2_util/lib:/home/snake/Emmanuel_Jr_robot/install/nav2_msgs/lib:${LD_LIBRARY_PATH} PYTHONPATH=/home/snake/Emmanuel_Jr_robot/install/nav2_msgs/lib/python3.8/site-packages:/home/snake/Emmanuel_Jr_robot/install/nav2_common/lib/python3.8/site-packages:${PYTHONPATH} /usr/bin/cmake /home/snake/Emmanuel_Jr_robot/src/navigation2/nav2_amcl -DAMENT_CMAKE_SYMLINK_INSTALL=1 -DCMAKE_INSTALL_PREFIX=/home/snake/Emmanuel_Jr_robot/install/nav2_amcl
[5.362s] Invoking command in '/home/snake/Emmanuel_Jr_robot/build/nav2_amcl': AMENT_PREFIX_PATH=/home/snake/Emmanuel_Jr_robot/install/nav2_util:/home/snake/Emmanuel_Jr_robot/install/nav2_msgs:/home/snake/Emmanuel_Jr_robot/install/nav2_common:${AMENT_PREFIX_PATH} CMAKE_PREFIX_PATH=/home/snake/Emmanuel_Jr_robot/install/nav2_util:/home/snake/Emmanuel_Jr_robot/install/nav2_msgs:/home/snake/Emmanuel_Jr_robot/install/nav2_common:/opt/ros/galactic LD_LIBRARY_PATH=/home/snake/Emmanuel_Jr_robot/install/nav2_util/lib:/home/snake/Emmanuel_Jr_robot/install/nav2_msgs/lib:${LD_LIBRARY_PATH} PYTHONPATH=/home/snake/Emmanuel_Jr_robot/install/nav2_msgs/lib/python3.8/site-packages:/home/snake/Emmanuel_Jr_robot/install/nav2_common/lib/python3.8/site-packages:${PYTHONPATH} /usr/bin/cmake --build /home/snake/Emmanuel_Jr_robot/build/nav2_amcl -- -j2 -l2
[5.423s] [35m[1mScanning dependencies of target map_lib[0m
[5.443s] [  4%] [32mBuilding C object src/map/CMakeFiles/map_lib.dir/map.c.o[0m
[5.501s] [  8%] [32mBuilding C object src/map/CMakeFiles/map_lib.dir/map_range.c.o[0m
[5.605s] [ 12%] [32mBuilding C object src/map/CMakeFiles/map_lib.dir/map_draw.c.o[0m
[5.636s] [ 16%] [32mBuilding CXX object src/map/CMakeFiles/map_lib.dir/map_cspace.cpp.o[0m
[6.130s] [ 20%] [32m[1mLinking CXX shared library libmap_lib.so[0m
[6.218s] [ 20%] Built target map_lib
[6.232s] [35m[1mScanning dependencies of target pf_lib[0m
[6.250s] [ 24%] [32mBuilding C object src/pf/CMakeFiles/pf_lib.dir/pf.c.o[0m
[6.468s] [ 28%] [32mBuilding C object src/pf/CMakeFiles/pf_lib.dir/pf_kdtree.c.o[0m
[6.597s] [ 32%] [32mBuilding C object src/pf/CMakeFiles/pf_lib.dir/pf_pdf.c.o[0m
[6.673s] [ 36%] [32mBuilding C object src/pf/CMakeFiles/pf_lib.dir/pf_vector.c.o[0m
[6.747s] [ 40%] [32mBuilding C object src/pf/CMakeFiles/pf_lib.dir/eig3.c.o[0m
[6.915s] [ 44%] [32mBuilding C object src/pf/CMakeFiles/pf_lib.dir/pf_draw.c.o[0m
[6.940s] [ 48%] [32m[1mLinking C shared library libpf_lib.so[0m
[7.029s] [ 48%] Built target pf_lib
[7.044s] [35m[1mScanning dependencies of target sensors_lib[0m
[7.061s] [ 52%] [32mBuilding CXX object src/sensors/CMakeFiles/sensors_lib.dir/laser/laser.cpp.o[0m
[7.482s] [ 56%] [32mBuilding CXX object src/sensors/CMakeFiles/sensors_lib.dir/laser/beam_model.cpp.o[0m
[7.897s] [ 60%] [32mBuilding CXX object src/sensors/CMakeFiles/sensors_lib.dir/laser/likelihood_field_model.cpp.o[0m
[8.359s] [ 64%] [32mBuilding CXX object src/sensors/CMakeFiles/sensors_lib.dir/laser/likelihood_field_model_prob.cpp.o[0m
[8.903s] [ 68%] [32m[1mLinking CXX shared library libsensors_lib.so[0m
[8.997s] [ 68%] Built target sensors_lib
[9.010s] [35m[1mScanning dependencies of target motions_lib[0m
[9.026s] [ 72%] [32mBuilding CXX object src/motion_model/CMakeFiles/motions_lib.dir/omni_motion_model.cpp.o[0m
[9.695s] [ 76%] [32mBuilding CXX object src/motion_model/CMakeFiles/motions_lib.dir/differential_motion_model.cpp.o[0m
[10.327s] [ 80%] [32mBuilding CXX object src/motion_model/CMakeFiles/motions_lib.dir/motion_model.cpp.o[0m
[10.665s] [ 84%] [32m[1mLinking CXX shared library libmotions_lib.so[0m
[10.875s] [ 84%] Built target motions_lib
[10.888s] [35m[1mScanning dependencies of target amcl_core[0m
[10.969s] [ 88%] [32mBuilding CXX object CMakeFiles/amcl_core.dir/src/amcl_node.cpp.o[0m
[41.644s] [ 92%] [32m[1mLinking CXX shared library libamcl_core.so[0m
[42.034s] [ 92%] Built target amcl_core
[42.048s] [35m[1mScanning dependencies of target amcl[0m
[42.108s] [ 96%] [32mBuilding CXX object CMakeFiles/amcl.dir/src/main.cpp.o[0m
[46.202s] [100%] [32m[1mLinking CXX executable amcl[0m
[46.484s] [100%] Built target amcl
[46.503s] Invoked command in '/home/snake/Emmanuel_Jr_robot/build/nav2_amcl' returned '0': AMENT_PREFIX_PATH=/home/snake/Emmanuel_Jr_robot/install/nav2_util:/home/snake/Emmanuel_Jr_robot/install/nav2_msgs:/home/snake/Emmanuel_Jr_robot/install/nav2_common:${AMENT_PREFIX_PATH} CMAKE_PREFIX_PATH=/home/snake/Emmanuel_Jr_robot/install/nav2_util:/home/snake/Emmanuel_Jr_robot/install/nav2_msgs:/home/snake/Emmanuel_Jr_robot/install/nav2_common:/opt/ros/galactic LD_LIBRARY_PATH=/home/snake/Emmanuel_Jr_robot/install/nav2_util/lib:/home/snake/Emmanuel_Jr_robot/install/nav2_msgs/lib:${LD_LIBRARY_PATH} PYTHONPATH=/home/snake/Emmanuel_Jr_robot/install/nav2_msgs/lib/python3.8/site-packages:/home/snake/Emmanuel_Jr_robot/install/nav2_common/lib/python3.8/site-packages:${PYTHONPATH} /usr/bin/cmake --build /home/snake/Emmanuel_Jr_robot/build/nav2_amcl -- -j2 -l2
[46.545s] Invoking command in '/home/snake/Emmanuel_Jr_robot/build/nav2_amcl': AMENT_PREFIX_PATH=/home/snake/Emmanuel_Jr_robot/install/nav2_util:/home/snake/Emmanuel_Jr_robot/install/nav2_msgs:/home/snake/Emmanuel_Jr_robot/install/nav2_common:${AMENT_PREFIX_PATH} CMAKE_PREFIX_PATH=/home/snake/Emmanuel_Jr_robot/install/nav2_util:/home/snake/Emmanuel_Jr_robot/install/nav2_msgs:/home/snake/Emmanuel_Jr_robot/install/nav2_common:/opt/ros/galactic LD_LIBRARY_PATH=/home/snake/Emmanuel_Jr_robot/install/nav2_util/lib:/home/snake/Emmanuel_Jr_robot/install/nav2_msgs/lib:${LD_LIBRARY_PATH} PYTHONPATH=/home/snake/Emmanuel_Jr_robot/install/nav2_msgs/lib/python3.8/site-packages:/home/snake/Emmanuel_Jr_robot/install/nav2_common/lib/python3.8/site-packages:${PYTHONPATH} /usr/bin/cmake --install /home/snake/Emmanuel_Jr_robot/build/nav2_amcl
[46.561s] -- Install configuration: "Release"
[46.562s] -- Execute custom install script
[46.563s] -- Symlinking: /home/snake/Emmanuel_Jr_robot/install/nav2_amcl/lib/libpf_lib.so
[46.576s] -- Symlinking: /home/snake/Emmanuel_Jr_robot/install/nav2_amcl/lib/libmap_lib.so
[46.588s] -- Symlinking: /home/snake/Emmanuel_Jr_robot/install/nav2_amcl/lib/libmotions_lib.so
[46.600s] -- Symlinking: /home/snake/Emmanuel_Jr_robot/install/nav2_amcl/lib/libsensors_lib.so
[46.612s] -- Symlinking: /home/snake/Emmanuel_Jr_robot/install/nav2_amcl/lib/libamcl_core.so
[46.625s] -- Symlinking: /home/snake/Emmanuel_Jr_robot/install/nav2_amcl/lib/nav2_amcl/amcl
[46.637s] -- Symlinking: /home/snake/Emmanuel_Jr_robot/install/nav2_amcl/include//nav2_amcl/amcl_node.hpp
[46.650s] -- Symlinking: /home/snake/Emmanuel_Jr_robot/install/nav2_amcl/include//nav2_amcl/angleutils.hpp
[46.664s] -- Symlinking: /home/snake/Emmanuel_Jr_robot/install/nav2_amcl/include//nav2_amcl/map/map.hpp
[46.675s] -- Symlinking: /home/snake/Emmanuel_Jr_robot/install/nav2_amcl/include//nav2_amcl/motion_model/motion_model.hpp
[46.687s] -- Symlinking: /home/snake/Emmanuel_Jr_robot/install/nav2_amcl/include//nav2_amcl/pf/eig3.hpp
[46.699s] -- Symlinking: /home/snake/Emmanuel_Jr_robot/install/nav2_amcl/include//nav2_amcl/pf/pf.hpp
[46.713s] -- Symlinking: /home/snake/Emmanuel_Jr_robot/install/nav2_amcl/include//nav2_amcl/pf/pf_kdtree.hpp
[46.726s] -- Symlinking: /home/snake/Emmanuel_Jr_robot/install/nav2_amcl/include//nav2_amcl/pf/pf_pdf.hpp
[46.741s] -- Symlinking: /home/snake/Emmanuel_Jr_robot/install/nav2_amcl/include//nav2_amcl/pf/pf_vector.hpp
[46.755s] -- Symlinking: /home/snake/Emmanuel_Jr_robot/install/nav2_amcl/include//nav2_amcl/sensors/laser/laser.hpp
[46.772s] -- Symlinking: /home/snake/Emmanuel_Jr_robot/install/nav2_amcl/share/nav2_amcl/environment/library_path.sh
[46.785s] -- Symlinking: /home/snake/Emmanuel_Jr_robot/install/nav2_amcl/share/nav2_amcl/environment/library_path.dsv
[46.797s] -- Symlinking: /home/snake/Emmanuel_Jr_robot/install/nav2_amcl/share/ament_index/resource_index/package_run_dependencies/nav2_amcl
[46.810s] -- Symlinking: /home/snake/Emmanuel_Jr_robot/install/nav2_amcl/share/ament_index/resource_index/parent_prefix_path/nav2_amcl
[46.823s] -- Symlinking: /home/snake/Emmanuel_Jr_robot/install/nav2_amcl/share/nav2_amcl/environment/ament_prefix_path.sh
[46.836s] -- Symlinking: /home/snake/Emmanuel_Jr_robot/install/nav2_amcl/share/nav2_amcl/environment/ament_prefix_path.dsv
[46.848s] -- Symlinking: /home/snake/Emmanuel_Jr_robot/install/nav2_amcl/share/nav2_amcl/environment/path.sh
[46.861s] -- Symlinking: /home/snake/Emmanuel_Jr_robot/install/nav2_amcl/share/nav2_amcl/environment/path.dsv
[46.874s] -- Symlinking: /home/snake/Emmanuel_Jr_robot/install/nav2_amcl/share/nav2_amcl/local_setup.bash
[46.886s] -- Symlinking: /home/snake/Emmanuel_Jr_robot/install/nav2_amcl/share/nav2_amcl/local_setup.sh
[46.898s] -- Symlinking: /home/snake/Emmanuel_Jr_robot/install/nav2_amcl/share/nav2_amcl/local_setup.zsh
[46.909s] -- Symlinking: /home/snake/Emmanuel_Jr_robot/install/nav2_amcl/share/nav2_amcl/local_setup.dsv
[46.922s] -- Symlinking: /home/snake/Emmanuel_Jr_robot/install/nav2_amcl/share/nav2_amcl/package.dsv
[46.934s] -- Symlinking: /home/snake/Emmanuel_Jr_robot/install/nav2_amcl/share/ament_index/resource_index/packages/nav2_amcl
[46.947s] -- Symlinking: /home/snake/Emmanuel_Jr_robot/install/nav2_amcl/share/nav2_amcl/cmake/ament_cmake_export_include_directories-extras.cmake
[46.960s] -- Symlinking: /home/snake/Emmanuel_Jr_robot/install/nav2_amcl/share/nav2_amcl/cmake/ament_cmake_export_libraries-extras.cmake
[46.974s] -- Symlinking: /home/snake/Emmanuel_Jr_robot/install/nav2_amcl/share/nav2_amcl/cmake/ament_cmake_export_dependencies-extras.cmake
[46.986s] -- Symlinking: /home/snake/Emmanuel_Jr_robot/install/nav2_amcl/share/nav2_amcl/cmake/nav2_amclConfig.cmake
[46.998s] -- Symlinking: /home/snake/Emmanuel_Jr_robot/install/nav2_amcl/share/nav2_amcl/cmake/nav2_amclConfig-version.cmake
[47.010s] -- Symlinking: /home/snake/Emmanuel_Jr_robot/install/nav2_amcl/share/nav2_amcl/package.xml
[47.029s] Invoked command in '/home/snake/Emmanuel_Jr_robot/build/nav2_amcl' returned '0': AMENT_PREFIX_PATH=/home/snake/Emmanuel_Jr_robot/install/nav2_util:/home/snake/Emmanuel_Jr_robot/install/nav2_msgs:/home/snake/Emmanuel_Jr_robot/install/nav2_common:${AMENT_PREFIX_PATH} CMAKE_PREFIX_PATH=/home/snake/Emmanuel_Jr_robot/install/nav2_util:/home/snake/Emmanuel_Jr_robot/install/nav2_msgs:/home/snake/Emmanuel_Jr_robot/install/nav2_common:/opt/ros/galactic LD_LIBRARY_PATH=/home/snake/Emmanuel_Jr_robot/install/nav2_util/lib:/home/snake/Emmanuel_Jr_robot/install/nav2_msgs/lib:${LD_LIBRARY_PATH} PYTHONPATH=/home/snake/Emmanuel_Jr_robot/install/nav2_msgs/lib/python3.8/site-packages:/home/snake/Emmanuel_Jr_robot/install/nav2_common/lib/python3.8/site-packages:${PYTHONPATH} /usr/bin/cmake --install /home/snake/Emmanuel_Jr_robot/build/nav2_amcl
