[0.048s] Invoking command in '/home/snake/Emmanuel_Jr_robot/build/nav2_recoveries': AMENT_PREFIX_PATH=/home/snake/Emmanuel_Jr_robot/install/nav2_core:/home/snake/Emmanuel_Jr_robot/install/nav2_costmap_2d:/home/snake/Emmanuel_Jr_robot/install/nav2_behavior_tree:/home/snake/Emmanuel_Jr_robot/install/nav2_util:/home/snake/Emmanuel_Jr_robot/install/nav2_voxel_grid:/home/snake/Emmanuel_Jr_robot/install/nav2_msgs:/home/snake/Emmanuel_Jr_robot/install/nav2_common:${AMENT_PREFIX_PATH} CMAKE_PREFIX_PATH=/home/snake/Emmanuel_Jr_robot/install/nav2_core:/home/snake/Emmanuel_Jr_robot/install/nav2_costmap_2d:/home/snake/Emmanuel_Jr_robot/install/nav2_behavior_tree:/home/snake/Emmanuel_Jr_robot/install/nav2_util:/home/snake/Emmanuel_Jr_robot/install/nav2_voxel_grid:/home/snake/Emmanuel_Jr_robot/install/nav2_msgs:/home/snake/Emmanuel_Jr_robot/install/nav2_common:/opt/ros/galactic LD_LIBRARY_PATH=/home/snake/Emmanuel_Jr_robot/install/nav2_costmap_2d/lib:/home/snake/Emmanuel_Jr_robot/install/nav2_behavior_tree/lib:/home/snake/Emmanuel_Jr_robot/install/nav2_util/lib:/home/snake/Emmanuel_Jr_robot/install/nav2_voxel_grid/lib:/home/snake/Emmanuel_Jr_robot/install/nav2_msgs/lib:${LD_LIBRARY_PATH} PYTHONPATH=/home/snake/Emmanuel_Jr_robot/install/nav2_msgs/lib/python3.8/site-packages:/home/snake/Emmanuel_Jr_robot/install/nav2_common/lib/python3.8/site-packages:${PYTHONPATH} /usr/bin/cmake /home/snake/Emmanuel_Jr_robot/src/navigation2/nav2_recoveries -DAMENT_CMAKE_SYMLINK_INSTALL=1 -DCMAKE_INSTALL_PREFIX=/home/snake/Emmanuel_Jr_robot/install/nav2_recoveries
[0.131s] -- The C compiler identification is GNU 9.4.0
[0.200s] -- The CXX compiler identification is GNU 9.4.0
[0.206s] -- Check for working C compiler: /usr/bin/cc
[0.302s] -- Check for working C compiler: /usr/bin/cc -- works
[0.304s] -- Detecting C compiler ABI info
[0.410s] -- Detecting C compiler ABI info - done
[0.424s] -- Detecting C compile features
[0.425s] -- Detecting C compile features - done
[0.427s] -- Check for working CXX compiler: /usr/bin/c++
[0.527s] -- Check for working CXX compiler: /usr/bin/c++ -- works
[0.529s] -- Detecting CXX compiler ABI info
[0.625s] -- Detecting CXX compiler ABI info - done
[0.640s] -- Detecting CXX compile features
[0.640s] -- Detecting CXX compile features - done
[0.644s] -- Found ament_cmake: 1.1.5 (/opt/ros/galactic/share/ament_cmake/cmake)
[0.679s] -- Found PythonInterp: /usr/bin/python3 (found suitable version "3.8.10", minimum required is "3") 
[0.679s] -- Using PYTHON_EXECUTABLE: /usr/bin/python3
[0.766s] -- Override CMake install command with custom implementation using symlinks instead of copying resources
[0.860s] -- Found nav2_common: 1.0.12 (/home/snake/Emmanuel_Jr_robot/install/nav2_common/share/nav2_common/cmake)
[0.862s] -- Found rclcpp: 9.2.1 (/opt/ros/galactic/share/rclcpp/cmake)
[0.934s] -- Using all available rosidl_typesupport_c: rosidl_typesupport_fastrtps_c;rosidl_typesupport_introspection_c
[0.944s] -- Found rosidl_adapter: 2.2.2 (/opt/ros/galactic/share/rosidl_adapter/cmake)
[1.034s] -- Found OpenSSL: /usr/lib/x86_64-linux-gnu/libcrypto.so (found version "1.1.1f")  
[1.067s] -- Found FastRTPS: /opt/ros/galactic/include  
[1.170s] -- Using all available rosidl_typesupport_cpp: rosidl_typesupport_fastrtps_cpp;rosidl_typesupport_introspection_cpp
[1.271s] -- Found rmw_implementation_cmake: 3.3.1 (/opt/ros/galactic/share/rmw_implementation_cmake/cmake)
[1.276s] -- Found rmw_cyclonedds_cpp: 0.22.5 (/opt/ros/galactic/share/rmw_cyclonedds_cpp/cmake)
[1.312s] -- Using RMW implementation 'rmw_cyclonedds_cpp' as default
[1.313s] -- Looking for pthread.h
[1.408s] -- Looking for pthread.h - found
[1.409s] -- Performing Test CMAKE_HAVE_LIBC_PTHREAD
[1.506s] -- Performing Test CMAKE_HAVE_LIBC_PTHREAD - Failed
[1.507s] -- Looking for pthread_create in pthreads
[1.577s] -- Looking for pthread_create in pthreads - not found
[1.577s] -- Looking for pthread_create in pthread
[1.664s] -- Looking for pthread_create in pthread - found
[1.666s] -- Found Threads: TRUE  
[1.846s] -- Found rclcpp_action: 9.2.1 (/opt/ros/galactic/share/rclcpp_action/cmake)
[1.945s] -- Found rclcpp_lifecycle: 9.2.1 (/opt/ros/galactic/share/rclcpp_lifecycle/cmake)
[2.035s] -- Found nav2_behavior_tree: 1.0.12 (/home/snake/Emmanuel_Jr_robot/install/nav2_behavior_tree/share/nav2_behavior_tree/cmake)
[3.054s] -- Found eigen3_cmake_module: 0.1.1 (/opt/ros/galactic/share/eigen3_cmake_module/cmake)
[3.058s] -- Found Eigen3: TRUE (found version "3.3.7") 
[3.734s] -- Found nav2_costmap_2d: 1.0.12 (/home/snake/Emmanuel_Jr_robot/install/nav2_costmap_2d/share/nav2_costmap_2d/cmake)
[4.728s] -- Found nav2_core: 1.0.12 (/home/snake/Emmanuel_Jr_robot/install/nav2_core/share/nav2_core/cmake)
[5.306s] -- Setting build type to Release as none was specified.
[28.073s] -- Found ament_lint_auto: 0.10.7 (/opt/ros/galactic/share/ament_lint_auto/cmake)
[28.176s] -- Found gtest sources under '/opt/ros/galactic/src/gtest_vendor': C++ tests using 'Google Test' will be built
[28.179s] -- Check if compiler accepts -pthread
[28.278s] -- Check if compiler accepts -pthread - yes
[32.839s] -- Added test 'copyright' to check source files copyright and LICENSE
[32.839s] -- Added test 'cppcheck' to perform static code analysis on C / C++ code
[32.840s] -- Configured cppcheck include dirs: /home/snake/Emmanuel_Jr_robot/src/navigation2/nav2_recoveries/include
[32.840s] -- Configured cppcheck exclude dirs and/or files: 
[32.841s] -- Added test 'cpplint' to check C / C++ code against the Google style
[32.841s] -- Configured cpplint exclude dirs and/or files: 
[32.842s] -- Added test 'lint_cmake' to check CMake code style
[32.846s] -- Added test 'uncrustify' to check C / C++ code style
[32.846s] -- Configured uncrustify additional arguments: 
[32.846s] -- Added test 'xmllint' to check XML markup files
[32.855s] -- Configuring done
[33.167s] -- Generating done
[33.170s] -- Build files have been written to: /home/snake/Emmanuel_Jr_robot/build/nav2_recoveries
[33.190s] Invoked command in '/home/snake/Emmanuel_Jr_robot/build/nav2_recoveries' returned '0': AMENT_PREFIX_PATH=/home/snake/Emmanuel_Jr_robot/install/nav2_core:/home/snake/Emmanuel_Jr_robot/install/nav2_costmap_2d:/home/snake/Emmanuel_Jr_robot/install/nav2_behavior_tree:/home/snake/Emmanuel_Jr_robot/install/nav2_util:/home/snake/Emmanuel_Jr_robot/install/nav2_voxel_grid:/home/snake/Emmanuel_Jr_robot/install/nav2_msgs:/home/snake/Emmanuel_Jr_robot/install/nav2_common:${AMENT_PREFIX_PATH} CMAKE_PREFIX_PATH=/home/snake/Emmanuel_Jr_robot/install/nav2_core:/home/snake/Emmanuel_Jr_robot/install/nav2_costmap_2d:/home/snake/Emmanuel_Jr_robot/install/nav2_behavior_tree:/home/snake/Emmanuel_Jr_robot/install/nav2_util:/home/snake/Emmanuel_Jr_robot/install/nav2_voxel_grid:/home/snake/Emmanuel_Jr_robot/install/nav2_msgs:/home/snake/Emmanuel_Jr_robot/install/nav2_common:/opt/ros/galactic LD_LIBRARY_PATH=/home/snake/Emmanuel_Jr_robot/install/nav2_costmap_2d/lib:/home/snake/Emmanuel_Jr_robot/install/nav2_behavior_tree/lib:/home/snake/Emmanuel_Jr_robot/install/nav2_util/lib:/home/snake/Emmanuel_Jr_robot/install/nav2_voxel_grid/lib:/home/snake/Emmanuel_Jr_robot/install/nav2_msgs/lib:${LD_LIBRARY_PATH} PYTHONPATH=/home/snake/Emmanuel_Jr_robot/install/nav2_msgs/lib/python3.8/site-packages:/home/snake/Emmanuel_Jr_robot/install/nav2_common/lib/python3.8/site-packages:${PYTHONPATH} /usr/bin/cmake /home/snake/Emmanuel_Jr_robot/src/navigation2/nav2_recoveries -DAMENT_CMAKE_SYMLINK_INSTALL=1 -DCMAKE_INSTALL_PREFIX=/home/snake/Emmanuel_Jr_robot/install/nav2_recoveries
[33.191s] Invoking command in '/home/snake/Emmanuel_Jr_robot/build/nav2_recoveries': AMENT_PREFIX_PATH=/home/snake/Emmanuel_Jr_robot/install/nav2_core:/home/snake/Emmanuel_Jr_robot/install/nav2_costmap_2d:/home/snake/Emmanuel_Jr_robot/install/nav2_behavior_tree:/home/snake/Emmanuel_Jr_robot/install/nav2_util:/home/snake/Emmanuel_Jr_robot/install/nav2_voxel_grid:/home/snake/Emmanuel_Jr_robot/install/nav2_msgs:/home/snake/Emmanuel_Jr_robot/install/nav2_common:${AMENT_PREFIX_PATH} CMAKE_PREFIX_PATH=/home/snake/Emmanuel_Jr_robot/install/nav2_core:/home/snake/Emmanuel_Jr_robot/install/nav2_costmap_2d:/home/snake/Emmanuel_Jr_robot/install/nav2_behavior_tree:/home/snake/Emmanuel_Jr_robot/install/nav2_util:/home/snake/Emmanuel_Jr_robot/install/nav2_voxel_grid:/home/snake/Emmanuel_Jr_robot/install/nav2_msgs:/home/snake/Emmanuel_Jr_robot/install/nav2_common:/opt/ros/galactic LD_LIBRARY_PATH=/home/snake/Emmanuel_Jr_robot/install/nav2_costmap_2d/lib:/home/snake/Emmanuel_Jr_robot/install/nav2_behavior_tree/lib:/home/snake/Emmanuel_Jr_robot/install/nav2_util/lib:/home/snake/Emmanuel_Jr_robot/install/nav2_voxel_grid/lib:/home/snake/Emmanuel_Jr_robot/install/nav2_msgs/lib:${LD_LIBRARY_PATH} PYTHONPATH=/home/snake/Emmanuel_Jr_robot/install/nav2_msgs/lib/python3.8/site-packages:/home/snake/Emmanuel_Jr_robot/install/nav2_common/lib/python3.8/site-packages:${PYTHONPATH} /usr/bin/cmake --build /home/snake/Emmanuel_Jr_robot/build/nav2_recoveries -- -j2 -l2
[33.255s] [35m[1mScanning dependencies of target recoveries_server_core[0m
[33.323s] [  6%] [32mBuilding CXX object CMakeFiles/recoveries_server_core.dir/src/recovery_server.cpp.o[0m
[45.171s] [ 12%] [32m[1mLinking CXX static library librecoveries_server_core.a[0m
[45.216s] [ 12%] Built target recoveries_server_core
[45.230s] [35m[1mScanning dependencies of target nav2_backup_recovery[0m
[45.310s] [ 18%] [32mBuilding CXX object CMakeFiles/nav2_backup_recovery.dir/plugins/back_up.cpp.o[0m
[55.789s] [ 25%] [32m[1mLinking CXX shared library libnav2_backup_recovery.so[0m
[56.082s] [ 25%] Built target nav2_backup_recovery
[56.103s] [35m[1mScanning dependencies of target nav2_wait_recovery[0m
[56.193s] [ 31%] [32mBuilding CXX object CMakeFiles/nav2_wait_recovery.dir/plugins/wait.cpp.o[0m
[67.024s] [ 37%] [32m[1mLinking CXX shared library libnav2_wait_recovery.so[0m
[67.294s] [ 37%] Built target nav2_wait_recovery
[67.309s] [35m[1mScanning dependencies of target recoveries_server[0m
[67.395s] [ 43%] [32mBuilding CXX object CMakeFiles/recoveries_server.dir/src/main.cpp.o[0m
[72.390s] [ 50%] [32m[1mLinking CXX executable recoveries_server[0m
[72.727s] [ 50%] Built target recoveries_server
[72.744s] [35m[1mScanning dependencies of target nav2_spin_recovery[0m
[72.835s] [ 56%] [32mBuilding CXX object CMakeFiles/nav2_spin_recovery.dir/plugins/spin.cpp.o[0m
[84.227s] [ 62%] [32m[1mLinking CXX shared library libnav2_spin_recovery.so[0m
[84.563s] [ 62%] Built target nav2_spin_recovery
[84.578s] [35m[1mScanning dependencies of target gtest[0m
[84.599s] [ 68%] [32mBuilding CXX object gtest/CMakeFiles/gtest.dir/src/gtest-all.cc.o[0m
[94.945s] [ 75%] [32m[1mLinking CXX static library libgtest.a[0m
[95.015s] [ 75%] Built target gtest
[95.040s] [35m[1mScanning dependencies of target gtest_main[0m
[95.059s] [ 81%] [32mBuilding CXX object gtest/CMakeFiles/gtest_main.dir/src/gtest_main.cc.o[0m
[96.519s] [ 87%] [32m[1mLinking CXX static library libgtest_main.a[0m
[96.567s] [ 87%] Built target gtest_main
[96.581s] [35m[1mScanning dependencies of target test_recoveries[0m
[96.675s] [ 93%] [32mBuilding CXX object test/CMakeFiles/test_recoveries.dir/test_recoveries.cpp.o[0m
[111.321s] [100%] [32m[1mLinking CXX executable test_recoveries[0m
[111.767s] [100%] Built target test_recoveries
[111.789s] Invoked command in '/home/snake/Emmanuel_Jr_robot/build/nav2_recoveries' returned '0': AMENT_PREFIX_PATH=/home/snake/Emmanuel_Jr_robot/install/nav2_core:/home/snake/Emmanuel_Jr_robot/install/nav2_costmap_2d:/home/snake/Emmanuel_Jr_robot/install/nav2_behavior_tree:/home/snake/Emmanuel_Jr_robot/install/nav2_util:/home/snake/Emmanuel_Jr_robot/install/nav2_voxel_grid:/home/snake/Emmanuel_Jr_robot/install/nav2_msgs:/home/snake/Emmanuel_Jr_robot/install/nav2_common:${AMENT_PREFIX_PATH} CMAKE_PREFIX_PATH=/home/snake/Emmanuel_Jr_robot/install/nav2_core:/home/snake/Emmanuel_Jr_robot/install/nav2_costmap_2d:/home/snake/Emmanuel_Jr_robot/install/nav2_behavior_tree:/home/snake/Emmanuel_Jr_robot/install/nav2_util:/home/snake/Emmanuel_Jr_robot/install/nav2_voxel_grid:/home/snake/Emmanuel_Jr_robot/install/nav2_msgs:/home/snake/Emmanuel_Jr_robot/install/nav2_common:/opt/ros/galactic LD_LIBRARY_PATH=/home/snake/Emmanuel_Jr_robot/install/nav2_costmap_2d/lib:/home/snake/Emmanuel_Jr_robot/install/nav2_behavior_tree/lib:/home/snake/Emmanuel_Jr_robot/install/nav2_util/lib:/home/snake/Emmanuel_Jr_robot/install/nav2_voxel_grid/lib:/home/snake/Emmanuel_Jr_robot/install/nav2_msgs/lib:${LD_LIBRARY_PATH} PYTHONPATH=/home/snake/Emmanuel_Jr_robot/install/nav2_msgs/lib/python3.8/site-packages:/home/snake/Emmanuel_Jr_robot/install/nav2_common/lib/python3.8/site-packages:${PYTHONPATH} /usr/bin/cmake --build /home/snake/Emmanuel_Jr_robot/build/nav2_recoveries -- -j2 -l2
[111.841s] Invoking command in '/home/snake/Emmanuel_Jr_robot/build/nav2_recoveries': AMENT_PREFIX_PATH=/home/snake/Emmanuel_Jr_robot/install/nav2_core:/home/snake/Emmanuel_Jr_robot/install/nav2_costmap_2d:/home/snake/Emmanuel_Jr_robot/install/nav2_behavior_tree:/home/snake/Emmanuel_Jr_robot/install/nav2_util:/home/snake/Emmanuel_Jr_robot/install/nav2_voxel_grid:/home/snake/Emmanuel_Jr_robot/install/nav2_msgs:/home/snake/Emmanuel_Jr_robot/install/nav2_common:${AMENT_PREFIX_PATH} CMAKE_PREFIX_PATH=/home/snake/Emmanuel_Jr_robot/install/nav2_core:/home/snake/Emmanuel_Jr_robot/install/nav2_costmap_2d:/home/snake/Emmanuel_Jr_robot/install/nav2_behavior_tree:/home/snake/Emmanuel_Jr_robot/install/nav2_util:/home/snake/Emmanuel_Jr_robot/install/nav2_voxel_grid:/home/snake/Emmanuel_Jr_robot/install/nav2_msgs:/home/snake/Emmanuel_Jr_robot/install/nav2_common:/opt/ros/galactic LD_LIBRARY_PATH=/home/snake/Emmanuel_Jr_robot/install/nav2_costmap_2d/lib:/home/snake/Emmanuel_Jr_robot/install/nav2_behavior_tree/lib:/home/snake/Emmanuel_Jr_robot/install/nav2_util/lib:/home/snake/Emmanuel_Jr_robot/install/nav2_voxel_grid/lib:/home/snake/Emmanuel_Jr_robot/install/nav2_msgs/lib:${LD_LIBRARY_PATH} PYTHONPATH=/home/snake/Emmanuel_Jr_robot/install/nav2_msgs/lib/python3.8/site-packages:/home/snake/Emmanuel_Jr_robot/install/nav2_common/lib/python3.8/site-packages:${PYTHONPATH} /usr/bin/cmake --install /home/snake/Emmanuel_Jr_robot/build/nav2_recoveries
[111.855s] -- Install configuration: "Release"
[111.856s] -- Execute custom install script
[111.857s] -- Symlinking: /home/snake/Emmanuel_Jr_robot/install/nav2_recoveries/share/nav2_recoveries//recovery_plugin.xml
[111.870s] -- Symlinking: /home/snake/Emmanuel_Jr_robot/install/nav2_recoveries/lib/librecoveries_server_core.a
[111.884s] -- Symlinking: /home/snake/Emmanuel_Jr_robot/install/nav2_recoveries/lib/libnav2_backup_recovery.so
[111.898s] -- Symlinking: /home/snake/Emmanuel_Jr_robot/install/nav2_recoveries/lib/libnav2_spin_recovery.so
[111.911s] -- Symlinking: /home/snake/Emmanuel_Jr_robot/install/nav2_recoveries/lib/libnav2_wait_recovery.so
[111.924s] -- Symlinking: /home/snake/Emmanuel_Jr_robot/install/nav2_recoveries/lib/nav2_recoveries/recoveries_server
[111.937s] -- Symlinking: /home/snake/Emmanuel_Jr_robot/install/nav2_recoveries/include//nav2_recoveries/recovery.hpp
[111.950s] -- Symlinking: /home/snake/Emmanuel_Jr_robot/install/nav2_recoveries/include//nav2_recoveries/recovery_server.hpp
[111.964s] -- Up-to-date symlink: /home/snake/Emmanuel_Jr_robot/install/nav2_recoveries/share/nav2_recoveries/recovery_plugin.xml
[111.964s] -- Symlinking: /home/snake/Emmanuel_Jr_robot/install/nav2_recoveries/share/nav2_recoveries/environment/library_path.sh
[111.977s] -- Symlinking: /home/snake/Emmanuel_Jr_robot/install/nav2_recoveries/share/nav2_recoveries/environment/library_path.dsv
[111.991s] -- Symlinking: /home/snake/Emmanuel_Jr_robot/install/nav2_recoveries/share/ament_index/resource_index/package_run_dependencies/nav2_recoveries
[112.005s] -- Symlinking: /home/snake/Emmanuel_Jr_robot/install/nav2_recoveries/share/ament_index/resource_index/parent_prefix_path/nav2_recoveries
[112.017s] -- Symlinking: /home/snake/Emmanuel_Jr_robot/install/nav2_recoveries/share/nav2_recoveries/environment/ament_prefix_path.sh
[112.030s] -- Symlinking: /home/snake/Emmanuel_Jr_robot/install/nav2_recoveries/share/nav2_recoveries/environment/ament_prefix_path.dsv
[112.042s] -- Symlinking: /home/snake/Emmanuel_Jr_robot/install/nav2_recoveries/share/nav2_recoveries/environment/path.sh
[112.055s] -- Symlinking: /home/snake/Emmanuel_Jr_robot/install/nav2_recoveries/share/nav2_recoveries/environment/path.dsv
[112.068s] -- Symlinking: /home/snake/Emmanuel_Jr_robot/install/nav2_recoveries/share/nav2_recoveries/local_setup.bash
[112.082s] -- Symlinking: /home/snake/Emmanuel_Jr_robot/install/nav2_recoveries/share/nav2_recoveries/local_setup.sh
[112.094s] -- Symlinking: /home/snake/Emmanuel_Jr_robot/install/nav2_recoveries/share/nav2_recoveries/local_setup.zsh
[112.109s] -- Symlinking: /home/snake/Emmanuel_Jr_robot/install/nav2_recoveries/share/nav2_recoveries/local_setup.dsv
[112.122s] -- Symlinking: /home/snake/Emmanuel_Jr_robot/install/nav2_recoveries/share/nav2_recoveries/package.dsv
[112.135s] -- Symlinking: /home/snake/Emmanuel_Jr_robot/install/nav2_recoveries/share/ament_index/resource_index/packages/nav2_recoveries
[112.148s] -- Symlinking: /home/snake/Emmanuel_Jr_robot/install/nav2_recoveries/share/ament_index/resource_index/nav2_core__pluginlib__plugin/nav2_recoveries
[112.162s] -- Symlinking: /home/snake/Emmanuel_Jr_robot/install/nav2_recoveries/share/nav2_recoveries/cmake/ament_cmake_export_include_directories-extras.cmake
[112.175s] -- Symlinking: /home/snake/Emmanuel_Jr_robot/install/nav2_recoveries/share/nav2_recoveries/cmake/ament_cmake_export_libraries-extras.cmake
[112.188s] -- Symlinking: /home/snake/Emmanuel_Jr_robot/install/nav2_recoveries/share/nav2_recoveries/cmake/ament_cmake_export_dependencies-extras.cmake
[112.203s] -- Symlinking: /home/snake/Emmanuel_Jr_robot/install/nav2_recoveries/share/nav2_recoveries/cmake/nav2_recoveriesConfig.cmake
[112.215s] -- Symlinking: /home/snake/Emmanuel_Jr_robot/install/nav2_recoveries/share/nav2_recoveries/cmake/nav2_recoveriesConfig-version.cmake
[112.228s] -- Symlinking: /home/snake/Emmanuel_Jr_robot/install/nav2_recoveries/share/nav2_recoveries/package.xml
[112.244s] Invoked command in '/home/snake/Emmanuel_Jr_robot/build/nav2_recoveries' returned '0': AMENT_PREFIX_PATH=/home/snake/Emmanuel_Jr_robot/install/nav2_core:/home/snake/Emmanuel_Jr_robot/install/nav2_costmap_2d:/home/snake/Emmanuel_Jr_robot/install/nav2_behavior_tree:/home/snake/Emmanuel_Jr_robot/install/nav2_util:/home/snake/Emmanuel_Jr_robot/install/nav2_voxel_grid:/home/snake/Emmanuel_Jr_robot/install/nav2_msgs:/home/snake/Emmanuel_Jr_robot/install/nav2_common:${AMENT_PREFIX_PATH} CMAKE_PREFIX_PATH=/home/snake/Emmanuel_Jr_robot/install/nav2_core:/home/snake/Emmanuel_Jr_robot/install/nav2_costmap_2d:/home/snake/Emmanuel_Jr_robot/install/nav2_behavior_tree:/home/snake/Emmanuel_Jr_robot/install/nav2_util:/home/snake/Emmanuel_Jr_robot/install/nav2_voxel_grid:/home/snake/Emmanuel_Jr_robot/install/nav2_msgs:/home/snake/Emmanuel_Jr_robot/install/nav2_common:/opt/ros/galactic LD_LIBRARY_PATH=/home/snake/Emmanuel_Jr_robot/install/nav2_costmap_2d/lib:/home/snake/Emmanuel_Jr_robot/install/nav2_behavior_tree/lib:/home/snake/Emmanuel_Jr_robot/install/nav2_util/lib:/home/snake/Emmanuel_Jr_robot/install/nav2_voxel_grid/lib:/home/snake/Emmanuel_Jr_robot/install/nav2_msgs/lib:${LD_LIBRARY_PATH} PYTHONPATH=/home/snake/Emmanuel_Jr_robot/install/nav2_msgs/lib/python3.8/site-packages:/home/snake/Emmanuel_Jr_robot/install/nav2_common/lib/python3.8/site-packages:${PYTHONPATH} /usr/bin/cmake --install /home/snake/Emmanuel_Jr_robot/build/nav2_recoveries
