[0.022s] Invoking command in '/home/snake/Emmanuel_Jr_robot/build/nav2_common': CMAKE_PREFIX_PATH=/opt/ros/galactic /usr/bin/cmake /home/snake/Emmanuel_Jr_robot/src/navigation2/nav2_common -DCMAKE_INSTALL_PREFIX=/home/snake/Emmanuel_Jr_robot/install/nav2_common
[0.100s] -- Found ament_cmake_core: 1.1.5 (/opt/ros/galactic/share/ament_cmake_core/cmake)
[0.129s] -- Using PYTHON_EXECUTABLE: /usr/bin/python3
[0.252s] -- Override CMake install command with custom implementation using symlinks instead of copying resources
[0.258s] -- Found ament_cmake_python: 1.1.5 (/opt/ros/galactic/share/ament_cmake_python/cmake)
[0.418s] -- Configuring done
[0.428s] -- Generating done
[0.430s] -- Build files have been written to: /home/snake/Emmanuel_Jr_robot/build/nav2_common
[0.448s] Invoked command in '/home/snake/Emmanuel_Jr_robot/build/nav2_common' returned '0': CMAKE_PREFIX_PATH=/opt/ros/galactic /usr/bin/cmake /home/snake/Emmanuel_Jr_robot/src/navigation2/nav2_common -DCMAKE_INSTALL_PREFIX=/home/snake/Emmanuel_Jr_robot/install/nav2_common
[0.448s] Invoking command in '/home/snake/Emmanuel_Jr_robot/build/nav2_common': CMAKE_PREFIX_PATH=/opt/ros/galactic /usr/bin/cmake --build /home/snake/Emmanuel_Jr_robot/build/nav2_common -- -j2 -l2
[0.506s] Built target ament_cmake_python_symlink_nav2_common
[1.136s] running egg_info
[1.208s] writing nav2_common.egg-info/PKG-INFO
[1.268s] writing dependency_links to nav2_common.egg-info/dependency_links.txt
[1.658s] writing top-level names to nav2_common.egg-info/top_level.txt
[1.772s] reading manifest file 'nav2_common.egg-info/SOURCES.txt'
[1.773s] writing manifest file 'nav2_common.egg-info/SOURCES.txt'
[1.822s] Built target ament_cmake_python_build_nav2_common_egg
[1.835s] Invoked command in '/home/snake/Emmanuel_Jr_robot/build/nav2_common' returned '0': CMAKE_PREFIX_PATH=/opt/ros/galactic /usr/bin/cmake --build /home/snake/Emmanuel_Jr_robot/build/nav2_common -- -j2 -l2
[1.881s] Invoking command in '/home/snake/Emmanuel_Jr_robot/build/nav2_common': CMAKE_PREFIX_PATH=/opt/ros/galactic /usr/bin/cmake --install /home/snake/Emmanuel_Jr_robot/build/nav2_common
[1.891s] -- Install configuration: ""
[1.891s] -- Execute custom install script
[1.892s] -- Up-to-date symlink: /home/snake/Emmanuel_Jr_robot/install/nav2_common/share/nav2_common/environment/pythonpath.sh
[1.893s] -- Up-to-date symlink: /home/snake/Emmanuel_Jr_robot/install/nav2_common/share/nav2_common/environment/pythonpath.dsv
[1.894s] -- Up-to-date symlink: /home/snake/Emmanuel_Jr_robot/install/nav2_common/lib/python3.8/site-packages//nav2_common.egg-info/PKG-INFO
[1.895s] -- Up-to-date symlink: /home/snake/Emmanuel_Jr_robot/install/nav2_common/lib/python3.8/site-packages//nav2_common.egg-info/SOURCES.txt
[1.895s] -- Up-to-date symlink: /home/snake/Emmanuel_Jr_robot/install/nav2_common/lib/python3.8/site-packages//nav2_common.egg-info/dependency_links.txt
[1.896s] -- Up-to-date symlink: /home/snake/Emmanuel_Jr_robot/install/nav2_common/lib/python3.8/site-packages//nav2_common.egg-info/top_level.txt
[1.897s] -- Up-to-date symlink: /home/snake/Emmanuel_Jr_robot/install/nav2_common/lib/python3.8/site-packages/nav2_common/__init__.py
[1.897s] -- Up-to-date symlink: /home/snake/Emmanuel_Jr_robot/install/nav2_common/lib/python3.8/site-packages/nav2_common/launch/__init__.py
[1.898s] -- Up-to-date symlink: /home/snake/Emmanuel_Jr_robot/install/nav2_common/lib/python3.8/site-packages/nav2_common/launch/has_node_params.py
[1.898s] -- Up-to-date symlink: /home/snake/Emmanuel_Jr_robot/install/nav2_common/lib/python3.8/site-packages/nav2_common/launch/replace_string.py
[1.899s] -- Up-to-date symlink: /home/snake/Emmanuel_Jr_robot/install/nav2_common/lib/python3.8/site-packages/nav2_common/launch/rewritten_yaml.py
[1.900s] -- Up-to-date symlink: /home/snake/Emmanuel_Jr_robot/install/nav2_common/share/ament_index/resource_index/package_run_dependencies/nav2_common
[1.901s] -- Up-to-date symlink: /home/snake/Emmanuel_Jr_robot/install/nav2_common/share/ament_index/resource_index/parent_prefix_path/nav2_common
[1.901s] -- Up-to-date symlink: /home/snake/Emmanuel_Jr_robot/install/nav2_common/share/nav2_common/environment/ament_prefix_path.sh
[1.902s] -- Up-to-date symlink: /home/snake/Emmanuel_Jr_robot/install/nav2_common/share/nav2_common/environment/ament_prefix_path.dsv
[1.903s] -- Up-to-date symlink: /home/snake/Emmanuel_Jr_robot/install/nav2_common/share/nav2_common/environment/path.sh
[1.904s] -- Up-to-date symlink: /home/snake/Emmanuel_Jr_robot/install/nav2_common/share/nav2_common/environment/path.dsv
[1.962s] -- Up-to-date symlink: /home/snake/Emmanuel_Jr_robot/install/nav2_common/share/nav2_common/local_setup.bash
[1.962s] -- Up-to-date symlink: /home/snake/Emmanuel_Jr_robot/install/nav2_common/share/nav2_common/local_setup.sh
[1.971s] -- Up-to-date symlink: /home/snake/Emmanuel_Jr_robot/install/nav2_common/share/nav2_common/local_setup.zsh
[1.972s] -- Up-to-date symlink: /home/snake/Emmanuel_Jr_robot/install/nav2_common/share/nav2_common/local_setup.dsv
[1.973s] -- Symlinking: /home/snake/Emmanuel_Jr_robot/install/nav2_common/share/nav2_common/package.dsv
[1.985s] -- Up-to-date symlink: /home/snake/Emmanuel_Jr_robot/install/nav2_common/share/ament_index/resource_index/packages/nav2_common
[1.987s] -- Up-to-date symlink: /home/snake/Emmanuel_Jr_robot/install/nav2_common/share/nav2_common/cmake/nav2_common-extras.cmake
[1.988s] -- Up-to-date symlink: /home/snake/Emmanuel_Jr_robot/install/nav2_common/share/nav2_common/cmake/nav2_commonConfig.cmake
[1.989s] -- Up-to-date symlink: /home/snake/Emmanuel_Jr_robot/install/nav2_common/share/nav2_common/cmake/nav2_commonConfig-version.cmake
[1.989s] -- Up-to-date symlink: /home/snake/Emmanuel_Jr_robot/install/nav2_common/share/nav2_common/package.xml
[1.991s] -- Up-to-date symlink: /home/snake/Emmanuel_Jr_robot/install/nav2_common/share/nav2_common/cmake/nav2_package.cmake
[2.023s] Listing '/home/snake/Emmanuel_Jr_robot/install/nav2_common/lib/python3.8/site-packages/nav2_common'...
[2.023s] Listing '/home/snake/Emmanuel_Jr_robot/install/nav2_common/lib/python3.8/site-packages/nav2_common/launch'...
[2.029s] Invoked command in '/home/snake/Emmanuel_Jr_robot/build/nav2_common' returned '0': CMAKE_PREFIX_PATH=/opt/ros/galactic /usr/bin/cmake --install /home/snake/Emmanuel_Jr_robot/build/nav2_common
