[0.818s] DEBUG:colcon:Command line arguments: ['/usr/bin/colcon', 'build']
[0.818s] DEBUG:colcon:Parsed command line arguments: Namespace(allow_overriding=[], ament_cmake_args=None, base_paths=['.'], build_base='build', catkin_cmake_args=None, catkin_skip_building_tests=False, cmake_args=None, cmake_clean_cache=False, cmake_clean_first=False, cmake_force_configure=False, cmake_target=None, cmake_target_skip_unavailable=False, continue_on_error=False, event_handlers=None, executor='parallel', ignore_user_meta=False, install_base='install', log_base=None, log_level=None, main=<bound method BuildVerb.main of <colcon_core.verb.build.BuildVerb object at 0xffffa15725b0>>, merge_install=False, metas=['./colcon.meta'], packages_above=None, packages_above_and_dependencies=None, packages_above_depth=None, packages_end=None, packages_ignore=None, packages_ignore_regex=None, packages_select=None, packages_select_build_failed=False, packages_select_by_dep=None, packages_select_regex=None, packages_select_test_failures=False, packages_skip=None, packages_skip_build_finished=False, packages_skip_by_dep=None, packages_skip_regex=None, packages_skip_test_passed=False, packages_skip_up_to=None, packages_start=None, packages_up_to=None, packages_up_to_regex=None, parallel_workers=4, paths=None, symlink_install=False, test_result_base=None, verb_extension=<colcon_core.verb.build.BuildVerb object at 0xffffa15725b0>, verb_name='build', verb_parser=<colcon_defaults.argument_parser.defaults.DefaultArgumentsDecorator object at 0xffffa1572af0>)
[0.991s] Level 1:colcon.colcon_core.package_discovery:discover_packages(colcon_meta) check parameters
[0.991s] Level 1:colcon.colcon_core.package_discovery:discover_packages(recursive) check parameters
[0.992s] Level 1:colcon.colcon_core.package_discovery:discover_packages(ignore) check parameters
[0.992s] Level 1:colcon.colcon_core.package_discovery:discover_packages(path) check parameters
[0.992s] Level 1:colcon.colcon_core.package_discovery:discover_packages(colcon_meta) discover
[0.992s] Level 1:colcon.colcon_core.package_discovery:discover_packages(recursive) discover
[0.992s] INFO:colcon.colcon_core.package_discovery:Crawling recursively for packages in '/home/ubuntu/Emmanuel_Jr_robot'
[0.993s] Level 1:colcon.colcon_core.package_identification:_identify(.) by extensions ['ignore', 'ignore_ament_install']
[0.993s] Level 1:colcon.colcon_core.package_identification:_identify(.) by extension 'ignore'
[0.994s] Level 1:colcon.colcon_core.package_identification:_identify(.) by extension 'ignore_ament_install'
[0.994s] Level 1:colcon.colcon_core.package_identification:_identify(.) by extensions ['colcon_pkg']
[0.994s] Level 1:colcon.colcon_core.package_identification:_identify(.) by extension 'colcon_pkg'
[0.995s] Level 1:colcon.colcon_core.package_identification:_identify(.) by extensions ['colcon_meta']
[0.995s] Level 1:colcon.colcon_core.package_identification:_identify(.) by extension 'colcon_meta'
[0.995s] Level 1:colcon.colcon_core.package_identification:_identify(.) by extensions ['ros']
[0.995s] Level 1:colcon.colcon_core.package_identification:_identify(.) by extension 'ros'
[1.070s] Level 1:colcon.colcon_core.package_identification:_identify(.) by extensions ['cmake', 'python']
[1.070s] Level 1:colcon.colcon_core.package_identification:_identify(.) by extension 'cmake'
[1.070s] Level 1:colcon.colcon_core.package_identification:_identify(.) by extension 'python'
[1.070s] Level 1:colcon.colcon_core.package_identification:_identify(.) by extensions ['python_setup_py']
[1.070s] Level 1:colcon.colcon_core.package_identification:_identify(.) by extension 'python_setup_py'
[1.071s] Level 1:colcon.colcon_core.package_identification:_identify(build) by extensions ['ignore', 'ignore_ament_install']
[1.071s] Level 1:colcon.colcon_core.package_identification:_identify(build) by extension 'ignore'
[1.071s] Level 1:colcon.colcon_core.package_identification:_identify(build) ignored
[1.072s] Level 1:colcon.colcon_core.package_identification:_identify(install) by extensions ['ignore', 'ignore_ament_install']
[1.072s] Level 1:colcon.colcon_core.package_identification:_identify(install) by extension 'ignore'
[1.073s] Level 1:colcon.colcon_core.package_identification:_identify(install) ignored
[1.073s] Level 1:colcon.colcon_core.package_identification:_identify(log) by extensions ['ignore', 'ignore_ament_install']
[1.073s] Level 1:colcon.colcon_core.package_identification:_identify(log) by extension 'ignore'
[1.073s] Level 1:colcon.colcon_core.package_identification:_identify(log) ignored
[1.074s] Level 1:colcon.colcon_core.package_identification:_identify(src) by extensions ['ignore', 'ignore_ament_install']
[1.074s] Level 1:colcon.colcon_core.package_identification:_identify(src) by extension 'ignore'
[1.074s] Level 1:colcon.colcon_core.package_identification:_identify(src) by extension 'ignore_ament_install'
[1.074s] Level 1:colcon.colcon_core.package_identification:_identify(src) by extensions ['colcon_pkg']
[1.075s] Level 1:colcon.colcon_core.package_identification:_identify(src) by extension 'colcon_pkg'
[1.075s] Level 1:colcon.colcon_core.package_identification:_identify(src) by extensions ['colcon_meta']
[1.075s] Level 1:colcon.colcon_core.package_identification:_identify(src) by extension 'colcon_meta'
[1.075s] Level 1:colcon.colcon_core.package_identification:_identify(src) by extensions ['ros']
[1.075s] Level 1:colcon.colcon_core.package_identification:_identify(src) by extension 'ros'
[1.075s] Level 1:colcon.colcon_core.package_identification:_identify(src) by extensions ['cmake', 'python']
[1.076s] Level 1:colcon.colcon_core.package_identification:_identify(src) by extension 'cmake'
[1.076s] Level 1:colcon.colcon_core.package_identification:_identify(src) by extension 'python'
[1.076s] Level 1:colcon.colcon_core.package_identification:_identify(src) by extensions ['python_setup_py']
[1.076s] Level 1:colcon.colcon_core.package_identification:_identify(src) by extension 'python_setup_py'
[1.076s] Level 1:colcon.colcon_core.package_identification:_identify(src/emmanuel) by extensions ['ignore', 'ignore_ament_install']
[1.077s] Level 1:colcon.colcon_core.package_identification:_identify(src/emmanuel) by extension 'ignore'
[1.077s] Level 1:colcon.colcon_core.package_identification:_identify(src/emmanuel) by extension 'ignore_ament_install'
[1.077s] Level 1:colcon.colcon_core.package_identification:_identify(src/emmanuel) by extensions ['colcon_pkg']
[1.077s] Level 1:colcon.colcon_core.package_identification:_identify(src/emmanuel) by extension 'colcon_pkg'
[1.077s] Level 1:colcon.colcon_core.package_identification:_identify(src/emmanuel) by extensions ['colcon_meta']
[1.078s] Level 1:colcon.colcon_core.package_identification:_identify(src/emmanuel) by extension 'colcon_meta'
[1.078s] Level 1:colcon.colcon_core.package_identification:_identify(src/emmanuel) by extensions ['ros']
[1.078s] Level 1:colcon.colcon_core.package_identification:_identify(src/emmanuel) by extension 'ros'
[1.092s] DEBUG:colcon.colcon_core.package_identification:Package 'src/emmanuel' with type 'ros.ament_python' and name 'emmanuel'
[1.093s] Level 1:colcon.colcon_core.package_identification:_identify(src/linorobot2) by extensions ['ignore', 'ignore_ament_install']
[1.093s] Level 1:colcon.colcon_core.package_identification:_identify(src/linorobot2) by extension 'ignore'
[1.094s] Level 1:colcon.colcon_core.package_identification:_identify(src/linorobot2) by extension 'ignore_ament_install'
[1.094s] Level 1:colcon.colcon_core.package_identification:_identify(src/linorobot2) by extensions ['colcon_pkg']
[1.094s] Level 1:colcon.colcon_core.package_identification:_identify(src/linorobot2) by extension 'colcon_pkg'
[1.094s] Level 1:colcon.colcon_core.package_identification:_identify(src/linorobot2) by extensions ['colcon_meta']
[1.095s] Level 1:colcon.colcon_core.package_identification:_identify(src/linorobot2) by extension 'colcon_meta'
[1.095s] Level 1:colcon.colcon_core.package_identification:_identify(src/linorobot2) by extensions ['ros']
[1.095s] Level 1:colcon.colcon_core.package_identification:_identify(src/linorobot2) by extension 'ros'
[1.095s] Level 1:colcon.colcon_core.package_identification:_identify(src/linorobot2) by extensions ['cmake', 'python']
[1.096s] Level 1:colcon.colcon_core.package_identification:_identify(src/linorobot2) by extension 'cmake'
[1.096s] Level 1:colcon.colcon_core.package_identification:_identify(src/linorobot2) by extension 'python'
[1.096s] Level 1:colcon.colcon_core.package_identification:_identify(src/linorobot2) by extensions ['python_setup_py']
[1.096s] Level 1:colcon.colcon_core.package_identification:_identify(src/linorobot2) by extension 'python_setup_py'
[1.097s] Level 1:colcon.colcon_core.package_identification:_identify(src/linorobot2_viz) by extensions ['ignore', 'ignore_ament_install']
[1.097s] Level 1:colcon.colcon_core.package_identification:_identify(src/linorobot2_viz) by extension 'ignore'
[1.097s] Level 1:colcon.colcon_core.package_identification:_identify(src/linorobot2_viz) by extension 'ignore_ament_install'
[1.098s] Level 1:colcon.colcon_core.package_identification:_identify(src/linorobot2_viz) by extensions ['colcon_pkg']
[1.098s] Level 1:colcon.colcon_core.package_identification:_identify(src/linorobot2_viz) by extension 'colcon_pkg'
[1.098s] Level 1:colcon.colcon_core.package_identification:_identify(src/linorobot2_viz) by extensions ['colcon_meta']
[1.098s] Level 1:colcon.colcon_core.package_identification:_identify(src/linorobot2_viz) by extension 'colcon_meta'
[1.098s] Level 1:colcon.colcon_core.package_identification:_identify(src/linorobot2_viz) by extensions ['ros']
[1.099s] Level 1:colcon.colcon_core.package_identification:_identify(src/linorobot2_viz) by extension 'ros'
[1.099s] Level 1:colcon.colcon_core.package_identification:_identify(src/linorobot2_viz) by extensions ['cmake', 'python']
[1.099s] Level 1:colcon.colcon_core.package_identification:_identify(src/linorobot2_viz) by extension 'cmake'
[1.099s] Level 1:colcon.colcon_core.package_identification:_identify(src/linorobot2_viz) by extension 'python'
[1.100s] Level 1:colcon.colcon_core.package_identification:_identify(src/linorobot2_viz) by extensions ['python_setup_py']
[1.100s] Level 1:colcon.colcon_core.package_identification:_identify(src/linorobot2_viz) by extension 'python_setup_py'
[1.100s] Level 1:colcon.colcon_core.package_identification:_identify(src/ros2_mpu9250_driver) by extensions ['ignore', 'ignore_ament_install']
[1.101s] Level 1:colcon.colcon_core.package_identification:_identify(src/ros2_mpu9250_driver) by extension 'ignore'
[1.101s] Level 1:colcon.colcon_core.package_identification:_identify(src/ros2_mpu9250_driver) by extension 'ignore_ament_install'
[1.101s] Level 1:colcon.colcon_core.package_identification:_identify(src/ros2_mpu9250_driver) by extensions ['colcon_pkg']
[1.101s] Level 1:colcon.colcon_core.package_identification:_identify(src/ros2_mpu9250_driver) by extension 'colcon_pkg'
[1.102s] Level 1:colcon.colcon_core.package_identification:_identify(src/ros2_mpu9250_driver) by extensions ['colcon_meta']
[1.102s] Level 1:colcon.colcon_core.package_identification:_identify(src/ros2_mpu9250_driver) by extension 'colcon_meta'
[1.102s] Level 1:colcon.colcon_core.package_identification:_identify(src/ros2_mpu9250_driver) by extensions ['ros']
[1.102s] Level 1:colcon.colcon_core.package_identification:_identify(src/ros2_mpu9250_driver) by extension 'ros'
[1.103s] Level 1:colcon.colcon_core.package_identification:_identify(src/ros2_mpu9250_driver) by extensions ['cmake', 'python']
[1.103s] Level 1:colcon.colcon_core.package_identification:_identify(src/ros2_mpu9250_driver) by extension 'cmake'
[1.103s] Level 1:colcon.colcon_core.package_identification:_identify(src/ros2_mpu9250_driver) by extension 'python'
[1.103s] Level 1:colcon.colcon_core.package_identification:_identify(src/ros2_mpu9250_driver) by extensions ['python_setup_py']
[1.103s] Level 1:colcon.colcon_core.package_identification:_identify(src/ros2_mpu9250_driver) by extension 'python_setup_py'
[1.104s] Level 1:colcon.colcon_core.package_identification:_identify(src/rplidar_ros) by extensions ['ignore', 'ignore_ament_install']
[1.104s] Level 1:colcon.colcon_core.package_identification:_identify(src/rplidar_ros) by extension 'ignore'
[1.104s] Level 1:colcon.colcon_core.package_identification:_identify(src/rplidar_ros) by extension 'ignore_ament_install'
[1.105s] Level 1:colcon.colcon_core.package_identification:_identify(src/rplidar_ros) by extensions ['colcon_pkg']
[1.105s] Level 1:colcon.colcon_core.package_identification:_identify(src/rplidar_ros) by extension 'colcon_pkg'
[1.105s] Level 1:colcon.colcon_core.package_identification:_identify(src/rplidar_ros) by extensions ['colcon_meta']
[1.105s] Level 1:colcon.colcon_core.package_identification:_identify(src/rplidar_ros) by extension 'colcon_meta'
[1.105s] Level 1:colcon.colcon_core.package_identification:_identify(src/rplidar_ros) by extensions ['ros']
[1.105s] Level 1:colcon.colcon_core.package_identification:_identify(src/rplidar_ros) by extension 'ros'
[1.106s] Level 1:colcon.colcon_core.package_identification:_identify(src/rplidar_ros) by extensions ['cmake', 'python']
[1.106s] Level 1:colcon.colcon_core.package_identification:_identify(src/rplidar_ros) by extension 'cmake'
[1.106s] Level 1:colcon.colcon_core.package_identification:_identify(src/rplidar_ros) by extension 'python'
[1.106s] Level 1:colcon.colcon_core.package_identification:_identify(src/rplidar_ros) by extensions ['python_setup_py']
[1.106s] Level 1:colcon.colcon_core.package_identification:_identify(src/rplidar_ros) by extension 'python_setup_py'
[1.106s] Level 1:colcon.colcon_core.package_identification:_identify(src/testing) by extensions ['ignore', 'ignore_ament_install']
[1.107s] Level 1:colcon.colcon_core.package_identification:_identify(src/testing) by extension 'ignore'
[1.107s] Level 1:colcon.colcon_core.package_identification:_identify(src/testing) ignored
[1.107s] Level 1:colcon.colcon_core.package_discovery:discover_packages(recursive) using defaults
[1.107s] Level 1:colcon.colcon_core.package_discovery:discover_packages(ignore) discover
[1.107s] Level 1:colcon.colcon_core.package_discovery:discover_packages(ignore) using defaults
[1.107s] Level 1:colcon.colcon_core.package_discovery:discover_packages(path) discover
[1.107s] Level 1:colcon.colcon_core.package_discovery:discover_packages(path) using defaults
[1.208s] Level 1:colcon.colcon_core.package_discovery:discover_packages(prefix_path) check parameters
[1.209s] Level 1:colcon.colcon_core.package_discovery:discover_packages(prefix_path) discover
[1.217s] Level 1:colcon.colcon_core.package_discovery:discover_packages(prefix_path) using defaults
[1.226s] Level 5:colcon.colcon_core.verb:set package 'emmanuel' build argument 'cmake_args' from command line to 'None'
[1.226s] Level 5:colcon.colcon_core.verb:set package 'emmanuel' build argument 'cmake_target' from command line to 'None'
[1.227s] Level 5:colcon.colcon_core.verb:set package 'emmanuel' build argument 'cmake_target_skip_unavailable' from command line to 'False'
[1.227s] Level 5:colcon.colcon_core.verb:set package 'emmanuel' build argument 'cmake_clean_cache' from command line to 'False'
[1.227s] Level 5:colcon.colcon_core.verb:set package 'emmanuel' build argument 'cmake_clean_first' from command line to 'False'
[1.227s] Level 5:colcon.colcon_core.verb:set package 'emmanuel' build argument 'cmake_force_configure' from command line to 'False'
[1.227s] Level 5:colcon.colcon_core.verb:set package 'emmanuel' build argument 'ament_cmake_args' from command line to 'None'
[1.227s] Level 5:colcon.colcon_core.verb:set package 'emmanuel' build argument 'catkin_cmake_args' from command line to 'None'
[1.227s] Level 5:colcon.colcon_core.verb:set package 'emmanuel' build argument 'catkin_skip_building_tests' from command line to 'False'
[1.227s] DEBUG:colcon.colcon_core.verb:Building package 'emmanuel' with the following arguments: {'ament_cmake_args': None, 'build_base': '/home/ubuntu/Emmanuel_Jr_robot/build/emmanuel', 'catkin_cmake_args': None, 'catkin_skip_building_tests': False, 'cmake_args': None, 'cmake_clean_cache': False, 'cmake_clean_first': False, 'cmake_force_configure': False, 'cmake_target': None, 'cmake_target_skip_unavailable': False, 'install_base': '/home/ubuntu/Emmanuel_Jr_robot/install/emmanuel', 'merge_install': False, 'path': '/home/ubuntu/Emmanuel_Jr_robot/src/emmanuel', 'symlink_install': False, 'test_result_base': None}
[1.229s] INFO:colcon.colcon_core.executor:Executing jobs using 'parallel' executor
[1.236s] DEBUG:colcon.colcon_parallel_executor.executor.parallel:run_until_complete
[1.237s] INFO:colcon.colcon_ros.task.ament_python.build:Building ROS package in '/home/ubuntu/Emmanuel_Jr_robot/src/emmanuel' with build type 'ament_python'
[1.238s] Level 1:colcon.colcon_core.shell:create_environment_hook('emmanuel', 'ament_prefix_path')
[1.267s] INFO:colcon.colcon_core.plugin_system:Skipping extension 'colcon_core.shell.bat': Not used on non-Windows systems
[1.267s] INFO:colcon.colcon_core.shell:Creating environment hook '/home/ubuntu/Emmanuel_Jr_robot/install/emmanuel/share/emmanuel/hook/ament_prefix_path.ps1'
[1.271s] INFO:colcon.colcon_core.shell:Creating environment descriptor '/home/ubuntu/Emmanuel_Jr_robot/install/emmanuel/share/emmanuel/hook/ament_prefix_path.dsv'
[1.278s] INFO:colcon.colcon_core.shell:Creating environment hook '/home/ubuntu/Emmanuel_Jr_robot/install/emmanuel/share/emmanuel/hook/ament_prefix_path.sh'
[1.286s] INFO:colcon.colcon_core.shell:Skip shell extension 'powershell' for command environment: Not usable outside of PowerShell
[1.286s] DEBUG:colcon.colcon_core.shell:Skip shell extension 'dsv' for command environment
[2.044s] INFO:colcon.colcon_core.task.python.build:Building Python package in '/home/ubuntu/Emmanuel_Jr_robot/src/emmanuel'
[2.046s] INFO:colcon.colcon_core.shell:Skip shell extension 'powershell' for command environment: Not usable outside of PowerShell
[2.047s] DEBUG:colcon.colcon_core.shell:Skip shell extension 'dsv' for command environment
[3.731s] DEBUG:colcon.colcon_core.event_handler.log_command:Invoking command in '/home/ubuntu/Emmanuel_Jr_robot/src/emmanuel': PYTHONPATH=/home/ubuntu/Emmanuel_Jr_robot/install/emmanuel/lib/python3.8/site-packages: /usr/bin/python3 setup.py egg_info --egg-base ../../build/emmanuel build --build-base /home/ubuntu/Emmanuel_Jr_robot/build/emmanuel/build install --prefix /home/ubuntu/Emmanuel_Jr_robot/install/emmanuel --record /home/ubuntu/Emmanuel_Jr_robot/build/emmanuel/install.log --single-version-externally-managed
[4.782s] DEBUG:colcon.colcon_core.event_handler.log_command:Invoked command in '/home/ubuntu/Emmanuel_Jr_robot/src/emmanuel' returned '0': PYTHONPATH=/home/ubuntu/Emmanuel_Jr_robot/install/emmanuel/lib/python3.8/site-packages: /usr/bin/python3 setup.py egg_info --egg-base ../../build/emmanuel build --build-base /home/ubuntu/Emmanuel_Jr_robot/build/emmanuel/build install --prefix /home/ubuntu/Emmanuel_Jr_robot/install/emmanuel --record /home/ubuntu/Emmanuel_Jr_robot/build/emmanuel/install.log --single-version-externally-managed
[4.813s] Level 1:colcon.colcon_core.environment:checking '/home/ubuntu/Emmanuel_Jr_robot/install/emmanuel' for CMake module files
[4.816s] Level 1:colcon.colcon_core.environment:checking '/home/ubuntu/Emmanuel_Jr_robot/install/emmanuel' for CMake config files
[4.820s] Level 1:colcon.colcon_core.environment:checking '/home/ubuntu/Emmanuel_Jr_robot/install/emmanuel/lib'
[4.821s] Level 1:colcon.colcon_core.environment:checking '/home/ubuntu/Emmanuel_Jr_robot/install/emmanuel/bin'
[4.822s] Level 1:colcon.colcon_core.environment:checking '/home/ubuntu/Emmanuel_Jr_robot/install/emmanuel/lib/pkgconfig/emmanuel.pc'
[4.822s] Level 1:colcon.colcon_core.environment:checking '/home/ubuntu/Emmanuel_Jr_robot/install/emmanuel/lib/python3.8/site-packages'
[4.823s] Level 1:colcon.colcon_core.shell:create_environment_hook('emmanuel', 'pythonpath')
[4.824s] INFO:colcon.colcon_core.shell:Creating environment hook '/home/ubuntu/Emmanuel_Jr_robot/install/emmanuel/share/emmanuel/hook/pythonpath.ps1'
[4.826s] INFO:colcon.colcon_core.shell:Creating environment descriptor '/home/ubuntu/Emmanuel_Jr_robot/install/emmanuel/share/emmanuel/hook/pythonpath.dsv'
[4.828s] INFO:colcon.colcon_core.shell:Creating environment hook '/home/ubuntu/Emmanuel_Jr_robot/install/emmanuel/share/emmanuel/hook/pythonpath.sh'
[4.830s] Level 1:colcon.colcon_core.environment:checking '/home/ubuntu/Emmanuel_Jr_robot/install/emmanuel/bin'
[4.830s] Level 1:colcon.colcon_core.environment:create_environment_scripts_only(emmanuel)
[4.832s] INFO:colcon.colcon_core.shell:Creating package script '/home/ubuntu/Emmanuel_Jr_robot/install/emmanuel/share/emmanuel/package.ps1'
[4.840s] INFO:colcon.colcon_core.shell:Creating package descriptor '/home/ubuntu/Emmanuel_Jr_robot/install/emmanuel/share/emmanuel/package.dsv'
[4.846s] INFO:colcon.colcon_core.shell:Creating package script '/home/ubuntu/Emmanuel_Jr_robot/install/emmanuel/share/emmanuel/package.sh'
[4.852s] INFO:colcon.colcon_core.shell:Creating package script '/home/ubuntu/Emmanuel_Jr_robot/install/emmanuel/share/emmanuel/package.bash'
[4.860s] INFO:colcon.colcon_core.shell:Creating package script '/home/ubuntu/Emmanuel_Jr_robot/install/emmanuel/share/emmanuel/package.zsh'
[4.867s] Level 1:colcon.colcon_core.environment:create_file_with_runtime_dependencies(/home/ubuntu/Emmanuel_Jr_robot/install/emmanuel/share/colcon-core/packages/emmanuel)
[4.869s] DEBUG:colcon.colcon_parallel_executor.executor.parallel:closing loop
[4.870s] DEBUG:colcon.colcon_parallel_executor.executor.parallel:loop closed
[4.870s] DEBUG:colcon.colcon_parallel_executor.executor.parallel:run_until_complete finished with '0'
[4.871s] DEBUG:colcon.colcon_core.event_reactor:joining thread
[4.899s] INFO:colcon.colcon_core.plugin_system:Skipping extension 'colcon_notification.desktop_notification.notify_send': Could not find 'notify-send'
[4.899s] INFO:colcon.colcon_core.plugin_system:Skipping extension 'colcon_notification.desktop_notification.terminal_notifier': Not used on non-Darwin systems
[4.899s] INFO:colcon.colcon_core.plugin_system:Skipping extension 'colcon_notification.desktop_notification.win32': Not used on non-Windows systems
[4.900s] INFO:colcon.colcon_notification.desktop_notification:Sending desktop notification using 'notify2'
[4.900s] DEBUG:colcon.colcon_notification.desktop_notification.notify2:Failed to initialize notify2: org.freedesktop.DBus.Error.NotSupported: Unable to autolaunch a dbus-daemon without a $DISPLAY for X11
[4.900s] DEBUG:colcon.colcon_core.event_reactor:joined thread
[4.902s] INFO:colcon.colcon_core.shell:Creating prefix script '/home/ubuntu/Emmanuel_Jr_robot/install/local_setup.ps1'
[4.908s] INFO:colcon.colcon_core.shell:Creating prefix util module '/home/ubuntu/Emmanuel_Jr_robot/install/_local_setup_util_ps1.py'
[4.918s] INFO:colcon.colcon_core.shell:Creating prefix chain script '/home/ubuntu/Emmanuel_Jr_robot/install/setup.ps1'
[4.926s] INFO:colcon.colcon_core.shell:Creating prefix script '/home/ubuntu/Emmanuel_Jr_robot/install/local_setup.sh'
[4.932s] INFO:colcon.colcon_core.shell:Creating prefix util module '/home/ubuntu/Emmanuel_Jr_robot/install/_local_setup_util_sh.py'
[4.935s] INFO:colcon.colcon_core.shell:Creating prefix chain script '/home/ubuntu/Emmanuel_Jr_robot/install/setup.sh'
[4.943s] INFO:colcon.colcon_core.shell:Creating prefix script '/home/ubuntu/Emmanuel_Jr_robot/install/local_setup.bash'
[4.947s] INFO:colcon.colcon_core.shell:Creating prefix chain script '/home/ubuntu/Emmanuel_Jr_robot/install/setup.bash'
[4.953s] INFO:colcon.colcon_core.shell:Creating prefix script '/home/ubuntu/Emmanuel_Jr_robot/install/local_setup.zsh'
[4.957s] INFO:colcon.colcon_core.shell:Creating prefix chain script '/home/ubuntu/Emmanuel_Jr_robot/install/setup.zsh'
