[2.502s] Invoking command in '/home/ubuntu/Emmanuel_Jr_robot/src/emmanuel': PYTHONPATH=/home/ubuntu/Emmanuel_Jr_robot/install/emmanuel/lib/python3.8/site-packages:${PYTHONPATH} /usr/bin/python3 setup.py egg_info --egg-base ../../build/emmanuel build --build-base /home/ubuntu/Emmanuel_Jr_robot/build/emmanuel/build install --prefix /home/ubuntu/Emmanuel_Jr_robot/install/emmanuel --record /home/ubuntu/Emmanuel_Jr_robot/build/emmanuel/install.log --single-version-externally-managed
[3.370s] running egg_info
[3.372s] writing ../../build/emmanuel/emmanuel.egg-info/PKG-INFO
[3.373s] writing dependency_links to ../../build/emmanuel/emmanuel.egg-info/dependency_links.txt
[3.374s] writing entry points to ../../build/emmanuel/emmanuel.egg-info/entry_points.txt
[3.374s] writing requirements to ../../build/emmanuel/emmanuel.egg-info/requires.txt
[3.375s] writing top-level names to ../../build/emmanuel/emmanuel.egg-info/top_level.txt
[3.499s] reading manifest file '../../build/emmanuel/emmanuel.egg-info/SOURCES.txt'
[3.502s] writing manifest file '../../build/emmanuel/emmanuel.egg-info/SOURCES.txt'
[3.503s] running build
[3.503s] running build_py
[3.504s] copying emmanuel/motors.py -> /home/ubuntu/Emmanuel_Jr_robot/build/emmanuel/build/lib/emmanuel
[3.505s] running install
[3.508s] running install_lib
[3.512s] copying /home/ubuntu/Emmanuel_Jr_robot/build/emmanuel/build/lib/emmanuel/motors.py -> /home/ubuntu/Emmanuel_Jr_robot/install/emmanuel/lib/python3.8/site-packages/emmanuel
[3.514s] byte-compiling /home/ubuntu/Emmanuel_Jr_robot/install/emmanuel/lib/python3.8/site-packages/emmanuel/motors.py to motors.cpython-38.pyc
[3.524s] running install_data
[3.526s] running install_egg_info
[3.532s] removing '/home/ubuntu/Emmanuel_Jr_robot/install/emmanuel/lib/python3.8/site-packages/emmanuel-0.0.0-py3.8.egg-info' (and everything under it)
[3.533s] Copying ../../build/emmanuel/emmanuel.egg-info to /home/ubuntu/Emmanuel_Jr_robot/install/emmanuel/lib/python3.8/site-packages/emmanuel-0.0.0-py3.8.egg-info
[3.537s] running install_scripts
[3.596s] Installing motor_run script to /home/ubuntu/Emmanuel_Jr_robot/install/emmanuel/lib/emmanuel
[3.598s] writing list of installed files to '/home/ubuntu/Emmanuel_Jr_robot/build/emmanuel/install.log'
[3.692s] Invoked command in '/home/ubuntu/Emmanuel_Jr_robot/src/emmanuel' returned '0': PYTHONPATH=/home/ubuntu/Emmanuel_Jr_robot/install/emmanuel/lib/python3.8/site-packages:${PYTHONPATH} /usr/bin/python3 setup.py egg_info --egg-base ../../build/emmanuel build --build-base /home/ubuntu/Emmanuel_Jr_robot/build/emmanuel/build install --prefix /home/ubuntu/Emmanuel_Jr_robot/install/emmanuel --record /home/ubuntu/Emmanuel_Jr_robot/build/emmanuel/install.log --single-version-externally-managed
