[0.030s] Invoking command in '/home/rex/Emmanuel_Jr_robot/build/linorobot2_base': CMAKE_PREFIX_PATH=${CMAKE_PREFIX_PATH}:/home/rex/Emmanuel_Jr_robot/install/nav2_simple_commander:/home/rex/Emmanuel_Jr_robot/install/nav2_gazebo_spawner:/home/rex/Emmanuel_Jr_robot/install/emmanuelJr:/home/rex/Emmanuel_Jr_robot/install/emmanuel:/opt/ros/galactic /usr/bin/cmake --build /home/rex/Emmanuel_Jr_robot/build/linorobot2_base -- -j2 -l2
[0.081s] Invoked command in '/home/rex/Emmanuel_Jr_robot/build/linorobot2_base' returned '0': CMAKE_PREFIX_PATH=${CMAKE_PREFIX_PATH}:/home/rex/Emmanuel_Jr_robot/install/nav2_simple_commander:/home/rex/Emmanuel_Jr_robot/install/nav2_gazebo_spawner:/home/rex/Emmanuel_Jr_robot/install/emmanuelJr:/home/rex/Emmanuel_Jr_robot/install/emmanuel:/opt/ros/galactic /usr/bin/cmake --build /home/rex/Emmanuel_Jr_robot/build/linorobot2_base -- -j2 -l2
[0.123s] Invoking command in '/home/rex/Emmanuel_Jr_robot/build/linorobot2_base': CMAKE_PREFIX_PATH=${CMAKE_PREFIX_PATH}:/home/rex/Emmanuel_Jr_robot/install/nav2_simple_commander:/home/rex/Emmanuel_Jr_robot/install/nav2_gazebo_spawner:/home/rex/Emmanuel_Jr_robot/install/emmanuelJr:/home/rex/Emmanuel_Jr_robot/install/emmanuel:/opt/ros/galactic /usr/bin/cmake --install /home/rex/Emmanuel_Jr_robot/build/linorobot2_base
[0.134s] -- Install configuration: ""
[0.135s] -- Up-to-date: /home/rex/Emmanuel_Jr_robot/install/linorobot2_base/share/linorobot2_base/config
[0.135s] -- Up-to-date: /home/rex/Emmanuel_Jr_robot/install/linorobot2_base/share/linorobot2_base/config/ekf.yaml
[0.135s] -- Up-to-date: /home/rex/Emmanuel_Jr_robot/install/linorobot2_base/share/ament_index/resource_index/package_run_dependencies/linorobot2_base
[0.135s] -- Up-to-date: /home/rex/Emmanuel_Jr_robot/install/linorobot2_base/share/ament_index/resource_index/parent_prefix_path/linorobot2_base
[0.135s] -- Up-to-date: /home/rex/Emmanuel_Jr_robot/install/linorobot2_base/share/linorobot2_base/environment/ament_prefix_path.sh
[0.135s] -- Up-to-date: /home/rex/Emmanuel_Jr_robot/install/linorobot2_base/share/linorobot2_base/environment/ament_prefix_path.dsv
[0.136s] -- Up-to-date: /home/rex/Emmanuel_Jr_robot/install/linorobot2_base/share/linorobot2_base/environment/path.sh
[0.136s] -- Up-to-date: /home/rex/Emmanuel_Jr_robot/install/linorobot2_base/share/linorobot2_base/environment/path.dsv
[0.136s] -- Up-to-date: /home/rex/Emmanuel_Jr_robot/install/linorobot2_base/share/linorobot2_base/local_setup.bash
[0.136s] -- Up-to-date: /home/rex/Emmanuel_Jr_robot/install/linorobot2_base/share/linorobot2_base/local_setup.sh
[0.136s] -- Up-to-date: /home/rex/Emmanuel_Jr_robot/install/linorobot2_base/share/linorobot2_base/local_setup.zsh
[0.136s] -- Up-to-date: /home/rex/Emmanuel_Jr_robot/install/linorobot2_base/share/linorobot2_base/local_setup.dsv
[0.137s] -- Up-to-date: /home/rex/Emmanuel_Jr_robot/install/linorobot2_base/share/linorobot2_base/package.dsv
[0.137s] -- Up-to-date: /home/rex/Emmanuel_Jr_robot/install/linorobot2_base/share/ament_index/resource_index/packages/linorobot2_base
[0.137s] -- Up-to-date: /home/rex/Emmanuel_Jr_robot/install/linorobot2_base/share/linorobot2_base/cmake/linorobot2_baseConfig.cmake
[0.137s] -- Up-to-date: /home/rex/Emmanuel_Jr_robot/install/linorobot2_base/share/linorobot2_base/cmake/linorobot2_baseConfig-version.cmake
[0.137s] -- Up-to-date: /home/rex/Emmanuel_Jr_robot/install/linorobot2_base/share/linorobot2_base/package.xml
[0.139s] Invoked command in '/home/rex/Emmanuel_Jr_robot/build/linorobot2_base' returned '0': CMAKE_PREFIX_PATH=${CMAKE_PREFIX_PATH}:/home/rex/Emmanuel_Jr_robot/install/nav2_simple_commander:/home/rex/Emmanuel_Jr_robot/install/nav2_gazebo_spawner:/home/rex/Emmanuel_Jr_robot/install/emmanuelJr:/home/rex/Emmanuel_Jr_robot/install/emmanuel:/opt/ros/galactic /usr/bin/cmake --install /home/rex/Emmanuel_Jr_robot/build/linorobot2_base
