[0.110s] Invoking command in '/home/ubuntu/Emmanuel_Jr_robot/build/linorobot2_bringup': AMENT_PREFIX_PATH=/home/ubuntu/Emmanuel_Jr_robot/install/micro_ros_agent:/home/ubuntu/Emmanuel_Jr_robot/install/micro_ros_msgs:${AMENT_PREFIX_PATH} CMAKE_PREFIX_PATH=/home/ubuntu/Emmanuel_Jr_robot/install/micro_ros_agent:/home/ubuntu/Emmanuel_Jr_robot/install/micro_ros_msgs:/home/ubuntu/Emmanuel_Jr_robot/install/rplidar_ros2:/home/ubuntu/Emmanuel_Jr_robot/install/mpu9250driver:/home/ubuntu/Emmanuel_Jr_robot/install/linorobot2_viz:/home/ubuntu/Emmanuel_Jr_robot/install/linorobot2_navigation:/home/ubuntu/Emmanuel_Jr_robot/install/linorobot2_gazebo:/home/ubuntu/Emmanuel_Jr_robot/install/linorobot2_description:/home/ubuntu/Emmanuel_Jr_robot/install/linorobot2_bringup:/home/ubuntu/Emmanuel_Jr_robot/install/linorobot2_base:/home/ubuntu/Emmanuel_Jr_robot/install/linorobot2:/home/ubuntu/Emmanuel_Jr_robot/install/emmanuel:/opt/ros/galactic LD_LIBRARY_PATH=/home/ubuntu/Emmanuel_Jr_robot/install/micro_ros_agent/lib:/home/ubuntu/Emmanuel_Jr_robot/install/micro_ros_msgs/lib:${LD_LIBRARY_PATH} PYTHONPATH=/home/ubuntu/Emmanuel_Jr_robot/install/micro_ros_msgs/lib/python3.8/site-packages:${PYTHONPATH} /usr/bin/cmake /home/ubuntu/Emmanuel_Jr_robot/src/linorobot2/linorobot2_bringup -DCMAKE_INSTALL_PREFIX=/home/ubuntu/Emmanuel_Jr_robot/install/linorobot2_bringup
[0.874s] -- The C compiler identification is GNU 9.4.0
[1.122s] -- The CXX compiler identification is GNU 9.4.0
[1.148s] -- Check for working C compiler: /usr/bin/cc
[1.808s] -- Check for working C compiler: /usr/bin/cc -- works
[2.001s] -- Detecting C compiler ABI info
[2.317s] -- Detecting C compiler ABI info - done
[2.354s] -- Detecting C compile features
[2.357s] -- Detecting C compile features - done
[2.369s] -- Check for working CXX compiler: /usr/bin/c++
[2.700s] -- Check for working CXX compiler: /usr/bin/c++ -- works
[2.704s] -- Detecting CXX compiler ABI info
[3.064s] -- Detecting CXX compiler ABI info - done
[3.103s] -- Detecting CXX compile features
[3.105s] -- Detecting CXX compile features - done
[3.137s] -- Found ament_cmake: 1.1.5 (/opt/ros/galactic/share/ament_cmake/cmake)
[3.282s] -- Found PythonInterp: /usr/bin/python3 (found suitable version "3.8.10", minimum required is "3") 
[3.282s] -- Using PYTHON_EXECUTABLE: /usr/bin/python3
[4.104s] -- Configuring done
[4.113s] -- Generating done
[4.116s] -- Build files have been written to: /home/ubuntu/Emmanuel_Jr_robot/build/linorobot2_bringup
[4.127s] Invoked command in '/home/ubuntu/Emmanuel_Jr_robot/build/linorobot2_bringup' returned '0': AMENT_PREFIX_PATH=/home/ubuntu/Emmanuel_Jr_robot/install/micro_ros_agent:/home/ubuntu/Emmanuel_Jr_robot/install/micro_ros_msgs:${AMENT_PREFIX_PATH} CMAKE_PREFIX_PATH=/home/ubuntu/Emmanuel_Jr_robot/install/micro_ros_agent:/home/ubuntu/Emmanuel_Jr_robot/install/micro_ros_msgs:/home/ubuntu/Emmanuel_Jr_robot/install/rplidar_ros2:/home/ubuntu/Emmanuel_Jr_robot/install/mpu9250driver:/home/ubuntu/Emmanuel_Jr_robot/install/linorobot2_viz:/home/ubuntu/Emmanuel_Jr_robot/install/linorobot2_navigation:/home/ubuntu/Emmanuel_Jr_robot/install/linorobot2_gazebo:/home/ubuntu/Emmanuel_Jr_robot/install/linorobot2_description:/home/ubuntu/Emmanuel_Jr_robot/install/linorobot2_bringup:/home/ubuntu/Emmanuel_Jr_robot/install/linorobot2_base:/home/ubuntu/Emmanuel_Jr_robot/install/linorobot2:/home/ubuntu/Emmanuel_Jr_robot/install/emmanuel:/opt/ros/galactic LD_LIBRARY_PATH=/home/ubuntu/Emmanuel_Jr_robot/install/micro_ros_agent/lib:/home/ubuntu/Emmanuel_Jr_robot/install/micro_ros_msgs/lib:${LD_LIBRARY_PATH} PYTHONPATH=/home/ubuntu/Emmanuel_Jr_robot/install/micro_ros_msgs/lib/python3.8/site-packages:${PYTHONPATH} /usr/bin/cmake /home/ubuntu/Emmanuel_Jr_robot/src/linorobot2/linorobot2_bringup -DCMAKE_INSTALL_PREFIX=/home/ubuntu/Emmanuel_Jr_robot/install/linorobot2_bringup
[4.136s] Invoking command in '/home/ubuntu/Emmanuel_Jr_robot/build/linorobot2_bringup': AMENT_PREFIX_PATH=/home/ubuntu/Emmanuel_Jr_robot/install/micro_ros_agent:/home/ubuntu/Emmanuel_Jr_robot/install/micro_ros_msgs:${AMENT_PREFIX_PATH} CMAKE_PREFIX_PATH=/home/ubuntu/Emmanuel_Jr_robot/install/micro_ros_agent:/home/ubuntu/Emmanuel_Jr_robot/install/micro_ros_msgs:/home/ubuntu/Emmanuel_Jr_robot/install/rplidar_ros2:/home/ubuntu/Emmanuel_Jr_robot/install/mpu9250driver:/home/ubuntu/Emmanuel_Jr_robot/install/linorobot2_viz:/home/ubuntu/Emmanuel_Jr_robot/install/linorobot2_navigation:/home/ubuntu/Emmanuel_Jr_robot/install/linorobot2_gazebo:/home/ubuntu/Emmanuel_Jr_robot/install/linorobot2_description:/home/ubuntu/Emmanuel_Jr_robot/install/linorobot2_bringup:/home/ubuntu/Emmanuel_Jr_robot/install/linorobot2_base:/home/ubuntu/Emmanuel_Jr_robot/install/linorobot2:/home/ubuntu/Emmanuel_Jr_robot/install/emmanuel:/opt/ros/galactic LD_LIBRARY_PATH=/home/ubuntu/Emmanuel_Jr_robot/install/micro_ros_agent/lib:/home/ubuntu/Emmanuel_Jr_robot/install/micro_ros_msgs/lib:${LD_LIBRARY_PATH} PYTHONPATH=/home/ubuntu/Emmanuel_Jr_robot/install/micro_ros_msgs/lib/python3.8/site-packages:${PYTHONPATH} /usr/bin/cmake --build /home/ubuntu/Emmanuel_Jr_robot/build/linorobot2_bringup -- -j4 -l4
[4.303s] Invoked command in '/home/ubuntu/Emmanuel_Jr_robot/build/linorobot2_bringup' returned '0': AMENT_PREFIX_PATH=/home/ubuntu/Emmanuel_Jr_robot/install/micro_ros_agent:/home/ubuntu/Emmanuel_Jr_robot/install/micro_ros_msgs:${AMENT_PREFIX_PATH} CMAKE_PREFIX_PATH=/home/ubuntu/Emmanuel_Jr_robot/install/micro_ros_agent:/home/ubuntu/Emmanuel_Jr_robot/install/micro_ros_msgs:/home/ubuntu/Emmanuel_Jr_robot/install/rplidar_ros2:/home/ubuntu/Emmanuel_Jr_robot/install/mpu9250driver:/home/ubuntu/Emmanuel_Jr_robot/install/linorobot2_viz:/home/ubuntu/Emmanuel_Jr_robot/install/linorobot2_navigation:/home/ubuntu/Emmanuel_Jr_robot/install/linorobot2_gazebo:/home/ubuntu/Emmanuel_Jr_robot/install/linorobot2_description:/home/ubuntu/Emmanuel_Jr_robot/install/linorobot2_bringup:/home/ubuntu/Emmanuel_Jr_robot/install/linorobot2_base:/home/ubuntu/Emmanuel_Jr_robot/install/linorobot2:/home/ubuntu/Emmanuel_Jr_robot/install/emmanuel:/opt/ros/galactic LD_LIBRARY_PATH=/home/ubuntu/Emmanuel_Jr_robot/install/micro_ros_agent/lib:/home/ubuntu/Emmanuel_Jr_robot/install/micro_ros_msgs/lib:${LD_LIBRARY_PATH} PYTHONPATH=/home/ubuntu/Emmanuel_Jr_robot/install/micro_ros_msgs/lib/python3.8/site-packages:${PYTHONPATH} /usr/bin/cmake --build /home/ubuntu/Emmanuel_Jr_robot/build/linorobot2_bringup -- -j4 -l4
[4.411s] Invoking command in '/home/ubuntu/Emmanuel_Jr_robot/build/linorobot2_bringup': AMENT_PREFIX_PATH=/home/ubuntu/Emmanuel_Jr_robot/install/micro_ros_agent:/home/ubuntu/Emmanuel_Jr_robot/install/micro_ros_msgs:${AMENT_PREFIX_PATH} CMAKE_PREFIX_PATH=/home/ubuntu/Emmanuel_Jr_robot/install/micro_ros_agent:/home/ubuntu/Emmanuel_Jr_robot/install/micro_ros_msgs:/home/ubuntu/Emmanuel_Jr_robot/install/rplidar_ros2:/home/ubuntu/Emmanuel_Jr_robot/install/mpu9250driver:/home/ubuntu/Emmanuel_Jr_robot/install/linorobot2_viz:/home/ubuntu/Emmanuel_Jr_robot/install/linorobot2_navigation:/home/ubuntu/Emmanuel_Jr_robot/install/linorobot2_gazebo:/home/ubuntu/Emmanuel_Jr_robot/install/linorobot2_description:/home/ubuntu/Emmanuel_Jr_robot/install/linorobot2_bringup:/home/ubuntu/Emmanuel_Jr_robot/install/linorobot2_base:/home/ubuntu/Emmanuel_Jr_robot/install/linorobot2:/home/ubuntu/Emmanuel_Jr_robot/install/emmanuel:/opt/ros/galactic LD_LIBRARY_PATH=/home/ubuntu/Emmanuel_Jr_robot/install/micro_ros_agent/lib:/home/ubuntu/Emmanuel_Jr_robot/install/micro_ros_msgs/lib:${LD_LIBRARY_PATH} PYTHONPATH=/home/ubuntu/Emmanuel_Jr_robot/install/micro_ros_msgs/lib/python3.8/site-packages:${PYTHONPATH} /usr/bin/cmake --install /home/ubuntu/Emmanuel_Jr_robot/build/linorobot2_bringup
[4.449s] -- Install configuration: ""
[4.452s] -- Up-to-date: /home/ubuntu/Emmanuel_Jr_robot/install/linorobot2_bringup/share/linorobot2_bringup/launch
[4.454s] -- Installing: /home/ubuntu/Emmanuel_Jr_robot/install/linorobot2_bringup/share/linorobot2_bringup/launch/lasers.launch.py
[4.457s] -- Installing: /home/ubuntu/Emmanuel_Jr_robot/install/linorobot2_bringup/share/linorobot2_bringup/launch/joy_teleop.launch.py
[4.458s] -- Installing: /home/ubuntu/Emmanuel_Jr_robot/install/linorobot2_bringup/share/linorobot2_bringup/launch/bringup.launch.py
[4.460s] -- Installing: /home/ubuntu/Emmanuel_Jr_robot/install/linorobot2_bringup/share/linorobot2_bringup/launch/sensors.launch.py
[4.462s] -- Installing: /home/ubuntu/Emmanuel_Jr_robot/install/linorobot2_bringup/share/linorobot2_bringup/launch/depth.launch.py
[4.463s] -- Up-to-date: /home/ubuntu/Emmanuel_Jr_robot/install/linorobot2_bringup/share/linorobot2_bringup/config
[4.465s] -- Installing: /home/ubuntu/Emmanuel_Jr_robot/install/linorobot2_bringup/share/linorobot2_bringup/config/joy.yaml
[4.467s] -- Installing: /home/ubuntu/Emmanuel_Jr_robot/install/linorobot2_bringup/share/linorobot2_bringup/config/ydlidar.yaml
[4.468s] -- Installing: /home/ubuntu/Emmanuel_Jr_robot/install/linorobot2_bringup/share/linorobot2_bringup/config/zed_common.yaml
[4.470s] -- Installing: /home/ubuntu/Emmanuel_Jr_robot/install/linorobot2_bringup/share/linorobot2_bringup/config/fake_laser.yaml
[4.473s] -- Installing: /home/ubuntu/Emmanuel_Jr_robot/install/linorobot2_bringup/share/ament_index/resource_index/package_run_dependencies/linorobot2_bringup
[4.476s] -- Installing: /home/ubuntu/Emmanuel_Jr_robot/install/linorobot2_bringup/share/ament_index/resource_index/parent_prefix_path/linorobot2_bringup
[4.478s] -- Installing: /home/ubuntu/Emmanuel_Jr_robot/install/linorobot2_bringup/share/linorobot2_bringup/environment/ament_prefix_path.sh
[4.479s] -- Installing: /home/ubuntu/Emmanuel_Jr_robot/install/linorobot2_bringup/share/linorobot2_bringup/environment/ament_prefix_path.dsv
[4.481s] -- Installing: /home/ubuntu/Emmanuel_Jr_robot/install/linorobot2_bringup/share/linorobot2_bringup/environment/path.sh
[4.482s] -- Installing: /home/ubuntu/Emmanuel_Jr_robot/install/linorobot2_bringup/share/linorobot2_bringup/environment/path.dsv
[4.484s] -- Installing: /home/ubuntu/Emmanuel_Jr_robot/install/linorobot2_bringup/share/linorobot2_bringup/local_setup.bash
[4.485s] -- Installing: /home/ubuntu/Emmanuel_Jr_robot/install/linorobot2_bringup/share/linorobot2_bringup/local_setup.sh
[4.486s] -- Installing: /home/ubuntu/Emmanuel_Jr_robot/install/linorobot2_bringup/share/linorobot2_bringup/local_setup.zsh
[4.487s] -- Installing: /home/ubuntu/Emmanuel_Jr_robot/install/linorobot2_bringup/share/linorobot2_bringup/local_setup.dsv
[4.488s] -- Installing: /home/ubuntu/Emmanuel_Jr_robot/install/linorobot2_bringup/share/linorobot2_bringup/package.dsv
[4.492s] -- Installing: /home/ubuntu/Emmanuel_Jr_robot/install/linorobot2_bringup/share/ament_index/resource_index/packages/linorobot2_bringup
[4.494s] -- Installing: /home/ubuntu/Emmanuel_Jr_robot/install/linorobot2_bringup/share/linorobot2_bringup/cmake/linorobot2_bringupConfig.cmake
[4.495s] -- Installing: /home/ubuntu/Emmanuel_Jr_robot/install/linorobot2_bringup/share/linorobot2_bringup/cmake/linorobot2_bringupConfig-version.cmake
[4.496s] -- Installing: /home/ubuntu/Emmanuel_Jr_robot/install/linorobot2_bringup/share/linorobot2_bringup/package.xml
[4.508s] Invoked command in '/home/ubuntu/Emmanuel_Jr_robot/build/linorobot2_bringup' returned '0': AMENT_PREFIX_PATH=/home/ubuntu/Emmanuel_Jr_robot/install/micro_ros_agent:/home/ubuntu/Emmanuel_Jr_robot/install/micro_ros_msgs:${AMENT_PREFIX_PATH} CMAKE_PREFIX_PATH=/home/ubuntu/Emmanuel_Jr_robot/install/micro_ros_agent:/home/ubuntu/Emmanuel_Jr_robot/install/micro_ros_msgs:/home/ubuntu/Emmanuel_Jr_robot/install/rplidar_ros2:/home/ubuntu/Emmanuel_Jr_robot/install/mpu9250driver:/home/ubuntu/Emmanuel_Jr_robot/install/linorobot2_viz:/home/ubuntu/Emmanuel_Jr_robot/install/linorobot2_navigation:/home/ubuntu/Emmanuel_Jr_robot/install/linorobot2_gazebo:/home/ubuntu/Emmanuel_Jr_robot/install/linorobot2_description:/home/ubuntu/Emmanuel_Jr_robot/install/linorobot2_bringup:/home/ubuntu/Emmanuel_Jr_robot/install/linorobot2_base:/home/ubuntu/Emmanuel_Jr_robot/install/linorobot2:/home/ubuntu/Emmanuel_Jr_robot/install/emmanuel:/opt/ros/galactic LD_LIBRARY_PATH=/home/ubuntu/Emmanuel_Jr_robot/install/micro_ros_agent/lib:/home/ubuntu/Emmanuel_Jr_robot/install/micro_ros_msgs/lib:${LD_LIBRARY_PATH} PYTHONPATH=/home/ubuntu/Emmanuel_Jr_robot/install/micro_ros_msgs/lib/python3.8/site-packages:${PYTHONPATH} /usr/bin/cmake --install /home/ubuntu/Emmanuel_Jr_robot/build/linorobot2_bringup
