[0.663s] Invoking command in '/home/rex/Emmanuel_Jr_robot/src/emmanuel': PYTHONPATH=/home/rex/Emmanuel_Jr_robot/install/emmanuel/lib/python3.8/site-packages:${PYTHONPATH} /usr/bin/python3 setup.py egg_info --egg-base ../../build/emmanuel build --build-base /home/rex/Emmanuel_Jr_robot/build/emmanuel/build install --prefix /home/rex/Emmanuel_Jr_robot/install/emmanuel --record /home/rex/Emmanuel_Jr_robot/build/emmanuel/install.log --single-version-externally-managed
[0.876s] running egg_info
[0.877s] creating ../../build/emmanuel/emmanuel.egg-info
[0.877s] writing ../../build/emmanuel/emmanuel.egg-info/PKG-INFO
[0.878s] writing dependency_links to ../../build/emmanuel/emmanuel.egg-info/dependency_links.txt
[0.878s] writing entry points to ../../build/emmanuel/emmanuel.egg-info/entry_points.txt
[0.878s] writing requirements to ../../build/emmanuel/emmanuel.egg-info/requires.txt
[0.879s] writing top-level names to ../../build/emmanuel/emmanuel.egg-info/top_level.txt
[0.880s] writing manifest file '../../build/emmanuel/emmanuel.egg-info/SOURCES.txt'
[0.911s] reading manifest file '../../build/emmanuel/emmanuel.egg-info/SOURCES.txt'
[0.912s] writing manifest file '../../build/emmanuel/emmanuel.egg-info/SOURCES.txt'
[0.913s] running build
[0.913s] running build_py
[0.913s] creating /home/rex/Emmanuel_Jr_robot/build/emmanuel/build
[0.913s] creating /home/rex/Emmanuel_Jr_robot/build/emmanuel/build/lib
[0.914s] creating /home/rex/Emmanuel_Jr_robot/build/emmanuel/build/lib/emmanuel
[0.914s] copying emmanuel/motors.py -> /home/rex/Emmanuel_Jr_robot/build/emmanuel/build/lib/emmanuel
[0.914s] copying emmanuel/encoder.py -> /home/rex/Emmanuel_Jr_robot/build/emmanuel/build/lib/emmanuel
[0.915s] copying emmanuel/__init__.py -> /home/rex/Emmanuel_Jr_robot/build/emmanuel/build/lib/emmanuel
[0.915s] running install
[0.916s] running install_lib
[0.917s] creating /home/rex/Emmanuel_Jr_robot/install/emmanuel/lib/python3.8/site-packages/emmanuel
[0.917s] copying /home/rex/Emmanuel_Jr_robot/build/emmanuel/build/lib/emmanuel/motors.py -> /home/rex/Emmanuel_Jr_robot/install/emmanuel/lib/python3.8/site-packages/emmanuel
[0.918s] copying /home/rex/Emmanuel_Jr_robot/build/emmanuel/build/lib/emmanuel/encoder.py -> /home/rex/Emmanuel_Jr_robot/install/emmanuel/lib/python3.8/site-packages/emmanuel
[0.918s] copying /home/rex/Emmanuel_Jr_robot/build/emmanuel/build/lib/emmanuel/__init__.py -> /home/rex/Emmanuel_Jr_robot/install/emmanuel/lib/python3.8/site-packages/emmanuel
[0.918s] byte-compiling /home/rex/Emmanuel_Jr_robot/install/emmanuel/lib/python3.8/site-packages/emmanuel/motors.py to motors.cpython-38.pyc
[0.920s] byte-compiling /home/rex/Emmanuel_Jr_robot/install/emmanuel/lib/python3.8/site-packages/emmanuel/encoder.py to encoder.cpython-38.pyc
[0.921s] byte-compiling /home/rex/Emmanuel_Jr_robot/install/emmanuel/lib/python3.8/site-packages/emmanuel/__init__.py to __init__.cpython-38.pyc
[0.921s] running install_data
[0.922s] creating /home/rex/Emmanuel_Jr_robot/install/emmanuel/share/ament_index
[0.922s] creating /home/rex/Emmanuel_Jr_robot/install/emmanuel/share/ament_index/resource_index
[0.922s] creating /home/rex/Emmanuel_Jr_robot/install/emmanuel/share/ament_index/resource_index/packages
[0.923s] copying resource/emmanuel -> /home/rex/Emmanuel_Jr_robot/install/emmanuel/share/ament_index/resource_index/packages
[0.923s] copying package.xml -> /home/rex/Emmanuel_Jr_robot/install/emmanuel/share/emmanuel
[0.923s] running install_egg_info
[0.925s] Copying ../../build/emmanuel/emmanuel.egg-info to /home/rex/Emmanuel_Jr_robot/install/emmanuel/lib/python3.8/site-packages/emmanuel-0.0.0-py3.8.egg-info
[0.926s] running install_scripts
[0.943s] Installing motor_run script to /home/rex/Emmanuel_Jr_robot/install/emmanuel/lib/emmanuel
[0.944s] writing list of installed files to '/home/rex/Emmanuel_Jr_robot/build/emmanuel/install.log'
[0.976s] Invoked command in '/home/rex/Emmanuel_Jr_robot/src/emmanuel' returned '0': PYTHONPATH=/home/rex/Emmanuel_Jr_robot/install/emmanuel/lib/python3.8/site-packages:${PYTHONPATH} /usr/bin/python3 setup.py egg_info --egg-base ../../build/emmanuel build --build-base /home/rex/Emmanuel_Jr_robot/build/emmanuel/build install --prefix /home/rex/Emmanuel_Jr_robot/install/emmanuel --record /home/rex/Emmanuel_Jr_robot/build/emmanuel/install.log --single-version-externally-managed
