[0.030s] Invoking command in '/home/rex/Emmanuel_Jr_robot/build/rplidar_ros2': CMAKE_PREFIX_PATH=${CMAKE_PREFIX_PATH}:/home/rex/Emmanuel_Jr_robot/install/nav2_simple_commander:/home/rex/Emmanuel_Jr_robot/install/nav2_gazebo_spawner:/home/rex/Emmanuel_Jr_robot/install/emmanuelJr:/home/rex/Emmanuel_Jr_robot/install/emmanuel:/opt/ros/galactic /usr/bin/cmake --build /home/rex/Emmanuel_Jr_robot/build/rplidar_ros2 -- -j2 -l2
[0.114s] [100%] Built target rplidar_scan_publisher
[0.128s] Invoked command in '/home/rex/Emmanuel_Jr_robot/build/rplidar_ros2' returned '0': CMAKE_PREFIX_PATH=${CMAKE_PREFIX_PATH}:/home/rex/Emmanuel_Jr_robot/install/nav2_simple_commander:/home/rex/Emmanuel_Jr_robot/install/nav2_gazebo_spawner:/home/rex/Emmanuel_Jr_robot/install/emmanuelJr:/home/rex/Emmanuel_Jr_robot/install/emmanuel:/opt/ros/galactic /usr/bin/cmake --build /home/rex/Emmanuel_Jr_robot/build/rplidar_ros2 -- -j2 -l2
[0.187s] Invoking command in '/home/rex/Emmanuel_Jr_robot/build/rplidar_ros2': CMAKE_PREFIX_PATH=${CMAKE_PREFIX_PATH}:/home/rex/Emmanuel_Jr_robot/install/nav2_simple_commander:/home/rex/Emmanuel_Jr_robot/install/nav2_gazebo_spawner:/home/rex/Emmanuel_Jr_robot/install/emmanuelJr:/home/rex/Emmanuel_Jr_robot/install/emmanuel:/opt/ros/galactic /usr/bin/cmake --install /home/rex/Emmanuel_Jr_robot/build/rplidar_ros2
[0.199s] -- Install configuration: ""
[0.199s] -- Up-to-date: /home/rex/Emmanuel_Jr_robot/install/rplidar_ros2/share/rplidar_ros2/launch
[0.200s] -- Up-to-date: /home/rex/Emmanuel_Jr_robot/install/rplidar_ros2/share/rplidar_ros2/launch/view_rplidar_a3_launch.py
[0.200s] -- Up-to-date: /home/rex/Emmanuel_Jr_robot/install/rplidar_ros2/share/rplidar_ros2/launch/rplidar_s1_tcp_launch.py
[0.200s] -- Up-to-date: /home/rex/Emmanuel_Jr_robot/install/rplidar_ros2/share/rplidar_ros2/launch/rplidar_a3_launch.py
[0.200s] -- Up-to-date: /home/rex/Emmanuel_Jr_robot/install/rplidar_ros2/share/rplidar_ros2/launch/rplidar_launch.py
[0.200s] -- Up-to-date: /home/rex/Emmanuel_Jr_robot/install/rplidar_ros2/share/rplidar_ros2/launch/view_rplidar_s1_tcp_launch.py
[0.201s] -- Up-to-date: /home/rex/Emmanuel_Jr_robot/install/rplidar_ros2/share/rplidar_ros2/launch/rplidar_s1_launch.py
[0.201s] -- Up-to-date: /home/rex/Emmanuel_Jr_robot/install/rplidar_ros2/share/rplidar_ros2/launch/view_rplidar_launch.py
[0.201s] -- Up-to-date: /home/rex/Emmanuel_Jr_robot/install/rplidar_ros2/share/rplidar_ros2/launch/view_rplidar_s1_launch.py
[0.201s] -- Up-to-date: /home/rex/Emmanuel_Jr_robot/install/rplidar_ros2/share/rplidar_ros2/rviz
[0.201s] -- Up-to-date: /home/rex/Emmanuel_Jr_robot/install/rplidar_ros2/share/rplidar_ros2/rviz/rplidar_ros2.rviz
[0.202s] -- Up-to-date: /home/rex/Emmanuel_Jr_robot/install/rplidar_ros2/lib/rplidar_ros2/rplidar_scan_publisher
[0.203s] -- Up-to-date: /home/rex/Emmanuel_Jr_robot/install/rplidar_ros2/share/ament_index/resource_index/package_run_dependencies/rplidar_ros2
[0.203s] -- Up-to-date: /home/rex/Emmanuel_Jr_robot/install/rplidar_ros2/share/ament_index/resource_index/parent_prefix_path/rplidar_ros2
[0.204s] -- Up-to-date: /home/rex/Emmanuel_Jr_robot/install/rplidar_ros2/share/rplidar_ros2/environment/ament_prefix_path.sh
[0.204s] -- Up-to-date: /home/rex/Emmanuel_Jr_robot/install/rplidar_ros2/share/rplidar_ros2/environment/ament_prefix_path.dsv
[0.204s] -- Up-to-date: /home/rex/Emmanuel_Jr_robot/install/rplidar_ros2/share/rplidar_ros2/environment/path.sh
[0.204s] -- Up-to-date: /home/rex/Emmanuel_Jr_robot/install/rplidar_ros2/share/rplidar_ros2/environment/path.dsv
[0.204s] -- Up-to-date: /home/rex/Emmanuel_Jr_robot/install/rplidar_ros2/share/rplidar_ros2/local_setup.bash
[0.205s] -- Up-to-date: /home/rex/Emmanuel_Jr_robot/install/rplidar_ros2/share/rplidar_ros2/local_setup.sh
[0.205s] -- Up-to-date: /home/rex/Emmanuel_Jr_robot/install/rplidar_ros2/share/rplidar_ros2/local_setup.zsh
[0.205s] -- Up-to-date: /home/rex/Emmanuel_Jr_robot/install/rplidar_ros2/share/rplidar_ros2/local_setup.dsv
[0.205s] -- Installing: /home/rex/Emmanuel_Jr_robot/install/rplidar_ros2/share/rplidar_ros2/package.dsv
[0.206s] -- Up-to-date: /home/rex/Emmanuel_Jr_robot/install/rplidar_ros2/share/ament_index/resource_index/packages/rplidar_ros2
[0.209s] -- Up-to-date: /home/rex/Emmanuel_Jr_robot/install/rplidar_ros2/share/rplidar_ros2/cmake/ament_cmake_export_dependencies-extras.cmake
[0.210s] -- Up-to-date: /home/rex/Emmanuel_Jr_robot/install/rplidar_ros2/share/rplidar_ros2/cmake/ament_cmake_export_include_directories-extras.cmake
[0.210s] -- Up-to-date: /home/rex/Emmanuel_Jr_robot/install/rplidar_ros2/share/rplidar_ros2/cmake/rplidar_ros2Config.cmake
[0.210s] -- Up-to-date: /home/rex/Emmanuel_Jr_robot/install/rplidar_ros2/share/rplidar_ros2/cmake/rplidar_ros2Config-version.cmake
[0.210s] -- Up-to-date: /home/rex/Emmanuel_Jr_robot/install/rplidar_ros2/share/rplidar_ros2/package.xml
[0.212s] Invoked command in '/home/rex/Emmanuel_Jr_robot/build/rplidar_ros2' returned '0': CMAKE_PREFIX_PATH=${CMAKE_PREFIX_PATH}:/home/rex/Emmanuel_Jr_robot/install/nav2_simple_commander:/home/rex/Emmanuel_Jr_robot/install/nav2_gazebo_spawner:/home/rex/Emmanuel_Jr_robot/install/emmanuelJr:/home/rex/Emmanuel_Jr_robot/install/emmanuel:/opt/ros/galactic /usr/bin/cmake --install /home/rex/Emmanuel_Jr_robot/build/rplidar_ros2
