running egg_info
creating ../../build/emmanuel/emmanuel.egg-info
writing ../../build/emmanuel/emmanuel.egg-info/PKG-INFO
writing dependency_links to ../../build/emmanuel/emmanuel.egg-info/dependency_links.txt
writing entry points to ../../build/emmanuel/emmanuel.egg-info/entry_points.txt
writing requirements to ../../build/emmanuel/emmanuel.egg-info/requires.txt
writing top-level names to ../../build/emmanuel/emmanuel.egg-info/top_level.txt
writing manifest file '../../build/emmanuel/emmanuel.egg-info/SOURCES.txt'
reading manifest file '../../build/emmanuel/emmanuel.egg-info/SOURCES.txt'
writing manifest file '../../build/emmanuel/emmanuel.egg-info/SOURCES.txt'
running build
running build_py
creating /home/snake/Emmanuel_Jr_robot/build/emmanuel/build
creating /home/snake/Emmanuel_Jr_robot/build/emmanuel/build/lib
creating /home/snake/Emmanuel_Jr_robot/build/emmanuel/build/lib/emmanuel
copying emmanuel/encoder.py -> /home/snake/Emmanuel_Jr_robot/build/emmanuel/build/lib/emmanuel
copying emmanuel/motors.py -> /home/snake/Emmanuel_Jr_robot/build/emmanuel/build/lib/emmanuel
copying emmanuel/__init__.py -> /home/snake/Emmanuel_Jr_robot/build/emmanuel/build/lib/emmanuel
running install
/usr/local/lib/python3.8/dist-packages/setuptools/command/install.py:34: SetuptoolsDeprecationWarning: setup.py install is deprecated. Use build and pip and other standards-based tools.
  warnings.warn(
running install_lib
creating /home/snake/Emmanuel_Jr_robot/install/emmanuel/lib/python3.8/site-packages/emmanuel
copying /home/snake/Emmanuel_Jr_robot/build/emmanuel/build/lib/emmanuel/encoder.py -> /home/snake/Emmanuel_Jr_robot/install/emmanuel/lib/python3.8/site-packages/emmanuel
copying /home/snake/Emmanuel_Jr_robot/build/emmanuel/build/lib/emmanuel/motors.py -> /home/snake/Emmanuel_Jr_robot/install/emmanuel/lib/python3.8/site-packages/emmanuel
copying /home/snake/Emmanuel_Jr_robot/build/emmanuel/build/lib/emmanuel/__init__.py -> /home/snake/Emmanuel_Jr_robot/install/emmanuel/lib/python3.8/site-packages/emmanuel
byte-compiling /home/snake/Emmanuel_Jr_robot/install/emmanuel/lib/python3.8/site-packages/emmanuel/encoder.py to encoder.cpython-38.pyc
byte-compiling /home/snake/Emmanuel_Jr_robot/install/emmanuel/lib/python3.8/site-packages/emmanuel/motors.py to motors.cpython-38.pyc
byte-compiling /home/snake/Emmanuel_Jr_robot/install/emmanuel/lib/python3.8/site-packages/emmanuel/__init__.py to __init__.cpython-38.pyc
running install_data
creating /home/snake/Emmanuel_Jr_robot/install/emmanuel/share/ament_index
creating /home/snake/Emmanuel_Jr_robot/install/emmanuel/share/ament_index/resource_index
creating /home/snake/Emmanuel_Jr_robot/install/emmanuel/share/ament_index/resource_index/packages
copying resource/emmanuel -> /home/snake/Emmanuel_Jr_robot/install/emmanuel/share/ament_index/resource_index/packages
copying package.xml -> /home/snake/Emmanuel_Jr_robot/install/emmanuel/share/emmanuel
running install_egg_info
Copying ../../build/emmanuel/emmanuel.egg-info to /home/snake/Emmanuel_Jr_robot/install/emmanuel/lib/python3.8/site-packages/emmanuel-0.0.0-py3.8.egg-info
running install_scripts
Installing motor_run script to /home/snake/Emmanuel_Jr_robot/install/emmanuel/lib/emmanuel
writing list of installed files to '/home/snake/Emmanuel_Jr_robot/build/emmanuel/install.log'
