[1.906s] Invoking command in '/home/snake/Emmanuel_Jr_robot/src/emmanuel': PYTHONPATH=/home/snake/Emmanuel_Jr_robot/install/emmanuel/lib/python3.8/site-packages:${PYTHONPATH} /usr/bin/python3 setup.py egg_info --egg-base ../../build/emmanuel build --build-base /home/snake/Emmanuel_Jr_robot/build/emmanuel/build install --prefix /home/snake/Emmanuel_Jr_robot/install/emmanuel --record /home/snake/Emmanuel_Jr_robot/build/emmanuel/install.log --single-version-externally-managed
[2.729s] running egg_info
[2.730s] creating ../../build/emmanuel/emmanuel.egg-info
[2.788s] writing ../../build/emmanuel/emmanuel.egg-info/PKG-INFO
[2.835s] writing dependency_links to ../../build/emmanuel/emmanuel.egg-info/dependency_links.txt
[2.983s] writing entry points to ../../build/emmanuel/emmanuel.egg-info/entry_points.txt
[3.080s] writing requirements to ../../build/emmanuel/emmanuel.egg-info/requires.txt
[3.128s] writing top-level names to ../../build/emmanuel/emmanuel.egg-info/top_level.txt
[3.131s] writing manifest file '../../build/emmanuel/emmanuel.egg-info/SOURCES.txt'
[3.211s] reading manifest file '../../build/emmanuel/emmanuel.egg-info/SOURCES.txt'
[3.211s] writing manifest file '../../build/emmanuel/emmanuel.egg-info/SOURCES.txt'
[3.211s] running build
[3.212s] running build_py
[3.212s] creating /home/snake/Emmanuel_Jr_robot/build/emmanuel/build
[3.212s] creating /home/snake/Emmanuel_Jr_robot/build/emmanuel/build/lib
[3.212s] creating /home/snake/Emmanuel_Jr_robot/build/emmanuel/build/lib/emmanuel
[3.212s] copying emmanuel/encoder.py -> /home/snake/Emmanuel_Jr_robot/build/emmanuel/build/lib/emmanuel
[3.212s] copying emmanuel/motors.py -> /home/snake/Emmanuel_Jr_robot/build/emmanuel/build/lib/emmanuel
[3.212s] copying emmanuel/__init__.py -> /home/snake/Emmanuel_Jr_robot/build/emmanuel/build/lib/emmanuel
[3.212s] running install
[3.214s] /usr/local/lib/python3.8/dist-packages/setuptools/command/install.py:34: SetuptoolsDeprecationWarning: setup.py install is deprecated. Use build and pip and other standards-based tools.
[3.214s]   warnings.warn(
[3.218s] running install_lib
[3.279s] creating /home/snake/Emmanuel_Jr_robot/install/emmanuel/lib/python3.8/site-packages/emmanuel
[3.280s] copying /home/snake/Emmanuel_Jr_robot/build/emmanuel/build/lib/emmanuel/encoder.py -> /home/snake/Emmanuel_Jr_robot/install/emmanuel/lib/python3.8/site-packages/emmanuel
[3.280s] copying /home/snake/Emmanuel_Jr_robot/build/emmanuel/build/lib/emmanuel/motors.py -> /home/snake/Emmanuel_Jr_robot/install/emmanuel/lib/python3.8/site-packages/emmanuel
[3.280s] copying /home/snake/Emmanuel_Jr_robot/build/emmanuel/build/lib/emmanuel/__init__.py -> /home/snake/Emmanuel_Jr_robot/install/emmanuel/lib/python3.8/site-packages/emmanuel
[3.280s] byte-compiling /home/snake/Emmanuel_Jr_robot/install/emmanuel/lib/python3.8/site-packages/emmanuel/encoder.py to encoder.cpython-38.pyc
[3.280s] byte-compiling /home/snake/Emmanuel_Jr_robot/install/emmanuel/lib/python3.8/site-packages/emmanuel/motors.py to motors.cpython-38.pyc
[3.281s] byte-compiling /home/snake/Emmanuel_Jr_robot/install/emmanuel/lib/python3.8/site-packages/emmanuel/__init__.py to __init__.cpython-38.pyc
[3.281s] running install_data
[3.293s] creating /home/snake/Emmanuel_Jr_robot/install/emmanuel/share/ament_index
[3.293s] creating /home/snake/Emmanuel_Jr_robot/install/emmanuel/share/ament_index/resource_index
[3.293s] creating /home/snake/Emmanuel_Jr_robot/install/emmanuel/share/ament_index/resource_index/packages
[3.293s] copying resource/emmanuel -> /home/snake/Emmanuel_Jr_robot/install/emmanuel/share/ament_index/resource_index/packages
[3.293s] copying package.xml -> /home/snake/Emmanuel_Jr_robot/install/emmanuel/share/emmanuel
[3.293s] running install_egg_info
[3.354s] Copying ../../build/emmanuel/emmanuel.egg-info to /home/snake/Emmanuel_Jr_robot/install/emmanuel/lib/python3.8/site-packages/emmanuel-0.0.0-py3.8.egg-info
[3.355s] running install_scripts
[3.461s] Installing motor_run script to /home/snake/Emmanuel_Jr_robot/install/emmanuel/lib/emmanuel
[3.461s] writing list of installed files to '/home/snake/Emmanuel_Jr_robot/build/emmanuel/install.log'
[3.501s] Invoked command in '/home/snake/Emmanuel_Jr_robot/src/emmanuel' returned '0': PYTHONPATH=/home/snake/Emmanuel_Jr_robot/install/emmanuel/lib/python3.8/site-packages:${PYTHONPATH} /usr/bin/python3 setup.py egg_info --egg-base ../../build/emmanuel build --build-base /home/snake/Emmanuel_Jr_robot/build/emmanuel/build install --prefix /home/snake/Emmanuel_Jr_robot/install/emmanuel --record /home/snake/Emmanuel_Jr_robot/build/emmanuel/install.log --single-version-externally-managed
