running develop
/usr/local/lib/python3.8/dist-packages/setuptools/command/easy_install.py:144: EasyInstallDeprecationWarning: easy_install command is deprecated. Use build and pip and other standards-based tools.
  warnings.warn(
/usr/local/lib/python3.8/dist-packages/setuptools/command/install.py:34: SetuptoolsDeprecationWarning: setup.py install is deprecated. Use build and pip and other standards-based tools.
  warnings.warn(
/usr/local/lib/python3.8/dist-packages/pkg_resources/__init__.py:123: PkgResourcesDeprecationWarning: 0.23ubuntu1 is an invalid version and will not be supported in a future release
  warnings.warn(
/usr/local/lib/python3.8/dist-packages/pkg_resources/__init__.py:123: PkgResourcesDeprecationWarning: 0.1.36ubuntu1 is an invalid version and will not be supported in a future release
  warnings.warn(
running egg_info
creating emmanuelJr.egg-info
writing emmanuelJr.egg-info/PKG-INFO
writing dependency_links to emmanuelJr.egg-info/dependency_links.txt
writing requirements to emmanuelJr.egg-info/requires.txt
writing top-level names to emmanuelJr.egg-info/top_level.txt
writing manifest file 'emmanuelJr.egg-info/SOURCES.txt'
reading manifest file 'emmanuelJr.egg-info/SOURCES.txt'
writing manifest file 'emmanuelJr.egg-info/SOURCES.txt'
running build_ext
Creating /home/snake/Emmanuel_Jr_robot/install/emmanuelJr/lib/python3.8/site-packages/emmanuelJr.egg-link (link to .)

Installed /home/snake/Emmanuel_Jr_robot/build/emmanuelJr
running install_data
creating /home/snake/Emmanuel_Jr_robot/install/emmanuelJr/share/ament_index
creating /home/snake/Emmanuel_Jr_robot/install/emmanuelJr/share/ament_index/resource_index
creating /home/snake/Emmanuel_Jr_robot/install/emmanuelJr/share/ament_index/resource_index/packages
copying resource/emmanuelJr -> /home/snake/Emmanuel_Jr_robot/install/emmanuelJr/share/ament_index/resource_index/packages
copying package.xml -> /home/snake/Emmanuel_Jr_robot/install/emmanuelJr/share/emmanuelJr
