[2.798s] Invoking command in '/home/snake/Emmanuel_Jr_robot/build/emmanuelJr': PYTHONPATH=/home/snake/Emmanuel_Jr_robot/install/emmanuelJr/lib/python3.8/site-packages:${PYTHONPATH} /usr/bin/python3 setup.py develop --prefix /home/snake/Emmanuel_Jr_robot/install/emmanuelJr --editable --build-directory /home/snake/Emmanuel_Jr_robot/build/emmanuelJr/build --no-deps install_data --install-dir /home/snake/Emmanuel_Jr_robot/install/emmanuelJr
[3.928s] running develop
[3.931s] /usr/local/lib/python3.8/dist-packages/setuptools/command/easy_install.py:144: EasyInstallDeprecationWarning: easy_install command is deprecated. Use build and pip and other standards-based tools.
[3.931s]   warnings.warn(
[4.158s] /usr/local/lib/python3.8/dist-packages/setuptools/command/install.py:34: SetuptoolsDeprecationWarning: setup.py install is deprecated. Use build and pip and other standards-based tools.
[4.158s]   warnings.warn(
[4.435s] /usr/local/lib/python3.8/dist-packages/pkg_resources/__init__.py:123: PkgResourcesDeprecationWarning: 0.23ubuntu1 is an invalid version and will not be supported in a future release
[4.436s]   warnings.warn(
[4.436s] /usr/local/lib/python3.8/dist-packages/pkg_resources/__init__.py:123: PkgResourcesDeprecationWarning: 0.1.36ubuntu1 is an invalid version and will not be supported in a future release
[4.437s]   warnings.warn(
[4.564s] running egg_info
[4.564s] creating emmanuelJr.egg-info
[4.652s] writing emmanuelJr.egg-info/PKG-INFO
[4.723s] writing dependency_links to emmanuelJr.egg-info/dependency_links.txt
[5.081s] writing requirements to emmanuelJr.egg-info/requires.txt
[5.199s] writing top-level names to emmanuelJr.egg-info/top_level.txt
[5.202s] writing manifest file 'emmanuelJr.egg-info/SOURCES.txt'
[5.316s] reading manifest file 'emmanuelJr.egg-info/SOURCES.txt'
[5.317s] writing manifest file 'emmanuelJr.egg-info/SOURCES.txt'
[5.457s] running build_ext
[5.457s] Creating /home/snake/Emmanuel_Jr_robot/install/emmanuelJr/lib/python3.8/site-packages/emmanuelJr.egg-link (link to .)
[5.458s] 
[5.458s] Installed /home/snake/Emmanuel_Jr_robot/build/emmanuelJr
[5.458s] running install_data
[5.458s] creating /home/snake/Emmanuel_Jr_robot/install/emmanuelJr/share/ament_index
[5.458s] creating /home/snake/Emmanuel_Jr_robot/install/emmanuelJr/share/ament_index/resource_index
[5.458s] creating /home/snake/Emmanuel_Jr_robot/install/emmanuelJr/share/ament_index/resource_index/packages
[5.458s] copying resource/emmanuelJr -> /home/snake/Emmanuel_Jr_robot/install/emmanuelJr/share/ament_index/resource_index/packages
[5.458s] copying package.xml -> /home/snake/Emmanuel_Jr_robot/install/emmanuelJr/share/emmanuelJr
[5.516s] Invoked command in '/home/snake/Emmanuel_Jr_robot/build/emmanuelJr' returned '0': PYTHONPATH=/home/snake/Emmanuel_Jr_robot/install/emmanuelJr/lib/python3.8/site-packages:${PYTHONPATH} /usr/bin/python3 setup.py develop --prefix /home/snake/Emmanuel_Jr_robot/install/emmanuelJr --editable --build-directory /home/snake/Emmanuel_Jr_robot/build/emmanuelJr/build --no-deps install_data --install-dir /home/snake/Emmanuel_Jr_robot/install/emmanuelJr
