[0.196s] Invoking command in '/home/ubuntu/Emmanuel_Jr_robot/build/linorobot2_navigation': CMAKE_PREFIX_PATH=${CMAKE_PREFIX_PATH}:/home/ubuntu/Emmanuel_Jr_robot/install/emmanuel:/opt/ros/galactic /usr/bin/cmake /home/ubuntu/Emmanuel_Jr_robot/src/linorobot2/linorobot2_navigation -DCMAKE_INSTALL_PREFIX=/home/ubuntu/Emmanuel_Jr_robot/install/linorobot2_navigation
[0.930s] -- The C compiler identification is GNU 9.4.0
[1.559s] -- The CXX compiler identification is GNU 9.4.0
[1.611s] -- Check for working C compiler: /usr/bin/cc
[2.558s] -- Check for working C compiler: /usr/bin/cc -- works
[2.562s] -- Detecting C compiler ABI info
[3.733s] -- Detecting C compiler ABI info - done
[3.870s] -- Detecting C compile features
[3.884s] -- Detecting C compile features - done
[3.915s] -- Check for working CXX compiler: /usr/bin/c++
[4.806s] -- Check for working CXX compiler: /usr/bin/c++ -- works
[4.814s] -- Detecting CXX compiler ABI info
[6.092s] -- Detecting CXX compiler ABI info - done
[6.256s] -- Detecting CXX compile features
[6.263s] -- Detecting CXX compile features - done
[6.367s] -- Found ament_cmake: 1.1.5 (/opt/ros/galactic/share/ament_cmake/cmake)
[6.967s] -- Found PythonInterp: /usr/bin/python3 (found suitable version "3.8.10", minimum required is "3") 
[6.970s] -- Using PYTHON_EXECUTABLE: /usr/bin/python3
[9.538s] -- Configuring done
[9.584s] -- Generating done
[9.604s] -- Build files have been written to: /home/ubuntu/Emmanuel_Jr_robot/build/linorobot2_navigation
[9.656s] Invoked command in '/home/ubuntu/Emmanuel_Jr_robot/build/linorobot2_navigation' returned '0': CMAKE_PREFIX_PATH=${CMAKE_PREFIX_PATH}:/home/ubuntu/Emmanuel_Jr_robot/install/emmanuel:/opt/ros/galactic /usr/bin/cmake /home/ubuntu/Emmanuel_Jr_robot/src/linorobot2/linorobot2_navigation -DCMAKE_INSTALL_PREFIX=/home/ubuntu/Emmanuel_Jr_robot/install/linorobot2_navigation
[9.660s] Invoking command in '/home/ubuntu/Emmanuel_Jr_robot/build/linorobot2_navigation': CMAKE_PREFIX_PATH=${CMAKE_PREFIX_PATH}:/home/ubuntu/Emmanuel_Jr_robot/install/emmanuel:/opt/ros/galactic /usr/bin/cmake --build /home/ubuntu/Emmanuel_Jr_robot/build/linorobot2_navigation -- -j4 -l4
[10.221s] Invoked command in '/home/ubuntu/Emmanuel_Jr_robot/build/linorobot2_navigation' returned '0': CMAKE_PREFIX_PATH=${CMAKE_PREFIX_PATH}:/home/ubuntu/Emmanuel_Jr_robot/install/emmanuel:/opt/ros/galactic /usr/bin/cmake --build /home/ubuntu/Emmanuel_Jr_robot/build/linorobot2_navigation -- -j4 -l4
[10.693s] Invoking command in '/home/ubuntu/Emmanuel_Jr_robot/build/linorobot2_navigation': CMAKE_PREFIX_PATH=${CMAKE_PREFIX_PATH}:/home/ubuntu/Emmanuel_Jr_robot/install/emmanuel:/opt/ros/galactic /usr/bin/cmake --install /home/ubuntu/Emmanuel_Jr_robot/build/linorobot2_navigation
[10.807s] -- Install configuration: ""
[10.809s] -- Up-to-date: /home/ubuntu/Emmanuel_Jr_robot/install/linorobot2_navigation/share/linorobot2_navigation/launch
[10.816s] -- Installing: /home/ubuntu/Emmanuel_Jr_robot/install/linorobot2_navigation/share/linorobot2_navigation/launch/navigation.launch.py
[10.819s] -- Installing: /home/ubuntu/Emmanuel_Jr_robot/install/linorobot2_navigation/share/linorobot2_navigation/launch/slam.launch.py
[10.822s] -- Up-to-date: /home/ubuntu/Emmanuel_Jr_robot/install/linorobot2_navigation/share/linorobot2_navigation/rviz
[10.826s] -- Installing: /home/ubuntu/Emmanuel_Jr_robot/install/linorobot2_navigation/share/linorobot2_navigation/rviz/linorobot2_navigation_minimal.rviz
[10.829s] -- Installing: /home/ubuntu/Emmanuel_Jr_robot/install/linorobot2_navigation/share/linorobot2_navigation/rviz/linorobot2_slam.rviz
[10.840s] -- Installing: /home/ubuntu/Emmanuel_Jr_robot/install/linorobot2_navigation/share/linorobot2_navigation/rviz/linorobot2_navigation.rviz
[10.846s] -- Up-to-date: /home/ubuntu/Emmanuel_Jr_robot/install/linorobot2_navigation/share/linorobot2_navigation/config
[10.849s] -- Installing: /home/ubuntu/Emmanuel_Jr_robot/install/linorobot2_navigation/share/linorobot2_navigation/config/navigation.yaml
[10.853s] -- Installing: /home/ubuntu/Emmanuel_Jr_robot/install/linorobot2_navigation/share/linorobot2_navigation/config/slam.yaml
[10.856s] -- Up-to-date: /home/ubuntu/Emmanuel_Jr_robot/install/linorobot2_navigation/share/linorobot2_navigation/maps
[10.859s] -- Installing: /home/ubuntu/Emmanuel_Jr_robot/install/linorobot2_navigation/share/linorobot2_navigation/maps/playground.pgm
[10.870s] -- Installing: /home/ubuntu/Emmanuel_Jr_robot/install/linorobot2_navigation/share/linorobot2_navigation/maps/playground.yaml
[10.874s] -- Installing: /home/ubuntu/Emmanuel_Jr_robot/install/linorobot2_navigation/share/ament_index/resource_index/package_run_dependencies/linorobot2_navigation
[10.878s] -- Installing: /home/ubuntu/Emmanuel_Jr_robot/install/linorobot2_navigation/share/ament_index/resource_index/parent_prefix_path/linorobot2_navigation
[10.881s] -- Installing: /home/ubuntu/Emmanuel_Jr_robot/install/linorobot2_navigation/share/linorobot2_navigation/environment/ament_prefix_path.sh
[10.884s] -- Installing: /home/ubuntu/Emmanuel_Jr_robot/install/linorobot2_navigation/share/linorobot2_navigation/environment/ament_prefix_path.dsv
[10.895s] -- Installing: /home/ubuntu/Emmanuel_Jr_robot/install/linorobot2_navigation/share/linorobot2_navigation/environment/path.sh
[10.897s] -- Installing: /home/ubuntu/Emmanuel_Jr_robot/install/linorobot2_navigation/share/linorobot2_navigation/environment/path.dsv
[10.900s] -- Installing: /home/ubuntu/Emmanuel_Jr_robot/install/linorobot2_navigation/share/linorobot2_navigation/local_setup.bash
[10.904s] -- Installing: /home/ubuntu/Emmanuel_Jr_robot/install/linorobot2_navigation/share/linorobot2_navigation/local_setup.sh
[10.905s] -- Installing: /home/ubuntu/Emmanuel_Jr_robot/install/linorobot2_navigation/share/linorobot2_navigation/local_setup.zsh
[10.907s] -- Installing: /home/ubuntu/Emmanuel_Jr_robot/install/linorobot2_navigation/share/linorobot2_navigation/local_setup.dsv
[10.909s] -- Installing: /home/ubuntu/Emmanuel_Jr_robot/install/linorobot2_navigation/share/linorobot2_navigation/package.dsv
[10.910s] -- Installing: /home/ubuntu/Emmanuel_Jr_robot/install/linorobot2_navigation/share/ament_index/resource_index/packages/linorobot2_navigation
[10.943s] -- Installing: /home/ubuntu/Emmanuel_Jr_robot/install/linorobot2_navigation/share/linorobot2_navigation/cmake/linorobot2_navigationConfig.cmake
[10.945s] -- Installing: /home/ubuntu/Emmanuel_Jr_robot/install/linorobot2_navigation/share/linorobot2_navigation/cmake/linorobot2_navigationConfig-version.cmake
[10.947s] -- Installing: /home/ubuntu/Emmanuel_Jr_robot/install/linorobot2_navigation/share/linorobot2_navigation/package.xml
[10.980s] Invoked command in '/home/ubuntu/Emmanuel_Jr_robot/build/linorobot2_navigation' returned '0': CMAKE_PREFIX_PATH=${CMAKE_PREFIX_PATH}:/home/ubuntu/Emmanuel_Jr_robot/install/emmanuel:/opt/ros/galactic /usr/bin/cmake --install /home/ubuntu/Emmanuel_Jr_robot/build/linorobot2_navigation
