[0.117s] Invoking command in '/home/snake/Emmanuel_Jr_robot/build/nav2_voxel_grid': AMENT_PREFIX_PATH=/home/snake/Emmanuel_Jr_robot/install/nav2_common:${AMENT_PREFIX_PATH} CMAKE_PREFIX_PATH=/home/snake/Emmanuel_Jr_robot/install/nav2_common:/opt/ros/galactic PYTHONPATH=/home/snake/Emmanuel_Jr_robot/install/nav2_common/lib/python3.8/site-packages:${PYTHONPATH} /usr/bin/cmake /home/snake/Emmanuel_Jr_robot/src/navigation2/nav2_voxel_grid -DAMENT_CMAKE_SYMLINK_INSTALL=1 -DCMAKE_INSTALL_PREFIX=/home/snake/Emmanuel_Jr_robot/install/nav2_voxel_grid
[0.251s] -- The C compiler identification is GNU 9.4.0
[0.387s] -- The CXX compiler identification is GNU 9.4.0
[0.400s] -- Check for working C compiler: /usr/bin/cc
[0.629s] -- Check for working C compiler: /usr/bin/cc -- works
[0.630s] -- Detecting C compiler ABI info
[0.873s] -- Detecting C compiler ABI info - done
[0.899s] -- Detecting C compile features
[0.900s] -- Detecting C compile features - done
[0.903s] -- Check for working CXX compiler: /usr/bin/c++
[1.173s] -- Check for working CXX compiler: /usr/bin/c++ -- works
[1.174s] -- Detecting CXX compiler ABI info
[1.478s] -- Detecting CXX compiler ABI info - done
[1.496s] -- Detecting CXX compile features
[1.497s] -- Detecting CXX compile features - done
[1.511s] -- Found ament_cmake: 1.1.5 (/opt/ros/galactic/share/ament_cmake/cmake)
[1.567s] -- Found PythonInterp: /usr/bin/python3 (found suitable version "3.8.10", minimum required is "3") 
[1.567s] -- Using PYTHON_EXECUTABLE: /usr/bin/python3
[1.670s] -- Override CMake install command with custom implementation using symlinks instead of copying resources
[1.710s] -- Found nav2_common: 1.0.12 (/home/snake/Emmanuel_Jr_robot/install/nav2_common/share/nav2_common/cmake)
[1.727s] -- Found rclcpp: 9.2.1 (/opt/ros/galactic/share/rclcpp/cmake)
[1.851s] -- Using all available rosidl_typesupport_c: rosidl_typesupport_fastrtps_c;rosidl_typesupport_introspection_c
[1.859s] -- Found rosidl_adapter: 2.2.2 (/opt/ros/galactic/share/rosidl_adapter/cmake)
[1.951s] -- Found OpenSSL: /usr/lib/x86_64-linux-gnu/libcrypto.so (found version "1.1.1f")  
[1.986s] -- Found FastRTPS: /opt/ros/galactic/include  
[2.122s] -- Using all available rosidl_typesupport_cpp: rosidl_typesupport_fastrtps_cpp;rosidl_typesupport_introspection_cpp
[2.236s] -- Found rmw_implementation_cmake: 3.3.1 (/opt/ros/galactic/share/rmw_implementation_cmake/cmake)
[2.244s] -- Found rmw_cyclonedds_cpp: 0.22.5 (/opt/ros/galactic/share/rmw_cyclonedds_cpp/cmake)
[2.290s] -- Using RMW implementation 'rmw_cyclonedds_cpp' as default
[2.294s] -- Looking for pthread.h
[2.468s] -- Looking for pthread.h - found
[2.468s] -- Performing Test CMAKE_HAVE_LIBC_PTHREAD
[2.706s] -- Performing Test CMAKE_HAVE_LIBC_PTHREAD - Failed
[2.706s] -- Looking for pthread_create in pthreads
[2.886s] -- Looking for pthread_create in pthreads - not found
[2.886s] -- Looking for pthread_create in pthread
[3.116s] -- Looking for pthread_create in pthread - found
[3.118s] -- Found Threads: TRUE  
[3.432s] -- Setting build type to Release as none was specified.
[3.445s] -- Found ament_lint_auto: 0.10.7 (/opt/ros/galactic/share/ament_lint_auto/cmake)
[3.696s] -- Found gtest sources under '/opt/ros/galactic/src/gtest_vendor': C++ tests using 'Google Test' will be built
[3.699s] -- Check if compiler accepts -pthread
[3.828s] -- Check if compiler accepts -pthread - yes
[3.857s] -- Added test 'cppcheck' to perform static code analysis on C / C++ code
[3.857s] -- Configured cppcheck include dirs: /home/snake/Emmanuel_Jr_robot/src/navigation2/nav2_voxel_grid/include
[3.857s] -- Configured cppcheck exclude dirs and/or files: 
[3.859s] -- Added test 'cpplint' to check C / C++ code against the Google style
[3.859s] -- Configured cpplint exclude dirs and/or files: 
[3.861s] -- Added test 'lint_cmake' to check CMake code style
[3.864s] -- Added test 'uncrustify' to check C / C++ code style
[3.864s] -- Configured uncrustify additional arguments: 
[3.866s] -- Added test 'xmllint' to check XML markup files
[3.874s] -- Configuring done
[3.924s] -- Generating done
[3.935s] -- Build files have been written to: /home/snake/Emmanuel_Jr_robot/build/nav2_voxel_grid
[3.945s] Invoked command in '/home/snake/Emmanuel_Jr_robot/build/nav2_voxel_grid' returned '0': AMENT_PREFIX_PATH=/home/snake/Emmanuel_Jr_robot/install/nav2_common:${AMENT_PREFIX_PATH} CMAKE_PREFIX_PATH=/home/snake/Emmanuel_Jr_robot/install/nav2_common:/opt/ros/galactic PYTHONPATH=/home/snake/Emmanuel_Jr_robot/install/nav2_common/lib/python3.8/site-packages:${PYTHONPATH} /usr/bin/cmake /home/snake/Emmanuel_Jr_robot/src/navigation2/nav2_voxel_grid -DAMENT_CMAKE_SYMLINK_INSTALL=1 -DCMAKE_INSTALL_PREFIX=/home/snake/Emmanuel_Jr_robot/install/nav2_voxel_grid
[3.949s] Invoking command in '/home/snake/Emmanuel_Jr_robot/build/nav2_voxel_grid': AMENT_PREFIX_PATH=/home/snake/Emmanuel_Jr_robot/install/nav2_common:${AMENT_PREFIX_PATH} CMAKE_PREFIX_PATH=/home/snake/Emmanuel_Jr_robot/install/nav2_common:/opt/ros/galactic PYTHONPATH=/home/snake/Emmanuel_Jr_robot/install/nav2_common/lib/python3.8/site-packages:${PYTHONPATH} /usr/bin/cmake --build /home/snake/Emmanuel_Jr_robot/build/nav2_voxel_grid -- -j2 -l2
[4.066s] [35m[1mScanning dependencies of target voxel_grid[0m
[4.067s] [35m[1mScanning dependencies of target gtest[0m
[4.159s] [ 10%] [32mBuilding CXX object gtest/CMakeFiles/gtest.dir/src/gtest-all.cc.o[0m
[4.328s] [ 20%] [32mBuilding CXX object CMakeFiles/voxel_grid.dir/src/voxel_grid.cpp.o[0m
[11.824s] [ 30%] [32m[1mLinking CXX shared library libvoxel_grid.so[0m
[12.177s] [ 30%] Built target voxel_grid
[20.326s] [ 40%] [32m[1mLinking CXX static library libgtest.a[0m
[20.377s] [ 40%] Built target gtest
[20.389s] [35m[1mScanning dependencies of target gtest_main[0m
[20.406s] [ 50%] [32mBuilding CXX object gtest/CMakeFiles/gtest_main.dir/src/gtest_main.cc.o[0m
[21.948s] [ 60%] [32m[1mLinking CXX static library libgtest_main.a[0m
[21.999s] [ 60%] Built target gtest_main
[22.012s] [35m[1mScanning dependencies of target voxel_grid_bresenham_3d[0m
[22.063s] [ 70%] [32mBuilding CXX object test/CMakeFiles/voxel_grid_bresenham_3d.dir/voxel_grid_bresenham_3d.cpp.o[0m
[26.307s] [ 80%] [32m[1mLinking CXX executable voxel_grid_bresenham_3d[0m
[26.449s] [ 80%] Built target voxel_grid_bresenham_3d
[26.463s] [35m[1mScanning dependencies of target voxel_grid_tests[0m
[26.509s] [ 90%] [32mBuilding CXX object test/CMakeFiles/voxel_grid_tests.dir/voxel_grid_tests.cpp.o[0m
[30.869s] [100%] [32m[1mLinking CXX executable voxel_grid_tests[0m
[31.004s] [100%] Built target voxel_grid_tests
[31.023s] Invoked command in '/home/snake/Emmanuel_Jr_robot/build/nav2_voxel_grid' returned '0': AMENT_PREFIX_PATH=/home/snake/Emmanuel_Jr_robot/install/nav2_common:${AMENT_PREFIX_PATH} CMAKE_PREFIX_PATH=/home/snake/Emmanuel_Jr_robot/install/nav2_common:/opt/ros/galactic PYTHONPATH=/home/snake/Emmanuel_Jr_robot/install/nav2_common/lib/python3.8/site-packages:${PYTHONPATH} /usr/bin/cmake --build /home/snake/Emmanuel_Jr_robot/build/nav2_voxel_grid -- -j2 -l2
[31.058s] Invoking command in '/home/snake/Emmanuel_Jr_robot/build/nav2_voxel_grid': AMENT_PREFIX_PATH=/home/snake/Emmanuel_Jr_robot/install/nav2_common:${AMENT_PREFIX_PATH} CMAKE_PREFIX_PATH=/home/snake/Emmanuel_Jr_robot/install/nav2_common:/opt/ros/galactic PYTHONPATH=/home/snake/Emmanuel_Jr_robot/install/nav2_common/lib/python3.8/site-packages:${PYTHONPATH} /usr/bin/cmake --install /home/snake/Emmanuel_Jr_robot/build/nav2_voxel_grid
[31.071s] -- Install configuration: "Release"
[31.072s] -- Execute custom install script
[31.073s] -- Symlinking: /home/snake/Emmanuel_Jr_robot/install/nav2_voxel_grid/lib/libvoxel_grid.so
[31.086s] -- Symlinking: /home/snake/Emmanuel_Jr_robot/install/nav2_voxel_grid/include/nav2_voxel_grid/voxel_grid.hpp
[31.098s] -- Symlinking: /home/snake/Emmanuel_Jr_robot/install/nav2_voxel_grid/share/nav2_voxel_grid/environment/library_path.sh
[31.110s] -- Symlinking: /home/snake/Emmanuel_Jr_robot/install/nav2_voxel_grid/share/nav2_voxel_grid/environment/library_path.dsv
[31.122s] -- Symlinking: /home/snake/Emmanuel_Jr_robot/install/nav2_voxel_grid/share/ament_index/resource_index/package_run_dependencies/nav2_voxel_grid
[31.134s] -- Symlinking: /home/snake/Emmanuel_Jr_robot/install/nav2_voxel_grid/share/ament_index/resource_index/parent_prefix_path/nav2_voxel_grid
[31.145s] -- Symlinking: /home/snake/Emmanuel_Jr_robot/install/nav2_voxel_grid/share/nav2_voxel_grid/environment/ament_prefix_path.sh
[31.157s] -- Symlinking: /home/snake/Emmanuel_Jr_robot/install/nav2_voxel_grid/share/nav2_voxel_grid/environment/ament_prefix_path.dsv
[31.167s] -- Symlinking: /home/snake/Emmanuel_Jr_robot/install/nav2_voxel_grid/share/nav2_voxel_grid/environment/path.sh
[31.180s] -- Symlinking: /home/snake/Emmanuel_Jr_robot/install/nav2_voxel_grid/share/nav2_voxel_grid/environment/path.dsv
[31.192s] -- Symlinking: /home/snake/Emmanuel_Jr_robot/install/nav2_voxel_grid/share/nav2_voxel_grid/local_setup.bash
[31.203s] -- Symlinking: /home/snake/Emmanuel_Jr_robot/install/nav2_voxel_grid/share/nav2_voxel_grid/local_setup.sh
[31.215s] -- Symlinking: /home/snake/Emmanuel_Jr_robot/install/nav2_voxel_grid/share/nav2_voxel_grid/local_setup.zsh
[31.231s] -- Symlinking: /home/snake/Emmanuel_Jr_robot/install/nav2_voxel_grid/share/nav2_voxel_grid/local_setup.dsv
[31.244s] -- Symlinking: /home/snake/Emmanuel_Jr_robot/install/nav2_voxel_grid/share/nav2_voxel_grid/package.dsv
[31.256s] -- Symlinking: /home/snake/Emmanuel_Jr_robot/install/nav2_voxel_grid/share/ament_index/resource_index/packages/nav2_voxel_grid
[31.268s] -- Symlinking: /home/snake/Emmanuel_Jr_robot/install/nav2_voxel_grid/share/nav2_voxel_grid/cmake/ament_cmake_export_dependencies-extras.cmake
[31.280s] -- Symlinking: /home/snake/Emmanuel_Jr_robot/install/nav2_voxel_grid/share/nav2_voxel_grid/cmake/ament_cmake_export_include_directories-extras.cmake
[31.293s] -- Symlinking: /home/snake/Emmanuel_Jr_robot/install/nav2_voxel_grid/share/nav2_voxel_grid/cmake/ament_cmake_export_libraries-extras.cmake
[31.305s] -- Symlinking: /home/snake/Emmanuel_Jr_robot/install/nav2_voxel_grid/share/nav2_voxel_grid/cmake/nav2_voxel_gridConfig.cmake
[31.317s] -- Symlinking: /home/snake/Emmanuel_Jr_robot/install/nav2_voxel_grid/share/nav2_voxel_grid/cmake/nav2_voxel_gridConfig-version.cmake
[31.330s] -- Symlinking: /home/snake/Emmanuel_Jr_robot/install/nav2_voxel_grid/share/nav2_voxel_grid/package.xml
[31.347s] Invoked command in '/home/snake/Emmanuel_Jr_robot/build/nav2_voxel_grid' returned '0': AMENT_PREFIX_PATH=/home/snake/Emmanuel_Jr_robot/install/nav2_common:${AMENT_PREFIX_PATH} CMAKE_PREFIX_PATH=/home/snake/Emmanuel_Jr_robot/install/nav2_common:/opt/ros/galactic PYTHONPATH=/home/snake/Emmanuel_Jr_robot/install/nav2_common/lib/python3.8/site-packages:${PYTHONPATH} /usr/bin/cmake --install /home/snake/Emmanuel_Jr_robot/build/nav2_voxel_grid
