[0.030s] Invoking command in '/home/snake/Emmanuel_Jr_robot/build/nav_2d_msgs': CMAKE_PREFIX_PATH=/opt/ros/galactic /usr/bin/cmake /home/snake/Emmanuel_Jr_robot/src/navigation2/nav2_dwb_controller/nav_2d_msgs -DCMAKE_INSTALL_PREFIX=/home/snake/Emmanuel_Jr_robot/install/nav_2d_msgs
[0.115s] -- Found geometry_msgs: 2.2.4 (/opt/ros/galactic/share/geometry_msgs/cmake)
[0.142s] -- Found PythonInterp: /usr/bin/python3 (found suitable version "3.8.10", minimum required is "3") 
[0.142s] -- Using PYTHON_EXECUTABLE: /usr/bin/python3
[0.247s] -- Override CMake install command with custom implementation using symlinks instead of copying resources
[0.323s] -- Using all available rosidl_typesupport_c: rosidl_typesupport_fastrtps_c;rosidl_typesupport_introspection_c
[0.331s] -- Found rosidl_adapter: 2.2.2 (/opt/ros/galactic/share/rosidl_adapter/cmake)
[0.485s] -- Using all available rosidl_typesupport_cpp: rosidl_typesupport_fastrtps_cpp;rosidl_typesupport_introspection_cpp
[0.602s] -- Found rosidl_default_generators: 1.1.1 (/opt/ros/galactic/share/rosidl_default_generators/cmake)
[0.673s] -- Found PythonInterp: /usr/bin/python3 (found version "3.8.10") 
[0.961s] -- Found ament_cmake_ros: 0.9.2 (/opt/ros/galactic/share/ament_cmake_ros/cmake)
[1.204s] -- Using all available rosidl_typesupport_c: rosidl_typesupport_fastrtps_c;rosidl_typesupport_introspection_c
[1.311s] -- Using all available rosidl_typesupport_cpp: rosidl_typesupport_fastrtps_cpp;rosidl_typesupport_introspection_cpp
[1.338s] -- Found PythonInterp: /usr/bin/python3 (found suitable version "3.8.10", minimum required is "3.5") 
[1.340s] -- Found python_cmake_module: 0.8.1 (/opt/ros/galactic/share/python_cmake_module/cmake)
[1.365s] -- Using PYTHON_EXECUTABLE: /usr/bin/python3
[1.365s] -- Using PYTHON_INCLUDE_DIRS: /usr/include/python3.8
[1.365s] -- Using PYTHON_LIBRARIES: /usr/lib/x86_64-linux-gnu/libpython3.8.so
[1.438s] -- Configuring done
[1.539s] -- Generating done
[1.544s] -- Build files have been written to: /home/snake/Emmanuel_Jr_robot/build/nav_2d_msgs
[1.554s] Invoked command in '/home/snake/Emmanuel_Jr_robot/build/nav_2d_msgs' returned '0': CMAKE_PREFIX_PATH=/opt/ros/galactic /usr/bin/cmake /home/snake/Emmanuel_Jr_robot/src/navigation2/nav2_dwb_controller/nav_2d_msgs -DCMAKE_INSTALL_PREFIX=/home/snake/Emmanuel_Jr_robot/install/nav_2d_msgs
[1.555s] Invoking command in '/home/snake/Emmanuel_Jr_robot/build/nav_2d_msgs': CMAKE_PREFIX_PATH=/opt/ros/galactic /usr/bin/cmake --build /home/snake/Emmanuel_Jr_robot/build/nav_2d_msgs -- -j2 -l2
[1.626s] [ 11%] Built target nav_2d_msgs__rosidl_generator_c
[1.641s] [ 12%] Built target nav_2d_msgs__cpp
[1.667s] [ 23%] Built target nav_2d_msgs__rosidl_typesupport_c
[1.697s] [ 35%] Built target nav_2d_msgs__rosidl_typesupport_introspection_c
[1.706s] [ 46%] Built target nav_2d_msgs__rosidl_typesupport_introspection_cpp
[1.749s] [ 57%] Built target nav_2d_msgs__rosidl_typesupport_fastrtps_cpp
[1.761s] [ 69%] Built target nav_2d_msgs__rosidl_typesupport_cpp
[1.793s] [ 80%] Built target nav_2d_msgs__rosidl_typesupport_fastrtps_c
[1.813s] [ 80%] Built target nav_2d_msgs
[1.835s] [ 81%] Built target nav_2d_msgs__py
[1.877s] [ 91%] Built target nav_2d_msgs__python
[1.993s] [ 94%] Built target nav_2d_msgs__rosidl_typesupport_fastrtps_c__pyext
[2.003s] [ 97%] Built target nav_2d_msgs__rosidl_typesupport_introspection_c__pyext
[2.040s] [100%] Built target nav_2d_msgs__rosidl_typesupport_c__pyext
[2.055s] Invoked command in '/home/snake/Emmanuel_Jr_robot/build/nav_2d_msgs' returned '0': CMAKE_PREFIX_PATH=/opt/ros/galactic /usr/bin/cmake --build /home/snake/Emmanuel_Jr_robot/build/nav_2d_msgs -- -j2 -l2
[2.259s] Invoking command in '/home/snake/Emmanuel_Jr_robot/build/nav_2d_msgs': CMAKE_PREFIX_PATH=/opt/ros/galactic /usr/bin/cmake --install /home/snake/Emmanuel_Jr_robot/build/nav_2d_msgs
[2.269s] -- Install configuration: ""
[2.270s] -- Execute custom install script
[2.271s] -- Up-to-date symlink: /home/snake/Emmanuel_Jr_robot/install/nav_2d_msgs/share/ament_index/resource_index/rosidl_interfaces/nav_2d_msgs
[2.272s] -- Up-to-date symlink: /home/snake/Emmanuel_Jr_robot/install/nav_2d_msgs/include/nav_2d_msgs/msg/detail/path2_d__functions.h
[2.273s] -- Up-to-date symlink: /home/snake/Emmanuel_Jr_robot/install/nav_2d_msgs/include/nav_2d_msgs/msg/detail/path2_d__struct.h
[2.273s] -- Up-to-date symlink: /home/snake/Emmanuel_Jr_robot/install/nav_2d_msgs/include/nav_2d_msgs/msg/detail/path2_d__type_support.h
[2.274s] -- Up-to-date symlink: /home/snake/Emmanuel_Jr_robot/install/nav_2d_msgs/include/nav_2d_msgs/msg/detail/pose2_d32__functions.h
[2.274s] -- Up-to-date symlink: /home/snake/Emmanuel_Jr_robot/install/nav_2d_msgs/include/nav_2d_msgs/msg/detail/pose2_d32__struct.h
[2.275s] -- Up-to-date symlink: /home/snake/Emmanuel_Jr_robot/install/nav_2d_msgs/include/nav_2d_msgs/msg/detail/pose2_d32__type_support.h
[2.275s] -- Up-to-date symlink: /home/snake/Emmanuel_Jr_robot/install/nav_2d_msgs/include/nav_2d_msgs/msg/detail/pose2_d_stamped__functions.h
[2.276s] -- Up-to-date symlink: /home/snake/Emmanuel_Jr_robot/install/nav_2d_msgs/include/nav_2d_msgs/msg/detail/pose2_d_stamped__struct.h
[2.276s] -- Up-to-date symlink: /home/snake/Emmanuel_Jr_robot/install/nav_2d_msgs/include/nav_2d_msgs/msg/detail/pose2_d_stamped__type_support.h
[2.277s] -- Up-to-date symlink: /home/snake/Emmanuel_Jr_robot/install/nav_2d_msgs/include/nav_2d_msgs/msg/detail/twist2_d32__functions.h
[2.277s] -- Up-to-date symlink: /home/snake/Emmanuel_Jr_robot/install/nav_2d_msgs/include/nav_2d_msgs/msg/detail/twist2_d32__struct.h
[2.277s] -- Up-to-date symlink: /home/snake/Emmanuel_Jr_robot/install/nav_2d_msgs/include/nav_2d_msgs/msg/detail/twist2_d32__type_support.h
[2.278s] -- Up-to-date symlink: /home/snake/Emmanuel_Jr_robot/install/nav_2d_msgs/include/nav_2d_msgs/msg/detail/twist2_d__functions.h
[2.278s] -- Up-to-date symlink: /home/snake/Emmanuel_Jr_robot/install/nav_2d_msgs/include/nav_2d_msgs/msg/detail/twist2_d__struct.h
[2.279s] -- Up-to-date symlink: /home/snake/Emmanuel_Jr_robot/install/nav_2d_msgs/include/nav_2d_msgs/msg/detail/twist2_d__type_support.h
[2.279s] -- Up-to-date symlink: /home/snake/Emmanuel_Jr_robot/install/nav_2d_msgs/include/nav_2d_msgs/msg/detail/twist2_d_stamped__functions.h
[2.280s] -- Up-to-date symlink: /home/snake/Emmanuel_Jr_robot/install/nav_2d_msgs/include/nav_2d_msgs/msg/detail/twist2_d_stamped__struct.h
[2.280s] -- Up-to-date symlink: /home/snake/Emmanuel_Jr_robot/install/nav_2d_msgs/include/nav_2d_msgs/msg/detail/twist2_d_stamped__type_support.h
[2.280s] -- Up-to-date symlink: /home/snake/Emmanuel_Jr_robot/install/nav_2d_msgs/include/nav_2d_msgs/msg/path2_d.h
[2.281s] -- Up-to-date symlink: /home/snake/Emmanuel_Jr_robot/install/nav_2d_msgs/include/nav_2d_msgs/msg/pose2_d32.h
[2.281s] -- Up-to-date symlink: /home/snake/Emmanuel_Jr_robot/install/nav_2d_msgs/include/nav_2d_msgs/msg/pose2_d_stamped.h
[2.282s] -- Up-to-date symlink: /home/snake/Emmanuel_Jr_robot/install/nav_2d_msgs/include/nav_2d_msgs/msg/rosidl_generator_c__visibility_control.h
[2.282s] -- Up-to-date symlink: /home/snake/Emmanuel_Jr_robot/install/nav_2d_msgs/include/nav_2d_msgs/msg/twist2_d.h
[2.282s] -- Up-to-date symlink: /home/snake/Emmanuel_Jr_robot/install/nav_2d_msgs/include/nav_2d_msgs/msg/twist2_d32.h
[2.283s] -- Up-to-date symlink: /home/snake/Emmanuel_Jr_robot/install/nav_2d_msgs/include/nav_2d_msgs/msg/twist2_d_stamped.h
[2.283s] -- Up-to-date symlink: /home/snake/Emmanuel_Jr_robot/install/nav_2d_msgs/share/nav_2d_msgs/environment/library_path.sh
[2.284s] -- Up-to-date symlink: /home/snake/Emmanuel_Jr_robot/install/nav_2d_msgs/share/nav_2d_msgs/environment/library_path.dsv
[2.285s] -- Up-to-date symlink: /home/snake/Emmanuel_Jr_robot/install/nav_2d_msgs/include/nav_2d_msgs/msg/detail/path2_d__rosidl_typesupport_fastrtps_c.h
[2.285s] -- Up-to-date symlink: /home/snake/Emmanuel_Jr_robot/install/nav_2d_msgs/include/nav_2d_msgs/msg/detail/pose2_d32__rosidl_typesupport_fastrtps_c.h
[2.286s] -- Up-to-date symlink: /home/snake/Emmanuel_Jr_robot/install/nav_2d_msgs/include/nav_2d_msgs/msg/detail/pose2_d_stamped__rosidl_typesupport_fastrtps_c.h
[2.286s] -- Up-to-date symlink: /home/snake/Emmanuel_Jr_robot/install/nav_2d_msgs/include/nav_2d_msgs/msg/detail/twist2_d32__rosidl_typesupport_fastrtps_c.h
[2.287s] -- Up-to-date symlink: /home/snake/Emmanuel_Jr_robot/install/nav_2d_msgs/include/nav_2d_msgs/msg/detail/twist2_d__rosidl_typesupport_fastrtps_c.h
[2.287s] -- Up-to-date symlink: /home/snake/Emmanuel_Jr_robot/install/nav_2d_msgs/include/nav_2d_msgs/msg/detail/twist2_d_stamped__rosidl_typesupport_fastrtps_c.h
[2.288s] -- Up-to-date symlink: /home/snake/Emmanuel_Jr_robot/install/nav_2d_msgs/include/nav_2d_msgs/msg/rosidl_typesupport_fastrtps_c__visibility_control.h
[2.288s] -- Up-to-date symlink: /home/snake/Emmanuel_Jr_robot/install/nav_2d_msgs/lib/libnav_2d_msgs__rosidl_typesupport_fastrtps_c.so
[2.289s] -- Up-to-date symlink: /home/snake/Emmanuel_Jr_robot/install/nav_2d_msgs/include/nav_2d_msgs/msg/detail/path2_d__rosidl_typesupport_fastrtps_cpp.hpp
[2.290s] -- Up-to-date symlink: /home/snake/Emmanuel_Jr_robot/install/nav_2d_msgs/include/nav_2d_msgs/msg/detail/pose2_d32__rosidl_typesupport_fastrtps_cpp.hpp
[2.290s] -- Up-to-date symlink: /home/snake/Emmanuel_Jr_robot/install/nav_2d_msgs/include/nav_2d_msgs/msg/detail/pose2_d_stamped__rosidl_typesupport_fastrtps_cpp.hpp
[2.291s] -- Up-to-date symlink: /home/snake/Emmanuel_Jr_robot/install/nav_2d_msgs/include/nav_2d_msgs/msg/detail/twist2_d32__rosidl_typesupport_fastrtps_cpp.hpp
[2.291s] -- Up-to-date symlink: /home/snake/Emmanuel_Jr_robot/install/nav_2d_msgs/include/nav_2d_msgs/msg/detail/twist2_d__rosidl_typesupport_fastrtps_cpp.hpp
[2.292s] -- Up-to-date symlink: /home/snake/Emmanuel_Jr_robot/install/nav_2d_msgs/include/nav_2d_msgs/msg/detail/twist2_d_stamped__rosidl_typesupport_fastrtps_cpp.hpp
[2.292s] -- Up-to-date symlink: /home/snake/Emmanuel_Jr_robot/install/nav_2d_msgs/include/nav_2d_msgs/msg/rosidl_typesupport_fastrtps_cpp__visibility_control.h
[2.293s] -- Up-to-date symlink: /home/snake/Emmanuel_Jr_robot/install/nav_2d_msgs/lib/libnav_2d_msgs__rosidl_typesupport_fastrtps_cpp.so
[2.293s] -- Up-to-date symlink: /home/snake/Emmanuel_Jr_robot/install/nav_2d_msgs/include/nav_2d_msgs/msg/detail/path2_d__rosidl_typesupport_introspection_c.h
[2.294s] -- Up-to-date symlink: /home/snake/Emmanuel_Jr_robot/install/nav_2d_msgs/include/nav_2d_msgs/msg/detail/pose2_d32__rosidl_typesupport_introspection_c.h
[2.294s] -- Up-to-date symlink: /home/snake/Emmanuel_Jr_robot/install/nav_2d_msgs/include/nav_2d_msgs/msg/detail/pose2_d_stamped__rosidl_typesupport_introspection_c.h
[2.295s] -- Up-to-date symlink: /home/snake/Emmanuel_Jr_robot/install/nav_2d_msgs/include/nav_2d_msgs/msg/detail/twist2_d32__rosidl_typesupport_introspection_c.h
[2.295s] -- Up-to-date symlink: /home/snake/Emmanuel_Jr_robot/install/nav_2d_msgs/include/nav_2d_msgs/msg/detail/twist2_d__rosidl_typesupport_introspection_c.h
[2.296s] -- Up-to-date symlink: /home/snake/Emmanuel_Jr_robot/install/nav_2d_msgs/include/nav_2d_msgs/msg/detail/twist2_d_stamped__rosidl_typesupport_introspection_c.h
[2.296s] -- Up-to-date symlink: /home/snake/Emmanuel_Jr_robot/install/nav_2d_msgs/include/nav_2d_msgs/msg/rosidl_typesupport_introspection_c__visibility_control.h
[2.297s] -- Up-to-date symlink: /home/snake/Emmanuel_Jr_robot/install/nav_2d_msgs/include/nav_2d_msgs/msg/detail/path2_d__builder.hpp
[2.297s] -- Up-to-date symlink: /home/snake/Emmanuel_Jr_robot/install/nav_2d_msgs/include/nav_2d_msgs/msg/detail/path2_d__struct.hpp
[2.298s] -- Up-to-date symlink: /home/snake/Emmanuel_Jr_robot/install/nav_2d_msgs/include/nav_2d_msgs/msg/detail/path2_d__traits.hpp
[2.298s] -- Up-to-date symlink: /home/snake/Emmanuel_Jr_robot/install/nav_2d_msgs/include/nav_2d_msgs/msg/detail/pose2_d32__builder.hpp
[2.298s] -- Up-to-date symlink: /home/snake/Emmanuel_Jr_robot/install/nav_2d_msgs/include/nav_2d_msgs/msg/detail/pose2_d32__struct.hpp
[2.299s] -- Up-to-date symlink: /home/snake/Emmanuel_Jr_robot/install/nav_2d_msgs/include/nav_2d_msgs/msg/detail/pose2_d32__traits.hpp
[2.299s] -- Up-to-date symlink: /home/snake/Emmanuel_Jr_robot/install/nav_2d_msgs/include/nav_2d_msgs/msg/detail/pose2_d_stamped__builder.hpp
[2.300s] -- Up-to-date symlink: /home/snake/Emmanuel_Jr_robot/install/nav_2d_msgs/include/nav_2d_msgs/msg/detail/pose2_d_stamped__struct.hpp
[2.300s] -- Up-to-date symlink: /home/snake/Emmanuel_Jr_robot/install/nav_2d_msgs/include/nav_2d_msgs/msg/detail/pose2_d_stamped__traits.hpp
[2.301s] -- Up-to-date symlink: /home/snake/Emmanuel_Jr_robot/install/nav_2d_msgs/include/nav_2d_msgs/msg/detail/twist2_d32__builder.hpp
[2.302s] -- Up-to-date symlink: /home/snake/Emmanuel_Jr_robot/install/nav_2d_msgs/include/nav_2d_msgs/msg/detail/twist2_d32__struct.hpp
[2.302s] -- Up-to-date symlink: /home/snake/Emmanuel_Jr_robot/install/nav_2d_msgs/include/nav_2d_msgs/msg/detail/twist2_d32__traits.hpp
[2.303s] -- Up-to-date symlink: /home/snake/Emmanuel_Jr_robot/install/nav_2d_msgs/include/nav_2d_msgs/msg/detail/twist2_d__builder.hpp
[2.303s] -- Up-to-date symlink: /home/snake/Emmanuel_Jr_robot/install/nav_2d_msgs/include/nav_2d_msgs/msg/detail/twist2_d__struct.hpp
[2.304s] -- Up-to-date symlink: /home/snake/Emmanuel_Jr_robot/install/nav_2d_msgs/include/nav_2d_msgs/msg/detail/twist2_d__traits.hpp
[2.305s] -- Up-to-date symlink: /home/snake/Emmanuel_Jr_robot/install/nav_2d_msgs/include/nav_2d_msgs/msg/detail/twist2_d_stamped__builder.hpp
[2.305s] -- Up-to-date symlink: /home/snake/Emmanuel_Jr_robot/install/nav_2d_msgs/include/nav_2d_msgs/msg/detail/twist2_d_stamped__struct.hpp
[2.306s] -- Up-to-date symlink: /home/snake/Emmanuel_Jr_robot/install/nav_2d_msgs/include/nav_2d_msgs/msg/detail/twist2_d_stamped__traits.hpp
[2.306s] -- Up-to-date symlink: /home/snake/Emmanuel_Jr_robot/install/nav_2d_msgs/include/nav_2d_msgs/msg/path2_d.hpp
[2.307s] -- Up-to-date symlink: /home/snake/Emmanuel_Jr_robot/install/nav_2d_msgs/include/nav_2d_msgs/msg/pose2_d32.hpp
[2.307s] -- Up-to-date symlink: /home/snake/Emmanuel_Jr_robot/install/nav_2d_msgs/include/nav_2d_msgs/msg/pose2_d_stamped.hpp
[2.307s] -- Up-to-date symlink: /home/snake/Emmanuel_Jr_robot/install/nav_2d_msgs/include/nav_2d_msgs/msg/twist2_d.hpp
[2.308s] -- Up-to-date symlink: /home/snake/Emmanuel_Jr_robot/install/nav_2d_msgs/include/nav_2d_msgs/msg/twist2_d32.hpp
[2.309s] -- Up-to-date symlink: /home/snake/Emmanuel_Jr_robot/install/nav_2d_msgs/include/nav_2d_msgs/msg/twist2_d_stamped.hpp
[2.309s] -- Up-to-date symlink: /home/snake/Emmanuel_Jr_robot/install/nav_2d_msgs/include/nav_2d_msgs/msg/detail/path2_d__rosidl_typesupport_introspection_cpp.hpp
[2.309s] -- Up-to-date symlink: /home/snake/Emmanuel_Jr_robot/install/nav_2d_msgs/include/nav_2d_msgs/msg/detail/pose2_d32__rosidl_typesupport_introspection_cpp.hpp
[2.310s] -- Up-to-date symlink: /home/snake/Emmanuel_Jr_robot/install/nav_2d_msgs/include/nav_2d_msgs/msg/detail/pose2_d_stamped__rosidl_typesupport_introspection_cpp.hpp
[2.310s] -- Up-to-date symlink: /home/snake/Emmanuel_Jr_robot/install/nav_2d_msgs/include/nav_2d_msgs/msg/detail/twist2_d32__rosidl_typesupport_introspection_cpp.hpp
[2.311s] -- Up-to-date symlink: /home/snake/Emmanuel_Jr_robot/install/nav_2d_msgs/include/nav_2d_msgs/msg/detail/twist2_d__rosidl_typesupport_introspection_cpp.hpp
[2.311s] -- Up-to-date symlink: /home/snake/Emmanuel_Jr_robot/install/nav_2d_msgs/include/nav_2d_msgs/msg/detail/twist2_d_stamped__rosidl_typesupport_introspection_cpp.hpp
[2.311s] -- Up-to-date symlink: /home/snake/Emmanuel_Jr_robot/install/nav_2d_msgs/share/nav_2d_msgs/environment/pythonpath.sh
[2.312s] -- Up-to-date symlink: /home/snake/Emmanuel_Jr_robot/install/nav_2d_msgs/share/nav_2d_msgs/environment/pythonpath.dsv
[2.312s] -- Up-to-date symlink: /home/snake/Emmanuel_Jr_robot/install/nav_2d_msgs/lib/python3.8/site-packages/nav_2d_msgs/__init__.py
[2.313s] -- Up-to-date symlink: /home/snake/Emmanuel_Jr_robot/install/nav_2d_msgs/lib/python3.8/site-packages/nav_2d_msgs/msg/__init__.py
[2.314s] -- Up-to-date symlink: /home/snake/Emmanuel_Jr_robot/install/nav_2d_msgs/lib/python3.8/site-packages/nav_2d_msgs/msg/_path2_d.py
[2.314s] -- Up-to-date symlink: /home/snake/Emmanuel_Jr_robot/install/nav_2d_msgs/lib/python3.8/site-packages/nav_2d_msgs/msg/_pose2_d32.py
[2.315s] -- Up-to-date symlink: /home/snake/Emmanuel_Jr_robot/install/nav_2d_msgs/lib/python3.8/site-packages/nav_2d_msgs/msg/_pose2_d_stamped.py
[2.315s] -- Up-to-date symlink: /home/snake/Emmanuel_Jr_robot/install/nav_2d_msgs/lib/python3.8/site-packages/nav_2d_msgs/msg/_twist2_d.py
[2.316s] -- Up-to-date symlink: /home/snake/Emmanuel_Jr_robot/install/nav_2d_msgs/lib/python3.8/site-packages/nav_2d_msgs/msg/_twist2_d32.py
[2.316s] -- Up-to-date symlink: /home/snake/Emmanuel_Jr_robot/install/nav_2d_msgs/lib/python3.8/site-packages/nav_2d_msgs/msg/_twist2_d_stamped.py
[2.317s] -- Up-to-date symlink: /home/snake/Emmanuel_Jr_robot/install/nav_2d_msgs/lib/python3.8/site-packages/nav_2d_msgs/nav_2d_msgs_s__rosidl_typesupport_fastrtps_c.cpython-38-x86_64-linux-gnu.so
[2.317s] -- Up-to-date symlink: /home/snake/Emmanuel_Jr_robot/install/nav_2d_msgs/lib/python3.8/site-packages/nav_2d_msgs/nav_2d_msgs_s__rosidl_typesupport_introspection_c.cpython-38-x86_64-linux-gnu.so
[2.318s] -- Up-to-date symlink: /home/snake/Emmanuel_Jr_robot/install/nav_2d_msgs/lib/python3.8/site-packages/nav_2d_msgs/nav_2d_msgs_s__rosidl_typesupport_c.cpython-38-x86_64-linux-gnu.so
[2.319s] -- Up-to-date symlink: /home/snake/Emmanuel_Jr_robot/install/nav_2d_msgs/lib/libnav_2d_msgs__python.so
[2.320s] -- Up-to-date symlink: /home/snake/Emmanuel_Jr_robot/install/nav_2d_msgs/share/nav_2d_msgs/msg/Path2D.idl
[2.321s] -- Up-to-date symlink: /home/snake/Emmanuel_Jr_robot/install/nav_2d_msgs/share/nav_2d_msgs/msg/Pose2D32.idl
[2.321s] -- Up-to-date symlink: /home/snake/Emmanuel_Jr_robot/install/nav_2d_msgs/share/nav_2d_msgs/msg/Pose2DStamped.idl
[2.322s] -- Up-to-date symlink: /home/snake/Emmanuel_Jr_robot/install/nav_2d_msgs/share/nav_2d_msgs/msg/Twist2D.idl
[2.322s] -- Up-to-date symlink: /home/snake/Emmanuel_Jr_robot/install/nav_2d_msgs/share/nav_2d_msgs/msg/Twist2D32.idl
[2.324s] -- Up-to-date symlink: /home/snake/Emmanuel_Jr_robot/install/nav_2d_msgs/share/nav_2d_msgs/msg/Twist2DStamped.idl
[2.325s] -- Up-to-date symlink: /home/snake/Emmanuel_Jr_robot/install/nav_2d_msgs/share/nav_2d_msgs/msg/Path2D.msg
[2.325s] -- Up-to-date symlink: /home/snake/Emmanuel_Jr_robot/install/nav_2d_msgs/share/nav_2d_msgs/msg/Pose2D32.msg
[2.326s] -- Up-to-date symlink: /home/snake/Emmanuel_Jr_robot/install/nav_2d_msgs/share/nav_2d_msgs/msg/Pose2DStamped.msg
[2.326s] -- Up-to-date symlink: /home/snake/Emmanuel_Jr_robot/install/nav_2d_msgs/share/nav_2d_msgs/msg/Twist2D.msg
[2.328s] -- Up-to-date symlink: /home/snake/Emmanuel_Jr_robot/install/nav_2d_msgs/share/nav_2d_msgs/msg/Twist2D32.msg
[2.329s] -- Up-to-date symlink: /home/snake/Emmanuel_Jr_robot/install/nav_2d_msgs/share/nav_2d_msgs/msg/Twist2DStamped.msg
[2.329s] -- Up-to-date symlink: /home/snake/Emmanuel_Jr_robot/install/nav_2d_msgs/share/ament_index/resource_index/package_run_dependencies/nav_2d_msgs
[2.329s] -- Up-to-date symlink: /home/snake/Emmanuel_Jr_robot/install/nav_2d_msgs/share/ament_index/resource_index/parent_prefix_path/nav_2d_msgs
[2.329s] -- Up-to-date symlink: /home/snake/Emmanuel_Jr_robot/install/nav_2d_msgs/share/nav_2d_msgs/environment/ament_prefix_path.sh
[2.330s] -- Up-to-date symlink: /home/snake/Emmanuel_Jr_robot/install/nav_2d_msgs/share/nav_2d_msgs/environment/ament_prefix_path.dsv
[2.330s] -- Up-to-date symlink: /home/snake/Emmanuel_Jr_robot/install/nav_2d_msgs/share/nav_2d_msgs/environment/path.sh
[2.331s] -- Up-to-date symlink: /home/snake/Emmanuel_Jr_robot/install/nav_2d_msgs/share/nav_2d_msgs/environment/path.dsv
[2.332s] -- Up-to-date symlink: /home/snake/Emmanuel_Jr_robot/install/nav_2d_msgs/share/nav_2d_msgs/local_setup.bash
[2.332s] -- Up-to-date symlink: /home/snake/Emmanuel_Jr_robot/install/nav_2d_msgs/share/nav_2d_msgs/local_setup.sh
[2.333s] -- Up-to-date symlink: /home/snake/Emmanuel_Jr_robot/install/nav_2d_msgs/share/nav_2d_msgs/local_setup.zsh
[2.334s] -- Up-to-date symlink: /home/snake/Emmanuel_Jr_robot/install/nav_2d_msgs/share/nav_2d_msgs/local_setup.dsv
[2.334s] -- Symlinking: /home/snake/Emmanuel_Jr_robot/install/nav_2d_msgs/share/nav_2d_msgs/package.dsv
[2.346s] -- Up-to-date symlink: /home/snake/Emmanuel_Jr_robot/install/nav_2d_msgs/share/ament_index/resource_index/packages/nav_2d_msgs
[2.347s] -- Up-to-date symlink: /home/snake/Emmanuel_Jr_robot/install/nav_2d_msgs/share/nav_2d_msgs/cmake/rosidl_cmake-extras.cmake
[2.347s] -- Up-to-date symlink: /home/snake/Emmanuel_Jr_robot/install/nav_2d_msgs/share/nav_2d_msgs/cmake/ament_cmake_export_dependencies-extras.cmake
[2.348s] -- Up-to-date symlink: /home/snake/Emmanuel_Jr_robot/install/nav_2d_msgs/share/nav_2d_msgs/cmake/ament_cmake_export_libraries-extras.cmake
[2.348s] -- Up-to-date symlink: /home/snake/Emmanuel_Jr_robot/install/nav_2d_msgs/share/nav_2d_msgs/cmake/ament_cmake_export_targets-extras.cmake
[2.349s] -- Up-to-date symlink: /home/snake/Emmanuel_Jr_robot/install/nav_2d_msgs/share/nav_2d_msgs/cmake/ament_cmake_export_include_directories-extras.cmake
[2.349s] -- Up-to-date symlink: /home/snake/Emmanuel_Jr_robot/install/nav_2d_msgs/share/nav_2d_msgs/cmake/rosidl_cmake_export_typesupport_libraries-extras.cmake
[2.350s] -- Up-to-date symlink: /home/snake/Emmanuel_Jr_robot/install/nav_2d_msgs/share/nav_2d_msgs/cmake/rosidl_cmake_export_typesupport_targets-extras.cmake
[2.351s] -- Up-to-date symlink: /home/snake/Emmanuel_Jr_robot/install/nav_2d_msgs/share/nav_2d_msgs/cmake/nav_2d_msgsConfig.cmake
[2.352s] -- Up-to-date symlink: /home/snake/Emmanuel_Jr_robot/install/nav_2d_msgs/share/nav_2d_msgs/cmake/nav_2d_msgsConfig-version.cmake
[2.352s] -- Up-to-date symlink: /home/snake/Emmanuel_Jr_robot/install/nav_2d_msgs/share/nav_2d_msgs/package.xml
[2.354s] -- Up-to-date: /home/snake/Emmanuel_Jr_robot/install/nav_2d_msgs/lib/libnav_2d_msgs__rosidl_generator_c.so
[2.355s] -- Up-to-date: /home/snake/Emmanuel_Jr_robot/install/nav_2d_msgs/lib/libnav_2d_msgs__rosidl_typesupport_introspection_c.so
[2.357s] -- Up-to-date: /home/snake/Emmanuel_Jr_robot/install/nav_2d_msgs/lib/libnav_2d_msgs__rosidl_typesupport_c.so
[2.358s] -- Up-to-date: /home/snake/Emmanuel_Jr_robot/install/nav_2d_msgs/lib/libnav_2d_msgs__rosidl_typesupport_introspection_cpp.so
[2.359s] -- Up-to-date: /home/snake/Emmanuel_Jr_robot/install/nav_2d_msgs/lib/libnav_2d_msgs__rosidl_typesupport_cpp.so
[2.386s] Compiling '/home/snake/Emmanuel_Jr_robot/install/nav_2d_msgs/lib/python3.8/site-packages/nav_2d_msgs/__init__.py'...
[2.392s] -- Up-to-date: /home/snake/Emmanuel_Jr_robot/install/nav_2d_msgs/share/nav_2d_msgs/cmake/nav_2d_msgs__rosidl_generator_cExport.cmake
[2.392s] -- Installing: /home/snake/Emmanuel_Jr_robot/install/nav_2d_msgs/share/nav_2d_msgs/cmake/nav_2d_msgs__rosidl_generator_cExport-noconfig.cmake
[2.393s] -- Up-to-date: /home/snake/Emmanuel_Jr_robot/install/nav_2d_msgs/share/nav_2d_msgs/cmake/nav_2d_msgs__rosidl_typesupport_introspection_cExport.cmake
[2.393s] -- Installing: /home/snake/Emmanuel_Jr_robot/install/nav_2d_msgs/share/nav_2d_msgs/cmake/nav_2d_msgs__rosidl_typesupport_introspection_cExport-noconfig.cmake
[2.394s] -- Up-to-date: /home/snake/Emmanuel_Jr_robot/install/nav_2d_msgs/share/nav_2d_msgs/cmake/nav_2d_msgs__rosidl_typesupport_cExport.cmake
[2.394s] -- Installing: /home/snake/Emmanuel_Jr_robot/install/nav_2d_msgs/share/nav_2d_msgs/cmake/nav_2d_msgs__rosidl_typesupport_cExport-noconfig.cmake
[2.395s] -- Up-to-date: /home/snake/Emmanuel_Jr_robot/install/nav_2d_msgs/share/nav_2d_msgs/cmake/nav_2d_msgs__rosidl_generator_cppExport.cmake
[2.396s] -- Up-to-date: /home/snake/Emmanuel_Jr_robot/install/nav_2d_msgs/share/nav_2d_msgs/cmake/nav_2d_msgs__rosidl_typesupport_introspection_cppExport.cmake
[2.396s] -- Installing: /home/snake/Emmanuel_Jr_robot/install/nav_2d_msgs/share/nav_2d_msgs/cmake/nav_2d_msgs__rosidl_typesupport_introspection_cppExport-noconfig.cmake
[2.396s] -- Up-to-date: /home/snake/Emmanuel_Jr_robot/install/nav_2d_msgs/share/nav_2d_msgs/cmake/nav_2d_msgs__rosidl_typesupport_cppExport.cmake
[2.397s] -- Installing: /home/snake/Emmanuel_Jr_robot/install/nav_2d_msgs/share/nav_2d_msgs/cmake/nav_2d_msgs__rosidl_typesupport_cppExport-noconfig.cmake
[2.399s] Invoked command in '/home/snake/Emmanuel_Jr_robot/build/nav_2d_msgs' returned '0': CMAKE_PREFIX_PATH=/opt/ros/galactic /usr/bin/cmake --install /home/snake/Emmanuel_Jr_robot/build/nav_2d_msgs
