[0.037s] Invoking command in '/home/snake/Emmanuel_Jr_robot/build/nav2_common': CMAKE_PREFIX_PATH=/opt/ros/galactic /usr/bin/cmake /home/snake/Emmanuel_Jr_robot/src/navigation2/nav2_common -DAMENT_CMAKE_SYMLINK_INSTALL=1 -DCMAKE_INSTALL_PREFIX=/home/snake/Emmanuel_Jr_robot/install/nav2_common
[0.118s] -- Found ament_cmake_core: 1.1.5 (/opt/ros/galactic/share/ament_cmake_core/cmake)
[0.159s] -- Found PythonInterp: /usr/bin/python3 (found suitable version "3.8.10", minimum required is "3") 
[0.159s] -- Using PYTHON_EXECUTABLE: /usr/bin/python3
[0.259s] -- Override CMake install command with custom implementation using symlinks instead of copying resources
[0.267s] -- Found ament_cmake_python: 1.1.5 (/opt/ros/galactic/share/ament_cmake_python/cmake)
[0.846s] -- Configuring done
[0.848s] -- Generating done
[0.850s] -- Build files have been written to: /home/snake/Emmanuel_Jr_robot/build/nav2_common
[0.852s] Invoked command in '/home/snake/Emmanuel_Jr_robot/build/nav2_common' returned '0': CMAKE_PREFIX_PATH=/opt/ros/galactic /usr/bin/cmake /home/snake/Emmanuel_Jr_robot/src/navigation2/nav2_common -DAMENT_CMAKE_SYMLINK_INSTALL=1 -DCMAKE_INSTALL_PREFIX=/home/snake/Emmanuel_Jr_robot/install/nav2_common
[0.857s] Invoking command in '/home/snake/Emmanuel_Jr_robot/build/nav2_common': CMAKE_PREFIX_PATH=/opt/ros/galactic /usr/bin/cmake --build /home/snake/Emmanuel_Jr_robot/build/nav2_common -- -j2 -l2
[0.920s] [35m[1mScanning dependencies of target ament_cmake_python_symlink_nav2_common[0m
[0.950s] Built target ament_cmake_python_symlink_nav2_common
[0.964s] [35m[1mScanning dependencies of target ament_cmake_python_build_nav2_common_egg[0m
[1.808s] running egg_info
[1.809s] creating nav2_common.egg-info
[1.894s] writing nav2_common.egg-info/PKG-INFO
[1.964s] writing dependency_links to nav2_common.egg-info/dependency_links.txt
[2.385s] writing top-level names to nav2_common.egg-info/top_level.txt
[2.392s] writing manifest file 'nav2_common.egg-info/SOURCES.txt'
[2.511s] reading manifest file 'nav2_common.egg-info/SOURCES.txt'
[2.511s] writing manifest file 'nav2_common.egg-info/SOURCES.txt'
[2.561s] Built target ament_cmake_python_build_nav2_common_egg
[2.577s] Invoked command in '/home/snake/Emmanuel_Jr_robot/build/nav2_common' returned '0': CMAKE_PREFIX_PATH=/opt/ros/galactic /usr/bin/cmake --build /home/snake/Emmanuel_Jr_robot/build/nav2_common -- -j2 -l2
[2.619s] Invoking command in '/home/snake/Emmanuel_Jr_robot/build/nav2_common': CMAKE_PREFIX_PATH=/opt/ros/galactic /usr/bin/cmake --install /home/snake/Emmanuel_Jr_robot/build/nav2_common
[2.629s] -- Install configuration: ""
[2.629s] -- Execute custom install script
[2.630s] -- Symlinking: /home/snake/Emmanuel_Jr_robot/install/nav2_common/share/nav2_common/environment/pythonpath.sh
[2.642s] -- Symlinking: /home/snake/Emmanuel_Jr_robot/install/nav2_common/share/nav2_common/environment/pythonpath.dsv
[2.656s] -- Symlinking: /home/snake/Emmanuel_Jr_robot/install/nav2_common/lib/python3.8/site-packages//nav2_common.egg-info/PKG-INFO
[2.669s] -- Symlinking: /home/snake/Emmanuel_Jr_robot/install/nav2_common/lib/python3.8/site-packages//nav2_common.egg-info/SOURCES.txt
[2.681s] -- Symlinking: /home/snake/Emmanuel_Jr_robot/install/nav2_common/lib/python3.8/site-packages//nav2_common.egg-info/dependency_links.txt
[2.731s] -- Symlinking: /home/snake/Emmanuel_Jr_robot/install/nav2_common/lib/python3.8/site-packages//nav2_common.egg-info/top_level.txt
[2.742s] -- Symlinking: /home/snake/Emmanuel_Jr_robot/install/nav2_common/lib/python3.8/site-packages/nav2_common/__init__.py
[2.755s] -- Symlinking: /home/snake/Emmanuel_Jr_robot/install/nav2_common/lib/python3.8/site-packages/nav2_common/launch/__init__.py
[2.767s] -- Symlinking: /home/snake/Emmanuel_Jr_robot/install/nav2_common/lib/python3.8/site-packages/nav2_common/launch/has_node_params.py
[2.779s] -- Symlinking: /home/snake/Emmanuel_Jr_robot/install/nav2_common/lib/python3.8/site-packages/nav2_common/launch/replace_string.py
[2.791s] -- Symlinking: /home/snake/Emmanuel_Jr_robot/install/nav2_common/lib/python3.8/site-packages/nav2_common/launch/rewritten_yaml.py
[2.804s] -- Symlinking: /home/snake/Emmanuel_Jr_robot/install/nav2_common/share/ament_index/resource_index/package_run_dependencies/nav2_common
[2.817s] -- Symlinking: /home/snake/Emmanuel_Jr_robot/install/nav2_common/share/ament_index/resource_index/parent_prefix_path/nav2_common
[2.829s] -- Symlinking: /home/snake/Emmanuel_Jr_robot/install/nav2_common/share/nav2_common/environment/ament_prefix_path.sh
[2.841s] -- Symlinking: /home/snake/Emmanuel_Jr_robot/install/nav2_common/share/nav2_common/environment/ament_prefix_path.dsv
[2.852s] -- Symlinking: /home/snake/Emmanuel_Jr_robot/install/nav2_common/share/nav2_common/environment/path.sh
[2.863s] -- Symlinking: /home/snake/Emmanuel_Jr_robot/install/nav2_common/share/nav2_common/environment/path.dsv
[2.875s] -- Symlinking: /home/snake/Emmanuel_Jr_robot/install/nav2_common/share/nav2_common/local_setup.bash
[2.887s] -- Symlinking: /home/snake/Emmanuel_Jr_robot/install/nav2_common/share/nav2_common/local_setup.sh
[2.900s] -- Symlinking: /home/snake/Emmanuel_Jr_robot/install/nav2_common/share/nav2_common/local_setup.zsh
[2.912s] -- Symlinking: /home/snake/Emmanuel_Jr_robot/install/nav2_common/share/nav2_common/local_setup.dsv
[2.924s] -- Symlinking: /home/snake/Emmanuel_Jr_robot/install/nav2_common/share/nav2_common/package.dsv
[2.937s] -- Symlinking: /home/snake/Emmanuel_Jr_robot/install/nav2_common/share/ament_index/resource_index/packages/nav2_common
[2.950s] -- Symlinking: /home/snake/Emmanuel_Jr_robot/install/nav2_common/share/nav2_common/cmake/nav2_common-extras.cmake
[2.960s] -- Symlinking: /home/snake/Emmanuel_Jr_robot/install/nav2_common/share/nav2_common/cmake/nav2_commonConfig.cmake
[2.971s] -- Symlinking: /home/snake/Emmanuel_Jr_robot/install/nav2_common/share/nav2_common/cmake/nav2_commonConfig-version.cmake
[2.983s] -- Symlinking: /home/snake/Emmanuel_Jr_robot/install/nav2_common/share/nav2_common/package.xml
[2.994s] -- Symlinking: /home/snake/Emmanuel_Jr_robot/install/nav2_common/share/nav2_common/cmake/nav2_package.cmake
[3.058s] Listing '/home/snake/Emmanuel_Jr_robot/install/nav2_common/lib/python3.8/site-packages/nav2_common'...
[3.058s] Compiling '/home/snake/Emmanuel_Jr_robot/install/nav2_common/lib/python3.8/site-packages/nav2_common/__init__.py'...
[3.058s] Listing '/home/snake/Emmanuel_Jr_robot/install/nav2_common/lib/python3.8/site-packages/nav2_common/launch'...
[3.058s] Compiling '/home/snake/Emmanuel_Jr_robot/install/nav2_common/lib/python3.8/site-packages/nav2_common/launch/__init__.py'...
[3.058s] Compiling '/home/snake/Emmanuel_Jr_robot/install/nav2_common/lib/python3.8/site-packages/nav2_common/launch/has_node_params.py'...
[3.058s] Compiling '/home/snake/Emmanuel_Jr_robot/install/nav2_common/lib/python3.8/site-packages/nav2_common/launch/replace_string.py'...
[3.058s] Compiling '/home/snake/Emmanuel_Jr_robot/install/nav2_common/lib/python3.8/site-packages/nav2_common/launch/rewritten_yaml.py'...
[3.065s] Invoked command in '/home/snake/Emmanuel_Jr_robot/build/nav2_common' returned '0': CMAKE_PREFIX_PATH=/opt/ros/galactic /usr/bin/cmake --install /home/snake/Emmanuel_Jr_robot/build/nav2_common
