[0.030s] Invoking command in '/home/snake/Emmanuel_Jr_robot/build/nav2_rviz_plugins': AMENT_PREFIX_PATH=/home/snake/Emmanuel_Jr_robot/install/nav2_lifecycle_manager:/home/snake/Emmanuel_Jr_robot/install/nav2_util:/home/snake/Emmanuel_Jr_robot/install/nav2_msgs:/home/snake/Emmanuel_Jr_robot/install/nav2_common:${AMENT_PREFIX_PATH} CMAKE_PREFIX_PATH=/home/snake/Emmanuel_Jr_robot/install/nav2_lifecycle_manager:/home/snake/Emmanuel_Jr_robot/install/nav2_util:/home/snake/Emmanuel_Jr_robot/install/nav2_msgs:/home/snake/Emmanuel_Jr_robot/install/nav2_common:/opt/ros/galactic LD_LIBRARY_PATH=/home/snake/Emmanuel_Jr_robot/install/nav2_lifecycle_manager/lib:/home/snake/Emmanuel_Jr_robot/install/nav2_util/lib:/home/snake/Emmanuel_Jr_robot/install/nav2_msgs/lib:${LD_LIBRARY_PATH} PYTHONPATH=/home/snake/Emmanuel_Jr_robot/install/nav2_msgs/lib/python3.8/site-packages:/home/snake/Emmanuel_Jr_robot/install/nav2_common/lib/python3.8/site-packages:${PYTHONPATH} /usr/bin/cmake /home/snake/Emmanuel_Jr_robot/src/navigation2/nav2_rviz_plugins -DAMENT_CMAKE_SYMLINK_INSTALL=1 -DCMAKE_INSTALL_PREFIX=/home/snake/Emmanuel_Jr_robot/install/nav2_rviz_plugins
[0.108s] -- The C compiler identification is GNU 9.4.0
[0.171s] -- The CXX compiler identification is GNU 9.4.0
[0.177s] -- Check for working C compiler: /usr/bin/cc
[0.264s] -- Check for working C compiler: /usr/bin/cc -- works
[0.264s] -- Detecting C compiler ABI info
[0.350s] -- Detecting C compiler ABI info - done
[0.364s] -- Detecting C compile features
[0.364s] -- Detecting C compile features - done
[0.367s] -- Check for working CXX compiler: /usr/bin/c++
[0.469s] -- Check for working CXX compiler: /usr/bin/c++ -- works
[0.470s] -- Detecting CXX compiler ABI info
[0.566s] -- Detecting CXX compiler ABI info - done
[0.580s] -- Detecting CXX compile features
[0.581s] -- Detecting CXX compile features - done
[0.584s] -- Found ament_cmake: 1.1.5 (/opt/ros/galactic/share/ament_cmake/cmake)
[0.615s] -- Found PythonInterp: /usr/bin/python3 (found suitable version "3.8.10", minimum required is "3") 
[0.617s] -- Using PYTHON_EXECUTABLE: /usr/bin/python3
[0.685s] -- Override CMake install command with custom implementation using symlinks instead of copying resources
[0.717s] -- Found geometry_msgs: 2.2.4 (/opt/ros/galactic/share/geometry_msgs/cmake)
[0.755s] -- Using all available rosidl_typesupport_c: rosidl_typesupport_fastrtps_c;rosidl_typesupport_introspection_c
[0.805s] -- Found rosidl_adapter: 2.2.2 (/opt/ros/galactic/share/rosidl_adapter/cmake)
[0.884s] -- Found OpenSSL: /usr/lib/x86_64-linux-gnu/libcrypto.so (found version "1.1.1f")  
[0.919s] -- Found FastRTPS: /opt/ros/galactic/include  
[1.014s] -- Using all available rosidl_typesupport_cpp: rosidl_typesupport_fastrtps_cpp;rosidl_typesupport_introspection_cpp
[1.120s] -- Found nav2_util: 1.0.12 (/home/snake/Emmanuel_Jr_robot/install/nav2_util/share/nav2_util/cmake)
[1.676s] -- Found rmw_implementation_cmake: 3.3.1 (/opt/ros/galactic/share/rmw_implementation_cmake/cmake)
[1.679s] -- Found rmw_cyclonedds_cpp: 0.22.5 (/opt/ros/galactic/share/rmw_cyclonedds_cpp/cmake)
[1.705s] -- Using RMW implementation 'rmw_cyclonedds_cpp' as default
[1.706s] -- Looking for pthread.h
[1.793s] -- Looking for pthread.h - found
[1.793s] -- Performing Test CMAKE_HAVE_LIBC_PTHREAD
[1.897s] -- Performing Test CMAKE_HAVE_LIBC_PTHREAD - Failed
[1.897s] -- Looking for pthread_create in pthreads
[2.001s] -- Looking for pthread_create in pthreads - not found
[2.002s] -- Looking for pthread_create in pthread
[2.094s] -- Looking for pthread_create in pthread - found
[2.094s] -- Found Threads: TRUE  
[2.681s] -- Found eigen3_cmake_module: 0.1.1 (/opt/ros/galactic/share/eigen3_cmake_module/cmake)
[2.685s] -- Found Eigen3: TRUE (found version "3.3.7") 
[2.916s] -- Found nav2_lifecycle_manager: 1.0.12 (/home/snake/Emmanuel_Jr_robot/install/nav2_lifecycle_manager/share/nav2_lifecycle_manager/cmake)
[3.370s] -- Found pluginlib: 5.0.0 (/opt/ros/galactic/share/pluginlib/cmake)
[3.443s] -- Found rviz_common: 8.5.1 (/opt/ros/galactic/share/rviz_common/cmake)
[3.464s] -- Setting OGRE_DIR to: '/opt/ros/galactic/share/rviz_ogre_vendor/cmake/../../../opt/rviz_ogre_vendor/lib/OGRE/cmake'
[3.470s] -- Found OGRE
[3.471s] --   static     : OFF
[3.471s] --   components : HLMS;MeshLodGenerator;Overlay;Paging;Property;RTShaderSystem;Terrain;Volume
[3.471s] --   plugins    : Plugin_BSPSceneManager;Plugin_OctreeSceneManager;Plugin_PCZSceneManager;Plugin_ParticleFX;RenderSystem_GL;RenderSystem_GL3Plus;Codec_STBI
[3.471s] --   media      : /opt/ros/galactic/opt/rviz_ogre_vendor/share/OGRE/Media
[3.471s] -- OGRE_LIBRARIES: OgreHLMS;OgreMeshLodGenerator;OgreOverlay;OgrePaging;OgreProperty;OgreRTShaderSystem;OgreTerrain;OgreVolume;OgreMain
[3.471s] -- OGRE_LIBRARY_DIRS: /opt/ros/galactic/opt/rviz_ogre_vendor/lib
[3.472s] -- OGRE_PLUGINS: Plugin_BSPSceneManager;Plugin_OctreeSceneManager;Plugin_PCZSceneManager;Plugin_ParticleFX;RenderSystem_GL;RenderSystem_GL3Plus;Codec_STBI
[3.472s] -- OGRE_PLUGIN_DIR: /opt/ros/galactic/opt/rviz_ogre_vendor/lib/OGRE
[3.472s] -- rviz_ogre_vendor::OgreOverlay for IMPORTED_LOCATION_RELEASE: /opt/ros/galactic/opt/rviz_ogre_vendor/lib/libOgreOverlay.so
[3.473s] -- rviz_ogre_vendor::OgreOverlay for IMPORTED_LOCATION_DEBUG: /opt/ros/galactic/opt/rviz_ogre_vendor/lib/libOgreOverlay.so
[3.473s] -- rviz_ogre_vendor::OgreMain for IMPORTED_LOCATION_RELEASE: /opt/ros/galactic/opt/rviz_ogre_vendor/lib/libOgreMain.so
[3.474s] -- rviz_ogre_vendor::OgreMain for IMPORTED_LOCATION_DEBUG: /opt/ros/galactic/opt/rviz_ogre_vendor/lib/libOgreMain.so
[3.504s] -- Found ZLIB: /usr/lib/x86_64-linux-gnu/libz.so (found version "1.2.11") 
[3.514s] -- Found OpenGL: /usr/lib/x86_64-linux-gnu/libOpenGL.so   
[3.635s] -- Found X11: /usr/include   
[3.636s] -- Looking for XOpenDisplay in /usr/lib/x86_64-linux-gnu/libX11.so;/usr/lib/x86_64-linux-gnu/libXext.so
[3.733s] -- Looking for XOpenDisplay in /usr/lib/x86_64-linux-gnu/libX11.so;/usr/lib/x86_64-linux-gnu/libXext.so - found
[3.734s] -- Looking for gethostbyname
[3.819s] -- Looking for gethostbyname - found
[3.819s] -- Looking for connect
[3.904s] -- Looking for connect - found
[3.905s] -- Looking for remove
[3.994s] -- Looking for remove - found
[3.994s] -- Looking for shmat
[4.082s] -- Looking for shmat - found
[4.083s] -- Looking for IceConnectionNumber in ICE
[4.173s] -- Looking for IceConnectionNumber in ICE - found
[4.177s] -- rviz_ogre_vendor::RenderSystem_GL for IMPORTED_LOCATION_RELEASE: _render_system_gl_static_library_abs-NOTFOUND
[4.178s] -- rviz_ogre_vendor::RenderSystem_GL for IMPORTED_LOCATION_DEBUG: _render_system_gl_static_library_abs-NOTFOUND
[4.201s] -- library: libassimp.so.5
[4.304s] -- library: /usr/lib/x86_64-linux-gnu/libcurl.so
[4.544s] -- Found rviz_default_plugins: 8.5.1 (/opt/ros/galactic/share/rviz_default_plugins/cmake)
[6.239s] -- Found ament_lint_auto: 0.10.7 (/opt/ros/galactic/share/ament_lint_auto/cmake)
[6.350s] -- Added test 'copyright' to check source files copyright and LICENSE
[6.352s] -- Added test 'cppcheck' to perform static code analysis on C / C++ code
[6.353s] -- Configured cppcheck include dirs: /home/snake/Emmanuel_Jr_robot/src/navigation2/nav2_rviz_plugins/include
[6.353s] -- Configured cppcheck exclude dirs and/or files: 
[6.355s] -- Added test 'cpplint' to check C / C++ code against the Google style
[6.355s] -- Configured cpplint exclude dirs and/or files: 
[6.356s] -- Added test 'lint_cmake' to check CMake code style
[6.358s] -- Added test 'uncrustify' to check C / C++ code style
[6.358s] -- Configured uncrustify additional arguments: 
[6.359s] -- Added test 'xmllint' to check XML markup files
[6.367s] -- Configuring done
[6.460s] -- Generating done
[6.464s] -- Build files have been written to: /home/snake/Emmanuel_Jr_robot/build/nav2_rviz_plugins
[6.485s] Invoked command in '/home/snake/Emmanuel_Jr_robot/build/nav2_rviz_plugins' returned '0': AMENT_PREFIX_PATH=/home/snake/Emmanuel_Jr_robot/install/nav2_lifecycle_manager:/home/snake/Emmanuel_Jr_robot/install/nav2_util:/home/snake/Emmanuel_Jr_robot/install/nav2_msgs:/home/snake/Emmanuel_Jr_robot/install/nav2_common:${AMENT_PREFIX_PATH} CMAKE_PREFIX_PATH=/home/snake/Emmanuel_Jr_robot/install/nav2_lifecycle_manager:/home/snake/Emmanuel_Jr_robot/install/nav2_util:/home/snake/Emmanuel_Jr_robot/install/nav2_msgs:/home/snake/Emmanuel_Jr_robot/install/nav2_common:/opt/ros/galactic LD_LIBRARY_PATH=/home/snake/Emmanuel_Jr_robot/install/nav2_lifecycle_manager/lib:/home/snake/Emmanuel_Jr_robot/install/nav2_util/lib:/home/snake/Emmanuel_Jr_robot/install/nav2_msgs/lib:${LD_LIBRARY_PATH} PYTHONPATH=/home/snake/Emmanuel_Jr_robot/install/nav2_msgs/lib/python3.8/site-packages:/home/snake/Emmanuel_Jr_robot/install/nav2_common/lib/python3.8/site-packages:${PYTHONPATH} /usr/bin/cmake /home/snake/Emmanuel_Jr_robot/src/navigation2/nav2_rviz_plugins -DAMENT_CMAKE_SYMLINK_INSTALL=1 -DCMAKE_INSTALL_PREFIX=/home/snake/Emmanuel_Jr_robot/install/nav2_rviz_plugins
[6.486s] Invoking command in '/home/snake/Emmanuel_Jr_robot/build/nav2_rviz_plugins': AMENT_PREFIX_PATH=/home/snake/Emmanuel_Jr_robot/install/nav2_lifecycle_manager:/home/snake/Emmanuel_Jr_robot/install/nav2_util:/home/snake/Emmanuel_Jr_robot/install/nav2_msgs:/home/snake/Emmanuel_Jr_robot/install/nav2_common:${AMENT_PREFIX_PATH} CMAKE_PREFIX_PATH=/home/snake/Emmanuel_Jr_robot/install/nav2_lifecycle_manager:/home/snake/Emmanuel_Jr_robot/install/nav2_util:/home/snake/Emmanuel_Jr_robot/install/nav2_msgs:/home/snake/Emmanuel_Jr_robot/install/nav2_common:/opt/ros/galactic LD_LIBRARY_PATH=/home/snake/Emmanuel_Jr_robot/install/nav2_lifecycle_manager/lib:/home/snake/Emmanuel_Jr_robot/install/nav2_util/lib:/home/snake/Emmanuel_Jr_robot/install/nav2_msgs/lib:${LD_LIBRARY_PATH} PYTHONPATH=/home/snake/Emmanuel_Jr_robot/install/nav2_msgs/lib/python3.8/site-packages:/home/snake/Emmanuel_Jr_robot/install/nav2_common/lib/python3.8/site-packages:${PYTHONPATH} /usr/bin/cmake --build /home/snake/Emmanuel_Jr_robot/build/nav2_rviz_plugins -- -j2 -l2
[6.550s] [35m[1mScanning dependencies of target nav2_rviz_plugins_autogen[0m
[6.563s] [ 14%] [34m[1mAutomatic MOC for target nav2_rviz_plugins[0m
[7.776s] [ 14%] Built target nav2_rviz_plugins_autogen
[7.795s] [35m[1mScanning dependencies of target nav2_rviz_plugins[0m
[8.114s] [ 28%] [32mBuilding CXX object CMakeFiles/nav2_rviz_plugins.dir/nav2_rviz_plugins_autogen/mocs_compilation.cpp.o[0m
[25.414s] [ 42%] [32mBuilding CXX object CMakeFiles/nav2_rviz_plugins.dir/src/goal_tool.cpp.o[0m
[29.672s] [ 57%] [32mBuilding CXX object CMakeFiles/nav2_rviz_plugins.dir/src/nav2_panel.cpp.o[0m
[55.379s] [ 71%] [32mBuilding CXX object CMakeFiles/nav2_rviz_plugins.dir/src/particle_cloud_display/flat_weighted_arrows_array.cpp.o[0m
[61.996s] [ 85%] [32mBuilding CXX object CMakeFiles/nav2_rviz_plugins.dir/src/particle_cloud_display/particle_cloud_display.cpp.o[0m
[76.236s] [100%] [32m[1mLinking CXX shared library libnav2_rviz_plugins.so[0m
[82.437s] [100%] Built target nav2_rviz_plugins
[82.454s] Invoked command in '/home/snake/Emmanuel_Jr_robot/build/nav2_rviz_plugins' returned '0': AMENT_PREFIX_PATH=/home/snake/Emmanuel_Jr_robot/install/nav2_lifecycle_manager:/home/snake/Emmanuel_Jr_robot/install/nav2_util:/home/snake/Emmanuel_Jr_robot/install/nav2_msgs:/home/snake/Emmanuel_Jr_robot/install/nav2_common:${AMENT_PREFIX_PATH} CMAKE_PREFIX_PATH=/home/snake/Emmanuel_Jr_robot/install/nav2_lifecycle_manager:/home/snake/Emmanuel_Jr_robot/install/nav2_util:/home/snake/Emmanuel_Jr_robot/install/nav2_msgs:/home/snake/Emmanuel_Jr_robot/install/nav2_common:/opt/ros/galactic LD_LIBRARY_PATH=/home/snake/Emmanuel_Jr_robot/install/nav2_lifecycle_manager/lib:/home/snake/Emmanuel_Jr_robot/install/nav2_util/lib:/home/snake/Emmanuel_Jr_robot/install/nav2_msgs/lib:${LD_LIBRARY_PATH} PYTHONPATH=/home/snake/Emmanuel_Jr_robot/install/nav2_msgs/lib/python3.8/site-packages:/home/snake/Emmanuel_Jr_robot/install/nav2_common/lib/python3.8/site-packages:${PYTHONPATH} /usr/bin/cmake --build /home/snake/Emmanuel_Jr_robot/build/nav2_rviz_plugins -- -j2 -l2
[82.510s] Invoking command in '/home/snake/Emmanuel_Jr_robot/build/nav2_rviz_plugins': AMENT_PREFIX_PATH=/home/snake/Emmanuel_Jr_robot/install/nav2_lifecycle_manager:/home/snake/Emmanuel_Jr_robot/install/nav2_util:/home/snake/Emmanuel_Jr_robot/install/nav2_msgs:/home/snake/Emmanuel_Jr_robot/install/nav2_common:${AMENT_PREFIX_PATH} CMAKE_PREFIX_PATH=/home/snake/Emmanuel_Jr_robot/install/nav2_lifecycle_manager:/home/snake/Emmanuel_Jr_robot/install/nav2_util:/home/snake/Emmanuel_Jr_robot/install/nav2_msgs:/home/snake/Emmanuel_Jr_robot/install/nav2_common:/opt/ros/galactic LD_LIBRARY_PATH=/home/snake/Emmanuel_Jr_robot/install/nav2_lifecycle_manager/lib:/home/snake/Emmanuel_Jr_robot/install/nav2_util/lib:/home/snake/Emmanuel_Jr_robot/install/nav2_msgs/lib:${LD_LIBRARY_PATH} PYTHONPATH=/home/snake/Emmanuel_Jr_robot/install/nav2_msgs/lib/python3.8/site-packages:/home/snake/Emmanuel_Jr_robot/install/nav2_common/lib/python3.8/site-packages:${PYTHONPATH} /usr/bin/cmake --install /home/snake/Emmanuel_Jr_robot/build/nav2_rviz_plugins
[82.523s] -- Install configuration: ""
[82.523s] -- Execute custom install script
[82.524s] -- Symlinking: /home/snake/Emmanuel_Jr_robot/install/nav2_rviz_plugins/share/nav2_rviz_plugins//plugins_description.xml
[82.538s] -- Symlinking: /home/snake/Emmanuel_Jr_robot/install/nav2_rviz_plugins/include//nav2_rviz_plugins/goal_common.hpp
[82.551s] -- Symlinking: /home/snake/Emmanuel_Jr_robot/install/nav2_rviz_plugins/include//nav2_rviz_plugins/goal_pose_updater.hpp
[82.564s] -- Symlinking: /home/snake/Emmanuel_Jr_robot/install/nav2_rviz_plugins/include//nav2_rviz_plugins/goal_tool.hpp
[82.579s] -- Symlinking: /home/snake/Emmanuel_Jr_robot/install/nav2_rviz_plugins/include//nav2_rviz_plugins/nav2_panel.hpp
[82.591s] -- Symlinking: /home/snake/Emmanuel_Jr_robot/install/nav2_rviz_plugins/include//nav2_rviz_plugins/particle_cloud_display/flat_weighted_arrows_array.hpp
[82.604s] -- Symlinking: /home/snake/Emmanuel_Jr_robot/install/nav2_rviz_plugins/include//nav2_rviz_plugins/particle_cloud_display/particle_cloud_display.hpp
[82.617s] -- Symlinking: /home/snake/Emmanuel_Jr_robot/install/nav2_rviz_plugins/include//nav2_rviz_plugins/ros_action_qevent.hpp
[82.630s] -- Symlinking: /home/snake/Emmanuel_Jr_robot/install/nav2_rviz_plugins/share/nav2_rviz_plugins/environment/library_path.sh
[82.644s] -- Symlinking: /home/snake/Emmanuel_Jr_robot/install/nav2_rviz_plugins/share/nav2_rviz_plugins/environment/library_path.dsv
[82.657s] -- Symlinking: /home/snake/Emmanuel_Jr_robot/install/nav2_rviz_plugins/share/ament_index/resource_index/package_run_dependencies/nav2_rviz_plugins
[82.671s] -- Symlinking: /home/snake/Emmanuel_Jr_robot/install/nav2_rviz_plugins/share/ament_index/resource_index/parent_prefix_path/nav2_rviz_plugins
[82.685s] -- Symlinking: /home/snake/Emmanuel_Jr_robot/install/nav2_rviz_plugins/share/nav2_rviz_plugins/environment/ament_prefix_path.sh
[82.698s] -- Symlinking: /home/snake/Emmanuel_Jr_robot/install/nav2_rviz_plugins/share/nav2_rviz_plugins/environment/ament_prefix_path.dsv
[82.710s] -- Symlinking: /home/snake/Emmanuel_Jr_robot/install/nav2_rviz_plugins/share/nav2_rviz_plugins/environment/path.sh
[82.723s] -- Symlinking: /home/snake/Emmanuel_Jr_robot/install/nav2_rviz_plugins/share/nav2_rviz_plugins/environment/path.dsv
[82.736s] -- Symlinking: /home/snake/Emmanuel_Jr_robot/install/nav2_rviz_plugins/share/nav2_rviz_plugins/local_setup.bash
[82.749s] -- Symlinking: /home/snake/Emmanuel_Jr_robot/install/nav2_rviz_plugins/share/nav2_rviz_plugins/local_setup.sh
[82.763s] -- Symlinking: /home/snake/Emmanuel_Jr_robot/install/nav2_rviz_plugins/share/nav2_rviz_plugins/local_setup.zsh
[82.778s] -- Symlinking: /home/snake/Emmanuel_Jr_robot/install/nav2_rviz_plugins/share/nav2_rviz_plugins/local_setup.dsv
[82.790s] -- Symlinking: /home/snake/Emmanuel_Jr_robot/install/nav2_rviz_plugins/share/nav2_rviz_plugins/package.dsv
[82.803s] -- Symlinking: /home/snake/Emmanuel_Jr_robot/install/nav2_rviz_plugins/share/ament_index/resource_index/packages/nav2_rviz_plugins
[82.815s] -- Symlinking: /home/snake/Emmanuel_Jr_robot/install/nav2_rviz_plugins/share/ament_index/resource_index/rviz_common__pluginlib__plugin/nav2_rviz_plugins
[82.828s] -- Symlinking: /home/snake/Emmanuel_Jr_robot/install/nav2_rviz_plugins/share/nav2_rviz_plugins/cmake/ament_cmake_export_include_directories-extras.cmake
[82.842s] -- Symlinking: /home/snake/Emmanuel_Jr_robot/install/nav2_rviz_plugins/share/nav2_rviz_plugins/cmake/ament_cmake_export_targets-extras.cmake
[82.856s] -- Symlinking: /home/snake/Emmanuel_Jr_robot/install/nav2_rviz_plugins/share/nav2_rviz_plugins/cmake/ament_cmake_export_dependencies-extras.cmake
[82.871s] -- Symlinking: /home/snake/Emmanuel_Jr_robot/install/nav2_rviz_plugins/share/nav2_rviz_plugins/cmake/nav2_rviz_pluginsConfig.cmake
[82.886s] -- Symlinking: /home/snake/Emmanuel_Jr_robot/install/nav2_rviz_plugins/share/nav2_rviz_plugins/cmake/nav2_rviz_pluginsConfig-version.cmake
[82.900s] -- Symlinking: /home/snake/Emmanuel_Jr_robot/install/nav2_rviz_plugins/share/nav2_rviz_plugins/package.xml
[82.914s] -- Installing: /home/snake/Emmanuel_Jr_robot/install/nav2_rviz_plugins/lib/libnav2_rviz_plugins.so
[82.932s] -- Set runtime path of "/home/snake/Emmanuel_Jr_robot/install/nav2_rviz_plugins/lib/libnav2_rviz_plugins.so" to ""
[82.932s] -- Installing: /home/snake/Emmanuel_Jr_robot/install/nav2_rviz_plugins/share/nav2_rviz_plugins/cmake/nav2_rviz_pluginsExport.cmake
[82.933s] -- Installing: /home/snake/Emmanuel_Jr_robot/install/nav2_rviz_plugins/share/nav2_rviz_plugins/cmake/nav2_rviz_pluginsExport-noconfig.cmake
[82.938s] Invoked command in '/home/snake/Emmanuel_Jr_robot/build/nav2_rviz_plugins' returned '0': AMENT_PREFIX_PATH=/home/snake/Emmanuel_Jr_robot/install/nav2_lifecycle_manager:/home/snake/Emmanuel_Jr_robot/install/nav2_util:/home/snake/Emmanuel_Jr_robot/install/nav2_msgs:/home/snake/Emmanuel_Jr_robot/install/nav2_common:${AMENT_PREFIX_PATH} CMAKE_PREFIX_PATH=/home/snake/Emmanuel_Jr_robot/install/nav2_lifecycle_manager:/home/snake/Emmanuel_Jr_robot/install/nav2_util:/home/snake/Emmanuel_Jr_robot/install/nav2_msgs:/home/snake/Emmanuel_Jr_robot/install/nav2_common:/opt/ros/galactic LD_LIBRARY_PATH=/home/snake/Emmanuel_Jr_robot/install/nav2_lifecycle_manager/lib:/home/snake/Emmanuel_Jr_robot/install/nav2_util/lib:/home/snake/Emmanuel_Jr_robot/install/nav2_msgs/lib:${LD_LIBRARY_PATH} PYTHONPATH=/home/snake/Emmanuel_Jr_robot/install/nav2_msgs/lib/python3.8/site-packages:/home/snake/Emmanuel_Jr_robot/install/nav2_common/lib/python3.8/site-packages:${PYTHONPATH} /usr/bin/cmake --install /home/snake/Emmanuel_Jr_robot/build/nav2_rviz_plugins
