[0.075s] Invoking command in '/home/snake/Emmanuel_Jr_robot/build/dwb_critics': AMENT_PREFIX_PATH=/home/snake/Emmanuel_Jr_robot/install/dwb_core:/home/snake/Emmanuel_Jr_robot/install/nav2_core:/home/snake/Emmanuel_Jr_robot/install/costmap_queue:/home/snake/Emmanuel_Jr_robot/install/nav2_costmap_2d:/home/snake/Emmanuel_Jr_robot/install/nav_2d_utils:/home/snake/Emmanuel_Jr_robot/install/nav2_util:/home/snake/Emmanuel_Jr_robot/install/nav2_voxel_grid:/home/snake/Emmanuel_Jr_robot/install/nav2_msgs:/home/snake/Emmanuel_Jr_robot/install/dwb_msgs:/home/snake/Emmanuel_Jr_robot/install/nav_2d_msgs:/home/snake/Emmanuel_Jr_robot/install/nav2_common:${AMENT_PREFIX_PATH} CMAKE_PREFIX_PATH=/home/snake/Emmanuel_Jr_robot/install/dwb_core:/home/snake/Emmanuel_Jr_robot/install/nav2_core:/home/snake/Emmanuel_Jr_robot/install/costmap_queue:/home/snake/Emmanuel_Jr_robot/install/nav2_costmap_2d:/home/snake/Emmanuel_Jr_robot/install/nav_2d_utils:/home/snake/Emmanuel_Jr_robot/install/nav2_util:/home/snake/Emmanuel_Jr_robot/install/nav2_voxel_grid:/home/snake/Emmanuel_Jr_robot/install/nav2_msgs:/home/snake/Emmanuel_Jr_robot/install/dwb_msgs:/home/snake/Emmanuel_Jr_robot/install/nav_2d_msgs:/home/snake/Emmanuel_Jr_robot/install/nav2_common:/opt/ros/galactic LD_LIBRARY_PATH=/home/snake/Emmanuel_Jr_robot/install/dwb_core/lib:/home/snake/Emmanuel_Jr_robot/install/costmap_queue/lib:/home/snake/Emmanuel_Jr_robot/install/nav2_costmap_2d/lib:/home/snake/Emmanuel_Jr_robot/install/nav_2d_utils/lib:/home/snake/Emmanuel_Jr_robot/install/nav2_util/lib:/home/snake/Emmanuel_Jr_robot/install/nav2_voxel_grid/lib:/home/snake/Emmanuel_Jr_robot/install/nav2_msgs/lib:/home/snake/Emmanuel_Jr_robot/install/dwb_msgs/lib:/home/snake/Emmanuel_Jr_robot/install/nav_2d_msgs/lib:${LD_LIBRARY_PATH} PYTHONPATH=/home/snake/Emmanuel_Jr_robot/install/nav2_msgs/lib/python3.8/site-packages:/home/snake/Emmanuel_Jr_robot/install/dwb_msgs/lib/python3.8/site-packages:/home/snake/Emmanuel_Jr_robot/install/nav_2d_msgs/lib/python3.8/site-packages:/home/snake/Emmanuel_Jr_robot/install/nav2_common/lib/python3.8/site-packages:${PYTHONPATH} /usr/bin/cmake /home/snake/Emmanuel_Jr_robot/src/navigation2/nav2_dwb_controller/dwb_critics -DCMAKE_INSTALL_PREFIX=/home/snake/Emmanuel_Jr_robot/install/dwb_critics
[0.097s] -- Found ament_cmake: 1.1.5 (/opt/ros/galactic/share/ament_cmake/cmake)
[0.124s] -- Using PYTHON_EXECUTABLE: /usr/bin/python3
[0.181s] -- Override CMake install command with custom implementation using symlinks instead of copying resources
[0.189s] -- Found nav2_common: 1.0.12 (/home/snake/Emmanuel_Jr_robot/install/nav2_common/share/nav2_common/cmake)
[0.190s] -- Found angles: 1.12.4 (/opt/ros/galactic/share/angles/cmake)
[0.191s] -- Found nav2_costmap_2d: 1.0.12 (/home/snake/Emmanuel_Jr_robot/install/nav2_costmap_2d/share/nav2_costmap_2d/cmake)
[0.214s] -- Using all available rosidl_typesupport_c: rosidl_typesupport_fastrtps_c;rosidl_typesupport_introspection_c
[0.217s] -- Found rosidl_adapter: 2.2.2 (/opt/ros/galactic/share/rosidl_adapter/cmake)
[0.328s] -- Using all available rosidl_typesupport_cpp: rosidl_typesupport_fastrtps_cpp;rosidl_typesupport_introspection_cpp
[0.799s] -- Found rmw_implementation_cmake: 3.3.1 (/opt/ros/galactic/share/rmw_implementation_cmake/cmake)
[0.801s] -- Found rmw_cyclonedds_cpp: 0.22.5 (/opt/ros/galactic/share/rmw_cyclonedds_cpp/cmake)
[0.820s] -- Using RMW implementation 'rmw_cyclonedds_cpp' as default
[2.143s] -- Found costmap_queue: 1.0.12 (/home/snake/Emmanuel_Jr_robot/install/costmap_queue/share/costmap_queue/cmake)
[2.144s] -- Found dwb_core: 1.0.12 (/home/snake/Emmanuel_Jr_robot/install/dwb_core/share/dwb_core/cmake)
[9.636s] -- Found ament_lint_auto: 0.10.7 (/opt/ros/galactic/share/ament_lint_auto/cmake)
[9.700s] -- Found gtest sources under '/opt/ros/galactic/src/gtest_vendor': C++ tests using 'Google Test' will be built
[9.721s] -- Added test 'cppcheck' to perform static code analysis on C / C++ code
[9.721s] -- Configured cppcheck include dirs: /home/snake/Emmanuel_Jr_robot/src/navigation2/nav2_dwb_controller/dwb_critics/include
[9.722s] -- Configured cppcheck exclude dirs and/or files: 
[9.723s] -- Added test 'cpplint' to check C / C++ code against the Google style
[9.723s] -- Configured cpplint exclude dirs and/or files: 
[9.724s] -- Added test 'lint_cmake' to check CMake code style
[9.725s] -- Added test 'uncrustify' to check C / C++ code style
[9.725s] -- Configured uncrustify additional arguments: 
[9.726s] -- Added test 'xmllint' to check XML markup files
[9.734s] -- Configuring done
[9.920s] -- Generating done
[9.925s] -- Build files have been written to: /home/snake/Emmanuel_Jr_robot/build/dwb_critics
[9.937s] Invoked command in '/home/snake/Emmanuel_Jr_robot/build/dwb_critics' returned '0': AMENT_PREFIX_PATH=/home/snake/Emmanuel_Jr_robot/install/dwb_core:/home/snake/Emmanuel_Jr_robot/install/nav2_core:/home/snake/Emmanuel_Jr_robot/install/costmap_queue:/home/snake/Emmanuel_Jr_robot/install/nav2_costmap_2d:/home/snake/Emmanuel_Jr_robot/install/nav_2d_utils:/home/snake/Emmanuel_Jr_robot/install/nav2_util:/home/snake/Emmanuel_Jr_robot/install/nav2_voxel_grid:/home/snake/Emmanuel_Jr_robot/install/nav2_msgs:/home/snake/Emmanuel_Jr_robot/install/dwb_msgs:/home/snake/Emmanuel_Jr_robot/install/nav_2d_msgs:/home/snake/Emmanuel_Jr_robot/install/nav2_common:${AMENT_PREFIX_PATH} CMAKE_PREFIX_PATH=/home/snake/Emmanuel_Jr_robot/install/dwb_core:/home/snake/Emmanuel_Jr_robot/install/nav2_core:/home/snake/Emmanuel_Jr_robot/install/costmap_queue:/home/snake/Emmanuel_Jr_robot/install/nav2_costmap_2d:/home/snake/Emmanuel_Jr_robot/install/nav_2d_utils:/home/snake/Emmanuel_Jr_robot/install/nav2_util:/home/snake/Emmanuel_Jr_robot/install/nav2_voxel_grid:/home/snake/Emmanuel_Jr_robot/install/nav2_msgs:/home/snake/Emmanuel_Jr_robot/install/dwb_msgs:/home/snake/Emmanuel_Jr_robot/install/nav_2d_msgs:/home/snake/Emmanuel_Jr_robot/install/nav2_common:/opt/ros/galactic LD_LIBRARY_PATH=/home/snake/Emmanuel_Jr_robot/install/dwb_core/lib:/home/snake/Emmanuel_Jr_robot/install/costmap_queue/lib:/home/snake/Emmanuel_Jr_robot/install/nav2_costmap_2d/lib:/home/snake/Emmanuel_Jr_robot/install/nav_2d_utils/lib:/home/snake/Emmanuel_Jr_robot/install/nav2_util/lib:/home/snake/Emmanuel_Jr_robot/install/nav2_voxel_grid/lib:/home/snake/Emmanuel_Jr_robot/install/nav2_msgs/lib:/home/snake/Emmanuel_Jr_robot/install/dwb_msgs/lib:/home/snake/Emmanuel_Jr_robot/install/nav_2d_msgs/lib:${LD_LIBRARY_PATH} PYTHONPATH=/home/snake/Emmanuel_Jr_robot/install/nav2_msgs/lib/python3.8/site-packages:/home/snake/Emmanuel_Jr_robot/install/dwb_msgs/lib/python3.8/site-packages:/home/snake/Emmanuel_Jr_robot/install/nav_2d_msgs/lib/python3.8/site-packages:/home/snake/Emmanuel_Jr_robot/install/nav2_common/lib/python3.8/site-packages:${PYTHONPATH} /usr/bin/cmake /home/snake/Emmanuel_Jr_robot/src/navigation2/nav2_dwb_controller/dwb_critics -DCMAKE_INSTALL_PREFIX=/home/snake/Emmanuel_Jr_robot/install/dwb_critics
[9.938s] Invoking command in '/home/snake/Emmanuel_Jr_robot/build/dwb_critics': AMENT_PREFIX_PATH=/home/snake/Emmanuel_Jr_robot/install/dwb_core:/home/snake/Emmanuel_Jr_robot/install/nav2_core:/home/snake/Emmanuel_Jr_robot/install/costmap_queue:/home/snake/Emmanuel_Jr_robot/install/nav2_costmap_2d:/home/snake/Emmanuel_Jr_robot/install/nav_2d_utils:/home/snake/Emmanuel_Jr_robot/install/nav2_util:/home/snake/Emmanuel_Jr_robot/install/nav2_voxel_grid:/home/snake/Emmanuel_Jr_robot/install/nav2_msgs:/home/snake/Emmanuel_Jr_robot/install/dwb_msgs:/home/snake/Emmanuel_Jr_robot/install/nav_2d_msgs:/home/snake/Emmanuel_Jr_robot/install/nav2_common:${AMENT_PREFIX_PATH} CMAKE_PREFIX_PATH=/home/snake/Emmanuel_Jr_robot/install/dwb_core:/home/snake/Emmanuel_Jr_robot/install/nav2_core:/home/snake/Emmanuel_Jr_robot/install/costmap_queue:/home/snake/Emmanuel_Jr_robot/install/nav2_costmap_2d:/home/snake/Emmanuel_Jr_robot/install/nav_2d_utils:/home/snake/Emmanuel_Jr_robot/install/nav2_util:/home/snake/Emmanuel_Jr_robot/install/nav2_voxel_grid:/home/snake/Emmanuel_Jr_robot/install/nav2_msgs:/home/snake/Emmanuel_Jr_robot/install/dwb_msgs:/home/snake/Emmanuel_Jr_robot/install/nav_2d_msgs:/home/snake/Emmanuel_Jr_robot/install/nav2_common:/opt/ros/galactic LD_LIBRARY_PATH=/home/snake/Emmanuel_Jr_robot/install/dwb_core/lib:/home/snake/Emmanuel_Jr_robot/install/costmap_queue/lib:/home/snake/Emmanuel_Jr_robot/install/nav2_costmap_2d/lib:/home/snake/Emmanuel_Jr_robot/install/nav_2d_utils/lib:/home/snake/Emmanuel_Jr_robot/install/nav2_util/lib:/home/snake/Emmanuel_Jr_robot/install/nav2_voxel_grid/lib:/home/snake/Emmanuel_Jr_robot/install/nav2_msgs/lib:/home/snake/Emmanuel_Jr_robot/install/dwb_msgs/lib:/home/snake/Emmanuel_Jr_robot/install/nav_2d_msgs/lib:${LD_LIBRARY_PATH} PYTHONPATH=/home/snake/Emmanuel_Jr_robot/install/nav2_msgs/lib/python3.8/site-packages:/home/snake/Emmanuel_Jr_robot/install/dwb_msgs/lib/python3.8/site-packages:/home/snake/Emmanuel_Jr_robot/install/nav_2d_msgs/lib/python3.8/site-packages:/home/snake/Emmanuel_Jr_robot/install/nav2_common/lib/python3.8/site-packages:${PYTHONPATH} /usr/bin/cmake --build /home/snake/Emmanuel_Jr_robot/build/dwb_critics -- -j2 -l2
[10.056s] [ 48%] Built target dwb_critics
[10.080s] [ 55%] Built target gtest
[10.106s] [ 62%] Built target gtest_main
[10.148s] [ 66%] [32mBuilding CXX object test/CMakeFiles/twirling_tests.dir/twirling_test.cpp.o[0m
[15.286s] [ 70%] [32m[1mLinking CXX executable twirling_tests[0m
[15.531s] [ 70%] Built target twirling_tests
[15.568s] [ 74%] [32mBuilding CXX object test/CMakeFiles/alignment_util_tests.dir/alignment_util_test.cpp.o[0m
[18.673s] [ 77%] [32m[1mLinking CXX executable alignment_util_tests[0m
[18.889s] [ 77%] Built target alignment_util_tests
[18.929s] [ 81%] [32mBuilding CXX object test/CMakeFiles/obstacle_footprint_tests.dir/obstacle_footprint_test.cpp.o[0m
[24.759s] [ 85%] [32m[1mLinking CXX executable obstacle_footprint_tests[0m
[25.015s] [ 85%] Built target obstacle_footprint_tests
[25.057s] [ 88%] [32mBuilding CXX object test/CMakeFiles/base_obstacle_tests.dir/base_obstacle_test.cpp.o[0m
[30.704s] [ 92%] [32m[1mLinking CXX executable base_obstacle_tests[0m
[30.937s] [ 92%] Built target base_obstacle_tests
[30.976s] [ 96%] [32mBuilding CXX object test/CMakeFiles/prefer_forward_tests.dir/prefer_forward_test.cpp.o[0m
[36.970s] [100%] [32m[1mLinking CXX executable prefer_forward_tests[0m
[37.209s] [100%] Built target prefer_forward_tests
[37.224s] Invoked command in '/home/snake/Emmanuel_Jr_robot/build/dwb_critics' returned '0': AMENT_PREFIX_PATH=/home/snake/Emmanuel_Jr_robot/install/dwb_core:/home/snake/Emmanuel_Jr_robot/install/nav2_core:/home/snake/Emmanuel_Jr_robot/install/costmap_queue:/home/snake/Emmanuel_Jr_robot/install/nav2_costmap_2d:/home/snake/Emmanuel_Jr_robot/install/nav_2d_utils:/home/snake/Emmanuel_Jr_robot/install/nav2_util:/home/snake/Emmanuel_Jr_robot/install/nav2_voxel_grid:/home/snake/Emmanuel_Jr_robot/install/nav2_msgs:/home/snake/Emmanuel_Jr_robot/install/dwb_msgs:/home/snake/Emmanuel_Jr_robot/install/nav_2d_msgs:/home/snake/Emmanuel_Jr_robot/install/nav2_common:${AMENT_PREFIX_PATH} CMAKE_PREFIX_PATH=/home/snake/Emmanuel_Jr_robot/install/dwb_core:/home/snake/Emmanuel_Jr_robot/install/nav2_core:/home/snake/Emmanuel_Jr_robot/install/costmap_queue:/home/snake/Emmanuel_Jr_robot/install/nav2_costmap_2d:/home/snake/Emmanuel_Jr_robot/install/nav_2d_utils:/home/snake/Emmanuel_Jr_robot/install/nav2_util:/home/snake/Emmanuel_Jr_robot/install/nav2_voxel_grid:/home/snake/Emmanuel_Jr_robot/install/nav2_msgs:/home/snake/Emmanuel_Jr_robot/install/dwb_msgs:/home/snake/Emmanuel_Jr_robot/install/nav_2d_msgs:/home/snake/Emmanuel_Jr_robot/install/nav2_common:/opt/ros/galactic LD_LIBRARY_PATH=/home/snake/Emmanuel_Jr_robot/install/dwb_core/lib:/home/snake/Emmanuel_Jr_robot/install/costmap_queue/lib:/home/snake/Emmanuel_Jr_robot/install/nav2_costmap_2d/lib:/home/snake/Emmanuel_Jr_robot/install/nav_2d_utils/lib:/home/snake/Emmanuel_Jr_robot/install/nav2_util/lib:/home/snake/Emmanuel_Jr_robot/install/nav2_voxel_grid/lib:/home/snake/Emmanuel_Jr_robot/install/nav2_msgs/lib:/home/snake/Emmanuel_Jr_robot/install/dwb_msgs/lib:/home/snake/Emmanuel_Jr_robot/install/nav_2d_msgs/lib:${LD_LIBRARY_PATH} PYTHONPATH=/home/snake/Emmanuel_Jr_robot/install/nav2_msgs/lib/python3.8/site-packages:/home/snake/Emmanuel_Jr_robot/install/dwb_msgs/lib/python3.8/site-packages:/home/snake/Emmanuel_Jr_robot/install/nav_2d_msgs/lib/python3.8/site-packages:/home/snake/Emmanuel_Jr_robot/install/nav2_common/lib/python3.8/site-packages:${PYTHONPATH} /usr/bin/cmake --build /home/snake/Emmanuel_Jr_robot/build/dwb_critics -- -j2 -l2
[37.269s] Invoking command in '/home/snake/Emmanuel_Jr_robot/build/dwb_critics': AMENT_PREFIX_PATH=/home/snake/Emmanuel_Jr_robot/install/dwb_core:/home/snake/Emmanuel_Jr_robot/install/nav2_core:/home/snake/Emmanuel_Jr_robot/install/costmap_queue:/home/snake/Emmanuel_Jr_robot/install/nav2_costmap_2d:/home/snake/Emmanuel_Jr_robot/install/nav_2d_utils:/home/snake/Emmanuel_Jr_robot/install/nav2_util:/home/snake/Emmanuel_Jr_robot/install/nav2_voxel_grid:/home/snake/Emmanuel_Jr_robot/install/nav2_msgs:/home/snake/Emmanuel_Jr_robot/install/dwb_msgs:/home/snake/Emmanuel_Jr_robot/install/nav_2d_msgs:/home/snake/Emmanuel_Jr_robot/install/nav2_common:${AMENT_PREFIX_PATH} CMAKE_PREFIX_PATH=/home/snake/Emmanuel_Jr_robot/install/dwb_core:/home/snake/Emmanuel_Jr_robot/install/nav2_core:/home/snake/Emmanuel_Jr_robot/install/costmap_queue:/home/snake/Emmanuel_Jr_robot/install/nav2_costmap_2d:/home/snake/Emmanuel_Jr_robot/install/nav_2d_utils:/home/snake/Emmanuel_Jr_robot/install/nav2_util:/home/snake/Emmanuel_Jr_robot/install/nav2_voxel_grid:/home/snake/Emmanuel_Jr_robot/install/nav2_msgs:/home/snake/Emmanuel_Jr_robot/install/dwb_msgs:/home/snake/Emmanuel_Jr_robot/install/nav_2d_msgs:/home/snake/Emmanuel_Jr_robot/install/nav2_common:/opt/ros/galactic LD_LIBRARY_PATH=/home/snake/Emmanuel_Jr_robot/install/dwb_core/lib:/home/snake/Emmanuel_Jr_robot/install/costmap_queue/lib:/home/snake/Emmanuel_Jr_robot/install/nav2_costmap_2d/lib:/home/snake/Emmanuel_Jr_robot/install/nav_2d_utils/lib:/home/snake/Emmanuel_Jr_robot/install/nav2_util/lib:/home/snake/Emmanuel_Jr_robot/install/nav2_voxel_grid/lib:/home/snake/Emmanuel_Jr_robot/install/nav2_msgs/lib:/home/snake/Emmanuel_Jr_robot/install/dwb_msgs/lib:/home/snake/Emmanuel_Jr_robot/install/nav_2d_msgs/lib:${LD_LIBRARY_PATH} PYTHONPATH=/home/snake/Emmanuel_Jr_robot/install/nav2_msgs/lib/python3.8/site-packages:/home/snake/Emmanuel_Jr_robot/install/dwb_msgs/lib/python3.8/site-packages:/home/snake/Emmanuel_Jr_robot/install/nav_2d_msgs/lib/python3.8/site-packages:/home/snake/Emmanuel_Jr_robot/install/nav2_common/lib/python3.8/site-packages:${PYTHONPATH} /usr/bin/cmake --install /home/snake/Emmanuel_Jr_robot/build/dwb_critics
[37.280s] -- Install configuration: "Release"
[37.281s] -- Execute custom install script
[37.283s] -- Up-to-date symlink: /home/snake/Emmanuel_Jr_robot/install/dwb_critics/lib/libdwb_critics.so
[37.284s] -- Up-to-date symlink: /home/snake/Emmanuel_Jr_robot/install/dwb_critics/include//dwb_critics/alignment_util.hpp
[37.285s] -- Up-to-date symlink: /home/snake/Emmanuel_Jr_robot/install/dwb_critics/include//dwb_critics/base_obstacle.hpp
[37.286s] -- Up-to-date symlink: /home/snake/Emmanuel_Jr_robot/install/dwb_critics/include//dwb_critics/goal_align.hpp
[37.287s] -- Up-to-date symlink: /home/snake/Emmanuel_Jr_robot/install/dwb_critics/include//dwb_critics/goal_dist.hpp
[37.287s] -- Up-to-date symlink: /home/snake/Emmanuel_Jr_robot/install/dwb_critics/include//dwb_critics/line_iterator.hpp
[37.288s] -- Up-to-date symlink: /home/snake/Emmanuel_Jr_robot/install/dwb_critics/include//dwb_critics/map_grid.hpp
[37.288s] -- Up-to-date symlink: /home/snake/Emmanuel_Jr_robot/install/dwb_critics/include//dwb_critics/obstacle_footprint.hpp
[37.289s] -- Up-to-date symlink: /home/snake/Emmanuel_Jr_robot/install/dwb_critics/include//dwb_critics/oscillation.hpp
[37.289s] -- Up-to-date symlink: /home/snake/Emmanuel_Jr_robot/install/dwb_critics/include//dwb_critics/path_align.hpp
[37.290s] -- Up-to-date symlink: /home/snake/Emmanuel_Jr_robot/install/dwb_critics/include//dwb_critics/path_dist.hpp
[37.290s] -- Up-to-date symlink: /home/snake/Emmanuel_Jr_robot/install/dwb_critics/include//dwb_critics/prefer_forward.hpp
[37.291s] -- Up-to-date symlink: /home/snake/Emmanuel_Jr_robot/install/dwb_critics/include//dwb_critics/rotate_to_goal.hpp
[37.292s] -- Up-to-date symlink: /home/snake/Emmanuel_Jr_robot/install/dwb_critics/include//dwb_critics/twirling.hpp
[37.292s] -- Up-to-date symlink: /home/snake/Emmanuel_Jr_robot/install/dwb_critics/share/dwb_critics/default_critics.xml
[37.293s] -- Up-to-date symlink: /home/snake/Emmanuel_Jr_robot/install/dwb_critics/share/dwb_critics/environment/library_path.sh
[37.294s] -- Up-to-date symlink: /home/snake/Emmanuel_Jr_robot/install/dwb_critics/share/dwb_critics/environment/library_path.dsv
[37.294s] -- Up-to-date symlink: /home/snake/Emmanuel_Jr_robot/install/dwb_critics/share/dwb_critics//default_critics.xml
[37.295s] -- Up-to-date symlink: /home/snake/Emmanuel_Jr_robot/install/dwb_critics/share/ament_index/resource_index/package_run_dependencies/dwb_critics
[37.296s] -- Up-to-date symlink: /home/snake/Emmanuel_Jr_robot/install/dwb_critics/share/ament_index/resource_index/parent_prefix_path/dwb_critics
[37.296s] -- Up-to-date symlink: /home/snake/Emmanuel_Jr_robot/install/dwb_critics/share/dwb_critics/environment/ament_prefix_path.sh
[37.297s] -- Up-to-date symlink: /home/snake/Emmanuel_Jr_robot/install/dwb_critics/share/dwb_critics/environment/ament_prefix_path.dsv
[37.298s] -- Up-to-date symlink: /home/snake/Emmanuel_Jr_robot/install/dwb_critics/share/dwb_critics/environment/path.sh
[37.298s] -- Up-to-date symlink: /home/snake/Emmanuel_Jr_robot/install/dwb_critics/share/dwb_critics/environment/path.dsv
[37.299s] -- Up-to-date symlink: /home/snake/Emmanuel_Jr_robot/install/dwb_critics/share/dwb_critics/local_setup.bash
[37.300s] -- Up-to-date symlink: /home/snake/Emmanuel_Jr_robot/install/dwb_critics/share/dwb_critics/local_setup.sh
[37.300s] -- Up-to-date symlink: /home/snake/Emmanuel_Jr_robot/install/dwb_critics/share/dwb_critics/local_setup.zsh
[37.301s] -- Up-to-date symlink: /home/snake/Emmanuel_Jr_robot/install/dwb_critics/share/dwb_critics/local_setup.dsv
[37.301s] -- Symlinking: /home/snake/Emmanuel_Jr_robot/install/dwb_critics/share/dwb_critics/package.dsv
[37.311s] -- Up-to-date symlink: /home/snake/Emmanuel_Jr_robot/install/dwb_critics/share/ament_index/resource_index/packages/dwb_critics
[37.313s] -- Up-to-date symlink: /home/snake/Emmanuel_Jr_robot/install/dwb_critics/share/ament_index/resource_index/dwb_core__pluginlib__plugin/dwb_critics
[37.314s] -- Up-to-date symlink: /home/snake/Emmanuel_Jr_robot/install/dwb_critics/share/dwb_critics/cmake/ament_cmake_export_include_directories-extras.cmake
[37.314s] -- Up-to-date symlink: /home/snake/Emmanuel_Jr_robot/install/dwb_critics/share/dwb_critics/cmake/ament_cmake_export_libraries-extras.cmake
[37.315s] -- Up-to-date symlink: /home/snake/Emmanuel_Jr_robot/install/dwb_critics/share/dwb_critics/cmake/ament_cmake_export_dependencies-extras.cmake
[37.316s] -- Up-to-date symlink: /home/snake/Emmanuel_Jr_robot/install/dwb_critics/share/dwb_critics/cmake/dwb_criticsConfig.cmake
[37.316s] -- Up-to-date symlink: /home/snake/Emmanuel_Jr_robot/install/dwb_critics/share/dwb_critics/cmake/dwb_criticsConfig-version.cmake
[37.317s] -- Up-to-date symlink: /home/snake/Emmanuel_Jr_robot/install/dwb_critics/share/dwb_critics/package.xml
[37.322s] Invoked command in '/home/snake/Emmanuel_Jr_robot/build/dwb_critics' returned '0': AMENT_PREFIX_PATH=/home/snake/Emmanuel_Jr_robot/install/dwb_core:/home/snake/Emmanuel_Jr_robot/install/nav2_core:/home/snake/Emmanuel_Jr_robot/install/costmap_queue:/home/snake/Emmanuel_Jr_robot/install/nav2_costmap_2d:/home/snake/Emmanuel_Jr_robot/install/nav_2d_utils:/home/snake/Emmanuel_Jr_robot/install/nav2_util:/home/snake/Emmanuel_Jr_robot/install/nav2_voxel_grid:/home/snake/Emmanuel_Jr_robot/install/nav2_msgs:/home/snake/Emmanuel_Jr_robot/install/dwb_msgs:/home/snake/Emmanuel_Jr_robot/install/nav_2d_msgs:/home/snake/Emmanuel_Jr_robot/install/nav2_common:${AMENT_PREFIX_PATH} CMAKE_PREFIX_PATH=/home/snake/Emmanuel_Jr_robot/install/dwb_core:/home/snake/Emmanuel_Jr_robot/install/nav2_core:/home/snake/Emmanuel_Jr_robot/install/costmap_queue:/home/snake/Emmanuel_Jr_robot/install/nav2_costmap_2d:/home/snake/Emmanuel_Jr_robot/install/nav_2d_utils:/home/snake/Emmanuel_Jr_robot/install/nav2_util:/home/snake/Emmanuel_Jr_robot/install/nav2_voxel_grid:/home/snake/Emmanuel_Jr_robot/install/nav2_msgs:/home/snake/Emmanuel_Jr_robot/install/dwb_msgs:/home/snake/Emmanuel_Jr_robot/install/nav_2d_msgs:/home/snake/Emmanuel_Jr_robot/install/nav2_common:/opt/ros/galactic LD_LIBRARY_PATH=/home/snake/Emmanuel_Jr_robot/install/dwb_core/lib:/home/snake/Emmanuel_Jr_robot/install/costmap_queue/lib:/home/snake/Emmanuel_Jr_robot/install/nav2_costmap_2d/lib:/home/snake/Emmanuel_Jr_robot/install/nav_2d_utils/lib:/home/snake/Emmanuel_Jr_robot/install/nav2_util/lib:/home/snake/Emmanuel_Jr_robot/install/nav2_voxel_grid/lib:/home/snake/Emmanuel_Jr_robot/install/nav2_msgs/lib:/home/snake/Emmanuel_Jr_robot/install/dwb_msgs/lib:/home/snake/Emmanuel_Jr_robot/install/nav_2d_msgs/lib:${LD_LIBRARY_PATH} PYTHONPATH=/home/snake/Emmanuel_Jr_robot/install/nav2_msgs/lib/python3.8/site-packages:/home/snake/Emmanuel_Jr_robot/install/dwb_msgs/lib/python3.8/site-packages:/home/snake/Emmanuel_Jr_robot/install/nav_2d_msgs/lib/python3.8/site-packages:/home/snake/Emmanuel_Jr_robot/install/nav2_common/lib/python3.8/site-packages:${PYTHONPATH} /usr/bin/cmake --install /home/snake/Emmanuel_Jr_robot/build/dwb_critics
