[0.052s] Invoking command in '/home/snake/Emmanuel_Jr_robot/build/costmap_queue': AMENT_PREFIX_PATH=/home/snake/Emmanuel_Jr_robot/install/nav2_costmap_2d:/home/snake/Emmanuel_Jr_robot/install/nav2_util:/home/snake/Emmanuel_Jr_robot/install/nav2_voxel_grid:/home/snake/Emmanuel_Jr_robot/install/nav2_msgs:/home/snake/Emmanuel_Jr_robot/install/nav2_common:${AMENT_PREFIX_PATH} CMAKE_PREFIX_PATH=/home/snake/Emmanuel_Jr_robot/install/nav2_costmap_2d:/home/snake/Emmanuel_Jr_robot/install/nav2_util:/home/snake/Emmanuel_Jr_robot/install/nav2_voxel_grid:/home/snake/Emmanuel_Jr_robot/install/nav2_msgs:/home/snake/Emmanuel_Jr_robot/install/nav2_common:/opt/ros/galactic LD_LIBRARY_PATH=/home/snake/Emmanuel_Jr_robot/install/nav2_costmap_2d/lib:/home/snake/Emmanuel_Jr_robot/install/nav2_util/lib:/home/snake/Emmanuel_Jr_robot/install/nav2_voxel_grid/lib:/home/snake/Emmanuel_Jr_robot/install/nav2_msgs/lib:${LD_LIBRARY_PATH} PYTHONPATH=/home/snake/Emmanuel_Jr_robot/install/nav2_msgs/lib/python3.8/site-packages:/home/snake/Emmanuel_Jr_robot/install/nav2_common/lib/python3.8/site-packages:${PYTHONPATH} /usr/bin/cmake /home/snake/Emmanuel_Jr_robot/src/navigation2/nav2_dwb_controller/costmap_queue -DCMAKE_INSTALL_PREFIX=/home/snake/Emmanuel_Jr_robot/install/costmap_queue
[0.072s] -- Found ament_cmake: 1.1.5 (/opt/ros/galactic/share/ament_cmake/cmake)
[0.096s] -- Using PYTHON_EXECUTABLE: /usr/bin/python3
[0.175s] -- Override CMake install command with custom implementation using symlinks instead of copying resources
[0.182s] -- Found nav2_common: 1.0.12 (/home/snake/Emmanuel_Jr_robot/install/nav2_common/share/nav2_common/cmake)
[0.182s] -- Found nav2_costmap_2d: 1.0.12 (/home/snake/Emmanuel_Jr_robot/install/nav2_costmap_2d/share/nav2_costmap_2d/cmake)
[0.205s] -- Using all available rosidl_typesupport_c: rosidl_typesupport_fastrtps_c;rosidl_typesupport_introspection_c
[0.208s] -- Found rosidl_adapter: 2.2.2 (/opt/ros/galactic/share/rosidl_adapter/cmake)
[0.318s] -- Using all available rosidl_typesupport_cpp: rosidl_typesupport_fastrtps_cpp;rosidl_typesupport_introspection_cpp
[0.796s] -- Found rmw_implementation_cmake: 3.3.1 (/opt/ros/galactic/share/rmw_implementation_cmake/cmake)
[0.798s] -- Found rmw_cyclonedds_cpp: 0.22.5 (/opt/ros/galactic/share/rmw_cyclonedds_cpp/cmake)
[0.817s] -- Using RMW implementation 'rmw_cyclonedds_cpp' as default
[2.455s] -- Found ament_lint_auto: 0.10.7 (/opt/ros/galactic/share/ament_lint_auto/cmake)
[2.516s] -- Found gtest sources under '/opt/ros/galactic/src/gtest_vendor': C++ tests using 'Google Test' will be built
[3.259s] -- Added test 'cppcheck' to perform static code analysis on C / C++ code
[3.259s] -- Configured cppcheck include dirs: /home/snake/Emmanuel_Jr_robot/src/navigation2/nav2_dwb_controller/costmap_queue/include
[3.259s] -- Configured cppcheck exclude dirs and/or files: 
[3.260s] -- Added test 'cpplint' to check C / C++ code against the Google style
[3.260s] -- Configured cpplint exclude dirs and/or files: 
[3.261s] -- Added test 'lint_cmake' to check CMake code style
[3.261s] -- Added test 'uncrustify' to check C / C++ code style
[3.262s] -- Configured uncrustify additional arguments: 
[3.262s] -- Added test 'xmllint' to check XML markup files
[3.269s] -- Configuring done
[3.384s] -- Generating done
[3.388s] -- Build files have been written to: /home/snake/Emmanuel_Jr_robot/build/costmap_queue
[3.400s] Invoked command in '/home/snake/Emmanuel_Jr_robot/build/costmap_queue' returned '0': AMENT_PREFIX_PATH=/home/snake/Emmanuel_Jr_robot/install/nav2_costmap_2d:/home/snake/Emmanuel_Jr_robot/install/nav2_util:/home/snake/Emmanuel_Jr_robot/install/nav2_voxel_grid:/home/snake/Emmanuel_Jr_robot/install/nav2_msgs:/home/snake/Emmanuel_Jr_robot/install/nav2_common:${AMENT_PREFIX_PATH} CMAKE_PREFIX_PATH=/home/snake/Emmanuel_Jr_robot/install/nav2_costmap_2d:/home/snake/Emmanuel_Jr_robot/install/nav2_util:/home/snake/Emmanuel_Jr_robot/install/nav2_voxel_grid:/home/snake/Emmanuel_Jr_robot/install/nav2_msgs:/home/snake/Emmanuel_Jr_robot/install/nav2_common:/opt/ros/galactic LD_LIBRARY_PATH=/home/snake/Emmanuel_Jr_robot/install/nav2_costmap_2d/lib:/home/snake/Emmanuel_Jr_robot/install/nav2_util/lib:/home/snake/Emmanuel_Jr_robot/install/nav2_voxel_grid/lib:/home/snake/Emmanuel_Jr_robot/install/nav2_msgs/lib:${LD_LIBRARY_PATH} PYTHONPATH=/home/snake/Emmanuel_Jr_robot/install/nav2_msgs/lib/python3.8/site-packages:/home/snake/Emmanuel_Jr_robot/install/nav2_common/lib/python3.8/site-packages:${PYTHONPATH} /usr/bin/cmake /home/snake/Emmanuel_Jr_robot/src/navigation2/nav2_dwb_controller/costmap_queue -DCMAKE_INSTALL_PREFIX=/home/snake/Emmanuel_Jr_robot/install/costmap_queue
[3.401s] Invoking command in '/home/snake/Emmanuel_Jr_robot/build/costmap_queue': AMENT_PREFIX_PATH=/home/snake/Emmanuel_Jr_robot/install/nav2_costmap_2d:/home/snake/Emmanuel_Jr_robot/install/nav2_util:/home/snake/Emmanuel_Jr_robot/install/nav2_voxel_grid:/home/snake/Emmanuel_Jr_robot/install/nav2_msgs:/home/snake/Emmanuel_Jr_robot/install/nav2_common:${AMENT_PREFIX_PATH} CMAKE_PREFIX_PATH=/home/snake/Emmanuel_Jr_robot/install/nav2_costmap_2d:/home/snake/Emmanuel_Jr_robot/install/nav2_util:/home/snake/Emmanuel_Jr_robot/install/nav2_voxel_grid:/home/snake/Emmanuel_Jr_robot/install/nav2_msgs:/home/snake/Emmanuel_Jr_robot/install/nav2_common:/opt/ros/galactic LD_LIBRARY_PATH=/home/snake/Emmanuel_Jr_robot/install/nav2_costmap_2d/lib:/home/snake/Emmanuel_Jr_robot/install/nav2_util/lib:/home/snake/Emmanuel_Jr_robot/install/nav2_voxel_grid/lib:/home/snake/Emmanuel_Jr_robot/install/nav2_msgs/lib:${LD_LIBRARY_PATH} PYTHONPATH=/home/snake/Emmanuel_Jr_robot/install/nav2_msgs/lib/python3.8/site-packages:/home/snake/Emmanuel_Jr_robot/install/nav2_common/lib/python3.8/site-packages:${PYTHONPATH} /usr/bin/cmake --build /home/snake/Emmanuel_Jr_robot/build/costmap_queue -- -j2 -l2
[3.456s] [ 18%] Built target gtest
[3.477s] [ 45%] Built target costmap_queue
[3.500s] [ 63%] Built target gtest_main
[3.534s] [ 72%] [32mBuilding CXX object CMakeFiles/utest.dir/test/utest.cpp.o[0m
[6.902s] [ 81%] [32m[1mLinking CXX executable utest[0m
[7.187s] [ 81%] Built target utest
[7.213s] [ 90%] [32mBuilding CXX object CMakeFiles/mbq_test.dir/test/mbq_test.cpp.o[0m
[8.717s] [100%] [32m[1mLinking CXX executable mbq_test[0m
[8.863s] [100%] Built target mbq_test
[8.878s] Invoked command in '/home/snake/Emmanuel_Jr_robot/build/costmap_queue' returned '0': AMENT_PREFIX_PATH=/home/snake/Emmanuel_Jr_robot/install/nav2_costmap_2d:/home/snake/Emmanuel_Jr_robot/install/nav2_util:/home/snake/Emmanuel_Jr_robot/install/nav2_voxel_grid:/home/snake/Emmanuel_Jr_robot/install/nav2_msgs:/home/snake/Emmanuel_Jr_robot/install/nav2_common:${AMENT_PREFIX_PATH} CMAKE_PREFIX_PATH=/home/snake/Emmanuel_Jr_robot/install/nav2_costmap_2d:/home/snake/Emmanuel_Jr_robot/install/nav2_util:/home/snake/Emmanuel_Jr_robot/install/nav2_voxel_grid:/home/snake/Emmanuel_Jr_robot/install/nav2_msgs:/home/snake/Emmanuel_Jr_robot/install/nav2_common:/opt/ros/galactic LD_LIBRARY_PATH=/home/snake/Emmanuel_Jr_robot/install/nav2_costmap_2d/lib:/home/snake/Emmanuel_Jr_robot/install/nav2_util/lib:/home/snake/Emmanuel_Jr_robot/install/nav2_voxel_grid/lib:/home/snake/Emmanuel_Jr_robot/install/nav2_msgs/lib:${LD_LIBRARY_PATH} PYTHONPATH=/home/snake/Emmanuel_Jr_robot/install/nav2_msgs/lib/python3.8/site-packages:/home/snake/Emmanuel_Jr_robot/install/nav2_common/lib/python3.8/site-packages:${PYTHONPATH} /usr/bin/cmake --build /home/snake/Emmanuel_Jr_robot/build/costmap_queue -- -j2 -l2
[8.906s] Invoking command in '/home/snake/Emmanuel_Jr_robot/build/costmap_queue': AMENT_PREFIX_PATH=/home/snake/Emmanuel_Jr_robot/install/nav2_costmap_2d:/home/snake/Emmanuel_Jr_robot/install/nav2_util:/home/snake/Emmanuel_Jr_robot/install/nav2_voxel_grid:/home/snake/Emmanuel_Jr_robot/install/nav2_msgs:/home/snake/Emmanuel_Jr_robot/install/nav2_common:${AMENT_PREFIX_PATH} CMAKE_PREFIX_PATH=/home/snake/Emmanuel_Jr_robot/install/nav2_costmap_2d:/home/snake/Emmanuel_Jr_robot/install/nav2_util:/home/snake/Emmanuel_Jr_robot/install/nav2_voxel_grid:/home/snake/Emmanuel_Jr_robot/install/nav2_msgs:/home/snake/Emmanuel_Jr_robot/install/nav2_common:/opt/ros/galactic LD_LIBRARY_PATH=/home/snake/Emmanuel_Jr_robot/install/nav2_costmap_2d/lib:/home/snake/Emmanuel_Jr_robot/install/nav2_util/lib:/home/snake/Emmanuel_Jr_robot/install/nav2_voxel_grid/lib:/home/snake/Emmanuel_Jr_robot/install/nav2_msgs/lib:${LD_LIBRARY_PATH} PYTHONPATH=/home/snake/Emmanuel_Jr_robot/install/nav2_msgs/lib/python3.8/site-packages:/home/snake/Emmanuel_Jr_robot/install/nav2_common/lib/python3.8/site-packages:${PYTHONPATH} /usr/bin/cmake --install /home/snake/Emmanuel_Jr_robot/build/costmap_queue
[8.915s] -- Install configuration: "Release"
[8.915s] -- Execute custom install script
[8.916s] -- Up-to-date symlink: /home/snake/Emmanuel_Jr_robot/install/costmap_queue/lib/libcostmap_queue.a
[8.917s] -- Up-to-date symlink: /home/snake/Emmanuel_Jr_robot/install/costmap_queue/include//costmap_queue/costmap_queue.hpp
[8.918s] -- Up-to-date symlink: /home/snake/Emmanuel_Jr_robot/install/costmap_queue/include//costmap_queue/limited_costmap_queue.hpp
[8.919s] -- Up-to-date symlink: /home/snake/Emmanuel_Jr_robot/install/costmap_queue/include//costmap_queue/map_based_queue.hpp
[8.919s] -- Up-to-date symlink: /home/snake/Emmanuel_Jr_robot/install/costmap_queue/share/costmap_queue/environment/library_path.sh
[8.920s] -- Up-to-date symlink: /home/snake/Emmanuel_Jr_robot/install/costmap_queue/share/costmap_queue/environment/library_path.dsv
[8.921s] -- Up-to-date symlink: /home/snake/Emmanuel_Jr_robot/install/costmap_queue/share/ament_index/resource_index/package_run_dependencies/costmap_queue
[8.921s] -- Up-to-date symlink: /home/snake/Emmanuel_Jr_robot/install/costmap_queue/share/ament_index/resource_index/parent_prefix_path/costmap_queue
[8.922s] -- Up-to-date symlink: /home/snake/Emmanuel_Jr_robot/install/costmap_queue/share/costmap_queue/environment/ament_prefix_path.sh
[8.922s] -- Up-to-date symlink: /home/snake/Emmanuel_Jr_robot/install/costmap_queue/share/costmap_queue/environment/ament_prefix_path.dsv
[8.923s] -- Up-to-date symlink: /home/snake/Emmanuel_Jr_robot/install/costmap_queue/share/costmap_queue/environment/path.sh
[8.923s] -- Up-to-date symlink: /home/snake/Emmanuel_Jr_robot/install/costmap_queue/share/costmap_queue/environment/path.dsv
[8.924s] -- Up-to-date symlink: /home/snake/Emmanuel_Jr_robot/install/costmap_queue/share/costmap_queue/local_setup.bash
[8.924s] -- Up-to-date symlink: /home/snake/Emmanuel_Jr_robot/install/costmap_queue/share/costmap_queue/local_setup.sh
[8.925s] -- Up-to-date symlink: /home/snake/Emmanuel_Jr_robot/install/costmap_queue/share/costmap_queue/local_setup.zsh
[8.926s] -- Up-to-date symlink: /home/snake/Emmanuel_Jr_robot/install/costmap_queue/share/costmap_queue/local_setup.dsv
[8.926s] -- Symlinking: /home/snake/Emmanuel_Jr_robot/install/costmap_queue/share/costmap_queue/package.dsv
[8.936s] -- Up-to-date symlink: /home/snake/Emmanuel_Jr_robot/install/costmap_queue/share/ament_index/resource_index/packages/costmap_queue
[8.936s] -- Up-to-date symlink: /home/snake/Emmanuel_Jr_robot/install/costmap_queue/share/costmap_queue/cmake/ament_cmake_export_include_directories-extras.cmake
[8.937s] -- Up-to-date symlink: /home/snake/Emmanuel_Jr_robot/install/costmap_queue/share/costmap_queue/cmake/ament_cmake_export_libraries-extras.cmake
[8.937s] -- Up-to-date symlink: /home/snake/Emmanuel_Jr_robot/install/costmap_queue/share/costmap_queue/cmake/costmap_queueConfig.cmake
[8.938s] -- Up-to-date symlink: /home/snake/Emmanuel_Jr_robot/install/costmap_queue/share/costmap_queue/cmake/costmap_queueConfig-version.cmake
[8.939s] -- Up-to-date symlink: /home/snake/Emmanuel_Jr_robot/install/costmap_queue/share/costmap_queue/package.xml
[8.944s] Invoked command in '/home/snake/Emmanuel_Jr_robot/build/costmap_queue' returned '0': AMENT_PREFIX_PATH=/home/snake/Emmanuel_Jr_robot/install/nav2_costmap_2d:/home/snake/Emmanuel_Jr_robot/install/nav2_util:/home/snake/Emmanuel_Jr_robot/install/nav2_voxel_grid:/home/snake/Emmanuel_Jr_robot/install/nav2_msgs:/home/snake/Emmanuel_Jr_robot/install/nav2_common:${AMENT_PREFIX_PATH} CMAKE_PREFIX_PATH=/home/snake/Emmanuel_Jr_robot/install/nav2_costmap_2d:/home/snake/Emmanuel_Jr_robot/install/nav2_util:/home/snake/Emmanuel_Jr_robot/install/nav2_voxel_grid:/home/snake/Emmanuel_Jr_robot/install/nav2_msgs:/home/snake/Emmanuel_Jr_robot/install/nav2_common:/opt/ros/galactic LD_LIBRARY_PATH=/home/snake/Emmanuel_Jr_robot/install/nav2_costmap_2d/lib:/home/snake/Emmanuel_Jr_robot/install/nav2_util/lib:/home/snake/Emmanuel_Jr_robot/install/nav2_voxel_grid/lib:/home/snake/Emmanuel_Jr_robot/install/nav2_msgs/lib:${LD_LIBRARY_PATH} PYTHONPATH=/home/snake/Emmanuel_Jr_robot/install/nav2_msgs/lib/python3.8/site-packages:/home/snake/Emmanuel_Jr_robot/install/nav2_common/lib/python3.8/site-packages:${PYTHONPATH} /usr/bin/cmake --install /home/snake/Emmanuel_Jr_robot/build/costmap_queue
