[0.021s] Invoking command in '/home/snake/Emmanuel_Jr_robot/build/nav2_rviz_plugins': AMENT_PREFIX_PATH=/home/snake/Emmanuel_Jr_robot/install/nav2_lifecycle_manager:/home/snake/Emmanuel_Jr_robot/install/nav2_util:/home/snake/Emmanuel_Jr_robot/install/nav2_msgs:/home/snake/Emmanuel_Jr_robot/install/nav2_common:${AMENT_PREFIX_PATH} CMAKE_PREFIX_PATH=/home/snake/Emmanuel_Jr_robot/install/nav2_lifecycle_manager:/home/snake/Emmanuel_Jr_robot/install/nav2_util:/home/snake/Emmanuel_Jr_robot/install/nav2_msgs:/home/snake/Emmanuel_Jr_robot/install/nav2_common:/opt/ros/galactic LD_LIBRARY_PATH=/home/snake/Emmanuel_Jr_robot/install/nav2_lifecycle_manager/lib:/home/snake/Emmanuel_Jr_robot/install/nav2_util/lib:/home/snake/Emmanuel_Jr_robot/install/nav2_msgs/lib:${LD_LIBRARY_PATH} PYTHONPATH=/home/snake/Emmanuel_Jr_robot/install/nav2_msgs/lib/python3.8/site-packages:/home/snake/Emmanuel_Jr_robot/install/nav2_common/lib/python3.8/site-packages:${PYTHONPATH} /usr/bin/cmake /home/snake/Emmanuel_Jr_robot/src/navigation2/nav2_rviz_plugins -DCMAKE_INSTALL_PREFIX=/home/snake/Emmanuel_Jr_robot/install/nav2_rviz_plugins
[0.042s] -- Found ament_cmake: 1.1.5 (/opt/ros/galactic/share/ament_cmake/cmake)
[0.068s] -- Using PYTHON_EXECUTABLE: /usr/bin/python3
[0.120s] -- Override CMake install command with custom implementation using symlinks instead of copying resources
[0.128s] -- Found geometry_msgs: 2.2.4 (/opt/ros/galactic/share/geometry_msgs/cmake)
[0.148s] -- Using all available rosidl_typesupport_c: rosidl_typesupport_fastrtps_c;rosidl_typesupport_introspection_c
[0.151s] -- Found rosidl_adapter: 2.2.2 (/opt/ros/galactic/share/rosidl_adapter/cmake)
[0.254s] -- Using all available rosidl_typesupport_cpp: rosidl_typesupport_fastrtps_cpp;rosidl_typesupport_introspection_cpp
[0.336s] -- Found nav2_util: 1.0.12 (/home/snake/Emmanuel_Jr_robot/install/nav2_util/share/nav2_util/cmake)
[0.725s] -- Found rmw_implementation_cmake: 3.3.1 (/opt/ros/galactic/share/rmw_implementation_cmake/cmake)
[0.726s] -- Found rmw_cyclonedds_cpp: 0.22.5 (/opt/ros/galactic/share/rmw_cyclonedds_cpp/cmake)
[0.744s] -- Using RMW implementation 'rmw_cyclonedds_cpp' as default
[1.147s] -- Found eigen3_cmake_module: 0.1.1 (/opt/ros/galactic/share/eigen3_cmake_module/cmake)
[1.309s] -- Found nav2_lifecycle_manager: 1.0.12 (/home/snake/Emmanuel_Jr_robot/install/nav2_lifecycle_manager/share/nav2_lifecycle_manager/cmake)
[1.645s] -- Found pluginlib: 5.0.0 (/opt/ros/galactic/share/pluginlib/cmake)
[1.688s] -- Found rviz_common: 8.5.1 (/opt/ros/galactic/share/rviz_common/cmake)
[1.698s] -- Setting OGRE_DIR to: '/opt/ros/galactic/share/rviz_ogre_vendor/cmake/../../../opt/rviz_ogre_vendor/lib/OGRE/cmake'
[1.702s] -- Found OGRE
[1.702s] --   static     : OFF
[1.702s] --   components : HLMS;MeshLodGenerator;Overlay;Paging;Property;RTShaderSystem;Terrain;Volume
[1.702s] --   plugins    : Plugin_BSPSceneManager;Plugin_OctreeSceneManager;Plugin_PCZSceneManager;Plugin_ParticleFX;RenderSystem_GL;RenderSystem_GL3Plus;Codec_STBI
[1.702s] --   media      : /opt/ros/galactic/opt/rviz_ogre_vendor/share/OGRE/Media
[1.702s] -- OGRE_LIBRARIES: OgreHLMS;OgreMeshLodGenerator;OgreOverlay;OgrePaging;OgreProperty;OgreRTShaderSystem;OgreTerrain;OgreVolume;OgreMain
[1.703s] -- OGRE_LIBRARY_DIRS: /opt/ros/galactic/opt/rviz_ogre_vendor/lib
[1.703s] -- OGRE_PLUGINS: Plugin_BSPSceneManager;Plugin_OctreeSceneManager;Plugin_PCZSceneManager;Plugin_ParticleFX;RenderSystem_GL;RenderSystem_GL3Plus;Codec_STBI
[1.703s] -- OGRE_PLUGIN_DIR: /opt/ros/galactic/opt/rviz_ogre_vendor/lib/OGRE
[1.703s] -- rviz_ogre_vendor::OgreOverlay for IMPORTED_LOCATION_RELEASE: /opt/ros/galactic/opt/rviz_ogre_vendor/lib/libOgreOverlay.so
[1.703s] -- rviz_ogre_vendor::OgreOverlay for IMPORTED_LOCATION_DEBUG: /opt/ros/galactic/opt/rviz_ogre_vendor/lib/libOgreOverlay.so
[1.704s] -- rviz_ogre_vendor::OgreMain for IMPORTED_LOCATION_RELEASE: /opt/ros/galactic/opt/rviz_ogre_vendor/lib/libOgreMain.so
[1.704s] -- rviz_ogre_vendor::OgreMain for IMPORTED_LOCATION_DEBUG: /opt/ros/galactic/opt/rviz_ogre_vendor/lib/libOgreMain.so
[1.745s] -- rviz_ogre_vendor::RenderSystem_GL for IMPORTED_LOCATION_RELEASE: _render_system_gl_static_library_abs-NOTFOUND
[1.745s] -- rviz_ogre_vendor::RenderSystem_GL for IMPORTED_LOCATION_DEBUG: _render_system_gl_static_library_abs-NOTFOUND
[1.751s] -- library: libassimp.so.5
[1.788s] -- library: /usr/lib/x86_64-linux-gnu/libcurl.so
[1.913s] -- Found rviz_default_plugins: 8.5.1 (/opt/ros/galactic/share/rviz_default_plugins/cmake)
[3.138s] -- Found ament_lint_auto: 0.10.7 (/opt/ros/galactic/share/ament_lint_auto/cmake)
[3.207s] -- Added test 'copyright' to check source files copyright and LICENSE
[3.208s] -- Added test 'cppcheck' to perform static code analysis on C / C++ code
[3.209s] -- Configured cppcheck include dirs: /home/snake/Emmanuel_Jr_robot/src/navigation2/nav2_rviz_plugins/include
[3.209s] -- Configured cppcheck exclude dirs and/or files: 
[3.210s] -- Added test 'cpplint' to check C / C++ code against the Google style
[3.210s] -- Configured cpplint exclude dirs and/or files: 
[3.211s] -- Added test 'lint_cmake' to check CMake code style
[3.212s] -- Added test 'uncrustify' to check C / C++ code style
[3.212s] -- Configured uncrustify additional arguments: 
[3.212s] -- Added test 'xmllint' to check XML markup files
[3.221s] -- Configuring done
[3.300s] -- Generating done
[3.303s] -- Build files have been written to: /home/snake/Emmanuel_Jr_robot/build/nav2_rviz_plugins
[3.315s] Invoked command in '/home/snake/Emmanuel_Jr_robot/build/nav2_rviz_plugins' returned '0': AMENT_PREFIX_PATH=/home/snake/Emmanuel_Jr_robot/install/nav2_lifecycle_manager:/home/snake/Emmanuel_Jr_robot/install/nav2_util:/home/snake/Emmanuel_Jr_robot/install/nav2_msgs:/home/snake/Emmanuel_Jr_robot/install/nav2_common:${AMENT_PREFIX_PATH} CMAKE_PREFIX_PATH=/home/snake/Emmanuel_Jr_robot/install/nav2_lifecycle_manager:/home/snake/Emmanuel_Jr_robot/install/nav2_util:/home/snake/Emmanuel_Jr_robot/install/nav2_msgs:/home/snake/Emmanuel_Jr_robot/install/nav2_common:/opt/ros/galactic LD_LIBRARY_PATH=/home/snake/Emmanuel_Jr_robot/install/nav2_lifecycle_manager/lib:/home/snake/Emmanuel_Jr_robot/install/nav2_util/lib:/home/snake/Emmanuel_Jr_robot/install/nav2_msgs/lib:${LD_LIBRARY_PATH} PYTHONPATH=/home/snake/Emmanuel_Jr_robot/install/nav2_msgs/lib/python3.8/site-packages:/home/snake/Emmanuel_Jr_robot/install/nav2_common/lib/python3.8/site-packages:${PYTHONPATH} /usr/bin/cmake /home/snake/Emmanuel_Jr_robot/src/navigation2/nav2_rviz_plugins -DCMAKE_INSTALL_PREFIX=/home/snake/Emmanuel_Jr_robot/install/nav2_rviz_plugins
[3.316s] Invoking command in '/home/snake/Emmanuel_Jr_robot/build/nav2_rviz_plugins': AMENT_PREFIX_PATH=/home/snake/Emmanuel_Jr_robot/install/nav2_lifecycle_manager:/home/snake/Emmanuel_Jr_robot/install/nav2_util:/home/snake/Emmanuel_Jr_robot/install/nav2_msgs:/home/snake/Emmanuel_Jr_robot/install/nav2_common:${AMENT_PREFIX_PATH} CMAKE_PREFIX_PATH=/home/snake/Emmanuel_Jr_robot/install/nav2_lifecycle_manager:/home/snake/Emmanuel_Jr_robot/install/nav2_util:/home/snake/Emmanuel_Jr_robot/install/nav2_msgs:/home/snake/Emmanuel_Jr_robot/install/nav2_common:/opt/ros/galactic LD_LIBRARY_PATH=/home/snake/Emmanuel_Jr_robot/install/nav2_lifecycle_manager/lib:/home/snake/Emmanuel_Jr_robot/install/nav2_util/lib:/home/snake/Emmanuel_Jr_robot/install/nav2_msgs/lib:${LD_LIBRARY_PATH} PYTHONPATH=/home/snake/Emmanuel_Jr_robot/install/nav2_msgs/lib/python3.8/site-packages:/home/snake/Emmanuel_Jr_robot/install/nav2_common/lib/python3.8/site-packages:${PYTHONPATH} /usr/bin/cmake --build /home/snake/Emmanuel_Jr_robot/build/nav2_rviz_plugins -- -j2 -l2
[3.374s] [ 14%] [34m[1mAutomatic MOC for target nav2_rviz_plugins[0m
[3.401s] [ 14%] Built target nav2_rviz_plugins_autogen
[3.482s] [100%] Built target nav2_rviz_plugins
[3.495s] Invoked command in '/home/snake/Emmanuel_Jr_robot/build/nav2_rviz_plugins' returned '0': AMENT_PREFIX_PATH=/home/snake/Emmanuel_Jr_robot/install/nav2_lifecycle_manager:/home/snake/Emmanuel_Jr_robot/install/nav2_util:/home/snake/Emmanuel_Jr_robot/install/nav2_msgs:/home/snake/Emmanuel_Jr_robot/install/nav2_common:${AMENT_PREFIX_PATH} CMAKE_PREFIX_PATH=/home/snake/Emmanuel_Jr_robot/install/nav2_lifecycle_manager:/home/snake/Emmanuel_Jr_robot/install/nav2_util:/home/snake/Emmanuel_Jr_robot/install/nav2_msgs:/home/snake/Emmanuel_Jr_robot/install/nav2_common:/opt/ros/galactic LD_LIBRARY_PATH=/home/snake/Emmanuel_Jr_robot/install/nav2_lifecycle_manager/lib:/home/snake/Emmanuel_Jr_robot/install/nav2_util/lib:/home/snake/Emmanuel_Jr_robot/install/nav2_msgs/lib:${LD_LIBRARY_PATH} PYTHONPATH=/home/snake/Emmanuel_Jr_robot/install/nav2_msgs/lib/python3.8/site-packages:/home/snake/Emmanuel_Jr_robot/install/nav2_common/lib/python3.8/site-packages:${PYTHONPATH} /usr/bin/cmake --build /home/snake/Emmanuel_Jr_robot/build/nav2_rviz_plugins -- -j2 -l2
[3.531s] Invoking command in '/home/snake/Emmanuel_Jr_robot/build/nav2_rviz_plugins': AMENT_PREFIX_PATH=/home/snake/Emmanuel_Jr_robot/install/nav2_lifecycle_manager:/home/snake/Emmanuel_Jr_robot/install/nav2_util:/home/snake/Emmanuel_Jr_robot/install/nav2_msgs:/home/snake/Emmanuel_Jr_robot/install/nav2_common:${AMENT_PREFIX_PATH} CMAKE_PREFIX_PATH=/home/snake/Emmanuel_Jr_robot/install/nav2_lifecycle_manager:/home/snake/Emmanuel_Jr_robot/install/nav2_util:/home/snake/Emmanuel_Jr_robot/install/nav2_msgs:/home/snake/Emmanuel_Jr_robot/install/nav2_common:/opt/ros/galactic LD_LIBRARY_PATH=/home/snake/Emmanuel_Jr_robot/install/nav2_lifecycle_manager/lib:/home/snake/Emmanuel_Jr_robot/install/nav2_util/lib:/home/snake/Emmanuel_Jr_robot/install/nav2_msgs/lib:${LD_LIBRARY_PATH} PYTHONPATH=/home/snake/Emmanuel_Jr_robot/install/nav2_msgs/lib/python3.8/site-packages:/home/snake/Emmanuel_Jr_robot/install/nav2_common/lib/python3.8/site-packages:${PYTHONPATH} /usr/bin/cmake --install /home/snake/Emmanuel_Jr_robot/build/nav2_rviz_plugins
[3.541s] -- Install configuration: ""
[3.542s] -- Execute custom install script
[3.543s] -- Up-to-date symlink: /home/snake/Emmanuel_Jr_robot/install/nav2_rviz_plugins/share/nav2_rviz_plugins//plugins_description.xml
[3.544s] -- Up-to-date symlink: /home/snake/Emmanuel_Jr_robot/install/nav2_rviz_plugins/include//nav2_rviz_plugins/goal_common.hpp
[3.545s] -- Up-to-date symlink: /home/snake/Emmanuel_Jr_robot/install/nav2_rviz_plugins/include//nav2_rviz_plugins/goal_pose_updater.hpp
[3.545s] -- Up-to-date symlink: /home/snake/Emmanuel_Jr_robot/install/nav2_rviz_plugins/include//nav2_rviz_plugins/goal_tool.hpp
[3.546s] -- Up-to-date symlink: /home/snake/Emmanuel_Jr_robot/install/nav2_rviz_plugins/include//nav2_rviz_plugins/nav2_panel.hpp
[3.546s] -- Up-to-date symlink: /home/snake/Emmanuel_Jr_robot/install/nav2_rviz_plugins/include//nav2_rviz_plugins/particle_cloud_display/flat_weighted_arrows_array.hpp
[3.547s] -- Up-to-date symlink: /home/snake/Emmanuel_Jr_robot/install/nav2_rviz_plugins/include//nav2_rviz_plugins/particle_cloud_display/particle_cloud_display.hpp
[3.548s] -- Up-to-date symlink: /home/snake/Emmanuel_Jr_robot/install/nav2_rviz_plugins/include//nav2_rviz_plugins/ros_action_qevent.hpp
[3.548s] -- Up-to-date symlink: /home/snake/Emmanuel_Jr_robot/install/nav2_rviz_plugins/share/nav2_rviz_plugins/environment/library_path.sh
[3.549s] -- Up-to-date symlink: /home/snake/Emmanuel_Jr_robot/install/nav2_rviz_plugins/share/nav2_rviz_plugins/environment/library_path.dsv
[3.550s] -- Up-to-date symlink: /home/snake/Emmanuel_Jr_robot/install/nav2_rviz_plugins/share/ament_index/resource_index/package_run_dependencies/nav2_rviz_plugins
[3.551s] -- Up-to-date symlink: /home/snake/Emmanuel_Jr_robot/install/nav2_rviz_plugins/share/ament_index/resource_index/parent_prefix_path/nav2_rviz_plugins
[3.551s] -- Up-to-date symlink: /home/snake/Emmanuel_Jr_robot/install/nav2_rviz_plugins/share/nav2_rviz_plugins/environment/ament_prefix_path.sh
[3.552s] -- Up-to-date symlink: /home/snake/Emmanuel_Jr_robot/install/nav2_rviz_plugins/share/nav2_rviz_plugins/environment/ament_prefix_path.dsv
[3.553s] -- Up-to-date symlink: /home/snake/Emmanuel_Jr_robot/install/nav2_rviz_plugins/share/nav2_rviz_plugins/environment/path.sh
[3.554s] -- Up-to-date symlink: /home/snake/Emmanuel_Jr_robot/install/nav2_rviz_plugins/share/nav2_rviz_plugins/environment/path.dsv
[3.554s] -- Up-to-date symlink: /home/snake/Emmanuel_Jr_robot/install/nav2_rviz_plugins/share/nav2_rviz_plugins/local_setup.bash
[3.555s] -- Up-to-date symlink: /home/snake/Emmanuel_Jr_robot/install/nav2_rviz_plugins/share/nav2_rviz_plugins/local_setup.sh
[3.556s] -- Up-to-date symlink: /home/snake/Emmanuel_Jr_robot/install/nav2_rviz_plugins/share/nav2_rviz_plugins/local_setup.zsh
[3.556s] -- Up-to-date symlink: /home/snake/Emmanuel_Jr_robot/install/nav2_rviz_plugins/share/nav2_rviz_plugins/local_setup.dsv
[3.557s] -- Symlinking: /home/snake/Emmanuel_Jr_robot/install/nav2_rviz_plugins/share/nav2_rviz_plugins/package.dsv
[3.568s] -- Up-to-date symlink: /home/snake/Emmanuel_Jr_robot/install/nav2_rviz_plugins/share/ament_index/resource_index/packages/nav2_rviz_plugins
[3.568s] -- Up-to-date symlink: /home/snake/Emmanuel_Jr_robot/install/nav2_rviz_plugins/share/ament_index/resource_index/rviz_common__pluginlib__plugin/nav2_rviz_plugins
[3.569s] -- Up-to-date symlink: /home/snake/Emmanuel_Jr_robot/install/nav2_rviz_plugins/share/nav2_rviz_plugins/cmake/ament_cmake_export_include_directories-extras.cmake
[3.569s] -- Up-to-date symlink: /home/snake/Emmanuel_Jr_robot/install/nav2_rviz_plugins/share/nav2_rviz_plugins/cmake/ament_cmake_export_targets-extras.cmake
[3.570s] -- Up-to-date symlink: /home/snake/Emmanuel_Jr_robot/install/nav2_rviz_plugins/share/nav2_rviz_plugins/cmake/ament_cmake_export_dependencies-extras.cmake
[3.570s] -- Up-to-date symlink: /home/snake/Emmanuel_Jr_robot/install/nav2_rviz_plugins/share/nav2_rviz_plugins/cmake/nav2_rviz_pluginsConfig.cmake
[3.571s] -- Up-to-date symlink: /home/snake/Emmanuel_Jr_robot/install/nav2_rviz_plugins/share/nav2_rviz_plugins/cmake/nav2_rviz_pluginsConfig-version.cmake
[3.571s] -- Up-to-date symlink: /home/snake/Emmanuel_Jr_robot/install/nav2_rviz_plugins/share/nav2_rviz_plugins/package.xml
[3.572s] -- Up-to-date: /home/snake/Emmanuel_Jr_robot/install/nav2_rviz_plugins/lib/libnav2_rviz_plugins.so
[3.573s] -- Up-to-date: /home/snake/Emmanuel_Jr_robot/install/nav2_rviz_plugins/share/nav2_rviz_plugins/cmake/nav2_rviz_pluginsExport.cmake
[3.574s] -- Installing: /home/snake/Emmanuel_Jr_robot/install/nav2_rviz_plugins/share/nav2_rviz_plugins/cmake/nav2_rviz_pluginsExport-noconfig.cmake
[3.579s] Invoked command in '/home/snake/Emmanuel_Jr_robot/build/nav2_rviz_plugins' returned '0': AMENT_PREFIX_PATH=/home/snake/Emmanuel_Jr_robot/install/nav2_lifecycle_manager:/home/snake/Emmanuel_Jr_robot/install/nav2_util:/home/snake/Emmanuel_Jr_robot/install/nav2_msgs:/home/snake/Emmanuel_Jr_robot/install/nav2_common:${AMENT_PREFIX_PATH} CMAKE_PREFIX_PATH=/home/snake/Emmanuel_Jr_robot/install/nav2_lifecycle_manager:/home/snake/Emmanuel_Jr_robot/install/nav2_util:/home/snake/Emmanuel_Jr_robot/install/nav2_msgs:/home/snake/Emmanuel_Jr_robot/install/nav2_common:/opt/ros/galactic LD_LIBRARY_PATH=/home/snake/Emmanuel_Jr_robot/install/nav2_lifecycle_manager/lib:/home/snake/Emmanuel_Jr_robot/install/nav2_util/lib:/home/snake/Emmanuel_Jr_robot/install/nav2_msgs/lib:${LD_LIBRARY_PATH} PYTHONPATH=/home/snake/Emmanuel_Jr_robot/install/nav2_msgs/lib/python3.8/site-packages:/home/snake/Emmanuel_Jr_robot/install/nav2_common/lib/python3.8/site-packages:${PYTHONPATH} /usr/bin/cmake --install /home/snake/Emmanuel_Jr_robot/build/nav2_rviz_plugins
