[0.020s] Invoking command in '/home/snake/Emmanuel_Jr_robot/build/nav2_map_server': AMENT_PREFIX_PATH=/home/snake/Emmanuel_Jr_robot/install/nav2_util:/home/snake/Emmanuel_Jr_robot/install/nav2_msgs:/home/snake/Emmanuel_Jr_robot/install/nav2_common:${AMENT_PREFIX_PATH} CMAKE_PREFIX_PATH=/home/snake/Emmanuel_Jr_robot/install/nav2_util:/home/snake/Emmanuel_Jr_robot/install/nav2_msgs:/home/snake/Emmanuel_Jr_robot/install/nav2_common:/opt/ros/galactic LD_LIBRARY_PATH=/home/snake/Emmanuel_Jr_robot/install/nav2_util/lib:/home/snake/Emmanuel_Jr_robot/install/nav2_msgs/lib:${LD_LIBRARY_PATH} PYTHONPATH=/home/snake/Emmanuel_Jr_robot/install/nav2_msgs/lib/python3.8/site-packages:/home/snake/Emmanuel_Jr_robot/install/nav2_common/lib/python3.8/site-packages:${PYTHONPATH} /usr/bin/cmake /home/snake/Emmanuel_Jr_robot/src/navigation2/nav2_map_server -DCMAKE_INSTALL_PREFIX=/home/snake/Emmanuel_Jr_robot/install/nav2_map_server
[0.041s] -- Found ament_cmake: 1.1.5 (/opt/ros/galactic/share/ament_cmake/cmake)
[0.076s] -- Using PYTHON_EXECUTABLE: /usr/bin/python3
[0.150s] -- Override CMake install command with custom implementation using symlinks instead of copying resources
[0.164s] -- Found nav2_common: 1.0.12 (/home/snake/Emmanuel_Jr_robot/install/nav2_common/share/nav2_common/cmake)
[0.164s] -- Found rclcpp: 9.2.1 (/opt/ros/galactic/share/rclcpp/cmake)
[0.208s] -- Using all available rosidl_typesupport_c: rosidl_typesupport_fastrtps_c;rosidl_typesupport_introspection_c
[0.218s] -- Found rosidl_adapter: 2.2.2 (/opt/ros/galactic/share/rosidl_adapter/cmake)
[0.335s] -- Using all available rosidl_typesupport_cpp: rosidl_typesupport_fastrtps_cpp;rosidl_typesupport_introspection_cpp
[0.385s] -- Found rmw_implementation_cmake: 3.3.1 (/opt/ros/galactic/share/rmw_implementation_cmake/cmake)
[0.387s] -- Found rmw_cyclonedds_cpp: 0.22.5 (/opt/ros/galactic/share/rmw_cyclonedds_cpp/cmake)
[0.406s] -- Using RMW implementation 'rmw_cyclonedds_cpp' as default
[0.541s] -- Found rclcpp_lifecycle: 9.2.1 (/opt/ros/galactic/share/rclcpp_lifecycle/cmake)
[0.568s] -- Found nav_msgs: 2.2.4 (/opt/ros/galactic/share/nav_msgs/cmake)
[0.678s] -- Found nav2_msgs: 1.0.12 (/home/snake/Emmanuel_Jr_robot/install/nav2_msgs/share/nav2_msgs/cmake)
[0.940s] -- Found yaml_cpp_vendor: 7.1.1 (/opt/ros/galactic/share/yaml_cpp_vendor/cmake)
[0.942s] -- Found tf2: 0.17.3 (/opt/ros/galactic/share/tf2/cmake)
[0.952s] -- Found nav2_util: 1.0.12 (/home/snake/Emmanuel_Jr_robot/install/nav2_util/share/nav2_util/cmake)
[1.279s] -- Found eigen3_cmake_module: 0.1.1 (/opt/ros/galactic/share/eigen3_cmake_module/cmake)
[2.793s] -- Found ament_lint_auto: 0.10.7 (/opt/ros/galactic/share/ament_lint_auto/cmake)
[2.877s] -- Found gtest sources under '/opt/ros/galactic/src/gtest_vendor': C++ tests using 'Google Test' will be built
[2.886s] -- Found gtest sources under '/opt/ros/galactic/src/gtest_vendor': C++ tests using 'Google Test' will be built
[2.894s] -- Found gtest sources under '/opt/ros/galactic/src/gtest_vendor': C++ tests using 'Google Test' will be built
[2.911s] -- Added test 'cppcheck' to perform static code analysis on C / C++ code
[2.912s] -- Configured cppcheck include dirs: /home/snake/Emmanuel_Jr_robot/src/navigation2/nav2_map_server/include
[2.912s] -- Configured cppcheck exclude dirs and/or files: 
[2.914s] -- Added test 'cpplint' to check C / C++ code against the Google style
[2.914s] -- Configured cpplint exclude dirs and/or files: 
[2.915s] -- Added test 'flake8' to check Python code syntax and style conventions
[2.916s] -- Added test 'lint_cmake' to check CMake code style
[2.916s] -- Added test 'pep257' to check Python code against some of the style conventions in PEP 257
[2.918s] -- Added test 'uncrustify' to check C / C++ code style
[2.918s] -- Configured uncrustify additional arguments: 
[2.919s] -- Added test 'xmllint' to check XML markup files
[2.928s] -- Configuring done
[3.240s] -- Generating done
[3.247s] -- Build files have been written to: /home/snake/Emmanuel_Jr_robot/build/nav2_map_server
[3.260s] Invoked command in '/home/snake/Emmanuel_Jr_robot/build/nav2_map_server' returned '0': AMENT_PREFIX_PATH=/home/snake/Emmanuel_Jr_robot/install/nav2_util:/home/snake/Emmanuel_Jr_robot/install/nav2_msgs:/home/snake/Emmanuel_Jr_robot/install/nav2_common:${AMENT_PREFIX_PATH} CMAKE_PREFIX_PATH=/home/snake/Emmanuel_Jr_robot/install/nav2_util:/home/snake/Emmanuel_Jr_robot/install/nav2_msgs:/home/snake/Emmanuel_Jr_robot/install/nav2_common:/opt/ros/galactic LD_LIBRARY_PATH=/home/snake/Emmanuel_Jr_robot/install/nav2_util/lib:/home/snake/Emmanuel_Jr_robot/install/nav2_msgs/lib:${LD_LIBRARY_PATH} PYTHONPATH=/home/snake/Emmanuel_Jr_robot/install/nav2_msgs/lib/python3.8/site-packages:/home/snake/Emmanuel_Jr_robot/install/nav2_common/lib/python3.8/site-packages:${PYTHONPATH} /usr/bin/cmake /home/snake/Emmanuel_Jr_robot/src/navigation2/nav2_map_server -DCMAKE_INSTALL_PREFIX=/home/snake/Emmanuel_Jr_robot/install/nav2_map_server
[3.261s] Invoking command in '/home/snake/Emmanuel_Jr_robot/build/nav2_map_server': AMENT_PREFIX_PATH=/home/snake/Emmanuel_Jr_robot/install/nav2_util:/home/snake/Emmanuel_Jr_robot/install/nav2_msgs:/home/snake/Emmanuel_Jr_robot/install/nav2_common:${AMENT_PREFIX_PATH} CMAKE_PREFIX_PATH=/home/snake/Emmanuel_Jr_robot/install/nav2_util:/home/snake/Emmanuel_Jr_robot/install/nav2_msgs:/home/snake/Emmanuel_Jr_robot/install/nav2_common:/opt/ros/galactic LD_LIBRARY_PATH=/home/snake/Emmanuel_Jr_robot/install/nav2_util/lib:/home/snake/Emmanuel_Jr_robot/install/nav2_msgs/lib:${LD_LIBRARY_PATH} PYTHONPATH=/home/snake/Emmanuel_Jr_robot/install/nav2_msgs/lib/python3.8/site-packages:/home/snake/Emmanuel_Jr_robot/install/nav2_common/lib/python3.8/site-packages:${PYTHONPATH} /usr/bin/cmake --build /home/snake/Emmanuel_Jr_robot/build/nav2_map_server -- -j2 -l2
[3.340s] [  8%] Built target map_io
[3.368s] [ 13%] Built target gtest
[3.391s] [ 19%] Built target gtest_main
[3.430s] [ 27%] Built target test_map_saver_publisher
[3.472s] [ 38%] Built target map_server_core
[3.506s] [ 41%] [32mBuilding CXX object test/unit/CMakeFiles/test_map_io.dir/test_map_io.cpp.o[0m
[8.493s] [ 44%] [32mBuilding CXX object test/unit/CMakeFiles/test_map_io.dir/__/test_constants.cpp.o[0m
[8.611s] [ 47%] [32m[1mLinking CXX executable test_map_io[0m
[8.860s] [ 47%] Built target test_map_io
[8.890s] [ 50%] [32mBuilding CXX object test/map_saver_cli/CMakeFiles/test_map_saver_cli.dir/test_map_saver_cli.cpp.o[0m
[14.845s] [ 52%] [32mBuilding CXX object test/map_saver_cli/CMakeFiles/test_map_saver_cli.dir/__/test_constants.cpp.o[0m
[14.965s] [ 55%] [32m[1mLinking CXX executable test_map_saver_cli[0m
[15.123s] [ 55%] Built target test_map_saver_cli
[15.157s] [ 61%] Built target map_server
[15.194s] [ 66%] Built target map_saver_cli
[15.231s] [ 72%] Built target map_saver_server
[15.265s] [ 77%] Built target costmap_filter_info_server
[15.303s] [ 80%] [32mBuilding CXX object test/unit/CMakeFiles/test_costmap_filter_info_server.dir/test_costmap_filter_info_server.cpp.o[0m
[25.130s] [ 83%] [32m[1mLinking CXX executable test_costmap_filter_info_server[0m
[25.415s] [ 83%] Built target test_costmap_filter_info_server
[25.451s] [ 86%] [32mBuilding CXX object test/component/CMakeFiles/test_map_saver_node.dir/test_map_saver_node.cpp.o[0m
[30.573s] [ 88%] [32mBuilding CXX object test/component/CMakeFiles/test_map_saver_node.dir/__/test_constants.cpp.o[0m
[30.697s] [ 91%] [32m[1mLinking CXX executable test_map_saver_node[0m
[30.946s] [ 91%] Built target test_map_saver_node
[30.982s] [ 94%] [32mBuilding CXX object test/component/CMakeFiles/test_map_server_node.dir/test_map_server_node.cpp.o[0m
[36.510s] [ 97%] [32mBuilding CXX object test/component/CMakeFiles/test_map_server_node.dir/__/test_constants.cpp.o[0m
[36.627s] [100%] [32m[1mLinking CXX executable test_map_server_node[0m
[36.819s] [100%] Built target test_map_server_node
[36.838s] Invoked command in '/home/snake/Emmanuel_Jr_robot/build/nav2_map_server' returned '0': AMENT_PREFIX_PATH=/home/snake/Emmanuel_Jr_robot/install/nav2_util:/home/snake/Emmanuel_Jr_robot/install/nav2_msgs:/home/snake/Emmanuel_Jr_robot/install/nav2_common:${AMENT_PREFIX_PATH} CMAKE_PREFIX_PATH=/home/snake/Emmanuel_Jr_robot/install/nav2_util:/home/snake/Emmanuel_Jr_robot/install/nav2_msgs:/home/snake/Emmanuel_Jr_robot/install/nav2_common:/opt/ros/galactic LD_LIBRARY_PATH=/home/snake/Emmanuel_Jr_robot/install/nav2_util/lib:/home/snake/Emmanuel_Jr_robot/install/nav2_msgs/lib:${LD_LIBRARY_PATH} PYTHONPATH=/home/snake/Emmanuel_Jr_robot/install/nav2_msgs/lib/python3.8/site-packages:/home/snake/Emmanuel_Jr_robot/install/nav2_common/lib/python3.8/site-packages:${PYTHONPATH} /usr/bin/cmake --build /home/snake/Emmanuel_Jr_robot/build/nav2_map_server -- -j2 -l2
[36.897s] Invoking command in '/home/snake/Emmanuel_Jr_robot/build/nav2_map_server': AMENT_PREFIX_PATH=/home/snake/Emmanuel_Jr_robot/install/nav2_util:/home/snake/Emmanuel_Jr_robot/install/nav2_msgs:/home/snake/Emmanuel_Jr_robot/install/nav2_common:${AMENT_PREFIX_PATH} CMAKE_PREFIX_PATH=/home/snake/Emmanuel_Jr_robot/install/nav2_util:/home/snake/Emmanuel_Jr_robot/install/nav2_msgs:/home/snake/Emmanuel_Jr_robot/install/nav2_common:/opt/ros/galactic LD_LIBRARY_PATH=/home/snake/Emmanuel_Jr_robot/install/nav2_util/lib:/home/snake/Emmanuel_Jr_robot/install/nav2_msgs/lib:${LD_LIBRARY_PATH} PYTHONPATH=/home/snake/Emmanuel_Jr_robot/install/nav2_msgs/lib/python3.8/site-packages:/home/snake/Emmanuel_Jr_robot/install/nav2_common/lib/python3.8/site-packages:${PYTHONPATH} /usr/bin/cmake --install /home/snake/Emmanuel_Jr_robot/build/nav2_map_server
[36.907s] -- Install configuration: "Release"
[36.908s] -- Execute custom install script
[36.909s] -- Up-to-date symlink: /home/snake/Emmanuel_Jr_robot/install/nav2_map_server/lib/libmap_server_core.so
[36.910s] -- Up-to-date symlink: /home/snake/Emmanuel_Jr_robot/install/nav2_map_server/lib/libmap_io.so
[36.911s] -- Up-to-date symlink: /home/snake/Emmanuel_Jr_robot/install/nav2_map_server/lib/nav2_map_server/map_server
[36.911s] -- Up-to-date symlink: /home/snake/Emmanuel_Jr_robot/install/nav2_map_server/lib/nav2_map_server/map_saver_cli
[36.912s] -- Up-to-date symlink: /home/snake/Emmanuel_Jr_robot/install/nav2_map_server/lib/nav2_map_server/map_saver_server
[36.912s] -- Up-to-date symlink: /home/snake/Emmanuel_Jr_robot/install/nav2_map_server/lib/nav2_map_server/costmap_filter_info_server
[36.914s] -- Up-to-date symlink: /home/snake/Emmanuel_Jr_robot/install/nav2_map_server/include//nav2_map_server/costmap_filter_info_server.hpp
[36.915s] -- Up-to-date symlink: /home/snake/Emmanuel_Jr_robot/install/nav2_map_server/include//nav2_map_server/map_io.hpp
[36.915s] -- Up-to-date symlink: /home/snake/Emmanuel_Jr_robot/install/nav2_map_server/include//nav2_map_server/map_mode.hpp
[36.916s] -- Up-to-date symlink: /home/snake/Emmanuel_Jr_robot/install/nav2_map_server/include//nav2_map_server/map_saver.hpp
[36.916s] -- Up-to-date symlink: /home/snake/Emmanuel_Jr_robot/install/nav2_map_server/include//nav2_map_server/map_server.hpp
[36.917s] -- Up-to-date symlink: /home/snake/Emmanuel_Jr_robot/install/nav2_map_server/share/nav2_map_server/launch/map_saver_server.launch.py
[36.919s] -- Up-to-date symlink: /home/snake/Emmanuel_Jr_robot/install/nav2_map_server/share/nav2_map_server/environment/library_path.sh
[36.919s] -- Up-to-date symlink: /home/snake/Emmanuel_Jr_robot/install/nav2_map_server/share/nav2_map_server/environment/library_path.dsv
[36.920s] -- Up-to-date symlink: /home/snake/Emmanuel_Jr_robot/install/nav2_map_server/share/ament_index/resource_index/package_run_dependencies/nav2_map_server
[36.921s] -- Up-to-date symlink: /home/snake/Emmanuel_Jr_robot/install/nav2_map_server/share/ament_index/resource_index/parent_prefix_path/nav2_map_server
[36.923s] -- Up-to-date symlink: /home/snake/Emmanuel_Jr_robot/install/nav2_map_server/share/nav2_map_server/environment/ament_prefix_path.sh
[36.923s] -- Up-to-date symlink: /home/snake/Emmanuel_Jr_robot/install/nav2_map_server/share/nav2_map_server/environment/ament_prefix_path.dsv
[36.924s] -- Up-to-date symlink: /home/snake/Emmanuel_Jr_robot/install/nav2_map_server/share/nav2_map_server/environment/path.sh
[36.924s] -- Up-to-date symlink: /home/snake/Emmanuel_Jr_robot/install/nav2_map_server/share/nav2_map_server/environment/path.dsv
[36.925s] -- Up-to-date symlink: /home/snake/Emmanuel_Jr_robot/install/nav2_map_server/share/nav2_map_server/local_setup.bash
[36.925s] -- Up-to-date symlink: /home/snake/Emmanuel_Jr_robot/install/nav2_map_server/share/nav2_map_server/local_setup.sh
[36.926s] -- Up-to-date symlink: /home/snake/Emmanuel_Jr_robot/install/nav2_map_server/share/nav2_map_server/local_setup.zsh
[36.927s] -- Up-to-date symlink: /home/snake/Emmanuel_Jr_robot/install/nav2_map_server/share/nav2_map_server/local_setup.dsv
[36.927s] -- Symlinking: /home/snake/Emmanuel_Jr_robot/install/nav2_map_server/share/nav2_map_server/package.dsv
[36.940s] -- Up-to-date symlink: /home/snake/Emmanuel_Jr_robot/install/nav2_map_server/share/ament_index/resource_index/packages/nav2_map_server
[36.941s] -- Up-to-date symlink: /home/snake/Emmanuel_Jr_robot/install/nav2_map_server/share/nav2_map_server/cmake/ament_cmake_export_include_directories-extras.cmake
[36.941s] -- Up-to-date symlink: /home/snake/Emmanuel_Jr_robot/install/nav2_map_server/share/nav2_map_server/cmake/ament_cmake_export_libraries-extras.cmake
[36.942s] -- Up-to-date symlink: /home/snake/Emmanuel_Jr_robot/install/nav2_map_server/share/nav2_map_server/cmake/ament_cmake_export_dependencies-extras.cmake
[36.942s] -- Up-to-date symlink: /home/snake/Emmanuel_Jr_robot/install/nav2_map_server/share/nav2_map_server/cmake/nav2_map_serverConfig.cmake
[36.943s] -- Up-to-date symlink: /home/snake/Emmanuel_Jr_robot/install/nav2_map_server/share/nav2_map_server/cmake/nav2_map_serverConfig-version.cmake
[36.943s] -- Up-to-date symlink: /home/snake/Emmanuel_Jr_robot/install/nav2_map_server/share/nav2_map_server/package.xml
[36.946s] Invoked command in '/home/snake/Emmanuel_Jr_robot/build/nav2_map_server' returned '0': AMENT_PREFIX_PATH=/home/snake/Emmanuel_Jr_robot/install/nav2_util:/home/snake/Emmanuel_Jr_robot/install/nav2_msgs:/home/snake/Emmanuel_Jr_robot/install/nav2_common:${AMENT_PREFIX_PATH} CMAKE_PREFIX_PATH=/home/snake/Emmanuel_Jr_robot/install/nav2_util:/home/snake/Emmanuel_Jr_robot/install/nav2_msgs:/home/snake/Emmanuel_Jr_robot/install/nav2_common:/opt/ros/galactic LD_LIBRARY_PATH=/home/snake/Emmanuel_Jr_robot/install/nav2_util/lib:/home/snake/Emmanuel_Jr_robot/install/nav2_msgs/lib:${LD_LIBRARY_PATH} PYTHONPATH=/home/snake/Emmanuel_Jr_robot/install/nav2_msgs/lib/python3.8/site-packages:/home/snake/Emmanuel_Jr_robot/install/nav2_common/lib/python3.8/site-packages:${PYTHONPATH} /usr/bin/cmake --install /home/snake/Emmanuel_Jr_robot/build/nav2_map_server
