running egg_info
writing ../../build/emmanuel/emmanuel.egg-info/PKG-INFO
writing dependency_links to ../../build/emmanuel/emmanuel.egg-info/dependency_links.txt
writing entry points to ../../build/emmanuel/emmanuel.egg-info/entry_points.txt
writing requirements to ../../build/emmanuel/emmanuel.egg-info/requires.txt
writing top-level names to ../../build/emmanuel/emmanuel.egg-info/top_level.txt
reading manifest file '../../build/emmanuel/emmanuel.egg-info/SOURCES.txt'
writing manifest file '../../build/emmanuel/emmanuel.egg-info/SOURCES.txt'
running build
running build_py
copying emmanuel/rplidar.py -> /home/snake/Emmanuel_Jr_robot/build/emmanuel/build/lib/emmanuel
running install
/usr/local/lib/python3.8/dist-packages/setuptools/command/install.py:34: SetuptoolsDeprecationWarning: setup.py install is deprecated. Use build and pip and other standards-based tools.
  warnings.warn(
running install_lib
copying /home/snake/Emmanuel_Jr_robot/build/emmanuel/build/lib/emmanuel/rplidar.py -> /home/snake/Emmanuel_Jr_robot/install/emmanuel/lib/python3.8/site-packages/emmanuel
byte-compiling /home/snake/Emmanuel_Jr_robot/install/emmanuel/lib/python3.8/site-packages/emmanuel/rplidar.py to rplidar.cpython-38.pyc
running install_data
running install_egg_info
removing '/home/snake/Emmanuel_Jr_robot/install/emmanuel/lib/python3.8/site-packages/emmanuel-0.0.0-py3.8.egg-info' (and everything under it)
Copying ../../build/emmanuel/emmanuel.egg-info to /home/snake/Emmanuel_Jr_robot/install/emmanuel/lib/python3.8/site-packages/emmanuel-0.0.0-py3.8.egg-info
running install_scripts
Installing motor_run script to /home/snake/Emmanuel_Jr_robot/install/emmanuel/lib/emmanuel
writing list of installed files to '/home/snake/Emmanuel_Jr_robot/build/emmanuel/install.log'
