[2.102s] Invoking command in '/home/snake/Emmanuel_Jr_robot/src/emmanuel': PYTHONPATH=/home/snake/Emmanuel_Jr_robot/install/emmanuel/lib/python3.8/site-packages:${PYTHONPATH} /usr/bin/python3 setup.py egg_info --egg-base ../../build/emmanuel build --build-base /home/snake/Emmanuel_Jr_robot/build/emmanuel/build install --prefix /home/snake/Emmanuel_Jr_robot/install/emmanuel --record /home/snake/Emmanuel_Jr_robot/build/emmanuel/install.log --single-version-externally-managed
[3.038s] running egg_info
[3.102s] writing ../../build/emmanuel/emmanuel.egg-info/PKG-INFO
[3.156s] writing dependency_links to ../../build/emmanuel/emmanuel.egg-info/dependency_links.txt
[3.311s] writing entry points to ../../build/emmanuel/emmanuel.egg-info/entry_points.txt
[3.423s] writing requirements to ../../build/emmanuel/emmanuel.egg-info/requires.txt
[3.473s] writing top-level names to ../../build/emmanuel/emmanuel.egg-info/top_level.txt
[3.577s] reading manifest file '../../build/emmanuel/emmanuel.egg-info/SOURCES.txt'
[3.579s] writing manifest file '../../build/emmanuel/emmanuel.egg-info/SOURCES.txt'
[3.579s] running build
[3.579s] running build_py
[3.579s] copying emmanuel/rplidar.py -> /home/snake/Emmanuel_Jr_robot/build/emmanuel/build/lib/emmanuel
[3.580s] running install
[3.580s] /usr/local/lib/python3.8/dist-packages/setuptools/command/install.py:34: SetuptoolsDeprecationWarning: setup.py install is deprecated. Use build and pip and other standards-based tools.
[3.581s]   warnings.warn(
[3.585s] running install_lib
[3.654s] copying /home/snake/Emmanuel_Jr_robot/build/emmanuel/build/lib/emmanuel/rplidar.py -> /home/snake/Emmanuel_Jr_robot/install/emmanuel/lib/python3.8/site-packages/emmanuel
[3.655s] byte-compiling /home/snake/Emmanuel_Jr_robot/install/emmanuel/lib/python3.8/site-packages/emmanuel/rplidar.py to rplidar.cpython-38.pyc
[3.655s] running install_data
[3.668s] running install_egg_info
[3.730s] removing '/home/snake/Emmanuel_Jr_robot/install/emmanuel/lib/python3.8/site-packages/emmanuel-0.0.0-py3.8.egg-info' (and everything under it)
[3.731s] Copying ../../build/emmanuel/emmanuel.egg-info to /home/snake/Emmanuel_Jr_robot/install/emmanuel/lib/python3.8/site-packages/emmanuel-0.0.0-py3.8.egg-info
[3.732s] running install_scripts
[3.844s] Installing motor_run script to /home/snake/Emmanuel_Jr_robot/install/emmanuel/lib/emmanuel
[3.844s] writing list of installed files to '/home/snake/Emmanuel_Jr_robot/build/emmanuel/install.log'
[3.878s] Invoked command in '/home/snake/Emmanuel_Jr_robot/src/emmanuel' returned '0': PYTHONPATH=/home/snake/Emmanuel_Jr_robot/install/emmanuel/lib/python3.8/site-packages:${PYTHONPATH} /usr/bin/python3 setup.py egg_info --egg-base ../../build/emmanuel build --build-base /home/snake/Emmanuel_Jr_robot/build/emmanuel/build install --prefix /home/snake/Emmanuel_Jr_robot/install/emmanuel --record /home/snake/Emmanuel_Jr_robot/build/emmanuel/install.log --single-version-externally-managed
