[0.028s] Invoking command in '/home/snake/Emmanuel_Jr_robot/build/nav_2d_utils': AMENT_PREFIX_PATH=/home/snake/Emmanuel_Jr_robot/install/nav2_util:/home/snake/Emmanuel_Jr_robot/install/nav2_msgs:/home/snake/Emmanuel_Jr_robot/install/nav_2d_msgs:/home/snake/Emmanuel_Jr_robot/install/nav2_common:${AMENT_PREFIX_PATH} CMAKE_PREFIX_PATH=/home/snake/Emmanuel_Jr_robot/install/nav2_util:/home/snake/Emmanuel_Jr_robot/install/nav2_msgs:/home/snake/Emmanuel_Jr_robot/install/nav_2d_msgs:/home/snake/Emmanuel_Jr_robot/install/nav2_common:/opt/ros/galactic LD_LIBRARY_PATH=/home/snake/Emmanuel_Jr_robot/install/nav2_util/lib:/home/snake/Emmanuel_Jr_robot/install/nav2_msgs/lib:/home/snake/Emmanuel_Jr_robot/install/nav_2d_msgs/lib:${LD_LIBRARY_PATH} PYTHONPATH=/home/snake/Emmanuel_Jr_robot/install/nav2_msgs/lib/python3.8/site-packages:/home/snake/Emmanuel_Jr_robot/install/nav_2d_msgs/lib/python3.8/site-packages:/home/snake/Emmanuel_Jr_robot/install/nav2_common/lib/python3.8/site-packages:${PYTHONPATH} /usr/bin/cmake /home/snake/Emmanuel_Jr_robot/src/navigation2/nav2_dwb_controller/nav_2d_utils -DCMAKE_INSTALL_PREFIX=/home/snake/Emmanuel_Jr_robot/install/nav_2d_utils
[0.067s] -- Found ament_cmake: 1.1.5 (/opt/ros/galactic/share/ament_cmake/cmake)
[0.139s] -- Using PYTHON_EXECUTABLE: /usr/bin/python3
[0.218s] -- Override CMake install command with custom implementation using symlinks instead of copying resources
[0.244s] -- Found nav2_common: 1.0.12 (/home/snake/Emmanuel_Jr_robot/install/nav2_common/share/nav2_common/cmake)
[0.246s] -- Found geometry_msgs: 2.2.4 (/opt/ros/galactic/share/geometry_msgs/cmake)
[0.279s] -- Using all available rosidl_typesupport_c: rosidl_typesupport_fastrtps_c;rosidl_typesupport_introspection_c
[0.284s] -- Found rosidl_adapter: 2.2.2 (/opt/ros/galactic/share/rosidl_adapter/cmake)
[0.418s] -- Using all available rosidl_typesupport_cpp: rosidl_typesupport_fastrtps_cpp;rosidl_typesupport_introspection_cpp
[0.507s] -- Found nav_2d_msgs: 1.0.12 (/home/snake/Emmanuel_Jr_robot/install/nav_2d_msgs/share/nav_2d_msgs/cmake)
[0.641s] -- Found nav_msgs: 2.2.4 (/opt/ros/galactic/share/nav_msgs/cmake)
[0.708s] -- Found rclcpp: 9.2.1 (/opt/ros/galactic/share/rclcpp/cmake)
[0.749s] -- Found rmw_implementation_cmake: 3.3.1 (/opt/ros/galactic/share/rmw_implementation_cmake/cmake)
[0.750s] -- Found rmw_cyclonedds_cpp: 0.22.5 (/opt/ros/galactic/share/rmw_cyclonedds_cpp/cmake)
[0.768s] -- Using RMW implementation 'rmw_cyclonedds_cpp' as default
[0.888s] -- Found tf2: 0.17.3 (/opt/ros/galactic/share/tf2/cmake)
[0.899s] -- Found tf2_geometry_msgs: 0.17.3 (/opt/ros/galactic/share/tf2_geometry_msgs/cmake)
[0.905s] -- Found eigen3_cmake_module: 0.1.1 (/opt/ros/galactic/share/eigen3_cmake_module/cmake)
[1.265s] -- Found nav2_msgs: 1.0.12 (/home/snake/Emmanuel_Jr_robot/install/nav2_msgs/share/nav2_msgs/cmake)
[1.463s] -- Found nav2_util: 1.0.12 (/home/snake/Emmanuel_Jr_robot/install/nav2_util/share/nav2_util/cmake)
[2.180s] -- Found ament_lint_auto: 0.10.7 (/opt/ros/galactic/share/ament_lint_auto/cmake)
[2.263s] -- Found gtest sources under '/opt/ros/galactic/src/gtest_vendor': C++ tests using 'Google Test' will be built
[2.280s] -- Added test 'cppcheck' to perform static code analysis on C / C++ code
[2.280s] -- Configured cppcheck include dirs: /home/snake/Emmanuel_Jr_robot/src/navigation2/nav2_dwb_controller/nav_2d_utils/include
[2.280s] -- Configured cppcheck exclude dirs and/or files: 
[2.281s] -- Added test 'cpplint' to check C / C++ code against the Google style
[2.281s] -- Configured cpplint exclude dirs and/or files: 
[2.282s] -- Added test 'lint_cmake' to check CMake code style
[2.283s] -- Added test 'uncrustify' to check C / C++ code style
[2.283s] -- Configured uncrustify additional arguments: 
[2.284s] -- Added test 'xmllint' to check XML markup files
[2.292s] -- Configuring done
[2.439s] -- Generating done
[2.442s] -- Build files have been written to: /home/snake/Emmanuel_Jr_robot/build/nav_2d_utils
[2.456s] Invoked command in '/home/snake/Emmanuel_Jr_robot/build/nav_2d_utils' returned '0': AMENT_PREFIX_PATH=/home/snake/Emmanuel_Jr_robot/install/nav2_util:/home/snake/Emmanuel_Jr_robot/install/nav2_msgs:/home/snake/Emmanuel_Jr_robot/install/nav_2d_msgs:/home/snake/Emmanuel_Jr_robot/install/nav2_common:${AMENT_PREFIX_PATH} CMAKE_PREFIX_PATH=/home/snake/Emmanuel_Jr_robot/install/nav2_util:/home/snake/Emmanuel_Jr_robot/install/nav2_msgs:/home/snake/Emmanuel_Jr_robot/install/nav_2d_msgs:/home/snake/Emmanuel_Jr_robot/install/nav2_common:/opt/ros/galactic LD_LIBRARY_PATH=/home/snake/Emmanuel_Jr_robot/install/nav2_util/lib:/home/snake/Emmanuel_Jr_robot/install/nav2_msgs/lib:/home/snake/Emmanuel_Jr_robot/install/nav_2d_msgs/lib:${LD_LIBRARY_PATH} PYTHONPATH=/home/snake/Emmanuel_Jr_robot/install/nav2_msgs/lib/python3.8/site-packages:/home/snake/Emmanuel_Jr_robot/install/nav_2d_msgs/lib/python3.8/site-packages:/home/snake/Emmanuel_Jr_robot/install/nav2_common/lib/python3.8/site-packages:${PYTHONPATH} /usr/bin/cmake /home/snake/Emmanuel_Jr_robot/src/navigation2/nav2_dwb_controller/nav_2d_utils -DCMAKE_INSTALL_PREFIX=/home/snake/Emmanuel_Jr_robot/install/nav_2d_utils
[2.456s] Invoking command in '/home/snake/Emmanuel_Jr_robot/build/nav_2d_utils': AMENT_PREFIX_PATH=/home/snake/Emmanuel_Jr_robot/install/nav2_util:/home/snake/Emmanuel_Jr_robot/install/nav2_msgs:/home/snake/Emmanuel_Jr_robot/install/nav_2d_msgs:/home/snake/Emmanuel_Jr_robot/install/nav2_common:${AMENT_PREFIX_PATH} CMAKE_PREFIX_PATH=/home/snake/Emmanuel_Jr_robot/install/nav2_util:/home/snake/Emmanuel_Jr_robot/install/nav2_msgs:/home/snake/Emmanuel_Jr_robot/install/nav_2d_msgs:/home/snake/Emmanuel_Jr_robot/install/nav2_common:/opt/ros/galactic LD_LIBRARY_PATH=/home/snake/Emmanuel_Jr_robot/install/nav2_util/lib:/home/snake/Emmanuel_Jr_robot/install/nav2_msgs/lib:/home/snake/Emmanuel_Jr_robot/install/nav_2d_msgs/lib:${LD_LIBRARY_PATH} PYTHONPATH=/home/snake/Emmanuel_Jr_robot/install/nav2_msgs/lib/python3.8/site-packages:/home/snake/Emmanuel_Jr_robot/install/nav_2d_msgs/lib/python3.8/site-packages:/home/snake/Emmanuel_Jr_robot/install/nav2_common/lib/python3.8/site-packages:${PYTHONPATH} /usr/bin/cmake --build /home/snake/Emmanuel_Jr_robot/build/nav_2d_utils -- -j2 -l2
[2.540s] [ 12%] Built target conversions
[2.555s] [ 25%] Built target path_ops
[2.576s] [ 37%] Built target gtest
[2.612s] [ 50%] Built target gtest_main
[2.642s] [ 56%] [32mBuilding CXX object test/CMakeFiles/path_ops_tests.dir/path_ops_test.cpp.o[0m
[2.643s] [ 68%] Built target tf_help
[2.740s] [ 75%] [32mBuilding CXX object test/CMakeFiles/2d_utils_tests.dir/2d_utils_test.cpp.o[0m
[4.775s] [ 81%] [32m[1mLinking CXX executable path_ops_tests[0m
[5.044s] [ 81%] Built target path_ops_tests
[5.076s] [ 87%] [32mBuilding CXX object test/CMakeFiles/tf_help_tests.dir/tf_help_test.cpp.o[0m
[8.772s] [ 93%] [32m[1mLinking CXX executable 2d_utils_tests[0m
[9.050s] [ 93%] Built target 2d_utils_tests
[10.180s] [100%] [32m[1mLinking CXX executable tf_help_tests[0m
[10.363s] [100%] Built target tf_help_tests
[10.383s] Invoked command in '/home/snake/Emmanuel_Jr_robot/build/nav_2d_utils' returned '0': AMENT_PREFIX_PATH=/home/snake/Emmanuel_Jr_robot/install/nav2_util:/home/snake/Emmanuel_Jr_robot/install/nav2_msgs:/home/snake/Emmanuel_Jr_robot/install/nav_2d_msgs:/home/snake/Emmanuel_Jr_robot/install/nav2_common:${AMENT_PREFIX_PATH} CMAKE_PREFIX_PATH=/home/snake/Emmanuel_Jr_robot/install/nav2_util:/home/snake/Emmanuel_Jr_robot/install/nav2_msgs:/home/snake/Emmanuel_Jr_robot/install/nav_2d_msgs:/home/snake/Emmanuel_Jr_robot/install/nav2_common:/opt/ros/galactic LD_LIBRARY_PATH=/home/snake/Emmanuel_Jr_robot/install/nav2_util/lib:/home/snake/Emmanuel_Jr_robot/install/nav2_msgs/lib:/home/snake/Emmanuel_Jr_robot/install/nav_2d_msgs/lib:${LD_LIBRARY_PATH} PYTHONPATH=/home/snake/Emmanuel_Jr_robot/install/nav2_msgs/lib/python3.8/site-packages:/home/snake/Emmanuel_Jr_robot/install/nav_2d_msgs/lib/python3.8/site-packages:/home/snake/Emmanuel_Jr_robot/install/nav2_common/lib/python3.8/site-packages:${PYTHONPATH} /usr/bin/cmake --build /home/snake/Emmanuel_Jr_robot/build/nav_2d_utils -- -j2 -l2
[10.418s] Invoking command in '/home/snake/Emmanuel_Jr_robot/build/nav_2d_utils': AMENT_PREFIX_PATH=/home/snake/Emmanuel_Jr_robot/install/nav2_util:/home/snake/Emmanuel_Jr_robot/install/nav2_msgs:/home/snake/Emmanuel_Jr_robot/install/nav_2d_msgs:/home/snake/Emmanuel_Jr_robot/install/nav2_common:${AMENT_PREFIX_PATH} CMAKE_PREFIX_PATH=/home/snake/Emmanuel_Jr_robot/install/nav2_util:/home/snake/Emmanuel_Jr_robot/install/nav2_msgs:/home/snake/Emmanuel_Jr_robot/install/nav_2d_msgs:/home/snake/Emmanuel_Jr_robot/install/nav2_common:/opt/ros/galactic LD_LIBRARY_PATH=/home/snake/Emmanuel_Jr_robot/install/nav2_util/lib:/home/snake/Emmanuel_Jr_robot/install/nav2_msgs/lib:/home/snake/Emmanuel_Jr_robot/install/nav_2d_msgs/lib:${LD_LIBRARY_PATH} PYTHONPATH=/home/snake/Emmanuel_Jr_robot/install/nav2_msgs/lib/python3.8/site-packages:/home/snake/Emmanuel_Jr_robot/install/nav_2d_msgs/lib/python3.8/site-packages:/home/snake/Emmanuel_Jr_robot/install/nav2_common/lib/python3.8/site-packages:${PYTHONPATH} /usr/bin/cmake --install /home/snake/Emmanuel_Jr_robot/build/nav_2d_utils
[10.427s] -- Install configuration: "Release"
[10.428s] -- Execute custom install script
[10.429s] -- Up-to-date symlink: /home/snake/Emmanuel_Jr_robot/install/nav_2d_utils/lib/libconversions.so
[10.430s] -- Up-to-date symlink: /home/snake/Emmanuel_Jr_robot/install/nav_2d_utils/lib/libpath_ops.so
[10.431s] -- Up-to-date symlink: /home/snake/Emmanuel_Jr_robot/install/nav_2d_utils/lib/libtf_help.so
[10.432s] -- Up-to-date symlink: /home/snake/Emmanuel_Jr_robot/install/nav_2d_utils/include//nav_2d_utils/conversions.hpp
[10.433s] -- Up-to-date symlink: /home/snake/Emmanuel_Jr_robot/install/nav_2d_utils/include//nav_2d_utils/odom_subscriber.hpp
[10.434s] -- Up-to-date symlink: /home/snake/Emmanuel_Jr_robot/install/nav_2d_utils/include//nav_2d_utils/parameters.hpp
[10.434s] -- Up-to-date symlink: /home/snake/Emmanuel_Jr_robot/install/nav_2d_utils/include//nav_2d_utils/path_ops.hpp
[10.435s] -- Up-to-date symlink: /home/snake/Emmanuel_Jr_robot/install/nav_2d_utils/include//nav_2d_utils/tf_help.hpp
[10.436s] -- Up-to-date symlink: /home/snake/Emmanuel_Jr_robot/install/nav_2d_utils/share/nav_2d_utils/environment/library_path.sh
[10.436s] -- Up-to-date symlink: /home/snake/Emmanuel_Jr_robot/install/nav_2d_utils/share/nav_2d_utils/environment/library_path.dsv
[10.438s] -- Up-to-date symlink: /home/snake/Emmanuel_Jr_robot/install/nav_2d_utils/share/ament_index/resource_index/package_run_dependencies/nav_2d_utils
[10.439s] -- Up-to-date symlink: /home/snake/Emmanuel_Jr_robot/install/nav_2d_utils/share/ament_index/resource_index/parent_prefix_path/nav_2d_utils
[10.440s] -- Up-to-date symlink: /home/snake/Emmanuel_Jr_robot/install/nav_2d_utils/share/nav_2d_utils/environment/ament_prefix_path.sh
[10.440s] -- Up-to-date symlink: /home/snake/Emmanuel_Jr_robot/install/nav_2d_utils/share/nav_2d_utils/environment/ament_prefix_path.dsv
[10.441s] -- Up-to-date symlink: /home/snake/Emmanuel_Jr_robot/install/nav_2d_utils/share/nav_2d_utils/environment/path.sh
[10.442s] -- Up-to-date symlink: /home/snake/Emmanuel_Jr_robot/install/nav_2d_utils/share/nav_2d_utils/environment/path.dsv
[10.442s] -- Up-to-date symlink: /home/snake/Emmanuel_Jr_robot/install/nav_2d_utils/share/nav_2d_utils/local_setup.bash
[10.443s] -- Up-to-date symlink: /home/snake/Emmanuel_Jr_robot/install/nav_2d_utils/share/nav_2d_utils/local_setup.sh
[10.443s] -- Up-to-date symlink: /home/snake/Emmanuel_Jr_robot/install/nav_2d_utils/share/nav_2d_utils/local_setup.zsh
[10.444s] -- Up-to-date symlink: /home/snake/Emmanuel_Jr_robot/install/nav_2d_utils/share/nav_2d_utils/local_setup.dsv
[10.445s] -- Symlinking: /home/snake/Emmanuel_Jr_robot/install/nav_2d_utils/share/nav_2d_utils/package.dsv
[10.455s] -- Up-to-date symlink: /home/snake/Emmanuel_Jr_robot/install/nav_2d_utils/share/ament_index/resource_index/packages/nav_2d_utils
[10.456s] -- Up-to-date symlink: /home/snake/Emmanuel_Jr_robot/install/nav_2d_utils/share/nav_2d_utils/cmake/ament_cmake_export_include_directories-extras.cmake
[10.456s] -- Up-to-date symlink: /home/snake/Emmanuel_Jr_robot/install/nav_2d_utils/share/nav_2d_utils/cmake/ament_cmake_export_libraries-extras.cmake
[10.457s] -- Up-to-date symlink: /home/snake/Emmanuel_Jr_robot/install/nav_2d_utils/share/nav_2d_utils/cmake/ament_cmake_export_dependencies-extras.cmake
[10.457s] -- Up-to-date symlink: /home/snake/Emmanuel_Jr_robot/install/nav_2d_utils/share/nav_2d_utils/cmake/nav_2d_utilsConfig.cmake
[10.458s] -- Up-to-date symlink: /home/snake/Emmanuel_Jr_robot/install/nav_2d_utils/share/nav_2d_utils/cmake/nav_2d_utilsConfig-version.cmake
[10.460s] -- Up-to-date symlink: /home/snake/Emmanuel_Jr_robot/install/nav_2d_utils/share/nav_2d_utils/package.xml
[10.462s] Invoked command in '/home/snake/Emmanuel_Jr_robot/build/nav_2d_utils' returned '0': AMENT_PREFIX_PATH=/home/snake/Emmanuel_Jr_robot/install/nav2_util:/home/snake/Emmanuel_Jr_robot/install/nav2_msgs:/home/snake/Emmanuel_Jr_robot/install/nav_2d_msgs:/home/snake/Emmanuel_Jr_robot/install/nav2_common:${AMENT_PREFIX_PATH} CMAKE_PREFIX_PATH=/home/snake/Emmanuel_Jr_robot/install/nav2_util:/home/snake/Emmanuel_Jr_robot/install/nav2_msgs:/home/snake/Emmanuel_Jr_robot/install/nav_2d_msgs:/home/snake/Emmanuel_Jr_robot/install/nav2_common:/opt/ros/galactic LD_LIBRARY_PATH=/home/snake/Emmanuel_Jr_robot/install/nav2_util/lib:/home/snake/Emmanuel_Jr_robot/install/nav2_msgs/lib:/home/snake/Emmanuel_Jr_robot/install/nav_2d_msgs/lib:${LD_LIBRARY_PATH} PYTHONPATH=/home/snake/Emmanuel_Jr_robot/install/nav2_msgs/lib/python3.8/site-packages:/home/snake/Emmanuel_Jr_robot/install/nav_2d_msgs/lib/python3.8/site-packages:/home/snake/Emmanuel_Jr_robot/install/nav2_common/lib/python3.8/site-packages:${PYTHONPATH} /usr/bin/cmake --install /home/snake/Emmanuel_Jr_robot/build/nav_2d_utils
