[0.029s] Invoking command in '/home/rex/Emmanuel_Jr_robot/build/linorobot2_description': CMAKE_PREFIX_PATH=${CMAKE_PREFIX_PATH}:/home/rex/Emmanuel_Jr_robot/install/nav2_simple_commander:/home/rex/Emmanuel_Jr_robot/install/nav2_gazebo_spawner:/home/rex/Emmanuel_Jr_robot/install/emmanuelJr:/home/rex/Emmanuel_Jr_robot/install/emmanuel:/opt/ros/galactic /usr/bin/cmake --build /home/rex/Emmanuel_Jr_robot/build/linorobot2_description -- -j2 -l2
[0.080s] Invoked command in '/home/rex/Emmanuel_Jr_robot/build/linorobot2_description' returned '0': CMAKE_PREFIX_PATH=${CMAKE_PREFIX_PATH}:/home/rex/Emmanuel_Jr_robot/install/nav2_simple_commander:/home/rex/Emmanuel_Jr_robot/install/nav2_gazebo_spawner:/home/rex/Emmanuel_Jr_robot/install/emmanuelJr:/home/rex/Emmanuel_Jr_robot/install/emmanuel:/opt/ros/galactic /usr/bin/cmake --build /home/rex/Emmanuel_Jr_robot/build/linorobot2_description -- -j2 -l2
[0.122s] Invoking command in '/home/rex/Emmanuel_Jr_robot/build/linorobot2_description': CMAKE_PREFIX_PATH=${CMAKE_PREFIX_PATH}:/home/rex/Emmanuel_Jr_robot/install/nav2_simple_commander:/home/rex/Emmanuel_Jr_robot/install/nav2_gazebo_spawner:/home/rex/Emmanuel_Jr_robot/install/emmanuelJr:/home/rex/Emmanuel_Jr_robot/install/emmanuel:/opt/ros/galactic /usr/bin/cmake --install /home/rex/Emmanuel_Jr_robot/build/linorobot2_description
[0.132s] -- Install configuration: ""
[0.132s] -- Up-to-date: /home/rex/Emmanuel_Jr_robot/install/linorobot2_description/share/linorobot2_description/launch
[0.132s] -- Up-to-date: /home/rex/Emmanuel_Jr_robot/install/linorobot2_description/share/linorobot2_description/launch/description.launch.py
[0.133s] -- Up-to-date: /home/rex/Emmanuel_Jr_robot/install/linorobot2_description/share/linorobot2_description/urdf
[0.133s] -- Up-to-date: /home/rex/Emmanuel_Jr_robot/install/linorobot2_description/share/linorobot2_description/urdf/robots
[0.133s] -- Up-to-date: /home/rex/Emmanuel_Jr_robot/install/linorobot2_description/share/linorobot2_description/urdf/robots/square.urdf.xacro
[0.133s] -- Up-to-date: /home/rex/Emmanuel_Jr_robot/install/linorobot2_description/share/linorobot2_description/urdf/robots/2wd.urdf.xacro
[0.133s] -- Up-to-date: /home/rex/Emmanuel_Jr_robot/install/linorobot2_description/share/linorobot2_description/urdf/robots/mecanum.urdf.xacro
[0.133s] -- Up-to-date: /home/rex/Emmanuel_Jr_robot/install/linorobot2_description/share/linorobot2_description/urdf/robots/4wd.urdf.xacro
[0.134s] -- Up-to-date: /home/rex/Emmanuel_Jr_robot/install/linorobot2_description/share/linorobot2_description/urdf/mech
[0.134s] -- Up-to-date: /home/rex/Emmanuel_Jr_robot/install/linorobot2_description/share/linorobot2_description/urdf/mech/wheel.urdf.xacro
[0.134s] -- Up-to-date: /home/rex/Emmanuel_Jr_robot/install/linorobot2_description/share/linorobot2_description/urdf/mech/caster_wheel.urdf.xacro
[0.134s] -- Up-to-date: /home/rex/Emmanuel_Jr_robot/install/linorobot2_description/share/linorobot2_description/urdf/mech/base.urdf.xacro
[0.134s] -- Up-to-date: /home/rex/Emmanuel_Jr_robot/install/linorobot2_description/share/linorobot2_description/urdf/mech/mecanum_wheel.urdf.xacro
[0.134s] -- Up-to-date: /home/rex/Emmanuel_Jr_robot/install/linorobot2_description/share/linorobot2_description/urdf/controllers
[0.135s] -- Up-to-date: /home/rex/Emmanuel_Jr_robot/install/linorobot2_description/share/linorobot2_description/urdf/controllers/omni_drive.urdf.xacro
[0.135s] -- Up-to-date: /home/rex/Emmanuel_Jr_robot/install/linorobot2_description/share/linorobot2_description/urdf/controllers/diff_drive.urdf.xacro
[0.135s] -- Up-to-date: /home/rex/Emmanuel_Jr_robot/install/linorobot2_description/share/linorobot2_description/urdf/controllers/skid_steer.urdf.xacro
[0.135s] -- Up-to-date: /home/rex/Emmanuel_Jr_robot/install/linorobot2_description/share/linorobot2_description/urdf/mecanum_properties.urdf.xacro
[0.135s] -- Up-to-date: /home/rex/Emmanuel_Jr_robot/install/linorobot2_description/share/linorobot2_description/urdf/2wd_properties.urdf.xacro
[0.135s] -- Up-to-date: /home/rex/Emmanuel_Jr_robot/install/linorobot2_description/share/linorobot2_description/urdf/4wd_properties.urdf.xacro
[0.135s] -- Up-to-date: /home/rex/Emmanuel_Jr_robot/install/linorobot2_description/share/linorobot2_description/urdf/sensors
[0.136s] -- Up-to-date: /home/rex/Emmanuel_Jr_robot/install/linorobot2_description/share/linorobot2_description/urdf/sensors/imu.urdf.xacro
[0.136s] -- Up-to-date: /home/rex/Emmanuel_Jr_robot/install/linorobot2_description/share/linorobot2_description/urdf/sensors/laser.urdf.xacro
[0.136s] -- Up-to-date: /home/rex/Emmanuel_Jr_robot/install/linorobot2_description/share/linorobot2_description/urdf/sensors/depth_sensor.urdf.xacro
[0.136s] -- Up-to-date: /home/rex/Emmanuel_Jr_robot/install/linorobot2_description/share/linorobot2_description/urdf/sensors/generic_laser.urdf.xacro
[0.136s] -- Up-to-date: /home/rex/Emmanuel_Jr_robot/install/linorobot2_description/share/linorobot2_description/rviz
[0.136s] -- Up-to-date: /home/rex/Emmanuel_Jr_robot/install/linorobot2_description/share/linorobot2_description/rviz/description.rviz
[0.136s] -- Up-to-date: /home/rex/Emmanuel_Jr_robot/install/linorobot2_description/share/ament_index/resource_index/package_run_dependencies/linorobot2_description
[0.137s] -- Up-to-date: /home/rex/Emmanuel_Jr_robot/install/linorobot2_description/share/ament_index/resource_index/parent_prefix_path/linorobot2_description
[0.137s] -- Up-to-date: /home/rex/Emmanuel_Jr_robot/install/linorobot2_description/share/linorobot2_description/environment/ament_prefix_path.sh
[0.137s] -- Up-to-date: /home/rex/Emmanuel_Jr_robot/install/linorobot2_description/share/linorobot2_description/environment/ament_prefix_path.dsv
[0.140s] -- Up-to-date: /home/rex/Emmanuel_Jr_robot/install/linorobot2_description/share/linorobot2_description/environment/path.sh
[0.140s] -- Up-to-date: /home/rex/Emmanuel_Jr_robot/install/linorobot2_description/share/linorobot2_description/environment/path.dsv
[0.140s] -- Up-to-date: /home/rex/Emmanuel_Jr_robot/install/linorobot2_description/share/linorobot2_description/local_setup.bash
[0.140s] -- Up-to-date: /home/rex/Emmanuel_Jr_robot/install/linorobot2_description/share/linorobot2_description/local_setup.sh
[0.141s] -- Up-to-date: /home/rex/Emmanuel_Jr_robot/install/linorobot2_description/share/linorobot2_description/local_setup.zsh
[0.141s] -- Up-to-date: /home/rex/Emmanuel_Jr_robot/install/linorobot2_description/share/linorobot2_description/local_setup.dsv
[0.141s] -- Up-to-date: /home/rex/Emmanuel_Jr_robot/install/linorobot2_description/share/linorobot2_description/package.dsv
[0.141s] -- Up-to-date: /home/rex/Emmanuel_Jr_robot/install/linorobot2_description/share/ament_index/resource_index/packages/linorobot2_description
[0.142s] -- Up-to-date: /home/rex/Emmanuel_Jr_robot/install/linorobot2_description/share/linorobot2_description/cmake/linorobot2_descriptionConfig.cmake
[0.142s] -- Up-to-date: /home/rex/Emmanuel_Jr_robot/install/linorobot2_description/share/linorobot2_description/cmake/linorobot2_descriptionConfig-version.cmake
[0.142s] -- Up-to-date: /home/rex/Emmanuel_Jr_robot/install/linorobot2_description/share/linorobot2_description/package.xml
[0.143s] Invoked command in '/home/rex/Emmanuel_Jr_robot/build/linorobot2_description' returned '0': CMAKE_PREFIX_PATH=${CMAKE_PREFIX_PATH}:/home/rex/Emmanuel_Jr_robot/install/nav2_simple_commander:/home/rex/Emmanuel_Jr_robot/install/nav2_gazebo_spawner:/home/rex/Emmanuel_Jr_robot/install/emmanuelJr:/home/rex/Emmanuel_Jr_robot/install/emmanuel:/opt/ros/galactic /usr/bin/cmake --install /home/rex/Emmanuel_Jr_robot/build/linorobot2_description
