/usr/local/lib/python3.8/dist-packages/setuptools/dist.py:772: UserWarning: Usage of dash-separated 'script-dir' will not be supported in future versions. Please use the underscore name 'script_dir' instead
  warnings.warn(
/usr/local/lib/python3.8/dist-packages/setuptools/dist.py:772: UserWarning: Usage of dash-separated 'install-scripts' will not be supported in future versions. Please use the underscore name 'install_scripts' instead
  warnings.warn(
running develop
/usr/local/lib/python3.8/dist-packages/setuptools/command/easy_install.py:144: EasyInstallDeprecationWarning: easy_install command is deprecated. Use build and pip and other standards-based tools.
  warnings.warn(
/usr/local/lib/python3.8/dist-packages/setuptools/command/install.py:34: SetuptoolsDeprecationWarning: setup.py install is deprecated. Use build and pip and other standards-based tools.
  warnings.warn(
/usr/local/lib/python3.8/dist-packages/pkg_resources/__init__.py:123: PkgResourcesDeprecationWarning: 0.23ubuntu1 is an invalid version and will not be supported in a future release
  warnings.warn(
/usr/local/lib/python3.8/dist-packages/pkg_resources/__init__.py:123: PkgResourcesDeprecationWarning: 0.1.36ubuntu1 is an invalid version and will not be supported in a future release
  warnings.warn(
Removing /home/snake/Emmanuel_Jr_robot/install/nav2_gazebo_spawner/lib/python3.8/site-packages/nav2-gazebo-spawner.egg-link (link to .)
/usr/local/lib/python3.8/dist-packages/setuptools/dist.py:772: UserWarning: Usage of dash-separated 'script-dir' will not be supported in future versions. Please use the underscore name 'script_dir' instead
  warnings.warn(
/usr/local/lib/python3.8/dist-packages/setuptools/dist.py:772: UserWarning: Usage of dash-separated 'install-scripts' will not be supported in future versions. Please use the underscore name 'install_scripts' instead
  warnings.warn(
running egg_info
writing ../../../../build/nav2_gazebo_spawner/nav2_gazebo_spawner.egg-info/PKG-INFO
writing dependency_links to ../../../../build/nav2_gazebo_spawner/nav2_gazebo_spawner.egg-info/dependency_links.txt
writing entry points to ../../../../build/nav2_gazebo_spawner/nav2_gazebo_spawner.egg-info/entry_points.txt
writing requirements to ../../../../build/nav2_gazebo_spawner/nav2_gazebo_spawner.egg-info/requires.txt
writing top-level names to ../../../../build/nav2_gazebo_spawner/nav2_gazebo_spawner.egg-info/top_level.txt
reading manifest file '../../../../build/nav2_gazebo_spawner/nav2_gazebo_spawner.egg-info/SOURCES.txt'
writing manifest file '../../../../build/nav2_gazebo_spawner/nav2_gazebo_spawner.egg-info/SOURCES.txt'
running build
running build_py
creating /home/snake/Emmanuel_Jr_robot/build/nav2_gazebo_spawner/build
creating /home/snake/Emmanuel_Jr_robot/build/nav2_gazebo_spawner/build/lib
creating /home/snake/Emmanuel_Jr_robot/build/nav2_gazebo_spawner/build/lib/nav2_gazebo_spawner
copying nav2_gazebo_spawner/nav2_gazebo_spawner.py -> /home/snake/Emmanuel_Jr_robot/build/nav2_gazebo_spawner/build/lib/nav2_gazebo_spawner
copying nav2_gazebo_spawner/__init__.py -> /home/snake/Emmanuel_Jr_robot/build/nav2_gazebo_spawner/build/lib/nav2_gazebo_spawner
running install
/usr/local/lib/python3.8/dist-packages/setuptools/command/install.py:34: SetuptoolsDeprecationWarning: setup.py install is deprecated. Use build and pip and other standards-based tools.
  warnings.warn(
running install_lib
creating /home/snake/Emmanuel_Jr_robot/install/nav2_gazebo_spawner/lib/python3.8/site-packages/nav2_gazebo_spawner
copying /home/snake/Emmanuel_Jr_robot/build/nav2_gazebo_spawner/build/lib/nav2_gazebo_spawner/nav2_gazebo_spawner.py -> /home/snake/Emmanuel_Jr_robot/install/nav2_gazebo_spawner/lib/python3.8/site-packages/nav2_gazebo_spawner
copying /home/snake/Emmanuel_Jr_robot/build/nav2_gazebo_spawner/build/lib/nav2_gazebo_spawner/__init__.py -> /home/snake/Emmanuel_Jr_robot/install/nav2_gazebo_spawner/lib/python3.8/site-packages/nav2_gazebo_spawner
byte-compiling /home/snake/Emmanuel_Jr_robot/install/nav2_gazebo_spawner/lib/python3.8/site-packages/nav2_gazebo_spawner/nav2_gazebo_spawner.py to nav2_gazebo_spawner.cpython-38.pyc
byte-compiling /home/snake/Emmanuel_Jr_robot/install/nav2_gazebo_spawner/lib/python3.8/site-packages/nav2_gazebo_spawner/__init__.py to __init__.cpython-38.pyc
running install_data
running install_egg_info
Copying ../../../../build/nav2_gazebo_spawner/nav2_gazebo_spawner.egg-info to /home/snake/Emmanuel_Jr_robot/install/nav2_gazebo_spawner/lib/python3.8/site-packages/nav2_gazebo_spawner-0.3.0-py3.8.egg-info
running install_scripts
Installing nav2_gazebo_spawner script to /home/snake/Emmanuel_Jr_robot/install/nav2_gazebo_spawner/lib/nav2_gazebo_spawner
writing list of installed files to '/home/snake/Emmanuel_Jr_robot/build/nav2_gazebo_spawner/install.log'
