[2.939s] Invoking command in '/home/snake/Emmanuel_Jr_robot/build/nav2_gazebo_spawner': PYTHONPATH=/home/snake/Emmanuel_Jr_robot/install/nav2_gazebo_spawner/lib/python3.8/site-packages:${PYTHONPATH} /usr/bin/python3 setup.py develop --prefix /home/snake/Emmanuel_Jr_robot/install/nav2_gazebo_spawner --uninstall --editable --build-directory /home/snake/Emmanuel_Jr_robot/build/nav2_gazebo_spawner/build
[3.339s] /usr/local/lib/python3.8/dist-packages/setuptools/dist.py:772: UserWarning: Usage of dash-separated 'script-dir' will not be supported in future versions. Please use the underscore name 'script_dir' instead
[3.339s]   warnings.warn(
[3.339s] /usr/local/lib/python3.8/dist-packages/setuptools/dist.py:772: UserWarning: Usage of dash-separated 'install-scripts' will not be supported in future versions. Please use the underscore name 'install_scripts' instead
[3.339s]   warnings.warn(
[4.236s] running develop
[4.237s] /usr/local/lib/python3.8/dist-packages/setuptools/command/easy_install.py:144: EasyInstallDeprecationWarning: easy_install command is deprecated. Use build and pip and other standards-based tools.
[4.237s]   warnings.warn(
[4.437s] /usr/local/lib/python3.8/dist-packages/setuptools/command/install.py:34: SetuptoolsDeprecationWarning: setup.py install is deprecated. Use build and pip and other standards-based tools.
[4.437s]   warnings.warn(
[4.782s] /usr/local/lib/python3.8/dist-packages/pkg_resources/__init__.py:123: PkgResourcesDeprecationWarning: 0.23ubuntu1 is an invalid version and will not be supported in a future release
[4.782s]   warnings.warn(
[4.785s] /usr/local/lib/python3.8/dist-packages/pkg_resources/__init__.py:123: PkgResourcesDeprecationWarning: 0.1.36ubuntu1 is an invalid version and will not be supported in a future release
[4.785s]   warnings.warn(
[4.896s] Removing /home/snake/Emmanuel_Jr_robot/install/nav2_gazebo_spawner/lib/python3.8/site-packages/nav2-gazebo-spawner.egg-link (link to .)
[4.956s] Invoked command in '/home/snake/Emmanuel_Jr_robot/build/nav2_gazebo_spawner' returned '0': PYTHONPATH=/home/snake/Emmanuel_Jr_robot/install/nav2_gazebo_spawner/lib/python3.8/site-packages:${PYTHONPATH} /usr/bin/python3 setup.py develop --prefix /home/snake/Emmanuel_Jr_robot/install/nav2_gazebo_spawner --uninstall --editable --build-directory /home/snake/Emmanuel_Jr_robot/build/nav2_gazebo_spawner/build
[4.958s] Invoking command in '/home/snake/Emmanuel_Jr_robot/src/navigation2/nav2_bringup/nav2_gazebo_spawner': PYTHONPATH=/home/snake/Emmanuel_Jr_robot/install/nav2_gazebo_spawner/lib/python3.8/site-packages:${PYTHONPATH} /usr/bin/python3 setup.py egg_info --egg-base ../../../../build/nav2_gazebo_spawner build --build-base /home/snake/Emmanuel_Jr_robot/build/nav2_gazebo_spawner/build install --prefix /home/snake/Emmanuel_Jr_robot/install/nav2_gazebo_spawner --record /home/snake/Emmanuel_Jr_robot/build/nav2_gazebo_spawner/install.log --single-version-externally-managed
[5.474s] /usr/local/lib/python3.8/dist-packages/setuptools/dist.py:772: UserWarning: Usage of dash-separated 'script-dir' will not be supported in future versions. Please use the underscore name 'script_dir' instead
[5.474s]   warnings.warn(
[5.481s] /usr/local/lib/python3.8/dist-packages/setuptools/dist.py:772: UserWarning: Usage of dash-separated 'install-scripts' will not be supported in future versions. Please use the underscore name 'install_scripts' instead
[5.481s]   warnings.warn(
[6.557s] running egg_info
[6.649s] writing ../../../../build/nav2_gazebo_spawner/nav2_gazebo_spawner.egg-info/PKG-INFO
[6.752s] writing dependency_links to ../../../../build/nav2_gazebo_spawner/nav2_gazebo_spawner.egg-info/dependency_links.txt
[7.028s] writing entry points to ../../../../build/nav2_gazebo_spawner/nav2_gazebo_spawner.egg-info/entry_points.txt
[7.162s] writing requirements to ../../../../build/nav2_gazebo_spawner/nav2_gazebo_spawner.egg-info/requires.txt
[7.245s] writing top-level names to ../../../../build/nav2_gazebo_spawner/nav2_gazebo_spawner.egg-info/top_level.txt
[7.371s] reading manifest file '../../../../build/nav2_gazebo_spawner/nav2_gazebo_spawner.egg-info/SOURCES.txt'
[7.372s] writing manifest file '../../../../build/nav2_gazebo_spawner/nav2_gazebo_spawner.egg-info/SOURCES.txt'
[7.372s] running build
[7.372s] running build_py
[7.373s] creating /home/snake/Emmanuel_Jr_robot/build/nav2_gazebo_spawner/build
[7.373s] creating /home/snake/Emmanuel_Jr_robot/build/nav2_gazebo_spawner/build/lib
[7.373s] creating /home/snake/Emmanuel_Jr_robot/build/nav2_gazebo_spawner/build/lib/nav2_gazebo_spawner
[7.373s] copying nav2_gazebo_spawner/nav2_gazebo_spawner.py -> /home/snake/Emmanuel_Jr_robot/build/nav2_gazebo_spawner/build/lib/nav2_gazebo_spawner
[7.374s] copying nav2_gazebo_spawner/__init__.py -> /home/snake/Emmanuel_Jr_robot/build/nav2_gazebo_spawner/build/lib/nav2_gazebo_spawner
[7.374s] running install
[7.375s] /usr/local/lib/python3.8/dist-packages/setuptools/command/install.py:34: SetuptoolsDeprecationWarning: setup.py install is deprecated. Use build and pip and other standards-based tools.
[7.375s]   warnings.warn(
[7.380s] running install_lib
[7.444s] creating /home/snake/Emmanuel_Jr_robot/install/nav2_gazebo_spawner/lib/python3.8/site-packages/nav2_gazebo_spawner
[7.445s] copying /home/snake/Emmanuel_Jr_robot/build/nav2_gazebo_spawner/build/lib/nav2_gazebo_spawner/nav2_gazebo_spawner.py -> /home/snake/Emmanuel_Jr_robot/install/nav2_gazebo_spawner/lib/python3.8/site-packages/nav2_gazebo_spawner
[7.445s] copying /home/snake/Emmanuel_Jr_robot/build/nav2_gazebo_spawner/build/lib/nav2_gazebo_spawner/__init__.py -> /home/snake/Emmanuel_Jr_robot/install/nav2_gazebo_spawner/lib/python3.8/site-packages/nav2_gazebo_spawner
[7.445s] byte-compiling /home/snake/Emmanuel_Jr_robot/install/nav2_gazebo_spawner/lib/python3.8/site-packages/nav2_gazebo_spawner/nav2_gazebo_spawner.py to nav2_gazebo_spawner.cpython-38.pyc
[7.446s] byte-compiling /home/snake/Emmanuel_Jr_robot/install/nav2_gazebo_spawner/lib/python3.8/site-packages/nav2_gazebo_spawner/__init__.py to __init__.cpython-38.pyc
[7.446s] running install_data
[7.473s] running install_egg_info
[7.626s] Copying ../../../../build/nav2_gazebo_spawner/nav2_gazebo_spawner.egg-info to /home/snake/Emmanuel_Jr_robot/install/nav2_gazebo_spawner/lib/python3.8/site-packages/nav2_gazebo_spawner-0.3.0-py3.8.egg-info
[7.629s] running install_scripts
[7.811s] Installing nav2_gazebo_spawner script to /home/snake/Emmanuel_Jr_robot/install/nav2_gazebo_spawner/lib/nav2_gazebo_spawner
[7.812s] writing list of installed files to '/home/snake/Emmanuel_Jr_robot/build/nav2_gazebo_spawner/install.log'
[7.903s] Invoked command in '/home/snake/Emmanuel_Jr_robot/src/navigation2/nav2_bringup/nav2_gazebo_spawner' returned '0': PYTHONPATH=/home/snake/Emmanuel_Jr_robot/install/nav2_gazebo_spawner/lib/python3.8/site-packages:${PYTHONPATH} /usr/bin/python3 setup.py egg_info --egg-base ../../../../build/nav2_gazebo_spawner build --build-base /home/snake/Emmanuel_Jr_robot/build/nav2_gazebo_spawner/build install --prefix /home/snake/Emmanuel_Jr_robot/install/nav2_gazebo_spawner --record /home/snake/Emmanuel_Jr_robot/build/nav2_gazebo_spawner/install.log --single-version-externally-managed
