-- The C compiler identification is GNU 9.4.0
-- The CXX compiler identification is GNU 9.4.0
-- Check for working C compiler: /usr/bin/cc
-- Check for working C compiler: /usr/bin/cc -- works
-- Detecting C compiler ABI info
-- Detecting C compiler ABI info - done
-- Detecting C compile features
-- Detecting C compile features - done
-- Check for working CXX compiler: /usr/bin/c++
-- Check for working CXX compiler: /usr/bin/c++ -- works
-- Detecting CXX compiler ABI info
-- Detecting CXX compiler ABI info - done
-- Detecting CXX compile features
-- Detecting CXX compile features - done
-- Found ament_cmake: 1.1.5 (/opt/ros/galactic/share/ament_cmake/cmake)
-- Found PythonInterp: /usr/bin/python3 (found suitable version "3.8.10", minimum required is "3") 
-- Using PYTHON_EXECUTABLE: /usr/bin/python3
-- Found rclcpp: 9.2.1 (/opt/ros/galactic/share/rclcpp/cmake)
-- Using all available rosidl_typesupport_c: rosidl_typesupport_fastrtps_c;rosidl_typesupport_introspection_c
-- Found rosidl_adapter: 2.2.2 (/opt/ros/galactic/share/rosidl_adapter/cmake)
-- Found OpenSSL: /usr/lib/x86_64-linux-gnu/libcrypto.so (found version "1.1.1f")  
-- Found FastRTPS: /opt/ros/galactic/include  
-- Using all available rosidl_typesupport_cpp: rosidl_typesupport_fastrtps_cpp;rosidl_typesupport_introspection_cpp
-- Found rmw_implementation_cmake: 3.3.1 (/opt/ros/galactic/share/rmw_implementation_cmake/cmake)
-- Found rmw_cyclonedds_cpp: 0.22.5 (/opt/ros/galactic/share/rmw_cyclonedds_cpp/cmake)
-- Using RMW implementation 'rmw_cyclonedds_cpp' as default
-- Looking for pthread.h
-- Looking for pthread.h - found
-- Performing Test CMAKE_HAVE_LIBC_PTHREAD
-- Performing Test CMAKE_HAVE_LIBC_PTHREAD - Failed
-- Looking for pthread_create in pthreads
-- Looking for pthread_create in pthreads - not found
-- Looking for pthread_create in pthread
-- Looking for pthread_create in pthread - found
-- Found Threads: TRUE  
-- Found sensor_msgs: 2.2.4 (/opt/ros/galactic/share/sensor_msgs/cmake)
-- Configuring done
-- Generating done
-- Build files have been written to: /home/rex/Emmanuel_Jr_robot/build/mpu9250driver
[35m[1mScanning dependencies of target linux_i2c_communicator[0m
[ 16%] [32mBuilding CXX object lib/i2c/CMakeFiles/linux_i2c_communicator.dir/src/LinuxI2cCommunicator.cpp.o[0m
[35m[1mScanning dependencies of target mpu9250sensor[0m
[ 33%] [32mBuilding CXX object lib/mpu9250sensor/CMakeFiles/mpu9250sensor.dir/src/mpu9250sensor.cpp.o[0m
[ 50%] [32m[1mLinking CXX static library liblinux_i2c_communicator.a[0m
[ 50%] Built target linux_i2c_communicator
[ 66%] [32m[1mLinking CXX static library libmpu9250sensor.a[0m
[ 66%] Built target mpu9250sensor
[35m[1mScanning dependencies of target mpu9250driver[0m
[ 83%] [32mBuilding CXX object CMakeFiles/mpu9250driver.dir/src/mpu9250driver.cpp.o[0m
[100%] [32m[1mLinking CXX executable mpu9250driver[0m
[100%] Built target mpu9250driver
-- Install configuration: ""
-- Installing: /home/rex/Emmanuel_Jr_robot/install/mpu9250driver/lib/mpu9250driver/mpu9250driver
-- Set runtime path of "/home/rex/Emmanuel_Jr_robot/install/mpu9250driver/lib/mpu9250driver/mpu9250driver" to ""
-- Installing: /home/rex/Emmanuel_Jr_robot/install/mpu9250driver/share/mpu9250driver//launch
-- Installing: /home/rex/Emmanuel_Jr_robot/install/mpu9250driver/share/mpu9250driver//launch/mpu9250driver_launch.py
-- Installing: /home/rex/Emmanuel_Jr_robot/install/mpu9250driver/share/mpu9250driver//params
-- Installing: /home/rex/Emmanuel_Jr_robot/install/mpu9250driver/share/mpu9250driver//params/mpu9250.yaml
-- Installing: /home/rex/Emmanuel_Jr_robot/install/mpu9250driver/share/ament_index/resource_index/package_run_dependencies/mpu9250driver
-- Installing: /home/rex/Emmanuel_Jr_robot/install/mpu9250driver/share/ament_index/resource_index/parent_prefix_path/mpu9250driver
-- Installing: /home/rex/Emmanuel_Jr_robot/install/mpu9250driver/share/mpu9250driver/environment/ament_prefix_path.sh
-- Installing: /home/rex/Emmanuel_Jr_robot/install/mpu9250driver/share/mpu9250driver/environment/ament_prefix_path.dsv
-- Installing: /home/rex/Emmanuel_Jr_robot/install/mpu9250driver/share/mpu9250driver/environment/path.sh
-- Installing: /home/rex/Emmanuel_Jr_robot/install/mpu9250driver/share/mpu9250driver/environment/path.dsv
-- Installing: /home/rex/Emmanuel_Jr_robot/install/mpu9250driver/share/mpu9250driver/local_setup.bash
-- Installing: /home/rex/Emmanuel_Jr_robot/install/mpu9250driver/share/mpu9250driver/local_setup.sh
-- Installing: /home/rex/Emmanuel_Jr_robot/install/mpu9250driver/share/mpu9250driver/local_setup.zsh
-- Installing: /home/rex/Emmanuel_Jr_robot/install/mpu9250driver/share/mpu9250driver/local_setup.dsv
-- Installing: /home/rex/Emmanuel_Jr_robot/install/mpu9250driver/share/mpu9250driver/package.dsv
-- Installing: /home/rex/Emmanuel_Jr_robot/install/mpu9250driver/share/ament_index/resource_index/packages/mpu9250driver
-- Installing: /home/rex/Emmanuel_Jr_robot/install/mpu9250driver/share/mpu9250driver/cmake/mpu9250driverConfig.cmake
-- Installing: /home/rex/Emmanuel_Jr_robot/install/mpu9250driver/share/mpu9250driver/cmake/mpu9250driverConfig-version.cmake
-- Installing: /home/rex/Emmanuel_Jr_robot/install/mpu9250driver/share/mpu9250driver/package.xml
