[0.019s] Invoking command in '/home/rex/Emmanuel_Jr_robot/build/mpu9250driver': CMAKE_PREFIX_PATH=${CMAKE_PREFIX_PATH}:/home/rex/Emmanuel_Jr_robot/install/nav2_simple_commander:/home/rex/Emmanuel_Jr_robot/install/nav2_gazebo_spawner:/home/rex/Emmanuel_Jr_robot/install/emmanuelJr:/home/rex/Emmanuel_Jr_robot/install/emmanuel:/opt/ros/galactic /usr/bin/cmake /home/rex/Emmanuel_Jr_robot/src/ros2_mpu9250_driver -DCMAKE_INSTALL_PREFIX=/home/rex/Emmanuel_Jr_robot/install/mpu9250driver
[0.101s] -- The C compiler identification is GNU 9.4.0
[0.164s] -- The CXX compiler identification is GNU 9.4.0
[0.170s] -- Check for working C compiler: /usr/bin/cc
[0.263s] -- Check for working C compiler: /usr/bin/cc -- works
[0.263s] -- Detecting C compiler ABI info
[0.343s] -- Detecting C compiler ABI info - done
[0.355s] -- Detecting C compile features
[0.356s] -- Detecting C compile features - done
[0.359s] -- Check for working CXX compiler: /usr/bin/c++
[0.476s] -- Check for working CXX compiler: /usr/bin/c++ -- works
[0.476s] -- Detecting CXX compiler ABI info
[0.571s] -- Detecting CXX compiler ABI info - done
[0.579s] -- Detecting CXX compile features
[0.580s] -- Detecting CXX compile features - done
[0.584s] -- Found ament_cmake: 1.1.5 (/opt/ros/galactic/share/ament_cmake/cmake)
[0.616s] -- Found PythonInterp: /usr/bin/python3 (found suitable version "3.8.10", minimum required is "3") 
[0.616s] -- Using PYTHON_EXECUTABLE: /usr/bin/python3
[0.708s] -- Found rclcpp: 9.2.1 (/opt/ros/galactic/share/rclcpp/cmake)
[0.767s] -- Using all available rosidl_typesupport_c: rosidl_typesupport_fastrtps_c;rosidl_typesupport_introspection_c
[0.776s] -- Found rosidl_adapter: 2.2.2 (/opt/ros/galactic/share/rosidl_adapter/cmake)
[0.890s] -- Found OpenSSL: /usr/lib/x86_64-linux-gnu/libcrypto.so (found version "1.1.1f")  
[0.925s] -- Found FastRTPS: /opt/ros/galactic/include  
[1.013s] -- Using all available rosidl_typesupport_cpp: rosidl_typesupport_fastrtps_cpp;rosidl_typesupport_introspection_cpp
[1.081s] -- Found rmw_implementation_cmake: 3.3.1 (/opt/ros/galactic/share/rmw_implementation_cmake/cmake)
[1.085s] -- Found rmw_cyclonedds_cpp: 0.22.5 (/opt/ros/galactic/share/rmw_cyclonedds_cpp/cmake)
[1.110s] -- Using RMW implementation 'rmw_cyclonedds_cpp' as default
[1.111s] -- Looking for pthread.h
[1.202s] -- Looking for pthread.h - found
[1.203s] -- Performing Test CMAKE_HAVE_LIBC_PTHREAD
[1.284s] -- Performing Test CMAKE_HAVE_LIBC_PTHREAD - Failed
[1.285s] -- Looking for pthread_create in pthreads
[1.368s] -- Looking for pthread_create in pthreads - not found
[1.369s] -- Looking for pthread_create in pthread
[1.453s] -- Looking for pthread_create in pthread - found
[1.455s] -- Found Threads: TRUE  
[1.626s] -- Found sensor_msgs: 2.2.4 (/opt/ros/galactic/share/sensor_msgs/cmake)
[1.808s] -- Configuring done
[1.821s] -- Generating done
[1.823s] -- Build files have been written to: /home/rex/Emmanuel_Jr_robot/build/mpu9250driver
[1.832s] Invoked command in '/home/rex/Emmanuel_Jr_robot/build/mpu9250driver' returned '0': CMAKE_PREFIX_PATH=${CMAKE_PREFIX_PATH}:/home/rex/Emmanuel_Jr_robot/install/nav2_simple_commander:/home/rex/Emmanuel_Jr_robot/install/nav2_gazebo_spawner:/home/rex/Emmanuel_Jr_robot/install/emmanuelJr:/home/rex/Emmanuel_Jr_robot/install/emmanuel:/opt/ros/galactic /usr/bin/cmake /home/rex/Emmanuel_Jr_robot/src/ros2_mpu9250_driver -DCMAKE_INSTALL_PREFIX=/home/rex/Emmanuel_Jr_robot/install/mpu9250driver
[1.834s] Invoking command in '/home/rex/Emmanuel_Jr_robot/build/mpu9250driver': CMAKE_PREFIX_PATH=${CMAKE_PREFIX_PATH}:/home/rex/Emmanuel_Jr_robot/install/nav2_simple_commander:/home/rex/Emmanuel_Jr_robot/install/nav2_gazebo_spawner:/home/rex/Emmanuel_Jr_robot/install/emmanuelJr:/home/rex/Emmanuel_Jr_robot/install/emmanuel:/opt/ros/galactic /usr/bin/cmake --build /home/rex/Emmanuel_Jr_robot/build/mpu9250driver -- -j2 -l2
[1.887s] [35m[1mScanning dependencies of target linux_i2c_communicator[0m
[1.902s] [ 16%] [32mBuilding CXX object lib/i2c/CMakeFiles/linux_i2c_communicator.dir/src/LinuxI2cCommunicator.cpp.o[0m
[1.902s] [35m[1mScanning dependencies of target mpu9250sensor[0m
[1.955s] [ 33%] [32mBuilding CXX object lib/mpu9250sensor/CMakeFiles/mpu9250sensor.dir/src/mpu9250sensor.cpp.o[0m
[2.391s] [ 50%] [32m[1mLinking CXX static library liblinux_i2c_communicator.a[0m
[2.507s] [ 50%] Built target linux_i2c_communicator
[3.074s] [ 66%] [32m[1mLinking CXX static library libmpu9250sensor.a[0m
[3.201s] [ 66%] Built target mpu9250sensor
[3.252s] [35m[1mScanning dependencies of target mpu9250driver[0m
[3.304s] [ 83%] [32mBuilding CXX object CMakeFiles/mpu9250driver.dir/src/mpu9250driver.cpp.o[0m
[9.286s] [100%] [32m[1mLinking CXX executable mpu9250driver[0m
[9.492s] [100%] Built target mpu9250driver
[9.506s] Invoked command in '/home/rex/Emmanuel_Jr_robot/build/mpu9250driver' returned '0': CMAKE_PREFIX_PATH=${CMAKE_PREFIX_PATH}:/home/rex/Emmanuel_Jr_robot/install/nav2_simple_commander:/home/rex/Emmanuel_Jr_robot/install/nav2_gazebo_spawner:/home/rex/Emmanuel_Jr_robot/install/emmanuelJr:/home/rex/Emmanuel_Jr_robot/install/emmanuel:/opt/ros/galactic /usr/bin/cmake --build /home/rex/Emmanuel_Jr_robot/build/mpu9250driver -- -j2 -l2
[9.543s] Invoking command in '/home/rex/Emmanuel_Jr_robot/build/mpu9250driver': CMAKE_PREFIX_PATH=${CMAKE_PREFIX_PATH}:/home/rex/Emmanuel_Jr_robot/install/nav2_simple_commander:/home/rex/Emmanuel_Jr_robot/install/nav2_gazebo_spawner:/home/rex/Emmanuel_Jr_robot/install/emmanuelJr:/home/rex/Emmanuel_Jr_robot/install/emmanuel:/opt/ros/galactic /usr/bin/cmake --install /home/rex/Emmanuel_Jr_robot/build/mpu9250driver
[9.554s] -- Install configuration: ""
[9.554s] -- Installing: /home/rex/Emmanuel_Jr_robot/install/mpu9250driver/lib/mpu9250driver/mpu9250driver
[9.555s] -- Set runtime path of "/home/rex/Emmanuel_Jr_robot/install/mpu9250driver/lib/mpu9250driver/mpu9250driver" to ""
[9.555s] -- Installing: /home/rex/Emmanuel_Jr_robot/install/mpu9250driver/share/mpu9250driver//launch
[9.555s] -- Installing: /home/rex/Emmanuel_Jr_robot/install/mpu9250driver/share/mpu9250driver//launch/mpu9250driver_launch.py
[9.556s] -- Installing: /home/rex/Emmanuel_Jr_robot/install/mpu9250driver/share/mpu9250driver//params
[9.556s] -- Installing: /home/rex/Emmanuel_Jr_robot/install/mpu9250driver/share/mpu9250driver//params/mpu9250.yaml
[9.556s] -- Installing: /home/rex/Emmanuel_Jr_robot/install/mpu9250driver/share/ament_index/resource_index/package_run_dependencies/mpu9250driver
[9.556s] -- Installing: /home/rex/Emmanuel_Jr_robot/install/mpu9250driver/share/ament_index/resource_index/parent_prefix_path/mpu9250driver
[9.556s] -- Installing: /home/rex/Emmanuel_Jr_robot/install/mpu9250driver/share/mpu9250driver/environment/ament_prefix_path.sh
[9.556s] -- Installing: /home/rex/Emmanuel_Jr_robot/install/mpu9250driver/share/mpu9250driver/environment/ament_prefix_path.dsv
[9.556s] -- Installing: /home/rex/Emmanuel_Jr_robot/install/mpu9250driver/share/mpu9250driver/environment/path.sh
[9.557s] -- Installing: /home/rex/Emmanuel_Jr_robot/install/mpu9250driver/share/mpu9250driver/environment/path.dsv
[9.557s] -- Installing: /home/rex/Emmanuel_Jr_robot/install/mpu9250driver/share/mpu9250driver/local_setup.bash
[9.557s] -- Installing: /home/rex/Emmanuel_Jr_robot/install/mpu9250driver/share/mpu9250driver/local_setup.sh
[9.557s] -- Installing: /home/rex/Emmanuel_Jr_robot/install/mpu9250driver/share/mpu9250driver/local_setup.zsh
[9.557s] -- Installing: /home/rex/Emmanuel_Jr_robot/install/mpu9250driver/share/mpu9250driver/local_setup.dsv
[9.557s] -- Installing: /home/rex/Emmanuel_Jr_robot/install/mpu9250driver/share/mpu9250driver/package.dsv
[9.557s] -- Installing: /home/rex/Emmanuel_Jr_robot/install/mpu9250driver/share/ament_index/resource_index/packages/mpu9250driver
[9.558s] -- Installing: /home/rex/Emmanuel_Jr_robot/install/mpu9250driver/share/mpu9250driver/cmake/mpu9250driverConfig.cmake
[9.558s] -- Installing: /home/rex/Emmanuel_Jr_robot/install/mpu9250driver/share/mpu9250driver/cmake/mpu9250driverConfig-version.cmake
[9.558s] -- Installing: /home/rex/Emmanuel_Jr_robot/install/mpu9250driver/share/mpu9250driver/package.xml
[9.562s] Invoked command in '/home/rex/Emmanuel_Jr_robot/build/mpu9250driver' returned '0': CMAKE_PREFIX_PATH=${CMAKE_PREFIX_PATH}:/home/rex/Emmanuel_Jr_robot/install/nav2_simple_commander:/home/rex/Emmanuel_Jr_robot/install/nav2_gazebo_spawner:/home/rex/Emmanuel_Jr_robot/install/emmanuelJr:/home/rex/Emmanuel_Jr_robot/install/emmanuel:/opt/ros/galactic /usr/bin/cmake --install /home/rex/Emmanuel_Jr_robot/build/mpu9250driver
