[0.057s] Invoking command in '/home/ubuntu/Emmanuel_Jr_robot/build/linorobot2_base': CMAKE_PREFIX_PATH=${CMAKE_PREFIX_PATH}:/home/ubuntu/Emmanuel_Jr_robot/install/emmanuel:/opt/ros/galactic /usr/bin/cmake /home/ubuntu/Emmanuel_Jr_robot/src/linorobot2/linorobot2_base -DCMAKE_INSTALL_PREFIX=/home/ubuntu/Emmanuel_Jr_robot/install/linorobot2_base
[0.365s] -- The C compiler identification is GNU 9.4.0
[0.704s] -- The CXX compiler identification is GNU 9.4.0
[0.733s] -- Check for working C compiler: /usr/bin/cc
[1.129s] -- Check for working C compiler: /usr/bin/cc -- works
[1.131s] -- Detecting C compiler ABI info
[1.469s] -- Detecting C compiler ABI info - done
[1.509s] -- Detecting C compile features
[1.511s] -- Detecting C compile features - done
[1.521s] -- Check for working CXX compiler: /usr/bin/c++
[1.896s] -- Check for working CXX compiler: /usr/bin/c++ -- works
[1.901s] -- Detecting CXX compiler ABI info
[2.286s] -- Detecting CXX compiler ABI info - done
[2.337s] -- Detecting CXX compile features
[2.340s] -- Detecting CXX compile features - done
[2.378s] -- Found ament_cmake: 1.1.5 (/opt/ros/galactic/share/ament_cmake/cmake)
[2.585s] -- Found PythonInterp: /usr/bin/python3 (found suitable version "3.8.10", minimum required is "3") 
[2.585s] -- Using PYTHON_EXECUTABLE: /usr/bin/python3
[3.727s] -- Configuring done
[3.739s] -- Generating done
[3.744s] -- Build files have been written to: /home/ubuntu/Emmanuel_Jr_robot/build/linorobot2_base
[3.759s] Invoked command in '/home/ubuntu/Emmanuel_Jr_robot/build/linorobot2_base' returned '0': CMAKE_PREFIX_PATH=${CMAKE_PREFIX_PATH}:/home/ubuntu/Emmanuel_Jr_robot/install/emmanuel:/opt/ros/galactic /usr/bin/cmake /home/ubuntu/Emmanuel_Jr_robot/src/linorobot2/linorobot2_base -DCMAKE_INSTALL_PREFIX=/home/ubuntu/Emmanuel_Jr_robot/install/linorobot2_base
[3.771s] Invoking command in '/home/ubuntu/Emmanuel_Jr_robot/build/linorobot2_base': CMAKE_PREFIX_PATH=${CMAKE_PREFIX_PATH}:/home/ubuntu/Emmanuel_Jr_robot/install/emmanuel:/opt/ros/galactic /usr/bin/cmake --build /home/ubuntu/Emmanuel_Jr_robot/build/linorobot2_base -- -j4 -l4
[4.184s] Invoked command in '/home/ubuntu/Emmanuel_Jr_robot/build/linorobot2_base' returned '0': CMAKE_PREFIX_PATH=${CMAKE_PREFIX_PATH}:/home/ubuntu/Emmanuel_Jr_robot/install/emmanuel:/opt/ros/galactic /usr/bin/cmake --build /home/ubuntu/Emmanuel_Jr_robot/build/linorobot2_base -- -j4 -l4
[4.644s] Invoking command in '/home/ubuntu/Emmanuel_Jr_robot/build/linorobot2_base': CMAKE_PREFIX_PATH=${CMAKE_PREFIX_PATH}:/home/ubuntu/Emmanuel_Jr_robot/install/emmanuel:/opt/ros/galactic /usr/bin/cmake --install /home/ubuntu/Emmanuel_Jr_robot/build/linorobot2_base
[4.725s] -- Install configuration: ""
[4.726s] -- Up-to-date: /home/ubuntu/Emmanuel_Jr_robot/install/linorobot2_base/share/linorobot2_base/config
[4.731s] -- Installing: /home/ubuntu/Emmanuel_Jr_robot/install/linorobot2_base/share/linorobot2_base/config/ekf.yaml
[4.733s] -- Installing: /home/ubuntu/Emmanuel_Jr_robot/install/linorobot2_base/share/ament_index/resource_index/package_run_dependencies/linorobot2_base
[4.745s] -- Installing: /home/ubuntu/Emmanuel_Jr_robot/install/linorobot2_base/share/ament_index/resource_index/parent_prefix_path/linorobot2_base
[4.746s] -- Installing: /home/ubuntu/Emmanuel_Jr_robot/install/linorobot2_base/share/linorobot2_base/environment/ament_prefix_path.sh
[4.748s] -- Installing: /home/ubuntu/Emmanuel_Jr_robot/install/linorobot2_base/share/linorobot2_base/environment/ament_prefix_path.dsv
[4.749s] -- Installing: /home/ubuntu/Emmanuel_Jr_robot/install/linorobot2_base/share/linorobot2_base/environment/path.sh
[4.751s] -- Installing: /home/ubuntu/Emmanuel_Jr_robot/install/linorobot2_base/share/linorobot2_base/environment/path.dsv
[4.752s] -- Installing: /home/ubuntu/Emmanuel_Jr_robot/install/linorobot2_base/share/linorobot2_base/local_setup.bash
[4.754s] -- Installing: /home/ubuntu/Emmanuel_Jr_robot/install/linorobot2_base/share/linorobot2_base/local_setup.sh
[4.765s] -- Installing: /home/ubuntu/Emmanuel_Jr_robot/install/linorobot2_base/share/linorobot2_base/local_setup.zsh
[4.766s] -- Installing: /home/ubuntu/Emmanuel_Jr_robot/install/linorobot2_base/share/linorobot2_base/local_setup.dsv
[4.767s] -- Installing: /home/ubuntu/Emmanuel_Jr_robot/install/linorobot2_base/share/linorobot2_base/package.dsv
[4.769s] -- Installing: /home/ubuntu/Emmanuel_Jr_robot/install/linorobot2_base/share/ament_index/resource_index/packages/linorobot2_base
[4.773s] -- Installing: /home/ubuntu/Emmanuel_Jr_robot/install/linorobot2_base/share/linorobot2_base/cmake/linorobot2_baseConfig.cmake
[4.774s] -- Installing: /home/ubuntu/Emmanuel_Jr_robot/install/linorobot2_base/share/linorobot2_base/cmake/linorobot2_baseConfig-version.cmake
[4.776s] -- Installing: /home/ubuntu/Emmanuel_Jr_robot/install/linorobot2_base/share/linorobot2_base/package.xml
[4.811s] Invoked command in '/home/ubuntu/Emmanuel_Jr_robot/build/linorobot2_base' returned '0': CMAKE_PREFIX_PATH=${CMAKE_PREFIX_PATH}:/home/ubuntu/Emmanuel_Jr_robot/install/emmanuel:/opt/ros/galactic /usr/bin/cmake --install /home/ubuntu/Emmanuel_Jr_robot/build/linorobot2_base
