[0.031s] Invoking command in '/home/snake/Emmanuel_Jr_robot/build/nav2_planner': AMENT_PREFIX_PATH=/home/snake/Emmanuel_Jr_robot/install/nav2_core:/home/snake/Emmanuel_Jr_robot/install/nav2_costmap_2d:/home/snake/Emmanuel_Jr_robot/install/nav2_util:/home/snake/Emmanuel_Jr_robot/install/nav2_voxel_grid:/home/snake/Emmanuel_Jr_robot/install/nav2_msgs:/home/snake/Emmanuel_Jr_robot/install/nav2_common:${AMENT_PREFIX_PATH} CMAKE_PREFIX_PATH=/home/snake/Emmanuel_Jr_robot/install/nav2_core:/home/snake/Emmanuel_Jr_robot/install/nav2_costmap_2d:/home/snake/Emmanuel_Jr_robot/install/nav2_util:/home/snake/Emmanuel_Jr_robot/install/nav2_voxel_grid:/home/snake/Emmanuel_Jr_robot/install/nav2_msgs:/home/snake/Emmanuel_Jr_robot/install/nav2_common:/opt/ros/galactic LD_LIBRARY_PATH=/home/snake/Emmanuel_Jr_robot/install/nav2_costmap_2d/lib:/home/snake/Emmanuel_Jr_robot/install/nav2_util/lib:/home/snake/Emmanuel_Jr_robot/install/nav2_voxel_grid/lib:/home/snake/Emmanuel_Jr_robot/install/nav2_msgs/lib:${LD_LIBRARY_PATH} PYTHONPATH=/home/snake/Emmanuel_Jr_robot/install/nav2_msgs/lib/python3.8/site-packages:/home/snake/Emmanuel_Jr_robot/install/nav2_common/lib/python3.8/site-packages:${PYTHONPATH} /usr/bin/cmake /home/snake/Emmanuel_Jr_robot/src/navigation2/nav2_planner -DAMENT_CMAKE_SYMLINK_INSTALL=1 -DCMAKE_INSTALL_PREFIX=/home/snake/Emmanuel_Jr_robot/install/nav2_planner
[0.124s] -- The C compiler identification is GNU 9.4.0
[0.193s] -- The CXX compiler identification is GNU 9.4.0
[0.199s] -- Check for working C compiler: /usr/bin/cc
[0.289s] -- Check for working C compiler: /usr/bin/cc -- works
[0.290s] -- Detecting C compiler ABI info
[0.376s] -- Detecting C compiler ABI info - done
[0.392s] -- Detecting C compile features
[0.393s] -- Detecting C compile features - done
[0.397s] -- Check for working CXX compiler: /usr/bin/c++
[0.495s] -- Check for working CXX compiler: /usr/bin/c++ -- works
[0.496s] -- Detecting CXX compiler ABI info
[0.595s] -- Detecting CXX compiler ABI info - done
[0.611s] -- Detecting CXX compile features
[0.612s] -- Detecting CXX compile features - done
[0.616s] -- Found ament_cmake: 1.1.5 (/opt/ros/galactic/share/ament_cmake/cmake)
[0.648s] -- Found PythonInterp: /usr/bin/python3 (found suitable version "3.8.10", minimum required is "3") 
[0.649s] -- Using PYTHON_EXECUTABLE: /usr/bin/python3
[0.748s] -- Override CMake install command with custom implementation using symlinks instead of copying resources
[0.780s] -- Found nav2_common: 1.0.12 (/home/snake/Emmanuel_Jr_robot/install/nav2_common/share/nav2_common/cmake)
[0.784s] -- Found rclcpp: 9.2.1 (/opt/ros/galactic/share/rclcpp/cmake)
[0.854s] -- Using all available rosidl_typesupport_c: rosidl_typesupport_fastrtps_c;rosidl_typesupport_introspection_c
[0.863s] -- Found rosidl_adapter: 2.2.2 (/opt/ros/galactic/share/rosidl_adapter/cmake)
[0.960s] -- Found OpenSSL: /usr/lib/x86_64-linux-gnu/libcrypto.so (found version "1.1.1f")  
[1.001s] -- Found FastRTPS: /opt/ros/galactic/include  
[1.111s] -- Using all available rosidl_typesupport_cpp: rosidl_typesupport_fastrtps_cpp;rosidl_typesupport_introspection_cpp
[1.194s] -- Found rmw_implementation_cmake: 3.3.1 (/opt/ros/galactic/share/rmw_implementation_cmake/cmake)
[1.198s] -- Found rmw_cyclonedds_cpp: 0.22.5 (/opt/ros/galactic/share/rmw_cyclonedds_cpp/cmake)
[1.226s] -- Using RMW implementation 'rmw_cyclonedds_cpp' as default
[1.228s] -- Looking for pthread.h
[1.325s] -- Looking for pthread.h - found
[1.326s] -- Performing Test CMAKE_HAVE_LIBC_PTHREAD
[1.423s] -- Performing Test CMAKE_HAVE_LIBC_PTHREAD - Failed
[1.423s] -- Looking for pthread_create in pthreads
[1.500s] -- Looking for pthread_create in pthreads - not found
[1.500s] -- Looking for pthread_create in pthread
[1.586s] -- Looking for pthread_create in pthread - found
[1.588s] -- Found Threads: TRUE  
[1.779s] -- Found rclcpp_action: 9.2.1 (/opt/ros/galactic/share/rclcpp_action/cmake)
[1.886s] -- Found rclcpp_lifecycle: 9.2.1 (/opt/ros/galactic/share/rclcpp_lifecycle/cmake)
[1.936s] -- Found visualization_msgs: 2.2.4 (/opt/ros/galactic/share/visualization_msgs/cmake)
[2.088s] -- Found nav2_util: 1.0.12 (/home/snake/Emmanuel_Jr_robot/install/nav2_util/share/nav2_util/cmake)
[2.883s] -- Found eigen3_cmake_module: 0.1.1 (/opt/ros/galactic/share/eigen3_cmake_module/cmake)
[2.889s] -- Found Eigen3: TRUE (found version "3.3.7") 
[3.144s] -- Found nav2_costmap_2d: 1.0.12 (/home/snake/Emmanuel_Jr_robot/install/nav2_costmap_2d/share/nav2_costmap_2d/cmake)
[4.207s] -- Found nav2_core: 1.0.12 (/home/snake/Emmanuel_Jr_robot/install/nav2_core/share/nav2_core/cmake)
[5.002s] -- Setting build type to Release as none was specified.
[11.495s] -- Found ament_lint_auto: 0.10.7 (/opt/ros/galactic/share/ament_lint_auto/cmake)
[11.606s] -- Added test 'copyright' to check source files copyright and LICENSE
[11.608s] -- Added test 'cppcheck' to perform static code analysis on C / C++ code
[11.608s] -- Configured cppcheck include dirs: /home/snake/Emmanuel_Jr_robot/src/navigation2/nav2_planner/include
[11.608s] -- Configured cppcheck exclude dirs and/or files: 
[11.609s] -- Added test 'cpplint' to check C / C++ code against the Google style
[11.610s] -- Configured cpplint exclude dirs and/or files: 
[11.610s] -- Added test 'lint_cmake' to check CMake code style
[11.612s] -- Added test 'uncrustify' to check C / C++ code style
[11.612s] -- Configured uncrustify additional arguments: 
[11.612s] -- Added test 'xmllint' to check XML markup files
[11.620s] -- Configuring done
[11.709s] -- Generating done
[11.711s] -- Build files have been written to: /home/snake/Emmanuel_Jr_robot/build/nav2_planner
[11.722s] Invoked command in '/home/snake/Emmanuel_Jr_robot/build/nav2_planner' returned '0': AMENT_PREFIX_PATH=/home/snake/Emmanuel_Jr_robot/install/nav2_core:/home/snake/Emmanuel_Jr_robot/install/nav2_costmap_2d:/home/snake/Emmanuel_Jr_robot/install/nav2_util:/home/snake/Emmanuel_Jr_robot/install/nav2_voxel_grid:/home/snake/Emmanuel_Jr_robot/install/nav2_msgs:/home/snake/Emmanuel_Jr_robot/install/nav2_common:${AMENT_PREFIX_PATH} CMAKE_PREFIX_PATH=/home/snake/Emmanuel_Jr_robot/install/nav2_core:/home/snake/Emmanuel_Jr_robot/install/nav2_costmap_2d:/home/snake/Emmanuel_Jr_robot/install/nav2_util:/home/snake/Emmanuel_Jr_robot/install/nav2_voxel_grid:/home/snake/Emmanuel_Jr_robot/install/nav2_msgs:/home/snake/Emmanuel_Jr_robot/install/nav2_common:/opt/ros/galactic LD_LIBRARY_PATH=/home/snake/Emmanuel_Jr_robot/install/nav2_costmap_2d/lib:/home/snake/Emmanuel_Jr_robot/install/nav2_util/lib:/home/snake/Emmanuel_Jr_robot/install/nav2_voxel_grid/lib:/home/snake/Emmanuel_Jr_robot/install/nav2_msgs/lib:${LD_LIBRARY_PATH} PYTHONPATH=/home/snake/Emmanuel_Jr_robot/install/nav2_msgs/lib/python3.8/site-packages:/home/snake/Emmanuel_Jr_robot/install/nav2_common/lib/python3.8/site-packages:${PYTHONPATH} /usr/bin/cmake /home/snake/Emmanuel_Jr_robot/src/navigation2/nav2_planner -DAMENT_CMAKE_SYMLINK_INSTALL=1 -DCMAKE_INSTALL_PREFIX=/home/snake/Emmanuel_Jr_robot/install/nav2_planner
[11.727s] Invoking command in '/home/snake/Emmanuel_Jr_robot/build/nav2_planner': AMENT_PREFIX_PATH=/home/snake/Emmanuel_Jr_robot/install/nav2_core:/home/snake/Emmanuel_Jr_robot/install/nav2_costmap_2d:/home/snake/Emmanuel_Jr_robot/install/nav2_util:/home/snake/Emmanuel_Jr_robot/install/nav2_voxel_grid:/home/snake/Emmanuel_Jr_robot/install/nav2_msgs:/home/snake/Emmanuel_Jr_robot/install/nav2_common:${AMENT_PREFIX_PATH} CMAKE_PREFIX_PATH=/home/snake/Emmanuel_Jr_robot/install/nav2_core:/home/snake/Emmanuel_Jr_robot/install/nav2_costmap_2d:/home/snake/Emmanuel_Jr_robot/install/nav2_util:/home/snake/Emmanuel_Jr_robot/install/nav2_voxel_grid:/home/snake/Emmanuel_Jr_robot/install/nav2_msgs:/home/snake/Emmanuel_Jr_robot/install/nav2_common:/opt/ros/galactic LD_LIBRARY_PATH=/home/snake/Emmanuel_Jr_robot/install/nav2_costmap_2d/lib:/home/snake/Emmanuel_Jr_robot/install/nav2_util/lib:/home/snake/Emmanuel_Jr_robot/install/nav2_voxel_grid/lib:/home/snake/Emmanuel_Jr_robot/install/nav2_msgs/lib:${LD_LIBRARY_PATH} PYTHONPATH=/home/snake/Emmanuel_Jr_robot/install/nav2_msgs/lib/python3.8/site-packages:/home/snake/Emmanuel_Jr_robot/install/nav2_common/lib/python3.8/site-packages:${PYTHONPATH} /usr/bin/cmake --build /home/snake/Emmanuel_Jr_robot/build/nav2_planner -- -j2 -l2
[11.782s] [35m[1mScanning dependencies of target planner_server_core[0m
[11.865s] [ 25%] [32mBuilding CXX object CMakeFiles/planner_server_core.dir/src/planner_server.cpp.o[0m
[33.004s] [ 50%] [32m[1mLinking CXX shared library libplanner_server_core.so[0m
[33.303s] [ 50%] Built target planner_server_core
[33.317s] [35m[1mScanning dependencies of target planner_server[0m
[33.403s] [ 75%] [32mBuilding CXX object CMakeFiles/planner_server.dir/src/main.cpp.o[0m
[39.196s] [100%] [32m[1mLinking CXX executable planner_server[0m
[39.447s] [100%] Built target planner_server
[39.464s] Invoked command in '/home/snake/Emmanuel_Jr_robot/build/nav2_planner' returned '0': AMENT_PREFIX_PATH=/home/snake/Emmanuel_Jr_robot/install/nav2_core:/home/snake/Emmanuel_Jr_robot/install/nav2_costmap_2d:/home/snake/Emmanuel_Jr_robot/install/nav2_util:/home/snake/Emmanuel_Jr_robot/install/nav2_voxel_grid:/home/snake/Emmanuel_Jr_robot/install/nav2_msgs:/home/snake/Emmanuel_Jr_robot/install/nav2_common:${AMENT_PREFIX_PATH} CMAKE_PREFIX_PATH=/home/snake/Emmanuel_Jr_robot/install/nav2_core:/home/snake/Emmanuel_Jr_robot/install/nav2_costmap_2d:/home/snake/Emmanuel_Jr_robot/install/nav2_util:/home/snake/Emmanuel_Jr_robot/install/nav2_voxel_grid:/home/snake/Emmanuel_Jr_robot/install/nav2_msgs:/home/snake/Emmanuel_Jr_robot/install/nav2_common:/opt/ros/galactic LD_LIBRARY_PATH=/home/snake/Emmanuel_Jr_robot/install/nav2_costmap_2d/lib:/home/snake/Emmanuel_Jr_robot/install/nav2_util/lib:/home/snake/Emmanuel_Jr_robot/install/nav2_voxel_grid/lib:/home/snake/Emmanuel_Jr_robot/install/nav2_msgs/lib:${LD_LIBRARY_PATH} PYTHONPATH=/home/snake/Emmanuel_Jr_robot/install/nav2_msgs/lib/python3.8/site-packages:/home/snake/Emmanuel_Jr_robot/install/nav2_common/lib/python3.8/site-packages:${PYTHONPATH} /usr/bin/cmake --build /home/snake/Emmanuel_Jr_robot/build/nav2_planner -- -j2 -l2
[39.507s] Invoking command in '/home/snake/Emmanuel_Jr_robot/build/nav2_planner': AMENT_PREFIX_PATH=/home/snake/Emmanuel_Jr_robot/install/nav2_core:/home/snake/Emmanuel_Jr_robot/install/nav2_costmap_2d:/home/snake/Emmanuel_Jr_robot/install/nav2_util:/home/snake/Emmanuel_Jr_robot/install/nav2_voxel_grid:/home/snake/Emmanuel_Jr_robot/install/nav2_msgs:/home/snake/Emmanuel_Jr_robot/install/nav2_common:${AMENT_PREFIX_PATH} CMAKE_PREFIX_PATH=/home/snake/Emmanuel_Jr_robot/install/nav2_core:/home/snake/Emmanuel_Jr_robot/install/nav2_costmap_2d:/home/snake/Emmanuel_Jr_robot/install/nav2_util:/home/snake/Emmanuel_Jr_robot/install/nav2_voxel_grid:/home/snake/Emmanuel_Jr_robot/install/nav2_msgs:/home/snake/Emmanuel_Jr_robot/install/nav2_common:/opt/ros/galactic LD_LIBRARY_PATH=/home/snake/Emmanuel_Jr_robot/install/nav2_costmap_2d/lib:/home/snake/Emmanuel_Jr_robot/install/nav2_util/lib:/home/snake/Emmanuel_Jr_robot/install/nav2_voxel_grid/lib:/home/snake/Emmanuel_Jr_robot/install/nav2_msgs/lib:${LD_LIBRARY_PATH} PYTHONPATH=/home/snake/Emmanuel_Jr_robot/install/nav2_msgs/lib/python3.8/site-packages:/home/snake/Emmanuel_Jr_robot/install/nav2_common/lib/python3.8/site-packages:${PYTHONPATH} /usr/bin/cmake --install /home/snake/Emmanuel_Jr_robot/build/nav2_planner
[39.521s] -- Install configuration: "Release"
[39.522s] -- Execute custom install script
[39.522s] -- Symlinking: /home/snake/Emmanuel_Jr_robot/install/nav2_planner/lib/libplanner_server_core.so
[39.537s] -- Symlinking: /home/snake/Emmanuel_Jr_robot/install/nav2_planner/lib/nav2_planner/planner_server
[39.549s] -- Symlinking: /home/snake/Emmanuel_Jr_robot/install/nav2_planner/include//nav2_planner/planner_server.hpp
[39.562s] -- Symlinking: /home/snake/Emmanuel_Jr_robot/install/nav2_planner/share/nav2_planner/environment/library_path.sh
[39.577s] -- Symlinking: /home/snake/Emmanuel_Jr_robot/install/nav2_planner/share/nav2_planner/environment/library_path.dsv
[39.591s] -- Symlinking: /home/snake/Emmanuel_Jr_robot/install/nav2_planner/share/ament_index/resource_index/package_run_dependencies/nav2_planner
[39.604s] -- Symlinking: /home/snake/Emmanuel_Jr_robot/install/nav2_planner/share/ament_index/resource_index/parent_prefix_path/nav2_planner
[39.618s] -- Symlinking: /home/snake/Emmanuel_Jr_robot/install/nav2_planner/share/nav2_planner/environment/ament_prefix_path.sh
[39.630s] -- Symlinking: /home/snake/Emmanuel_Jr_robot/install/nav2_planner/share/nav2_planner/environment/ament_prefix_path.dsv
[39.644s] -- Symlinking: /home/snake/Emmanuel_Jr_robot/install/nav2_planner/share/nav2_planner/environment/path.sh
[39.656s] -- Symlinking: /home/snake/Emmanuel_Jr_robot/install/nav2_planner/share/nav2_planner/environment/path.dsv
[39.667s] -- Symlinking: /home/snake/Emmanuel_Jr_robot/install/nav2_planner/share/nav2_planner/local_setup.bash
[39.679s] -- Symlinking: /home/snake/Emmanuel_Jr_robot/install/nav2_planner/share/nav2_planner/local_setup.sh
[39.691s] -- Symlinking: /home/snake/Emmanuel_Jr_robot/install/nav2_planner/share/nav2_planner/local_setup.zsh
[39.704s] -- Symlinking: /home/snake/Emmanuel_Jr_robot/install/nav2_planner/share/nav2_planner/local_setup.dsv
[39.718s] -- Symlinking: /home/snake/Emmanuel_Jr_robot/install/nav2_planner/share/nav2_planner/package.dsv
[39.731s] -- Symlinking: /home/snake/Emmanuel_Jr_robot/install/nav2_planner/share/ament_index/resource_index/packages/nav2_planner
[39.771s] -- Symlinking: /home/snake/Emmanuel_Jr_robot/install/nav2_planner/share/nav2_planner/cmake/ament_cmake_export_include_directories-extras.cmake
[39.789s] -- Symlinking: /home/snake/Emmanuel_Jr_robot/install/nav2_planner/share/nav2_planner/cmake/ament_cmake_export_libraries-extras.cmake
[39.801s] -- Symlinking: /home/snake/Emmanuel_Jr_robot/install/nav2_planner/share/nav2_planner/cmake/ament_cmake_export_dependencies-extras.cmake
[39.813s] -- Symlinking: /home/snake/Emmanuel_Jr_robot/install/nav2_planner/share/nav2_planner/cmake/nav2_plannerConfig.cmake
[39.828s] -- Symlinking: /home/snake/Emmanuel_Jr_robot/install/nav2_planner/share/nav2_planner/cmake/nav2_plannerConfig-version.cmake
[39.844s] -- Symlinking: /home/snake/Emmanuel_Jr_robot/install/nav2_planner/share/nav2_planner/package.xml
[39.859s] Invoked command in '/home/snake/Emmanuel_Jr_robot/build/nav2_planner' returned '0': AMENT_PREFIX_PATH=/home/snake/Emmanuel_Jr_robot/install/nav2_core:/home/snake/Emmanuel_Jr_robot/install/nav2_costmap_2d:/home/snake/Emmanuel_Jr_robot/install/nav2_util:/home/snake/Emmanuel_Jr_robot/install/nav2_voxel_grid:/home/snake/Emmanuel_Jr_robot/install/nav2_msgs:/home/snake/Emmanuel_Jr_robot/install/nav2_common:${AMENT_PREFIX_PATH} CMAKE_PREFIX_PATH=/home/snake/Emmanuel_Jr_robot/install/nav2_core:/home/snake/Emmanuel_Jr_robot/install/nav2_costmap_2d:/home/snake/Emmanuel_Jr_robot/install/nav2_util:/home/snake/Emmanuel_Jr_robot/install/nav2_voxel_grid:/home/snake/Emmanuel_Jr_robot/install/nav2_msgs:/home/snake/Emmanuel_Jr_robot/install/nav2_common:/opt/ros/galactic LD_LIBRARY_PATH=/home/snake/Emmanuel_Jr_robot/install/nav2_costmap_2d/lib:/home/snake/Emmanuel_Jr_robot/install/nav2_util/lib:/home/snake/Emmanuel_Jr_robot/install/nav2_voxel_grid/lib:/home/snake/Emmanuel_Jr_robot/install/nav2_msgs/lib:${LD_LIBRARY_PATH} PYTHONPATH=/home/snake/Emmanuel_Jr_robot/install/nav2_msgs/lib/python3.8/site-packages:/home/snake/Emmanuel_Jr_robot/install/nav2_common/lib/python3.8/site-packages:${PYTHONPATH} /usr/bin/cmake --install /home/snake/Emmanuel_Jr_robot/build/nav2_planner
