[2.990s] Invoking command in '/home/ubuntu/Emmanuel_Jr_robot/src/emmanuel': PYTHONPATH=/home/ubuntu/Emmanuel_Jr_robot/install/emmanuel/lib/python3.8/site-packages:${PYTHONPATH} /usr/bin/python3 setup.py egg_info --egg-base ../../build/emmanuel build --build-base /home/ubuntu/Emmanuel_Jr_robot/build/emmanuel/build install --prefix /home/ubuntu/Emmanuel_Jr_robot/install/emmanuel --record /home/ubuntu/Emmanuel_Jr_robot/build/emmanuel/install.log --single-version-externally-managed
[3.872s] running egg_info
[3.886s] writing ../../build/emmanuel/emmanuel.egg-info/PKG-INFO
[3.890s] writing dependency_links to ../../build/emmanuel/emmanuel.egg-info/dependency_links.txt
[3.891s] writing entry points to ../../build/emmanuel/emmanuel.egg-info/entry_points.txt
[3.893s] writing requirements to ../../build/emmanuel/emmanuel.egg-info/requires.txt
[3.893s] writing top-level names to ../../build/emmanuel/emmanuel.egg-info/top_level.txt
[4.038s] reading manifest file '../../build/emmanuel/emmanuel.egg-info/SOURCES.txt'
[4.043s] writing manifest file '../../build/emmanuel/emmanuel.egg-info/SOURCES.txt'
[4.043s] running build
[4.043s] running build_py
[4.049s] running install
[4.052s] running install_lib
[4.062s] running install_data
[4.066s] running install_egg_info
[4.073s] removing '/home/ubuntu/Emmanuel_Jr_robot/install/emmanuel/lib/python3.8/site-packages/emmanuel-0.0.0-py3.8.egg-info' (and everything under it)
[4.078s] Copying ../../build/emmanuel/emmanuel.egg-info to /home/ubuntu/Emmanuel_Jr_robot/install/emmanuel/lib/python3.8/site-packages/emmanuel-0.0.0-py3.8.egg-info
[4.084s] running install_scripts
[4.145s] Installing motor_run script to /home/ubuntu/Emmanuel_Jr_robot/install/emmanuel/lib/emmanuel
[4.150s] writing list of installed files to '/home/ubuntu/Emmanuel_Jr_robot/build/emmanuel/install.log'
[4.243s] Invoked command in '/home/ubuntu/Emmanuel_Jr_robot/src/emmanuel' returned '0': PYTHONPATH=/home/ubuntu/Emmanuel_Jr_robot/install/emmanuel/lib/python3.8/site-packages:${PYTHONPATH} /usr/bin/python3 setup.py egg_info --egg-base ../../build/emmanuel build --build-base /home/ubuntu/Emmanuel_Jr_robot/build/emmanuel/build install --prefix /home/ubuntu/Emmanuel_Jr_robot/install/emmanuel --record /home/ubuntu/Emmanuel_Jr_robot/build/emmanuel/install.log --single-version-externally-managed
