[0.467s] DEBUG:colcon:Command line arguments: ['/usr/bin/colcon', 'build']
[0.467s] DEBUG:colcon:Parsed command line arguments: Namespace(allow_overriding=[], ament_cmake_args=None, base_paths=['.'], build_base='build', catkin_cmake_args=None, catkin_skip_building_tests=False, cmake_args=None, cmake_clean_cache=False, cmake_clean_first=False, cmake_force_configure=False, cmake_target=None, cmake_target_skip_unavailable=False, continue_on_error=False, event_handlers=None, executor='parallel', ignore_user_meta=False, install_base='install', log_base=None, log_level=None, main=<bound method BuildVerb.main of <colcon_core.verb.build.BuildVerb object at 0xffffad33a4c0>>, merge_install=False, metas=['./colcon.meta'], packages_above=None, packages_above_and_dependencies=None, packages_above_depth=None, packages_end=None, packages_ignore=None, packages_ignore_regex=None, packages_select=None, packages_select_build_failed=False, packages_select_by_dep=None, packages_select_regex=None, packages_select_test_failures=False, packages_skip=None, packages_skip_build_finished=False, packages_skip_by_dep=None, packages_skip_regex=None, packages_skip_test_passed=False, packages_skip_up_to=None, packages_start=None, packages_up_to=None, packages_up_to_regex=None, parallel_workers=4, paths=None, symlink_install=False, test_result_base=None, verb_extension=<colcon_core.verb.build.BuildVerb object at 0xffffad33a4c0>, verb_name='build', verb_parser=<colcon_defaults.argument_parser.defaults.DefaultArgumentsDecorator object at 0xffffad33aa00>)
[0.554s] Level 1:colcon.colcon_core.package_discovery:discover_packages(colcon_meta) check parameters
[0.555s] Level 1:colcon.colcon_core.package_discovery:discover_packages(recursive) check parameters
[0.555s] Level 1:colcon.colcon_core.package_discovery:discover_packages(ignore) check parameters
[0.555s] Level 1:colcon.colcon_core.package_discovery:discover_packages(path) check parameters
[0.555s] Level 1:colcon.colcon_core.package_discovery:discover_packages(colcon_meta) discover
[0.556s] Level 1:colcon.colcon_core.package_discovery:discover_packages(recursive) discover
[0.556s] INFO:colcon.colcon_core.package_discovery:Crawling recursively for packages in '/home/ubuntu/Emmanuel_Jr_robot'
[0.556s] Level 1:colcon.colcon_core.package_identification:_identify(.) by extensions ['ignore', 'ignore_ament_install']
[0.556s] Level 1:colcon.colcon_core.package_identification:_identify(.) by extension 'ignore'
[0.557s] Level 1:colcon.colcon_core.package_identification:_identify(.) by extension 'ignore_ament_install'
[0.557s] Level 1:colcon.colcon_core.package_identification:_identify(.) by extensions ['colcon_pkg']
[0.557s] Level 1:colcon.colcon_core.package_identification:_identify(.) by extension 'colcon_pkg'
[0.557s] Level 1:colcon.colcon_core.package_identification:_identify(.) by extensions ['colcon_meta']
[0.557s] Level 1:colcon.colcon_core.package_identification:_identify(.) by extension 'colcon_meta'
[0.557s] Level 1:colcon.colcon_core.package_identification:_identify(.) by extensions ['ros']
[0.557s] Level 1:colcon.colcon_core.package_identification:_identify(.) by extension 'ros'
[0.597s] Level 1:colcon.colcon_core.package_identification:_identify(.) by extensions ['cmake', 'python']
[0.598s] Level 1:colcon.colcon_core.package_identification:_identify(.) by extension 'cmake'
[0.598s] Level 1:colcon.colcon_core.package_identification:_identify(.) by extension 'python'
[0.598s] Level 1:colcon.colcon_core.package_identification:_identify(.) by extensions ['python_setup_py']
[0.598s] Level 1:colcon.colcon_core.package_identification:_identify(.) by extension 'python_setup_py'
[0.598s] Level 1:colcon.colcon_core.package_identification:_identify(build) by extensions ['ignore', 'ignore_ament_install']
[0.599s] Level 1:colcon.colcon_core.package_identification:_identify(build) by extension 'ignore'
[0.599s] Level 1:colcon.colcon_core.package_identification:_identify(build) ignored
[0.600s] Level 1:colcon.colcon_core.package_identification:_identify(install) by extensions ['ignore', 'ignore_ament_install']
[0.600s] Level 1:colcon.colcon_core.package_identification:_identify(install) by extension 'ignore'
[0.600s] Level 1:colcon.colcon_core.package_identification:_identify(install) ignored
[0.601s] Level 1:colcon.colcon_core.package_identification:_identify(log) by extensions ['ignore', 'ignore_ament_install']
[0.601s] Level 1:colcon.colcon_core.package_identification:_identify(log) by extension 'ignore'
[0.601s] Level 1:colcon.colcon_core.package_identification:_identify(log) ignored
[0.601s] Level 1:colcon.colcon_core.package_identification:_identify(src) by extensions ['ignore', 'ignore_ament_install']
[0.602s] Level 1:colcon.colcon_core.package_identification:_identify(src) by extension 'ignore'
[0.602s] Level 1:colcon.colcon_core.package_identification:_identify(src) by extension 'ignore_ament_install'
[0.602s] Level 1:colcon.colcon_core.package_identification:_identify(src) by extensions ['colcon_pkg']
[0.602s] Level 1:colcon.colcon_core.package_identification:_identify(src) by extension 'colcon_pkg'
[0.602s] Level 1:colcon.colcon_core.package_identification:_identify(src) by extensions ['colcon_meta']
[0.603s] Level 1:colcon.colcon_core.package_identification:_identify(src) by extension 'colcon_meta'
[0.603s] Level 1:colcon.colcon_core.package_identification:_identify(src) by extensions ['ros']
[0.603s] Level 1:colcon.colcon_core.package_identification:_identify(src) by extension 'ros'
[0.603s] Level 1:colcon.colcon_core.package_identification:_identify(src) by extensions ['cmake', 'python']
[0.603s] Level 1:colcon.colcon_core.package_identification:_identify(src) by extension 'cmake'
[0.603s] Level 1:colcon.colcon_core.package_identification:_identify(src) by extension 'python'
[0.604s] Level 1:colcon.colcon_core.package_identification:_identify(src) by extensions ['python_setup_py']
[0.604s] Level 1:colcon.colcon_core.package_identification:_identify(src) by extension 'python_setup_py'
[0.604s] Level 1:colcon.colcon_core.package_identification:_identify(src/emmanuel) by extensions ['ignore', 'ignore_ament_install']
[0.604s] Level 1:colcon.colcon_core.package_identification:_identify(src/emmanuel) by extension 'ignore'
[0.605s] Level 1:colcon.colcon_core.package_identification:_identify(src/emmanuel) by extension 'ignore_ament_install'
[0.605s] Level 1:colcon.colcon_core.package_identification:_identify(src/emmanuel) by extensions ['colcon_pkg']
[0.605s] Level 1:colcon.colcon_core.package_identification:_identify(src/emmanuel) by extension 'colcon_pkg'
[0.605s] Level 1:colcon.colcon_core.package_identification:_identify(src/emmanuel) by extensions ['colcon_meta']
[0.605s] Level 1:colcon.colcon_core.package_identification:_identify(src/emmanuel) by extension 'colcon_meta'
[0.605s] Level 1:colcon.colcon_core.package_identification:_identify(src/emmanuel) by extensions ['ros']
[0.605s] Level 1:colcon.colcon_core.package_identification:_identify(src/emmanuel) by extension 'ros'
[0.614s] DEBUG:colcon.colcon_core.package_identification:Package 'src/emmanuel' with type 'ros.ament_python' and name 'emmanuel'
[0.614s] Level 1:colcon.colcon_core.package_identification:_identify(src/ros2_mpu9250_driver) by extensions ['ignore', 'ignore_ament_install']
[0.615s] Level 1:colcon.colcon_core.package_identification:_identify(src/ros2_mpu9250_driver) by extension 'ignore'
[0.615s] Level 1:colcon.colcon_core.package_identification:_identify(src/ros2_mpu9250_driver) by extension 'ignore_ament_install'
[0.615s] Level 1:colcon.colcon_core.package_identification:_identify(src/ros2_mpu9250_driver) by extensions ['colcon_pkg']
[0.615s] Level 1:colcon.colcon_core.package_identification:_identify(src/ros2_mpu9250_driver) by extension 'colcon_pkg'
[0.615s] Level 1:colcon.colcon_core.package_identification:_identify(src/ros2_mpu9250_driver) by extensions ['colcon_meta']
[0.615s] Level 1:colcon.colcon_core.package_identification:_identify(src/ros2_mpu9250_driver) by extension 'colcon_meta'
[0.616s] Level 1:colcon.colcon_core.package_identification:_identify(src/ros2_mpu9250_driver) by extensions ['ros']
[0.616s] Level 1:colcon.colcon_core.package_identification:_identify(src/ros2_mpu9250_driver) by extension 'ros'
[0.617s] DEBUG:colcon.colcon_core.package_identification:Package 'src/ros2_mpu9250_driver' with type 'ros.ament_cmake' and name 'mpu9250driver'
[0.618s] Level 1:colcon.colcon_core.package_identification:_identify(src/rplidar_ros) by extensions ['ignore', 'ignore_ament_install']
[0.618s] Level 1:colcon.colcon_core.package_identification:_identify(src/rplidar_ros) by extension 'ignore'
[0.619s] Level 1:colcon.colcon_core.package_identification:_identify(src/rplidar_ros) by extension 'ignore_ament_install'
[0.619s] Level 1:colcon.colcon_core.package_identification:_identify(src/rplidar_ros) by extensions ['colcon_pkg']
[0.619s] Level 1:colcon.colcon_core.package_identification:_identify(src/rplidar_ros) by extension 'colcon_pkg'
[0.619s] Level 1:colcon.colcon_core.package_identification:_identify(src/rplidar_ros) by extensions ['colcon_meta']
[0.619s] Level 1:colcon.colcon_core.package_identification:_identify(src/rplidar_ros) by extension 'colcon_meta'
[0.619s] Level 1:colcon.colcon_core.package_identification:_identify(src/rplidar_ros) by extensions ['ros']
[0.619s] Level 1:colcon.colcon_core.package_identification:_identify(src/rplidar_ros) by extension 'ros'
[0.620s] Level 1:colcon.colcon_core.package_identification:_identify(src/rplidar_ros) by extensions ['cmake', 'python']
[0.620s] Level 1:colcon.colcon_core.package_identification:_identify(src/rplidar_ros) by extension 'cmake'
[0.620s] Level 1:colcon.colcon_core.package_identification:_identify(src/rplidar_ros) by extension 'python'
[0.620s] Level 1:colcon.colcon_core.package_identification:_identify(src/rplidar_ros) by extensions ['python_setup_py']
[0.620s] Level 1:colcon.colcon_core.package_identification:_identify(src/rplidar_ros) by extension 'python_setup_py'
[0.621s] Level 1:colcon.colcon_core.package_identification:_identify(src/testing) by extensions ['ignore', 'ignore_ament_install']
[0.621s] Level 1:colcon.colcon_core.package_identification:_identify(src/testing) by extension 'ignore'
[0.621s] Level 1:colcon.colcon_core.package_identification:_identify(src/testing) ignored
[0.621s] Level 1:colcon.colcon_core.package_discovery:discover_packages(recursive) using defaults
[0.621s] Level 1:colcon.colcon_core.package_discovery:discover_packages(ignore) discover
[0.622s] Level 1:colcon.colcon_core.package_discovery:discover_packages(ignore) using defaults
[0.622s] Level 1:colcon.colcon_core.package_discovery:discover_packages(path) discover
[0.622s] Level 1:colcon.colcon_core.package_discovery:discover_packages(path) using defaults
[0.685s] Level 1:colcon.colcon_core.package_discovery:discover_packages(prefix_path) check parameters
[0.686s] Level 1:colcon.colcon_core.package_discovery:discover_packages(prefix_path) discover
[0.690s] Level 1:colcon.colcon_core.package_discovery:discover_packages(prefix_path) using defaults
[0.695s] Level 5:colcon.colcon_core.verb:set package 'emmanuel' build argument 'cmake_args' from command line to 'None'
[0.696s] Level 5:colcon.colcon_core.verb:set package 'emmanuel' build argument 'cmake_target' from command line to 'None'
[0.696s] Level 5:colcon.colcon_core.verb:set package 'emmanuel' build argument 'cmake_target_skip_unavailable' from command line to 'False'
[0.696s] Level 5:colcon.colcon_core.verb:set package 'emmanuel' build argument 'cmake_clean_cache' from command line to 'False'
[0.696s] Level 5:colcon.colcon_core.verb:set package 'emmanuel' build argument 'cmake_clean_first' from command line to 'False'
[0.696s] Level 5:colcon.colcon_core.verb:set package 'emmanuel' build argument 'cmake_force_configure' from command line to 'False'
[0.696s] Level 5:colcon.colcon_core.verb:set package 'emmanuel' build argument 'ament_cmake_args' from command line to 'None'
[0.696s] Level 5:colcon.colcon_core.verb:set package 'emmanuel' build argument 'catkin_cmake_args' from command line to 'None'
[0.696s] Level 5:colcon.colcon_core.verb:set package 'emmanuel' build argument 'catkin_skip_building_tests' from command line to 'False'
[0.696s] DEBUG:colcon.colcon_core.verb:Building package 'emmanuel' with the following arguments: {'ament_cmake_args': None, 'build_base': '/home/ubuntu/Emmanuel_Jr_robot/build/emmanuel', 'catkin_cmake_args': None, 'catkin_skip_building_tests': False, 'cmake_args': None, 'cmake_clean_cache': False, 'cmake_clean_first': False, 'cmake_force_configure': False, 'cmake_target': None, 'cmake_target_skip_unavailable': False, 'install_base': '/home/ubuntu/Emmanuel_Jr_robot/install/emmanuel', 'merge_install': False, 'path': '/home/ubuntu/Emmanuel_Jr_robot/src/emmanuel', 'symlink_install': False, 'test_result_base': None}
[0.699s] Level 5:colcon.colcon_core.verb:set package 'mpu9250driver' build argument 'cmake_args' from command line to 'None'
[0.699s] Level 5:colcon.colcon_core.verb:set package 'mpu9250driver' build argument 'cmake_target' from command line to 'None'
[0.699s] Level 5:colcon.colcon_core.verb:set package 'mpu9250driver' build argument 'cmake_target_skip_unavailable' from command line to 'False'
[0.699s] Level 5:colcon.colcon_core.verb:set package 'mpu9250driver' build argument 'cmake_clean_cache' from command line to 'False'
[0.699s] Level 5:colcon.colcon_core.verb:set package 'mpu9250driver' build argument 'cmake_clean_first' from command line to 'False'
[0.699s] Level 5:colcon.colcon_core.verb:set package 'mpu9250driver' build argument 'cmake_force_configure' from command line to 'False'
[0.700s] Level 5:colcon.colcon_core.verb:set package 'mpu9250driver' build argument 'ament_cmake_args' from command line to 'None'
[0.700s] Level 5:colcon.colcon_core.verb:set package 'mpu9250driver' build argument 'catkin_cmake_args' from command line to 'None'
[0.700s] Level 5:colcon.colcon_core.verb:set package 'mpu9250driver' build argument 'catkin_skip_building_tests' from command line to 'False'
[0.700s] DEBUG:colcon.colcon_core.verb:Building package 'mpu9250driver' with the following arguments: {'ament_cmake_args': None, 'build_base': '/home/ubuntu/Emmanuel_Jr_robot/build/mpu9250driver', 'catkin_cmake_args': None, 'catkin_skip_building_tests': False, 'cmake_args': None, 'cmake_clean_cache': False, 'cmake_clean_first': False, 'cmake_force_configure': False, 'cmake_target': None, 'cmake_target_skip_unavailable': False, 'install_base': '/home/ubuntu/Emmanuel_Jr_robot/install/mpu9250driver', 'merge_install': False, 'path': '/home/ubuntu/Emmanuel_Jr_robot/src/ros2_mpu9250_driver', 'symlink_install': False, 'test_result_base': None}
[0.701s] INFO:colcon.colcon_core.executor:Executing jobs using 'parallel' executor
[0.708s] DEBUG:colcon.colcon_parallel_executor.executor.parallel:run_until_complete
[0.709s] INFO:colcon.colcon_ros.task.ament_python.build:Building ROS package in '/home/ubuntu/Emmanuel_Jr_robot/src/emmanuel' with build type 'ament_python'
[0.709s] Level 1:colcon.colcon_core.shell:create_environment_hook('emmanuel', 'ament_prefix_path')
[0.721s] INFO:colcon.colcon_core.plugin_system:Skipping extension 'colcon_core.shell.bat': Not used on non-Windows systems
[0.722s] INFO:colcon.colcon_core.shell:Creating environment hook '/home/ubuntu/Emmanuel_Jr_robot/install/emmanuel/share/emmanuel/hook/ament_prefix_path.ps1'
[0.725s] INFO:colcon.colcon_core.shell:Creating environment descriptor '/home/ubuntu/Emmanuel_Jr_robot/install/emmanuel/share/emmanuel/hook/ament_prefix_path.dsv'
[0.726s] INFO:colcon.colcon_core.shell:Creating environment hook '/home/ubuntu/Emmanuel_Jr_robot/install/emmanuel/share/emmanuel/hook/ament_prefix_path.sh'
[0.730s] INFO:colcon.colcon_core.shell:Skip shell extension 'powershell' for command environment: Not usable outside of PowerShell
[0.731s] DEBUG:colcon.colcon_core.shell:Skip shell extension 'dsv' for command environment
[0.741s] INFO:colcon.colcon_ros.task.ament_cmake.build:Building ROS package in '/home/ubuntu/Emmanuel_Jr_robot/src/ros2_mpu9250_driver' with build type 'ament_cmake'
[0.742s] INFO:colcon.colcon_cmake.task.cmake.build:Building CMake package in '/home/ubuntu/Emmanuel_Jr_robot/src/ros2_mpu9250_driver'
[0.745s] INFO:colcon.colcon_core.shell:Skip shell extension 'powershell' for command environment: Not usable outside of PowerShell
[0.745s] DEBUG:colcon.colcon_core.shell:Skip shell extension 'dsv' for command environment
[1.496s] INFO:colcon.colcon_core.task.python.build:Building Python package in '/home/ubuntu/Emmanuel_Jr_robot/src/emmanuel'
[1.498s] INFO:colcon.colcon_core.shell:Skip shell extension 'powershell' for command environment: Not usable outside of PowerShell
[1.498s] DEBUG:colcon.colcon_core.shell:Skip shell extension 'dsv' for command environment
[1.520s] DEBUG:colcon.colcon_core.event_handler.log_command:Invoking command in '/home/ubuntu/Emmanuel_Jr_robot/build/mpu9250driver': /usr/bin/cmake --build /home/ubuntu/Emmanuel_Jr_robot/build/mpu9250driver -- -j4 -l4
[3.519s] DEBUG:colcon.colcon_core.event_handler.log_command:Invoking command in '/home/ubuntu/Emmanuel_Jr_robot/src/emmanuel': PYTHONPATH=/home/ubuntu/Emmanuel_Jr_robot/install/emmanuel/lib/python3.8/site-packages: /usr/bin/python3 setup.py egg_info --egg-base ../../build/emmanuel build --build-base /home/ubuntu/Emmanuel_Jr_robot/build/emmanuel/build install --prefix /home/ubuntu/Emmanuel_Jr_robot/install/emmanuel --record /home/ubuntu/Emmanuel_Jr_robot/build/emmanuel/install.log --single-version-externally-managed
[4.836s] DEBUG:colcon.colcon_core.event_handler.log_command:Invoked command in '/home/ubuntu/Emmanuel_Jr_robot/src/emmanuel' returned '0': PYTHONPATH=/home/ubuntu/Emmanuel_Jr_robot/install/emmanuel/lib/python3.8/site-packages: /usr/bin/python3 setup.py egg_info --egg-base ../../build/emmanuel build --build-base /home/ubuntu/Emmanuel_Jr_robot/build/emmanuel/build install --prefix /home/ubuntu/Emmanuel_Jr_robot/install/emmanuel --record /home/ubuntu/Emmanuel_Jr_robot/build/emmanuel/install.log --single-version-externally-managed
[4.855s] Level 1:colcon.colcon_core.environment:checking '/home/ubuntu/Emmanuel_Jr_robot/install/emmanuel' for CMake module files
[4.857s] Level 1:colcon.colcon_core.environment:checking '/home/ubuntu/Emmanuel_Jr_robot/install/emmanuel' for CMake config files
[4.861s] Level 1:colcon.colcon_core.environment:checking '/home/ubuntu/Emmanuel_Jr_robot/install/emmanuel/lib'
[4.862s] Level 1:colcon.colcon_core.environment:checking '/home/ubuntu/Emmanuel_Jr_robot/install/emmanuel/bin'
[4.863s] Level 1:colcon.colcon_core.environment:checking '/home/ubuntu/Emmanuel_Jr_robot/install/emmanuel/lib/pkgconfig/emmanuel.pc'
[4.864s] Level 1:colcon.colcon_core.environment:checking '/home/ubuntu/Emmanuel_Jr_robot/install/emmanuel/lib/python3.8/site-packages'
[4.864s] Level 1:colcon.colcon_core.shell:create_environment_hook('emmanuel', 'pythonpath')
[4.866s] INFO:colcon.colcon_core.shell:Creating environment hook '/home/ubuntu/Emmanuel_Jr_robot/install/emmanuel/share/emmanuel/hook/pythonpath.ps1'
[4.869s] INFO:colcon.colcon_core.shell:Creating environment descriptor '/home/ubuntu/Emmanuel_Jr_robot/install/emmanuel/share/emmanuel/hook/pythonpath.dsv'
[4.871s] INFO:colcon.colcon_core.shell:Creating environment hook '/home/ubuntu/Emmanuel_Jr_robot/install/emmanuel/share/emmanuel/hook/pythonpath.sh'
[4.874s] Level 1:colcon.colcon_core.environment:checking '/home/ubuntu/Emmanuel_Jr_robot/install/emmanuel/bin'
[4.874s] Level 1:colcon.colcon_core.environment:create_environment_scripts_only(emmanuel)
[4.877s] INFO:colcon.colcon_core.shell:Creating package script '/home/ubuntu/Emmanuel_Jr_robot/install/emmanuel/share/emmanuel/package.ps1'
[4.881s] INFO:colcon.colcon_core.shell:Creating package descriptor '/home/ubuntu/Emmanuel_Jr_robot/install/emmanuel/share/emmanuel/package.dsv'
[4.884s] INFO:colcon.colcon_core.shell:Creating package script '/home/ubuntu/Emmanuel_Jr_robot/install/emmanuel/share/emmanuel/package.sh'
[4.887s] INFO:colcon.colcon_core.shell:Creating package script '/home/ubuntu/Emmanuel_Jr_robot/install/emmanuel/share/emmanuel/package.bash'
[4.891s] INFO:colcon.colcon_core.shell:Creating package script '/home/ubuntu/Emmanuel_Jr_robot/install/emmanuel/share/emmanuel/package.zsh'
[4.894s] Level 1:colcon.colcon_core.environment:create_file_with_runtime_dependencies(/home/ubuntu/Emmanuel_Jr_robot/install/emmanuel/share/colcon-core/packages/emmanuel)
[21.877s] DEBUG:colcon.colcon_core.event_handler.log_command:Invoked command in '/home/ubuntu/Emmanuel_Jr_robot/build/mpu9250driver' returned '0': /usr/bin/cmake --build /home/ubuntu/Emmanuel_Jr_robot/build/mpu9250driver -- -j4 -l4
[22.007s] DEBUG:colcon.colcon_core.event_handler.log_command:Invoking command in '/home/ubuntu/Emmanuel_Jr_robot/build/mpu9250driver': /usr/bin/cmake --install /home/ubuntu/Emmanuel_Jr_robot/build/mpu9250driver
[22.079s] Level 1:colcon.colcon_core.environment:create_environment_scripts_only(mpu9250driver)
[22.082s] Level 1:colcon.colcon_core.environment:checking '/home/ubuntu/Emmanuel_Jr_robot/install/mpu9250driver' for CMake module files
[22.084s] DEBUG:colcon.colcon_core.event_handler.log_command:Invoked command in '/home/ubuntu/Emmanuel_Jr_robot/build/mpu9250driver' returned '0': /usr/bin/cmake --install /home/ubuntu/Emmanuel_Jr_robot/build/mpu9250driver
[22.086s] Level 1:colcon.colcon_core.environment:checking '/home/ubuntu/Emmanuel_Jr_robot/install/mpu9250driver' for CMake config files
[22.087s] Level 1:colcon.colcon_core.shell:create_environment_hook('mpu9250driver', 'cmake_prefix_path')
[22.089s] INFO:colcon.colcon_core.shell:Creating environment hook '/home/ubuntu/Emmanuel_Jr_robot/install/mpu9250driver/share/mpu9250driver/hook/cmake_prefix_path.ps1'
[22.091s] INFO:colcon.colcon_core.shell:Creating environment descriptor '/home/ubuntu/Emmanuel_Jr_robot/install/mpu9250driver/share/mpu9250driver/hook/cmake_prefix_path.dsv'
[22.092s] INFO:colcon.colcon_core.shell:Creating environment hook '/home/ubuntu/Emmanuel_Jr_robot/install/mpu9250driver/share/mpu9250driver/hook/cmake_prefix_path.sh'
[22.095s] Level 1:colcon.colcon_core.environment:checking '/home/ubuntu/Emmanuel_Jr_robot/install/mpu9250driver/lib'
[22.095s] Level 1:colcon.colcon_core.environment:checking '/home/ubuntu/Emmanuel_Jr_robot/install/mpu9250driver/bin'
[22.095s] Level 1:colcon.colcon_core.environment:checking '/home/ubuntu/Emmanuel_Jr_robot/install/mpu9250driver/lib/pkgconfig/mpu9250driver.pc'
[22.096s] Level 1:colcon.colcon_core.environment:checking '/home/ubuntu/Emmanuel_Jr_robot/install/mpu9250driver/lib/python3.8/site-packages'
[22.097s] Level 1:colcon.colcon_core.environment:checking '/home/ubuntu/Emmanuel_Jr_robot/install/mpu9250driver/bin'
[22.099s] INFO:colcon.colcon_core.shell:Creating package script '/home/ubuntu/Emmanuel_Jr_robot/install/mpu9250driver/share/mpu9250driver/package.ps1'
[22.101s] INFO:colcon.colcon_core.shell:Creating package descriptor '/home/ubuntu/Emmanuel_Jr_robot/install/mpu9250driver/share/mpu9250driver/package.dsv'
[22.103s] INFO:colcon.colcon_core.shell:Creating package script '/home/ubuntu/Emmanuel_Jr_robot/install/mpu9250driver/share/mpu9250driver/package.sh'
[22.105s] INFO:colcon.colcon_core.shell:Creating package script '/home/ubuntu/Emmanuel_Jr_robot/install/mpu9250driver/share/mpu9250driver/package.bash'
[22.106s] INFO:colcon.colcon_core.shell:Creating package script '/home/ubuntu/Emmanuel_Jr_robot/install/mpu9250driver/share/mpu9250driver/package.zsh'
[22.108s] Level 1:colcon.colcon_core.environment:create_file_with_runtime_dependencies(/home/ubuntu/Emmanuel_Jr_robot/install/mpu9250driver/share/colcon-core/packages/mpu9250driver)
[22.195s] Level 1:colcon.colcon_core.environment:create_environment_scripts_only(mpu9250driver)
[22.198s] Level 1:colcon.colcon_core.environment:checking '/home/ubuntu/Emmanuel_Jr_robot/install/mpu9250driver' for CMake module files
[22.201s] Level 1:colcon.colcon_core.environment:checking '/home/ubuntu/Emmanuel_Jr_robot/install/mpu9250driver' for CMake config files
[22.203s] Level 1:colcon.colcon_core.shell:create_environment_hook('mpu9250driver', 'cmake_prefix_path')
[22.205s] INFO:colcon.colcon_core.shell:Creating environment hook '/home/ubuntu/Emmanuel_Jr_robot/install/mpu9250driver/share/mpu9250driver/hook/cmake_prefix_path.ps1'
[22.207s] INFO:colcon.colcon_core.shell:Creating environment descriptor '/home/ubuntu/Emmanuel_Jr_robot/install/mpu9250driver/share/mpu9250driver/hook/cmake_prefix_path.dsv'
[22.209s] INFO:colcon.colcon_core.shell:Creating environment hook '/home/ubuntu/Emmanuel_Jr_robot/install/mpu9250driver/share/mpu9250driver/hook/cmake_prefix_path.sh'
[22.212s] Level 1:colcon.colcon_core.environment:checking '/home/ubuntu/Emmanuel_Jr_robot/install/mpu9250driver/lib'
[22.212s] Level 1:colcon.colcon_core.environment:checking '/home/ubuntu/Emmanuel_Jr_robot/install/mpu9250driver/bin'
[22.213s] Level 1:colcon.colcon_core.environment:checking '/home/ubuntu/Emmanuel_Jr_robot/install/mpu9250driver/lib/pkgconfig/mpu9250driver.pc'
[22.213s] Level 1:colcon.colcon_core.environment:checking '/home/ubuntu/Emmanuel_Jr_robot/install/mpu9250driver/lib/python3.8/site-packages'
[22.214s] Level 1:colcon.colcon_core.environment:checking '/home/ubuntu/Emmanuel_Jr_robot/install/mpu9250driver/bin'
[22.216s] INFO:colcon.colcon_core.shell:Creating package script '/home/ubuntu/Emmanuel_Jr_robot/install/mpu9250driver/share/mpu9250driver/package.ps1'
[22.218s] INFO:colcon.colcon_core.shell:Creating package descriptor '/home/ubuntu/Emmanuel_Jr_robot/install/mpu9250driver/share/mpu9250driver/package.dsv'
[22.220s] INFO:colcon.colcon_core.shell:Creating package script '/home/ubuntu/Emmanuel_Jr_robot/install/mpu9250driver/share/mpu9250driver/package.sh'
[22.222s] INFO:colcon.colcon_core.shell:Creating package script '/home/ubuntu/Emmanuel_Jr_robot/install/mpu9250driver/share/mpu9250driver/package.bash'
[22.224s] INFO:colcon.colcon_core.shell:Creating package script '/home/ubuntu/Emmanuel_Jr_robot/install/mpu9250driver/share/mpu9250driver/package.zsh'
[22.225s] Level 1:colcon.colcon_core.environment:create_file_with_runtime_dependencies(/home/ubuntu/Emmanuel_Jr_robot/install/mpu9250driver/share/colcon-core/packages/mpu9250driver)
[22.226s] DEBUG:colcon.colcon_parallel_executor.executor.parallel:closing loop
[22.227s] DEBUG:colcon.colcon_parallel_executor.executor.parallel:loop closed
[22.228s] DEBUG:colcon.colcon_parallel_executor.executor.parallel:run_until_complete finished with '0'
[22.228s] DEBUG:colcon.colcon_core.event_reactor:joining thread
[22.250s] INFO:colcon.colcon_core.plugin_system:Skipping extension 'colcon_notification.desktop_notification.notify_send': Could not find 'notify-send'
[22.250s] INFO:colcon.colcon_core.plugin_system:Skipping extension 'colcon_notification.desktop_notification.terminal_notifier': Not used on non-Darwin systems
[22.250s] INFO:colcon.colcon_core.plugin_system:Skipping extension 'colcon_notification.desktop_notification.win32': Not used on non-Windows systems
[22.250s] INFO:colcon.colcon_notification.desktop_notification:Sending desktop notification using 'notify2'
[22.251s] DEBUG:colcon.colcon_notification.desktop_notification.notify2:Failed to initialize notify2: org.freedesktop.DBus.Error.NotSupported: Unable to autolaunch a dbus-daemon without a $DISPLAY for X11
[22.251s] DEBUG:colcon.colcon_core.event_reactor:joined thread
[22.253s] INFO:colcon.colcon_core.shell:Creating prefix script '/home/ubuntu/Emmanuel_Jr_robot/install/local_setup.ps1'
[22.256s] INFO:colcon.colcon_core.shell:Creating prefix util module '/home/ubuntu/Emmanuel_Jr_robot/install/_local_setup_util_ps1.py'
[22.262s] INFO:colcon.colcon_core.shell:Creating prefix chain script '/home/ubuntu/Emmanuel_Jr_robot/install/setup.ps1'
[22.266s] INFO:colcon.colcon_core.shell:Creating prefix script '/home/ubuntu/Emmanuel_Jr_robot/install/local_setup.sh'
[22.268s] INFO:colcon.colcon_core.shell:Creating prefix util module '/home/ubuntu/Emmanuel_Jr_robot/install/_local_setup_util_sh.py'
[22.270s] INFO:colcon.colcon_core.shell:Creating prefix chain script '/home/ubuntu/Emmanuel_Jr_robot/install/setup.sh'
[22.274s] INFO:colcon.colcon_core.shell:Creating prefix script '/home/ubuntu/Emmanuel_Jr_robot/install/local_setup.bash'
[22.276s] INFO:colcon.colcon_core.shell:Creating prefix chain script '/home/ubuntu/Emmanuel_Jr_robot/install/setup.bash'
[22.283s] INFO:colcon.colcon_core.shell:Creating prefix script '/home/ubuntu/Emmanuel_Jr_robot/install/local_setup.zsh'
[22.285s] INFO:colcon.colcon_core.shell:Creating prefix chain script '/home/ubuntu/Emmanuel_Jr_robot/install/setup.zsh'
