[1.665s] Invoking command in '/home/snake/Emmanuel_Jr_robot/src/emmanuel_jr': PYTHONPATH=/home/snake/Emmanuel_Jr_robot/install/emmanuel_jr/lib/python3.8/site-packages:${PYTHONPATH} /usr/bin/python3 setup.py egg_info --egg-base ../../build/emmanuel_jr build --build-base /home/snake/Emmanuel_Jr_robot/build/emmanuel_jr/build install --prefix /home/snake/Emmanuel_Jr_robot/install/emmanuel_jr --record /home/snake/Emmanuel_Jr_robot/build/emmanuel_jr/install.log --single-version-externally-managed
[2.476s] running egg_info
[2.530s] writing ../../build/emmanuel_jr/emmanuel_jr.egg-info/PKG-INFO
[2.574s] writing dependency_links to ../../build/emmanuel_jr/emmanuel_jr.egg-info/dependency_links.txt
[2.791s] writing requirements to ../../build/emmanuel_jr/emmanuel_jr.egg-info/requires.txt
[2.837s] writing top-level names to ../../build/emmanuel_jr/emmanuel_jr.egg-info/top_level.txt
[2.907s] reading manifest file '../../build/emmanuel_jr/emmanuel_jr.egg-info/SOURCES.txt'
[2.907s] writing manifest file '../../build/emmanuel_jr/emmanuel_jr.egg-info/SOURCES.txt'
[2.907s] running build
[2.908s] running build_py
[2.908s] running install
[2.909s] /usr/local/lib/python3.8/dist-packages/setuptools/command/install.py:34: SetuptoolsDeprecationWarning: setup.py install is deprecated. Use build and pip and other standards-based tools.
[2.909s]   warnings.warn(
[2.914s] running install_lib
[2.971s] running install_data
[2.981s] running install_egg_info
[3.044s] Copying ../../build/emmanuel_jr/emmanuel_jr.egg-info to /home/snake/Emmanuel_Jr_robot/install/emmanuel_jr/lib/python3.8/site-packages/emmanuel_jr-0.0.1-py3.8.egg-info
[3.044s] running install_scripts
[3.141s] writing list of installed files to '/home/snake/Emmanuel_Jr_robot/build/emmanuel_jr/install.log'
[3.169s] Invoked command in '/home/snake/Emmanuel_Jr_robot/src/emmanuel_jr' returned '0': PYTHONPATH=/home/snake/Emmanuel_Jr_robot/install/emmanuel_jr/lib/python3.8/site-packages:${PYTHONPATH} /usr/bin/python3 setup.py egg_info --egg-base ../../build/emmanuel_jr build --build-base /home/snake/Emmanuel_Jr_robot/build/emmanuel_jr/build install --prefix /home/snake/Emmanuel_Jr_robot/install/emmanuel_jr --record /home/snake/Emmanuel_Jr_robot/build/emmanuel_jr/install.log --single-version-externally-managed
