[0.013s] Invoking command in '/home/snake/Emmanuel_Jr_robot/build/nav2_msgs': AMENT_PREFIX_PATH=/home/snake/Emmanuel_Jr_robot/install/nav2_common:${AMENT_PREFIX_PATH} CMAKE_PREFIX_PATH=/home/snake/Emmanuel_Jr_robot/install/nav2_common:/opt/ros/galactic PYTHONPATH=/home/snake/Emmanuel_Jr_robot/install/nav2_common/lib/python3.8/site-packages:${PYTHONPATH} /usr/bin/cmake /home/snake/Emmanuel_Jr_robot/src/navigation2/nav2_msgs -DCMAKE_INSTALL_PREFIX=/home/snake/Emmanuel_Jr_robot/install/nav2_msgs
[0.049s] -- Found ament_cmake: 1.1.5 (/opt/ros/galactic/share/ament_cmake/cmake)
[0.088s] -- Found PythonInterp: /usr/bin/python3 (found suitable version "3.8.10", minimum required is "3") 
[0.088s] -- Using PYTHON_EXECUTABLE: /usr/bin/python3
[0.157s] -- Override CMake install command with custom implementation using symlinks instead of copying resources
[0.167s] -- Found nav2_common: 1.0.12 (/home/snake/Emmanuel_Jr_robot/install/nav2_common/share/nav2_common/cmake)
[0.168s] -- Found builtin_interfaces: 1.0.3 (/opt/ros/galactic/share/builtin_interfaces/cmake)
[0.199s] -- Using all available rosidl_typesupport_c: rosidl_typesupport_fastrtps_c;rosidl_typesupport_introspection_c
[0.205s] -- Found rosidl_adapter: 2.2.2 (/opt/ros/galactic/share/rosidl_adapter/cmake)
[0.361s] -- Using all available rosidl_typesupport_cpp: rosidl_typesupport_fastrtps_cpp;rosidl_typesupport_introspection_cpp
[0.387s] -- Found nav_msgs: 2.2.4 (/opt/ros/galactic/share/nav_msgs/cmake)
[0.530s] -- Found rosidl_default_generators: 1.1.1 (/opt/ros/galactic/share/rosidl_default_generators/cmake)
[0.541s] -- Found action_msgs: 1.0.3 (/opt/ros/galactic/share/action_msgs/cmake)
[0.676s] -- Found PythonInterp: /usr/bin/python3 (found version "3.8.10") 
[1.243s] -- Found ament_cmake_ros: 0.9.2 (/opt/ros/galactic/share/ament_cmake_ros/cmake)
[1.542s] -- Using all available rosidl_typesupport_c: rosidl_typesupport_fastrtps_c;rosidl_typesupport_introspection_c
[1.696s] -- Using all available rosidl_typesupport_cpp: rosidl_typesupport_fastrtps_cpp;rosidl_typesupport_introspection_cpp
[1.735s] -- Found PythonInterp: /usr/bin/python3 (found suitable version "3.8.10", minimum required is "3.5") 
[1.735s] -- Found python_cmake_module: 0.8.1 (/opt/ros/galactic/share/python_cmake_module/cmake)
[1.764s] -- Using PYTHON_EXECUTABLE: /usr/bin/python3
[1.764s] -- Using PYTHON_INCLUDE_DIRS: /usr/include/python3.8
[1.764s] -- Using PYTHON_LIBRARIES: /usr/lib/x86_64-linux-gnu/libpython3.8.so
[2.005s] -- Configuring done
[2.450s] -- Generating done
[2.474s] -- Build files have been written to: /home/snake/Emmanuel_Jr_robot/build/nav2_msgs
[2.497s] Invoked command in '/home/snake/Emmanuel_Jr_robot/build/nav2_msgs' returned '0': AMENT_PREFIX_PATH=/home/snake/Emmanuel_Jr_robot/install/nav2_common:${AMENT_PREFIX_PATH} CMAKE_PREFIX_PATH=/home/snake/Emmanuel_Jr_robot/install/nav2_common:/opt/ros/galactic PYTHONPATH=/home/snake/Emmanuel_Jr_robot/install/nav2_common/lib/python3.8/site-packages:${PYTHONPATH} /usr/bin/cmake /home/snake/Emmanuel_Jr_robot/src/navigation2/nav2_msgs -DCMAKE_INSTALL_PREFIX=/home/snake/Emmanuel_Jr_robot/install/nav2_msgs
[2.501s] Invoking command in '/home/snake/Emmanuel_Jr_robot/build/nav2_msgs': AMENT_PREFIX_PATH=/home/snake/Emmanuel_Jr_robot/install/nav2_common:${AMENT_PREFIX_PATH} CMAKE_PREFIX_PATH=/home/snake/Emmanuel_Jr_robot/install/nav2_common:/opt/ros/galactic PYTHONPATH=/home/snake/Emmanuel_Jr_robot/install/nav2_common/lib/python3.8/site-packages:${PYTHONPATH} /usr/bin/cmake --build /home/snake/Emmanuel_Jr_robot/build/nav2_msgs -- -j2 -l2
[2.775s] [  0%] Built target nav2_msgs__cpp
[2.819s] [ 12%] Built target nav2_msgs__rosidl_generator_c
[2.958s] [ 25%] Built target nav2_msgs__rosidl_typesupport_introspection_cpp
[2.963s] [ 37%] Built target nav2_msgs__rosidl_typesupport_cpp
[3.094s] [ 50%] Built target nav2_msgs__rosidl_typesupport_introspection_c
[3.140s] [ 62%] Built target nav2_msgs__rosidl_typesupport_fastrtps_cpp
[3.260s] [ 74%] Built target nav2_msgs__rosidl_typesupport_fastrtps_c
[3.361s] [ 86%] Built target nav2_msgs__rosidl_typesupport_c
[3.460s] [ 86%] Built target nav2_msgs
[3.576s] [ 86%] Built target nav2_msgs__py
[3.704s] [ 98%] Built target nav2_msgs__python
[3.824s] [ 98%] Built target nav2_msgs__rosidl_typesupport_introspection_c__pyext
[3.847s] [ 99%] Built target nav2_msgs__rosidl_typesupport_c__pyext
[3.867s] [100%] Built target nav2_msgs__rosidl_typesupport_fastrtps_c__pyext
[3.884s] Invoked command in '/home/snake/Emmanuel_Jr_robot/build/nav2_msgs' returned '0': AMENT_PREFIX_PATH=/home/snake/Emmanuel_Jr_robot/install/nav2_common:${AMENT_PREFIX_PATH} CMAKE_PREFIX_PATH=/home/snake/Emmanuel_Jr_robot/install/nav2_common:/opt/ros/galactic PYTHONPATH=/home/snake/Emmanuel_Jr_robot/install/nav2_common/lib/python3.8/site-packages:${PYTHONPATH} /usr/bin/cmake --build /home/snake/Emmanuel_Jr_robot/build/nav2_msgs -- -j2 -l2
[4.576s] Invoking command in '/home/snake/Emmanuel_Jr_robot/build/nav2_msgs': AMENT_PREFIX_PATH=/home/snake/Emmanuel_Jr_robot/install/nav2_common:${AMENT_PREFIX_PATH} CMAKE_PREFIX_PATH=/home/snake/Emmanuel_Jr_robot/install/nav2_common:/opt/ros/galactic PYTHONPATH=/home/snake/Emmanuel_Jr_robot/install/nav2_common/lib/python3.8/site-packages:${PYTHONPATH} /usr/bin/cmake --install /home/snake/Emmanuel_Jr_robot/build/nav2_msgs
[4.591s] -- Install configuration: "Release"
[4.593s] -- Execute custom install script
[4.595s] -- Up-to-date symlink: /home/snake/Emmanuel_Jr_robot/install/nav2_msgs/share/ament_index/resource_index/rosidl_interfaces/nav2_msgs
[4.597s] -- Up-to-date symlink: /home/snake/Emmanuel_Jr_robot/install/nav2_msgs/include/nav2_msgs/action/back_up.h
[4.598s] -- Up-to-date symlink: /home/snake/Emmanuel_Jr_robot/install/nav2_msgs/include/nav2_msgs/action/compute_path_through_poses.h
[4.598s] -- Up-to-date symlink: /home/snake/Emmanuel_Jr_robot/install/nav2_msgs/include/nav2_msgs/action/compute_path_to_pose.h
[4.599s] -- Up-to-date symlink: /home/snake/Emmanuel_Jr_robot/install/nav2_msgs/include/nav2_msgs/action/detail/back_up__functions.h
[4.600s] -- Up-to-date symlink: /home/snake/Emmanuel_Jr_robot/install/nav2_msgs/include/nav2_msgs/action/detail/back_up__struct.h
[4.601s] -- Up-to-date symlink: /home/snake/Emmanuel_Jr_robot/install/nav2_msgs/include/nav2_msgs/action/detail/back_up__type_support.h
[4.601s] -- Up-to-date symlink: /home/snake/Emmanuel_Jr_robot/install/nav2_msgs/include/nav2_msgs/action/detail/compute_path_through_poses__functions.h
[4.602s] -- Up-to-date symlink: /home/snake/Emmanuel_Jr_robot/install/nav2_msgs/include/nav2_msgs/action/detail/compute_path_through_poses__struct.h
[4.603s] -- Up-to-date symlink: /home/snake/Emmanuel_Jr_robot/install/nav2_msgs/include/nav2_msgs/action/detail/compute_path_through_poses__type_support.h
[4.603s] -- Up-to-date symlink: /home/snake/Emmanuel_Jr_robot/install/nav2_msgs/include/nav2_msgs/action/detail/compute_path_to_pose__functions.h
[4.604s] -- Up-to-date symlink: /home/snake/Emmanuel_Jr_robot/install/nav2_msgs/include/nav2_msgs/action/detail/compute_path_to_pose__struct.h
[4.604s] -- Up-to-date symlink: /home/snake/Emmanuel_Jr_robot/install/nav2_msgs/include/nav2_msgs/action/detail/compute_path_to_pose__type_support.h
[4.605s] -- Up-to-date symlink: /home/snake/Emmanuel_Jr_robot/install/nav2_msgs/include/nav2_msgs/action/detail/dummy_recovery__functions.h
[4.605s] -- Up-to-date symlink: /home/snake/Emmanuel_Jr_robot/install/nav2_msgs/include/nav2_msgs/action/detail/dummy_recovery__struct.h
[4.606s] -- Up-to-date symlink: /home/snake/Emmanuel_Jr_robot/install/nav2_msgs/include/nav2_msgs/action/detail/dummy_recovery__type_support.h
[4.607s] -- Up-to-date symlink: /home/snake/Emmanuel_Jr_robot/install/nav2_msgs/include/nav2_msgs/action/detail/follow_path__functions.h
[4.607s] -- Up-to-date symlink: /home/snake/Emmanuel_Jr_robot/install/nav2_msgs/include/nav2_msgs/action/detail/follow_path__struct.h
[4.608s] -- Up-to-date symlink: /home/snake/Emmanuel_Jr_robot/install/nav2_msgs/include/nav2_msgs/action/detail/follow_path__type_support.h
[4.608s] -- Up-to-date symlink: /home/snake/Emmanuel_Jr_robot/install/nav2_msgs/include/nav2_msgs/action/detail/follow_waypoints__functions.h
[4.609s] -- Up-to-date symlink: /home/snake/Emmanuel_Jr_robot/install/nav2_msgs/include/nav2_msgs/action/detail/follow_waypoints__struct.h
[4.610s] -- Up-to-date symlink: /home/snake/Emmanuel_Jr_robot/install/nav2_msgs/include/nav2_msgs/action/detail/follow_waypoints__type_support.h
[4.610s] -- Up-to-date symlink: /home/snake/Emmanuel_Jr_robot/install/nav2_msgs/include/nav2_msgs/action/detail/navigate_through_poses__functions.h
[4.611s] -- Up-to-date symlink: /home/snake/Emmanuel_Jr_robot/install/nav2_msgs/include/nav2_msgs/action/detail/navigate_through_poses__struct.h
[4.611s] -- Up-to-date symlink: /home/snake/Emmanuel_Jr_robot/install/nav2_msgs/include/nav2_msgs/action/detail/navigate_through_poses__type_support.h
[4.612s] -- Up-to-date symlink: /home/snake/Emmanuel_Jr_robot/install/nav2_msgs/include/nav2_msgs/action/detail/navigate_to_pose__functions.h
[4.613s] -- Up-to-date symlink: /home/snake/Emmanuel_Jr_robot/install/nav2_msgs/include/nav2_msgs/action/detail/navigate_to_pose__struct.h
[4.614s] -- Up-to-date symlink: /home/snake/Emmanuel_Jr_robot/install/nav2_msgs/include/nav2_msgs/action/detail/navigate_to_pose__type_support.h
[4.615s] -- Up-to-date symlink: /home/snake/Emmanuel_Jr_robot/install/nav2_msgs/include/nav2_msgs/action/detail/spin__functions.h
[4.615s] -- Up-to-date symlink: /home/snake/Emmanuel_Jr_robot/install/nav2_msgs/include/nav2_msgs/action/detail/spin__struct.h
[4.616s] -- Up-to-date symlink: /home/snake/Emmanuel_Jr_robot/install/nav2_msgs/include/nav2_msgs/action/detail/spin__type_support.h
[4.616s] -- Up-to-date symlink: /home/snake/Emmanuel_Jr_robot/install/nav2_msgs/include/nav2_msgs/action/detail/wait__functions.h
[4.617s] -- Up-to-date symlink: /home/snake/Emmanuel_Jr_robot/install/nav2_msgs/include/nav2_msgs/action/detail/wait__struct.h
[4.618s] -- Up-to-date symlink: /home/snake/Emmanuel_Jr_robot/install/nav2_msgs/include/nav2_msgs/action/detail/wait__type_support.h
[4.618s] -- Up-to-date symlink: /home/snake/Emmanuel_Jr_robot/install/nav2_msgs/include/nav2_msgs/action/dummy_recovery.h
[4.619s] -- Up-to-date symlink: /home/snake/Emmanuel_Jr_robot/install/nav2_msgs/include/nav2_msgs/action/follow_path.h
[4.619s] -- Up-to-date symlink: /home/snake/Emmanuel_Jr_robot/install/nav2_msgs/include/nav2_msgs/action/follow_waypoints.h
[4.620s] -- Up-to-date symlink: /home/snake/Emmanuel_Jr_robot/install/nav2_msgs/include/nav2_msgs/action/navigate_through_poses.h
[4.620s] -- Up-to-date symlink: /home/snake/Emmanuel_Jr_robot/install/nav2_msgs/include/nav2_msgs/action/navigate_to_pose.h
[4.621s] -- Up-to-date symlink: /home/snake/Emmanuel_Jr_robot/install/nav2_msgs/include/nav2_msgs/action/spin.h
[4.622s] -- Up-to-date symlink: /home/snake/Emmanuel_Jr_robot/install/nav2_msgs/include/nav2_msgs/action/wait.h
[4.623s] -- Up-to-date symlink: /home/snake/Emmanuel_Jr_robot/install/nav2_msgs/include/nav2_msgs/msg/behavior_tree_log.h
[4.623s] -- Up-to-date symlink: /home/snake/Emmanuel_Jr_robot/install/nav2_msgs/include/nav2_msgs/msg/behavior_tree_status_change.h
[4.623s] -- Up-to-date symlink: /home/snake/Emmanuel_Jr_robot/install/nav2_msgs/include/nav2_msgs/msg/costmap.h
[4.624s] -- Up-to-date symlink: /home/snake/Emmanuel_Jr_robot/install/nav2_msgs/include/nav2_msgs/msg/costmap_filter_info.h
[4.625s] -- Up-to-date symlink: /home/snake/Emmanuel_Jr_robot/install/nav2_msgs/include/nav2_msgs/msg/costmap_meta_data.h
[4.626s] -- Up-to-date symlink: /home/snake/Emmanuel_Jr_robot/install/nav2_msgs/include/nav2_msgs/msg/detail/behavior_tree_log__functions.h
[4.626s] -- Up-to-date symlink: /home/snake/Emmanuel_Jr_robot/install/nav2_msgs/include/nav2_msgs/msg/detail/behavior_tree_log__struct.h
[4.627s] -- Up-to-date symlink: /home/snake/Emmanuel_Jr_robot/install/nav2_msgs/include/nav2_msgs/msg/detail/behavior_tree_log__type_support.h
[4.628s] -- Up-to-date symlink: /home/snake/Emmanuel_Jr_robot/install/nav2_msgs/include/nav2_msgs/msg/detail/behavior_tree_status_change__functions.h
[4.628s] -- Up-to-date symlink: /home/snake/Emmanuel_Jr_robot/install/nav2_msgs/include/nav2_msgs/msg/detail/behavior_tree_status_change__struct.h
[4.629s] -- Up-to-date symlink: /home/snake/Emmanuel_Jr_robot/install/nav2_msgs/include/nav2_msgs/msg/detail/behavior_tree_status_change__type_support.h
[4.630s] -- Up-to-date symlink: /home/snake/Emmanuel_Jr_robot/install/nav2_msgs/include/nav2_msgs/msg/detail/costmap__functions.h
[4.631s] -- Up-to-date symlink: /home/snake/Emmanuel_Jr_robot/install/nav2_msgs/include/nav2_msgs/msg/detail/costmap__struct.h
[4.631s] -- Up-to-date symlink: /home/snake/Emmanuel_Jr_robot/install/nav2_msgs/include/nav2_msgs/msg/detail/costmap__type_support.h
[4.633s] -- Up-to-date symlink: /home/snake/Emmanuel_Jr_robot/install/nav2_msgs/include/nav2_msgs/msg/detail/costmap_filter_info__functions.h
[4.633s] -- Up-to-date symlink: /home/snake/Emmanuel_Jr_robot/install/nav2_msgs/include/nav2_msgs/msg/detail/costmap_filter_info__struct.h
[4.634s] -- Up-to-date symlink: /home/snake/Emmanuel_Jr_robot/install/nav2_msgs/include/nav2_msgs/msg/detail/costmap_filter_info__type_support.h
[4.634s] -- Up-to-date symlink: /home/snake/Emmanuel_Jr_robot/install/nav2_msgs/include/nav2_msgs/msg/detail/costmap_meta_data__functions.h
[4.635s] -- Up-to-date symlink: /home/snake/Emmanuel_Jr_robot/install/nav2_msgs/include/nav2_msgs/msg/detail/costmap_meta_data__struct.h
[4.635s] -- Up-to-date symlink: /home/snake/Emmanuel_Jr_robot/install/nav2_msgs/include/nav2_msgs/msg/detail/costmap_meta_data__type_support.h
[4.636s] -- Up-to-date symlink: /home/snake/Emmanuel_Jr_robot/install/nav2_msgs/include/nav2_msgs/msg/detail/particle__functions.h
[4.636s] -- Up-to-date symlink: /home/snake/Emmanuel_Jr_robot/install/nav2_msgs/include/nav2_msgs/msg/detail/particle__struct.h
[4.637s] -- Up-to-date symlink: /home/snake/Emmanuel_Jr_robot/install/nav2_msgs/include/nav2_msgs/msg/detail/particle__type_support.h
[4.637s] -- Up-to-date symlink: /home/snake/Emmanuel_Jr_robot/install/nav2_msgs/include/nav2_msgs/msg/detail/particle_cloud__functions.h
[4.638s] -- Up-to-date symlink: /home/snake/Emmanuel_Jr_robot/install/nav2_msgs/include/nav2_msgs/msg/detail/particle_cloud__struct.h
[4.638s] -- Up-to-date symlink: /home/snake/Emmanuel_Jr_robot/install/nav2_msgs/include/nav2_msgs/msg/detail/particle_cloud__type_support.h
[4.639s] -- Up-to-date symlink: /home/snake/Emmanuel_Jr_robot/install/nav2_msgs/include/nav2_msgs/msg/detail/speed_limit__functions.h
[4.639s] -- Up-to-date symlink: /home/snake/Emmanuel_Jr_robot/install/nav2_msgs/include/nav2_msgs/msg/detail/speed_limit__struct.h
[4.640s] -- Up-to-date symlink: /home/snake/Emmanuel_Jr_robot/install/nav2_msgs/include/nav2_msgs/msg/detail/speed_limit__type_support.h
[4.640s] -- Up-to-date symlink: /home/snake/Emmanuel_Jr_robot/install/nav2_msgs/include/nav2_msgs/msg/detail/voxel_grid__functions.h
[4.641s] -- Up-to-date symlink: /home/snake/Emmanuel_Jr_robot/install/nav2_msgs/include/nav2_msgs/msg/detail/voxel_grid__struct.h
[4.641s] -- Up-to-date symlink: /home/snake/Emmanuel_Jr_robot/install/nav2_msgs/include/nav2_msgs/msg/detail/voxel_grid__type_support.h
[4.642s] -- Up-to-date symlink: /home/snake/Emmanuel_Jr_robot/install/nav2_msgs/include/nav2_msgs/msg/particle.h
[4.642s] -- Up-to-date symlink: /home/snake/Emmanuel_Jr_robot/install/nav2_msgs/include/nav2_msgs/msg/particle_cloud.h
[4.643s] -- Up-to-date symlink: /home/snake/Emmanuel_Jr_robot/install/nav2_msgs/include/nav2_msgs/msg/rosidl_generator_c__visibility_control.h
[4.644s] -- Up-to-date symlink: /home/snake/Emmanuel_Jr_robot/install/nav2_msgs/include/nav2_msgs/msg/speed_limit.h
[4.644s] -- Up-to-date symlink: /home/snake/Emmanuel_Jr_robot/install/nav2_msgs/include/nav2_msgs/msg/voxel_grid.h
[4.645s] -- Up-to-date symlink: /home/snake/Emmanuel_Jr_robot/install/nav2_msgs/include/nav2_msgs/srv/clear_costmap_around_robot.h
[4.646s] -- Up-to-date symlink: /home/snake/Emmanuel_Jr_robot/install/nav2_msgs/include/nav2_msgs/srv/clear_costmap_except_region.h
[4.646s] -- Up-to-date symlink: /home/snake/Emmanuel_Jr_robot/install/nav2_msgs/include/nav2_msgs/srv/clear_entire_costmap.h
[4.647s] -- Up-to-date symlink: /home/snake/Emmanuel_Jr_robot/install/nav2_msgs/include/nav2_msgs/srv/detail/clear_costmap_around_robot__functions.h
[4.648s] -- Up-to-date symlink: /home/snake/Emmanuel_Jr_robot/install/nav2_msgs/include/nav2_msgs/srv/detail/clear_costmap_around_robot__struct.h
[4.648s] -- Up-to-date symlink: /home/snake/Emmanuel_Jr_robot/install/nav2_msgs/include/nav2_msgs/srv/detail/clear_costmap_around_robot__type_support.h
[4.649s] -- Up-to-date symlink: /home/snake/Emmanuel_Jr_robot/install/nav2_msgs/include/nav2_msgs/srv/detail/clear_costmap_except_region__functions.h
[4.649s] -- Up-to-date symlink: /home/snake/Emmanuel_Jr_robot/install/nav2_msgs/include/nav2_msgs/srv/detail/clear_costmap_except_region__struct.h
[4.650s] -- Up-to-date symlink: /home/snake/Emmanuel_Jr_robot/install/nav2_msgs/include/nav2_msgs/srv/detail/clear_costmap_except_region__type_support.h
[4.650s] -- Up-to-date symlink: /home/snake/Emmanuel_Jr_robot/install/nav2_msgs/include/nav2_msgs/srv/detail/clear_entire_costmap__functions.h
[4.651s] -- Up-to-date symlink: /home/snake/Emmanuel_Jr_robot/install/nav2_msgs/include/nav2_msgs/srv/detail/clear_entire_costmap__struct.h
[4.651s] -- Up-to-date symlink: /home/snake/Emmanuel_Jr_robot/install/nav2_msgs/include/nav2_msgs/srv/detail/clear_entire_costmap__type_support.h
[4.652s] -- Up-to-date symlink: /home/snake/Emmanuel_Jr_robot/install/nav2_msgs/include/nav2_msgs/srv/detail/get_costmap__functions.h
[4.653s] -- Up-to-date symlink: /home/snake/Emmanuel_Jr_robot/install/nav2_msgs/include/nav2_msgs/srv/detail/get_costmap__struct.h
[4.653s] -- Up-to-date symlink: /home/snake/Emmanuel_Jr_robot/install/nav2_msgs/include/nav2_msgs/srv/detail/get_costmap__type_support.h
[4.654s] -- Up-to-date symlink: /home/snake/Emmanuel_Jr_robot/install/nav2_msgs/include/nav2_msgs/srv/detail/load_map__functions.h
[4.654s] -- Up-to-date symlink: /home/snake/Emmanuel_Jr_robot/install/nav2_msgs/include/nav2_msgs/srv/detail/load_map__struct.h
[4.655s] -- Up-to-date symlink: /home/snake/Emmanuel_Jr_robot/install/nav2_msgs/include/nav2_msgs/srv/detail/load_map__type_support.h
[4.656s] -- Up-to-date symlink: /home/snake/Emmanuel_Jr_robot/install/nav2_msgs/include/nav2_msgs/srv/detail/manage_lifecycle_nodes__functions.h
[4.656s] -- Up-to-date symlink: /home/snake/Emmanuel_Jr_robot/install/nav2_msgs/include/nav2_msgs/srv/detail/manage_lifecycle_nodes__struct.h
[4.657s] -- Up-to-date symlink: /home/snake/Emmanuel_Jr_robot/install/nav2_msgs/include/nav2_msgs/srv/detail/manage_lifecycle_nodes__type_support.h
[4.658s] -- Up-to-date symlink: /home/snake/Emmanuel_Jr_robot/install/nav2_msgs/include/nav2_msgs/srv/detail/save_map__functions.h
[4.658s] -- Up-to-date symlink: /home/snake/Emmanuel_Jr_robot/install/nav2_msgs/include/nav2_msgs/srv/detail/save_map__struct.h
[4.659s] -- Up-to-date symlink: /home/snake/Emmanuel_Jr_robot/install/nav2_msgs/include/nav2_msgs/srv/detail/save_map__type_support.h
[4.659s] -- Up-to-date symlink: /home/snake/Emmanuel_Jr_robot/install/nav2_msgs/include/nav2_msgs/srv/get_costmap.h
[4.660s] -- Up-to-date symlink: /home/snake/Emmanuel_Jr_robot/install/nav2_msgs/include/nav2_msgs/srv/load_map.h
[4.660s] -- Up-to-date symlink: /home/snake/Emmanuel_Jr_robot/install/nav2_msgs/include/nav2_msgs/srv/manage_lifecycle_nodes.h
[4.661s] -- Up-to-date symlink: /home/snake/Emmanuel_Jr_robot/install/nav2_msgs/include/nav2_msgs/srv/save_map.h
[4.662s] -- Up-to-date symlink: /home/snake/Emmanuel_Jr_robot/install/nav2_msgs/share/nav2_msgs/environment/library_path.sh
[4.663s] -- Up-to-date symlink: /home/snake/Emmanuel_Jr_robot/install/nav2_msgs/share/nav2_msgs/environment/library_path.dsv
[4.665s] -- Up-to-date symlink: /home/snake/Emmanuel_Jr_robot/install/nav2_msgs/include/nav2_msgs/action/detail/back_up__rosidl_typesupport_fastrtps_c.h
[4.665s] -- Up-to-date symlink: /home/snake/Emmanuel_Jr_robot/install/nav2_msgs/include/nav2_msgs/action/detail/compute_path_through_poses__rosidl_typesupport_fastrtps_c.h
[4.666s] -- Up-to-date symlink: /home/snake/Emmanuel_Jr_robot/install/nav2_msgs/include/nav2_msgs/action/detail/compute_path_to_pose__rosidl_typesupport_fastrtps_c.h
[4.666s] -- Up-to-date symlink: /home/snake/Emmanuel_Jr_robot/install/nav2_msgs/include/nav2_msgs/action/detail/dummy_recovery__rosidl_typesupport_fastrtps_c.h
[4.667s] -- Up-to-date symlink: /home/snake/Emmanuel_Jr_robot/install/nav2_msgs/include/nav2_msgs/action/detail/follow_path__rosidl_typesupport_fastrtps_c.h
[4.667s] -- Up-to-date symlink: /home/snake/Emmanuel_Jr_robot/install/nav2_msgs/include/nav2_msgs/action/detail/follow_waypoints__rosidl_typesupport_fastrtps_c.h
[4.668s] -- Up-to-date symlink: /home/snake/Emmanuel_Jr_robot/install/nav2_msgs/include/nav2_msgs/action/detail/navigate_through_poses__rosidl_typesupport_fastrtps_c.h
[4.669s] -- Up-to-date symlink: /home/snake/Emmanuel_Jr_robot/install/nav2_msgs/include/nav2_msgs/action/detail/navigate_to_pose__rosidl_typesupport_fastrtps_c.h
[4.669s] -- Up-to-date symlink: /home/snake/Emmanuel_Jr_robot/install/nav2_msgs/include/nav2_msgs/action/detail/spin__rosidl_typesupport_fastrtps_c.h
[4.670s] -- Up-to-date symlink: /home/snake/Emmanuel_Jr_robot/install/nav2_msgs/include/nav2_msgs/action/detail/wait__rosidl_typesupport_fastrtps_c.h
[4.671s] -- Up-to-date symlink: /home/snake/Emmanuel_Jr_robot/install/nav2_msgs/include/nav2_msgs/msg/detail/behavior_tree_log__rosidl_typesupport_fastrtps_c.h
[4.671s] -- Up-to-date symlink: /home/snake/Emmanuel_Jr_robot/install/nav2_msgs/include/nav2_msgs/msg/detail/behavior_tree_status_change__rosidl_typesupport_fastrtps_c.h
[4.672s] -- Up-to-date symlink: /home/snake/Emmanuel_Jr_robot/install/nav2_msgs/include/nav2_msgs/msg/detail/costmap__rosidl_typesupport_fastrtps_c.h
[4.673s] -- Up-to-date symlink: /home/snake/Emmanuel_Jr_robot/install/nav2_msgs/include/nav2_msgs/msg/detail/costmap_filter_info__rosidl_typesupport_fastrtps_c.h
[4.673s] -- Up-to-date symlink: /home/snake/Emmanuel_Jr_robot/install/nav2_msgs/include/nav2_msgs/msg/detail/costmap_meta_data__rosidl_typesupport_fastrtps_c.h
[4.674s] -- Up-to-date symlink: /home/snake/Emmanuel_Jr_robot/install/nav2_msgs/include/nav2_msgs/msg/detail/particle__rosidl_typesupport_fastrtps_c.h
[4.675s] -- Up-to-date symlink: /home/snake/Emmanuel_Jr_robot/install/nav2_msgs/include/nav2_msgs/msg/detail/particle_cloud__rosidl_typesupport_fastrtps_c.h
[4.675s] -- Up-to-date symlink: /home/snake/Emmanuel_Jr_robot/install/nav2_msgs/include/nav2_msgs/msg/detail/speed_limit__rosidl_typesupport_fastrtps_c.h
[4.676s] -- Up-to-date symlink: /home/snake/Emmanuel_Jr_robot/install/nav2_msgs/include/nav2_msgs/msg/detail/voxel_grid__rosidl_typesupport_fastrtps_c.h
[4.676s] -- Up-to-date symlink: /home/snake/Emmanuel_Jr_robot/install/nav2_msgs/include/nav2_msgs/msg/rosidl_typesupport_fastrtps_c__visibility_control.h
[4.677s] -- Up-to-date symlink: /home/snake/Emmanuel_Jr_robot/install/nav2_msgs/include/nav2_msgs/srv/detail/clear_costmap_around_robot__rosidl_typesupport_fastrtps_c.h
[4.678s] -- Up-to-date symlink: /home/snake/Emmanuel_Jr_robot/install/nav2_msgs/include/nav2_msgs/srv/detail/clear_costmap_except_region__rosidl_typesupport_fastrtps_c.h
[4.679s] -- Up-to-date symlink: /home/snake/Emmanuel_Jr_robot/install/nav2_msgs/include/nav2_msgs/srv/detail/clear_entire_costmap__rosidl_typesupport_fastrtps_c.h
[4.679s] -- Up-to-date symlink: /home/snake/Emmanuel_Jr_robot/install/nav2_msgs/include/nav2_msgs/srv/detail/get_costmap__rosidl_typesupport_fastrtps_c.h
[4.680s] -- Up-to-date symlink: /home/snake/Emmanuel_Jr_robot/install/nav2_msgs/include/nav2_msgs/srv/detail/load_map__rosidl_typesupport_fastrtps_c.h
[4.681s] -- Up-to-date symlink: /home/snake/Emmanuel_Jr_robot/install/nav2_msgs/include/nav2_msgs/srv/detail/manage_lifecycle_nodes__rosidl_typesupport_fastrtps_c.h
[4.681s] -- Up-to-date symlink: /home/snake/Emmanuel_Jr_robot/install/nav2_msgs/include/nav2_msgs/srv/detail/save_map__rosidl_typesupport_fastrtps_c.h
[4.682s] -- Up-to-date symlink: /home/snake/Emmanuel_Jr_robot/install/nav2_msgs/lib/libnav2_msgs__rosidl_typesupport_fastrtps_c.so
[4.684s] -- Up-to-date symlink: /home/snake/Emmanuel_Jr_robot/install/nav2_msgs/include/nav2_msgs/action/detail/back_up__rosidl_typesupport_fastrtps_cpp.hpp
[4.685s] -- Up-to-date symlink: /home/snake/Emmanuel_Jr_robot/install/nav2_msgs/include/nav2_msgs/action/detail/compute_path_through_poses__rosidl_typesupport_fastrtps_cpp.hpp
[4.685s] -- Up-to-date symlink: /home/snake/Emmanuel_Jr_robot/install/nav2_msgs/include/nav2_msgs/action/detail/compute_path_to_pose__rosidl_typesupport_fastrtps_cpp.hpp
[4.686s] -- Up-to-date symlink: /home/snake/Emmanuel_Jr_robot/install/nav2_msgs/include/nav2_msgs/action/detail/dummy_recovery__rosidl_typesupport_fastrtps_cpp.hpp
[4.686s] -- Up-to-date symlink: /home/snake/Emmanuel_Jr_robot/install/nav2_msgs/include/nav2_msgs/action/detail/follow_path__rosidl_typesupport_fastrtps_cpp.hpp
[4.687s] -- Up-to-date symlink: /home/snake/Emmanuel_Jr_robot/install/nav2_msgs/include/nav2_msgs/action/detail/follow_waypoints__rosidl_typesupport_fastrtps_cpp.hpp
[4.687s] -- Up-to-date symlink: /home/snake/Emmanuel_Jr_robot/install/nav2_msgs/include/nav2_msgs/action/detail/navigate_through_poses__rosidl_typesupport_fastrtps_cpp.hpp
[4.688s] -- Up-to-date symlink: /home/snake/Emmanuel_Jr_robot/install/nav2_msgs/include/nav2_msgs/action/detail/navigate_to_pose__rosidl_typesupport_fastrtps_cpp.hpp
[4.689s] -- Up-to-date symlink: /home/snake/Emmanuel_Jr_robot/install/nav2_msgs/include/nav2_msgs/action/detail/spin__rosidl_typesupport_fastrtps_cpp.hpp
[4.689s] -- Up-to-date symlink: /home/snake/Emmanuel_Jr_robot/install/nav2_msgs/include/nav2_msgs/action/detail/wait__rosidl_typesupport_fastrtps_cpp.hpp
[4.690s] -- Up-to-date symlink: /home/snake/Emmanuel_Jr_robot/install/nav2_msgs/include/nav2_msgs/msg/detail/behavior_tree_log__rosidl_typesupport_fastrtps_cpp.hpp
[4.691s] -- Up-to-date symlink: /home/snake/Emmanuel_Jr_robot/install/nav2_msgs/include/nav2_msgs/msg/detail/behavior_tree_status_change__rosidl_typesupport_fastrtps_cpp.hpp
[4.691s] -- Up-to-date symlink: /home/snake/Emmanuel_Jr_robot/install/nav2_msgs/include/nav2_msgs/msg/detail/costmap__rosidl_typesupport_fastrtps_cpp.hpp
[4.692s] -- Up-to-date symlink: /home/snake/Emmanuel_Jr_robot/install/nav2_msgs/include/nav2_msgs/msg/detail/costmap_filter_info__rosidl_typesupport_fastrtps_cpp.hpp
[4.693s] -- Up-to-date symlink: /home/snake/Emmanuel_Jr_robot/install/nav2_msgs/include/nav2_msgs/msg/detail/costmap_meta_data__rosidl_typesupport_fastrtps_cpp.hpp
[4.693s] -- Up-to-date symlink: /home/snake/Emmanuel_Jr_robot/install/nav2_msgs/include/nav2_msgs/msg/detail/particle__rosidl_typesupport_fastrtps_cpp.hpp
[4.694s] -- Up-to-date symlink: /home/snake/Emmanuel_Jr_robot/install/nav2_msgs/include/nav2_msgs/msg/detail/particle_cloud__rosidl_typesupport_fastrtps_cpp.hpp
[4.695s] -- Up-to-date symlink: /home/snake/Emmanuel_Jr_robot/install/nav2_msgs/include/nav2_msgs/msg/detail/speed_limit__rosidl_typesupport_fastrtps_cpp.hpp
[4.695s] -- Up-to-date symlink: /home/snake/Emmanuel_Jr_robot/install/nav2_msgs/include/nav2_msgs/msg/detail/voxel_grid__rosidl_typesupport_fastrtps_cpp.hpp
[4.696s] -- Up-to-date symlink: /home/snake/Emmanuel_Jr_robot/install/nav2_msgs/include/nav2_msgs/msg/rosidl_typesupport_fastrtps_cpp__visibility_control.h
[4.697s] -- Up-to-date symlink: /home/snake/Emmanuel_Jr_robot/install/nav2_msgs/include/nav2_msgs/srv/detail/clear_costmap_around_robot__rosidl_typesupport_fastrtps_cpp.hpp
[4.698s] -- Up-to-date symlink: /home/snake/Emmanuel_Jr_robot/install/nav2_msgs/include/nav2_msgs/srv/detail/clear_costmap_except_region__rosidl_typesupport_fastrtps_cpp.hpp
[4.699s] -- Up-to-date symlink: /home/snake/Emmanuel_Jr_robot/install/nav2_msgs/include/nav2_msgs/srv/detail/clear_entire_costmap__rosidl_typesupport_fastrtps_cpp.hpp
[4.700s] -- Up-to-date symlink: /home/snake/Emmanuel_Jr_robot/install/nav2_msgs/include/nav2_msgs/srv/detail/get_costmap__rosidl_typesupport_fastrtps_cpp.hpp
[4.700s] -- Up-to-date symlink: /home/snake/Emmanuel_Jr_robot/install/nav2_msgs/include/nav2_msgs/srv/detail/load_map__rosidl_typesupport_fastrtps_cpp.hpp
[4.701s] -- Up-to-date symlink: /home/snake/Emmanuel_Jr_robot/install/nav2_msgs/include/nav2_msgs/srv/detail/manage_lifecycle_nodes__rosidl_typesupport_fastrtps_cpp.hpp
[4.701s] -- Up-to-date symlink: /home/snake/Emmanuel_Jr_robot/install/nav2_msgs/include/nav2_msgs/srv/detail/save_map__rosidl_typesupport_fastrtps_cpp.hpp
[4.702s] -- Up-to-date symlink: /home/snake/Emmanuel_Jr_robot/install/nav2_msgs/lib/libnav2_msgs__rosidl_typesupport_fastrtps_cpp.so
[4.704s] -- Up-to-date symlink: /home/snake/Emmanuel_Jr_robot/install/nav2_msgs/include/nav2_msgs/action/detail/back_up__rosidl_typesupport_introspection_c.h
[4.705s] -- Up-to-date symlink: /home/snake/Emmanuel_Jr_robot/install/nav2_msgs/include/nav2_msgs/action/detail/compute_path_through_poses__rosidl_typesupport_introspection_c.h
[4.705s] -- Up-to-date symlink: /home/snake/Emmanuel_Jr_robot/install/nav2_msgs/include/nav2_msgs/action/detail/compute_path_to_pose__rosidl_typesupport_introspection_c.h
[4.705s] -- Up-to-date symlink: /home/snake/Emmanuel_Jr_robot/install/nav2_msgs/include/nav2_msgs/action/detail/dummy_recovery__rosidl_typesupport_introspection_c.h
[4.706s] -- Up-to-date symlink: /home/snake/Emmanuel_Jr_robot/install/nav2_msgs/include/nav2_msgs/action/detail/follow_path__rosidl_typesupport_introspection_c.h
[4.706s] -- Up-to-date symlink: /home/snake/Emmanuel_Jr_robot/install/nav2_msgs/include/nav2_msgs/action/detail/follow_waypoints__rosidl_typesupport_introspection_c.h
[4.707s] -- Up-to-date symlink: /home/snake/Emmanuel_Jr_robot/install/nav2_msgs/include/nav2_msgs/action/detail/navigate_through_poses__rosidl_typesupport_introspection_c.h
[4.708s] -- Up-to-date symlink: /home/snake/Emmanuel_Jr_robot/install/nav2_msgs/include/nav2_msgs/action/detail/navigate_to_pose__rosidl_typesupport_introspection_c.h
[4.725s] -- Up-to-date symlink: /home/snake/Emmanuel_Jr_robot/install/nav2_msgs/include/nav2_msgs/action/detail/spin__rosidl_typesupport_introspection_c.h
[4.725s] -- Up-to-date symlink: /home/snake/Emmanuel_Jr_robot/install/nav2_msgs/include/nav2_msgs/action/detail/wait__rosidl_typesupport_introspection_c.h
[4.725s] -- Up-to-date symlink: /home/snake/Emmanuel_Jr_robot/install/nav2_msgs/include/nav2_msgs/msg/detail/behavior_tree_log__rosidl_typesupport_introspection_c.h
[4.726s] -- Up-to-date symlink: /home/snake/Emmanuel_Jr_robot/install/nav2_msgs/include/nav2_msgs/msg/detail/behavior_tree_status_change__rosidl_typesupport_introspection_c.h
[4.726s] -- Up-to-date symlink: /home/snake/Emmanuel_Jr_robot/install/nav2_msgs/include/nav2_msgs/msg/detail/costmap__rosidl_typesupport_introspection_c.h
[4.727s] -- Up-to-date symlink: /home/snake/Emmanuel_Jr_robot/install/nav2_msgs/include/nav2_msgs/msg/detail/costmap_filter_info__rosidl_typesupport_introspection_c.h
[4.728s] -- Up-to-date symlink: /home/snake/Emmanuel_Jr_robot/install/nav2_msgs/include/nav2_msgs/msg/detail/costmap_meta_data__rosidl_typesupport_introspection_c.h
[4.732s] -- Up-to-date symlink: /home/snake/Emmanuel_Jr_robot/install/nav2_msgs/include/nav2_msgs/msg/detail/particle__rosidl_typesupport_introspection_c.h
[4.732s] -- Up-to-date symlink: /home/snake/Emmanuel_Jr_robot/install/nav2_msgs/include/nav2_msgs/msg/detail/particle_cloud__rosidl_typesupport_introspection_c.h
[4.732s] -- Up-to-date symlink: /home/snake/Emmanuel_Jr_robot/install/nav2_msgs/include/nav2_msgs/msg/detail/speed_limit__rosidl_typesupport_introspection_c.h
[4.732s] -- Up-to-date symlink: /home/snake/Emmanuel_Jr_robot/install/nav2_msgs/include/nav2_msgs/msg/detail/voxel_grid__rosidl_typesupport_introspection_c.h
[4.737s] -- Up-to-date symlink: /home/snake/Emmanuel_Jr_robot/install/nav2_msgs/include/nav2_msgs/msg/rosidl_typesupport_introspection_c__visibility_control.h
[4.738s] -- Up-to-date symlink: /home/snake/Emmanuel_Jr_robot/install/nav2_msgs/include/nav2_msgs/srv/detail/clear_costmap_around_robot__rosidl_typesupport_introspection_c.h
[4.738s] -- Up-to-date symlink: /home/snake/Emmanuel_Jr_robot/install/nav2_msgs/include/nav2_msgs/srv/detail/clear_costmap_except_region__rosidl_typesupport_introspection_c.h
[4.741s] -- Up-to-date symlink: /home/snake/Emmanuel_Jr_robot/install/nav2_msgs/include/nav2_msgs/srv/detail/clear_entire_costmap__rosidl_typesupport_introspection_c.h
[4.742s] -- Up-to-date symlink: /home/snake/Emmanuel_Jr_robot/install/nav2_msgs/include/nav2_msgs/srv/detail/get_costmap__rosidl_typesupport_introspection_c.h
[4.748s] -- Up-to-date symlink: /home/snake/Emmanuel_Jr_robot/install/nav2_msgs/include/nav2_msgs/srv/detail/load_map__rosidl_typesupport_introspection_c.h
[4.752s] -- Up-to-date symlink: /home/snake/Emmanuel_Jr_robot/install/nav2_msgs/include/nav2_msgs/srv/detail/manage_lifecycle_nodes__rosidl_typesupport_introspection_c.h
[4.754s] -- Up-to-date symlink: /home/snake/Emmanuel_Jr_robot/install/nav2_msgs/include/nav2_msgs/srv/detail/save_map__rosidl_typesupport_introspection_c.h
[4.754s] -- Up-to-date symlink: /home/snake/Emmanuel_Jr_robot/install/nav2_msgs/include/nav2_msgs/action/back_up.hpp
[4.755s] -- Up-to-date symlink: /home/snake/Emmanuel_Jr_robot/install/nav2_msgs/include/nav2_msgs/action/compute_path_through_poses.hpp
[4.755s] -- Up-to-date symlink: /home/snake/Emmanuel_Jr_robot/install/nav2_msgs/include/nav2_msgs/action/compute_path_to_pose.hpp
[4.756s] -- Up-to-date symlink: /home/snake/Emmanuel_Jr_robot/install/nav2_msgs/include/nav2_msgs/action/detail/back_up__builder.hpp
[4.758s] -- Up-to-date symlink: /home/snake/Emmanuel_Jr_robot/install/nav2_msgs/include/nav2_msgs/action/detail/back_up__struct.hpp
[4.758s] -- Up-to-date symlink: /home/snake/Emmanuel_Jr_robot/install/nav2_msgs/include/nav2_msgs/action/detail/back_up__traits.hpp
[4.759s] -- Up-to-date symlink: /home/snake/Emmanuel_Jr_robot/install/nav2_msgs/include/nav2_msgs/action/detail/compute_path_through_poses__builder.hpp
[4.759s] -- Up-to-date symlink: /home/snake/Emmanuel_Jr_robot/install/nav2_msgs/include/nav2_msgs/action/detail/compute_path_through_poses__struct.hpp
[4.759s] -- Up-to-date symlink: /home/snake/Emmanuel_Jr_robot/install/nav2_msgs/include/nav2_msgs/action/detail/compute_path_through_poses__traits.hpp
[4.764s] -- Up-to-date symlink: /home/snake/Emmanuel_Jr_robot/install/nav2_msgs/include/nav2_msgs/action/detail/compute_path_to_pose__builder.hpp
[4.764s] -- Up-to-date symlink: /home/snake/Emmanuel_Jr_robot/install/nav2_msgs/include/nav2_msgs/action/detail/compute_path_to_pose__struct.hpp
[4.764s] -- Up-to-date symlink: /home/snake/Emmanuel_Jr_robot/install/nav2_msgs/include/nav2_msgs/action/detail/compute_path_to_pose__traits.hpp
[4.770s] -- Up-to-date symlink: /home/snake/Emmanuel_Jr_robot/install/nav2_msgs/include/nav2_msgs/action/detail/dummy_recovery__builder.hpp
[4.770s] -- Up-to-date symlink: /home/snake/Emmanuel_Jr_robot/install/nav2_msgs/include/nav2_msgs/action/detail/dummy_recovery__struct.hpp
[4.772s] -- Up-to-date symlink: /home/snake/Emmanuel_Jr_robot/install/nav2_msgs/include/nav2_msgs/action/detail/dummy_recovery__traits.hpp
[4.772s] -- Up-to-date symlink: /home/snake/Emmanuel_Jr_robot/install/nav2_msgs/include/nav2_msgs/action/detail/follow_path__builder.hpp
[4.772s] -- Up-to-date symlink: /home/snake/Emmanuel_Jr_robot/install/nav2_msgs/include/nav2_msgs/action/detail/follow_path__struct.hpp
[4.772s] -- Up-to-date symlink: /home/snake/Emmanuel_Jr_robot/install/nav2_msgs/include/nav2_msgs/action/detail/follow_path__traits.hpp
[4.773s] -- Up-to-date symlink: /home/snake/Emmanuel_Jr_robot/install/nav2_msgs/include/nav2_msgs/action/detail/follow_waypoints__builder.hpp
[4.773s] -- Up-to-date symlink: /home/snake/Emmanuel_Jr_robot/install/nav2_msgs/include/nav2_msgs/action/detail/follow_waypoints__struct.hpp
[4.774s] -- Up-to-date symlink: /home/snake/Emmanuel_Jr_robot/install/nav2_msgs/include/nav2_msgs/action/detail/follow_waypoints__traits.hpp
[4.774s] -- Up-to-date symlink: /home/snake/Emmanuel_Jr_robot/install/nav2_msgs/include/nav2_msgs/action/detail/navigate_through_poses__builder.hpp
[4.774s] -- Up-to-date symlink: /home/snake/Emmanuel_Jr_robot/install/nav2_msgs/include/nav2_msgs/action/detail/navigate_through_poses__struct.hpp
[4.775s] -- Up-to-date symlink: /home/snake/Emmanuel_Jr_robot/install/nav2_msgs/include/nav2_msgs/action/detail/navigate_through_poses__traits.hpp
[4.775s] -- Up-to-date symlink: /home/snake/Emmanuel_Jr_robot/install/nav2_msgs/include/nav2_msgs/action/detail/navigate_to_pose__builder.hpp
[4.776s] -- Up-to-date symlink: /home/snake/Emmanuel_Jr_robot/install/nav2_msgs/include/nav2_msgs/action/detail/navigate_to_pose__struct.hpp
[4.776s] -- Up-to-date symlink: /home/snake/Emmanuel_Jr_robot/install/nav2_msgs/include/nav2_msgs/action/detail/navigate_to_pose__traits.hpp
[4.777s] -- Up-to-date symlink: /home/snake/Emmanuel_Jr_robot/install/nav2_msgs/include/nav2_msgs/action/detail/spin__builder.hpp
[4.777s] -- Up-to-date symlink: /home/snake/Emmanuel_Jr_robot/install/nav2_msgs/include/nav2_msgs/action/detail/spin__struct.hpp
[4.777s] -- Up-to-date symlink: /home/snake/Emmanuel_Jr_robot/install/nav2_msgs/include/nav2_msgs/action/detail/spin__traits.hpp
[4.778s] -- Up-to-date symlink: /home/snake/Emmanuel_Jr_robot/install/nav2_msgs/include/nav2_msgs/action/detail/wait__builder.hpp
[4.778s] -- Up-to-date symlink: /home/snake/Emmanuel_Jr_robot/install/nav2_msgs/include/nav2_msgs/action/detail/wait__struct.hpp
[4.778s] -- Up-to-date symlink: /home/snake/Emmanuel_Jr_robot/install/nav2_msgs/include/nav2_msgs/action/detail/wait__traits.hpp
[4.782s] -- Up-to-date symlink: /home/snake/Emmanuel_Jr_robot/install/nav2_msgs/include/nav2_msgs/action/dummy_recovery.hpp
[4.782s] -- Up-to-date symlink: /home/snake/Emmanuel_Jr_robot/install/nav2_msgs/include/nav2_msgs/action/follow_path.hpp
[4.782s] -- Up-to-date symlink: /home/snake/Emmanuel_Jr_robot/install/nav2_msgs/include/nav2_msgs/action/follow_waypoints.hpp
[4.782s] -- Up-to-date symlink: /home/snake/Emmanuel_Jr_robot/install/nav2_msgs/include/nav2_msgs/action/navigate_through_poses.hpp
[4.782s] -- Up-to-date symlink: /home/snake/Emmanuel_Jr_robot/install/nav2_msgs/include/nav2_msgs/action/navigate_to_pose.hpp
[4.782s] -- Up-to-date symlink: /home/snake/Emmanuel_Jr_robot/install/nav2_msgs/include/nav2_msgs/action/spin.hpp
[4.790s] -- Up-to-date symlink: /home/snake/Emmanuel_Jr_robot/install/nav2_msgs/include/nav2_msgs/action/wait.hpp
[4.790s] -- Up-to-date symlink: /home/snake/Emmanuel_Jr_robot/install/nav2_msgs/include/nav2_msgs/msg/behavior_tree_log.hpp
[4.790s] -- Up-to-date symlink: /home/snake/Emmanuel_Jr_robot/install/nav2_msgs/include/nav2_msgs/msg/behavior_tree_status_change.hpp
[4.792s] -- Up-to-date symlink: /home/snake/Emmanuel_Jr_robot/install/nav2_msgs/include/nav2_msgs/msg/costmap.hpp
[4.792s] -- Up-to-date symlink: /home/snake/Emmanuel_Jr_robot/install/nav2_msgs/include/nav2_msgs/msg/costmap_filter_info.hpp
[4.792s] -- Up-to-date symlink: /home/snake/Emmanuel_Jr_robot/install/nav2_msgs/include/nav2_msgs/msg/costmap_meta_data.hpp
[4.792s] -- Up-to-date symlink: /home/snake/Emmanuel_Jr_robot/install/nav2_msgs/include/nav2_msgs/msg/detail/behavior_tree_log__builder.hpp
[4.792s] -- Up-to-date symlink: /home/snake/Emmanuel_Jr_robot/install/nav2_msgs/include/nav2_msgs/msg/detail/behavior_tree_log__struct.hpp
[4.792s] -- Up-to-date symlink: /home/snake/Emmanuel_Jr_robot/install/nav2_msgs/include/nav2_msgs/msg/detail/behavior_tree_log__traits.hpp
[4.792s] -- Up-to-date symlink: /home/snake/Emmanuel_Jr_robot/install/nav2_msgs/include/nav2_msgs/msg/detail/behavior_tree_status_change__builder.hpp
[4.792s] -- Up-to-date symlink: /home/snake/Emmanuel_Jr_robot/install/nav2_msgs/include/nav2_msgs/msg/detail/behavior_tree_status_change__struct.hpp
[4.793s] -- Up-to-date symlink: /home/snake/Emmanuel_Jr_robot/install/nav2_msgs/include/nav2_msgs/msg/detail/behavior_tree_status_change__traits.hpp
[4.793s] -- Up-to-date symlink: /home/snake/Emmanuel_Jr_robot/install/nav2_msgs/include/nav2_msgs/msg/detail/costmap__builder.hpp
[4.793s] -- Up-to-date symlink: /home/snake/Emmanuel_Jr_robot/install/nav2_msgs/include/nav2_msgs/msg/detail/costmap__struct.hpp
[4.793s] -- Up-to-date symlink: /home/snake/Emmanuel_Jr_robot/install/nav2_msgs/include/nav2_msgs/msg/detail/costmap__traits.hpp
[4.804s] -- Up-to-date symlink: /home/snake/Emmanuel_Jr_robot/install/nav2_msgs/include/nav2_msgs/msg/detail/costmap_filter_info__builder.hpp
[4.804s] -- Up-to-date symlink: /home/snake/Emmanuel_Jr_robot/install/nav2_msgs/include/nav2_msgs/msg/detail/costmap_filter_info__struct.hpp
[4.804s] -- Up-to-date symlink: /home/snake/Emmanuel_Jr_robot/install/nav2_msgs/include/nav2_msgs/msg/detail/costmap_filter_info__traits.hpp
[4.804s] -- Up-to-date symlink: /home/snake/Emmanuel_Jr_robot/install/nav2_msgs/include/nav2_msgs/msg/detail/costmap_meta_data__builder.hpp
[4.804s] -- Up-to-date symlink: /home/snake/Emmanuel_Jr_robot/install/nav2_msgs/include/nav2_msgs/msg/detail/costmap_meta_data__struct.hpp
[4.804s] -- Up-to-date symlink: /home/snake/Emmanuel_Jr_robot/install/nav2_msgs/include/nav2_msgs/msg/detail/costmap_meta_data__traits.hpp
[4.804s] -- Up-to-date symlink: /home/snake/Emmanuel_Jr_robot/install/nav2_msgs/include/nav2_msgs/msg/detail/particle__builder.hpp
[4.804s] -- Up-to-date symlink: /home/snake/Emmanuel_Jr_robot/install/nav2_msgs/include/nav2_msgs/msg/detail/particle__struct.hpp
[4.805s] -- Up-to-date symlink: /home/snake/Emmanuel_Jr_robot/install/nav2_msgs/include/nav2_msgs/msg/detail/particle__traits.hpp
[4.805s] -- Up-to-date symlink: /home/snake/Emmanuel_Jr_robot/install/nav2_msgs/include/nav2_msgs/msg/detail/particle_cloud__builder.hpp
[4.805s] -- Up-to-date symlink: /home/snake/Emmanuel_Jr_robot/install/nav2_msgs/include/nav2_msgs/msg/detail/particle_cloud__struct.hpp
[4.805s] -- Up-to-date symlink: /home/snake/Emmanuel_Jr_robot/install/nav2_msgs/include/nav2_msgs/msg/detail/particle_cloud__traits.hpp
[4.805s] -- Up-to-date symlink: /home/snake/Emmanuel_Jr_robot/install/nav2_msgs/include/nav2_msgs/msg/detail/speed_limit__builder.hpp
[4.805s] -- Up-to-date symlink: /home/snake/Emmanuel_Jr_robot/install/nav2_msgs/include/nav2_msgs/msg/detail/speed_limit__struct.hpp
[4.806s] -- Up-to-date symlink: /home/snake/Emmanuel_Jr_robot/install/nav2_msgs/include/nav2_msgs/msg/detail/speed_limit__traits.hpp
[4.806s] -- Up-to-date symlink: /home/snake/Emmanuel_Jr_robot/install/nav2_msgs/include/nav2_msgs/msg/detail/voxel_grid__builder.hpp
[4.806s] -- Up-to-date symlink: /home/snake/Emmanuel_Jr_robot/install/nav2_msgs/include/nav2_msgs/msg/detail/voxel_grid__struct.hpp
[4.806s] -- Up-to-date symlink: /home/snake/Emmanuel_Jr_robot/install/nav2_msgs/include/nav2_msgs/msg/detail/voxel_grid__traits.hpp
[4.806s] -- Up-to-date symlink: /home/snake/Emmanuel_Jr_robot/install/nav2_msgs/include/nav2_msgs/msg/particle.hpp
[4.806s] -- Up-to-date symlink: /home/snake/Emmanuel_Jr_robot/install/nav2_msgs/include/nav2_msgs/msg/particle_cloud.hpp
[4.806s] -- Up-to-date symlink: /home/snake/Emmanuel_Jr_robot/install/nav2_msgs/include/nav2_msgs/msg/speed_limit.hpp
[4.826s] -- Up-to-date symlink: /home/snake/Emmanuel_Jr_robot/install/nav2_msgs/include/nav2_msgs/msg/voxel_grid.hpp
[4.827s] -- Up-to-date symlink: /home/snake/Emmanuel_Jr_robot/install/nav2_msgs/include/nav2_msgs/srv/clear_costmap_around_robot.hpp
[4.827s] -- Up-to-date symlink: /home/snake/Emmanuel_Jr_robot/install/nav2_msgs/include/nav2_msgs/srv/clear_costmap_except_region.hpp
[4.827s] -- Up-to-date symlink: /home/snake/Emmanuel_Jr_robot/install/nav2_msgs/include/nav2_msgs/srv/clear_entire_costmap.hpp
[4.827s] -- Up-to-date symlink: /home/snake/Emmanuel_Jr_robot/install/nav2_msgs/include/nav2_msgs/srv/detail/clear_costmap_around_robot__builder.hpp
[4.827s] -- Up-to-date symlink: /home/snake/Emmanuel_Jr_robot/install/nav2_msgs/include/nav2_msgs/srv/detail/clear_costmap_around_robot__struct.hpp
[4.827s] -- Up-to-date symlink: /home/snake/Emmanuel_Jr_robot/install/nav2_msgs/include/nav2_msgs/srv/detail/clear_costmap_around_robot__traits.hpp
[4.828s] -- Up-to-date symlink: /home/snake/Emmanuel_Jr_robot/install/nav2_msgs/include/nav2_msgs/srv/detail/clear_costmap_except_region__builder.hpp
[4.828s] -- Up-to-date symlink: /home/snake/Emmanuel_Jr_robot/install/nav2_msgs/include/nav2_msgs/srv/detail/clear_costmap_except_region__struct.hpp
[4.828s] -- Up-to-date symlink: /home/snake/Emmanuel_Jr_robot/install/nav2_msgs/include/nav2_msgs/srv/detail/clear_costmap_except_region__traits.hpp
[4.828s] -- Up-to-date symlink: /home/snake/Emmanuel_Jr_robot/install/nav2_msgs/include/nav2_msgs/srv/detail/clear_entire_costmap__builder.hpp
[4.828s] -- Up-to-date symlink: /home/snake/Emmanuel_Jr_robot/install/nav2_msgs/include/nav2_msgs/srv/detail/clear_entire_costmap__struct.hpp
[4.828s] -- Up-to-date symlink: /home/snake/Emmanuel_Jr_robot/install/nav2_msgs/include/nav2_msgs/srv/detail/clear_entire_costmap__traits.hpp
[4.828s] -- Up-to-date symlink: /home/snake/Emmanuel_Jr_robot/install/nav2_msgs/include/nav2_msgs/srv/detail/get_costmap__builder.hpp
[4.828s] -- Up-to-date symlink: /home/snake/Emmanuel_Jr_robot/install/nav2_msgs/include/nav2_msgs/srv/detail/get_costmap__struct.hpp
[4.828s] -- Up-to-date symlink: /home/snake/Emmanuel_Jr_robot/install/nav2_msgs/include/nav2_msgs/srv/detail/get_costmap__traits.hpp
[4.829s] -- Up-to-date symlink: /home/snake/Emmanuel_Jr_robot/install/nav2_msgs/include/nav2_msgs/srv/detail/load_map__builder.hpp
[4.829s] -- Up-to-date symlink: /home/snake/Emmanuel_Jr_robot/install/nav2_msgs/include/nav2_msgs/srv/detail/load_map__struct.hpp
[4.829s] -- Up-to-date symlink: /home/snake/Emmanuel_Jr_robot/install/nav2_msgs/include/nav2_msgs/srv/detail/load_map__traits.hpp
[4.829s] -- Up-to-date symlink: /home/snake/Emmanuel_Jr_robot/install/nav2_msgs/include/nav2_msgs/srv/detail/manage_lifecycle_nodes__builder.hpp
[4.829s] -- Up-to-date symlink: /home/snake/Emmanuel_Jr_robot/install/nav2_msgs/include/nav2_msgs/srv/detail/manage_lifecycle_nodes__struct.hpp
[4.829s] -- Up-to-date symlink: /home/snake/Emmanuel_Jr_robot/install/nav2_msgs/include/nav2_msgs/srv/detail/manage_lifecycle_nodes__traits.hpp
[4.829s] -- Up-to-date symlink: /home/snake/Emmanuel_Jr_robot/install/nav2_msgs/include/nav2_msgs/srv/detail/save_map__builder.hpp
[4.829s] -- Up-to-date symlink: /home/snake/Emmanuel_Jr_robot/install/nav2_msgs/include/nav2_msgs/srv/detail/save_map__struct.hpp
[4.829s] -- Up-to-date symlink: /home/snake/Emmanuel_Jr_robot/install/nav2_msgs/include/nav2_msgs/srv/detail/save_map__traits.hpp
[4.829s] -- Up-to-date symlink: /home/snake/Emmanuel_Jr_robot/install/nav2_msgs/include/nav2_msgs/srv/get_costmap.hpp
[4.829s] -- Up-to-date symlink: /home/snake/Emmanuel_Jr_robot/install/nav2_msgs/include/nav2_msgs/srv/load_map.hpp
[4.829s] -- Up-to-date symlink: /home/snake/Emmanuel_Jr_robot/install/nav2_msgs/include/nav2_msgs/srv/manage_lifecycle_nodes.hpp
[4.829s] -- Up-to-date symlink: /home/snake/Emmanuel_Jr_robot/install/nav2_msgs/include/nav2_msgs/srv/save_map.hpp
[4.829s] -- Up-to-date symlink: /home/snake/Emmanuel_Jr_robot/install/nav2_msgs/include/nav2_msgs/action/detail/back_up__rosidl_typesupport_introspection_cpp.hpp
[4.829s] -- Up-to-date symlink: /home/snake/Emmanuel_Jr_robot/install/nav2_msgs/include/nav2_msgs/action/detail/compute_path_through_poses__rosidl_typesupport_introspection_cpp.hpp
[4.830s] -- Up-to-date symlink: /home/snake/Emmanuel_Jr_robot/install/nav2_msgs/include/nav2_msgs/action/detail/compute_path_to_pose__rosidl_typesupport_introspection_cpp.hpp
[4.830s] -- Up-to-date symlink: /home/snake/Emmanuel_Jr_robot/install/nav2_msgs/include/nav2_msgs/action/detail/dummy_recovery__rosidl_typesupport_introspection_cpp.hpp
[4.832s] -- Up-to-date symlink: /home/snake/Emmanuel_Jr_robot/install/nav2_msgs/include/nav2_msgs/action/detail/follow_path__rosidl_typesupport_introspection_cpp.hpp
[4.833s] -- Up-to-date symlink: /home/snake/Emmanuel_Jr_robot/install/nav2_msgs/include/nav2_msgs/action/detail/follow_waypoints__rosidl_typesupport_introspection_cpp.hpp
[4.833s] -- Up-to-date symlink: /home/snake/Emmanuel_Jr_robot/install/nav2_msgs/include/nav2_msgs/action/detail/navigate_through_poses__rosidl_typesupport_introspection_cpp.hpp
[4.834s] -- Up-to-date symlink: /home/snake/Emmanuel_Jr_robot/install/nav2_msgs/include/nav2_msgs/action/detail/navigate_to_pose__rosidl_typesupport_introspection_cpp.hpp
[4.834s] -- Up-to-date symlink: /home/snake/Emmanuel_Jr_robot/install/nav2_msgs/include/nav2_msgs/action/detail/spin__rosidl_typesupport_introspection_cpp.hpp
[4.835s] -- Up-to-date symlink: /home/snake/Emmanuel_Jr_robot/install/nav2_msgs/include/nav2_msgs/action/detail/wait__rosidl_typesupport_introspection_cpp.hpp
[4.835s] -- Up-to-date symlink: /home/snake/Emmanuel_Jr_robot/install/nav2_msgs/include/nav2_msgs/msg/detail/behavior_tree_log__rosidl_typesupport_introspection_cpp.hpp
[4.836s] -- Up-to-date symlink: /home/snake/Emmanuel_Jr_robot/install/nav2_msgs/include/nav2_msgs/msg/detail/behavior_tree_status_change__rosidl_typesupport_introspection_cpp.hpp
[4.836s] -- Up-to-date symlink: /home/snake/Emmanuel_Jr_robot/install/nav2_msgs/include/nav2_msgs/msg/detail/costmap__rosidl_typesupport_introspection_cpp.hpp
[4.836s] -- Up-to-date symlink: /home/snake/Emmanuel_Jr_robot/install/nav2_msgs/include/nav2_msgs/msg/detail/costmap_filter_info__rosidl_typesupport_introspection_cpp.hpp
[4.837s] -- Up-to-date symlink: /home/snake/Emmanuel_Jr_robot/install/nav2_msgs/include/nav2_msgs/msg/detail/costmap_meta_data__rosidl_typesupport_introspection_cpp.hpp
[4.840s] -- Up-to-date symlink: /home/snake/Emmanuel_Jr_robot/install/nav2_msgs/include/nav2_msgs/msg/detail/particle__rosidl_typesupport_introspection_cpp.hpp
[4.841s] -- Up-to-date symlink: /home/snake/Emmanuel_Jr_robot/install/nav2_msgs/include/nav2_msgs/msg/detail/particle_cloud__rosidl_typesupport_introspection_cpp.hpp
[4.841s] -- Up-to-date symlink: /home/snake/Emmanuel_Jr_robot/install/nav2_msgs/include/nav2_msgs/msg/detail/speed_limit__rosidl_typesupport_introspection_cpp.hpp
[4.842s] -- Up-to-date symlink: /home/snake/Emmanuel_Jr_robot/install/nav2_msgs/include/nav2_msgs/msg/detail/voxel_grid__rosidl_typesupport_introspection_cpp.hpp
[4.842s] -- Up-to-date symlink: /home/snake/Emmanuel_Jr_robot/install/nav2_msgs/include/nav2_msgs/srv/detail/clear_costmap_around_robot__rosidl_typesupport_introspection_cpp.hpp
[4.844s] -- Up-to-date symlink: /home/snake/Emmanuel_Jr_robot/install/nav2_msgs/include/nav2_msgs/srv/detail/clear_costmap_except_region__rosidl_typesupport_introspection_cpp.hpp
[4.844s] -- Up-to-date symlink: /home/snake/Emmanuel_Jr_robot/install/nav2_msgs/include/nav2_msgs/srv/detail/clear_entire_costmap__rosidl_typesupport_introspection_cpp.hpp
[4.844s] -- Up-to-date symlink: /home/snake/Emmanuel_Jr_robot/install/nav2_msgs/include/nav2_msgs/srv/detail/get_costmap__rosidl_typesupport_introspection_cpp.hpp
[4.845s] -- Up-to-date symlink: /home/snake/Emmanuel_Jr_robot/install/nav2_msgs/include/nav2_msgs/srv/detail/load_map__rosidl_typesupport_introspection_cpp.hpp
[4.845s] -- Up-to-date symlink: /home/snake/Emmanuel_Jr_robot/install/nav2_msgs/include/nav2_msgs/srv/detail/manage_lifecycle_nodes__rosidl_typesupport_introspection_cpp.hpp
[4.846s] -- Up-to-date symlink: /home/snake/Emmanuel_Jr_robot/install/nav2_msgs/include/nav2_msgs/srv/detail/save_map__rosidl_typesupport_introspection_cpp.hpp
[4.846s] -- Up-to-date symlink: /home/snake/Emmanuel_Jr_robot/install/nav2_msgs/share/nav2_msgs/environment/pythonpath.sh
[4.847s] -- Up-to-date symlink: /home/snake/Emmanuel_Jr_robot/install/nav2_msgs/share/nav2_msgs/environment/pythonpath.dsv
[4.849s] -- Up-to-date symlink: /home/snake/Emmanuel_Jr_robot/install/nav2_msgs/lib/python3.8/site-packages/nav2_msgs/__init__.py
[4.850s] -- Up-to-date symlink: /home/snake/Emmanuel_Jr_robot/install/nav2_msgs/lib/python3.8/site-packages/nav2_msgs/msg/__init__.py
[4.850s] -- Up-to-date symlink: /home/snake/Emmanuel_Jr_robot/install/nav2_msgs/lib/python3.8/site-packages/nav2_msgs/msg/_behavior_tree_log.py
[4.851s] -- Up-to-date symlink: /home/snake/Emmanuel_Jr_robot/install/nav2_msgs/lib/python3.8/site-packages/nav2_msgs/msg/_behavior_tree_status_change.py
[4.851s] -- Up-to-date symlink: /home/snake/Emmanuel_Jr_robot/install/nav2_msgs/lib/python3.8/site-packages/nav2_msgs/msg/_costmap.py
[4.852s] -- Up-to-date symlink: /home/snake/Emmanuel_Jr_robot/install/nav2_msgs/lib/python3.8/site-packages/nav2_msgs/msg/_costmap_filter_info.py
[4.852s] -- Up-to-date symlink: /home/snake/Emmanuel_Jr_robot/install/nav2_msgs/lib/python3.8/site-packages/nav2_msgs/msg/_costmap_meta_data.py
[4.853s] -- Up-to-date symlink: /home/snake/Emmanuel_Jr_robot/install/nav2_msgs/lib/python3.8/site-packages/nav2_msgs/msg/_particle.py
[4.853s] -- Up-to-date symlink: /home/snake/Emmanuel_Jr_robot/install/nav2_msgs/lib/python3.8/site-packages/nav2_msgs/msg/_particle_cloud.py
[4.854s] -- Up-to-date symlink: /home/snake/Emmanuel_Jr_robot/install/nav2_msgs/lib/python3.8/site-packages/nav2_msgs/msg/_speed_limit.py
[4.855s] -- Up-to-date symlink: /home/snake/Emmanuel_Jr_robot/install/nav2_msgs/lib/python3.8/site-packages/nav2_msgs/msg/_voxel_grid.py
[4.857s] -- Up-to-date symlink: /home/snake/Emmanuel_Jr_robot/install/nav2_msgs/lib/python3.8/site-packages/nav2_msgs/srv/__init__.py
[4.858s] -- Up-to-date symlink: /home/snake/Emmanuel_Jr_robot/install/nav2_msgs/lib/python3.8/site-packages/nav2_msgs/srv/_clear_costmap_around_robot.py
[4.858s] -- Up-to-date symlink: /home/snake/Emmanuel_Jr_robot/install/nav2_msgs/lib/python3.8/site-packages/nav2_msgs/srv/_clear_costmap_except_region.py
[4.859s] -- Up-to-date symlink: /home/snake/Emmanuel_Jr_robot/install/nav2_msgs/lib/python3.8/site-packages/nav2_msgs/srv/_clear_entire_costmap.py
[4.860s] -- Up-to-date symlink: /home/snake/Emmanuel_Jr_robot/install/nav2_msgs/lib/python3.8/site-packages/nav2_msgs/srv/_get_costmap.py
[4.860s] -- Up-to-date symlink: /home/snake/Emmanuel_Jr_robot/install/nav2_msgs/lib/python3.8/site-packages/nav2_msgs/srv/_load_map.py
[4.861s] -- Up-to-date symlink: /home/snake/Emmanuel_Jr_robot/install/nav2_msgs/lib/python3.8/site-packages/nav2_msgs/srv/_manage_lifecycle_nodes.py
[4.862s] -- Up-to-date symlink: /home/snake/Emmanuel_Jr_robot/install/nav2_msgs/lib/python3.8/site-packages/nav2_msgs/srv/_save_map.py
[4.863s] -- Up-to-date symlink: /home/snake/Emmanuel_Jr_robot/install/nav2_msgs/lib/python3.8/site-packages/nav2_msgs/action/__init__.py
[4.864s] -- Up-to-date symlink: /home/snake/Emmanuel_Jr_robot/install/nav2_msgs/lib/python3.8/site-packages/nav2_msgs/action/_back_up.py
[4.865s] -- Up-to-date symlink: /home/snake/Emmanuel_Jr_robot/install/nav2_msgs/lib/python3.8/site-packages/nav2_msgs/action/_compute_path_through_poses.py
[4.865s] -- Up-to-date symlink: /home/snake/Emmanuel_Jr_robot/install/nav2_msgs/lib/python3.8/site-packages/nav2_msgs/action/_compute_path_to_pose.py
[4.866s] -- Up-to-date symlink: /home/snake/Emmanuel_Jr_robot/install/nav2_msgs/lib/python3.8/site-packages/nav2_msgs/action/_dummy_recovery.py
[4.867s] -- Up-to-date symlink: /home/snake/Emmanuel_Jr_robot/install/nav2_msgs/lib/python3.8/site-packages/nav2_msgs/action/_follow_path.py
[4.867s] -- Up-to-date symlink: /home/snake/Emmanuel_Jr_robot/install/nav2_msgs/lib/python3.8/site-packages/nav2_msgs/action/_follow_waypoints.py
[4.868s] -- Up-to-date symlink: /home/snake/Emmanuel_Jr_robot/install/nav2_msgs/lib/python3.8/site-packages/nav2_msgs/action/_navigate_through_poses.py
[4.868s] -- Up-to-date symlink: /home/snake/Emmanuel_Jr_robot/install/nav2_msgs/lib/python3.8/site-packages/nav2_msgs/action/_navigate_to_pose.py
[4.869s] -- Up-to-date symlink: /home/snake/Emmanuel_Jr_robot/install/nav2_msgs/lib/python3.8/site-packages/nav2_msgs/action/_spin.py
[4.870s] -- Up-to-date symlink: /home/snake/Emmanuel_Jr_robot/install/nav2_msgs/lib/python3.8/site-packages/nav2_msgs/action/_wait.py
[4.877s] -- Up-to-date symlink: /home/snake/Emmanuel_Jr_robot/install/nav2_msgs/lib/python3.8/site-packages/nav2_msgs/nav2_msgs_s__rosidl_typesupport_fastrtps_c.cpython-38-x86_64-linux-gnu.so
[4.877s] -- Up-to-date symlink: /home/snake/Emmanuel_Jr_robot/install/nav2_msgs/lib/python3.8/site-packages/nav2_msgs/nav2_msgs_s__rosidl_typesupport_introspection_c.cpython-38-x86_64-linux-gnu.so
[4.878s] -- Up-to-date symlink: /home/snake/Emmanuel_Jr_robot/install/nav2_msgs/lib/python3.8/site-packages/nav2_msgs/nav2_msgs_s__rosidl_typesupport_c.cpython-38-x86_64-linux-gnu.so
[4.880s] -- Up-to-date symlink: /home/snake/Emmanuel_Jr_robot/install/nav2_msgs/lib/libnav2_msgs__python.so
[4.881s] -- Up-to-date symlink: /home/snake/Emmanuel_Jr_robot/install/nav2_msgs/share/nav2_msgs/msg/Costmap.idl
[4.881s] -- Up-to-date symlink: /home/snake/Emmanuel_Jr_robot/install/nav2_msgs/share/nav2_msgs/msg/CostmapMetaData.idl
[4.882s] -- Up-to-date symlink: /home/snake/Emmanuel_Jr_robot/install/nav2_msgs/share/nav2_msgs/msg/CostmapFilterInfo.idl
[4.882s] -- Up-to-date symlink: /home/snake/Emmanuel_Jr_robot/install/nav2_msgs/share/nav2_msgs/msg/SpeedLimit.idl
[4.883s] -- Up-to-date symlink: /home/snake/Emmanuel_Jr_robot/install/nav2_msgs/share/nav2_msgs/msg/VoxelGrid.idl
[4.883s] -- Up-to-date symlink: /home/snake/Emmanuel_Jr_robot/install/nav2_msgs/share/nav2_msgs/msg/BehaviorTreeStatusChange.idl
[4.884s] -- Up-to-date symlink: /home/snake/Emmanuel_Jr_robot/install/nav2_msgs/share/nav2_msgs/msg/BehaviorTreeLog.idl
[4.884s] -- Up-to-date symlink: /home/snake/Emmanuel_Jr_robot/install/nav2_msgs/share/nav2_msgs/msg/Particle.idl
[4.885s] -- Up-to-date symlink: /home/snake/Emmanuel_Jr_robot/install/nav2_msgs/share/nav2_msgs/msg/ParticleCloud.idl
[4.886s] -- Up-to-date symlink: /home/snake/Emmanuel_Jr_robot/install/nav2_msgs/share/nav2_msgs/srv/GetCostmap.idl
[4.887s] -- Up-to-date symlink: /home/snake/Emmanuel_Jr_robot/install/nav2_msgs/share/nav2_msgs/srv/ClearCostmapExceptRegion.idl
[4.888s] -- Up-to-date symlink: /home/snake/Emmanuel_Jr_robot/install/nav2_msgs/share/nav2_msgs/srv/ClearCostmapAroundRobot.idl
[4.888s] -- Up-to-date symlink: /home/snake/Emmanuel_Jr_robot/install/nav2_msgs/share/nav2_msgs/srv/ClearEntireCostmap.idl
[4.889s] -- Up-to-date symlink: /home/snake/Emmanuel_Jr_robot/install/nav2_msgs/share/nav2_msgs/srv/ManageLifecycleNodes.idl
[4.890s] -- Up-to-date symlink: /home/snake/Emmanuel_Jr_robot/install/nav2_msgs/share/nav2_msgs/srv/LoadMap.idl
[4.890s] -- Up-to-date symlink: /home/snake/Emmanuel_Jr_robot/install/nav2_msgs/share/nav2_msgs/srv/SaveMap.idl
[4.891s] -- Up-to-date symlink: /home/snake/Emmanuel_Jr_robot/install/nav2_msgs/share/nav2_msgs/action/BackUp.idl
[4.892s] -- Up-to-date symlink: /home/snake/Emmanuel_Jr_robot/install/nav2_msgs/share/nav2_msgs/action/ComputePathToPose.idl
[4.893s] -- Up-to-date symlink: /home/snake/Emmanuel_Jr_robot/install/nav2_msgs/share/nav2_msgs/action/ComputePathThroughPoses.idl
[4.893s] -- Up-to-date symlink: /home/snake/Emmanuel_Jr_robot/install/nav2_msgs/share/nav2_msgs/action/FollowPath.idl
[4.894s] -- Up-to-date symlink: /home/snake/Emmanuel_Jr_robot/install/nav2_msgs/share/nav2_msgs/action/NavigateToPose.idl
[4.895s] -- Up-to-date symlink: /home/snake/Emmanuel_Jr_robot/install/nav2_msgs/share/nav2_msgs/action/NavigateThroughPoses.idl
[4.896s] -- Up-to-date symlink: /home/snake/Emmanuel_Jr_robot/install/nav2_msgs/share/nav2_msgs/action/Wait.idl
[4.896s] -- Up-to-date symlink: /home/snake/Emmanuel_Jr_robot/install/nav2_msgs/share/nav2_msgs/action/Spin.idl
[4.897s] -- Up-to-date symlink: /home/snake/Emmanuel_Jr_robot/install/nav2_msgs/share/nav2_msgs/action/DummyRecovery.idl
[4.898s] -- Up-to-date symlink: /home/snake/Emmanuel_Jr_robot/install/nav2_msgs/share/nav2_msgs/action/FollowWaypoints.idl
[4.899s] -- Up-to-date symlink: /home/snake/Emmanuel_Jr_robot/install/nav2_msgs/share/nav2_msgs/msg/Costmap.msg
[4.902s] -- Up-to-date symlink: /home/snake/Emmanuel_Jr_robot/install/nav2_msgs/share/nav2_msgs/msg/CostmapMetaData.msg
[4.903s] -- Up-to-date symlink: /home/snake/Emmanuel_Jr_robot/install/nav2_msgs/share/nav2_msgs/msg/CostmapFilterInfo.msg
[4.904s] -- Up-to-date symlink: /home/snake/Emmanuel_Jr_robot/install/nav2_msgs/share/nav2_msgs/msg/SpeedLimit.msg
[4.905s] -- Up-to-date symlink: /home/snake/Emmanuel_Jr_robot/install/nav2_msgs/share/nav2_msgs/msg/VoxelGrid.msg
[4.905s] -- Up-to-date symlink: /home/snake/Emmanuel_Jr_robot/install/nav2_msgs/share/nav2_msgs/msg/BehaviorTreeStatusChange.msg
[4.906s] -- Up-to-date symlink: /home/snake/Emmanuel_Jr_robot/install/nav2_msgs/share/nav2_msgs/msg/BehaviorTreeLog.msg
[4.906s] -- Up-to-date symlink: /home/snake/Emmanuel_Jr_robot/install/nav2_msgs/share/nav2_msgs/msg/Particle.msg
[4.907s] -- Up-to-date symlink: /home/snake/Emmanuel_Jr_robot/install/nav2_msgs/share/nav2_msgs/msg/ParticleCloud.msg
[4.907s] -- Up-to-date symlink: /home/snake/Emmanuel_Jr_robot/install/nav2_msgs/share/nav2_msgs/srv/GetCostmap.srv
[4.908s] -- Up-to-date symlink: /home/snake/Emmanuel_Jr_robot/install/nav2_msgs/share/nav2_msgs/srv/GetCostmap_Request.msg
[4.909s] -- Up-to-date symlink: /home/snake/Emmanuel_Jr_robot/install/nav2_msgs/share/nav2_msgs/srv/GetCostmap_Response.msg
[4.910s] -- Up-to-date symlink: /home/snake/Emmanuel_Jr_robot/install/nav2_msgs/share/nav2_msgs/srv/ClearCostmapExceptRegion.srv
[4.910s] -- Up-to-date symlink: /home/snake/Emmanuel_Jr_robot/install/nav2_msgs/share/nav2_msgs/srv/ClearCostmapExceptRegion_Request.msg
[4.911s] -- Up-to-date symlink: /home/snake/Emmanuel_Jr_robot/install/nav2_msgs/share/nav2_msgs/srv/ClearCostmapExceptRegion_Response.msg
[4.912s] -- Up-to-date symlink: /home/snake/Emmanuel_Jr_robot/install/nav2_msgs/share/nav2_msgs/srv/ClearCostmapAroundRobot.srv
[4.912s] -- Up-to-date symlink: /home/snake/Emmanuel_Jr_robot/install/nav2_msgs/share/nav2_msgs/srv/ClearCostmapAroundRobot_Request.msg
[4.913s] -- Up-to-date symlink: /home/snake/Emmanuel_Jr_robot/install/nav2_msgs/share/nav2_msgs/srv/ClearCostmapAroundRobot_Response.msg
[4.914s] -- Up-to-date symlink: /home/snake/Emmanuel_Jr_robot/install/nav2_msgs/share/nav2_msgs/srv/ClearEntireCostmap.srv
[4.915s] -- Up-to-date symlink: /home/snake/Emmanuel_Jr_robot/install/nav2_msgs/share/nav2_msgs/srv/ClearEntireCostmap_Request.msg
[4.916s] -- Up-to-date symlink: /home/snake/Emmanuel_Jr_robot/install/nav2_msgs/share/nav2_msgs/srv/ClearEntireCostmap_Response.msg
[4.916s] -- Up-to-date symlink: /home/snake/Emmanuel_Jr_robot/install/nav2_msgs/share/nav2_msgs/srv/ManageLifecycleNodes.srv
[4.917s] -- Up-to-date symlink: /home/snake/Emmanuel_Jr_robot/install/nav2_msgs/share/nav2_msgs/srv/ManageLifecycleNodes_Request.msg
[4.922s] -- Up-to-date symlink: /home/snake/Emmanuel_Jr_robot/install/nav2_msgs/share/nav2_msgs/srv/ManageLifecycleNodes_Response.msg
[4.923s] -- Up-to-date symlink: /home/snake/Emmanuel_Jr_robot/install/nav2_msgs/share/nav2_msgs/srv/LoadMap.srv
[4.923s] -- Up-to-date symlink: /home/snake/Emmanuel_Jr_robot/install/nav2_msgs/share/nav2_msgs/srv/LoadMap_Request.msg
[4.924s] -- Up-to-date symlink: /home/snake/Emmanuel_Jr_robot/install/nav2_msgs/share/nav2_msgs/srv/LoadMap_Response.msg
[4.924s] -- Up-to-date symlink: /home/snake/Emmanuel_Jr_robot/install/nav2_msgs/share/nav2_msgs/srv/SaveMap.srv
[4.925s] -- Up-to-date symlink: /home/snake/Emmanuel_Jr_robot/install/nav2_msgs/share/nav2_msgs/srv/SaveMap_Request.msg
[4.925s] -- Up-to-date symlink: /home/snake/Emmanuel_Jr_robot/install/nav2_msgs/share/nav2_msgs/srv/SaveMap_Response.msg
[4.926s] -- Up-to-date symlink: /home/snake/Emmanuel_Jr_robot/install/nav2_msgs/share/nav2_msgs/action/BackUp.action
[4.927s] -- Up-to-date symlink: /home/snake/Emmanuel_Jr_robot/install/nav2_msgs/share/nav2_msgs/action/ComputePathToPose.action
[4.927s] -- Up-to-date symlink: /home/snake/Emmanuel_Jr_robot/install/nav2_msgs/share/nav2_msgs/action/ComputePathThroughPoses.action
[4.928s] -- Up-to-date symlink: /home/snake/Emmanuel_Jr_robot/install/nav2_msgs/share/nav2_msgs/action/FollowPath.action
[4.929s] -- Up-to-date symlink: /home/snake/Emmanuel_Jr_robot/install/nav2_msgs/share/nav2_msgs/action/NavigateToPose.action
[4.929s] -- Up-to-date symlink: /home/snake/Emmanuel_Jr_robot/install/nav2_msgs/share/nav2_msgs/action/NavigateThroughPoses.action
[4.931s] -- Up-to-date symlink: /home/snake/Emmanuel_Jr_robot/install/nav2_msgs/share/nav2_msgs/action/Wait.action
[4.931s] -- Up-to-date symlink: /home/snake/Emmanuel_Jr_robot/install/nav2_msgs/share/nav2_msgs/action/Spin.action
[4.932s] -- Up-to-date symlink: /home/snake/Emmanuel_Jr_robot/install/nav2_msgs/share/nav2_msgs/action/DummyRecovery.action
[4.933s] -- Up-to-date symlink: /home/snake/Emmanuel_Jr_robot/install/nav2_msgs/share/nav2_msgs/action/FollowWaypoints.action
[4.934s] -- Up-to-date symlink: /home/snake/Emmanuel_Jr_robot/install/nav2_msgs/share/ament_index/resource_index/package_run_dependencies/nav2_msgs
[4.934s] -- Up-to-date symlink: /home/snake/Emmanuel_Jr_robot/install/nav2_msgs/share/ament_index/resource_index/parent_prefix_path/nav2_msgs
[4.936s] -- Up-to-date symlink: /home/snake/Emmanuel_Jr_robot/install/nav2_msgs/share/nav2_msgs/environment/ament_prefix_path.sh
[4.936s] -- Up-to-date symlink: /home/snake/Emmanuel_Jr_robot/install/nav2_msgs/share/nav2_msgs/environment/ament_prefix_path.dsv
[4.937s] -- Up-to-date symlink: /home/snake/Emmanuel_Jr_robot/install/nav2_msgs/share/nav2_msgs/environment/path.sh
[4.937s] -- Up-to-date symlink: /home/snake/Emmanuel_Jr_robot/install/nav2_msgs/share/nav2_msgs/environment/path.dsv
[4.938s] -- Up-to-date symlink: /home/snake/Emmanuel_Jr_robot/install/nav2_msgs/share/nav2_msgs/local_setup.bash
[4.939s] -- Up-to-date symlink: /home/snake/Emmanuel_Jr_robot/install/nav2_msgs/share/nav2_msgs/local_setup.sh
[4.939s] -- Up-to-date symlink: /home/snake/Emmanuel_Jr_robot/install/nav2_msgs/share/nav2_msgs/local_setup.zsh
[4.940s] -- Up-to-date symlink: /home/snake/Emmanuel_Jr_robot/install/nav2_msgs/share/nav2_msgs/local_setup.dsv
[4.940s] -- Symlinking: /home/snake/Emmanuel_Jr_robot/install/nav2_msgs/share/nav2_msgs/package.dsv
[4.967s] -- Up-to-date symlink: /home/snake/Emmanuel_Jr_robot/install/nav2_msgs/share/ament_index/resource_index/packages/nav2_msgs
[4.967s] -- Up-to-date symlink: /home/snake/Emmanuel_Jr_robot/install/nav2_msgs/share/nav2_msgs/cmake/rosidl_cmake-extras.cmake
[4.968s] -- Up-to-date symlink: /home/snake/Emmanuel_Jr_robot/install/nav2_msgs/share/nav2_msgs/cmake/ament_cmake_export_dependencies-extras.cmake
[4.969s] -- Up-to-date symlink: /home/snake/Emmanuel_Jr_robot/install/nav2_msgs/share/nav2_msgs/cmake/ament_cmake_export_libraries-extras.cmake
[4.969s] -- Up-to-date symlink: /home/snake/Emmanuel_Jr_robot/install/nav2_msgs/share/nav2_msgs/cmake/ament_cmake_export_targets-extras.cmake
[4.970s] -- Up-to-date symlink: /home/snake/Emmanuel_Jr_robot/install/nav2_msgs/share/nav2_msgs/cmake/ament_cmake_export_include_directories-extras.cmake
[4.970s] -- Up-to-date symlink: /home/snake/Emmanuel_Jr_robot/install/nav2_msgs/share/nav2_msgs/cmake/rosidl_cmake_export_typesupport_libraries-extras.cmake
[4.971s] -- Up-to-date symlink: /home/snake/Emmanuel_Jr_robot/install/nav2_msgs/share/nav2_msgs/cmake/rosidl_cmake_export_typesupport_targets-extras.cmake
[4.972s] -- Up-to-date symlink: /home/snake/Emmanuel_Jr_robot/install/nav2_msgs/share/nav2_msgs/cmake/nav2_msgsConfig.cmake
[4.972s] -- Up-to-date symlink: /home/snake/Emmanuel_Jr_robot/install/nav2_msgs/share/nav2_msgs/cmake/nav2_msgsConfig-version.cmake
[4.973s] -- Up-to-date symlink: /home/snake/Emmanuel_Jr_robot/install/nav2_msgs/share/nav2_msgs/package.xml
[4.975s] -- Up-to-date: /home/snake/Emmanuel_Jr_robot/install/nav2_msgs/lib/libnav2_msgs__rosidl_generator_c.so
[4.976s] -- Up-to-date: /home/snake/Emmanuel_Jr_robot/install/nav2_msgs/lib/libnav2_msgs__rosidl_typesupport_introspection_c.so
[4.977s] -- Up-to-date: /home/snake/Emmanuel_Jr_robot/install/nav2_msgs/lib/libnav2_msgs__rosidl_typesupport_c.so
[4.978s] -- Up-to-date: /home/snake/Emmanuel_Jr_robot/install/nav2_msgs/lib/libnav2_msgs__rosidl_typesupport_introspection_cpp.so
[4.980s] -- Up-to-date: /home/snake/Emmanuel_Jr_robot/install/nav2_msgs/lib/libnav2_msgs__rosidl_typesupport_cpp.so
[5.090s] Compiling '/home/snake/Emmanuel_Jr_robot/install/nav2_msgs/lib/python3.8/site-packages/nav2_msgs/__init__.py'...
[5.095s] -- Up-to-date: /home/snake/Emmanuel_Jr_robot/install/nav2_msgs/share/nav2_msgs/cmake/nav2_msgs__rosidl_generator_cExport.cmake
[5.095s] -- Installing: /home/snake/Emmanuel_Jr_robot/install/nav2_msgs/share/nav2_msgs/cmake/nav2_msgs__rosidl_generator_cExport-release.cmake
[5.097s] -- Up-to-date: /home/snake/Emmanuel_Jr_robot/install/nav2_msgs/share/nav2_msgs/cmake/nav2_msgs__rosidl_typesupport_introspection_cExport.cmake
[5.097s] -- Installing: /home/snake/Emmanuel_Jr_robot/install/nav2_msgs/share/nav2_msgs/cmake/nav2_msgs__rosidl_typesupport_introspection_cExport-release.cmake
[5.099s] -- Up-to-date: /home/snake/Emmanuel_Jr_robot/install/nav2_msgs/share/nav2_msgs/cmake/nav2_msgs__rosidl_typesupport_cExport.cmake
[5.099s] -- Installing: /home/snake/Emmanuel_Jr_robot/install/nav2_msgs/share/nav2_msgs/cmake/nav2_msgs__rosidl_typesupport_cExport-release.cmake
[5.100s] -- Up-to-date: /home/snake/Emmanuel_Jr_robot/install/nav2_msgs/share/nav2_msgs/cmake/nav2_msgs__rosidl_generator_cppExport.cmake
[5.101s] -- Up-to-date: /home/snake/Emmanuel_Jr_robot/install/nav2_msgs/share/nav2_msgs/cmake/nav2_msgs__rosidl_typesupport_introspection_cppExport.cmake
[5.101s] -- Installing: /home/snake/Emmanuel_Jr_robot/install/nav2_msgs/share/nav2_msgs/cmake/nav2_msgs__rosidl_typesupport_introspection_cppExport-release.cmake
[5.102s] -- Up-to-date: /home/snake/Emmanuel_Jr_robot/install/nav2_msgs/share/nav2_msgs/cmake/nav2_msgs__rosidl_typesupport_cppExport.cmake
[5.102s] -- Installing: /home/snake/Emmanuel_Jr_robot/install/nav2_msgs/share/nav2_msgs/cmake/nav2_msgs__rosidl_typesupport_cppExport-release.cmake
[5.107s] Invoked command in '/home/snake/Emmanuel_Jr_robot/build/nav2_msgs' returned '0': AMENT_PREFIX_PATH=/home/snake/Emmanuel_Jr_robot/install/nav2_common:${AMENT_PREFIX_PATH} CMAKE_PREFIX_PATH=/home/snake/Emmanuel_Jr_robot/install/nav2_common:/opt/ros/galactic PYTHONPATH=/home/snake/Emmanuel_Jr_robot/install/nav2_common/lib/python3.8/site-packages:${PYTHONPATH} /usr/bin/cmake --install /home/snake/Emmanuel_Jr_robot/build/nav2_msgs
