[0.158s] Invoking command in '/home/ubuntu/Emmanuel_Jr_robot/build/drive_base_msgs': CMAKE_PREFIX_PATH=${CMAKE_PREFIX_PATH}:/home/ubuntu/Emmanuel_Jr_robot/install/emmanuel:/opt/ros/galactic /usr/bin/cmake /home/ubuntu/Emmanuel_Jr_robot/src/uros/drive_base/drive_base_msgs -DCMAKE_INSTALL_PREFIX=/home/ubuntu/Emmanuel_Jr_robot/install/drive_base_msgs
[1.845s] -- The C compiler identification is GNU 9.4.0
[1.846s] -- The CXX compiler identification is GNU 9.4.0
[1.847s] -- Check for working C compiler: /usr/bin/cc
[1.847s] -- Check for working C compiler: /usr/bin/cc -- works
[1.848s] -- Detecting C compiler ABI info
[1.849s] -- Detecting C compiler ABI info - done
[1.850s] -- Detecting C compile features
[1.851s] -- Detecting C compile features - done
[1.852s] -- Check for working CXX compiler: /usr/bin/c++
[1.859s] -- Check for working CXX compiler: /usr/bin/c++ -- works
[1.860s] -- Detecting CXX compiler ABI info
[2.310s] -- Detecting CXX compiler ABI info - done
[2.360s] -- Detecting CXX compile features
[2.363s] -- Detecting CXX compile features - done
[2.405s] -- Found ament_cmake: 1.1.5 (/opt/ros/galactic/share/ament_cmake/cmake)
[2.605s] -- Found PythonInterp: /usr/bin/python3 (found suitable version "3.8.10", minimum required is "3") 
[2.606s] -- Using PYTHON_EXECUTABLE: /usr/bin/python3
[3.359s] -- Found std_msgs: 2.2.4 (/opt/ros/galactic/share/std_msgs/cmake)
[3.692s] -- Using all available rosidl_typesupport_c: rosidl_typesupport_fastrtps_c;rosidl_typesupport_introspection_c
[3.786s] -- Found rosidl_adapter: 2.2.2 (/opt/ros/galactic/share/rosidl_adapter/cmake)
[4.503s] -- Found OpenSSL: /usr/lib/aarch64-linux-gnu/libcrypto.so (found version "1.1.1f")  
[4.815s] -- Found FastRTPS: /opt/ros/galactic/include  
[5.531s] -- Using all available rosidl_typesupport_cpp: rosidl_typesupport_fastrtps_cpp;rosidl_typesupport_introspection_cpp
[5.845s] -- Found rosidl_default_generators: 1.1.1 (/opt/ros/galactic/share/rosidl_default_generators/cmake)
[6.084s] -- Found PythonInterp: /usr/bin/python3 (found version "3.8.10") 
[7.173s] -- Found ament_cmake_cppcheck: 0.10.7 (/opt/ros/galactic/share/ament_cmake_cppcheck/cmake)
[7.206s] -- Found ament_cmake_cpplint: 0.10.7 (/opt/ros/galactic/share/ament_cmake_cpplint/cmake)
[7.239s] -- Found ament_cmake_uncrustify: 0.10.7 (/opt/ros/galactic/share/ament_cmake_uncrustify/cmake)
[7.275s] -- Found ament_cmake_ros: 0.9.2 (/opt/ros/galactic/share/ament_cmake_ros/cmake)
[8.798s] -- Using all available rosidl_typesupport_c: rosidl_typesupport_fastrtps_c;rosidl_typesupport_introspection_c
[9.131s] -- Using all available rosidl_typesupport_cpp: rosidl_typesupport_fastrtps_cpp;rosidl_typesupport_introspection_cpp
[9.273s] -- Found PythonInterp: /usr/bin/python3 (found suitable version "3.8.10", minimum required is "3.5") 
[9.299s] -- Found python_cmake_module: 0.8.1 (/opt/ros/galactic/share/python_cmake_module/cmake)
[9.458s] -- Found PythonLibs: /usr/lib/aarch64-linux-gnu/libpython3.8.so (found suitable version "3.8.10", minimum required is "3.5") 
[9.462s] -- Using PYTHON_EXECUTABLE: /usr/bin/python3
[9.465s] -- Using PYTHON_INCLUDE_DIRS: /usr/include/python3.8
[9.469s] -- Using PYTHON_LIBRARIES: /usr/lib/aarch64-linux-gnu/libpython3.8.so
[9.631s] -- Found PythonExtra: .so  
[10.038s] -- Found ament_cmake_flake8: 0.10.7 (/opt/ros/galactic/share/ament_cmake_flake8/cmake)
[10.070s] -- Found ament_cmake_pep257: 0.10.7 (/opt/ros/galactic/share/ament_cmake_pep257/cmake)
[10.150s] -- Configuring done
[10.453s] -- Generating done
[10.469s] -- Build files have been written to: /home/ubuntu/Emmanuel_Jr_robot/build/drive_base_msgs
[10.529s] Invoked command in '/home/ubuntu/Emmanuel_Jr_robot/build/drive_base_msgs' returned '0': CMAKE_PREFIX_PATH=${CMAKE_PREFIX_PATH}:/home/ubuntu/Emmanuel_Jr_robot/install/emmanuel:/opt/ros/galactic /usr/bin/cmake /home/ubuntu/Emmanuel_Jr_robot/src/uros/drive_base/drive_base_msgs -DCMAKE_INSTALL_PREFIX=/home/ubuntu/Emmanuel_Jr_robot/install/drive_base_msgs
[10.533s] Invoking command in '/home/ubuntu/Emmanuel_Jr_robot/build/drive_base_msgs': CMAKE_PREFIX_PATH=${CMAKE_PREFIX_PATH}:/home/ubuntu/Emmanuel_Jr_robot/install/emmanuel:/opt/ros/galactic /usr/bin/cmake --build /home/ubuntu/Emmanuel_Jr_robot/build/drive_base_msgs -- -j4 -l4
[10.965s] [35m[1mScanning dependencies of target drive_base_msgs__cpp[0m
[10.989s] [  1%] [34m[1mGenerating C code for ROS interfaces[0m
[11.068s] [  3%] [34m[1mGenerating C++ code for ROS interfaces[0m
[16.325s] [  3%] Built target drive_base_msgs__cpp
[16.350s] [35m[1mScanning dependencies of target drive_base_msgs__rosidl_generator_c[0m
[16.526s] [  5%] [34m[1mGenerating C++ introspection for ROS interfaces[0m
[16.602s] [  9%] [34m[1mGenerating C++ type support for eProsima Fast-RTPS[0m
[16.605s] [  7%] [34m[1mGenerating C++ type support dispatch for ROS interfaces[0m
[16.613s] [ 10%] [32mBuilding C object CMakeFiles/drive_base_msgs__rosidl_generator_c.dir/rosidl_generator_c/drive_base_msgs/msg/detail/command_header__functions.c.o[0m
[17.437s] [ 12%] [32mBuilding C object CMakeFiles/drive_base_msgs__rosidl_generator_c.dir/rosidl_generator_c/drive_base_msgs/msg/detail/base_info__functions.c.o[0m
[18.147s] [ 14%] [32mBuilding C object CMakeFiles/drive_base_msgs__rosidl_generator_c.dir/rosidl_generator_c/drive_base_msgs/msg/detail/command_status__functions.c.o[0m
[18.814s] [ 16%] [32mBuilding C object CMakeFiles/drive_base_msgs__rosidl_generator_c.dir/rosidl_generator_c/drive_base_msgs/msg/detail/trv_command__functions.c.o[0m
[19.458s] [ 18%] [32m[1mLinking C shared library libdrive_base_msgs__rosidl_generator_c.so[0m
[20.110s] [ 18%] Built target drive_base_msgs__rosidl_generator_c
[20.282s] [ 20%] [34m[1mGenerating C introspection for ROS interfaces[0m
[23.609s] [35m[1mScanning dependencies of target drive_base_msgs__rosidl_typesupport_cpp[0m
[23.890s] [ 21%] [32mBuilding CXX object CMakeFiles/drive_base_msgs__rosidl_typesupport_cpp.dir/rosidl_typesupport_cpp/drive_base_msgs/msg/command_header__type_support.cpp.o[0m
[24.401s] [35m[1mScanning dependencies of target drive_base_msgs__rosidl_typesupport_introspection_cpp[0m
[24.617s] [ 23%] [32mBuilding CXX object CMakeFiles/drive_base_msgs__rosidl_typesupport_introspection_cpp.dir/rosidl_typesupport_introspection_cpp/drive_base_msgs/msg/detail/command_header__type_support.cpp.o[0m
[24.685s] [35m[1mScanning dependencies of target drive_base_msgs__rosidl_typesupport_fastrtps_cpp[0m
[24.957s] [ 25%] [32mBuilding CXX object CMakeFiles/drive_base_msgs__rosidl_typesupport_fastrtps_cpp.dir/rosidl_typesupport_fastrtps_cpp/drive_base_msgs/msg/detail/dds_fastrtps/command_header__type_support.cpp.o[0m
[28.153s] [ 27%] [32mBuilding CXX object CMakeFiles/drive_base_msgs__rosidl_typesupport_cpp.dir/rosidl_typesupport_cpp/drive_base_msgs/msg/base_info__type_support.cpp.o[0m
[28.177s] [35m[1mScanning dependencies of target drive_base_msgs__rosidl_typesupport_introspection_c[0m
[28.441s] [ 29%] [32mBuilding C object CMakeFiles/drive_base_msgs__rosidl_typesupport_introspection_c.dir/rosidl_typesupport_introspection_c/drive_base_msgs/msg/detail/command_header__type_support.c.o[0m
[28.633s] [ 30%] [32mBuilding CXX object CMakeFiles/drive_base_msgs__rosidl_typesupport_introspection_cpp.dir/rosidl_typesupport_introspection_cpp/drive_base_msgs/msg/detail/base_info__type_support.cpp.o[0m
[29.009s] [ 32%] [32mBuilding C object CMakeFiles/drive_base_msgs__rosidl_typesupport_introspection_c.dir/rosidl_typesupport_introspection_c/drive_base_msgs/msg/detail/base_info__type_support.c.o[0m
[29.566s] [ 34%] [32mBuilding C object CMakeFiles/drive_base_msgs__rosidl_typesupport_introspection_c.dir/rosidl_typesupport_introspection_c/drive_base_msgs/msg/detail/command_status__type_support.c.o[0m
[29.978s] [ 36%] [32mBuilding C object CMakeFiles/drive_base_msgs__rosidl_typesupport_introspection_c.dir/rosidl_typesupport_introspection_c/drive_base_msgs/msg/detail/trv_command__type_support.c.o[0m
[30.441s] [ 38%] [32m[1mLinking C shared library libdrive_base_msgs__rosidl_typesupport_introspection_c.so[0m
[30.580s] [ 40%] [32mBuilding CXX object CMakeFiles/drive_base_msgs__rosidl_typesupport_fastrtps_cpp.dir/rosidl_typesupport_fastrtps_cpp/drive_base_msgs/msg/detail/dds_fastrtps/base_info__type_support.cpp.o[0m
[30.977s] [ 40%] Built target drive_base_msgs__rosidl_typesupport_introspection_c
[31.111s] [ 41%] [32mBuilding CXX object CMakeFiles/drive_base_msgs__rosidl_typesupport_fastrtps_cpp.dir/rosidl_typesupport_fastrtps_cpp/drive_base_msgs/msg/detail/dds_fastrtps/command_status__type_support.cpp.o[0m
[31.861s] [ 43%] [32mBuilding CXX object CMakeFiles/drive_base_msgs__rosidl_typesupport_introspection_cpp.dir/rosidl_typesupport_introspection_cpp/drive_base_msgs/msg/detail/command_status__type_support.cpp.o[0m
[32.309s] [ 45%] [32mBuilding CXX object CMakeFiles/drive_base_msgs__rosidl_typesupport_cpp.dir/rosidl_typesupport_cpp/drive_base_msgs/msg/command_status__type_support.cpp.o[0m
[34.621s] [ 47%] [32mBuilding CXX object CMakeFiles/drive_base_msgs__rosidl_typesupport_introspection_cpp.dir/rosidl_typesupport_introspection_cpp/drive_base_msgs/msg/detail/trv_command__type_support.cpp.o[0m
[34.967s] [ 49%] [32mBuilding CXX object CMakeFiles/drive_base_msgs__rosidl_typesupport_cpp.dir/rosidl_typesupport_cpp/drive_base_msgs/msg/trv_command__type_support.cpp.o[0m
[35.522s] [ 50%] [32mBuilding CXX object CMakeFiles/drive_base_msgs__rosidl_typesupport_fastrtps_cpp.dir/rosidl_typesupport_fastrtps_cpp/drive_base_msgs/msg/detail/dds_fastrtps/trv_command__type_support.cpp.o[0m
[35.663s] [ 52%] [34m[1mGenerating C type support dispatch for ROS interfaces[0m
[37.147s] [ 54%] [32m[1mLinking CXX shared library libdrive_base_msgs__rosidl_typesupport_introspection_cpp.so[0m
[37.829s] [ 54%] Built target drive_base_msgs__rosidl_typesupport_introspection_cpp
[38.353s] [ 56%] [32m[1mLinking CXX shared library libdrive_base_msgs__rosidl_typesupport_cpp.so[0m
[38.645s] [ 56%] Built target drive_base_msgs__rosidl_typesupport_cpp
[39.522s] [ 58%] [32m[1mLinking CXX shared library libdrive_base_msgs__rosidl_typesupport_fastrtps_cpp.so[0m
[39.523s] [35m[1mScanning dependencies of target drive_base_msgs__rosidl_typesupport_c[0m
[39.587s] [ 60%] [32mBuilding CXX object CMakeFiles/drive_base_msgs__rosidl_typesupport_c.dir/rosidl_typesupport_c/drive_base_msgs/msg/command_header__type_support.cpp.o[0m
[39.591s] [ 61%] [32mBuilding CXX object CMakeFiles/drive_base_msgs__rosidl_typesupport_c.dir/rosidl_typesupport_c/drive_base_msgs/msg/command_status__type_support.cpp.o[0m
[39.593s] [ 63%] [32mBuilding CXX object CMakeFiles/drive_base_msgs__rosidl_typesupport_c.dir/rosidl_typesupport_c/drive_base_msgs/msg/base_info__type_support.cpp.o[0m
[39.834s] [ 65%] [32mBuilding CXX object CMakeFiles/drive_base_msgs__rosidl_typesupport_c.dir/rosidl_typesupport_c/drive_base_msgs/msg/trv_command__type_support.cpp.o[0m
[39.998s] [ 67%] [32m[1mLinking CXX shared library libdrive_base_msgs__rosidl_typesupport_c.so[0m
[40.016s] [ 67%] Built target drive_base_msgs__rosidl_typesupport_fastrtps_cpp
[40.064s] [ 69%] [34m[1mGenerating C type support for eProsima Fast-RTPS[0m
[40.177s] [ 69%] Built target drive_base_msgs__rosidl_typesupport_c
[42.586s] [35m[1mScanning dependencies of target drive_base_msgs__rosidl_typesupport_fastrtps_c[0m
[42.785s] [ 70%] [32mBuilding CXX object CMakeFiles/drive_base_msgs__rosidl_typesupport_fastrtps_c.dir/rosidl_typesupport_fastrtps_c/drive_base_msgs/msg/detail/base_info__type_support_c.cpp.o[0m
[42.790s] [ 72%] [32mBuilding CXX object CMakeFiles/drive_base_msgs__rosidl_typesupport_fastrtps_c.dir/rosidl_typesupport_fastrtps_c/drive_base_msgs/msg/detail/trv_command__type_support_c.cpp.o[0m
[42.794s] [ 74%] [32mBuilding CXX object CMakeFiles/drive_base_msgs__rosidl_typesupport_fastrtps_c.dir/rosidl_typesupport_fastrtps_c/drive_base_msgs/msg/detail/command_header__type_support_c.cpp.o[0m
[42.806s] [ 76%] [32mBuilding CXX object CMakeFiles/drive_base_msgs__rosidl_typesupport_fastrtps_c.dir/rosidl_typesupport_fastrtps_c/drive_base_msgs/msg/detail/command_status__type_support_c.cpp.o[0m
[45.981s] [ 78%] [32m[1mLinking CXX shared library libdrive_base_msgs__rosidl_typesupport_fastrtps_c.so[0m
[46.361s] [ 78%] Built target drive_base_msgs__rosidl_typesupport_fastrtps_c
[46.403s] [35m[1mScanning dependencies of target drive_base_msgs[0m
[46.451s] [ 78%] Built target drive_base_msgs
[46.498s] [35m[1mScanning dependencies of target drive_base_msgs__py[0m
[46.544s] [ 80%] [34m[1mGenerating Python code for ROS interfaces[0m
[51.224s] [ 80%] Built target drive_base_msgs__py
[51.268s] [35m[1mScanning dependencies of target drive_base_msgs__python[0m
[51.384s] [ 81%] [32mBuilding C object CMakeFiles/drive_base_msgs__python.dir/rosidl_generator_py/drive_base_msgs/msg/_command_header_s.c.o[0m
[51.385s] [ 83%] [32mBuilding C object CMakeFiles/drive_base_msgs__python.dir/rosidl_generator_py/drive_base_msgs/msg/_base_info_s.c.o[0m
[51.387s] [ 85%] [32mBuilding C object CMakeFiles/drive_base_msgs__python.dir/rosidl_generator_py/drive_base_msgs/msg/_command_status_s.c.o[0m
[51.819s] [ 87%] [32mBuilding C object CMakeFiles/drive_base_msgs__python.dir/rosidl_generator_py/drive_base_msgs/msg/_trv_command_s.c.o[0m
[52.182s] [ 89%] [32m[1mLinking C shared library rosidl_generator_py/drive_base_msgs/libdrive_base_msgs__python.so[0m
[52.378s] [ 89%] Built target drive_base_msgs__python
[52.425s] [35m[1mScanning dependencies of target drive_base_msgs__rosidl_typesupport_c__pyext[0m
[52.426s] [35m[1mScanning dependencies of target drive_base_msgs__rosidl_typesupport_fastrtps_c__pyext[0m
[52.426s] [35m[1mScanning dependencies of target drive_base_msgs__rosidl_typesupport_introspection_c__pyext[0m
[52.513s] [ 90%] [32mBuilding C object CMakeFiles/drive_base_msgs__rosidl_typesupport_c__pyext.dir/rosidl_generator_py/drive_base_msgs/_drive_base_msgs_s.ep.rosidl_typesupport_c.c.o[0m
[52.539s] [ 92%] [32mBuilding C object CMakeFiles/drive_base_msgs__rosidl_typesupport_fastrtps_c__pyext.dir/rosidl_generator_py/drive_base_msgs/_drive_base_msgs_s.ep.rosidl_typesupport_fastrtps_c.c.o[0m
[52.545s] [ 94%] [32mBuilding C object CMakeFiles/drive_base_msgs__rosidl_typesupport_introspection_c__pyext.dir/rosidl_generator_py/drive_base_msgs/_drive_base_msgs_s.ep.rosidl_typesupport_introspection_c.c.o[0m
[52.971s] [ 96%] [32m[1mLinking C shared library rosidl_generator_py/drive_base_msgs/drive_base_msgs_s__rosidl_typesupport_introspection_c.cpython-38-aarch64-linux-gnu.so[0m
[52.973s] [ 98%] [32m[1mLinking C shared library rosidl_generator_py/drive_base_msgs/drive_base_msgs_s__rosidl_typesupport_c.cpython-38-aarch64-linux-gnu.so[0m
[52.999s] [100%] [32m[1mLinking CXX shared library rosidl_generator_py/drive_base_msgs/drive_base_msgs_s__rosidl_typesupport_fastrtps_c.cpython-38-aarch64-linux-gnu.so[0m
[53.234s] [100%] Built target drive_base_msgs__rosidl_typesupport_introspection_c__pyext
[53.237s] [100%] Built target drive_base_msgs__rosidl_typesupport_c__pyext
[53.361s] [100%] Built target drive_base_msgs__rosidl_typesupport_fastrtps_c__pyext
[53.407s] Invoked command in '/home/ubuntu/Emmanuel_Jr_robot/build/drive_base_msgs' returned '0': CMAKE_PREFIX_PATH=${CMAKE_PREFIX_PATH}:/home/ubuntu/Emmanuel_Jr_robot/install/emmanuel:/opt/ros/galactic /usr/bin/cmake --build /home/ubuntu/Emmanuel_Jr_robot/build/drive_base_msgs -- -j4 -l4
[54.004s] Invoking command in '/home/ubuntu/Emmanuel_Jr_robot/build/drive_base_msgs': CMAKE_PREFIX_PATH=${CMAKE_PREFIX_PATH}:/home/ubuntu/Emmanuel_Jr_robot/install/emmanuel:/opt/ros/galactic /usr/bin/cmake --install /home/ubuntu/Emmanuel_Jr_robot/build/drive_base_msgs
[54.039s] -- Install configuration: ""
[54.040s] -- Installing: /home/ubuntu/Emmanuel_Jr_robot/install/drive_base_msgs/share/ament_index/resource_index/rosidl_interfaces/drive_base_msgs
[54.041s] -- Installing: /home/ubuntu/Emmanuel_Jr_robot/install/drive_base_msgs/include/drive_base_msgs
[54.042s] -- Installing: /home/ubuntu/Emmanuel_Jr_robot/install/drive_base_msgs/include/drive_base_msgs/msg
[54.042s] -- Installing: /home/ubuntu/Emmanuel_Jr_robot/install/drive_base_msgs/include/drive_base_msgs/msg/rosidl_generator_c__visibility_control.h
[54.043s] -- Installing: /home/ubuntu/Emmanuel_Jr_robot/install/drive_base_msgs/include/drive_base_msgs/msg/detail
[54.044s] -- Installing: /home/ubuntu/Emmanuel_Jr_robot/install/drive_base_msgs/include/drive_base_msgs/msg/detail/command_header__functions.c
[54.045s] -- Installing: /home/ubuntu/Emmanuel_Jr_robot/install/drive_base_msgs/include/drive_base_msgs/msg/detail/base_info__struct.h
[54.045s] -- Installing: /home/ubuntu/Emmanuel_Jr_robot/install/drive_base_msgs/include/drive_base_msgs/msg/detail/trv_command__functions.c
[54.046s] -- Installing: /home/ubuntu/Emmanuel_Jr_robot/install/drive_base_msgs/include/drive_base_msgs/msg/detail/command_header__functions.h
[54.047s] -- Installing: /home/ubuntu/Emmanuel_Jr_robot/install/drive_base_msgs/include/drive_base_msgs/msg/detail/trv_command__type_support.h
[54.048s] -- Installing: /home/ubuntu/Emmanuel_Jr_robot/install/drive_base_msgs/include/drive_base_msgs/msg/detail/command_header__type_support.h
[54.049s] -- Installing: /home/ubuntu/Emmanuel_Jr_robot/install/drive_base_msgs/include/drive_base_msgs/msg/detail/base_info__functions.h
[54.050s] -- Installing: /home/ubuntu/Emmanuel_Jr_robot/install/drive_base_msgs/include/drive_base_msgs/msg/detail/command_header__struct.h
[54.051s] -- Installing: /home/ubuntu/Emmanuel_Jr_robot/install/drive_base_msgs/include/drive_base_msgs/msg/detail/base_info__type_support.h
[54.052s] -- Installing: /home/ubuntu/Emmanuel_Jr_robot/install/drive_base_msgs/include/drive_base_msgs/msg/detail/command_status__type_support.h
[54.053s] -- Installing: /home/ubuntu/Emmanuel_Jr_robot/install/drive_base_msgs/include/drive_base_msgs/msg/detail/command_status__functions.c
[54.053s] -- Installing: /home/ubuntu/Emmanuel_Jr_robot/install/drive_base_msgs/include/drive_base_msgs/msg/detail/command_status__functions.h
[54.054s] -- Installing: /home/ubuntu/Emmanuel_Jr_robot/install/drive_base_msgs/include/drive_base_msgs/msg/detail/trv_command__struct.h
[54.055s] -- Installing: /home/ubuntu/Emmanuel_Jr_robot/install/drive_base_msgs/include/drive_base_msgs/msg/detail/base_info__functions.c
[54.056s] -- Installing: /home/ubuntu/Emmanuel_Jr_robot/install/drive_base_msgs/include/drive_base_msgs/msg/detail/command_status__struct.h
[54.057s] -- Installing: /home/ubuntu/Emmanuel_Jr_robot/install/drive_base_msgs/include/drive_base_msgs/msg/detail/trv_command__functions.h
[54.058s] -- Installing: /home/ubuntu/Emmanuel_Jr_robot/install/drive_base_msgs/include/drive_base_msgs/msg/base_info.h
[54.059s] -- Installing: /home/ubuntu/Emmanuel_Jr_robot/install/drive_base_msgs/include/drive_base_msgs/msg/command_header.h
[54.059s] -- Installing: /home/ubuntu/Emmanuel_Jr_robot/install/drive_base_msgs/include/drive_base_msgs/msg/command_status.h
[54.060s] -- Installing: /home/ubuntu/Emmanuel_Jr_robot/install/drive_base_msgs/include/drive_base_msgs/msg/trv_command.h
[54.062s] -- Installing: /home/ubuntu/Emmanuel_Jr_robot/install/drive_base_msgs/share/drive_base_msgs/environment/library_path.sh
[54.063s] -- Installing: /home/ubuntu/Emmanuel_Jr_robot/install/drive_base_msgs/share/drive_base_msgs/environment/library_path.dsv
[54.064s] -- Installing: /home/ubuntu/Emmanuel_Jr_robot/install/drive_base_msgs/lib/libdrive_base_msgs__rosidl_generator_c.so
[54.066s] -- Set runtime path of "/home/ubuntu/Emmanuel_Jr_robot/install/drive_base_msgs/lib/libdrive_base_msgs__rosidl_generator_c.so" to ""
[54.067s] -- Up-to-date: /home/ubuntu/Emmanuel_Jr_robot/install/drive_base_msgs/include/drive_base_msgs
[54.067s] -- Up-to-date: /home/ubuntu/Emmanuel_Jr_robot/install/drive_base_msgs/include/drive_base_msgs/msg
[54.067s] -- Up-to-date: /home/ubuntu/Emmanuel_Jr_robot/install/drive_base_msgs/include/drive_base_msgs/msg/detail
[54.068s] -- Installing: /home/ubuntu/Emmanuel_Jr_robot/install/drive_base_msgs/include/drive_base_msgs/msg/detail/trv_command__rosidl_typesupport_fastrtps_c.h
[54.068s] -- Installing: /home/ubuntu/Emmanuel_Jr_robot/install/drive_base_msgs/include/drive_base_msgs/msg/detail/command_header__rosidl_typesupport_fastrtps_c.h
[54.069s] -- Installing: /home/ubuntu/Emmanuel_Jr_robot/install/drive_base_msgs/include/drive_base_msgs/msg/detail/command_status__rosidl_typesupport_fastrtps_c.h
[54.070s] -- Installing: /home/ubuntu/Emmanuel_Jr_robot/install/drive_base_msgs/include/drive_base_msgs/msg/detail/base_info__rosidl_typesupport_fastrtps_c.h
[54.071s] -- Installing: /home/ubuntu/Emmanuel_Jr_robot/install/drive_base_msgs/include/drive_base_msgs/msg/rosidl_typesupport_fastrtps_c__visibility_control.h
[54.073s] -- Installing: /home/ubuntu/Emmanuel_Jr_robot/install/drive_base_msgs/lib/libdrive_base_msgs__rosidl_typesupport_fastrtps_c.so
[54.075s] -- Set runtime path of "/home/ubuntu/Emmanuel_Jr_robot/install/drive_base_msgs/lib/libdrive_base_msgs__rosidl_typesupport_fastrtps_c.so" to ""
[54.075s] -- Up-to-date: /home/ubuntu/Emmanuel_Jr_robot/install/drive_base_msgs/include/drive_base_msgs
[54.076s] -- Up-to-date: /home/ubuntu/Emmanuel_Jr_robot/install/drive_base_msgs/include/drive_base_msgs/msg
[54.076s] -- Up-to-date: /home/ubuntu/Emmanuel_Jr_robot/install/drive_base_msgs/include/drive_base_msgs/msg/detail
[54.076s] -- Installing: /home/ubuntu/Emmanuel_Jr_robot/install/drive_base_msgs/include/drive_base_msgs/msg/detail/command_header__rosidl_typesupport_fastrtps_cpp.hpp
[54.077s] -- Installing: /home/ubuntu/Emmanuel_Jr_robot/install/drive_base_msgs/include/drive_base_msgs/msg/detail/base_info__rosidl_typesupport_fastrtps_cpp.hpp
[54.078s] -- Installing: /home/ubuntu/Emmanuel_Jr_robot/install/drive_base_msgs/include/drive_base_msgs/msg/detail/dds_fastrtps
[54.079s] -- Installing: /home/ubuntu/Emmanuel_Jr_robot/install/drive_base_msgs/include/drive_base_msgs/msg/detail/trv_command__rosidl_typesupport_fastrtps_cpp.hpp
[54.080s] -- Installing: /home/ubuntu/Emmanuel_Jr_robot/install/drive_base_msgs/include/drive_base_msgs/msg/detail/command_status__rosidl_typesupport_fastrtps_cpp.hpp
[54.081s] -- Installing: /home/ubuntu/Emmanuel_Jr_robot/install/drive_base_msgs/include/drive_base_msgs/msg/rosidl_typesupport_fastrtps_cpp__visibility_control.h
[54.082s] -- Installing: /home/ubuntu/Emmanuel_Jr_robot/install/drive_base_msgs/lib/libdrive_base_msgs__rosidl_typesupport_fastrtps_cpp.so
[54.085s] -- Set runtime path of "/home/ubuntu/Emmanuel_Jr_robot/install/drive_base_msgs/lib/libdrive_base_msgs__rosidl_typesupport_fastrtps_cpp.so" to ""
[54.085s] -- Up-to-date: /home/ubuntu/Emmanuel_Jr_robot/install/drive_base_msgs/include/drive_base_msgs
[54.085s] -- Up-to-date: /home/ubuntu/Emmanuel_Jr_robot/install/drive_base_msgs/include/drive_base_msgs/msg
[54.086s] -- Installing: /home/ubuntu/Emmanuel_Jr_robot/install/drive_base_msgs/include/drive_base_msgs/msg/rosidl_typesupport_introspection_c__visibility_control.h
[54.087s] -- Up-to-date: /home/ubuntu/Emmanuel_Jr_robot/install/drive_base_msgs/include/drive_base_msgs/msg/detail
[54.087s] -- Installing: /home/ubuntu/Emmanuel_Jr_robot/install/drive_base_msgs/include/drive_base_msgs/msg/detail/base_info__rosidl_typesupport_introspection_c.h
[54.088s] -- Installing: /home/ubuntu/Emmanuel_Jr_robot/install/drive_base_msgs/include/drive_base_msgs/msg/detail/trv_command__type_support.c
[54.089s] -- Installing: /home/ubuntu/Emmanuel_Jr_robot/install/drive_base_msgs/include/drive_base_msgs/msg/detail/trv_command__rosidl_typesupport_introspection_c.h
[54.090s] -- Installing: /home/ubuntu/Emmanuel_Jr_robot/install/drive_base_msgs/include/drive_base_msgs/msg/detail/base_info__type_support.c
[54.091s] -- Installing: /home/ubuntu/Emmanuel_Jr_robot/install/drive_base_msgs/include/drive_base_msgs/msg/detail/command_header__rosidl_typesupport_introspection_c.h
[54.092s] -- Installing: /home/ubuntu/Emmanuel_Jr_robot/install/drive_base_msgs/include/drive_base_msgs/msg/detail/command_header__type_support.c
[54.093s] -- Installing: /home/ubuntu/Emmanuel_Jr_robot/install/drive_base_msgs/include/drive_base_msgs/msg/detail/command_status__type_support.c
[54.094s] -- Installing: /home/ubuntu/Emmanuel_Jr_robot/install/drive_base_msgs/include/drive_base_msgs/msg/detail/command_status__rosidl_typesupport_introspection_c.h
[54.095s] -- Installing: /home/ubuntu/Emmanuel_Jr_robot/install/drive_base_msgs/lib/libdrive_base_msgs__rosidl_typesupport_introspection_c.so
[54.097s] -- Set runtime path of "/home/ubuntu/Emmanuel_Jr_robot/install/drive_base_msgs/lib/libdrive_base_msgs__rosidl_typesupport_introspection_c.so" to ""
[54.098s] -- Installing: /home/ubuntu/Emmanuel_Jr_robot/install/drive_base_msgs/lib/libdrive_base_msgs__rosidl_typesupport_c.so
[54.100s] -- Set runtime path of "/home/ubuntu/Emmanuel_Jr_robot/install/drive_base_msgs/lib/libdrive_base_msgs__rosidl_typesupport_c.so" to ""
[54.100s] -- Up-to-date: /home/ubuntu/Emmanuel_Jr_robot/install/drive_base_msgs/include/drive_base_msgs
[54.101s] -- Up-to-date: /home/ubuntu/Emmanuel_Jr_robot/install/drive_base_msgs/include/drive_base_msgs/msg
[54.101s] -- Up-to-date: /home/ubuntu/Emmanuel_Jr_robot/install/drive_base_msgs/include/drive_base_msgs/msg/detail
[54.101s] -- Installing: /home/ubuntu/Emmanuel_Jr_robot/install/drive_base_msgs/include/drive_base_msgs/msg/detail/trv_command__struct.hpp
[54.102s] -- Installing: /home/ubuntu/Emmanuel_Jr_robot/install/drive_base_msgs/include/drive_base_msgs/msg/detail/base_info__builder.hpp
[54.103s] -- Installing: /home/ubuntu/Emmanuel_Jr_robot/install/drive_base_msgs/include/drive_base_msgs/msg/detail/trv_command__traits.hpp
[54.104s] -- Installing: /home/ubuntu/Emmanuel_Jr_robot/install/drive_base_msgs/include/drive_base_msgs/msg/detail/command_status__builder.hpp
[54.105s] -- Installing: /home/ubuntu/Emmanuel_Jr_robot/install/drive_base_msgs/include/drive_base_msgs/msg/detail/command_header__builder.hpp
[54.106s] -- Installing: /home/ubuntu/Emmanuel_Jr_robot/install/drive_base_msgs/include/drive_base_msgs/msg/detail/trv_command__builder.hpp
[54.106s] -- Installing: /home/ubuntu/Emmanuel_Jr_robot/install/drive_base_msgs/include/drive_base_msgs/msg/detail/command_header__traits.hpp
[54.107s] -- Installing: /home/ubuntu/Emmanuel_Jr_robot/install/drive_base_msgs/include/drive_base_msgs/msg/detail/command_status__struct.hpp
[54.108s] -- Installing: /home/ubuntu/Emmanuel_Jr_robot/install/drive_base_msgs/include/drive_base_msgs/msg/detail/base_info__struct.hpp
[54.109s] -- Installing: /home/ubuntu/Emmanuel_Jr_robot/install/drive_base_msgs/include/drive_base_msgs/msg/detail/base_info__traits.hpp
[54.110s] -- Installing: /home/ubuntu/Emmanuel_Jr_robot/install/drive_base_msgs/include/drive_base_msgs/msg/detail/command_header__struct.hpp
[54.111s] -- Installing: /home/ubuntu/Emmanuel_Jr_robot/install/drive_base_msgs/include/drive_base_msgs/msg/detail/command_status__traits.hpp
[54.112s] -- Installing: /home/ubuntu/Emmanuel_Jr_robot/install/drive_base_msgs/include/drive_base_msgs/msg/command_status.hpp
[54.113s] -- Installing: /home/ubuntu/Emmanuel_Jr_robot/install/drive_base_msgs/include/drive_base_msgs/msg/command_header.hpp
[54.113s] -- Installing: /home/ubuntu/Emmanuel_Jr_robot/install/drive_base_msgs/include/drive_base_msgs/msg/trv_command.hpp
[54.114s] -- Installing: /home/ubuntu/Emmanuel_Jr_robot/install/drive_base_msgs/include/drive_base_msgs/msg/base_info.hpp
[54.115s] -- Up-to-date: /home/ubuntu/Emmanuel_Jr_robot/install/drive_base_msgs/include/drive_base_msgs
[54.116s] -- Up-to-date: /home/ubuntu/Emmanuel_Jr_robot/install/drive_base_msgs/include/drive_base_msgs/msg
[54.116s] -- Up-to-date: /home/ubuntu/Emmanuel_Jr_robot/install/drive_base_msgs/include/drive_base_msgs/msg/detail
[54.116s] -- Installing: /home/ubuntu/Emmanuel_Jr_robot/install/drive_base_msgs/include/drive_base_msgs/msg/detail/base_info__type_support.cpp
[54.117s] -- Installing: /home/ubuntu/Emmanuel_Jr_robot/install/drive_base_msgs/include/drive_base_msgs/msg/detail/trv_command__type_support.cpp
[54.118s] -- Installing: /home/ubuntu/Emmanuel_Jr_robot/install/drive_base_msgs/include/drive_base_msgs/msg/detail/base_info__rosidl_typesupport_introspection_cpp.hpp
[54.119s] -- Installing: /home/ubuntu/Emmanuel_Jr_robot/install/drive_base_msgs/include/drive_base_msgs/msg/detail/trv_command__rosidl_typesupport_introspection_cpp.hpp
[54.120s] -- Installing: /home/ubuntu/Emmanuel_Jr_robot/install/drive_base_msgs/include/drive_base_msgs/msg/detail/command_header__rosidl_typesupport_introspection_cpp.hpp
[54.121s] -- Installing: /home/ubuntu/Emmanuel_Jr_robot/install/drive_base_msgs/include/drive_base_msgs/msg/detail/command_status__type_support.cpp
[54.122s] -- Installing: /home/ubuntu/Emmanuel_Jr_robot/install/drive_base_msgs/include/drive_base_msgs/msg/detail/command_header__type_support.cpp
[54.123s] -- Installing: /home/ubuntu/Emmanuel_Jr_robot/install/drive_base_msgs/include/drive_base_msgs/msg/detail/command_status__rosidl_typesupport_introspection_cpp.hpp
[54.125s] -- Installing: /home/ubuntu/Emmanuel_Jr_robot/install/drive_base_msgs/lib/libdrive_base_msgs__rosidl_typesupport_introspection_cpp.so
[54.127s] -- Set runtime path of "/home/ubuntu/Emmanuel_Jr_robot/install/drive_base_msgs/lib/libdrive_base_msgs__rosidl_typesupport_introspection_cpp.so" to ""
[54.128s] -- Installing: /home/ubuntu/Emmanuel_Jr_robot/install/drive_base_msgs/lib/libdrive_base_msgs__rosidl_typesupport_cpp.so
[54.130s] -- Set runtime path of "/home/ubuntu/Emmanuel_Jr_robot/install/drive_base_msgs/lib/libdrive_base_msgs__rosidl_typesupport_cpp.so" to ""
[54.130s] -- Installing: /home/ubuntu/Emmanuel_Jr_robot/install/drive_base_msgs/share/drive_base_msgs/environment/pythonpath.sh
[54.131s] -- Installing: /home/ubuntu/Emmanuel_Jr_robot/install/drive_base_msgs/share/drive_base_msgs/environment/pythonpath.dsv
[54.133s] -- Installing: /home/ubuntu/Emmanuel_Jr_robot/install/drive_base_msgs/lib/python3.8/site-packages/drive_base_msgs/__init__.py
[54.255s] Compiling '/home/ubuntu/Emmanuel_Jr_robot/install/drive_base_msgs/lib/python3.8/site-packages/drive_base_msgs/__init__.py'...
[54.276s] -- Installing: /home/ubuntu/Emmanuel_Jr_robot/install/drive_base_msgs/lib/python3.8/site-packages/drive_base_msgs/msg
[54.277s] -- Installing: /home/ubuntu/Emmanuel_Jr_robot/install/drive_base_msgs/lib/python3.8/site-packages/drive_base_msgs/msg/_command_header_s.c
[54.278s] -- Installing: /home/ubuntu/Emmanuel_Jr_robot/install/drive_base_msgs/lib/python3.8/site-packages/drive_base_msgs/msg/__init__.py
[54.278s] -- Installing: /home/ubuntu/Emmanuel_Jr_robot/install/drive_base_msgs/lib/python3.8/site-packages/drive_base_msgs/msg/_trv_command.py
[54.279s] -- Installing: /home/ubuntu/Emmanuel_Jr_robot/install/drive_base_msgs/lib/python3.8/site-packages/drive_base_msgs/msg/_trv_command_s.c
[54.280s] -- Installing: /home/ubuntu/Emmanuel_Jr_robot/install/drive_base_msgs/lib/python3.8/site-packages/drive_base_msgs/msg/_base_info_s.c
[54.281s] -- Installing: /home/ubuntu/Emmanuel_Jr_robot/install/drive_base_msgs/lib/python3.8/site-packages/drive_base_msgs/msg/_command_status.py
[54.282s] -- Installing: /home/ubuntu/Emmanuel_Jr_robot/install/drive_base_msgs/lib/python3.8/site-packages/drive_base_msgs/msg/_command_status_s.c
[54.283s] -- Installing: /home/ubuntu/Emmanuel_Jr_robot/install/drive_base_msgs/lib/python3.8/site-packages/drive_base_msgs/msg/_base_info.py
[54.285s] -- Installing: /home/ubuntu/Emmanuel_Jr_robot/install/drive_base_msgs/lib/python3.8/site-packages/drive_base_msgs/msg/_command_header.py
[54.287s] -- Installing: /home/ubuntu/Emmanuel_Jr_robot/install/drive_base_msgs/lib/python3.8/site-packages/drive_base_msgs/drive_base_msgs_s__rosidl_typesupport_fastrtps_c.cpython-38-aarch64-linux-gnu.so
[54.290s] -- Set runtime path of "/home/ubuntu/Emmanuel_Jr_robot/install/drive_base_msgs/lib/python3.8/site-packages/drive_base_msgs/drive_base_msgs_s__rosidl_typesupport_fastrtps_c.cpython-38-aarch64-linux-gnu.so" to ""
[54.291s] -- Installing: /home/ubuntu/Emmanuel_Jr_robot/install/drive_base_msgs/lib/python3.8/site-packages/drive_base_msgs/drive_base_msgs_s__rosidl_typesupport_introspection_c.cpython-38-aarch64-linux-gnu.so
[54.294s] -- Set runtime path of "/home/ubuntu/Emmanuel_Jr_robot/install/drive_base_msgs/lib/python3.8/site-packages/drive_base_msgs/drive_base_msgs_s__rosidl_typesupport_introspection_c.cpython-38-aarch64-linux-gnu.so" to ""
[54.295s] -- Installing: /home/ubuntu/Emmanuel_Jr_robot/install/drive_base_msgs/lib/python3.8/site-packages/drive_base_msgs/drive_base_msgs_s__rosidl_typesupport_c.cpython-38-aarch64-linux-gnu.so
[54.298s] -- Set runtime path of "/home/ubuntu/Emmanuel_Jr_robot/install/drive_base_msgs/lib/python3.8/site-packages/drive_base_msgs/drive_base_msgs_s__rosidl_typesupport_c.cpython-38-aarch64-linux-gnu.so" to ""
[54.298s] -- Installing: /home/ubuntu/Emmanuel_Jr_robot/install/drive_base_msgs/lib/libdrive_base_msgs__python.so
[54.301s] -- Set runtime path of "/home/ubuntu/Emmanuel_Jr_robot/install/drive_base_msgs/lib/libdrive_base_msgs__python.so" to ""
[54.301s] -- Installing: /home/ubuntu/Emmanuel_Jr_robot/install/drive_base_msgs/share/drive_base_msgs/msg/CommandHeader.idl
[54.302s] -- Installing: /home/ubuntu/Emmanuel_Jr_robot/install/drive_base_msgs/share/drive_base_msgs/msg/BaseInfo.idl
[54.303s] -- Installing: /home/ubuntu/Emmanuel_Jr_robot/install/drive_base_msgs/share/drive_base_msgs/msg/CommandStatus.idl
[54.304s] -- Installing: /home/ubuntu/Emmanuel_Jr_robot/install/drive_base_msgs/share/drive_base_msgs/msg/TRVCommand.idl
[54.305s] -- Installing: /home/ubuntu/Emmanuel_Jr_robot/install/drive_base_msgs/share/drive_base_msgs/msg/CommandHeader.msg
[54.306s] -- Installing: /home/ubuntu/Emmanuel_Jr_robot/install/drive_base_msgs/share/drive_base_msgs/msg/BaseInfo.msg
[54.307s] -- Installing: /home/ubuntu/Emmanuel_Jr_robot/install/drive_base_msgs/share/drive_base_msgs/msg/CommandStatus.msg
[54.308s] -- Installing: /home/ubuntu/Emmanuel_Jr_robot/install/drive_base_msgs/share/drive_base_msgs/msg/TRVCommand.msg
[54.310s] -- Installing: /home/ubuntu/Emmanuel_Jr_robot/install/drive_base_msgs/share/ament_index/resource_index/package_run_dependencies/drive_base_msgs
[54.311s] -- Installing: /home/ubuntu/Emmanuel_Jr_robot/install/drive_base_msgs/share/ament_index/resource_index/parent_prefix_path/drive_base_msgs
[54.312s] -- Installing: /home/ubuntu/Emmanuel_Jr_robot/install/drive_base_msgs/share/drive_base_msgs/environment/ament_prefix_path.sh
[54.313s] -- Installing: /home/ubuntu/Emmanuel_Jr_robot/install/drive_base_msgs/share/drive_base_msgs/environment/ament_prefix_path.dsv
[54.314s] -- Installing: /home/ubuntu/Emmanuel_Jr_robot/install/drive_base_msgs/share/drive_base_msgs/environment/path.sh
[54.315s] -- Installing: /home/ubuntu/Emmanuel_Jr_robot/install/drive_base_msgs/share/drive_base_msgs/environment/path.dsv
[54.316s] -- Installing: /home/ubuntu/Emmanuel_Jr_robot/install/drive_base_msgs/share/drive_base_msgs/local_setup.bash
[54.317s] -- Installing: /home/ubuntu/Emmanuel_Jr_robot/install/drive_base_msgs/share/drive_base_msgs/local_setup.sh
[54.318s] -- Installing: /home/ubuntu/Emmanuel_Jr_robot/install/drive_base_msgs/share/drive_base_msgs/local_setup.zsh
[54.319s] -- Installing: /home/ubuntu/Emmanuel_Jr_robot/install/drive_base_msgs/share/drive_base_msgs/local_setup.dsv
[54.320s] -- Installing: /home/ubuntu/Emmanuel_Jr_robot/install/drive_base_msgs/share/drive_base_msgs/package.dsv
[54.322s] -- Installing: /home/ubuntu/Emmanuel_Jr_robot/install/drive_base_msgs/share/ament_index/resource_index/packages/drive_base_msgs
[54.323s] -- Installing: /home/ubuntu/Emmanuel_Jr_robot/install/drive_base_msgs/share/drive_base_msgs/cmake/drive_base_msgs__rosidl_generator_cExport.cmake
[54.339s] -- Installing: /home/ubuntu/Emmanuel_Jr_robot/install/drive_base_msgs/share/drive_base_msgs/cmake/drive_base_msgs__rosidl_generator_cExport-noconfig.cmake
[54.342s] -- Installing: /home/ubuntu/Emmanuel_Jr_robot/install/drive_base_msgs/share/drive_base_msgs/cmake/drive_base_msgs__rosidl_typesupport_introspection_cExport.cmake
[54.345s] -- Installing: /home/ubuntu/Emmanuel_Jr_robot/install/drive_base_msgs/share/drive_base_msgs/cmake/drive_base_msgs__rosidl_typesupport_introspection_cExport-noconfig.cmake
[54.347s] -- Installing: /home/ubuntu/Emmanuel_Jr_robot/install/drive_base_msgs/share/drive_base_msgs/cmake/drive_base_msgs__rosidl_typesupport_cExport.cmake
[54.349s] -- Installing: /home/ubuntu/Emmanuel_Jr_robot/install/drive_base_msgs/share/drive_base_msgs/cmake/drive_base_msgs__rosidl_typesupport_cExport-noconfig.cmake
[54.351s] -- Installing: /home/ubuntu/Emmanuel_Jr_robot/install/drive_base_msgs/share/drive_base_msgs/cmake/drive_base_msgs__rosidl_generator_cppExport.cmake
[54.354s] -- Installing: /home/ubuntu/Emmanuel_Jr_robot/install/drive_base_msgs/share/drive_base_msgs/cmake/drive_base_msgs__rosidl_typesupport_introspection_cppExport.cmake
[54.356s] -- Installing: /home/ubuntu/Emmanuel_Jr_robot/install/drive_base_msgs/share/drive_base_msgs/cmake/drive_base_msgs__rosidl_typesupport_introspection_cppExport-noconfig.cmake
[54.357s] -- Installing: /home/ubuntu/Emmanuel_Jr_robot/install/drive_base_msgs/share/drive_base_msgs/cmake/drive_base_msgs__rosidl_typesupport_cppExport.cmake
[54.358s] -- Installing: /home/ubuntu/Emmanuel_Jr_robot/install/drive_base_msgs/share/drive_base_msgs/cmake/drive_base_msgs__rosidl_typesupport_cppExport-noconfig.cmake
[54.360s] -- Installing: /home/ubuntu/Emmanuel_Jr_robot/install/drive_base_msgs/share/drive_base_msgs/cmake/rosidl_cmake-extras.cmake
[54.361s] -- Installing: /home/ubuntu/Emmanuel_Jr_robot/install/drive_base_msgs/share/drive_base_msgs/cmake/ament_cmake_export_dependencies-extras.cmake
[54.362s] -- Installing: /home/ubuntu/Emmanuel_Jr_robot/install/drive_base_msgs/share/drive_base_msgs/cmake/ament_cmake_export_libraries-extras.cmake
[54.363s] -- Installing: /home/ubuntu/Emmanuel_Jr_robot/install/drive_base_msgs/share/drive_base_msgs/cmake/ament_cmake_export_targets-extras.cmake
[54.364s] -- Installing: /home/ubuntu/Emmanuel_Jr_robot/install/drive_base_msgs/share/drive_base_msgs/cmake/ament_cmake_export_include_directories-extras.cmake
[54.366s] -- Installing: /home/ubuntu/Emmanuel_Jr_robot/install/drive_base_msgs/share/drive_base_msgs/cmake/rosidl_cmake_export_typesupport_libraries-extras.cmake
[54.367s] -- Installing: /home/ubuntu/Emmanuel_Jr_robot/install/drive_base_msgs/share/drive_base_msgs/cmake/rosidl_cmake_export_typesupport_targets-extras.cmake
[54.368s] -- Installing: /home/ubuntu/Emmanuel_Jr_robot/install/drive_base_msgs/share/drive_base_msgs/cmake/drive_base_msgsConfig.cmake
[54.369s] -- Installing: /home/ubuntu/Emmanuel_Jr_robot/install/drive_base_msgs/share/drive_base_msgs/cmake/drive_base_msgsConfig-version.cmake
[54.370s] -- Installing: /home/ubuntu/Emmanuel_Jr_robot/install/drive_base_msgs/share/drive_base_msgs/package.xml
[54.381s] Invoked command in '/home/ubuntu/Emmanuel_Jr_robot/build/drive_base_msgs' returned '0': CMAKE_PREFIX_PATH=${CMAKE_PREFIX_PATH}:/home/ubuntu/Emmanuel_Jr_robot/install/emmanuel:/opt/ros/galactic /usr/bin/cmake --install /home/ubuntu/Emmanuel_Jr_robot/build/drive_base_msgs
