[0.043s] Invoking command in '/home/snake/Emmanuel_Jr_robot/build/nav2_controller': AMENT_PREFIX_PATH=/home/snake/Emmanuel_Jr_robot/install/nav2_core:/home/snake/Emmanuel_Jr_robot/install/nav2_costmap_2d:/home/snake/Emmanuel_Jr_robot/install/nav_2d_utils:/home/snake/Emmanuel_Jr_robot/install/nav2_util:/home/snake/Emmanuel_Jr_robot/install/nav2_voxel_grid:/home/snake/Emmanuel_Jr_robot/install/nav2_msgs:/home/snake/Emmanuel_Jr_robot/install/nav_2d_msgs:/home/snake/Emmanuel_Jr_robot/install/nav2_common:${AMENT_PREFIX_PATH} CMAKE_PREFIX_PATH=/home/snake/Emmanuel_Jr_robot/install/nav2_core:/home/snake/Emmanuel_Jr_robot/install/nav2_costmap_2d:/home/snake/Emmanuel_Jr_robot/install/nav_2d_utils:/home/snake/Emmanuel_Jr_robot/install/nav2_util:/home/snake/Emmanuel_Jr_robot/install/nav2_voxel_grid:/home/snake/Emmanuel_Jr_robot/install/nav2_msgs:/home/snake/Emmanuel_Jr_robot/install/nav_2d_msgs:/home/snake/Emmanuel_Jr_robot/install/nav2_common:/opt/ros/galactic LD_LIBRARY_PATH=/home/snake/Emmanuel_Jr_robot/install/nav2_costmap_2d/lib:/home/snake/Emmanuel_Jr_robot/install/nav_2d_utils/lib:/home/snake/Emmanuel_Jr_robot/install/nav2_util/lib:/home/snake/Emmanuel_Jr_robot/install/nav2_voxel_grid/lib:/home/snake/Emmanuel_Jr_robot/install/nav2_msgs/lib:/home/snake/Emmanuel_Jr_robot/install/nav_2d_msgs/lib:${LD_LIBRARY_PATH} PYTHONPATH=/home/snake/Emmanuel_Jr_robot/install/nav2_msgs/lib/python3.8/site-packages:/home/snake/Emmanuel_Jr_robot/install/nav_2d_msgs/lib/python3.8/site-packages:/home/snake/Emmanuel_Jr_robot/install/nav2_common/lib/python3.8/site-packages:${PYTHONPATH} /usr/bin/cmake /home/snake/Emmanuel_Jr_robot/src/navigation2/nav2_controller -DAMENT_CMAKE_SYMLINK_INSTALL=1 -DCMAKE_INSTALL_PREFIX=/home/snake/Emmanuel_Jr_robot/install/nav2_controller
[0.112s] -- The C compiler identification is GNU 9.4.0
[0.181s] -- The CXX compiler identification is GNU 9.4.0
[0.187s] -- Check for working C compiler: /usr/bin/cc
[0.275s] -- Check for working C compiler: /usr/bin/cc -- works
[0.276s] -- Detecting C compiler ABI info
[0.365s] -- Detecting C compiler ABI info - done
[0.381s] -- Detecting C compile features
[0.382s] -- Detecting C compile features - done
[0.385s] -- Check for working CXX compiler: /usr/bin/c++
[0.485s] -- Check for working CXX compiler: /usr/bin/c++ -- works
[0.486s] -- Detecting CXX compiler ABI info
[0.585s] -- Detecting CXX compiler ABI info - done
[0.599s] -- Detecting CXX compile features
[0.600s] -- Detecting CXX compile features - done
[0.603s] -- Found ament_cmake: 1.1.5 (/opt/ros/galactic/share/ament_cmake/cmake)
[0.636s] -- Found PythonInterp: /usr/bin/python3 (found suitable version "3.8.10", minimum required is "3") 
[0.636s] -- Using PYTHON_EXECUTABLE: /usr/bin/python3
[0.709s] -- Override CMake install command with custom implementation using symlinks instead of copying resources
[0.741s] -- Found nav2_core: 1.0.12 (/home/snake/Emmanuel_Jr_robot/install/nav2_core/share/nav2_core/cmake)
[0.811s] -- Using all available rosidl_typesupport_c: rosidl_typesupport_fastrtps_c;rosidl_typesupport_introspection_c
[0.820s] -- Found rosidl_adapter: 2.2.2 (/opt/ros/galactic/share/rosidl_adapter/cmake)
[0.937s] -- Found OpenSSL: /usr/lib/x86_64-linux-gnu/libcrypto.so (found version "1.1.1f")  
[0.974s] -- Found FastRTPS: /opt/ros/galactic/include  
[1.076s] -- Using all available rosidl_typesupport_cpp: rosidl_typesupport_fastrtps_cpp;rosidl_typesupport_introspection_cpp
[1.158s] -- Found rmw_implementation_cmake: 3.3.1 (/opt/ros/galactic/share/rmw_implementation_cmake/cmake)
[1.162s] -- Found rmw_cyclonedds_cpp: 0.22.5 (/opt/ros/galactic/share/rmw_cyclonedds_cpp/cmake)
[1.189s] -- Using RMW implementation 'rmw_cyclonedds_cpp' as default
[1.190s] -- Looking for pthread.h
[1.286s] -- Looking for pthread.h - found
[1.286s] -- Performing Test CMAKE_HAVE_LIBC_PTHREAD
[1.387s] -- Performing Test CMAKE_HAVE_LIBC_PTHREAD - Failed
[1.388s] -- Looking for pthread_create in pthreads
[1.470s] -- Looking for pthread_create in pthreads - not found
[1.471s] -- Looking for pthread_create in pthread
[1.563s] -- Looking for pthread_create in pthread - found
[1.565s] -- Found Threads: TRUE  
[3.324s] -- Found Eigen3: TRUE (found version "3.3.7") 
[4.803s] -- Found nav2_common: 1.0.12 (/home/snake/Emmanuel_Jr_robot/install/nav2_common/share/nav2_common/cmake)
[4.806s] -- Found nav_2d_utils: 1.0.12 (/home/snake/Emmanuel_Jr_robot/install/nav_2d_utils/share/nav_2d_utils/cmake)
[5.413s] -- Setting build type to Release as none was specified.
[15.535s] -- Found ament_lint_auto: 0.10.7 (/opt/ros/galactic/share/ament_lint_auto/cmake)
[15.633s] -- Found gtest sources under '/opt/ros/galactic/src/gtest_vendor': C++ tests using 'Google Test' will be built
[15.637s] -- Check if compiler accepts -pthread
[15.733s] -- Check if compiler accepts -pthread - yes
[18.282s] -- Added test 'cppcheck' to perform static code analysis on C / C++ code
[18.283s] -- Configured cppcheck include dirs: /home/snake/Emmanuel_Jr_robot/src/navigation2/nav2_controller/include
[18.284s] -- Configured cppcheck exclude dirs and/or files: 
[18.285s] -- Added test 'cpplint' to check C / C++ code against the Google style
[18.286s] -- Configured cpplint exclude dirs and/or files: 
[18.287s] -- Added test 'lint_cmake' to check CMake code style
[18.289s] -- Added test 'uncrustify' to check C / C++ code style
[18.289s] -- Configured uncrustify additional arguments: 
[18.290s] -- Added test 'xmllint' to check XML markup files
[18.299s] -- Configuring done
[18.649s] -- Generating done
[18.653s] -- Build files have been written to: /home/snake/Emmanuel_Jr_robot/build/nav2_controller
[18.676s] Invoked command in '/home/snake/Emmanuel_Jr_robot/build/nav2_controller' returned '0': AMENT_PREFIX_PATH=/home/snake/Emmanuel_Jr_robot/install/nav2_core:/home/snake/Emmanuel_Jr_robot/install/nav2_costmap_2d:/home/snake/Emmanuel_Jr_robot/install/nav_2d_utils:/home/snake/Emmanuel_Jr_robot/install/nav2_util:/home/snake/Emmanuel_Jr_robot/install/nav2_voxel_grid:/home/snake/Emmanuel_Jr_robot/install/nav2_msgs:/home/snake/Emmanuel_Jr_robot/install/nav_2d_msgs:/home/snake/Emmanuel_Jr_robot/install/nav2_common:${AMENT_PREFIX_PATH} CMAKE_PREFIX_PATH=/home/snake/Emmanuel_Jr_robot/install/nav2_core:/home/snake/Emmanuel_Jr_robot/install/nav2_costmap_2d:/home/snake/Emmanuel_Jr_robot/install/nav_2d_utils:/home/snake/Emmanuel_Jr_robot/install/nav2_util:/home/snake/Emmanuel_Jr_robot/install/nav2_voxel_grid:/home/snake/Emmanuel_Jr_robot/install/nav2_msgs:/home/snake/Emmanuel_Jr_robot/install/nav_2d_msgs:/home/snake/Emmanuel_Jr_robot/install/nav2_common:/opt/ros/galactic LD_LIBRARY_PATH=/home/snake/Emmanuel_Jr_robot/install/nav2_costmap_2d/lib:/home/snake/Emmanuel_Jr_robot/install/nav_2d_utils/lib:/home/snake/Emmanuel_Jr_robot/install/nav2_util/lib:/home/snake/Emmanuel_Jr_robot/install/nav2_voxel_grid/lib:/home/snake/Emmanuel_Jr_robot/install/nav2_msgs/lib:/home/snake/Emmanuel_Jr_robot/install/nav_2d_msgs/lib:${LD_LIBRARY_PATH} PYTHONPATH=/home/snake/Emmanuel_Jr_robot/install/nav2_msgs/lib/python3.8/site-packages:/home/snake/Emmanuel_Jr_robot/install/nav_2d_msgs/lib/python3.8/site-packages:/home/snake/Emmanuel_Jr_robot/install/nav2_common/lib/python3.8/site-packages:${PYTHONPATH} /usr/bin/cmake /home/snake/Emmanuel_Jr_robot/src/navigation2/nav2_controller -DAMENT_CMAKE_SYMLINK_INSTALL=1 -DCMAKE_INSTALL_PREFIX=/home/snake/Emmanuel_Jr_robot/install/nav2_controller
[18.681s] Invoking command in '/home/snake/Emmanuel_Jr_robot/build/nav2_controller': AMENT_PREFIX_PATH=/home/snake/Emmanuel_Jr_robot/install/nav2_core:/home/snake/Emmanuel_Jr_robot/install/nav2_costmap_2d:/home/snake/Emmanuel_Jr_robot/install/nav_2d_utils:/home/snake/Emmanuel_Jr_robot/install/nav2_util:/home/snake/Emmanuel_Jr_robot/install/nav2_voxel_grid:/home/snake/Emmanuel_Jr_robot/install/nav2_msgs:/home/snake/Emmanuel_Jr_robot/install/nav_2d_msgs:/home/snake/Emmanuel_Jr_robot/install/nav2_common:${AMENT_PREFIX_PATH} CMAKE_PREFIX_PATH=/home/snake/Emmanuel_Jr_robot/install/nav2_core:/home/snake/Emmanuel_Jr_robot/install/nav2_costmap_2d:/home/snake/Emmanuel_Jr_robot/install/nav_2d_utils:/home/snake/Emmanuel_Jr_robot/install/nav2_util:/home/snake/Emmanuel_Jr_robot/install/nav2_voxel_grid:/home/snake/Emmanuel_Jr_robot/install/nav2_msgs:/home/snake/Emmanuel_Jr_robot/install/nav_2d_msgs:/home/snake/Emmanuel_Jr_robot/install/nav2_common:/opt/ros/galactic LD_LIBRARY_PATH=/home/snake/Emmanuel_Jr_robot/install/nav2_costmap_2d/lib:/home/snake/Emmanuel_Jr_robot/install/nav_2d_utils/lib:/home/snake/Emmanuel_Jr_robot/install/nav2_util/lib:/home/snake/Emmanuel_Jr_robot/install/nav2_voxel_grid/lib:/home/snake/Emmanuel_Jr_robot/install/nav2_msgs/lib:/home/snake/Emmanuel_Jr_robot/install/nav_2d_msgs/lib:${LD_LIBRARY_PATH} PYTHONPATH=/home/snake/Emmanuel_Jr_robot/install/nav2_msgs/lib/python3.8/site-packages:/home/snake/Emmanuel_Jr_robot/install/nav_2d_msgs/lib/python3.8/site-packages:/home/snake/Emmanuel_Jr_robot/install/nav2_common/lib/python3.8/site-packages:${PYTHONPATH} /usr/bin/cmake --build /home/snake/Emmanuel_Jr_robot/build/nav2_controller -- -j2 -l2
[18.752s] [35m[1mScanning dependencies of target simple_goal_checker[0m
[18.831s] [  5%] [32mBuilding CXX object CMakeFiles/simple_goal_checker.dir/plugins/simple_goal_checker.cpp.o[0m
[30.446s] [ 11%] [32m[1mLinking CXX shared library libsimple_goal_checker.so[0m
[30.707s] [ 11%] Built target simple_goal_checker
[30.722s] [35m[1mScanning dependencies of target simple_progress_checker[0m
[30.789s] [ 16%] [32mBuilding CXX object CMakeFiles/simple_progress_checker.dir/plugins/simple_progress_checker.cpp.o[0m
[42.449s] [ 22%] [32m[1mLinking CXX shared library libsimple_progress_checker.so[0m
[42.730s] [ 22%] Built target simple_progress_checker
[42.746s] [35m[1mScanning dependencies of target controller_server_core[0m
[42.833s] [ 27%] [32mBuilding CXX object CMakeFiles/controller_server_core.dir/src/nav2_controller.cpp.o[0m
[75.672s] [ 33%] [32m[1mLinking CXX static library libcontroller_server_core.a[0m
[75.755s] [ 33%] Built target controller_server_core
[75.768s] [35m[1mScanning dependencies of target gtest[0m
[75.791s] [ 38%] [32mBuilding CXX object gtest/CMakeFiles/gtest.dir/src/gtest-all.cc.o[0m
[85.924s] [ 44%] [32m[1mLinking CXX static library libgtest.a[0m
[85.981s] [ 44%] Built target gtest
[85.997s] [35m[1mScanning dependencies of target gtest_main[0m
[86.016s] [ 50%] [32mBuilding CXX object gtest/CMakeFiles/gtest_main.dir/src/gtest_main.cc.o[0m
[87.393s] [ 55%] [32m[1mLinking CXX static library libgtest_main.a[0m
[87.437s] [ 55%] Built target gtest_main
[87.453s] [35m[1mScanning dependencies of target stopped_goal_checker[0m
[87.515s] [ 61%] [32mBuilding CXX object CMakeFiles/stopped_goal_checker.dir/plugins/stopped_goal_checker.cpp.o[0m
[99.324s] [ 66%] [32m[1mLinking CXX shared library libstopped_goal_checker.so[0m
[99.603s] [ 66%] Built target stopped_goal_checker
[99.620s] [35m[1mScanning dependencies of target controller_server[0m
[99.710s] [ 72%] [32mBuilding CXX object CMakeFiles/controller_server.dir/src/main.cpp.o[0m
[108.779s] [ 77%] [32m[1mLinking CXX executable controller_server[0m
[109.304s] [ 77%] Built target controller_server
[109.319s] [35m[1mScanning dependencies of target pctest[0m
[109.473s] [ 83%] [32mBuilding CXX object plugins/test/CMakeFiles/pctest.dir/progress_checker.cpp.o[0m
[114.763s] [ 88%] [32m[1mLinking CXX executable pctest[0m
[115.053s] [ 88%] Built target pctest
[115.068s] [35m[1mScanning dependencies of target gctest[0m
[115.141s] [ 94%] [32mBuilding CXX object plugins/test/CMakeFiles/gctest.dir/goal_checker.cpp.o[0m
[120.022s] [100%] [32m[1mLinking CXX executable gctest[0m
[120.346s] [100%] Built target gctest
[120.367s] Invoked command in '/home/snake/Emmanuel_Jr_robot/build/nav2_controller' returned '0': AMENT_PREFIX_PATH=/home/snake/Emmanuel_Jr_robot/install/nav2_core:/home/snake/Emmanuel_Jr_robot/install/nav2_costmap_2d:/home/snake/Emmanuel_Jr_robot/install/nav_2d_utils:/home/snake/Emmanuel_Jr_robot/install/nav2_util:/home/snake/Emmanuel_Jr_robot/install/nav2_voxel_grid:/home/snake/Emmanuel_Jr_robot/install/nav2_msgs:/home/snake/Emmanuel_Jr_robot/install/nav_2d_msgs:/home/snake/Emmanuel_Jr_robot/install/nav2_common:${AMENT_PREFIX_PATH} CMAKE_PREFIX_PATH=/home/snake/Emmanuel_Jr_robot/install/nav2_core:/home/snake/Emmanuel_Jr_robot/install/nav2_costmap_2d:/home/snake/Emmanuel_Jr_robot/install/nav_2d_utils:/home/snake/Emmanuel_Jr_robot/install/nav2_util:/home/snake/Emmanuel_Jr_robot/install/nav2_voxel_grid:/home/snake/Emmanuel_Jr_robot/install/nav2_msgs:/home/snake/Emmanuel_Jr_robot/install/nav_2d_msgs:/home/snake/Emmanuel_Jr_robot/install/nav2_common:/opt/ros/galactic LD_LIBRARY_PATH=/home/snake/Emmanuel_Jr_robot/install/nav2_costmap_2d/lib:/home/snake/Emmanuel_Jr_robot/install/nav_2d_utils/lib:/home/snake/Emmanuel_Jr_robot/install/nav2_util/lib:/home/snake/Emmanuel_Jr_robot/install/nav2_voxel_grid/lib:/home/snake/Emmanuel_Jr_robot/install/nav2_msgs/lib:/home/snake/Emmanuel_Jr_robot/install/nav_2d_msgs/lib:${LD_LIBRARY_PATH} PYTHONPATH=/home/snake/Emmanuel_Jr_robot/install/nav2_msgs/lib/python3.8/site-packages:/home/snake/Emmanuel_Jr_robot/install/nav_2d_msgs/lib/python3.8/site-packages:/home/snake/Emmanuel_Jr_robot/install/nav2_common/lib/python3.8/site-packages:${PYTHONPATH} /usr/bin/cmake --build /home/snake/Emmanuel_Jr_robot/build/nav2_controller -- -j2 -l2
[120.422s] Invoking command in '/home/snake/Emmanuel_Jr_robot/build/nav2_controller': AMENT_PREFIX_PATH=/home/snake/Emmanuel_Jr_robot/install/nav2_core:/home/snake/Emmanuel_Jr_robot/install/nav2_costmap_2d:/home/snake/Emmanuel_Jr_robot/install/nav_2d_utils:/home/snake/Emmanuel_Jr_robot/install/nav2_util:/home/snake/Emmanuel_Jr_robot/install/nav2_voxel_grid:/home/snake/Emmanuel_Jr_robot/install/nav2_msgs:/home/snake/Emmanuel_Jr_robot/install/nav_2d_msgs:/home/snake/Emmanuel_Jr_robot/install/nav2_common:${AMENT_PREFIX_PATH} CMAKE_PREFIX_PATH=/home/snake/Emmanuel_Jr_robot/install/nav2_core:/home/snake/Emmanuel_Jr_robot/install/nav2_costmap_2d:/home/snake/Emmanuel_Jr_robot/install/nav_2d_utils:/home/snake/Emmanuel_Jr_robot/install/nav2_util:/home/snake/Emmanuel_Jr_robot/install/nav2_voxel_grid:/home/snake/Emmanuel_Jr_robot/install/nav2_msgs:/home/snake/Emmanuel_Jr_robot/install/nav_2d_msgs:/home/snake/Emmanuel_Jr_robot/install/nav2_common:/opt/ros/galactic LD_LIBRARY_PATH=/home/snake/Emmanuel_Jr_robot/install/nav2_costmap_2d/lib:/home/snake/Emmanuel_Jr_robot/install/nav_2d_utils/lib:/home/snake/Emmanuel_Jr_robot/install/nav2_util/lib:/home/snake/Emmanuel_Jr_robot/install/nav2_voxel_grid/lib:/home/snake/Emmanuel_Jr_robot/install/nav2_msgs/lib:/home/snake/Emmanuel_Jr_robot/install/nav_2d_msgs/lib:${LD_LIBRARY_PATH} PYTHONPATH=/home/snake/Emmanuel_Jr_robot/install/nav2_msgs/lib/python3.8/site-packages:/home/snake/Emmanuel_Jr_robot/install/nav_2d_msgs/lib/python3.8/site-packages:/home/snake/Emmanuel_Jr_robot/install/nav2_common/lib/python3.8/site-packages:${PYTHONPATH} /usr/bin/cmake --install /home/snake/Emmanuel_Jr_robot/build/nav2_controller
[120.437s] -- Install configuration: "Release"
[120.438s] -- Execute custom install script
[120.439s] -- Symlinking: /home/snake/Emmanuel_Jr_robot/install/nav2_controller/lib/libsimple_progress_checker.so
[120.458s] -- Symlinking: /home/snake/Emmanuel_Jr_robot/install/nav2_controller/lib/libsimple_goal_checker.so
[120.473s] -- Symlinking: /home/snake/Emmanuel_Jr_robot/install/nav2_controller/lib/libstopped_goal_checker.so
[120.490s] -- Symlinking: /home/snake/Emmanuel_Jr_robot/install/nav2_controller/lib/libcontroller_server_core.a
[120.506s] -- Symlinking: /home/snake/Emmanuel_Jr_robot/install/nav2_controller/lib/nav2_controller/controller_server
[120.526s] -- Symlinking: /home/snake/Emmanuel_Jr_robot/install/nav2_controller/include//nav2_controller/nav2_controller.hpp
[120.541s] -- Symlinking: /home/snake/Emmanuel_Jr_robot/install/nav2_controller/include//nav2_controller/plugins/simple_goal_checker.hpp
[120.556s] -- Symlinking: /home/snake/Emmanuel_Jr_robot/install/nav2_controller/include//nav2_controller/plugins/simple_progress_checker.hpp
[120.571s] -- Symlinking: /home/snake/Emmanuel_Jr_robot/install/nav2_controller/include//nav2_controller/plugins/stopped_goal_checker.hpp
[120.587s] -- Symlinking: /home/snake/Emmanuel_Jr_robot/install/nav2_controller/share/nav2_controller/environment/library_path.sh
[120.603s] -- Symlinking: /home/snake/Emmanuel_Jr_robot/install/nav2_controller/share/nav2_controller/environment/library_path.dsv
[120.620s] -- Symlinking: /home/snake/Emmanuel_Jr_robot/install/nav2_controller/share/nav2_controller//plugins.xml
[120.635s] -- Symlinking: /home/snake/Emmanuel_Jr_robot/install/nav2_controller/share/ament_index/resource_index/package_run_dependencies/nav2_controller
[120.651s] -- Symlinking: /home/snake/Emmanuel_Jr_robot/install/nav2_controller/share/ament_index/resource_index/parent_prefix_path/nav2_controller
[120.666s] -- Symlinking: /home/snake/Emmanuel_Jr_robot/install/nav2_controller/share/nav2_controller/environment/ament_prefix_path.sh
[120.681s] -- Symlinking: /home/snake/Emmanuel_Jr_robot/install/nav2_controller/share/nav2_controller/environment/ament_prefix_path.dsv
[120.696s] -- Symlinking: /home/snake/Emmanuel_Jr_robot/install/nav2_controller/share/nav2_controller/environment/path.sh
[120.711s] -- Symlinking: /home/snake/Emmanuel_Jr_robot/install/nav2_controller/share/nav2_controller/environment/path.dsv
[120.728s] -- Symlinking: /home/snake/Emmanuel_Jr_robot/install/nav2_controller/share/nav2_controller/local_setup.bash
[120.744s] -- Symlinking: /home/snake/Emmanuel_Jr_robot/install/nav2_controller/share/nav2_controller/local_setup.sh
[120.758s] -- Symlinking: /home/snake/Emmanuel_Jr_robot/install/nav2_controller/share/nav2_controller/local_setup.zsh
[120.772s] -- Symlinking: /home/snake/Emmanuel_Jr_robot/install/nav2_controller/share/nav2_controller/local_setup.dsv
[120.788s] -- Symlinking: /home/snake/Emmanuel_Jr_robot/install/nav2_controller/share/nav2_controller/package.dsv
[120.803s] -- Symlinking: /home/snake/Emmanuel_Jr_robot/install/nav2_controller/share/ament_index/resource_index/packages/nav2_controller
[120.819s] -- Symlinking: /home/snake/Emmanuel_Jr_robot/install/nav2_controller/share/ament_index/resource_index/nav2_core__pluginlib__plugin/nav2_controller
[120.834s] -- Symlinking: /home/snake/Emmanuel_Jr_robot/install/nav2_controller/share/nav2_controller/cmake/ament_cmake_export_include_directories-extras.cmake
[120.849s] -- Symlinking: /home/snake/Emmanuel_Jr_robot/install/nav2_controller/share/nav2_controller/cmake/ament_cmake_export_libraries-extras.cmake
[120.862s] -- Symlinking: /home/snake/Emmanuel_Jr_robot/install/nav2_controller/share/nav2_controller/cmake/ament_cmake_export_dependencies-extras.cmake
[120.875s] -- Symlinking: /home/snake/Emmanuel_Jr_robot/install/nav2_controller/share/nav2_controller/cmake/nav2_controllerConfig.cmake
[120.888s] -- Symlinking: /home/snake/Emmanuel_Jr_robot/install/nav2_controller/share/nav2_controller/cmake/nav2_controllerConfig-version.cmake
[120.901s] -- Symlinking: /home/snake/Emmanuel_Jr_robot/install/nav2_controller/share/nav2_controller/package.xml
[120.918s] Invoked command in '/home/snake/Emmanuel_Jr_robot/build/nav2_controller' returned '0': AMENT_PREFIX_PATH=/home/snake/Emmanuel_Jr_robot/install/nav2_core:/home/snake/Emmanuel_Jr_robot/install/nav2_costmap_2d:/home/snake/Emmanuel_Jr_robot/install/nav_2d_utils:/home/snake/Emmanuel_Jr_robot/install/nav2_util:/home/snake/Emmanuel_Jr_robot/install/nav2_voxel_grid:/home/snake/Emmanuel_Jr_robot/install/nav2_msgs:/home/snake/Emmanuel_Jr_robot/install/nav_2d_msgs:/home/snake/Emmanuel_Jr_robot/install/nav2_common:${AMENT_PREFIX_PATH} CMAKE_PREFIX_PATH=/home/snake/Emmanuel_Jr_robot/install/nav2_core:/home/snake/Emmanuel_Jr_robot/install/nav2_costmap_2d:/home/snake/Emmanuel_Jr_robot/install/nav_2d_utils:/home/snake/Emmanuel_Jr_robot/install/nav2_util:/home/snake/Emmanuel_Jr_robot/install/nav2_voxel_grid:/home/snake/Emmanuel_Jr_robot/install/nav2_msgs:/home/snake/Emmanuel_Jr_robot/install/nav_2d_msgs:/home/snake/Emmanuel_Jr_robot/install/nav2_common:/opt/ros/galactic LD_LIBRARY_PATH=/home/snake/Emmanuel_Jr_robot/install/nav2_costmap_2d/lib:/home/snake/Emmanuel_Jr_robot/install/nav_2d_utils/lib:/home/snake/Emmanuel_Jr_robot/install/nav2_util/lib:/home/snake/Emmanuel_Jr_robot/install/nav2_voxel_grid/lib:/home/snake/Emmanuel_Jr_robot/install/nav2_msgs/lib:/home/snake/Emmanuel_Jr_robot/install/nav_2d_msgs/lib:${LD_LIBRARY_PATH} PYTHONPATH=/home/snake/Emmanuel_Jr_robot/install/nav2_msgs/lib/python3.8/site-packages:/home/snake/Emmanuel_Jr_robot/install/nav_2d_msgs/lib/python3.8/site-packages:/home/snake/Emmanuel_Jr_robot/install/nav2_common/lib/python3.8/site-packages:${PYTHONPATH} /usr/bin/cmake --install /home/snake/Emmanuel_Jr_robot/build/nav2_controller
