[0.173s] Invoking command in '/home/ubuntu/Emmanuel_Jr_robot/build/micro_ros_msgs': CMAKE_PREFIX_PATH=${CMAKE_PREFIX_PATH}:/home/ubuntu/Emmanuel_Jr_robot/install/emmanuel:/opt/ros/galactic /usr/bin/cmake /home/ubuntu/Emmanuel_Jr_robot/src/uros/micro_ros_msgs -DCMAKE_INSTALL_PREFIX=/home/ubuntu/Emmanuel_Jr_robot/install/micro_ros_msgs
[1.838s] -- The C compiler identification is GNU 9.4.0
[1.847s] -- The CXX compiler identification is GNU 9.4.0
[1.850s] -- Check for working C compiler: /usr/bin/cc
[1.851s] -- Check for working C compiler: /usr/bin/cc -- works
[1.852s] -- Detecting C compiler ABI info
[1.853s] -- Detecting C compiler ABI info - done
[1.854s] -- Detecting C compile features
[1.885s] -- Detecting C compile features - done
[1.887s] -- Check for working CXX compiler: /usr/bin/c++
[1.902s] -- Check for working CXX compiler: /usr/bin/c++ -- works
[1.902s] -- Detecting CXX compiler ABI info
[2.341s] -- Detecting CXX compiler ABI info - done
[2.391s] -- Detecting CXX compile features
[2.393s] -- Detecting CXX compile features - done
[2.428s] -- Found ament_cmake: 1.1.5 (/opt/ros/galactic/share/ament_cmake/cmake)
[2.610s] -- Found PythonInterp: /usr/bin/python3 (found suitable version "3.8.10", minimum required is "3") 
[2.611s] -- Using PYTHON_EXECUTABLE: /usr/bin/python3
[3.353s] -- Found rosidl_default_generators: 1.1.1 (/opt/ros/galactic/share/rosidl_default_generators/cmake)
[3.396s] -- Using all available rosidl_typesupport_c: rosidl_typesupport_fastrtps_c;rosidl_typesupport_introspection_c
[3.489s] -- Found rosidl_adapter: 2.2.2 (/opt/ros/galactic/share/rosidl_adapter/cmake)
[4.388s] -- Found OpenSSL: /usr/lib/aarch64-linux-gnu/libcrypto.so (found version "1.1.1f")  
[4.691s] -- Found FastRTPS: /opt/ros/galactic/include  
[5.449s] -- Using all available rosidl_typesupport_cpp: rosidl_typesupport_fastrtps_cpp;rosidl_typesupport_introspection_cpp
[5.677s] -- Found ament_lint_auto: 0.10.7 (/opt/ros/galactic/share/ament_lint_auto/cmake)
[6.445s] -- Found PythonInterp: /usr/bin/python3 (found version "3.8.10") 
[6.931s] -- Found ament_cmake_ros: 0.9.2 (/opt/ros/galactic/share/ament_cmake_ros/cmake)
[8.011s] -- Using all available rosidl_typesupport_c: rosidl_typesupport_fastrtps_c;rosidl_typesupport_introspection_c
[8.060s] -- Using all available rosidl_typesupport_cpp: rosidl_typesupport_fastrtps_cpp;rosidl_typesupport_introspection_cpp
[8.214s] -- Found PythonInterp: /usr/bin/python3 (found suitable version "3.8.10", minimum required is "3.5") 
[8.240s] -- Found python_cmake_module: 0.8.1 (/opt/ros/galactic/share/python_cmake_module/cmake)
[8.409s] -- Found PythonLibs: /usr/lib/aarch64-linux-gnu/libpython3.8.so (found suitable version "3.8.10", minimum required is "3.5") 
[8.412s] -- Using PYTHON_EXECUTABLE: /usr/bin/python3
[8.414s] -- Using PYTHON_INCLUDE_DIRS: /usr/include/python3.8
[8.416s] -- Using PYTHON_LIBRARIES: /usr/lib/aarch64-linux-gnu/libpython3.8.so
[8.564s] -- Found PythonExtra: .so  
[8.843s] -- Added test 'copyright' to check source files copyright and LICENSE
[9.046s] -- Added test 'lint_cmake' to check CMake code style
[9.119s] -- Added test 'xmllint' to check XML markup files
[9.168s] -- Configuring done
[9.458s] -- Generating done
[9.480s] -- Build files have been written to: /home/ubuntu/Emmanuel_Jr_robot/build/micro_ros_msgs
[9.539s] Invoked command in '/home/ubuntu/Emmanuel_Jr_robot/build/micro_ros_msgs' returned '0': CMAKE_PREFIX_PATH=${CMAKE_PREFIX_PATH}:/home/ubuntu/Emmanuel_Jr_robot/install/emmanuel:/opt/ros/galactic /usr/bin/cmake /home/ubuntu/Emmanuel_Jr_robot/src/uros/micro_ros_msgs -DCMAKE_INSTALL_PREFIX=/home/ubuntu/Emmanuel_Jr_robot/install/micro_ros_msgs
[9.542s] Invoking command in '/home/ubuntu/Emmanuel_Jr_robot/build/micro_ros_msgs': CMAKE_PREFIX_PATH=${CMAKE_PREFIX_PATH}:/home/ubuntu/Emmanuel_Jr_robot/install/emmanuel:/opt/ros/galactic /usr/bin/cmake --build /home/ubuntu/Emmanuel_Jr_robot/build/micro_ros_msgs -- -j4 -l4
[9.810s] [35m[1mScanning dependencies of target micro_ros_msgs__cpp[0m
[9.826s] [  2%] [34m[1mGenerating C code for ROS interfaces[0m
[9.911s] [  4%] [34m[1mGenerating C++ code for ROS interfaces[0m
[12.549s] [35m[1mScanning dependencies of target micro_ros_msgs__rosidl_generator_c[0m
[12.551s] [  4%] Built target micro_ros_msgs__cpp
[12.709s] [  8%] [34m[1mGenerating C++ introspection for ROS interfaces[0m
[12.714s] [ 10%] [34m[1mGenerating C++ type support for eProsima Fast-RTPS[0m
[12.717s] [ 10%] [32mBuilding C object CMakeFiles/micro_ros_msgs__rosidl_generator_c.dir/rosidl_generator_c/micro_ros_msgs/msg/detail/graph__functions.c.o[0m
[12.721s] [ 12%] [34m[1mGenerating C++ type support dispatch for ROS interfaces[0m
[13.307s] [ 14%] [32mBuilding C object CMakeFiles/micro_ros_msgs__rosidl_generator_c.dir/rosidl_generator_c/micro_ros_msgs/msg/detail/node__functions.c.o[0m
[13.922s] [ 17%] [32mBuilding C object CMakeFiles/micro_ros_msgs__rosidl_generator_c.dir/rosidl_generator_c/micro_ros_msgs/msg/detail/entity__functions.c.o[0m
[14.723s] [ 19%] [32m[1mLinking C shared library libmicro_ros_msgs__rosidl_generator_c.so[0m
[15.294s] [ 19%] Built target micro_ros_msgs__rosidl_generator_c
[15.513s] [ 21%] [34m[1mGenerating C type support dispatch for ROS interfaces[0m
[15.737s] [35m[1mScanning dependencies of target micro_ros_msgs__rosidl_typesupport_cpp[0m
[15.899s] [ 23%] [32mBuilding CXX object CMakeFiles/micro_ros_msgs__rosidl_typesupport_cpp.dir/rosidl_typesupport_cpp/micro_ros_msgs/msg/graph__type_support.cpp.o[0m
[16.039s] [35m[1mScanning dependencies of target micro_ros_msgs__rosidl_typesupport_introspection_cpp[0m
[16.284s] [ 25%] [32mBuilding CXX object CMakeFiles/micro_ros_msgs__rosidl_typesupport_introspection_cpp.dir/rosidl_typesupport_introspection_cpp/micro_ros_msgs/msg/detail/graph__type_support.cpp.o[0m
[16.325s] [35m[1mScanning dependencies of target micro_ros_msgs__rosidl_typesupport_fastrtps_cpp[0m
[16.511s] [ 27%] [32mBuilding CXX object CMakeFiles/micro_ros_msgs__rosidl_typesupport_fastrtps_cpp.dir/rosidl_typesupport_fastrtps_cpp/micro_ros_msgs/msg/detail/dds_fastrtps/graph__type_support.cpp.o[0m
[18.985s] [35m[1mScanning dependencies of target micro_ros_msgs__rosidl_typesupport_c[0m
[19.241s] [ 29%] [32mBuilding CXX object CMakeFiles/micro_ros_msgs__rosidl_typesupport_c.dir/rosidl_typesupport_c/micro_ros_msgs/msg/graph__type_support.cpp.o[0m
[19.853s] [ 31%] [32mBuilding CXX object CMakeFiles/micro_ros_msgs__rosidl_typesupport_c.dir/rosidl_typesupport_c/micro_ros_msgs/msg/node__type_support.cpp.o[0m
[20.017s] [ 34%] [32mBuilding CXX object CMakeFiles/micro_ros_msgs__rosidl_typesupport_cpp.dir/rosidl_typesupport_cpp/micro_ros_msgs/msg/node__type_support.cpp.o[0m
[20.413s] [ 36%] [32mBuilding CXX object CMakeFiles/micro_ros_msgs__rosidl_typesupport_c.dir/rosidl_typesupport_c/micro_ros_msgs/msg/entity__type_support.cpp.o[0m
[20.989s] [ 38%] [32m[1mLinking CXX shared library libmicro_ros_msgs__rosidl_typesupport_c.so[0m
[21.283s] [ 40%] [32mBuilding CXX object CMakeFiles/micro_ros_msgs__rosidl_typesupport_introspection_cpp.dir/rosidl_typesupport_introspection_cpp/micro_ros_msgs/msg/detail/node__type_support.cpp.o[0m
[21.522s] [ 40%] Built target micro_ros_msgs__rosidl_typesupport_c
[21.671s] [ 42%] [32mBuilding CXX object CMakeFiles/micro_ros_msgs__rosidl_typesupport_fastrtps_cpp.dir/rosidl_typesupport_fastrtps_cpp/micro_ros_msgs/msg/detail/dds_fastrtps/node__type_support.cpp.o[0m
[23.832s] [ 44%] [32mBuilding CXX object CMakeFiles/micro_ros_msgs__rosidl_typesupport_fastrtps_cpp.dir/rosidl_typesupport_fastrtps_cpp/micro_ros_msgs/msg/detail/dds_fastrtps/entity__type_support.cpp.o[0m
[24.200s] [ 46%] [32mBuilding CXX object CMakeFiles/micro_ros_msgs__rosidl_typesupport_cpp.dir/rosidl_typesupport_cpp/micro_ros_msgs/msg/entity__type_support.cpp.o[0m
[26.625s] [ 48%] [32mBuilding CXX object CMakeFiles/micro_ros_msgs__rosidl_typesupport_introspection_cpp.dir/rosidl_typesupport_introspection_cpp/micro_ros_msgs/msg/detail/entity__type_support.cpp.o[0m
[28.423s] [ 51%] [32m[1mLinking CXX shared library libmicro_ros_msgs__rosidl_typesupport_cpp.so[0m
[28.928s] [ 51%] Built target micro_ros_msgs__rosidl_typesupport_cpp
[29.067s] [ 53%] [34m[1mGenerating C introspection for ROS interfaces[0m
[30.381s] [ 55%] [32m[1mLinking CXX shared library libmicro_ros_msgs__rosidl_typesupport_fastrtps_cpp.so[0m
[31.417s] [ 57%] [32m[1mLinking CXX shared library libmicro_ros_msgs__rosidl_typesupport_introspection_cpp.so[0m
[31.421s] [ 57%] Built target micro_ros_msgs__rosidl_typesupport_fastrtps_cpp
[31.597s] [ 59%] [34m[1mGenerating C type support for eProsima Fast-RTPS[0m
[32.216s] [ 59%] Built target micro_ros_msgs__rosidl_typesupport_introspection_cpp
[32.442s] [35m[1mScanning dependencies of target micro_ros_msgs__rosidl_typesupport_introspection_c[0m
[32.653s] [ 61%] [32mBuilding C object CMakeFiles/micro_ros_msgs__rosidl_typesupport_introspection_c.dir/rosidl_typesupport_introspection_c/micro_ros_msgs/msg/detail/node__type_support.c.o[0m
[32.657s] [ 65%] [32mBuilding C object CMakeFiles/micro_ros_msgs__rosidl_typesupport_introspection_c.dir/rosidl_typesupport_introspection_c/micro_ros_msgs/msg/detail/graph__type_support.c.o[0m
[32.658s] [ 63%] [32mBuilding C object CMakeFiles/micro_ros_msgs__rosidl_typesupport_introspection_c.dir/rosidl_typesupport_introspection_c/micro_ros_msgs/msg/detail/entity__type_support.c.o[0m
[33.217s] [ 68%] [32m[1mLinking C shared library libmicro_ros_msgs__rosidl_typesupport_introspection_c.so[0m
[33.588s] [ 68%] Built target micro_ros_msgs__rosidl_typesupport_introspection_c
[34.471s] [35m[1mScanning dependencies of target micro_ros_msgs__rosidl_typesupport_fastrtps_c[0m
[34.797s] [ 70%] [32mBuilding CXX object CMakeFiles/micro_ros_msgs__rosidl_typesupport_fastrtps_c.dir/rosidl_typesupport_fastrtps_c/micro_ros_msgs/msg/detail/graph__type_support_c.cpp.o[0m
[34.807s] [ 72%] [32mBuilding CXX object CMakeFiles/micro_ros_msgs__rosidl_typesupport_fastrtps_c.dir/rosidl_typesupport_fastrtps_c/micro_ros_msgs/msg/detail/entity__type_support_c.cpp.o[0m
[34.822s] [ 74%] [32mBuilding CXX object CMakeFiles/micro_ros_msgs__rosidl_typesupport_fastrtps_c.dir/rosidl_typesupport_fastrtps_c/micro_ros_msgs/msg/detail/node__type_support_c.cpp.o[0m
[39.038s] [ 76%] [32m[1mLinking CXX shared library libmicro_ros_msgs__rosidl_typesupport_fastrtps_c.so[0m
[39.430s] [ 76%] Built target micro_ros_msgs__rosidl_typesupport_fastrtps_c
[39.485s] [35m[1mScanning dependencies of target micro_ros_msgs[0m
[39.545s] [ 76%] Built target micro_ros_msgs
[39.590s] [35m[1mScanning dependencies of target micro_ros_msgs__py[0m
[39.669s] [ 78%] [34m[1mGenerating Python code for ROS interfaces[0m
[42.268s] [ 78%] Built target micro_ros_msgs__py
[42.308s] [35m[1mScanning dependencies of target micro_ros_msgs__python[0m
[42.425s] [ 80%] [32mBuilding C object CMakeFiles/micro_ros_msgs__python.dir/rosidl_generator_py/micro_ros_msgs/msg/_graph_s.c.o[0m
[42.440s] [ 82%] [32mBuilding C object CMakeFiles/micro_ros_msgs__python.dir/rosidl_generator_py/micro_ros_msgs/msg/_entity_s.c.o[0m
[42.446s] [ 85%] [32mBuilding C object CMakeFiles/micro_ros_msgs__python.dir/rosidl_generator_py/micro_ros_msgs/msg/_node_s.c.o[0m
[43.103s] [ 87%] [32m[1mLinking C shared library rosidl_generator_py/micro_ros_msgs/libmicro_ros_msgs__python.so[0m
[43.596s] [ 87%] Built target micro_ros_msgs__python
[43.762s] [35m[1mScanning dependencies of target micro_ros_msgs__rosidl_typesupport_fastrtps_c__pyext[0m
[43.813s] [35m[1mScanning dependencies of target micro_ros_msgs__rosidl_typesupport_introspection_c__pyext[0m
[43.832s] [35m[1mScanning dependencies of target micro_ros_msgs__rosidl_typesupport_c__pyext[0m
[43.932s] [ 89%] [32mBuilding C object CMakeFiles/micro_ros_msgs__rosidl_typesupport_fastrtps_c__pyext.dir/rosidl_generator_py/micro_ros_msgs/_micro_ros_msgs_s.ep.rosidl_typesupport_fastrtps_c.c.o[0m
[44.065s] [ 91%] [32mBuilding C object CMakeFiles/micro_ros_msgs__rosidl_typesupport_introspection_c__pyext.dir/rosidl_generator_py/micro_ros_msgs/_micro_ros_msgs_s.ep.rosidl_typesupport_introspection_c.c.o[0m
[44.082s] [ 93%] [32mBuilding C object CMakeFiles/micro_ros_msgs__rosidl_typesupport_c__pyext.dir/rosidl_generator_py/micro_ros_msgs/_micro_ros_msgs_s.ep.rosidl_typesupport_c.c.o[0m
[44.856s] [ 95%] [32m[1mLinking CXX shared library rosidl_generator_py/micro_ros_msgs/micro_ros_msgs_s__rosidl_typesupport_fastrtps_c.cpython-38-aarch64-linux-gnu.so[0m
[45.006s] [ 97%] [32m[1mLinking C shared library rosidl_generator_py/micro_ros_msgs/micro_ros_msgs_s__rosidl_typesupport_c.cpython-38-aarch64-linux-gnu.so[0m
[45.160s] [100%] [32m[1mLinking C shared library rosidl_generator_py/micro_ros_msgs/micro_ros_msgs_s__rosidl_typesupport_introspection_c.cpython-38-aarch64-linux-gnu.so[0m
[45.460s] [100%] Built target micro_ros_msgs__rosidl_typesupport_c__pyext
[45.605s] [100%] Built target micro_ros_msgs__rosidl_typesupport_introspection_c__pyext
[45.665s] [100%] Built target micro_ros_msgs__rosidl_typesupport_fastrtps_c__pyext
[45.720s] Invoked command in '/home/ubuntu/Emmanuel_Jr_robot/build/micro_ros_msgs' returned '0': CMAKE_PREFIX_PATH=${CMAKE_PREFIX_PATH}:/home/ubuntu/Emmanuel_Jr_robot/install/emmanuel:/opt/ros/galactic /usr/bin/cmake --build /home/ubuntu/Emmanuel_Jr_robot/build/micro_ros_msgs -- -j4 -l4
[46.196s] Invoking command in '/home/ubuntu/Emmanuel_Jr_robot/build/micro_ros_msgs': CMAKE_PREFIX_PATH=${CMAKE_PREFIX_PATH}:/home/ubuntu/Emmanuel_Jr_robot/install/emmanuel:/opt/ros/galactic /usr/bin/cmake --install /home/ubuntu/Emmanuel_Jr_robot/build/micro_ros_msgs
[46.239s] -- Install configuration: ""
[46.239s] -- Installing: /home/ubuntu/Emmanuel_Jr_robot/install/micro_ros_msgs/share/ament_index/resource_index/rosidl_interfaces/micro_ros_msgs
[46.241s] -- Installing: /home/ubuntu/Emmanuel_Jr_robot/install/micro_ros_msgs/include/micro_ros_msgs
[46.242s] -- Installing: /home/ubuntu/Emmanuel_Jr_robot/install/micro_ros_msgs/include/micro_ros_msgs/msg
[46.243s] -- Installing: /home/ubuntu/Emmanuel_Jr_robot/install/micro_ros_msgs/include/micro_ros_msgs/msg/rosidl_generator_c__visibility_control.h
[46.244s] -- Installing: /home/ubuntu/Emmanuel_Jr_robot/install/micro_ros_msgs/include/micro_ros_msgs/msg/detail
[46.245s] -- Installing: /home/ubuntu/Emmanuel_Jr_robot/install/micro_ros_msgs/include/micro_ros_msgs/msg/detail/graph__type_support.h
[46.246s] -- Installing: /home/ubuntu/Emmanuel_Jr_robot/install/micro_ros_msgs/include/micro_ros_msgs/msg/detail/node__functions.c
[46.247s] -- Installing: /home/ubuntu/Emmanuel_Jr_robot/install/micro_ros_msgs/include/micro_ros_msgs/msg/detail/entity__functions.c
[46.248s] -- Installing: /home/ubuntu/Emmanuel_Jr_robot/install/micro_ros_msgs/include/micro_ros_msgs/msg/detail/node__type_support.h
[46.249s] -- Installing: /home/ubuntu/Emmanuel_Jr_robot/install/micro_ros_msgs/include/micro_ros_msgs/msg/detail/graph__functions.c
[46.251s] -- Installing: /home/ubuntu/Emmanuel_Jr_robot/install/micro_ros_msgs/include/micro_ros_msgs/msg/detail/entity__struct.h
[46.252s] -- Installing: /home/ubuntu/Emmanuel_Jr_robot/install/micro_ros_msgs/include/micro_ros_msgs/msg/detail/graph__functions.h
[46.253s] -- Installing: /home/ubuntu/Emmanuel_Jr_robot/install/micro_ros_msgs/include/micro_ros_msgs/msg/detail/node__struct.h
[46.254s] -- Installing: /home/ubuntu/Emmanuel_Jr_robot/install/micro_ros_msgs/include/micro_ros_msgs/msg/detail/graph__struct.h
[46.255s] -- Installing: /home/ubuntu/Emmanuel_Jr_robot/install/micro_ros_msgs/include/micro_ros_msgs/msg/detail/entity__type_support.h
[46.257s] -- Installing: /home/ubuntu/Emmanuel_Jr_robot/install/micro_ros_msgs/include/micro_ros_msgs/msg/detail/entity__functions.h
[46.258s] -- Installing: /home/ubuntu/Emmanuel_Jr_robot/install/micro_ros_msgs/include/micro_ros_msgs/msg/detail/node__functions.h
[46.259s] -- Installing: /home/ubuntu/Emmanuel_Jr_robot/install/micro_ros_msgs/include/micro_ros_msgs/msg/graph.h
[46.260s] -- Installing: /home/ubuntu/Emmanuel_Jr_robot/install/micro_ros_msgs/include/micro_ros_msgs/msg/entity.h
[46.261s] -- Installing: /home/ubuntu/Emmanuel_Jr_robot/install/micro_ros_msgs/include/micro_ros_msgs/msg/node.h
[46.262s] -- Installing: /home/ubuntu/Emmanuel_Jr_robot/install/micro_ros_msgs/share/micro_ros_msgs/environment/library_path.sh
[46.264s] -- Installing: /home/ubuntu/Emmanuel_Jr_robot/install/micro_ros_msgs/share/micro_ros_msgs/environment/library_path.dsv
[46.266s] -- Installing: /home/ubuntu/Emmanuel_Jr_robot/install/micro_ros_msgs/lib/libmicro_ros_msgs__rosidl_generator_c.so
[46.269s] -- Set runtime path of "/home/ubuntu/Emmanuel_Jr_robot/install/micro_ros_msgs/lib/libmicro_ros_msgs__rosidl_generator_c.so" to ""
[46.270s] -- Up-to-date: /home/ubuntu/Emmanuel_Jr_robot/install/micro_ros_msgs/include/micro_ros_msgs
[46.271s] -- Up-to-date: /home/ubuntu/Emmanuel_Jr_robot/install/micro_ros_msgs/include/micro_ros_msgs/msg
[46.271s] -- Up-to-date: /home/ubuntu/Emmanuel_Jr_robot/install/micro_ros_msgs/include/micro_ros_msgs/msg/detail
[46.272s] -- Installing: /home/ubuntu/Emmanuel_Jr_robot/install/micro_ros_msgs/include/micro_ros_msgs/msg/detail/entity__rosidl_typesupport_fastrtps_c.h
[46.273s] -- Installing: /home/ubuntu/Emmanuel_Jr_robot/install/micro_ros_msgs/include/micro_ros_msgs/msg/detail/graph__rosidl_typesupport_fastrtps_c.h
[46.274s] -- Installing: /home/ubuntu/Emmanuel_Jr_robot/install/micro_ros_msgs/include/micro_ros_msgs/msg/detail/node__rosidl_typesupport_fastrtps_c.h
[46.274s] -- Installing: /home/ubuntu/Emmanuel_Jr_robot/install/micro_ros_msgs/include/micro_ros_msgs/msg/rosidl_typesupport_fastrtps_c__visibility_control.h
[46.276s] -- Installing: /home/ubuntu/Emmanuel_Jr_robot/install/micro_ros_msgs/lib/libmicro_ros_msgs__rosidl_typesupport_fastrtps_c.so
[46.281s] -- Set runtime path of "/home/ubuntu/Emmanuel_Jr_robot/install/micro_ros_msgs/lib/libmicro_ros_msgs__rosidl_typesupport_fastrtps_c.so" to ""
[46.282s] -- Up-to-date: /home/ubuntu/Emmanuel_Jr_robot/install/micro_ros_msgs/include/micro_ros_msgs
[46.284s] -- Up-to-date: /home/ubuntu/Emmanuel_Jr_robot/install/micro_ros_msgs/include/micro_ros_msgs/msg
[46.285s] -- Up-to-date: /home/ubuntu/Emmanuel_Jr_robot/install/micro_ros_msgs/include/micro_ros_msgs/msg/detail
[46.287s] -- Installing: /home/ubuntu/Emmanuel_Jr_robot/install/micro_ros_msgs/include/micro_ros_msgs/msg/detail/node__rosidl_typesupport_fastrtps_cpp.hpp
[46.287s] -- Installing: /home/ubuntu/Emmanuel_Jr_robot/install/micro_ros_msgs/include/micro_ros_msgs/msg/detail/entity__rosidl_typesupport_fastrtps_cpp.hpp
[46.288s] -- Installing: /home/ubuntu/Emmanuel_Jr_robot/install/micro_ros_msgs/include/micro_ros_msgs/msg/detail/dds_fastrtps
[46.288s] -- Installing: /home/ubuntu/Emmanuel_Jr_robot/install/micro_ros_msgs/include/micro_ros_msgs/msg/detail/graph__rosidl_typesupport_fastrtps_cpp.hpp
[46.289s] -- Installing: /home/ubuntu/Emmanuel_Jr_robot/install/micro_ros_msgs/include/micro_ros_msgs/msg/rosidl_typesupport_fastrtps_cpp__visibility_control.h
[46.289s] -- Installing: /home/ubuntu/Emmanuel_Jr_robot/install/micro_ros_msgs/lib/libmicro_ros_msgs__rosidl_typesupport_fastrtps_cpp.so
[46.293s] -- Set runtime path of "/home/ubuntu/Emmanuel_Jr_robot/install/micro_ros_msgs/lib/libmicro_ros_msgs__rosidl_typesupport_fastrtps_cpp.so" to ""
[46.294s] -- Up-to-date: /home/ubuntu/Emmanuel_Jr_robot/install/micro_ros_msgs/include/micro_ros_msgs
[46.294s] -- Up-to-date: /home/ubuntu/Emmanuel_Jr_robot/install/micro_ros_msgs/include/micro_ros_msgs/msg
[46.294s] -- Installing: /home/ubuntu/Emmanuel_Jr_robot/install/micro_ros_msgs/include/micro_ros_msgs/msg/rosidl_typesupport_introspection_c__visibility_control.h
[46.295s] -- Up-to-date: /home/ubuntu/Emmanuel_Jr_robot/install/micro_ros_msgs/include/micro_ros_msgs/msg/detail
[46.295s] -- Installing: /home/ubuntu/Emmanuel_Jr_robot/install/micro_ros_msgs/include/micro_ros_msgs/msg/detail/graph__rosidl_typesupport_introspection_c.h
[46.297s] -- Installing: /home/ubuntu/Emmanuel_Jr_robot/install/micro_ros_msgs/include/micro_ros_msgs/msg/detail/entity__rosidl_typesupport_introspection_c.h
[46.298s] -- Installing: /home/ubuntu/Emmanuel_Jr_robot/install/micro_ros_msgs/include/micro_ros_msgs/msg/detail/graph__type_support.c
[46.299s] -- Installing: /home/ubuntu/Emmanuel_Jr_robot/install/micro_ros_msgs/include/micro_ros_msgs/msg/detail/entity__type_support.c
[46.300s] -- Installing: /home/ubuntu/Emmanuel_Jr_robot/install/micro_ros_msgs/include/micro_ros_msgs/msg/detail/node__type_support.c
[46.301s] -- Installing: /home/ubuntu/Emmanuel_Jr_robot/install/micro_ros_msgs/include/micro_ros_msgs/msg/detail/node__rosidl_typesupport_introspection_c.h
[46.303s] -- Installing: /home/ubuntu/Emmanuel_Jr_robot/install/micro_ros_msgs/lib/libmicro_ros_msgs__rosidl_typesupport_introspection_c.so
[46.306s] -- Set runtime path of "/home/ubuntu/Emmanuel_Jr_robot/install/micro_ros_msgs/lib/libmicro_ros_msgs__rosidl_typesupport_introspection_c.so" to ""
[46.306s] -- Installing: /home/ubuntu/Emmanuel_Jr_robot/install/micro_ros_msgs/lib/libmicro_ros_msgs__rosidl_typesupport_c.so
[46.309s] -- Set runtime path of "/home/ubuntu/Emmanuel_Jr_robot/install/micro_ros_msgs/lib/libmicro_ros_msgs__rosidl_typesupport_c.so" to ""
[46.311s] -- Up-to-date: /home/ubuntu/Emmanuel_Jr_robot/install/micro_ros_msgs/include/micro_ros_msgs
[46.311s] -- Up-to-date: /home/ubuntu/Emmanuel_Jr_robot/install/micro_ros_msgs/include/micro_ros_msgs/msg
[46.312s] -- Up-to-date: /home/ubuntu/Emmanuel_Jr_robot/install/micro_ros_msgs/include/micro_ros_msgs/msg/detail
[46.315s] -- Installing: /home/ubuntu/Emmanuel_Jr_robot/install/micro_ros_msgs/include/micro_ros_msgs/msg/detail/node__traits.hpp
[46.316s] -- Installing: /home/ubuntu/Emmanuel_Jr_robot/install/micro_ros_msgs/include/micro_ros_msgs/msg/detail/graph__traits.hpp
[46.317s] -- Installing: /home/ubuntu/Emmanuel_Jr_robot/install/micro_ros_msgs/include/micro_ros_msgs/msg/detail/graph__builder.hpp
[46.318s] -- Installing: /home/ubuntu/Emmanuel_Jr_robot/install/micro_ros_msgs/include/micro_ros_msgs/msg/detail/entity__builder.hpp
[46.318s] -- Installing: /home/ubuntu/Emmanuel_Jr_robot/install/micro_ros_msgs/include/micro_ros_msgs/msg/detail/entity__struct.hpp
[46.319s] -- Installing: /home/ubuntu/Emmanuel_Jr_robot/install/micro_ros_msgs/include/micro_ros_msgs/msg/detail/node__builder.hpp
[46.320s] -- Installing: /home/ubuntu/Emmanuel_Jr_robot/install/micro_ros_msgs/include/micro_ros_msgs/msg/detail/entity__traits.hpp
[46.321s] -- Installing: /home/ubuntu/Emmanuel_Jr_robot/install/micro_ros_msgs/include/micro_ros_msgs/msg/detail/graph__struct.hpp
[46.322s] -- Installing: /home/ubuntu/Emmanuel_Jr_robot/install/micro_ros_msgs/include/micro_ros_msgs/msg/detail/node__struct.hpp
[46.323s] -- Installing: /home/ubuntu/Emmanuel_Jr_robot/install/micro_ros_msgs/include/micro_ros_msgs/msg/graph.hpp
[46.324s] -- Installing: /home/ubuntu/Emmanuel_Jr_robot/install/micro_ros_msgs/include/micro_ros_msgs/msg/node.hpp
[46.325s] -- Installing: /home/ubuntu/Emmanuel_Jr_robot/install/micro_ros_msgs/include/micro_ros_msgs/msg/entity.hpp
[46.326s] -- Up-to-date: /home/ubuntu/Emmanuel_Jr_robot/install/micro_ros_msgs/include/micro_ros_msgs
[46.327s] -- Up-to-date: /home/ubuntu/Emmanuel_Jr_robot/install/micro_ros_msgs/include/micro_ros_msgs/msg
[46.328s] -- Up-to-date: /home/ubuntu/Emmanuel_Jr_robot/install/micro_ros_msgs/include/micro_ros_msgs/msg/detail
[46.329s] -- Installing: /home/ubuntu/Emmanuel_Jr_robot/install/micro_ros_msgs/include/micro_ros_msgs/msg/detail/graph__rosidl_typesupport_introspection_cpp.hpp
[46.330s] -- Installing: /home/ubuntu/Emmanuel_Jr_robot/install/micro_ros_msgs/include/micro_ros_msgs/msg/detail/entity__type_support.cpp
[46.331s] -- Installing: /home/ubuntu/Emmanuel_Jr_robot/install/micro_ros_msgs/include/micro_ros_msgs/msg/detail/node__rosidl_typesupport_introspection_cpp.hpp
[46.332s] -- Installing: /home/ubuntu/Emmanuel_Jr_robot/install/micro_ros_msgs/include/micro_ros_msgs/msg/detail/node__type_support.cpp
[46.333s] -- Installing: /home/ubuntu/Emmanuel_Jr_robot/install/micro_ros_msgs/include/micro_ros_msgs/msg/detail/entity__rosidl_typesupport_introspection_cpp.hpp
[46.334s] -- Installing: /home/ubuntu/Emmanuel_Jr_robot/install/micro_ros_msgs/include/micro_ros_msgs/msg/detail/graph__type_support.cpp
[46.336s] -- Installing: /home/ubuntu/Emmanuel_Jr_robot/install/micro_ros_msgs/lib/libmicro_ros_msgs__rosidl_typesupport_introspection_cpp.so
[46.340s] -- Set runtime path of "/home/ubuntu/Emmanuel_Jr_robot/install/micro_ros_msgs/lib/libmicro_ros_msgs__rosidl_typesupport_introspection_cpp.so" to ""
[46.340s] -- Installing: /home/ubuntu/Emmanuel_Jr_robot/install/micro_ros_msgs/lib/libmicro_ros_msgs__rosidl_typesupport_cpp.so
[46.343s] -- Set runtime path of "/home/ubuntu/Emmanuel_Jr_robot/install/micro_ros_msgs/lib/libmicro_ros_msgs__rosidl_typesupport_cpp.so" to ""
[46.344s] -- Installing: /home/ubuntu/Emmanuel_Jr_robot/install/micro_ros_msgs/share/micro_ros_msgs/environment/pythonpath.sh
[46.345s] -- Installing: /home/ubuntu/Emmanuel_Jr_robot/install/micro_ros_msgs/share/micro_ros_msgs/environment/pythonpath.dsv
[46.347s] -- Installing: /home/ubuntu/Emmanuel_Jr_robot/install/micro_ros_msgs/lib/python3.8/site-packages/micro_ros_msgs/__init__.py
[46.493s] Compiling '/home/ubuntu/Emmanuel_Jr_robot/install/micro_ros_msgs/lib/python3.8/site-packages/micro_ros_msgs/__init__.py'...
[46.517s] -- Installing: /home/ubuntu/Emmanuel_Jr_robot/install/micro_ros_msgs/lib/python3.8/site-packages/micro_ros_msgs/msg
[46.517s] -- Installing: /home/ubuntu/Emmanuel_Jr_robot/install/micro_ros_msgs/lib/python3.8/site-packages/micro_ros_msgs/msg/_graph_s.c
[46.518s] -- Installing: /home/ubuntu/Emmanuel_Jr_robot/install/micro_ros_msgs/lib/python3.8/site-packages/micro_ros_msgs/msg/__init__.py
[46.519s] -- Installing: /home/ubuntu/Emmanuel_Jr_robot/install/micro_ros_msgs/lib/python3.8/site-packages/micro_ros_msgs/msg/_node_s.c
[46.521s] -- Installing: /home/ubuntu/Emmanuel_Jr_robot/install/micro_ros_msgs/lib/python3.8/site-packages/micro_ros_msgs/msg/_entity_s.c
[46.522s] -- Installing: /home/ubuntu/Emmanuel_Jr_robot/install/micro_ros_msgs/lib/python3.8/site-packages/micro_ros_msgs/msg/_node.py
[46.523s] -- Installing: /home/ubuntu/Emmanuel_Jr_robot/install/micro_ros_msgs/lib/python3.8/site-packages/micro_ros_msgs/msg/_graph.py
[46.524s] -- Installing: /home/ubuntu/Emmanuel_Jr_robot/install/micro_ros_msgs/lib/python3.8/site-packages/micro_ros_msgs/msg/_entity.py
[46.526s] -- Installing: /home/ubuntu/Emmanuel_Jr_robot/install/micro_ros_msgs/lib/python3.8/site-packages/micro_ros_msgs/micro_ros_msgs_s__rosidl_typesupport_fastrtps_c.cpython-38-aarch64-linux-gnu.so
[46.529s] -- Set runtime path of "/home/ubuntu/Emmanuel_Jr_robot/install/micro_ros_msgs/lib/python3.8/site-packages/micro_ros_msgs/micro_ros_msgs_s__rosidl_typesupport_fastrtps_c.cpython-38-aarch64-linux-gnu.so" to ""
[46.530s] -- Installing: /home/ubuntu/Emmanuel_Jr_robot/install/micro_ros_msgs/lib/python3.8/site-packages/micro_ros_msgs/micro_ros_msgs_s__rosidl_typesupport_introspection_c.cpython-38-aarch64-linux-gnu.so
[46.533s] -- Set runtime path of "/home/ubuntu/Emmanuel_Jr_robot/install/micro_ros_msgs/lib/python3.8/site-packages/micro_ros_msgs/micro_ros_msgs_s__rosidl_typesupport_introspection_c.cpython-38-aarch64-linux-gnu.so" to ""
[46.534s] -- Installing: /home/ubuntu/Emmanuel_Jr_robot/install/micro_ros_msgs/lib/python3.8/site-packages/micro_ros_msgs/micro_ros_msgs_s__rosidl_typesupport_c.cpython-38-aarch64-linux-gnu.so
[46.537s] -- Set runtime path of "/home/ubuntu/Emmanuel_Jr_robot/install/micro_ros_msgs/lib/python3.8/site-packages/micro_ros_msgs/micro_ros_msgs_s__rosidl_typesupport_c.cpython-38-aarch64-linux-gnu.so" to ""
[46.538s] -- Installing: /home/ubuntu/Emmanuel_Jr_robot/install/micro_ros_msgs/lib/libmicro_ros_msgs__python.so
[46.540s] -- Set runtime path of "/home/ubuntu/Emmanuel_Jr_robot/install/micro_ros_msgs/lib/libmicro_ros_msgs__python.so" to ""
[46.541s] -- Installing: /home/ubuntu/Emmanuel_Jr_robot/install/micro_ros_msgs/share/micro_ros_msgs/msg/Graph.idl
[46.542s] -- Installing: /home/ubuntu/Emmanuel_Jr_robot/install/micro_ros_msgs/share/micro_ros_msgs/msg/Node.idl
[46.543s] -- Installing: /home/ubuntu/Emmanuel_Jr_robot/install/micro_ros_msgs/share/micro_ros_msgs/msg/Entity.idl
[46.545s] -- Installing: /home/ubuntu/Emmanuel_Jr_robot/install/micro_ros_msgs/share/micro_ros_msgs/msg/Graph.msg
[46.546s] -- Installing: /home/ubuntu/Emmanuel_Jr_robot/install/micro_ros_msgs/share/micro_ros_msgs/msg/Node.msg
[46.547s] -- Installing: /home/ubuntu/Emmanuel_Jr_robot/install/micro_ros_msgs/share/micro_ros_msgs/msg/Entity.msg
[46.548s] -- Installing: /home/ubuntu/Emmanuel_Jr_robot/install/micro_ros_msgs/share/ament_index/resource_index/package_run_dependencies/micro_ros_msgs
[46.550s] -- Installing: /home/ubuntu/Emmanuel_Jr_robot/install/micro_ros_msgs/share/ament_index/resource_index/parent_prefix_path/micro_ros_msgs
[46.551s] -- Installing: /home/ubuntu/Emmanuel_Jr_robot/install/micro_ros_msgs/share/micro_ros_msgs/environment/ament_prefix_path.sh
[46.552s] -- Installing: /home/ubuntu/Emmanuel_Jr_robot/install/micro_ros_msgs/share/micro_ros_msgs/environment/ament_prefix_path.dsv
[46.553s] -- Installing: /home/ubuntu/Emmanuel_Jr_robot/install/micro_ros_msgs/share/micro_ros_msgs/environment/path.sh
[46.554s] -- Installing: /home/ubuntu/Emmanuel_Jr_robot/install/micro_ros_msgs/share/micro_ros_msgs/environment/path.dsv
[46.555s] -- Installing: /home/ubuntu/Emmanuel_Jr_robot/install/micro_ros_msgs/share/micro_ros_msgs/local_setup.bash
[46.557s] -- Installing: /home/ubuntu/Emmanuel_Jr_robot/install/micro_ros_msgs/share/micro_ros_msgs/local_setup.sh
[46.558s] -- Installing: /home/ubuntu/Emmanuel_Jr_robot/install/micro_ros_msgs/share/micro_ros_msgs/local_setup.zsh
[46.559s] -- Installing: /home/ubuntu/Emmanuel_Jr_robot/install/micro_ros_msgs/share/micro_ros_msgs/local_setup.dsv
[46.560s] -- Installing: /home/ubuntu/Emmanuel_Jr_robot/install/micro_ros_msgs/share/micro_ros_msgs/package.dsv
[46.561s] -- Installing: /home/ubuntu/Emmanuel_Jr_robot/install/micro_ros_msgs/share/ament_index/resource_index/packages/micro_ros_msgs
[46.563s] -- Installing: /home/ubuntu/Emmanuel_Jr_robot/install/micro_ros_msgs/share/micro_ros_msgs/cmake/micro_ros_msgs__rosidl_generator_cExport.cmake
[46.564s] -- Installing: /home/ubuntu/Emmanuel_Jr_robot/install/micro_ros_msgs/share/micro_ros_msgs/cmake/micro_ros_msgs__rosidl_generator_cExport-noconfig.cmake
[46.566s] -- Installing: /home/ubuntu/Emmanuel_Jr_robot/install/micro_ros_msgs/share/micro_ros_msgs/cmake/micro_ros_msgs__rosidl_typesupport_introspection_cExport.cmake
[46.567s] -- Installing: /home/ubuntu/Emmanuel_Jr_robot/install/micro_ros_msgs/share/micro_ros_msgs/cmake/micro_ros_msgs__rosidl_typesupport_introspection_cExport-noconfig.cmake
[46.569s] -- Installing: /home/ubuntu/Emmanuel_Jr_robot/install/micro_ros_msgs/share/micro_ros_msgs/cmake/micro_ros_msgs__rosidl_typesupport_cExport.cmake
[46.570s] -- Installing: /home/ubuntu/Emmanuel_Jr_robot/install/micro_ros_msgs/share/micro_ros_msgs/cmake/micro_ros_msgs__rosidl_typesupport_cExport-noconfig.cmake
[46.572s] -- Installing: /home/ubuntu/Emmanuel_Jr_robot/install/micro_ros_msgs/share/micro_ros_msgs/cmake/micro_ros_msgs__rosidl_generator_cppExport.cmake
[46.573s] -- Installing: /home/ubuntu/Emmanuel_Jr_robot/install/micro_ros_msgs/share/micro_ros_msgs/cmake/micro_ros_msgs__rosidl_typesupport_introspection_cppExport.cmake
[46.575s] -- Installing: /home/ubuntu/Emmanuel_Jr_robot/install/micro_ros_msgs/share/micro_ros_msgs/cmake/micro_ros_msgs__rosidl_typesupport_introspection_cppExport-noconfig.cmake
[46.577s] -- Installing: /home/ubuntu/Emmanuel_Jr_robot/install/micro_ros_msgs/share/micro_ros_msgs/cmake/micro_ros_msgs__rosidl_typesupport_cppExport.cmake
[46.578s] -- Installing: /home/ubuntu/Emmanuel_Jr_robot/install/micro_ros_msgs/share/micro_ros_msgs/cmake/micro_ros_msgs__rosidl_typesupport_cppExport-noconfig.cmake
[46.580s] -- Installing: /home/ubuntu/Emmanuel_Jr_robot/install/micro_ros_msgs/share/micro_ros_msgs/cmake/rosidl_cmake-extras.cmake
[46.581s] -- Installing: /home/ubuntu/Emmanuel_Jr_robot/install/micro_ros_msgs/share/micro_ros_msgs/cmake/ament_cmake_export_dependencies-extras.cmake
[46.582s] -- Installing: /home/ubuntu/Emmanuel_Jr_robot/install/micro_ros_msgs/share/micro_ros_msgs/cmake/ament_cmake_export_libraries-extras.cmake
[46.584s] -- Installing: /home/ubuntu/Emmanuel_Jr_robot/install/micro_ros_msgs/share/micro_ros_msgs/cmake/ament_cmake_export_targets-extras.cmake
[46.585s] -- Installing: /home/ubuntu/Emmanuel_Jr_robot/install/micro_ros_msgs/share/micro_ros_msgs/cmake/ament_cmake_export_include_directories-extras.cmake
[46.587s] -- Installing: /home/ubuntu/Emmanuel_Jr_robot/install/micro_ros_msgs/share/micro_ros_msgs/cmake/rosidl_cmake_export_typesupport_libraries-extras.cmake
[46.588s] -- Installing: /home/ubuntu/Emmanuel_Jr_robot/install/micro_ros_msgs/share/micro_ros_msgs/cmake/rosidl_cmake_export_typesupport_targets-extras.cmake
[46.590s] -- Installing: /home/ubuntu/Emmanuel_Jr_robot/install/micro_ros_msgs/share/micro_ros_msgs/cmake/micro_ros_msgsConfig.cmake
[46.591s] -- Installing: /home/ubuntu/Emmanuel_Jr_robot/install/micro_ros_msgs/share/micro_ros_msgs/cmake/micro_ros_msgsConfig-version.cmake
[46.592s] -- Installing: /home/ubuntu/Emmanuel_Jr_robot/install/micro_ros_msgs/share/micro_ros_msgs/package.xml
[46.604s] Invoked command in '/home/ubuntu/Emmanuel_Jr_robot/build/micro_ros_msgs' returned '0': CMAKE_PREFIX_PATH=${CMAKE_PREFIX_PATH}:/home/ubuntu/Emmanuel_Jr_robot/install/emmanuel:/opt/ros/galactic /usr/bin/cmake --install /home/ubuntu/Emmanuel_Jr_robot/build/micro_ros_msgs
