[0.052s] Invoking command in '/home/snake/Emmanuel_Jr_robot/build/nav_2d_utils': AMENT_PREFIX_PATH=/home/snake/Emmanuel_Jr_robot/install/nav2_util:/home/snake/Emmanuel_Jr_robot/install/nav2_msgs:/home/snake/Emmanuel_Jr_robot/install/nav_2d_msgs:/home/snake/Emmanuel_Jr_robot/install/nav2_common:${AMENT_PREFIX_PATH} CMAKE_PREFIX_PATH=/home/snake/Emmanuel_Jr_robot/install/nav2_util:/home/snake/Emmanuel_Jr_robot/install/nav2_msgs:/home/snake/Emmanuel_Jr_robot/install/nav_2d_msgs:/home/snake/Emmanuel_Jr_robot/install/nav2_common:/opt/ros/galactic LD_LIBRARY_PATH=/home/snake/Emmanuel_Jr_robot/install/nav2_util/lib:/home/snake/Emmanuel_Jr_robot/install/nav2_msgs/lib:/home/snake/Emmanuel_Jr_robot/install/nav_2d_msgs/lib:${LD_LIBRARY_PATH} PYTHONPATH=/home/snake/Emmanuel_Jr_robot/install/nav2_msgs/lib/python3.8/site-packages:/home/snake/Emmanuel_Jr_robot/install/nav_2d_msgs/lib/python3.8/site-packages:/home/snake/Emmanuel_Jr_robot/install/nav2_common/lib/python3.8/site-packages:${PYTHONPATH} /usr/bin/cmake /home/snake/Emmanuel_Jr_robot/src/navigation2/nav2_dwb_controller/nav_2d_utils -DAMENT_CMAKE_SYMLINK_INSTALL=1 -DCMAKE_INSTALL_PREFIX=/home/snake/Emmanuel_Jr_robot/install/nav_2d_utils
[0.129s] -- The C compiler identification is GNU 9.4.0
[0.194s] -- The CXX compiler identification is GNU 9.4.0
[0.200s] -- Check for working C compiler: /usr/bin/cc
[0.285s] -- Check for working C compiler: /usr/bin/cc -- works
[0.287s] -- Detecting C compiler ABI info
[0.383s] -- Detecting C compiler ABI info - done
[0.393s] -- Detecting C compile features
[0.394s] -- Detecting C compile features - done
[0.397s] -- Check for working CXX compiler: /usr/bin/c++
[0.506s] -- Check for working CXX compiler: /usr/bin/c++ -- works
[0.506s] -- Detecting CXX compiler ABI info
[0.614s] -- Detecting CXX compiler ABI info - done
[0.628s] -- Detecting CXX compile features
[0.630s] -- Detecting CXX compile features - done
[0.634s] -- Found ament_cmake: 1.1.5 (/opt/ros/galactic/share/ament_cmake/cmake)
[0.678s] -- Found PythonInterp: /usr/bin/python3 (found suitable version "3.8.10", minimum required is "3") 
[0.679s] -- Using PYTHON_EXECUTABLE: /usr/bin/python3
[0.772s] -- Override CMake install command with custom implementation using symlinks instead of copying resources
[0.797s] -- Found nav2_common: 1.0.12 (/home/snake/Emmanuel_Jr_robot/install/nav2_common/share/nav2_common/cmake)
[0.800s] -- Found geometry_msgs: 2.2.4 (/opt/ros/galactic/share/geometry_msgs/cmake)
[0.842s] -- Using all available rosidl_typesupport_c: rosidl_typesupport_fastrtps_c;rosidl_typesupport_introspection_c
[0.854s] -- Found rosidl_adapter: 2.2.2 (/opt/ros/galactic/share/rosidl_adapter/cmake)
[0.980s] -- Found OpenSSL: /usr/lib/x86_64-linux-gnu/libcrypto.so (found version "1.1.1f")  
[1.029s] -- Found FastRTPS: /opt/ros/galactic/include  
[1.160s] -- Using all available rosidl_typesupport_cpp: rosidl_typesupport_fastrtps_cpp;rosidl_typesupport_introspection_cpp
[1.289s] -- Found nav_2d_msgs: 1.0.12 (/home/snake/Emmanuel_Jr_robot/install/nav_2d_msgs/share/nav_2d_msgs/cmake)
[1.378s] -- Found nav_msgs: 2.2.4 (/opt/ros/galactic/share/nav_msgs/cmake)
[1.471s] -- Found rclcpp: 9.2.1 (/opt/ros/galactic/share/rclcpp/cmake)
[1.550s] -- Found rmw_implementation_cmake: 3.3.1 (/opt/ros/galactic/share/rmw_implementation_cmake/cmake)
[1.556s] -- Found rmw_cyclonedds_cpp: 0.22.5 (/opt/ros/galactic/share/rmw_cyclonedds_cpp/cmake)
[1.588s] -- Using RMW implementation 'rmw_cyclonedds_cpp' as default
[1.590s] -- Looking for pthread.h
[1.698s] -- Looking for pthread.h - found
[1.706s] -- Performing Test CMAKE_HAVE_LIBC_PTHREAD
[1.794s] -- Performing Test CMAKE_HAVE_LIBC_PTHREAD - Failed
[1.800s] -- Looking for pthread_create in pthreads
[1.880s] -- Looking for pthread_create in pthreads - not found
[1.880s] -- Looking for pthread_create in pthread
[1.973s] -- Looking for pthread_create in pthread - found
[1.975s] -- Found Threads: TRUE  
[2.167s] -- Found tf2: 0.17.3 (/opt/ros/galactic/share/tf2/cmake)
[2.183s] -- Found tf2_geometry_msgs: 0.17.3 (/opt/ros/galactic/share/tf2_geometry_msgs/cmake)
[2.194s] -- Found eigen3_cmake_module: 0.1.1 (/opt/ros/galactic/share/eigen3_cmake_module/cmake)
[2.200s] -- Found Eigen3: TRUE (found version "3.3.7") 
[2.732s] -- Found nav2_msgs: 1.0.12 (/home/snake/Emmanuel_Jr_robot/install/nav2_msgs/share/nav2_msgs/cmake)
[3.025s] -- Found nav2_util: 1.0.12 (/home/snake/Emmanuel_Jr_robot/install/nav2_util/share/nav2_util/cmake)
[3.341s] -- Setting build type to Release as none was specified.
[4.034s] -- Found ament_lint_auto: 0.10.7 (/opt/ros/galactic/share/ament_lint_auto/cmake)
[4.161s] -- Found gtest sources under '/opt/ros/galactic/src/gtest_vendor': C++ tests using 'Google Test' will be built
[4.166s] -- Check if compiler accepts -pthread
[4.277s] -- Check if compiler accepts -pthread - yes
[4.295s] -- Added test 'cppcheck' to perform static code analysis on C / C++ code
[4.296s] -- Configured cppcheck include dirs: /home/snake/Emmanuel_Jr_robot/src/navigation2/nav2_dwb_controller/nav_2d_utils/include
[4.296s] -- Configured cppcheck exclude dirs and/or files: 
[4.297s] -- Added test 'cpplint' to check C / C++ code against the Google style
[4.298s] -- Configured cpplint exclude dirs and/or files: 
[4.299s] -- Added test 'lint_cmake' to check CMake code style
[4.300s] -- Added test 'uncrustify' to check C / C++ code style
[4.301s] -- Configured uncrustify additional arguments: 
[4.301s] -- Added test 'xmllint' to check XML markup files
[4.310s] -- Configuring done
[4.509s] -- Generating done
[4.512s] -- Build files have been written to: /home/snake/Emmanuel_Jr_robot/build/nav_2d_utils
[4.529s] Invoked command in '/home/snake/Emmanuel_Jr_robot/build/nav_2d_utils' returned '0': AMENT_PREFIX_PATH=/home/snake/Emmanuel_Jr_robot/install/nav2_util:/home/snake/Emmanuel_Jr_robot/install/nav2_msgs:/home/snake/Emmanuel_Jr_robot/install/nav_2d_msgs:/home/snake/Emmanuel_Jr_robot/install/nav2_common:${AMENT_PREFIX_PATH} CMAKE_PREFIX_PATH=/home/snake/Emmanuel_Jr_robot/install/nav2_util:/home/snake/Emmanuel_Jr_robot/install/nav2_msgs:/home/snake/Emmanuel_Jr_robot/install/nav_2d_msgs:/home/snake/Emmanuel_Jr_robot/install/nav2_common:/opt/ros/galactic LD_LIBRARY_PATH=/home/snake/Emmanuel_Jr_robot/install/nav2_util/lib:/home/snake/Emmanuel_Jr_robot/install/nav2_msgs/lib:/home/snake/Emmanuel_Jr_robot/install/nav_2d_msgs/lib:${LD_LIBRARY_PATH} PYTHONPATH=/home/snake/Emmanuel_Jr_robot/install/nav2_msgs/lib/python3.8/site-packages:/home/snake/Emmanuel_Jr_robot/install/nav_2d_msgs/lib/python3.8/site-packages:/home/snake/Emmanuel_Jr_robot/install/nav2_common/lib/python3.8/site-packages:${PYTHONPATH} /usr/bin/cmake /home/snake/Emmanuel_Jr_robot/src/navigation2/nav2_dwb_controller/nav_2d_utils -DAMENT_CMAKE_SYMLINK_INSTALL=1 -DCMAKE_INSTALL_PREFIX=/home/snake/Emmanuel_Jr_robot/install/nav_2d_utils
[4.531s] Invoking command in '/home/snake/Emmanuel_Jr_robot/build/nav_2d_utils': AMENT_PREFIX_PATH=/home/snake/Emmanuel_Jr_robot/install/nav2_util:/home/snake/Emmanuel_Jr_robot/install/nav2_msgs:/home/snake/Emmanuel_Jr_robot/install/nav_2d_msgs:/home/snake/Emmanuel_Jr_robot/install/nav2_common:${AMENT_PREFIX_PATH} CMAKE_PREFIX_PATH=/home/snake/Emmanuel_Jr_robot/install/nav2_util:/home/snake/Emmanuel_Jr_robot/install/nav2_msgs:/home/snake/Emmanuel_Jr_robot/install/nav_2d_msgs:/home/snake/Emmanuel_Jr_robot/install/nav2_common:/opt/ros/galactic LD_LIBRARY_PATH=/home/snake/Emmanuel_Jr_robot/install/nav2_util/lib:/home/snake/Emmanuel_Jr_robot/install/nav2_msgs/lib:/home/snake/Emmanuel_Jr_robot/install/nav_2d_msgs/lib:${LD_LIBRARY_PATH} PYTHONPATH=/home/snake/Emmanuel_Jr_robot/install/nav2_msgs/lib/python3.8/site-packages:/home/snake/Emmanuel_Jr_robot/install/nav_2d_msgs/lib/python3.8/site-packages:/home/snake/Emmanuel_Jr_robot/install/nav2_common/lib/python3.8/site-packages:${PYTHONPATH} /usr/bin/cmake --build /home/snake/Emmanuel_Jr_robot/build/nav_2d_utils -- -j2 -l2
[4.591s] [35m[1mScanning dependencies of target conversions[0m
[4.604s] [35m[1mScanning dependencies of target path_ops[0m
[4.654s] [  6%] [32mBuilding CXX object CMakeFiles/path_ops.dir/src/path_ops.cpp.o[0m
[4.672s] [ 12%] [32mBuilding CXX object CMakeFiles/conversions.dir/src/conversions.cpp.o[0m
[6.126s] [ 18%] [32m[1mLinking CXX shared library libpath_ops.so[0m
[6.717s] [ 18%] Built target path_ops
[6.768s] [35m[1mScanning dependencies of target gtest[0m
[6.880s] [ 25%] [32mBuilding CXX object gtest/CMakeFiles/gtest.dir/src/gtest-all.cc.o[0m
[10.635s] [ 31%] [32m[1mLinking CXX shared library libconversions.so[0m
[10.961s] [ 31%] Built target conversions
[11.011s] [35m[1mScanning dependencies of target gtest_main[0m
[11.065s] [ 37%] [32mBuilding CXX object gtest/CMakeFiles/gtest_main.dir/src/gtest_main.cc.o[0m
[13.180s] [ 43%] [32m[1mLinking CXX static library libgtest_main.a[0m
[13.307s] [ 43%] Built target gtest_main
[18.671s] [ 50%] [32m[1mLinking CXX static library libgtest.a[0m
[18.782s] [ 50%] Built target gtest
[18.799s] [35m[1mScanning dependencies of target tf_help[0m
[18.859s] [ 56%] [32mBuilding CXX object CMakeFiles/tf_help.dir/src/tf_help.cpp.o[0m
[22.408s] [ 62%] [32m[1mLinking CXX shared library libtf_help.so[0m
[22.622s] [ 62%] Built target tf_help
[22.636s] [35m[1mScanning dependencies of target path_ops_tests[0m
[22.659s] [ 68%] [32mBuilding CXX object test/CMakeFiles/path_ops_tests.dir/path_ops_test.cpp.o[0m
[24.517s] [ 75%] [32m[1mLinking CXX executable path_ops_tests[0m
[24.723s] [ 75%] Built target path_ops_tests
[24.738s] [35m[1mScanning dependencies of target 2d_utils_tests[0m
[24.799s] [ 81%] [32mBuilding CXX object test/CMakeFiles/2d_utils_tests.dir/2d_utils_test.cpp.o[0m
[29.603s] [ 87%] [32m[1mLinking CXX executable 2d_utils_tests[0m
[29.826s] [ 87%] Built target 2d_utils_tests
[29.839s] [35m[1mScanning dependencies of target tf_help_tests[0m
[29.901s] [ 93%] [32mBuilding CXX object test/CMakeFiles/tf_help_tests.dir/tf_help_test.cpp.o[0m
[34.699s] [100%] [32m[1mLinking CXX executable tf_help_tests[0m
[34.958s] [100%] Built target tf_help_tests
[34.976s] Invoked command in '/home/snake/Emmanuel_Jr_robot/build/nav_2d_utils' returned '0': AMENT_PREFIX_PATH=/home/snake/Emmanuel_Jr_robot/install/nav2_util:/home/snake/Emmanuel_Jr_robot/install/nav2_msgs:/home/snake/Emmanuel_Jr_robot/install/nav_2d_msgs:/home/snake/Emmanuel_Jr_robot/install/nav2_common:${AMENT_PREFIX_PATH} CMAKE_PREFIX_PATH=/home/snake/Emmanuel_Jr_robot/install/nav2_util:/home/snake/Emmanuel_Jr_robot/install/nav2_msgs:/home/snake/Emmanuel_Jr_robot/install/nav_2d_msgs:/home/snake/Emmanuel_Jr_robot/install/nav2_common:/opt/ros/galactic LD_LIBRARY_PATH=/home/snake/Emmanuel_Jr_robot/install/nav2_util/lib:/home/snake/Emmanuel_Jr_robot/install/nav2_msgs/lib:/home/snake/Emmanuel_Jr_robot/install/nav_2d_msgs/lib:${LD_LIBRARY_PATH} PYTHONPATH=/home/snake/Emmanuel_Jr_robot/install/nav2_msgs/lib/python3.8/site-packages:/home/snake/Emmanuel_Jr_robot/install/nav_2d_msgs/lib/python3.8/site-packages:/home/snake/Emmanuel_Jr_robot/install/nav2_common/lib/python3.8/site-packages:${PYTHONPATH} /usr/bin/cmake --build /home/snake/Emmanuel_Jr_robot/build/nav_2d_utils -- -j2 -l2
[35.018s] Invoking command in '/home/snake/Emmanuel_Jr_robot/build/nav_2d_utils': AMENT_PREFIX_PATH=/home/snake/Emmanuel_Jr_robot/install/nav2_util:/home/snake/Emmanuel_Jr_robot/install/nav2_msgs:/home/snake/Emmanuel_Jr_robot/install/nav_2d_msgs:/home/snake/Emmanuel_Jr_robot/install/nav2_common:${AMENT_PREFIX_PATH} CMAKE_PREFIX_PATH=/home/snake/Emmanuel_Jr_robot/install/nav2_util:/home/snake/Emmanuel_Jr_robot/install/nav2_msgs:/home/snake/Emmanuel_Jr_robot/install/nav_2d_msgs:/home/snake/Emmanuel_Jr_robot/install/nav2_common:/opt/ros/galactic LD_LIBRARY_PATH=/home/snake/Emmanuel_Jr_robot/install/nav2_util/lib:/home/snake/Emmanuel_Jr_robot/install/nav2_msgs/lib:/home/snake/Emmanuel_Jr_robot/install/nav_2d_msgs/lib:${LD_LIBRARY_PATH} PYTHONPATH=/home/snake/Emmanuel_Jr_robot/install/nav2_msgs/lib/python3.8/site-packages:/home/snake/Emmanuel_Jr_robot/install/nav_2d_msgs/lib/python3.8/site-packages:/home/snake/Emmanuel_Jr_robot/install/nav2_common/lib/python3.8/site-packages:${PYTHONPATH} /usr/bin/cmake --install /home/snake/Emmanuel_Jr_robot/build/nav_2d_utils
[35.029s] -- Install configuration: "Release"
[35.030s] -- Execute custom install script
[35.030s] -- Symlinking: /home/snake/Emmanuel_Jr_robot/install/nav_2d_utils/lib/libconversions.so
[35.043s] -- Symlinking: /home/snake/Emmanuel_Jr_robot/install/nav_2d_utils/lib/libpath_ops.so
[35.055s] -- Symlinking: /home/snake/Emmanuel_Jr_robot/install/nav_2d_utils/lib/libtf_help.so
[35.068s] -- Symlinking: /home/snake/Emmanuel_Jr_robot/install/nav_2d_utils/include//nav_2d_utils/conversions.hpp
[35.080s] -- Symlinking: /home/snake/Emmanuel_Jr_robot/install/nav_2d_utils/include//nav_2d_utils/odom_subscriber.hpp
[35.092s] -- Symlinking: /home/snake/Emmanuel_Jr_robot/install/nav_2d_utils/include//nav_2d_utils/parameters.hpp
[35.104s] -- Symlinking: /home/snake/Emmanuel_Jr_robot/install/nav_2d_utils/include//nav_2d_utils/path_ops.hpp
[35.117s] -- Symlinking: /home/snake/Emmanuel_Jr_robot/install/nav_2d_utils/include//nav_2d_utils/tf_help.hpp
[35.130s] -- Symlinking: /home/snake/Emmanuel_Jr_robot/install/nav_2d_utils/share/nav_2d_utils/environment/library_path.sh
[35.141s] -- Symlinking: /home/snake/Emmanuel_Jr_robot/install/nav_2d_utils/share/nav_2d_utils/environment/library_path.dsv
[35.154s] -- Symlinking: /home/snake/Emmanuel_Jr_robot/install/nav_2d_utils/share/ament_index/resource_index/package_run_dependencies/nav_2d_utils
[35.165s] -- Symlinking: /home/snake/Emmanuel_Jr_robot/install/nav_2d_utils/share/ament_index/resource_index/parent_prefix_path/nav_2d_utils
[35.177s] -- Symlinking: /home/snake/Emmanuel_Jr_robot/install/nav_2d_utils/share/nav_2d_utils/environment/ament_prefix_path.sh
[35.189s] -- Symlinking: /home/snake/Emmanuel_Jr_robot/install/nav_2d_utils/share/nav_2d_utils/environment/ament_prefix_path.dsv
[35.202s] -- Symlinking: /home/snake/Emmanuel_Jr_robot/install/nav_2d_utils/share/nav_2d_utils/environment/path.sh
[35.215s] -- Symlinking: /home/snake/Emmanuel_Jr_robot/install/nav_2d_utils/share/nav_2d_utils/environment/path.dsv
[35.229s] -- Symlinking: /home/snake/Emmanuel_Jr_robot/install/nav_2d_utils/share/nav_2d_utils/local_setup.bash
[35.242s] -- Symlinking: /home/snake/Emmanuel_Jr_robot/install/nav_2d_utils/share/nav_2d_utils/local_setup.sh
[35.330s] -- Symlinking: /home/snake/Emmanuel_Jr_robot/install/nav_2d_utils/share/nav_2d_utils/local_setup.zsh
[35.342s] -- Symlinking: /home/snake/Emmanuel_Jr_robot/install/nav_2d_utils/share/nav_2d_utils/local_setup.dsv
[35.358s] -- Symlinking: /home/snake/Emmanuel_Jr_robot/install/nav_2d_utils/share/nav_2d_utils/package.dsv
[35.372s] -- Symlinking: /home/snake/Emmanuel_Jr_robot/install/nav_2d_utils/share/ament_index/resource_index/packages/nav_2d_utils
[35.385s] -- Symlinking: /home/snake/Emmanuel_Jr_robot/install/nav_2d_utils/share/nav_2d_utils/cmake/ament_cmake_export_include_directories-extras.cmake
[35.398s] -- Symlinking: /home/snake/Emmanuel_Jr_robot/install/nav_2d_utils/share/nav_2d_utils/cmake/ament_cmake_export_libraries-extras.cmake
[35.416s] -- Symlinking: /home/snake/Emmanuel_Jr_robot/install/nav_2d_utils/share/nav_2d_utils/cmake/ament_cmake_export_dependencies-extras.cmake
[35.428s] -- Symlinking: /home/snake/Emmanuel_Jr_robot/install/nav_2d_utils/share/nav_2d_utils/cmake/nav_2d_utilsConfig.cmake
[35.440s] -- Symlinking: /home/snake/Emmanuel_Jr_robot/install/nav_2d_utils/share/nav_2d_utils/cmake/nav_2d_utilsConfig-version.cmake
[35.453s] -- Symlinking: /home/snake/Emmanuel_Jr_robot/install/nav_2d_utils/share/nav_2d_utils/package.xml
[35.472s] Invoked command in '/home/snake/Emmanuel_Jr_robot/build/nav_2d_utils' returned '0': AMENT_PREFIX_PATH=/home/snake/Emmanuel_Jr_robot/install/nav2_util:/home/snake/Emmanuel_Jr_robot/install/nav2_msgs:/home/snake/Emmanuel_Jr_robot/install/nav_2d_msgs:/home/snake/Emmanuel_Jr_robot/install/nav2_common:${AMENT_PREFIX_PATH} CMAKE_PREFIX_PATH=/home/snake/Emmanuel_Jr_robot/install/nav2_util:/home/snake/Emmanuel_Jr_robot/install/nav2_msgs:/home/snake/Emmanuel_Jr_robot/install/nav_2d_msgs:/home/snake/Emmanuel_Jr_robot/install/nav2_common:/opt/ros/galactic LD_LIBRARY_PATH=/home/snake/Emmanuel_Jr_robot/install/nav2_util/lib:/home/snake/Emmanuel_Jr_robot/install/nav2_msgs/lib:/home/snake/Emmanuel_Jr_robot/install/nav_2d_msgs/lib:${LD_LIBRARY_PATH} PYTHONPATH=/home/snake/Emmanuel_Jr_robot/install/nav2_msgs/lib/python3.8/site-packages:/home/snake/Emmanuel_Jr_robot/install/nav_2d_msgs/lib/python3.8/site-packages:/home/snake/Emmanuel_Jr_robot/install/nav2_common/lib/python3.8/site-packages:${PYTHONPATH} /usr/bin/cmake --install /home/snake/Emmanuel_Jr_robot/build/nav_2d_utils
