-- The C compiler identification is GNU 9.4.0
-- The CXX compiler identification is GNU 9.4.0
-- Check for working C compiler: /usr/bin/cc
-- Check for working C compiler: /usr/bin/cc -- works
-- Detecting C compiler ABI info
-- Detecting C compiler ABI info - done
-- Detecting C compile features
-- Detecting C compile features - done
-- Check for working CXX compiler: /usr/bin/c++
-- Check for working CXX compiler: /usr/bin/c++ -- works
-- Detecting CXX compiler ABI info
-- Detecting CXX compiler ABI info - done
-- Detecting CXX compile features
-- Detecting CXX compile features - done
-- Found ament_cmake: 1.1.5 (/opt/ros/galactic/share/ament_cmake/cmake)
-- Found PythonInterp: /usr/bin/python3 (found suitable version "3.8.10", minimum required is "3") 
-- Using PYTHON_EXECUTABLE: /usr/bin/python3
-- Found rclpy: 1.9.1 (/opt/ros/galactic/share/rclpy/cmake)
-- Configuring done
-- Generating done
-- Build files have been written to: /home/rex/Emmanuel_Jr_robot/build/linorobot2_gazebo
[35m[1mScanning dependencies of target ament_cmake_python_copy_scripts[0m
Built target ament_cmake_python_copy_scripts
[35m[1mScanning dependencies of target ament_cmake_python_build_scripts_egg[0m
running egg_info
creating scripts.egg-info
writing scripts.egg-info/PKG-INFO
writing dependency_links to scripts.egg-info/dependency_links.txt
writing top-level names to scripts.egg-info/top_level.txt
writing manifest file 'scripts.egg-info/SOURCES.txt'
reading manifest file 'scripts.egg-info/SOURCES.txt'
writing manifest file 'scripts.egg-info/SOURCES.txt'
Built target ament_cmake_python_build_scripts_egg
-- Install configuration: ""
-- Installing: /home/rex/Emmanuel_Jr_robot/install/linorobot2_gazebo/share/linorobot2_gazebo/environment/pythonpath.sh
-- Installing: /home/rex/Emmanuel_Jr_robot/install/linorobot2_gazebo/share/linorobot2_gazebo/environment/pythonpath.dsv
-- Installing: /home/rex/Emmanuel_Jr_robot/install/linorobot2_gazebo/lib/python3.8/site-packages//scripts.egg-info
-- Installing: /home/rex/Emmanuel_Jr_robot/install/linorobot2_gazebo/lib/python3.8/site-packages//scripts.egg-info/top_level.txt
-- Installing: /home/rex/Emmanuel_Jr_robot/install/linorobot2_gazebo/lib/python3.8/site-packages//scripts.egg-info/SOURCES.txt
-- Installing: /home/rex/Emmanuel_Jr_robot/install/linorobot2_gazebo/lib/python3.8/site-packages//scripts.egg-info/PKG-INFO
-- Installing: /home/rex/Emmanuel_Jr_robot/install/linorobot2_gazebo/lib/python3.8/site-packages//scripts.egg-info/dependency_links.txt
-- Installing: /home/rex/Emmanuel_Jr_robot/install/linorobot2_gazebo/lib/python3.8/site-packages/scripts
-- Installing: /home/rex/Emmanuel_Jr_robot/install/linorobot2_gazebo/lib/python3.8/site-packages/scripts/command_timeout.py
-- Installing: /home/rex/Emmanuel_Jr_robot/install/linorobot2_gazebo/lib/python3.8/site-packages/scripts/__init__.py
Listing '/home/rex/Emmanuel_Jr_robot/install/linorobot2_gazebo/lib/python3.8/site-packages/scripts'...
Compiling '/home/rex/Emmanuel_Jr_robot/install/linorobot2_gazebo/lib/python3.8/site-packages/scripts/__init__.py'...
Compiling '/home/rex/Emmanuel_Jr_robot/install/linorobot2_gazebo/lib/python3.8/site-packages/scripts/command_timeout.py'...
-- Installing: /home/rex/Emmanuel_Jr_robot/install/linorobot2_gazebo/share/linorobot2_gazebo/launch
-- Installing: /home/rex/Emmanuel_Jr_robot/install/linorobot2_gazebo/share/linorobot2_gazebo/launch/gazebo.launch.py
-- Installing: /home/rex/Emmanuel_Jr_robot/install/linorobot2_gazebo/share/linorobot2_gazebo/rviz
-- Installing: /home/rex/Emmanuel_Jr_robot/install/linorobot2_gazebo/share/linorobot2_gazebo/rviz/view_urdf.rviz
-- Installing: /home/rex/Emmanuel_Jr_robot/install/linorobot2_gazebo/share/linorobot2_gazebo/worlds
-- Installing: /home/rex/Emmanuel_Jr_robot/install/linorobot2_gazebo/share/linorobot2_gazebo/worlds/playground.world
-- Installing: /home/rex/Emmanuel_Jr_robot/install/linorobot2_gazebo/share/linorobot2_gazebo/worlds/gas_station.world
-- Installing: /home/rex/Emmanuel_Jr_robot/install/linorobot2_gazebo/lib/linorobot2_gazebo/command_timeout.py
-- Installing: /home/rex/Emmanuel_Jr_robot/install/linorobot2_gazebo/share/ament_index/resource_index/package_run_dependencies/linorobot2_gazebo
-- Installing: /home/rex/Emmanuel_Jr_robot/install/linorobot2_gazebo/share/ament_index/resource_index/parent_prefix_path/linorobot2_gazebo
-- Installing: /home/rex/Emmanuel_Jr_robot/install/linorobot2_gazebo/share/linorobot2_gazebo/environment/ament_prefix_path.sh
-- Installing: /home/rex/Emmanuel_Jr_robot/install/linorobot2_gazebo/share/linorobot2_gazebo/environment/ament_prefix_path.dsv
-- Installing: /home/rex/Emmanuel_Jr_robot/install/linorobot2_gazebo/share/linorobot2_gazebo/environment/path.sh
-- Installing: /home/rex/Emmanuel_Jr_robot/install/linorobot2_gazebo/share/linorobot2_gazebo/environment/path.dsv
-- Installing: /home/rex/Emmanuel_Jr_robot/install/linorobot2_gazebo/share/linorobot2_gazebo/local_setup.bash
-- Installing: /home/rex/Emmanuel_Jr_robot/install/linorobot2_gazebo/share/linorobot2_gazebo/local_setup.sh
-- Installing: /home/rex/Emmanuel_Jr_robot/install/linorobot2_gazebo/share/linorobot2_gazebo/local_setup.zsh
-- Installing: /home/rex/Emmanuel_Jr_robot/install/linorobot2_gazebo/share/linorobot2_gazebo/local_setup.dsv
-- Installing: /home/rex/Emmanuel_Jr_robot/install/linorobot2_gazebo/share/linorobot2_gazebo/package.dsv
-- Installing: /home/rex/Emmanuel_Jr_robot/install/linorobot2_gazebo/share/ament_index/resource_index/packages/linorobot2_gazebo
-- Installing: /home/rex/Emmanuel_Jr_robot/install/linorobot2_gazebo/share/linorobot2_gazebo/cmake/linorobot2_gazeboConfig.cmake
-- Installing: /home/rex/Emmanuel_Jr_robot/install/linorobot2_gazebo/share/linorobot2_gazebo/cmake/linorobot2_gazeboConfig-version.cmake
-- Installing: /home/rex/Emmanuel_Jr_robot/install/linorobot2_gazebo/share/linorobot2_gazebo/package.xml
