[0.038s] Invoking command in '/home/rex/Emmanuel_Jr_robot/build/linorobot2_gazebo': CMAKE_PREFIX_PATH=${CMAKE_PREFIX_PATH}:/home/rex/Emmanuel_Jr_robot/install/nav2_simple_commander:/home/rex/Emmanuel_Jr_robot/install/nav2_gazebo_spawner:/home/rex/Emmanuel_Jr_robot/install/emmanuelJr:/home/rex/Emmanuel_Jr_robot/install/emmanuel:/opt/ros/galactic /usr/bin/cmake --build /home/rex/Emmanuel_Jr_robot/build/linorobot2_gazebo -- -j2 -l2
[0.138s] Built target ament_cmake_python_copy_scripts
[0.382s] running egg_info
[0.382s] writing scripts.egg-info/PKG-INFO
[0.384s] writing dependency_links to scripts.egg-info/dependency_links.txt
[0.384s] writing top-level names to scripts.egg-info/top_level.txt
[0.415s] reading manifest file 'scripts.egg-info/SOURCES.txt'
[0.416s] writing manifest file 'scripts.egg-info/SOURCES.txt'
[0.444s] Built target ament_cmake_python_build_scripts_egg
[0.458s] Invoked command in '/home/rex/Emmanuel_Jr_robot/build/linorobot2_gazebo' returned '0': CMAKE_PREFIX_PATH=${CMAKE_PREFIX_PATH}:/home/rex/Emmanuel_Jr_robot/install/nav2_simple_commander:/home/rex/Emmanuel_Jr_robot/install/nav2_gazebo_spawner:/home/rex/Emmanuel_Jr_robot/install/emmanuelJr:/home/rex/Emmanuel_Jr_robot/install/emmanuel:/opt/ros/galactic /usr/bin/cmake --build /home/rex/Emmanuel_Jr_robot/build/linorobot2_gazebo -- -j2 -l2
[0.493s] Invoking command in '/home/rex/Emmanuel_Jr_robot/build/linorobot2_gazebo': CMAKE_PREFIX_PATH=${CMAKE_PREFIX_PATH}:/home/rex/Emmanuel_Jr_robot/install/nav2_simple_commander:/home/rex/Emmanuel_Jr_robot/install/nav2_gazebo_spawner:/home/rex/Emmanuel_Jr_robot/install/emmanuelJr:/home/rex/Emmanuel_Jr_robot/install/emmanuel:/opt/ros/galactic /usr/bin/cmake --install /home/rex/Emmanuel_Jr_robot/build/linorobot2_gazebo
[0.507s] -- Install configuration: ""
[0.507s] -- Up-to-date: /home/rex/Emmanuel_Jr_robot/install/linorobot2_gazebo/share/linorobot2_gazebo/environment/pythonpath.sh
[0.507s] -- Up-to-date: /home/rex/Emmanuel_Jr_robot/install/linorobot2_gazebo/share/linorobot2_gazebo/environment/pythonpath.dsv
[0.507s] -- Up-to-date: /home/rex/Emmanuel_Jr_robot/install/linorobot2_gazebo/lib/python3.8/site-packages//scripts.egg-info
[0.508s] -- Installing: /home/rex/Emmanuel_Jr_robot/install/linorobot2_gazebo/lib/python3.8/site-packages//scripts.egg-info/top_level.txt
[0.508s] -- Installing: /home/rex/Emmanuel_Jr_robot/install/linorobot2_gazebo/lib/python3.8/site-packages//scripts.egg-info/SOURCES.txt
[0.508s] -- Installing: /home/rex/Emmanuel_Jr_robot/install/linorobot2_gazebo/lib/python3.8/site-packages//scripts.egg-info/PKG-INFO
[0.508s] -- Installing: /home/rex/Emmanuel_Jr_robot/install/linorobot2_gazebo/lib/python3.8/site-packages//scripts.egg-info/dependency_links.txt
[0.509s] -- Up-to-date: /home/rex/Emmanuel_Jr_robot/install/linorobot2_gazebo/lib/python3.8/site-packages/scripts
[0.509s] -- Up-to-date: /home/rex/Emmanuel_Jr_robot/install/linorobot2_gazebo/lib/python3.8/site-packages/scripts/command_timeout.py
[0.509s] -- Up-to-date: /home/rex/Emmanuel_Jr_robot/install/linorobot2_gazebo/lib/python3.8/site-packages/scripts/__init__.py
[0.542s] Listing '/home/rex/Emmanuel_Jr_robot/install/linorobot2_gazebo/lib/python3.8/site-packages/scripts'...
[0.546s] -- Up-to-date: /home/rex/Emmanuel_Jr_robot/install/linorobot2_gazebo/share/linorobot2_gazebo/launch
[0.547s] -- Up-to-date: /home/rex/Emmanuel_Jr_robot/install/linorobot2_gazebo/share/linorobot2_gazebo/launch/gazebo.launch.py
[0.547s] -- Up-to-date: /home/rex/Emmanuel_Jr_robot/install/linorobot2_gazebo/share/linorobot2_gazebo/rviz
[0.547s] -- Up-to-date: /home/rex/Emmanuel_Jr_robot/install/linorobot2_gazebo/share/linorobot2_gazebo/rviz/view_urdf.rviz
[0.547s] -- Up-to-date: /home/rex/Emmanuel_Jr_robot/install/linorobot2_gazebo/share/linorobot2_gazebo/worlds
[0.548s] -- Up-to-date: /home/rex/Emmanuel_Jr_robot/install/linorobot2_gazebo/share/linorobot2_gazebo/worlds/playground.world
[0.548s] -- Up-to-date: /home/rex/Emmanuel_Jr_robot/install/linorobot2_gazebo/share/linorobot2_gazebo/worlds/gas_station.world
[0.548s] -- Up-to-date: /home/rex/Emmanuel_Jr_robot/install/linorobot2_gazebo/lib/linorobot2_gazebo/command_timeout.py
[0.549s] -- Up-to-date: /home/rex/Emmanuel_Jr_robot/install/linorobot2_gazebo/share/ament_index/resource_index/package_run_dependencies/linorobot2_gazebo
[0.549s] -- Up-to-date: /home/rex/Emmanuel_Jr_robot/install/linorobot2_gazebo/share/ament_index/resource_index/parent_prefix_path/linorobot2_gazebo
[0.549s] -- Up-to-date: /home/rex/Emmanuel_Jr_robot/install/linorobot2_gazebo/share/linorobot2_gazebo/environment/ament_prefix_path.sh
[0.549s] -- Up-to-date: /home/rex/Emmanuel_Jr_robot/install/linorobot2_gazebo/share/linorobot2_gazebo/environment/ament_prefix_path.dsv
[0.549s] -- Up-to-date: /home/rex/Emmanuel_Jr_robot/install/linorobot2_gazebo/share/linorobot2_gazebo/environment/path.sh
[0.550s] -- Up-to-date: /home/rex/Emmanuel_Jr_robot/install/linorobot2_gazebo/share/linorobot2_gazebo/environment/path.dsv
[0.550s] -- Up-to-date: /home/rex/Emmanuel_Jr_robot/install/linorobot2_gazebo/share/linorobot2_gazebo/local_setup.bash
[0.550s] -- Up-to-date: /home/rex/Emmanuel_Jr_robot/install/linorobot2_gazebo/share/linorobot2_gazebo/local_setup.sh
[0.550s] -- Up-to-date: /home/rex/Emmanuel_Jr_robot/install/linorobot2_gazebo/share/linorobot2_gazebo/local_setup.zsh
[0.550s] -- Up-to-date: /home/rex/Emmanuel_Jr_robot/install/linorobot2_gazebo/share/linorobot2_gazebo/local_setup.dsv
[0.550s] -- Up-to-date: /home/rex/Emmanuel_Jr_robot/install/linorobot2_gazebo/share/linorobot2_gazebo/package.dsv
[0.550s] -- Up-to-date: /home/rex/Emmanuel_Jr_robot/install/linorobot2_gazebo/share/ament_index/resource_index/packages/linorobot2_gazebo
[0.557s] -- Up-to-date: /home/rex/Emmanuel_Jr_robot/install/linorobot2_gazebo/share/linorobot2_gazebo/cmake/linorobot2_gazeboConfig.cmake
[0.558s] -- Up-to-date: /home/rex/Emmanuel_Jr_robot/install/linorobot2_gazebo/share/linorobot2_gazebo/cmake/linorobot2_gazeboConfig-version.cmake
[0.558s] -- Up-to-date: /home/rex/Emmanuel_Jr_robot/install/linorobot2_gazebo/share/linorobot2_gazebo/package.xml
[0.558s] Invoked command in '/home/rex/Emmanuel_Jr_robot/build/linorobot2_gazebo' returned '0': CMAKE_PREFIX_PATH=${CMAKE_PREFIX_PATH}:/home/rex/Emmanuel_Jr_robot/install/nav2_simple_commander:/home/rex/Emmanuel_Jr_robot/install/nav2_gazebo_spawner:/home/rex/Emmanuel_Jr_robot/install/emmanuelJr:/home/rex/Emmanuel_Jr_robot/install/emmanuel:/opt/ros/galactic /usr/bin/cmake --install /home/rex/Emmanuel_Jr_robot/build/linorobot2_gazebo
