[0.037s] Invoking command in '/home/rex/Emmanuel_Jr_robot/build/linorobot2_navigation': CMAKE_PREFIX_PATH=${CMAKE_PREFIX_PATH}:/home/rex/Emmanuel_Jr_robot/install/nav2_simple_commander:/home/rex/Emmanuel_Jr_robot/install/nav2_gazebo_spawner:/home/rex/Emmanuel_Jr_robot/install/emmanuelJr:/home/rex/Emmanuel_Jr_robot/install/emmanuel:/opt/ros/galactic /usr/bin/cmake --build /home/rex/Emmanuel_Jr_robot/build/linorobot2_navigation -- -j2 -l2
[0.098s] Invoked command in '/home/rex/Emmanuel_Jr_robot/build/linorobot2_navigation' returned '0': CMAKE_PREFIX_PATH=${CMAKE_PREFIX_PATH}:/home/rex/Emmanuel_Jr_robot/install/nav2_simple_commander:/home/rex/Emmanuel_Jr_robot/install/nav2_gazebo_spawner:/home/rex/Emmanuel_Jr_robot/install/emmanuelJr:/home/rex/Emmanuel_Jr_robot/install/emmanuel:/opt/ros/galactic /usr/bin/cmake --build /home/rex/Emmanuel_Jr_robot/build/linorobot2_navigation -- -j2 -l2
[0.130s] Invoking command in '/home/rex/Emmanuel_Jr_robot/build/linorobot2_navigation': CMAKE_PREFIX_PATH=${CMAKE_PREFIX_PATH}:/home/rex/Emmanuel_Jr_robot/install/nav2_simple_commander:/home/rex/Emmanuel_Jr_robot/install/nav2_gazebo_spawner:/home/rex/Emmanuel_Jr_robot/install/emmanuelJr:/home/rex/Emmanuel_Jr_robot/install/emmanuel:/opt/ros/galactic /usr/bin/cmake --install /home/rex/Emmanuel_Jr_robot/build/linorobot2_navigation
[0.140s] -- Install configuration: ""
[0.140s] -- Up-to-date: /home/rex/Emmanuel_Jr_robot/install/linorobot2_navigation/share/linorobot2_navigation/launch
[0.141s] -- Up-to-date: /home/rex/Emmanuel_Jr_robot/install/linorobot2_navigation/share/linorobot2_navigation/launch/navigation.launch.py
[0.141s] -- Up-to-date: /home/rex/Emmanuel_Jr_robot/install/linorobot2_navigation/share/linorobot2_navigation/launch/slam.launch.py
[0.141s] -- Up-to-date: /home/rex/Emmanuel_Jr_robot/install/linorobot2_navigation/share/linorobot2_navigation/rviz
[0.141s] -- Up-to-date: /home/rex/Emmanuel_Jr_robot/install/linorobot2_navigation/share/linorobot2_navigation/rviz/linorobot2_navigation_minimal.rviz
[0.141s] -- Up-to-date: /home/rex/Emmanuel_Jr_robot/install/linorobot2_navigation/share/linorobot2_navigation/rviz/linorobot2_slam.rviz
[0.141s] -- Up-to-date: /home/rex/Emmanuel_Jr_robot/install/linorobot2_navigation/share/linorobot2_navigation/rviz/linorobot2_navigation.rviz
[0.142s] -- Up-to-date: /home/rex/Emmanuel_Jr_robot/install/linorobot2_navigation/share/linorobot2_navigation/config
[0.142s] -- Up-to-date: /home/rex/Emmanuel_Jr_robot/install/linorobot2_navigation/share/linorobot2_navigation/config/slam.yaml
[0.142s] -- Up-to-date: /home/rex/Emmanuel_Jr_robot/install/linorobot2_navigation/share/linorobot2_navigation/config/navigation.yaml
[0.142s] -- Up-to-date: /home/rex/Emmanuel_Jr_robot/install/linorobot2_navigation/share/linorobot2_navigation/maps
[0.142s] -- Up-to-date: /home/rex/Emmanuel_Jr_robot/install/linorobot2_navigation/share/linorobot2_navigation/maps/playground.yaml
[0.142s] -- Up-to-date: /home/rex/Emmanuel_Jr_robot/install/linorobot2_navigation/share/linorobot2_navigation/maps/playground.pgm
[0.142s] -- Up-to-date: /home/rex/Emmanuel_Jr_robot/install/linorobot2_navigation/share/ament_index/resource_index/package_run_dependencies/linorobot2_navigation
[0.143s] -- Up-to-date: /home/rex/Emmanuel_Jr_robot/install/linorobot2_navigation/share/ament_index/resource_index/parent_prefix_path/linorobot2_navigation
[0.143s] -- Up-to-date: /home/rex/Emmanuel_Jr_robot/install/linorobot2_navigation/share/linorobot2_navigation/environment/ament_prefix_path.sh
[0.143s] -- Up-to-date: /home/rex/Emmanuel_Jr_robot/install/linorobot2_navigation/share/linorobot2_navigation/environment/ament_prefix_path.dsv
[0.143s] -- Up-to-date: /home/rex/Emmanuel_Jr_robot/install/linorobot2_navigation/share/linorobot2_navigation/environment/path.sh
[0.143s] -- Up-to-date: /home/rex/Emmanuel_Jr_robot/install/linorobot2_navigation/share/linorobot2_navigation/environment/path.dsv
[0.143s] -- Up-to-date: /home/rex/Emmanuel_Jr_robot/install/linorobot2_navigation/share/linorobot2_navigation/local_setup.bash
[0.143s] -- Up-to-date: /home/rex/Emmanuel_Jr_robot/install/linorobot2_navigation/share/linorobot2_navigation/local_setup.sh
[0.144s] -- Up-to-date: /home/rex/Emmanuel_Jr_robot/install/linorobot2_navigation/share/linorobot2_navigation/local_setup.zsh
[0.144s] -- Up-to-date: /home/rex/Emmanuel_Jr_robot/install/linorobot2_navigation/share/linorobot2_navigation/local_setup.dsv
[0.144s] -- Up-to-date: /home/rex/Emmanuel_Jr_robot/install/linorobot2_navigation/share/linorobot2_navigation/package.dsv
[0.144s] -- Up-to-date: /home/rex/Emmanuel_Jr_robot/install/linorobot2_navigation/share/ament_index/resource_index/packages/linorobot2_navigation
[0.144s] -- Up-to-date: /home/rex/Emmanuel_Jr_robot/install/linorobot2_navigation/share/linorobot2_navigation/cmake/linorobot2_navigationConfig.cmake
[0.144s] -- Up-to-date: /home/rex/Emmanuel_Jr_robot/install/linorobot2_navigation/share/linorobot2_navigation/cmake/linorobot2_navigationConfig-version.cmake
[0.144s] -- Up-to-date: /home/rex/Emmanuel_Jr_robot/install/linorobot2_navigation/share/linorobot2_navigation/package.xml
[0.150s] Invoked command in '/home/rex/Emmanuel_Jr_robot/build/linorobot2_navigation' returned '0': CMAKE_PREFIX_PATH=${CMAKE_PREFIX_PATH}:/home/rex/Emmanuel_Jr_robot/install/nav2_simple_commander:/home/rex/Emmanuel_Jr_robot/install/nav2_gazebo_spawner:/home/rex/Emmanuel_Jr_robot/install/emmanuelJr:/home/rex/Emmanuel_Jr_robot/install/emmanuel:/opt/ros/galactic /usr/bin/cmake --install /home/rex/Emmanuel_Jr_robot/build/linorobot2_navigation
