-- Found ament_cmake: 1.1.5 (/opt/ros/galactic/share/ament_cmake/cmake)
-- Using PYTHON_EXECUTABLE: /usr/bin/python3
-- Override CMake install command with custom implementation using symlinks instead of copying resources
-- Found nav2_common: 1.0.12 (/home/snake/Emmanuel_Jr_robot/install/nav2_common/share/nav2_common/cmake)
-- Found rclcpp: 9.2.1 (/opt/ros/galactic/share/rclcpp/cmake)
-- Using all available rosidl_typesupport_c: rosidl_typesupport_fastrtps_c;rosidl_typesupport_introspection_c
-- Found rosidl_adapter: 2.2.2 (/opt/ros/galactic/share/rosidl_adapter/cmake)
-- Using all available rosidl_typesupport_cpp: rosidl_typesupport_fastrtps_cpp;rosidl_typesupport_introspection_cpp
-- Found rmw_implementation_cmake: 3.3.1 (/opt/ros/galactic/share/rmw_implementation_cmake/cmake)
-- Found rmw_cyclonedds_cpp: 0.22.5 (/opt/ros/galactic/share/rmw_cyclonedds_cpp/cmake)
-- Using RMW implementation 'rmw_cyclonedds_cpp' as default
-- Found rclcpp_action: 9.2.1 (/opt/ros/galactic/share/rclcpp_action/cmake)
-- Found rclcpp_lifecycle: 9.2.1 (/opt/ros/galactic/share/rclcpp_lifecycle/cmake)
-- Found geometry_msgs: 2.2.4 (/opt/ros/galactic/share/geometry_msgs/cmake)
-- Found sensor_msgs: 2.2.4 (/opt/ros/galactic/share/sensor_msgs/cmake)
-- Found nav2_msgs: 1.0.12 (/home/snake/Emmanuel_Jr_robot/install/nav2_msgs/share/nav2_msgs/cmake)
-- Found behaviortree_cpp_v3: 3.6.0 (/opt/ros/galactic/share/behaviortree_cpp_v3/cmake)
-- Found tf2_ros: 0.17.3 (/opt/ros/galactic/share/tf2_ros/cmake)
-- Found tf2_geometry_msgs: 0.17.3 (/opt/ros/galactic/share/tf2_geometry_msgs/cmake)
-- Found eigen3_cmake_module: 0.1.1 (/opt/ros/galactic/share/eigen3_cmake_module/cmake)
-- Found std_srvs: 2.2.4 (/opt/ros/galactic/share/std_srvs/cmake)
-- Found nav2_util: 1.0.12 (/home/snake/Emmanuel_Jr_robot/install/nav2_util/share/nav2_util/cmake)
-- Found ament_lint_auto: 0.10.7 (/opt/ros/galactic/share/ament_lint_auto/cmake)
-- Found gtest sources under '/opt/ros/galactic/src/gtest_vendor': C++ tests using 'Google Test' will be built
-- Added test 'copyright' to check source files copyright and LICENSE
-- Added test 'cppcheck' to perform static code analysis on C / C++ code
-- Configured cppcheck include dirs: /home/snake/Emmanuel_Jr_robot/src/navigation2/nav2_behavior_tree/include
-- Configured cppcheck exclude dirs and/or files: 
-- Added test 'cpplint' to check C / C++ code against the Google style
-- Configured cpplint exclude dirs and/or files: 
-- Added test 'lint_cmake' to check CMake code style
-- Added test 'uncrustify' to check C / C++ code style
-- Configured uncrustify additional arguments: 
-- Added test 'xmllint' to check XML markup files
-- Configuring done
-- Generating done
-- Build files have been written to: /home/snake/Emmanuel_Jr_robot/build/nav2_behavior_tree
[  1%] Built target nav2_goal_checker_selector_bt_node
[  2%] Built target nav2_controller_selector_bt_node
[  3%] Built target nav2_planner_selector_bt_node
[  4%] Built target nav2_single_trigger_bt_node
[  5%] Built target nav2_transform_available_condition_bt_node
[  7%] Built target nav2_pipeline_sequence_bt_node
[  8%] Built target nav2_wait_action_bt_node
[  9%] Built target nav2_spin_action_bt_node
[ 10%] Built target nav2_compute_path_through_poses_action_bt_node
[ 12%] Built target nav2_compute_path_to_pose_action_bt_node
[ 13%] Built target nav2_goal_updated_condition_bt_node
[ 14%] Built target nav2_is_stuck_condition_bt_node
[ 15%] Built target nav2_behavior_tree
[ 17%] Built target nav2_goal_updater_node_bt_node
[ 19%] Built target nav2_follow_path_action_bt_node
[ 21%] Built target nav2_goal_reached_condition_bt_node
[ 23%] Built target nav2_round_robin_node_bt_node
[ 25%] Built target nav2_navigate_through_poses_action_bt_node
[ 26%] Built target nav2_remove_passed_goals_action_bt_node
[ 27%] Built target nav2_initial_pose_received_condition_bt_node
[ 29%] Built target nav2_time_expired_condition_bt_node
[ 30%] Built target nav2_distance_traveled_condition_bt_node
[ 32%] Built target nav2_is_battery_low_condition_bt_node
[ 34%] Built target nav2_reinitialize_global_localization_service_bt_node
[ 36%] Built target nav2_rate_controller_bt_node
[ 38%] Built target nav2_distance_controller_bt_node
[ 40%] Built target nav2_clear_costmap_service_bt_node
[ 42%] Built target nav2_speed_controller_bt_node
[ 44%] Built target nav2_truncate_path_action_bt_node
[ 45%] Built target nav2_navigate_to_pose_action_bt_node
[ 47%] Built target nav2_back_up_action_bt_node
[ 48%] Built target nav2_recovery_node_bt_node
[ 49%] Built target gtest
[ 50%] Built target gtest_main
[ 50%] [32mBuilding CXX object test/CMakeFiles/test_bt_conversions.dir/test_bt_conversions.cpp.o[0m
[ 51%] [32m[1mLinking CXX executable test_bt_conversions[0m
[ 51%] Built target test_bt_conversions
[ 52%] [32mBuilding CXX object test/plugins/condition/CMakeFiles/test_condition_distance_traveled.dir/test_distance_traveled.cpp.o[0m
[ 53%] [32m[1mLinking CXX executable test_condition_distance_traveled[0m
[ 53%] Built target test_condition_distance_traveled
[ 54%] [32mBuilding CXX object test/plugins/condition/CMakeFiles/test_condition_time_expired.dir/test_time_expired.cpp.o[0m
[ 55%] [32m[1mLinking CXX executable test_condition_time_expired[0m
[ 55%] Built target test_condition_time_expired
[ 56%] [32mBuilding CXX object test/plugins/condition/CMakeFiles/test_condition_goal_updated.dir/test_goal_updated.cpp.o[0m
[ 57%] [32m[1mLinking CXX executable test_condition_goal_updated[0m
[ 57%] Built target test_condition_goal_updated
[ 57%] [32mBuilding CXX object test/plugins/condition/CMakeFiles/test_condition_initial_pose_received.dir/test_initial_pose_received.cpp.o[0m
[ 58%] [32m[1mLinking CXX executable test_condition_initial_pose_received[0m
[ 58%] Built target test_condition_initial_pose_received
[ 59%] [32mBuilding CXX object test/plugins/condition/CMakeFiles/test_condition_is_battery_low.dir/test_is_battery_low.cpp.o[0m
[ 60%] [32m[1mLinking CXX executable test_condition_is_battery_low[0m
[ 60%] Built target test_condition_is_battery_low
[ 60%] [32mBuilding CXX object test/plugins/condition/CMakeFiles/test_condition_transform_available.dir/test_transform_available.cpp.o[0m
[ 61%] [32m[1mLinking CXX executable test_condition_transform_available[0m
[ 61%] Built target test_condition_transform_available
[ 61%] [32mBuilding CXX object test/plugins/condition/CMakeFiles/test_condition_is_stuck.dir/test_is_stuck.cpp.o[0m
[ 62%] [32m[1mLinking CXX executable test_condition_is_stuck[0m
[ 62%] Built target test_condition_is_stuck
[ 62%] [32mBuilding CXX object test/plugins/condition/CMakeFiles/test_condition_goal_reached.dir/test_goal_reached.cpp.o[0m
[ 63%] [32m[1mLinking CXX executable test_condition_goal_reached[0m
[ 63%] Built target test_condition_goal_reached
[ 63%] [32mBuilding CXX object test/plugins/decorator/CMakeFiles/test_single_trigger_node.dir/test_single_trigger_node.cpp.o[0m
[ 64%] [32m[1mLinking CXX executable test_single_trigger_node[0m
[ 64%] Built target test_single_trigger_node
[ 65%] [32mBuilding CXX object test/plugins/decorator/CMakeFiles/test_goal_updater_node.dir/test_goal_updater_node.cpp.o[0m
[ 66%] [32m[1mLinking CXX executable test_goal_updater_node[0m
[ 66%] Built target test_goal_updater_node
[ 66%] [32mBuilding CXX object test/plugins/decorator/CMakeFiles/test_decorator_rate_controller.dir/test_rate_controller.cpp.o[0m
[ 67%] [32m[1mLinking CXX executable test_decorator_rate_controller[0m
[ 67%] Built target test_decorator_rate_controller
[ 68%] [32mBuilding CXX object test/plugins/decorator/CMakeFiles/test_decorator_speed_controller.dir/test_speed_controller.cpp.o[0m
[ 69%] [32m[1mLinking CXX executable test_decorator_speed_controller[0m
[ 69%] Built target test_decorator_speed_controller
[ 70%] [32mBuilding CXX object test/plugins/decorator/CMakeFiles/test_decorator_distance_controller.dir/test_distance_controller.cpp.o[0m
