[0.070s] Invoking command in '/home/snake/Emmanuel_Jr_robot/build/nav2_behavior_tree': AMENT_PREFIX_PATH=/home/snake/Emmanuel_Jr_robot/install/nav2_util:/home/snake/Emmanuel_Jr_robot/install/nav2_msgs:/home/snake/Emmanuel_Jr_robot/install/nav2_common:${AMENT_PREFIX_PATH} CMAKE_PREFIX_PATH=/home/snake/Emmanuel_Jr_robot/install/nav2_util:/home/snake/Emmanuel_Jr_robot/install/nav2_msgs:/home/snake/Emmanuel_Jr_robot/install/nav2_common:/opt/ros/galactic LD_LIBRARY_PATH=/home/snake/Emmanuel_Jr_robot/install/nav2_util/lib:/home/snake/Emmanuel_Jr_robot/install/nav2_msgs/lib:${LD_LIBRARY_PATH} PYTHONPATH=/home/snake/Emmanuel_Jr_robot/install/nav2_msgs/lib/python3.8/site-packages:/home/snake/Emmanuel_Jr_robot/install/nav2_common/lib/python3.8/site-packages:${PYTHONPATH} /usr/bin/cmake /home/snake/Emmanuel_Jr_robot/src/navigation2/nav2_behavior_tree -DCMAKE_INSTALL_PREFIX=/home/snake/Emmanuel_Jr_robot/install/nav2_behavior_tree
[0.118s] -- Found ament_cmake: 1.1.5 (/opt/ros/galactic/share/ament_cmake/cmake)
[0.156s] -- Using PYTHON_EXECUTABLE: /usr/bin/python3
[0.224s] -- Override CMake install command with custom implementation using symlinks instead of copying resources
[0.238s] -- Found nav2_common: 1.0.12 (/home/snake/Emmanuel_Jr_robot/install/nav2_common/share/nav2_common/cmake)
[0.239s] -- Found rclcpp: 9.2.1 (/opt/ros/galactic/share/rclcpp/cmake)
[0.283s] -- Using all available rosidl_typesupport_c: rosidl_typesupport_fastrtps_c;rosidl_typesupport_introspection_c
[0.287s] -- Found rosidl_adapter: 2.2.2 (/opt/ros/galactic/share/rosidl_adapter/cmake)
[0.411s] -- Using all available rosidl_typesupport_cpp: rosidl_typesupport_fastrtps_cpp;rosidl_typesupport_introspection_cpp
[0.470s] -- Found rmw_implementation_cmake: 3.3.1 (/opt/ros/galactic/share/rmw_implementation_cmake/cmake)
[0.474s] -- Found rmw_cyclonedds_cpp: 0.22.5 (/opt/ros/galactic/share/rmw_cyclonedds_cpp/cmake)
[0.497s] -- Using RMW implementation 'rmw_cyclonedds_cpp' as default
[0.714s] -- Found rclcpp_action: 9.2.1 (/opt/ros/galactic/share/rclcpp_action/cmake)
[0.791s] -- Found rclcpp_lifecycle: 9.2.1 (/opt/ros/galactic/share/rclcpp_lifecycle/cmake)
[0.825s] -- Found geometry_msgs: 2.2.4 (/opt/ros/galactic/share/geometry_msgs/cmake)
[0.860s] -- Found sensor_msgs: 2.2.4 (/opt/ros/galactic/share/sensor_msgs/cmake)
[0.933s] -- Found nav2_msgs: 1.0.12 (/home/snake/Emmanuel_Jr_robot/install/nav2_msgs/share/nav2_msgs/cmake)
[1.228s] -- Found behaviortree_cpp_v3: 3.6.0 (/opt/ros/galactic/share/behaviortree_cpp_v3/cmake)
[1.230s] -- Found tf2_ros: 0.17.3 (/opt/ros/galactic/share/tf2_ros/cmake)
[1.471s] -- Found tf2_geometry_msgs: 0.17.3 (/opt/ros/galactic/share/tf2_geometry_msgs/cmake)
[1.477s] -- Found eigen3_cmake_module: 0.1.1 (/opt/ros/galactic/share/eigen3_cmake_module/cmake)
[1.506s] -- Found std_srvs: 2.2.4 (/opt/ros/galactic/share/std_srvs/cmake)
[1.519s] -- Found nav2_util: 1.0.12 (/home/snake/Emmanuel_Jr_robot/install/nav2_util/share/nav2_util/cmake)
[12.253s] -- Found ament_lint_auto: 0.10.7 (/opt/ros/galactic/share/ament_lint_auto/cmake)
[12.375s] -- Found gtest sources under '/opt/ros/galactic/src/gtest_vendor': C++ tests using 'Google Test' will be built
[20.313s] -- Added test 'copyright' to check source files copyright and LICENSE
[20.320s] -- Added test 'cppcheck' to perform static code analysis on C / C++ code
[20.323s] -- Configured cppcheck include dirs: /home/snake/Emmanuel_Jr_robot/src/navigation2/nav2_behavior_tree/include
[20.323s] -- Configured cppcheck exclude dirs and/or files: 
[20.327s] -- Added test 'cpplint' to check C / C++ code against the Google style
[20.327s] -- Configured cpplint exclude dirs and/or files: 
[20.329s] -- Added test 'lint_cmake' to check CMake code style
[20.333s] -- Added test 'uncrustify' to check C / C++ code style
[20.334s] -- Configured uncrustify additional arguments: 
[20.334s] -- Added test 'xmllint' to check XML markup files
[20.346s] -- Configuring done
[22.153s] -- Generating done
[22.198s] -- Build files have been written to: /home/snake/Emmanuel_Jr_robot/build/nav2_behavior_tree
[22.235s] Invoked command in '/home/snake/Emmanuel_Jr_robot/build/nav2_behavior_tree' returned '0': AMENT_PREFIX_PATH=/home/snake/Emmanuel_Jr_robot/install/nav2_util:/home/snake/Emmanuel_Jr_robot/install/nav2_msgs:/home/snake/Emmanuel_Jr_robot/install/nav2_common:${AMENT_PREFIX_PATH} CMAKE_PREFIX_PATH=/home/snake/Emmanuel_Jr_robot/install/nav2_util:/home/snake/Emmanuel_Jr_robot/install/nav2_msgs:/home/snake/Emmanuel_Jr_robot/install/nav2_common:/opt/ros/galactic LD_LIBRARY_PATH=/home/snake/Emmanuel_Jr_robot/install/nav2_util/lib:/home/snake/Emmanuel_Jr_robot/install/nav2_msgs/lib:${LD_LIBRARY_PATH} PYTHONPATH=/home/snake/Emmanuel_Jr_robot/install/nav2_msgs/lib/python3.8/site-packages:/home/snake/Emmanuel_Jr_robot/install/nav2_common/lib/python3.8/site-packages:${PYTHONPATH} /usr/bin/cmake /home/snake/Emmanuel_Jr_robot/src/navigation2/nav2_behavior_tree -DCMAKE_INSTALL_PREFIX=/home/snake/Emmanuel_Jr_robot/install/nav2_behavior_tree
[22.236s] Invoking command in '/home/snake/Emmanuel_Jr_robot/build/nav2_behavior_tree': AMENT_PREFIX_PATH=/home/snake/Emmanuel_Jr_robot/install/nav2_util:/home/snake/Emmanuel_Jr_robot/install/nav2_msgs:/home/snake/Emmanuel_Jr_robot/install/nav2_common:${AMENT_PREFIX_PATH} CMAKE_PREFIX_PATH=/home/snake/Emmanuel_Jr_robot/install/nav2_util:/home/snake/Emmanuel_Jr_robot/install/nav2_msgs:/home/snake/Emmanuel_Jr_robot/install/nav2_common:/opt/ros/galactic LD_LIBRARY_PATH=/home/snake/Emmanuel_Jr_robot/install/nav2_util/lib:/home/snake/Emmanuel_Jr_robot/install/nav2_msgs/lib:${LD_LIBRARY_PATH} PYTHONPATH=/home/snake/Emmanuel_Jr_robot/install/nav2_msgs/lib/python3.8/site-packages:/home/snake/Emmanuel_Jr_robot/install/nav2_common/lib/python3.8/site-packages:${PYTHONPATH} /usr/bin/cmake --build /home/snake/Emmanuel_Jr_robot/build/nav2_behavior_tree -- -j2 -l2
[22.343s] [  1%] Built target nav2_goal_checker_selector_bt_node
[22.372s] [  2%] Built target nav2_controller_selector_bt_node
[22.400s] [  3%] Built target nav2_planner_selector_bt_node
[22.423s] [  4%] Built target nav2_single_trigger_bt_node
[22.453s] [  5%] Built target nav2_transform_available_condition_bt_node
[22.476s] [  7%] Built target nav2_pipeline_sequence_bt_node
[22.506s] [  8%] Built target nav2_wait_action_bt_node
[22.538s] [  9%] Built target nav2_spin_action_bt_node
[22.568s] [ 10%] Built target nav2_compute_path_through_poses_action_bt_node
[22.600s] [ 12%] Built target nav2_compute_path_to_pose_action_bt_node
[22.624s] [ 13%] Built target nav2_goal_updated_condition_bt_node
[22.655s] [ 14%] Built target nav2_is_stuck_condition_bt_node
[22.684s] [ 15%] Built target nav2_behavior_tree
[22.712s] [ 17%] Built target nav2_goal_updater_node_bt_node
[22.743s] [ 19%] Built target nav2_follow_path_action_bt_node
[22.773s] [ 21%] Built target nav2_goal_reached_condition_bt_node
[22.796s] [ 23%] Built target nav2_round_robin_node_bt_node
[22.826s] [ 25%] Built target nav2_navigate_through_poses_action_bt_node
[22.856s] [ 26%] Built target nav2_remove_passed_goals_action_bt_node
[22.880s] [ 27%] Built target nav2_initial_pose_received_condition_bt_node
[22.907s] [ 29%] Built target nav2_time_expired_condition_bt_node
[22.938s] [ 30%] Built target nav2_distance_traveled_condition_bt_node
[22.974s] [ 32%] Built target nav2_is_battery_low_condition_bt_node
[23.013s] [ 34%] Built target nav2_reinitialize_global_localization_service_bt_node
[23.036s] [ 36%] Built target nav2_rate_controller_bt_node
[23.066s] [ 38%] Built target nav2_distance_controller_bt_node
[23.097s] [ 40%] Built target nav2_clear_costmap_service_bt_node
[23.128s] [ 42%] Built target nav2_speed_controller_bt_node
[23.160s] [ 44%] Built target nav2_truncate_path_action_bt_node
[23.193s] [ 45%] Built target nav2_navigate_to_pose_action_bt_node
[23.225s] [ 47%] Built target nav2_back_up_action_bt_node
[23.250s] [ 48%] Built target nav2_recovery_node_bt_node
[23.274s] [ 49%] Built target gtest
[23.296s] [ 50%] Built target gtest_main
[23.320s] [ 50%] [32mBuilding CXX object test/CMakeFiles/test_bt_conversions.dir/test_bt_conversions.cpp.o[0m
[27.162s] [ 51%] [32m[1mLinking CXX executable test_bt_conversions[0m
[27.405s] [ 51%] Built target test_bt_conversions
[27.439s] [ 52%] [32mBuilding CXX object test/plugins/condition/CMakeFiles/test_condition_distance_traveled.dir/test_distance_traveled.cpp.o[0m
[35.075s] [ 53%] [32m[1mLinking CXX executable test_condition_distance_traveled[0m
[35.316s] [ 53%] Built target test_condition_distance_traveled
[35.350s] [ 54%] [32mBuilding CXX object test/plugins/condition/CMakeFiles/test_condition_time_expired.dir/test_time_expired.cpp.o[0m
[43.235s] [ 55%] [32m[1mLinking CXX executable test_condition_time_expired[0m
[43.523s] [ 55%] Built target test_condition_time_expired
[43.563s] [ 56%] [32mBuilding CXX object test/plugins/condition/CMakeFiles/test_condition_goal_updated.dir/test_goal_updated.cpp.o[0m
[51.095s] [ 57%] [32m[1mLinking CXX executable test_condition_goal_updated[0m
[51.323s] [ 57%] Built target test_condition_goal_updated
[51.358s] [ 57%] [32mBuilding CXX object test/plugins/condition/CMakeFiles/test_condition_initial_pose_received.dir/test_initial_pose_received.cpp.o[0m
[58.819s] [ 58%] [32m[1mLinking CXX executable test_condition_initial_pose_received[0m
[59.074s] [ 58%] Built target test_condition_initial_pose_received
[59.144s] [ 59%] [32mBuilding CXX object test/plugins/condition/CMakeFiles/test_condition_is_battery_low.dir/test_is_battery_low.cpp.o[0m
[66.744s] [ 60%] [32m[1mLinking CXX executable test_condition_is_battery_low[0m
[66.962s] [ 60%] Built target test_condition_is_battery_low
[66.998s] [ 60%] [32mBuilding CXX object test/plugins/condition/CMakeFiles/test_condition_transform_available.dir/test_transform_available.cpp.o[0m
[75.052s] [ 61%] [32m[1mLinking CXX executable test_condition_transform_available[0m
[75.367s] [ 61%] Built target test_condition_transform_available
[75.410s] [ 61%] [32mBuilding CXX object test/plugins/condition/CMakeFiles/test_condition_is_stuck.dir/test_is_stuck.cpp.o[0m
[84.121s] [ 62%] [32m[1mLinking CXX executable test_condition_is_stuck[0m
[84.352s] [ 62%] Built target test_condition_is_stuck
[84.395s] [ 62%] [32mBuilding CXX object test/plugins/condition/CMakeFiles/test_condition_goal_reached.dir/test_goal_reached.cpp.o[0m
[686.354s] [ 63%] [32m[1mLinking CXX executable test_condition_goal_reached[0m
[686.679s] [ 63%] Built target test_condition_goal_reached
[686.739s] [ 63%] [32mBuilding CXX object test/plugins/decorator/CMakeFiles/test_single_trigger_node.dir/test_single_trigger_node.cpp.o[0m
[695.623s] [ 64%] [32m[1mLinking CXX executable test_single_trigger_node[0m
[695.882s] [ 64%] Built target test_single_trigger_node
[695.917s] [ 65%] [32mBuilding CXX object test/plugins/decorator/CMakeFiles/test_goal_updater_node.dir/test_goal_updater_node.cpp.o[0m
[705.947s] [ 66%] [32m[1mLinking CXX executable test_goal_updater_node[0m
[706.177s] [ 66%] Built target test_goal_updater_node
[706.230s] [ 66%] [32mBuilding CXX object test/plugins/decorator/CMakeFiles/test_decorator_rate_controller.dir/test_rate_controller.cpp.o[0m
[715.898s] [ 67%] [32m[1mLinking CXX executable test_decorator_rate_controller[0m
[716.131s] [ 67%] Built target test_decorator_rate_controller
[716.167s] [ 68%] [32mBuilding CXX object test/plugins/decorator/CMakeFiles/test_decorator_speed_controller.dir/test_speed_controller.cpp.o[0m
[726.561s] [ 69%] [32m[1mLinking CXX executable test_decorator_speed_controller[0m
[726.788s] [ 69%] Built target test_decorator_speed_controller
[726.821s] [ 70%] [32mBuilding CXX object test/plugins/decorator/CMakeFiles/test_decorator_distance_controller.dir/test_distance_controller.cpp.o[0m
[734.901s] [ 71%] [32m[1mLinking CXX executable test_decorator_distance_controller[0m
[735.149s] [ 71%] Built target test_decorator_distance_controller
[735.183s] [ 72%] [32mBuilding CXX object test/plugins/control/CMakeFiles/test_control_round_robin_node.dir/test_round_robin_node.cpp.o[0m
[742.846s] [ 73%] [32m[1mLinking CXX executable test_control_round_robin_node[0m
[743.103s] [ 73%] Built target test_control_round_robin_node
[743.137s] [ 74%] [32mBuilding CXX object test/plugins/control/CMakeFiles/test_control_pipeline_sequence.dir/test_pipeline_sequence.cpp.o[0m
[751.325s] [ 75%] [32m[1mLinking CXX executable test_control_pipeline_sequence[0m
[751.549s] [ 75%] Built target test_control_pipeline_sequence
[751.581s] [ 75%] [32mBuilding CXX object test/plugins/control/CMakeFiles/test_control_recovery_node.dir/test_recovery_node.cpp.o[0m
[759.565s] [ 76%] [32m[1mLinking CXX executable test_control_recovery_node[0m
[759.921s] [ 76%] Built target test_control_recovery_node
[759.955s] [ 76%] [32mBuilding CXX object test/plugins/action/CMakeFiles/test_goal_checker_selector_node.dir/test_goal_checker_selector_node.cpp.o[0m
[768.545s] [ 77%] [32m[1mLinking CXX executable test_goal_checker_selector_node[0m
[768.762s] [ 77%] Built target test_goal_checker_selector_node
[768.794s] [ 77%] [32mBuilding CXX object test/plugins/action/CMakeFiles/test_controller_selector_node.dir/test_controller_selector_node.cpp.o[0m
[776.313s] [ 78%] [32m[1mLinking CXX executable test_controller_selector_node[0m
[776.522s] [ 78%] Built target test_controller_selector_node
[776.554s] [ 78%] [32mBuilding CXX object test/plugins/action/CMakeFiles/test_planner_selector_node.dir/test_planner_selector_node.cpp.o[0m
[784.407s] [ 79%] [32m[1mLinking CXX executable test_planner_selector_node[0m
[784.625s] [ 79%] Built target test_planner_selector_node
[784.658s] [ 80%] [32mBuilding CXX object test/plugins/action/CMakeFiles/test_action_spin_action.dir/test_spin_action.cpp.o[0m
[791.816s] [ 81%] [32m[1mLinking CXX executable test_action_spin_action[0m
[792.021s] [ 81%] Built target test_action_spin_action
[792.052s] [ 82%] [32mBuilding CXX object test/plugins/action/CMakeFiles/test_bt_action_node.dir/test_bt_action_node.cpp.o[0m
[800.969s] [ 83%] [32m[1mLinking CXX executable test_bt_action_node[0m
[801.176s] [ 83%] Built target test_bt_action_node
[801.209s] [ 84%] [32mBuilding CXX object test/plugins/action/CMakeFiles/test_action_back_up_action.dir/test_back_up_action.cpp.o[0m
[808.959s] [ 85%] [32m[1mLinking CXX executable test_action_back_up_action[0m
[809.179s] [ 85%] Built target test_action_back_up_action
[809.214s] [ 85%] [32mBuilding CXX object test/plugins/action/CMakeFiles/test_action_wait_action.dir/test_wait_action.cpp.o[0m
[817.786s] [ 86%] [32m[1mLinking CXX executable test_action_wait_action[0m
[818.080s] [ 86%] Built target test_action_wait_action
[818.112s] [ 86%] [32mBuilding CXX object test/plugins/action/CMakeFiles/test_action_clear_costmap_service.dir/test_clear_costmap_service.cpp.o[0m
[824.975s] [ 87%] [32m[1mLinking CXX executable test_action_clear_costmap_service[0m
[825.182s] [ 87%] Built target test_action_clear_costmap_service
[825.213s] [ 87%] [32mBuilding CXX object test/plugins/action/CMakeFiles/test_action_reinitialize_global_localization_service.dir/test_reinitialize_global_localization_service.cpp.o[0m
[830.367s] [ 88%] [32m[1mLinking CXX executable test_action_reinitialize_global_localization_service[0m
[830.591s] [ 88%] Built target test_action_reinitialize_global_localization_service
[830.623s] [ 88%] [32mBuilding CXX object test/plugins/action/CMakeFiles/test_action_compute_path_to_pose_action.dir/test_compute_path_to_pose_action.cpp.o[0m
[838.204s] [ 89%] [32m[1mLinking CXX executable test_action_compute_path_to_pose_action[0m
[838.423s] [ 89%] Built target test_action_compute_path_to_pose_action
[838.475s] [ 90%] [32mBuilding CXX object test/plugins/action/CMakeFiles/test_action_compute_path_through_poses_action.dir/test_compute_path_through_poses_action.cpp.o[0m
[846.239s] [ 91%] [32m[1mLinking CXX executable test_action_compute_path_through_poses_action[0m
[846.440s] [ 91%] Built target test_action_compute_path_through_poses_action
[846.543s] [ 92%] [32mBuilding CXX object test/plugins/action/CMakeFiles/test_action_follow_path_action.dir/test_follow_path_action.cpp.o[0m
[853.807s] [ 93%] [32m[1mLinking CXX executable test_action_follow_path_action[0m
[854.007s] [ 93%] Built target test_action_follow_path_action
[854.038s] [ 93%] [32mBuilding CXX object test/plugins/action/CMakeFiles/test_action_navigate_through_poses_action.dir/test_navigate_through_poses_action.cpp.o[0m
[861.197s] [ 94%] [32m[1mLinking CXX executable test_action_navigate_through_poses_action[0m
[861.401s] [ 94%] Built target test_action_navigate_through_poses_action
[861.435s] [ 95%] [32mBuilding CXX object test/plugins/action/CMakeFiles/test_truncate_path_action.dir/test_truncate_path_action.cpp.o[0m
[866.883s] [ 96%] [32m[1mLinking CXX executable test_truncate_path_action[0m
[867.081s] [ 96%] Built target test_truncate_path_action
[867.113s] [ 97%] [32mBuilding CXX object test/plugins/action/CMakeFiles/test_action_navigate_to_pose_action.dir/test_navigate_to_pose_action.cpp.o[0m
[874.245s] [ 98%] [32m[1mLinking CXX executable test_action_navigate_to_pose_action[0m
[874.452s] [ 98%] Built target test_action_navigate_to_pose_action
[874.484s] [ 99%] [32mBuilding CXX object test/plugins/action/CMakeFiles/test_remove_passed_goals_action.dir/test_remove_passed_goals_action.cpp.o[0m
[882.335s] [100%] [32m[1mLinking CXX executable test_remove_passed_goals_action[0m
[882.552s] [100%] Built target test_remove_passed_goals_action
[882.564s] Invoked command in '/home/snake/Emmanuel_Jr_robot/build/nav2_behavior_tree' returned '0': AMENT_PREFIX_PATH=/home/snake/Emmanuel_Jr_robot/install/nav2_util:/home/snake/Emmanuel_Jr_robot/install/nav2_msgs:/home/snake/Emmanuel_Jr_robot/install/nav2_common:${AMENT_PREFIX_PATH} CMAKE_PREFIX_PATH=/home/snake/Emmanuel_Jr_robot/install/nav2_util:/home/snake/Emmanuel_Jr_robot/install/nav2_msgs:/home/snake/Emmanuel_Jr_robot/install/nav2_common:/opt/ros/galactic LD_LIBRARY_PATH=/home/snake/Emmanuel_Jr_robot/install/nav2_util/lib:/home/snake/Emmanuel_Jr_robot/install/nav2_msgs/lib:${LD_LIBRARY_PATH} PYTHONPATH=/home/snake/Emmanuel_Jr_robot/install/nav2_msgs/lib/python3.8/site-packages:/home/snake/Emmanuel_Jr_robot/install/nav2_common/lib/python3.8/site-packages:${PYTHONPATH} /usr/bin/cmake --build /home/snake/Emmanuel_Jr_robot/build/nav2_behavior_tree -- -j2 -l2
[882.674s] Invoking command in '/home/snake/Emmanuel_Jr_robot/build/nav2_behavior_tree': AMENT_PREFIX_PATH=/home/snake/Emmanuel_Jr_robot/install/nav2_util:/home/snake/Emmanuel_Jr_robot/install/nav2_msgs:/home/snake/Emmanuel_Jr_robot/install/nav2_common:${AMENT_PREFIX_PATH} CMAKE_PREFIX_PATH=/home/snake/Emmanuel_Jr_robot/install/nav2_util:/home/snake/Emmanuel_Jr_robot/install/nav2_msgs:/home/snake/Emmanuel_Jr_robot/install/nav2_common:/opt/ros/galactic LD_LIBRARY_PATH=/home/snake/Emmanuel_Jr_robot/install/nav2_util/lib:/home/snake/Emmanuel_Jr_robot/install/nav2_msgs/lib:${LD_LIBRARY_PATH} PYTHONPATH=/home/snake/Emmanuel_Jr_robot/install/nav2_msgs/lib/python3.8/site-packages:/home/snake/Emmanuel_Jr_robot/install/nav2_common/lib/python3.8/site-packages:${PYTHONPATH} /usr/bin/cmake --install /home/snake/Emmanuel_Jr_robot/build/nav2_behavior_tree
[882.684s] -- Install configuration: "Release"
[882.684s] -- Execute custom install script
[882.687s] -- Up-to-date symlink: /home/snake/Emmanuel_Jr_robot/install/nav2_behavior_tree/lib/libnav2_behavior_tree.so
[882.688s] -- Up-to-date symlink: /home/snake/Emmanuel_Jr_robot/install/nav2_behavior_tree/lib/libnav2_compute_path_to_pose_action_bt_node.so
[882.688s] -- Up-to-date symlink: /home/snake/Emmanuel_Jr_robot/install/nav2_behavior_tree/lib/libnav2_compute_path_through_poses_action_bt_node.so
[882.689s] -- Up-to-date symlink: /home/snake/Emmanuel_Jr_robot/install/nav2_behavior_tree/lib/libnav2_follow_path_action_bt_node.so
[882.690s] -- Up-to-date symlink: /home/snake/Emmanuel_Jr_robot/install/nav2_behavior_tree/lib/libnav2_back_up_action_bt_node.so
[882.691s] -- Up-to-date symlink: /home/snake/Emmanuel_Jr_robot/install/nav2_behavior_tree/lib/libnav2_spin_action_bt_node.so
[882.692s] -- Up-to-date symlink: /home/snake/Emmanuel_Jr_robot/install/nav2_behavior_tree/lib/libnav2_wait_action_bt_node.so
[882.692s] -- Up-to-date symlink: /home/snake/Emmanuel_Jr_robot/install/nav2_behavior_tree/lib/libnav2_clear_costmap_service_bt_node.so
[882.693s] -- Up-to-date symlink: /home/snake/Emmanuel_Jr_robot/install/nav2_behavior_tree/lib/libnav2_is_stuck_condition_bt_node.so
[882.694s] -- Up-to-date symlink: /home/snake/Emmanuel_Jr_robot/install/nav2_behavior_tree/lib/libnav2_transform_available_condition_bt_node.so
[882.695s] -- Up-to-date symlink: /home/snake/Emmanuel_Jr_robot/install/nav2_behavior_tree/lib/libnav2_goal_reached_condition_bt_node.so
[882.695s] -- Up-to-date symlink: /home/snake/Emmanuel_Jr_robot/install/nav2_behavior_tree/lib/libnav2_goal_updated_condition_bt_node.so
[882.696s] -- Up-to-date symlink: /home/snake/Emmanuel_Jr_robot/install/nav2_behavior_tree/lib/libnav2_time_expired_condition_bt_node.so
[882.697s] -- Up-to-date symlink: /home/snake/Emmanuel_Jr_robot/install/nav2_behavior_tree/lib/libnav2_distance_traveled_condition_bt_node.so
[882.697s] -- Up-to-date symlink: /home/snake/Emmanuel_Jr_robot/install/nav2_behavior_tree/lib/libnav2_initial_pose_received_condition_bt_node.so
[882.698s] -- Up-to-date symlink: /home/snake/Emmanuel_Jr_robot/install/nav2_behavior_tree/lib/libnav2_is_battery_low_condition_bt_node.so
[882.699s] -- Up-to-date symlink: /home/snake/Emmanuel_Jr_robot/install/nav2_behavior_tree/lib/libnav2_reinitialize_global_localization_service_bt_node.so
[882.699s] -- Up-to-date symlink: /home/snake/Emmanuel_Jr_robot/install/nav2_behavior_tree/lib/libnav2_rate_controller_bt_node.so
[882.700s] -- Up-to-date symlink: /home/snake/Emmanuel_Jr_robot/install/nav2_behavior_tree/lib/libnav2_distance_controller_bt_node.so
[882.701s] -- Up-to-date symlink: /home/snake/Emmanuel_Jr_robot/install/nav2_behavior_tree/lib/libnav2_speed_controller_bt_node.so
[882.702s] -- Up-to-date symlink: /home/snake/Emmanuel_Jr_robot/install/nav2_behavior_tree/lib/libnav2_truncate_path_action_bt_node.so
[882.702s] -- Up-to-date symlink: /home/snake/Emmanuel_Jr_robot/install/nav2_behavior_tree/lib/libnav2_goal_updater_node_bt_node.so
[882.703s] -- Up-to-date symlink: /home/snake/Emmanuel_Jr_robot/install/nav2_behavior_tree/lib/libnav2_recovery_node_bt_node.so
[882.703s] -- Up-to-date symlink: /home/snake/Emmanuel_Jr_robot/install/nav2_behavior_tree/lib/libnav2_navigate_to_pose_action_bt_node.so
[882.704s] -- Up-to-date symlink: /home/snake/Emmanuel_Jr_robot/install/nav2_behavior_tree/lib/libnav2_navigate_through_poses_action_bt_node.so
[882.705s] -- Up-to-date symlink: /home/snake/Emmanuel_Jr_robot/install/nav2_behavior_tree/lib/libnav2_remove_passed_goals_action_bt_node.so
[882.705s] -- Up-to-date symlink: /home/snake/Emmanuel_Jr_robot/install/nav2_behavior_tree/lib/libnav2_pipeline_sequence_bt_node.so
[882.706s] -- Up-to-date symlink: /home/snake/Emmanuel_Jr_robot/install/nav2_behavior_tree/lib/libnav2_round_robin_node_bt_node.so
[882.706s] -- Up-to-date symlink: /home/snake/Emmanuel_Jr_robot/install/nav2_behavior_tree/lib/libnav2_single_trigger_bt_node.so
[882.707s] -- Up-to-date symlink: /home/snake/Emmanuel_Jr_robot/install/nav2_behavior_tree/lib/libnav2_planner_selector_bt_node.so
[882.708s] -- Up-to-date symlink: /home/snake/Emmanuel_Jr_robot/install/nav2_behavior_tree/lib/libnav2_controller_selector_bt_node.so
[882.708s] -- Up-to-date symlink: /home/snake/Emmanuel_Jr_robot/install/nav2_behavior_tree/lib/libnav2_goal_checker_selector_bt_node.so
[882.710s] -- Up-to-date symlink: /home/snake/Emmanuel_Jr_robot/install/nav2_behavior_tree/include//nav2_behavior_tree/behavior_tree_engine.hpp
[882.710s] -- Up-to-date symlink: /home/snake/Emmanuel_Jr_robot/install/nav2_behavior_tree/include//nav2_behavior_tree/bt_action_node.hpp
[882.711s] -- Up-to-date symlink: /home/snake/Emmanuel_Jr_robot/install/nav2_behavior_tree/include//nav2_behavior_tree/bt_action_server.hpp
[882.711s] -- Up-to-date symlink: /home/snake/Emmanuel_Jr_robot/install/nav2_behavior_tree/include//nav2_behavior_tree/bt_action_server_impl.hpp
[882.712s] -- Up-to-date symlink: /home/snake/Emmanuel_Jr_robot/install/nav2_behavior_tree/include//nav2_behavior_tree/bt_conversions.hpp
[882.712s] -- Up-to-date symlink: /home/snake/Emmanuel_Jr_robot/install/nav2_behavior_tree/include//nav2_behavior_tree/bt_service_node.hpp
[882.713s] -- Up-to-date symlink: /home/snake/Emmanuel_Jr_robot/install/nav2_behavior_tree/include//nav2_behavior_tree/plugins/action/back_up_action.hpp
[882.713s] -- Up-to-date symlink: /home/snake/Emmanuel_Jr_robot/install/nav2_behavior_tree/include//nav2_behavior_tree/plugins/action/clear_costmap_service.hpp
[882.714s] -- Up-to-date symlink: /home/snake/Emmanuel_Jr_robot/install/nav2_behavior_tree/include//nav2_behavior_tree/plugins/action/compute_path_through_poses_action.hpp
[882.714s] -- Up-to-date symlink: /home/snake/Emmanuel_Jr_robot/install/nav2_behavior_tree/include//nav2_behavior_tree/plugins/action/compute_path_to_pose_action.hpp
[882.715s] -- Up-to-date symlink: /home/snake/Emmanuel_Jr_robot/install/nav2_behavior_tree/include//nav2_behavior_tree/plugins/action/controller_selector_node.hpp
[882.715s] -- Up-to-date symlink: /home/snake/Emmanuel_Jr_robot/install/nav2_behavior_tree/include//nav2_behavior_tree/plugins/action/follow_path_action.hpp
[882.716s] -- Up-to-date symlink: /home/snake/Emmanuel_Jr_robot/install/nav2_behavior_tree/include//nav2_behavior_tree/plugins/action/goal_checker_selector_node.hpp
[882.716s] -- Up-to-date symlink: /home/snake/Emmanuel_Jr_robot/install/nav2_behavior_tree/include//nav2_behavior_tree/plugins/action/navigate_through_poses_action.hpp
[882.717s] -- Up-to-date symlink: /home/snake/Emmanuel_Jr_robot/install/nav2_behavior_tree/include//nav2_behavior_tree/plugins/action/navigate_to_pose_action.hpp
[882.717s] -- Up-to-date symlink: /home/snake/Emmanuel_Jr_robot/install/nav2_behavior_tree/include//nav2_behavior_tree/plugins/action/planner_selector_node.hpp
[882.718s] -- Up-to-date symlink: /home/snake/Emmanuel_Jr_robot/install/nav2_behavior_tree/include//nav2_behavior_tree/plugins/action/reinitialize_global_localization_service.hpp
[882.719s] -- Up-to-date symlink: /home/snake/Emmanuel_Jr_robot/install/nav2_behavior_tree/include//nav2_behavior_tree/plugins/action/remove_passed_goals_action.hpp
[882.719s] -- Up-to-date symlink: /home/snake/Emmanuel_Jr_robot/install/nav2_behavior_tree/include//nav2_behavior_tree/plugins/action/spin_action.hpp
[882.720s] -- Up-to-date symlink: /home/snake/Emmanuel_Jr_robot/install/nav2_behavior_tree/include//nav2_behavior_tree/plugins/action/truncate_path_action.hpp
[882.720s] -- Up-to-date symlink: /home/snake/Emmanuel_Jr_robot/install/nav2_behavior_tree/include//nav2_behavior_tree/plugins/action/wait_action.hpp
[882.721s] -- Up-to-date symlink: /home/snake/Emmanuel_Jr_robot/install/nav2_behavior_tree/include//nav2_behavior_tree/plugins/condition/distance_traveled_condition.hpp
[882.721s] -- Up-to-date symlink: /home/snake/Emmanuel_Jr_robot/install/nav2_behavior_tree/include//nav2_behavior_tree/plugins/condition/goal_reached_condition.hpp
[882.722s] -- Up-to-date symlink: /home/snake/Emmanuel_Jr_robot/install/nav2_behavior_tree/include//nav2_behavior_tree/plugins/condition/goal_updated_condition.hpp
[882.722s] -- Up-to-date symlink: /home/snake/Emmanuel_Jr_robot/install/nav2_behavior_tree/include//nav2_behavior_tree/plugins/condition/initial_pose_received_condition.hpp
[882.723s] -- Up-to-date symlink: /home/snake/Emmanuel_Jr_robot/install/nav2_behavior_tree/include//nav2_behavior_tree/plugins/condition/is_battery_low_condition.hpp
[882.723s] -- Up-to-date symlink: /home/snake/Emmanuel_Jr_robot/install/nav2_behavior_tree/include//nav2_behavior_tree/plugins/condition/is_stuck_condition.hpp
[882.724s] -- Up-to-date symlink: /home/snake/Emmanuel_Jr_robot/install/nav2_behavior_tree/include//nav2_behavior_tree/plugins/condition/time_expired_condition.hpp
[882.724s] -- Up-to-date symlink: /home/snake/Emmanuel_Jr_robot/install/nav2_behavior_tree/include//nav2_behavior_tree/plugins/condition/transform_available_condition.hpp
[882.725s] -- Up-to-date symlink: /home/snake/Emmanuel_Jr_robot/install/nav2_behavior_tree/include//nav2_behavior_tree/plugins/control/pipeline_sequence.hpp
[882.725s] -- Up-to-date symlink: /home/snake/Emmanuel_Jr_robot/install/nav2_behavior_tree/include//nav2_behavior_tree/plugins/control/recovery_node.hpp
[882.726s] -- Up-to-date symlink: /home/snake/Emmanuel_Jr_robot/install/nav2_behavior_tree/include//nav2_behavior_tree/plugins/control/round_robin_node.hpp
[882.726s] -- Up-to-date symlink: /home/snake/Emmanuel_Jr_robot/install/nav2_behavior_tree/include//nav2_behavior_tree/plugins/decorator/distance_controller.hpp
[882.727s] -- Up-to-date symlink: /home/snake/Emmanuel_Jr_robot/install/nav2_behavior_tree/include//nav2_behavior_tree/plugins/decorator/goal_updater_node.hpp
[882.727s] -- Up-to-date symlink: /home/snake/Emmanuel_Jr_robot/install/nav2_behavior_tree/include//nav2_behavior_tree/plugins/decorator/rate_controller.hpp
[882.728s] -- Up-to-date symlink: /home/snake/Emmanuel_Jr_robot/install/nav2_behavior_tree/include//nav2_behavior_tree/plugins/decorator/single_trigger_node.hpp
[882.728s] -- Up-to-date symlink: /home/snake/Emmanuel_Jr_robot/install/nav2_behavior_tree/include//nav2_behavior_tree/plugins/decorator/speed_controller.hpp
[882.729s] -- Up-to-date symlink: /home/snake/Emmanuel_Jr_robot/install/nav2_behavior_tree/include//nav2_behavior_tree/ros_topic_logger.hpp
[882.730s] -- Up-to-date symlink: /home/snake/Emmanuel_Jr_robot/install/nav2_behavior_tree/share/nav2_behavior_tree/nav2_tree_nodes.xml
[882.730s] -- Up-to-date symlink: /home/snake/Emmanuel_Jr_robot/install/nav2_behavior_tree/share/nav2_behavior_tree/environment/library_path.sh
[882.731s] -- Up-to-date symlink: /home/snake/Emmanuel_Jr_robot/install/nav2_behavior_tree/share/nav2_behavior_tree/environment/library_path.dsv
[882.731s] -- Up-to-date symlink: /home/snake/Emmanuel_Jr_robot/install/nav2_behavior_tree/share/ament_index/resource_index/package_run_dependencies/nav2_behavior_tree
[882.732s] -- Up-to-date symlink: /home/snake/Emmanuel_Jr_robot/install/nav2_behavior_tree/share/ament_index/resource_index/parent_prefix_path/nav2_behavior_tree
[882.733s] -- Up-to-date symlink: /home/snake/Emmanuel_Jr_robot/install/nav2_behavior_tree/share/nav2_behavior_tree/environment/ament_prefix_path.sh
[882.733s] -- Up-to-date symlink: /home/snake/Emmanuel_Jr_robot/install/nav2_behavior_tree/share/nav2_behavior_tree/environment/ament_prefix_path.dsv
[882.734s] -- Up-to-date symlink: /home/snake/Emmanuel_Jr_robot/install/nav2_behavior_tree/share/nav2_behavior_tree/environment/path.sh
[882.735s] -- Up-to-date symlink: /home/snake/Emmanuel_Jr_robot/install/nav2_behavior_tree/share/nav2_behavior_tree/environment/path.dsv
[882.736s] -- Up-to-date symlink: /home/snake/Emmanuel_Jr_robot/install/nav2_behavior_tree/share/nav2_behavior_tree/local_setup.bash
[882.736s] -- Up-to-date symlink: /home/snake/Emmanuel_Jr_robot/install/nav2_behavior_tree/share/nav2_behavior_tree/local_setup.sh
[882.737s] -- Up-to-date symlink: /home/snake/Emmanuel_Jr_robot/install/nav2_behavior_tree/share/nav2_behavior_tree/local_setup.zsh
[882.737s] -- Up-to-date symlink: /home/snake/Emmanuel_Jr_robot/install/nav2_behavior_tree/share/nav2_behavior_tree/local_setup.dsv
[882.738s] -- Symlinking: /home/snake/Emmanuel_Jr_robot/install/nav2_behavior_tree/share/nav2_behavior_tree/package.dsv
[882.748s] -- Up-to-date symlink: /home/snake/Emmanuel_Jr_robot/install/nav2_behavior_tree/share/ament_index/resource_index/packages/nav2_behavior_tree
[882.748s] -- Up-to-date symlink: /home/snake/Emmanuel_Jr_robot/install/nav2_behavior_tree/share/nav2_behavior_tree/cmake/ament_cmake_export_include_directories-extras.cmake
[882.749s] -- Up-to-date symlink: /home/snake/Emmanuel_Jr_robot/install/nav2_behavior_tree/share/nav2_behavior_tree/cmake/ament_cmake_export_libraries-extras.cmake
[882.750s] -- Up-to-date symlink: /home/snake/Emmanuel_Jr_robot/install/nav2_behavior_tree/share/nav2_behavior_tree/cmake/ament_cmake_export_dependencies-extras.cmake
[882.750s] -- Up-to-date symlink: /home/snake/Emmanuel_Jr_robot/install/nav2_behavior_tree/share/nav2_behavior_tree/cmake/nav2_behavior_treeConfig.cmake
[882.751s] -- Up-to-date symlink: /home/snake/Emmanuel_Jr_robot/install/nav2_behavior_tree/share/nav2_behavior_tree/cmake/nav2_behavior_treeConfig-version.cmake
[882.751s] -- Up-to-date symlink: /home/snake/Emmanuel_Jr_robot/install/nav2_behavior_tree/share/nav2_behavior_tree/package.xml
[882.757s] Invoked command in '/home/snake/Emmanuel_Jr_robot/build/nav2_behavior_tree' returned '0': AMENT_PREFIX_PATH=/home/snake/Emmanuel_Jr_robot/install/nav2_util:/home/snake/Emmanuel_Jr_robot/install/nav2_msgs:/home/snake/Emmanuel_Jr_robot/install/nav2_common:${AMENT_PREFIX_PATH} CMAKE_PREFIX_PATH=/home/snake/Emmanuel_Jr_robot/install/nav2_util:/home/snake/Emmanuel_Jr_robot/install/nav2_msgs:/home/snake/Emmanuel_Jr_robot/install/nav2_common:/opt/ros/galactic LD_LIBRARY_PATH=/home/snake/Emmanuel_Jr_robot/install/nav2_util/lib:/home/snake/Emmanuel_Jr_robot/install/nav2_msgs/lib:${LD_LIBRARY_PATH} PYTHONPATH=/home/snake/Emmanuel_Jr_robot/install/nav2_msgs/lib/python3.8/site-packages:/home/snake/Emmanuel_Jr_robot/install/nav2_common/lib/python3.8/site-packages:${PYTHONPATH} /usr/bin/cmake --install /home/snake/Emmanuel_Jr_robot/build/nav2_behavior_tree
