[0.240s] Invoking command in '/home/rex/Emmanuel_Jr_robot/build/linorobot2': CMAKE_PREFIX_PATH=${CMAKE_PREFIX_PATH}:/home/rex/Emmanuel_Jr_robot/install/nav2_simple_commander:/home/rex/Emmanuel_Jr_robot/install/nav2_gazebo_spawner:/home/rex/Emmanuel_Jr_robot/install/emmanuelJr:/home/rex/Emmanuel_Jr_robot/install/emmanuel:/opt/ros/galactic /usr/bin/cmake /home/rex/Emmanuel_Jr_robot/src/linorobot2/linorobot2 -DCMAKE_INSTALL_PREFIX=/home/rex/Emmanuel_Jr_robot/install/linorobot2
[0.321s] -- The C compiler identification is GNU 9.4.0
[0.389s] -- The CXX compiler identification is GNU 9.4.0
[0.396s] -- Check for working C compiler: /usr/bin/cc
[0.479s] -- Check for working C compiler: /usr/bin/cc -- works
[0.481s] -- Detecting C compiler ABI info
[0.572s] -- Detecting C compiler ABI info - done
[0.582s] -- Detecting C compile features
[0.583s] -- Detecting C compile features - done
[0.585s] -- Check for working CXX compiler: /usr/bin/c++
[0.697s] -- Check for working CXX compiler: /usr/bin/c++ -- works
[0.697s] -- Detecting CXX compiler ABI info
[0.788s] -- Detecting CXX compiler ABI info - done
[0.795s] -- Detecting CXX compile features
[0.796s] -- Detecting CXX compile features - done
[0.801s] -- Found ament_cmake: 1.1.5 (/opt/ros/galactic/share/ament_cmake/cmake)
[0.831s] -- Found PythonInterp: /usr/bin/python3 (found suitable version "3.8.10", minimum required is "3") 
[0.831s] -- Using PYTHON_EXECUTABLE: /usr/bin/python3
[0.996s] -- Configuring done
[0.998s] -- Generating done
[1.000s] -- Build files have been written to: /home/rex/Emmanuel_Jr_robot/build/linorobot2
[1.008s] Invoked command in '/home/rex/Emmanuel_Jr_robot/build/linorobot2' returned '0': CMAKE_PREFIX_PATH=${CMAKE_PREFIX_PATH}:/home/rex/Emmanuel_Jr_robot/install/nav2_simple_commander:/home/rex/Emmanuel_Jr_robot/install/nav2_gazebo_spawner:/home/rex/Emmanuel_Jr_robot/install/emmanuelJr:/home/rex/Emmanuel_Jr_robot/install/emmanuel:/opt/ros/galactic /usr/bin/cmake /home/rex/Emmanuel_Jr_robot/src/linorobot2/linorobot2 -DCMAKE_INSTALL_PREFIX=/home/rex/Emmanuel_Jr_robot/install/linorobot2
[1.009s] Invoking command in '/home/rex/Emmanuel_Jr_robot/build/linorobot2': CMAKE_PREFIX_PATH=${CMAKE_PREFIX_PATH}:/home/rex/Emmanuel_Jr_robot/install/nav2_simple_commander:/home/rex/Emmanuel_Jr_robot/install/nav2_gazebo_spawner:/home/rex/Emmanuel_Jr_robot/install/emmanuelJr:/home/rex/Emmanuel_Jr_robot/install/emmanuel:/opt/ros/galactic /usr/bin/cmake --build /home/rex/Emmanuel_Jr_robot/build/linorobot2 -- -j2 -l2
[1.058s] Invoked command in '/home/rex/Emmanuel_Jr_robot/build/linorobot2' returned '0': CMAKE_PREFIX_PATH=${CMAKE_PREFIX_PATH}:/home/rex/Emmanuel_Jr_robot/install/nav2_simple_commander:/home/rex/Emmanuel_Jr_robot/install/nav2_gazebo_spawner:/home/rex/Emmanuel_Jr_robot/install/emmanuelJr:/home/rex/Emmanuel_Jr_robot/install/emmanuel:/opt/ros/galactic /usr/bin/cmake --build /home/rex/Emmanuel_Jr_robot/build/linorobot2 -- -j2 -l2
[1.103s] Invoking command in '/home/rex/Emmanuel_Jr_robot/build/linorobot2': CMAKE_PREFIX_PATH=${CMAKE_PREFIX_PATH}:/home/rex/Emmanuel_Jr_robot/install/nav2_simple_commander:/home/rex/Emmanuel_Jr_robot/install/nav2_gazebo_spawner:/home/rex/Emmanuel_Jr_robot/install/emmanuelJr:/home/rex/Emmanuel_Jr_robot/install/emmanuel:/opt/ros/galactic /usr/bin/cmake --install /home/rex/Emmanuel_Jr_robot/build/linorobot2
[1.118s] -- Install configuration: ""
[1.119s] -- Installing: /home/rex/Emmanuel_Jr_robot/install/linorobot2/share/ament_index/resource_index/package_run_dependencies/linorobot2
[1.119s] -- Installing: /home/rex/Emmanuel_Jr_robot/install/linorobot2/share/ament_index/resource_index/parent_prefix_path/linorobot2
[1.119s] -- Installing: /home/rex/Emmanuel_Jr_robot/install/linorobot2/share/linorobot2/environment/ament_prefix_path.sh
[1.120s] -- Installing: /home/rex/Emmanuel_Jr_robot/install/linorobot2/share/linorobot2/environment/ament_prefix_path.dsv
[1.120s] -- Installing: /home/rex/Emmanuel_Jr_robot/install/linorobot2/share/linorobot2/environment/path.sh
[1.120s] -- Installing: /home/rex/Emmanuel_Jr_robot/install/linorobot2/share/linorobot2/environment/path.dsv
[1.121s] -- Installing: /home/rex/Emmanuel_Jr_robot/install/linorobot2/share/linorobot2/local_setup.bash
[1.121s] -- Installing: /home/rex/Emmanuel_Jr_robot/install/linorobot2/share/linorobot2/local_setup.sh
[1.121s] -- Installing: /home/rex/Emmanuel_Jr_robot/install/linorobot2/share/linorobot2/local_setup.zsh
[1.121s] -- Installing: /home/rex/Emmanuel_Jr_robot/install/linorobot2/share/linorobot2/local_setup.dsv
[1.121s] -- Installing: /home/rex/Emmanuel_Jr_robot/install/linorobot2/share/linorobot2/package.dsv
[1.122s] -- Installing: /home/rex/Emmanuel_Jr_robot/install/linorobot2/share/ament_index/resource_index/packages/linorobot2
[1.122s] -- Installing: /home/rex/Emmanuel_Jr_robot/install/linorobot2/share/linorobot2/cmake/linorobot2Config.cmake
[1.122s] -- Installing: /home/rex/Emmanuel_Jr_robot/install/linorobot2/share/linorobot2/cmake/linorobot2Config-version.cmake
[1.129s] -- Installing: /home/rex/Emmanuel_Jr_robot/install/linorobot2/share/linorobot2/package.xml
[1.129s] Invoked command in '/home/rex/Emmanuel_Jr_robot/build/linorobot2' returned '0': CMAKE_PREFIX_PATH=${CMAKE_PREFIX_PATH}:/home/rex/Emmanuel_Jr_robot/install/nav2_simple_commander:/home/rex/Emmanuel_Jr_robot/install/nav2_gazebo_spawner:/home/rex/Emmanuel_Jr_robot/install/emmanuelJr:/home/rex/Emmanuel_Jr_robot/install/emmanuel:/opt/ros/galactic /usr/bin/cmake --install /home/rex/Emmanuel_Jr_robot/build/linorobot2
