[0.020s] Invoking command in '/home/snake/Emmanuel_Jr_robot/build/nav2_voxel_grid': AMENT_PREFIX_PATH=/home/snake/Emmanuel_Jr_robot/install/nav2_common:${AMENT_PREFIX_PATH} CMAKE_PREFIX_PATH=/home/snake/Emmanuel_Jr_robot/install/nav2_common:/opt/ros/galactic PYTHONPATH=/home/snake/Emmanuel_Jr_robot/install/nav2_common/lib/python3.8/site-packages:${PYTHONPATH} /usr/bin/cmake /home/snake/Emmanuel_Jr_robot/src/navigation2/nav2_voxel_grid -DCMAKE_INSTALL_PREFIX=/home/snake/Emmanuel_Jr_robot/install/nav2_voxel_grid
[0.041s] -- Found ament_cmake: 1.1.5 (/opt/ros/galactic/share/ament_cmake/cmake)
[0.065s] -- Using PYTHON_EXECUTABLE: /usr/bin/python3
[0.134s] -- Override CMake install command with custom implementation using symlinks instead of copying resources
[0.142s] -- Found nav2_common: 1.0.12 (/home/snake/Emmanuel_Jr_robot/install/nav2_common/share/nav2_common/cmake)
[0.144s] -- Found rclcpp: 9.2.1 (/opt/ros/galactic/share/rclcpp/cmake)
[0.196s] -- Using all available rosidl_typesupport_c: rosidl_typesupport_fastrtps_c;rosidl_typesupport_introspection_c
[0.199s] -- Found rosidl_adapter: 2.2.2 (/opt/ros/galactic/share/rosidl_adapter/cmake)
[0.372s] -- Using all available rosidl_typesupport_cpp: rosidl_typesupport_fastrtps_cpp;rosidl_typesupport_introspection_cpp
[0.447s] -- Found rmw_implementation_cmake: 3.3.1 (/opt/ros/galactic/share/rmw_implementation_cmake/cmake)
[0.451s] -- Found rmw_cyclonedds_cpp: 0.22.5 (/opt/ros/galactic/share/rmw_cyclonedds_cpp/cmake)
[0.476s] -- Using RMW implementation 'rmw_cyclonedds_cpp' as default
[0.630s] -- Found ament_lint_auto: 0.10.7 (/opt/ros/galactic/share/ament_lint_auto/cmake)
[0.709s] -- Found gtest sources under '/opt/ros/galactic/src/gtest_vendor': C++ tests using 'Google Test' will be built
[0.722s] -- Added test 'cppcheck' to perform static code analysis on C / C++ code
[0.722s] -- Configured cppcheck include dirs: /home/snake/Emmanuel_Jr_robot/src/navigation2/nav2_voxel_grid/include
[0.722s] -- Configured cppcheck exclude dirs and/or files: 
[0.723s] -- Added test 'cpplint' to check C / C++ code against the Google style
[0.724s] -- Configured cpplint exclude dirs and/or files: 
[0.725s] -- Added test 'lint_cmake' to check CMake code style
[0.726s] -- Added test 'uncrustify' to check C / C++ code style
[0.726s] -- Configured uncrustify additional arguments: 
[0.726s] -- Added test 'xmllint' to check XML markup files
[0.734s] -- Configuring done
[0.762s] -- Generating done
[0.767s] -- Build files have been written to: /home/snake/Emmanuel_Jr_robot/build/nav2_voxel_grid
[0.773s] Invoked command in '/home/snake/Emmanuel_Jr_robot/build/nav2_voxel_grid' returned '0': AMENT_PREFIX_PATH=/home/snake/Emmanuel_Jr_robot/install/nav2_common:${AMENT_PREFIX_PATH} CMAKE_PREFIX_PATH=/home/snake/Emmanuel_Jr_robot/install/nav2_common:/opt/ros/galactic PYTHONPATH=/home/snake/Emmanuel_Jr_robot/install/nav2_common/lib/python3.8/site-packages:${PYTHONPATH} /usr/bin/cmake /home/snake/Emmanuel_Jr_robot/src/navigation2/nav2_voxel_grid -DCMAKE_INSTALL_PREFIX=/home/snake/Emmanuel_Jr_robot/install/nav2_voxel_grid
[0.776s] Invoking command in '/home/snake/Emmanuel_Jr_robot/build/nav2_voxel_grid': AMENT_PREFIX_PATH=/home/snake/Emmanuel_Jr_robot/install/nav2_common:${AMENT_PREFIX_PATH} CMAKE_PREFIX_PATH=/home/snake/Emmanuel_Jr_robot/install/nav2_common:/opt/ros/galactic PYTHONPATH=/home/snake/Emmanuel_Jr_robot/install/nav2_common/lib/python3.8/site-packages:${PYTHONPATH} /usr/bin/cmake --build /home/snake/Emmanuel_Jr_robot/build/nav2_voxel_grid -- -j2 -l2
[0.868s] [ 20%] Built target voxel_grid
[0.880s] [ 40%] Built target gtest
[0.901s] [ 60%] Built target gtest_main
[0.941s] [ 70%] [32mBuilding CXX object test/CMakeFiles/voxel_grid_bresenham_3d.dir/voxel_grid_bresenham_3d.cpp.o[0m
[0.950s] [ 80%] [32mBuilding CXX object test/CMakeFiles/voxel_grid_tests.dir/voxel_grid_tests.cpp.o[0m
[8.972s] [ 90%] [32m[1mLinking CXX executable voxel_grid_tests[0m
[9.175s] [ 90%] Built target voxel_grid_tests
[9.232s] [100%] [32m[1mLinking CXX executable voxel_grid_bresenham_3d[0m
[9.390s] [100%] Built target voxel_grid_bresenham_3d
[9.413s] Invoked command in '/home/snake/Emmanuel_Jr_robot/build/nav2_voxel_grid' returned '0': AMENT_PREFIX_PATH=/home/snake/Emmanuel_Jr_robot/install/nav2_common:${AMENT_PREFIX_PATH} CMAKE_PREFIX_PATH=/home/snake/Emmanuel_Jr_robot/install/nav2_common:/opt/ros/galactic PYTHONPATH=/home/snake/Emmanuel_Jr_robot/install/nav2_common/lib/python3.8/site-packages:${PYTHONPATH} /usr/bin/cmake --build /home/snake/Emmanuel_Jr_robot/build/nav2_voxel_grid -- -j2 -l2
[9.579s] Invoking command in '/home/snake/Emmanuel_Jr_robot/build/nav2_voxel_grid': AMENT_PREFIX_PATH=/home/snake/Emmanuel_Jr_robot/install/nav2_common:${AMENT_PREFIX_PATH} CMAKE_PREFIX_PATH=/home/snake/Emmanuel_Jr_robot/install/nav2_common:/opt/ros/galactic PYTHONPATH=/home/snake/Emmanuel_Jr_robot/install/nav2_common/lib/python3.8/site-packages:${PYTHONPATH} /usr/bin/cmake --install /home/snake/Emmanuel_Jr_robot/build/nav2_voxel_grid
[9.604s] -- Install configuration: "Release"
[9.605s] -- Execute custom install script
[9.682s] -- Up-to-date symlink: /home/snake/Emmanuel_Jr_robot/install/nav2_voxel_grid/lib/libvoxel_grid.so
[9.684s] -- Up-to-date symlink: /home/snake/Emmanuel_Jr_robot/install/nav2_voxel_grid/include/nav2_voxel_grid/voxel_grid.hpp
[9.685s] -- Up-to-date symlink: /home/snake/Emmanuel_Jr_robot/install/nav2_voxel_grid/share/nav2_voxel_grid/environment/library_path.sh
[9.686s] -- Up-to-date symlink: /home/snake/Emmanuel_Jr_robot/install/nav2_voxel_grid/share/nav2_voxel_grid/environment/library_path.dsv
[9.688s] -- Up-to-date symlink: /home/snake/Emmanuel_Jr_robot/install/nav2_voxel_grid/share/ament_index/resource_index/package_run_dependencies/nav2_voxel_grid
[9.689s] -- Up-to-date symlink: /home/snake/Emmanuel_Jr_robot/install/nav2_voxel_grid/share/ament_index/resource_index/parent_prefix_path/nav2_voxel_grid
[9.690s] -- Up-to-date symlink: /home/snake/Emmanuel_Jr_robot/install/nav2_voxel_grid/share/nav2_voxel_grid/environment/ament_prefix_path.sh
[9.690s] -- Up-to-date symlink: /home/snake/Emmanuel_Jr_robot/install/nav2_voxel_grid/share/nav2_voxel_grid/environment/ament_prefix_path.dsv
[9.692s] -- Up-to-date symlink: /home/snake/Emmanuel_Jr_robot/install/nav2_voxel_grid/share/nav2_voxel_grid/environment/path.sh
[9.693s] -- Up-to-date symlink: /home/snake/Emmanuel_Jr_robot/install/nav2_voxel_grid/share/nav2_voxel_grid/environment/path.dsv
[9.694s] -- Up-to-date symlink: /home/snake/Emmanuel_Jr_robot/install/nav2_voxel_grid/share/nav2_voxel_grid/local_setup.bash
[9.698s] -- Up-to-date symlink: /home/snake/Emmanuel_Jr_robot/install/nav2_voxel_grid/share/nav2_voxel_grid/local_setup.sh
[9.699s] -- Up-to-date symlink: /home/snake/Emmanuel_Jr_robot/install/nav2_voxel_grid/share/nav2_voxel_grid/local_setup.zsh
[9.700s] -- Up-to-date symlink: /home/snake/Emmanuel_Jr_robot/install/nav2_voxel_grid/share/nav2_voxel_grid/local_setup.dsv
[9.701s] -- Symlinking: /home/snake/Emmanuel_Jr_robot/install/nav2_voxel_grid/share/nav2_voxel_grid/package.dsv
[9.730s] -- Up-to-date symlink: /home/snake/Emmanuel_Jr_robot/install/nav2_voxel_grid/share/ament_index/resource_index/packages/nav2_voxel_grid
[9.731s] -- Up-to-date symlink: /home/snake/Emmanuel_Jr_robot/install/nav2_voxel_grid/share/nav2_voxel_grid/cmake/ament_cmake_export_dependencies-extras.cmake
[9.732s] -- Up-to-date symlink: /home/snake/Emmanuel_Jr_robot/install/nav2_voxel_grid/share/nav2_voxel_grid/cmake/ament_cmake_export_include_directories-extras.cmake
[9.733s] -- Up-to-date symlink: /home/snake/Emmanuel_Jr_robot/install/nav2_voxel_grid/share/nav2_voxel_grid/cmake/ament_cmake_export_libraries-extras.cmake
[9.734s] -- Up-to-date symlink: /home/snake/Emmanuel_Jr_robot/install/nav2_voxel_grid/share/nav2_voxel_grid/cmake/nav2_voxel_gridConfig.cmake
[9.735s] -- Up-to-date symlink: /home/snake/Emmanuel_Jr_robot/install/nav2_voxel_grid/share/nav2_voxel_grid/cmake/nav2_voxel_gridConfig-version.cmake
[9.735s] -- Up-to-date symlink: /home/snake/Emmanuel_Jr_robot/install/nav2_voxel_grid/share/nav2_voxel_grid/package.xml
[9.739s] Invoked command in '/home/snake/Emmanuel_Jr_robot/build/nav2_voxel_grid' returned '0': AMENT_PREFIX_PATH=/home/snake/Emmanuel_Jr_robot/install/nav2_common:${AMENT_PREFIX_PATH} CMAKE_PREFIX_PATH=/home/snake/Emmanuel_Jr_robot/install/nav2_common:/opt/ros/galactic PYTHONPATH=/home/snake/Emmanuel_Jr_robot/install/nav2_common/lib/python3.8/site-packages:${PYTHONPATH} /usr/bin/cmake --install /home/snake/Emmanuel_Jr_robot/build/nav2_voxel_grid
