[0.035s] Invoking command in '/home/snake/Emmanuel_Jr_robot/build/nav2_core': AMENT_PREFIX_PATH=/home/snake/Emmanuel_Jr_robot/install/nav2_costmap_2d:/home/snake/Emmanuel_Jr_robot/install/nav2_util:/home/snake/Emmanuel_Jr_robot/install/nav2_voxel_grid:/home/snake/Emmanuel_Jr_robot/install/nav2_msgs:/home/snake/Emmanuel_Jr_robot/install/nav2_common:${AMENT_PREFIX_PATH} CMAKE_PREFIX_PATH=/home/snake/Emmanuel_Jr_robot/install/nav2_costmap_2d:/home/snake/Emmanuel_Jr_robot/install/nav2_util:/home/snake/Emmanuel_Jr_robot/install/nav2_voxel_grid:/home/snake/Emmanuel_Jr_robot/install/nav2_msgs:/home/snake/Emmanuel_Jr_robot/install/nav2_common:/opt/ros/galactic LD_LIBRARY_PATH=/home/snake/Emmanuel_Jr_robot/install/nav2_costmap_2d/lib:/home/snake/Emmanuel_Jr_robot/install/nav2_util/lib:/home/snake/Emmanuel_Jr_robot/install/nav2_voxel_grid/lib:/home/snake/Emmanuel_Jr_robot/install/nav2_msgs/lib:${LD_LIBRARY_PATH} PYTHONPATH=/home/snake/Emmanuel_Jr_robot/install/nav2_msgs/lib/python3.8/site-packages:/home/snake/Emmanuel_Jr_robot/install/nav2_common/lib/python3.8/site-packages:${PYTHONPATH} /usr/bin/cmake /home/snake/Emmanuel_Jr_robot/src/navigation2/nav2_core -DCMAKE_INSTALL_PREFIX=/home/snake/Emmanuel_Jr_robot/install/nav2_core
[0.056s] -- Found ament_cmake: 1.1.5 (/opt/ros/galactic/share/ament_cmake/cmake)
[0.092s] -- Using PYTHON_EXECUTABLE: /usr/bin/python3
[0.172s] -- Override CMake install command with custom implementation using symlinks instead of copying resources
[0.190s] -- Found nav2_common: 1.0.12 (/home/snake/Emmanuel_Jr_robot/install/nav2_common/share/nav2_common/cmake)
[0.192s] -- Found rclcpp: 9.2.1 (/opt/ros/galactic/share/rclcpp/cmake)
[0.248s] -- Using all available rosidl_typesupport_c: rosidl_typesupport_fastrtps_c;rosidl_typesupport_introspection_c
[0.253s] -- Found rosidl_adapter: 2.2.2 (/opt/ros/galactic/share/rosidl_adapter/cmake)
[0.382s] -- Using all available rosidl_typesupport_cpp: rosidl_typesupport_fastrtps_cpp;rosidl_typesupport_introspection_cpp
[0.444s] -- Found rmw_implementation_cmake: 3.3.1 (/opt/ros/galactic/share/rmw_implementation_cmake/cmake)
[0.447s] -- Found rmw_cyclonedds_cpp: 0.22.5 (/opt/ros/galactic/share/rmw_cyclonedds_cpp/cmake)
[0.468s] -- Using RMW implementation 'rmw_cyclonedds_cpp' as default
[0.614s] -- Found rclcpp_lifecycle: 9.2.1 (/opt/ros/galactic/share/rclcpp_lifecycle/cmake)
[0.650s] -- Found geometry_msgs: 2.2.4 (/opt/ros/galactic/share/geometry_msgs/cmake)
[0.690s] -- Found nav2_costmap_2d: 1.0.12 (/home/snake/Emmanuel_Jr_robot/install/nav2_costmap_2d/share/nav2_costmap_2d/cmake)
[2.309s] -- Found ament_lint_auto: 0.10.7 (/opt/ros/galactic/share/ament_lint_auto/cmake)
[2.415s] -- Added test 'cppcheck' to perform static code analysis on C / C++ code
[2.415s] -- Configured cppcheck include dirs: 
[2.415s] -- Configured cppcheck exclude dirs and/or files: 
[2.416s] -- Added test 'cpplint' to check C / C++ code against the Google style
[2.416s] -- Configured cpplint exclude dirs and/or files: 
[2.417s] -- Added test 'lint_cmake' to check CMake code style
[2.418s] -- Added test 'uncrustify' to check C / C++ code style
[2.418s] -- Configured uncrustify additional arguments: 
[2.418s] -- Added test 'xmllint' to check XML markup files
[2.427s] -- Configuring done
[2.433s] -- Generating done
[2.436s] -- Build files have been written to: /home/snake/Emmanuel_Jr_robot/build/nav2_core
[2.443s] Invoked command in '/home/snake/Emmanuel_Jr_robot/build/nav2_core' returned '0': AMENT_PREFIX_PATH=/home/snake/Emmanuel_Jr_robot/install/nav2_costmap_2d:/home/snake/Emmanuel_Jr_robot/install/nav2_util:/home/snake/Emmanuel_Jr_robot/install/nav2_voxel_grid:/home/snake/Emmanuel_Jr_robot/install/nav2_msgs:/home/snake/Emmanuel_Jr_robot/install/nav2_common:${AMENT_PREFIX_PATH} CMAKE_PREFIX_PATH=/home/snake/Emmanuel_Jr_robot/install/nav2_costmap_2d:/home/snake/Emmanuel_Jr_robot/install/nav2_util:/home/snake/Emmanuel_Jr_robot/install/nav2_voxel_grid:/home/snake/Emmanuel_Jr_robot/install/nav2_msgs:/home/snake/Emmanuel_Jr_robot/install/nav2_common:/opt/ros/galactic LD_LIBRARY_PATH=/home/snake/Emmanuel_Jr_robot/install/nav2_costmap_2d/lib:/home/snake/Emmanuel_Jr_robot/install/nav2_util/lib:/home/snake/Emmanuel_Jr_robot/install/nav2_voxel_grid/lib:/home/snake/Emmanuel_Jr_robot/install/nav2_msgs/lib:${LD_LIBRARY_PATH} PYTHONPATH=/home/snake/Emmanuel_Jr_robot/install/nav2_msgs/lib/python3.8/site-packages:/home/snake/Emmanuel_Jr_robot/install/nav2_common/lib/python3.8/site-packages:${PYTHONPATH} /usr/bin/cmake /home/snake/Emmanuel_Jr_robot/src/navigation2/nav2_core -DCMAKE_INSTALL_PREFIX=/home/snake/Emmanuel_Jr_robot/install/nav2_core
[2.445s] Invoking command in '/home/snake/Emmanuel_Jr_robot/build/nav2_core': AMENT_PREFIX_PATH=/home/snake/Emmanuel_Jr_robot/install/nav2_costmap_2d:/home/snake/Emmanuel_Jr_robot/install/nav2_util:/home/snake/Emmanuel_Jr_robot/install/nav2_voxel_grid:/home/snake/Emmanuel_Jr_robot/install/nav2_msgs:/home/snake/Emmanuel_Jr_robot/install/nav2_common:${AMENT_PREFIX_PATH} CMAKE_PREFIX_PATH=/home/snake/Emmanuel_Jr_robot/install/nav2_costmap_2d:/home/snake/Emmanuel_Jr_robot/install/nav2_util:/home/snake/Emmanuel_Jr_robot/install/nav2_voxel_grid:/home/snake/Emmanuel_Jr_robot/install/nav2_msgs:/home/snake/Emmanuel_Jr_robot/install/nav2_common:/opt/ros/galactic LD_LIBRARY_PATH=/home/snake/Emmanuel_Jr_robot/install/nav2_costmap_2d/lib:/home/snake/Emmanuel_Jr_robot/install/nav2_util/lib:/home/snake/Emmanuel_Jr_robot/install/nav2_voxel_grid/lib:/home/snake/Emmanuel_Jr_robot/install/nav2_msgs/lib:${LD_LIBRARY_PATH} PYTHONPATH=/home/snake/Emmanuel_Jr_robot/install/nav2_msgs/lib/python3.8/site-packages:/home/snake/Emmanuel_Jr_robot/install/nav2_common/lib/python3.8/site-packages:${PYTHONPATH} /usr/bin/cmake --build /home/snake/Emmanuel_Jr_robot/build/nav2_core -- -j2 -l2
[2.494s] Invoked command in '/home/snake/Emmanuel_Jr_robot/build/nav2_core' returned '0': AMENT_PREFIX_PATH=/home/snake/Emmanuel_Jr_robot/install/nav2_costmap_2d:/home/snake/Emmanuel_Jr_robot/install/nav2_util:/home/snake/Emmanuel_Jr_robot/install/nav2_voxel_grid:/home/snake/Emmanuel_Jr_robot/install/nav2_msgs:/home/snake/Emmanuel_Jr_robot/install/nav2_common:${AMENT_PREFIX_PATH} CMAKE_PREFIX_PATH=/home/snake/Emmanuel_Jr_robot/install/nav2_costmap_2d:/home/snake/Emmanuel_Jr_robot/install/nav2_util:/home/snake/Emmanuel_Jr_robot/install/nav2_voxel_grid:/home/snake/Emmanuel_Jr_robot/install/nav2_msgs:/home/snake/Emmanuel_Jr_robot/install/nav2_common:/opt/ros/galactic LD_LIBRARY_PATH=/home/snake/Emmanuel_Jr_robot/install/nav2_costmap_2d/lib:/home/snake/Emmanuel_Jr_robot/install/nav2_util/lib:/home/snake/Emmanuel_Jr_robot/install/nav2_voxel_grid/lib:/home/snake/Emmanuel_Jr_robot/install/nav2_msgs/lib:${LD_LIBRARY_PATH} PYTHONPATH=/home/snake/Emmanuel_Jr_robot/install/nav2_msgs/lib/python3.8/site-packages:/home/snake/Emmanuel_Jr_robot/install/nav2_common/lib/python3.8/site-packages:${PYTHONPATH} /usr/bin/cmake --build /home/snake/Emmanuel_Jr_robot/build/nav2_core -- -j2 -l2
[2.521s] Invoking command in '/home/snake/Emmanuel_Jr_robot/build/nav2_core': AMENT_PREFIX_PATH=/home/snake/Emmanuel_Jr_robot/install/nav2_costmap_2d:/home/snake/Emmanuel_Jr_robot/install/nav2_util:/home/snake/Emmanuel_Jr_robot/install/nav2_voxel_grid:/home/snake/Emmanuel_Jr_robot/install/nav2_msgs:/home/snake/Emmanuel_Jr_robot/install/nav2_common:${AMENT_PREFIX_PATH} CMAKE_PREFIX_PATH=/home/snake/Emmanuel_Jr_robot/install/nav2_costmap_2d:/home/snake/Emmanuel_Jr_robot/install/nav2_util:/home/snake/Emmanuel_Jr_robot/install/nav2_voxel_grid:/home/snake/Emmanuel_Jr_robot/install/nav2_msgs:/home/snake/Emmanuel_Jr_robot/install/nav2_common:/opt/ros/galactic LD_LIBRARY_PATH=/home/snake/Emmanuel_Jr_robot/install/nav2_costmap_2d/lib:/home/snake/Emmanuel_Jr_robot/install/nav2_util/lib:/home/snake/Emmanuel_Jr_robot/install/nav2_voxel_grid/lib:/home/snake/Emmanuel_Jr_robot/install/nav2_msgs/lib:${LD_LIBRARY_PATH} PYTHONPATH=/home/snake/Emmanuel_Jr_robot/install/nav2_msgs/lib/python3.8/site-packages:/home/snake/Emmanuel_Jr_robot/install/nav2_common/lib/python3.8/site-packages:${PYTHONPATH} /usr/bin/cmake --install /home/snake/Emmanuel_Jr_robot/build/nav2_core
[2.530s] -- Install configuration: "Release"
[2.531s] -- Execute custom install script
[2.532s] -- Up-to-date symlink: /home/snake/Emmanuel_Jr_robot/install/nav2_core/include//nav2_core/controller.hpp
[2.533s] -- Up-to-date symlink: /home/snake/Emmanuel_Jr_robot/install/nav2_core/include//nav2_core/exceptions.hpp
[2.533s] -- Up-to-date symlink: /home/snake/Emmanuel_Jr_robot/install/nav2_core/include//nav2_core/global_planner.hpp
[2.534s] -- Up-to-date symlink: /home/snake/Emmanuel_Jr_robot/install/nav2_core/include//nav2_core/goal_checker.hpp
[2.534s] -- Up-to-date symlink: /home/snake/Emmanuel_Jr_robot/install/nav2_core/include//nav2_core/progress_checker.hpp
[2.535s] -- Up-to-date symlink: /home/snake/Emmanuel_Jr_robot/install/nav2_core/include//nav2_core/recovery.hpp
[2.536s] -- Up-to-date symlink: /home/snake/Emmanuel_Jr_robot/install/nav2_core/include//nav2_core/waypoint_task_executor.hpp
[2.537s] -- Up-to-date symlink: /home/snake/Emmanuel_Jr_robot/install/nav2_core/share/ament_index/resource_index/package_run_dependencies/nav2_core
[2.538s] -- Up-to-date symlink: /home/snake/Emmanuel_Jr_robot/install/nav2_core/share/ament_index/resource_index/parent_prefix_path/nav2_core
[2.539s] -- Up-to-date symlink: /home/snake/Emmanuel_Jr_robot/install/nav2_core/share/nav2_core/environment/ament_prefix_path.sh
[2.540s] -- Up-to-date symlink: /home/snake/Emmanuel_Jr_robot/install/nav2_core/share/nav2_core/environment/ament_prefix_path.dsv
[2.541s] -- Up-to-date symlink: /home/snake/Emmanuel_Jr_robot/install/nav2_core/share/nav2_core/environment/path.sh
[2.541s] -- Up-to-date symlink: /home/snake/Emmanuel_Jr_robot/install/nav2_core/share/nav2_core/environment/path.dsv
[2.542s] -- Up-to-date symlink: /home/snake/Emmanuel_Jr_robot/install/nav2_core/share/nav2_core/local_setup.bash
[2.542s] -- Up-to-date symlink: /home/snake/Emmanuel_Jr_robot/install/nav2_core/share/nav2_core/local_setup.sh
[2.543s] -- Up-to-date symlink: /home/snake/Emmanuel_Jr_robot/install/nav2_core/share/nav2_core/local_setup.zsh
[2.543s] -- Up-to-date symlink: /home/snake/Emmanuel_Jr_robot/install/nav2_core/share/nav2_core/local_setup.dsv
[2.543s] -- Symlinking: /home/snake/Emmanuel_Jr_robot/install/nav2_core/share/nav2_core/package.dsv
[2.554s] -- Up-to-date symlink: /home/snake/Emmanuel_Jr_robot/install/nav2_core/share/ament_index/resource_index/packages/nav2_core
[2.554s] -- Up-to-date symlink: /home/snake/Emmanuel_Jr_robot/install/nav2_core/share/nav2_core/cmake/ament_cmake_export_include_directories-extras.cmake
[2.555s] -- Up-to-date symlink: /home/snake/Emmanuel_Jr_robot/install/nav2_core/share/nav2_core/cmake/ament_cmake_export_dependencies-extras.cmake
[2.555s] -- Up-to-date symlink: /home/snake/Emmanuel_Jr_robot/install/nav2_core/share/nav2_core/cmake/nav2_coreConfig.cmake
[2.556s] -- Up-to-date symlink: /home/snake/Emmanuel_Jr_robot/install/nav2_core/share/nav2_core/cmake/nav2_coreConfig-version.cmake
[2.558s] -- Up-to-date symlink: /home/snake/Emmanuel_Jr_robot/install/nav2_core/share/nav2_core/package.xml
[2.560s] Invoked command in '/home/snake/Emmanuel_Jr_robot/build/nav2_core' returned '0': AMENT_PREFIX_PATH=/home/snake/Emmanuel_Jr_robot/install/nav2_costmap_2d:/home/snake/Emmanuel_Jr_robot/install/nav2_util:/home/snake/Emmanuel_Jr_robot/install/nav2_voxel_grid:/home/snake/Emmanuel_Jr_robot/install/nav2_msgs:/home/snake/Emmanuel_Jr_robot/install/nav2_common:${AMENT_PREFIX_PATH} CMAKE_PREFIX_PATH=/home/snake/Emmanuel_Jr_robot/install/nav2_costmap_2d:/home/snake/Emmanuel_Jr_robot/install/nav2_util:/home/snake/Emmanuel_Jr_robot/install/nav2_voxel_grid:/home/snake/Emmanuel_Jr_robot/install/nav2_msgs:/home/snake/Emmanuel_Jr_robot/install/nav2_common:/opt/ros/galactic LD_LIBRARY_PATH=/home/snake/Emmanuel_Jr_robot/install/nav2_costmap_2d/lib:/home/snake/Emmanuel_Jr_robot/install/nav2_util/lib:/home/snake/Emmanuel_Jr_robot/install/nav2_voxel_grid/lib:/home/snake/Emmanuel_Jr_robot/install/nav2_msgs/lib:${LD_LIBRARY_PATH} PYTHONPATH=/home/snake/Emmanuel_Jr_robot/install/nav2_msgs/lib/python3.8/site-packages:/home/snake/Emmanuel_Jr_robot/install/nav2_common/lib/python3.8/site-packages:${PYTHONPATH} /usr/bin/cmake --install /home/snake/Emmanuel_Jr_robot/build/nav2_core
