-- Found ament_cmake: 1.1.5 (/opt/ros/galactic/share/ament_cmake/cmake)
-- Using PYTHON_EXECUTABLE: /usr/bin/python3
-- Override CMake install command with custom implementation using symlinks instead of copying resources
-- Found geometry_msgs: 2.2.4 (/opt/ros/galactic/share/geometry_msgs/cmake)
-- Using all available rosidl_typesupport_c: rosidl_typesupport_fastrtps_c;rosidl_typesupport_introspection_c
-- Found rosidl_adapter: 2.2.2 (/opt/ros/galactic/share/rosidl_adapter/cmake)
-- Using all available rosidl_typesupport_cpp: rosidl_typesupport_fastrtps_cpp;rosidl_typesupport_introspection_cpp
-- Found laser_geometry: 2.2.1 (/opt/ros/galactic/share/laser_geometry/cmake)
-- Found map_msgs: 2.1.0 (/opt/ros/galactic/share/map_msgs/cmake)
-- Found message_filters: 3.2.6 (/opt/ros/galactic/share/message_filters/cmake)
-- Found rmw_implementation_cmake: 3.3.1 (/opt/ros/galactic/share/rmw_implementation_cmake/cmake)
-- Found rmw_cyclonedds_cpp: 0.22.5 (/opt/ros/galactic/share/rmw_cyclonedds_cpp/cmake)
-- Using RMW implementation 'rmw_cyclonedds_cpp' as default
-- Found nav2_common: 1.0.12 (/home/snake/Emmanuel_Jr_robot/install/nav2_common/share/nav2_common/cmake)
-- Found nav2_msgs: 1.0.12 (/home/snake/Emmanuel_Jr_robot/install/nav2_msgs/share/nav2_msgs/cmake)
-- Found nav2_util: 1.0.12 (/home/snake/Emmanuel_Jr_robot/install/nav2_util/share/nav2_util/cmake)
-- Found nav2_voxel_grid: 1.0.12 (/home/snake/Emmanuel_Jr_robot/install/nav2_voxel_grid/share/nav2_voxel_grid/cmake)
-- Found pluginlib: 5.0.0 (/opt/ros/galactic/share/pluginlib/cmake)
-- Found tf2_sensor_msgs: 0.17.3 (/opt/ros/galactic/share/tf2_sensor_msgs/cmake)
-- Found visualization_msgs: 2.2.4 (/opt/ros/galactic/share/visualization_msgs/cmake)
-- Found angles: 1.12.4 (/opt/ros/galactic/share/angles/cmake)
-- Found ament_lint_auto: 0.10.7 (/opt/ros/galactic/share/ament_lint_auto/cmake)
-- Found gtest sources under '/opt/ros/galactic/src/gtest_vendor': C++ tests using 'Google Test' will be built
-- Found gtest sources under '/opt/ros/galactic/src/gtest_vendor': C++ tests using 'Google Test' will be built
-- Found gtest sources under '/opt/ros/galactic/src/gtest_vendor': C++ tests using 'Google Test' will be built
-- Added test 'cppcheck' to perform static code analysis on C / C++ code
-- Configured cppcheck include dirs: /home/snake/Emmanuel_Jr_robot/src/navigation2/nav2_costmap_2d/include
-- Configured cppcheck exclude dirs and/or files: 
-- Added test 'flake8' to check Python code syntax and style conventions
-- Added test 'lint_cmake' to check CMake code style
-- Added test 'pep257' to check Python code against some of the style conventions in PEP 257
-- Added test 'uncrustify' to check C / C++ code style
-- Configured uncrustify additional arguments: 
-- Added test 'xmllint' to check XML markup files
-- Configuring done
-- Generating done
-- Build files have been written to: /home/snake/Emmanuel_Jr_robot/build/nav2_costmap_2d
[ 21%] Built target nav2_costmap_2d_core
[ 25%] Built target gtest
[ 28%] Built target gtest_main
[ 39%] Built target layers
[ 43%] Built target filters
[ 50%] Built target nav2_costmap_2d_client
[ 53%] Built target nav2_costmap_2d_markers
[ 56%] Built target nav2_costmap_2d_cloud
[ 59%] Built target nav2_costmap_2d
[ 60%] [32mBuilding CXX object test/unit/CMakeFiles/array_parser_test.dir/array_parser_test.cpp.o[0m
[ 62%] [32m[1mLinking CXX executable array_parser_test[0m
[ 62%] Built target array_parser_test
[ 64%] [32mBuilding CXX object test/unit/CMakeFiles/costmap_convesion_test.dir/costmap_conversion_test.cpp.o[0m
[ 65%] [32m[1mLinking CXX executable costmap_convesion_test[0m
[ 65%] Built target costmap_convesion_test
[ 67%] [32mBuilding CXX object test/unit/CMakeFiles/keepout_filter_test.dir/keepout_filter_test.cpp.o[0m
[ 68%] [32m[1mLinking CXX executable keepout_filter_test[0m
[ 68%] Built target keepout_filter_test
[ 70%] [32mBuilding CXX object test/unit/CMakeFiles/speed_filter_test.dir/speed_filter_test.cpp.o[0m
[ 71%] [32m[1mLinking CXX executable speed_filter_test[0m
[ 71%] Built target speed_filter_test
[ 73%] [32mBuilding CXX object test/unit/CMakeFiles/collision_footprint_test.dir/footprint_collision_checker_test.cpp.o[0m
[ 75%] [32m[1mLinking CXX executable collision_footprint_test[0m
[ 75%] Built target collision_footprint_test
[ 76%] [32mBuilding CXX object test/unit/CMakeFiles/declare_parameter_test.dir/declare_parameter_test.cpp.o[0m
[ 78%] [32m[1mLinking CXX executable declare_parameter_test[0m
[ 78%] Built target declare_parameter_test
[ 79%] [32mBuilding CXX object test/unit/CMakeFiles/copy_window_test.dir/copy_window_test.cpp.o[0m
[ 81%] [32m[1mLinking CXX executable copy_window_test[0m
[ 81%] Built target copy_window_test
[ 82%] [32mBuilding CXX object test/integration/CMakeFiles/range_tests_exec.dir/range_tests.cpp.o[0m
[ 84%] [32m[1mLinking CXX executable range_tests_exec[0m
[ 84%] Built target range_tests_exec
[ 85%] [32mBuilding CXX object test/integration/CMakeFiles/obstacle_tests_exec.dir/obstacle_tests.cpp.o[0m
[ 87%] [32m[1mLinking CXX executable obstacle_tests_exec[0m
[ 87%] Built target obstacle_tests_exec
[ 89%] [32mBuilding CXX object test/integration/CMakeFiles/inflation_tests_exec.dir/inflation_tests.cpp.o[0m
[ 90%] [32m[1mLinking CXX executable inflation_tests_exec[0m
[ 90%] Built target inflation_tests_exec
[ 92%] [32mBuilding CXX object test/integration/CMakeFiles/test_collision_checker_exec.dir/test_costmap_topic_collision_checker.cpp.o[0m
[ 93%] [32m[1mLinking CXX executable test_collision_checker_exec[0m
[ 93%] Built target test_collision_checker_exec
[ 95%] [32mBuilding CXX object test/integration/CMakeFiles/footprint_tests_exec.dir/footprint_tests.cpp.o[0m
[ 96%] [32m[1mLinking CXX executable footprint_tests_exec[0m
[ 96%] Built target footprint_tests_exec
[ 98%] [32mBuilding CXX object test/regression/CMakeFiles/costmap_bresenham_2d.dir/costmap_bresenham_2d.cpp.o[0m
[100%] [32m[1mLinking CXX executable costmap_bresenham_2d[0m
[100%] Built target costmap_bresenham_2d
-- Install configuration: "Release"
-- Execute custom install script
-- Up-to-date symlink: /home/snake/Emmanuel_Jr_robot/install/nav2_costmap_2d/lib/libnav2_costmap_2d_core.so
-- Up-to-date symlink: /home/snake/Emmanuel_Jr_robot/install/nav2_costmap_2d/lib/liblayers.so
-- Up-to-date symlink: /home/snake/Emmanuel_Jr_robot/install/nav2_costmap_2d/lib/libfilters.so
-- Up-to-date symlink: /home/snake/Emmanuel_Jr_robot/install/nav2_costmap_2d/lib/libnav2_costmap_2d_client.so
-- Up-to-date symlink: /home/snake/Emmanuel_Jr_robot/install/nav2_costmap_2d/lib/nav2_costmap_2d/nav2_costmap_2d
-- Up-to-date symlink: /home/snake/Emmanuel_Jr_robot/install/nav2_costmap_2d/lib/nav2_costmap_2d/nav2_costmap_2d_markers
-- Up-to-date symlink: /home/snake/Emmanuel_Jr_robot/install/nav2_costmap_2d/lib/nav2_costmap_2d/nav2_costmap_2d_cloud
-- Up-to-date symlink: /home/snake/Emmanuel_Jr_robot/install/nav2_costmap_2d/share/nav2_costmap_2d/costmap_plugins.xml
-- Up-to-date symlink: /home/snake/Emmanuel_Jr_robot/install/nav2_costmap_2d/include//nav2_costmap_2d/array_parser.hpp
-- Up-to-date symlink: /home/snake/Emmanuel_Jr_robot/install/nav2_costmap_2d/include//nav2_costmap_2d/clear_costmap_service.hpp
-- Up-to-date symlink: /home/snake/Emmanuel_Jr_robot/install/nav2_costmap_2d/include//nav2_costmap_2d/cost_values.hpp
-- Up-to-date symlink: /home/snake/Emmanuel_Jr_robot/install/nav2_costmap_2d/include//nav2_costmap_2d/costmap_2d.hpp
-- Up-to-date symlink: /home/snake/Emmanuel_Jr_robot/install/nav2_costmap_2d/include//nav2_costmap_2d/costmap_2d_publisher.hpp
-- Up-to-date symlink: /home/snake/Emmanuel_Jr_robot/install/nav2_costmap_2d/include//nav2_costmap_2d/costmap_2d_ros.hpp
-- Up-to-date symlink: /home/snake/Emmanuel_Jr_robot/install/nav2_costmap_2d/include//nav2_costmap_2d/costmap_filters/costmap_filter.hpp
-- Up-to-date symlink: /home/snake/Emmanuel_Jr_robot/install/nav2_costmap_2d/include//nav2_costmap_2d/costmap_filters/filter_values.hpp
-- Up-to-date symlink: /home/snake/Emmanuel_Jr_robot/install/nav2_costmap_2d/include//nav2_costmap_2d/costmap_filters/keepout_filter.hpp
-- Up-to-date symlink: /home/snake/Emmanuel_Jr_robot/install/nav2_costmap_2d/include//nav2_costmap_2d/costmap_filters/speed_filter.hpp
-- Up-to-date symlink: /home/snake/Emmanuel_Jr_robot/install/nav2_costmap_2d/include//nav2_costmap_2d/costmap_layer.hpp
-- Up-to-date symlink: /home/snake/Emmanuel_Jr_robot/install/nav2_costmap_2d/include//nav2_costmap_2d/costmap_math.hpp
-- Up-to-date symlink: /home/snake/Emmanuel_Jr_robot/install/nav2_costmap_2d/include//nav2_costmap_2d/costmap_subscriber.hpp
-- Up-to-date symlink: /home/snake/Emmanuel_Jr_robot/install/nav2_costmap_2d/include//nav2_costmap_2d/costmap_topic_collision_checker.hpp
-- Up-to-date symlink: /home/snake/Emmanuel_Jr_robot/install/nav2_costmap_2d/include//nav2_costmap_2d/exceptions.hpp
-- Up-to-date symlink: /home/snake/Emmanuel_Jr_robot/install/nav2_costmap_2d/include//nav2_costmap_2d/footprint.hpp
-- Up-to-date symlink: /home/snake/Emmanuel_Jr_robot/install/nav2_costmap_2d/include//nav2_costmap_2d/footprint_collision_checker.hpp
-- Up-to-date symlink: /home/snake/Emmanuel_Jr_robot/install/nav2_costmap_2d/include//nav2_costmap_2d/footprint_subscriber.hpp
-- Up-to-date symlink: /home/snake/Emmanuel_Jr_robot/install/nav2_costmap_2d/include//nav2_costmap_2d/inflation_layer.hpp
-- Up-to-date symlink: /home/snake/Emmanuel_Jr_robot/install/nav2_costmap_2d/include//nav2_costmap_2d/layer.hpp
-- Up-to-date symlink: /home/snake/Emmanuel_Jr_robot/install/nav2_costmap_2d/include//nav2_costmap_2d/layered_costmap.hpp
-- Up-to-date symlink: /home/snake/Emmanuel_Jr_robot/install/nav2_costmap_2d/include//nav2_costmap_2d/observation.hpp
-- Up-to-date symlink: /home/snake/Emmanuel_Jr_robot/install/nav2_costmap_2d/include//nav2_costmap_2d/observation_buffer.hpp
-- Up-to-date symlink: /home/snake/Emmanuel_Jr_robot/install/nav2_costmap_2d/include//nav2_costmap_2d/obstacle_layer.hpp
-- Up-to-date symlink: /home/snake/Emmanuel_Jr_robot/install/nav2_costmap_2d/include//nav2_costmap_2d/range_sensor_layer.hpp
-- Up-to-date symlink: /home/snake/Emmanuel_Jr_robot/install/nav2_costmap_2d/include//nav2_costmap_2d/static_layer.hpp
-- Up-to-date symlink: /home/snake/Emmanuel_Jr_robot/install/nav2_costmap_2d/include//nav2_costmap_2d/voxel_layer.hpp
-- Up-to-date symlink: /home/snake/Emmanuel_Jr_robot/install/nav2_costmap_2d/share/nav2_costmap_2d/environment/library_path.sh
-- Up-to-date symlink: /home/snake/Emmanuel_Jr_robot/install/nav2_costmap_2d/share/nav2_costmap_2d/environment/library_path.dsv
-- Up-to-date symlink: /home/snake/Emmanuel_Jr_robot/install/nav2_costmap_2d/share/nav2_costmap_2d//costmap_plugins.xml
-- Up-to-date symlink: /home/snake/Emmanuel_Jr_robot/install/nav2_costmap_2d/share/ament_index/resource_index/package_run_dependencies/nav2_costmap_2d
-- Up-to-date symlink: /home/snake/Emmanuel_Jr_robot/install/nav2_costmap_2d/share/ament_index/resource_index/parent_prefix_path/nav2_costmap_2d
-- Up-to-date symlink: /home/snake/Emmanuel_Jr_robot/install/nav2_costmap_2d/share/nav2_costmap_2d/environment/ament_prefix_path.sh
-- Up-to-date symlink: /home/snake/Emmanuel_Jr_robot/install/nav2_costmap_2d/share/nav2_costmap_2d/environment/ament_prefix_path.dsv
-- Up-to-date symlink: /home/snake/Emmanuel_Jr_robot/install/nav2_costmap_2d/share/nav2_costmap_2d/environment/path.sh
-- Up-to-date symlink: /home/snake/Emmanuel_Jr_robot/install/nav2_costmap_2d/share/nav2_costmap_2d/environment/path.dsv
-- Up-to-date symlink: /home/snake/Emmanuel_Jr_robot/install/nav2_costmap_2d/share/nav2_costmap_2d/local_setup.bash
-- Up-to-date symlink: /home/snake/Emmanuel_Jr_robot/install/nav2_costmap_2d/share/nav2_costmap_2d/local_setup.sh
-- Up-to-date symlink: /home/snake/Emmanuel_Jr_robot/install/nav2_costmap_2d/share/nav2_costmap_2d/local_setup.zsh
-- Up-to-date symlink: /home/snake/Emmanuel_Jr_robot/install/nav2_costmap_2d/share/nav2_costmap_2d/local_setup.dsv
-- Symlinking: /home/snake/Emmanuel_Jr_robot/install/nav2_costmap_2d/share/nav2_costmap_2d/package.dsv
-- Up-to-date symlink: /home/snake/Emmanuel_Jr_robot/install/nav2_costmap_2d/share/ament_index/resource_index/packages/nav2_costmap_2d
-- Up-to-date symlink: /home/snake/Emmanuel_Jr_robot/install/nav2_costmap_2d/share/ament_index/resource_index/nav2_costmap_2d__pluginlib__plugin/nav2_costmap_2d
-- Up-to-date symlink: /home/snake/Emmanuel_Jr_robot/install/nav2_costmap_2d/share/nav2_costmap_2d/cmake/ament_cmake_export_include_directories-extras.cmake
-- Up-to-date symlink: /home/snake/Emmanuel_Jr_robot/install/nav2_costmap_2d/share/nav2_costmap_2d/cmake/ament_cmake_export_libraries-extras.cmake
-- Up-to-date symlink: /home/snake/Emmanuel_Jr_robot/install/nav2_costmap_2d/share/nav2_costmap_2d/cmake/ament_cmake_export_dependencies-extras.cmake
-- Up-to-date symlink: /home/snake/Emmanuel_Jr_robot/install/nav2_costmap_2d/share/nav2_costmap_2d/cmake/nav2_costmap_2dConfig.cmake
-- Up-to-date symlink: /home/snake/Emmanuel_Jr_robot/install/nav2_costmap_2d/share/nav2_costmap_2d/cmake/nav2_costmap_2dConfig-version.cmake
-- Up-to-date symlink: /home/snake/Emmanuel_Jr_robot/install/nav2_costmap_2d/share/nav2_costmap_2d/package.xml
