[0.060s] Invoking command in '/home/snake/Emmanuel_Jr_robot/build/nav2_costmap_2d': AMENT_PREFIX_PATH=/home/snake/Emmanuel_Jr_robot/install/nav2_map_server:/home/snake/Emmanuel_Jr_robot/install/nav2_lifecycle_manager:/home/snake/Emmanuel_Jr_robot/install/nav2_util:/home/snake/Emmanuel_Jr_robot/install/nav2_voxel_grid:/home/snake/Emmanuel_Jr_robot/install/nav2_msgs:/home/snake/Emmanuel_Jr_robot/install/nav2_common:${AMENT_PREFIX_PATH} CMAKE_PREFIX_PATH=/home/snake/Emmanuel_Jr_robot/install/nav2_map_server:/home/snake/Emmanuel_Jr_robot/install/nav2_lifecycle_manager:/home/snake/Emmanuel_Jr_robot/install/nav2_util:/home/snake/Emmanuel_Jr_robot/install/nav2_voxel_grid:/home/snake/Emmanuel_Jr_robot/install/nav2_msgs:/home/snake/Emmanuel_Jr_robot/install/nav2_common:/opt/ros/galactic LD_LIBRARY_PATH=/home/snake/Emmanuel_Jr_robot/install/nav2_map_server/lib:/home/snake/Emmanuel_Jr_robot/install/nav2_lifecycle_manager/lib:/home/snake/Emmanuel_Jr_robot/install/nav2_util/lib:/home/snake/Emmanuel_Jr_robot/install/nav2_voxel_grid/lib:/home/snake/Emmanuel_Jr_robot/install/nav2_msgs/lib:${LD_LIBRARY_PATH} PYTHONPATH=/home/snake/Emmanuel_Jr_robot/install/nav2_msgs/lib/python3.8/site-packages:/home/snake/Emmanuel_Jr_robot/install/nav2_common/lib/python3.8/site-packages:${PYTHONPATH} /usr/bin/cmake /home/snake/Emmanuel_Jr_robot/src/navigation2/nav2_costmap_2d -DCMAKE_INSTALL_PREFIX=/home/snake/Emmanuel_Jr_robot/install/nav2_costmap_2d
[0.101s] -- Found ament_cmake: 1.1.5 (/opt/ros/galactic/share/ament_cmake/cmake)
[0.147s] -- Using PYTHON_EXECUTABLE: /usr/bin/python3
[0.215s] -- Override CMake install command with custom implementation using symlinks instead of copying resources
[0.233s] -- Found geometry_msgs: 2.2.4 (/opt/ros/galactic/share/geometry_msgs/cmake)
[0.264s] -- Using all available rosidl_typesupport_c: rosidl_typesupport_fastrtps_c;rosidl_typesupport_introspection_c
[0.268s] -- Found rosidl_adapter: 2.2.2 (/opt/ros/galactic/share/rosidl_adapter/cmake)
[0.402s] -- Using all available rosidl_typesupport_cpp: rosidl_typesupport_fastrtps_cpp;rosidl_typesupport_introspection_cpp
[0.496s] -- Found laser_geometry: 2.2.1 (/opt/ros/galactic/share/laser_geometry/cmake)
[0.505s] -- Found map_msgs: 2.1.0 (/opt/ros/galactic/share/map_msgs/cmake)
[0.836s] -- Found message_filters: 3.2.6 (/opt/ros/galactic/share/message_filters/cmake)
[0.891s] -- Found rmw_implementation_cmake: 3.3.1 (/opt/ros/galactic/share/rmw_implementation_cmake/cmake)
[0.893s] -- Found rmw_cyclonedds_cpp: 0.22.5 (/opt/ros/galactic/share/rmw_cyclonedds_cpp/cmake)
[0.915s] -- Using RMW implementation 'rmw_cyclonedds_cpp' as default
[1.061s] -- Found nav2_common: 1.0.12 (/home/snake/Emmanuel_Jr_robot/install/nav2_common/share/nav2_common/cmake)
[1.062s] -- Found nav2_msgs: 1.0.12 (/home/snake/Emmanuel_Jr_robot/install/nav2_msgs/share/nav2_msgs/cmake)
[1.345s] -- Found nav2_util: 1.0.12 (/home/snake/Emmanuel_Jr_robot/install/nav2_util/share/nav2_util/cmake)
[1.876s] -- Found nav2_voxel_grid: 1.0.12 (/home/snake/Emmanuel_Jr_robot/install/nav2_voxel_grid/share/nav2_voxel_grid/cmake)
[1.883s] -- Found pluginlib: 5.0.0 (/opt/ros/galactic/share/pluginlib/cmake)
[1.903s] -- Found tf2_sensor_msgs: 0.17.3 (/opt/ros/galactic/share/tf2_sensor_msgs/cmake)
[1.921s] -- Found visualization_msgs: 2.2.4 (/opt/ros/galactic/share/visualization_msgs/cmake)
[1.994s] -- Found angles: 1.12.4 (/opt/ros/galactic/share/angles/cmake)
[3.322s] -- Found ament_lint_auto: 0.10.7 (/opt/ros/galactic/share/ament_lint_auto/cmake)
[4.247s] -- Found gtest sources under '/opt/ros/galactic/src/gtest_vendor': C++ tests using 'Google Test' will be built
[4.264s] -- Found gtest sources under '/opt/ros/galactic/src/gtest_vendor': C++ tests using 'Google Test' will be built
[5.422s] -- Found gtest sources under '/opt/ros/galactic/src/gtest_vendor': C++ tests using 'Google Test' will be built
[5.445s] -- Added test 'cppcheck' to perform static code analysis on C / C++ code
[5.446s] -- Configured cppcheck include dirs: /home/snake/Emmanuel_Jr_robot/src/navigation2/nav2_costmap_2d/include
[5.446s] -- Configured cppcheck exclude dirs and/or files: 
[5.447s] -- Added test 'flake8' to check Python code syntax and style conventions
[5.448s] -- Added test 'lint_cmake' to check CMake code style
[5.449s] -- Added test 'pep257' to check Python code against some of the style conventions in PEP 257
[5.451s] -- Added test 'uncrustify' to check C / C++ code style
[5.451s] -- Configured uncrustify additional arguments: 
[5.452s] -- Added test 'xmllint' to check XML markup files
[5.464s] -- Configuring done
[6.106s] -- Generating done
[6.112s] -- Build files have been written to: /home/snake/Emmanuel_Jr_robot/build/nav2_costmap_2d
[6.125s] Invoked command in '/home/snake/Emmanuel_Jr_robot/build/nav2_costmap_2d' returned '0': AMENT_PREFIX_PATH=/home/snake/Emmanuel_Jr_robot/install/nav2_map_server:/home/snake/Emmanuel_Jr_robot/install/nav2_lifecycle_manager:/home/snake/Emmanuel_Jr_robot/install/nav2_util:/home/snake/Emmanuel_Jr_robot/install/nav2_voxel_grid:/home/snake/Emmanuel_Jr_robot/install/nav2_msgs:/home/snake/Emmanuel_Jr_robot/install/nav2_common:${AMENT_PREFIX_PATH} CMAKE_PREFIX_PATH=/home/snake/Emmanuel_Jr_robot/install/nav2_map_server:/home/snake/Emmanuel_Jr_robot/install/nav2_lifecycle_manager:/home/snake/Emmanuel_Jr_robot/install/nav2_util:/home/snake/Emmanuel_Jr_robot/install/nav2_voxel_grid:/home/snake/Emmanuel_Jr_robot/install/nav2_msgs:/home/snake/Emmanuel_Jr_robot/install/nav2_common:/opt/ros/galactic LD_LIBRARY_PATH=/home/snake/Emmanuel_Jr_robot/install/nav2_map_server/lib:/home/snake/Emmanuel_Jr_robot/install/nav2_lifecycle_manager/lib:/home/snake/Emmanuel_Jr_robot/install/nav2_util/lib:/home/snake/Emmanuel_Jr_robot/install/nav2_voxel_grid/lib:/home/snake/Emmanuel_Jr_robot/install/nav2_msgs/lib:${LD_LIBRARY_PATH} PYTHONPATH=/home/snake/Emmanuel_Jr_robot/install/nav2_msgs/lib/python3.8/site-packages:/home/snake/Emmanuel_Jr_robot/install/nav2_common/lib/python3.8/site-packages:${PYTHONPATH} /usr/bin/cmake /home/snake/Emmanuel_Jr_robot/src/navigation2/nav2_costmap_2d -DCMAKE_INSTALL_PREFIX=/home/snake/Emmanuel_Jr_robot/install/nav2_costmap_2d
[6.126s] Invoking command in '/home/snake/Emmanuel_Jr_robot/build/nav2_costmap_2d': AMENT_PREFIX_PATH=/home/snake/Emmanuel_Jr_robot/install/nav2_map_server:/home/snake/Emmanuel_Jr_robot/install/nav2_lifecycle_manager:/home/snake/Emmanuel_Jr_robot/install/nav2_util:/home/snake/Emmanuel_Jr_robot/install/nav2_voxel_grid:/home/snake/Emmanuel_Jr_robot/install/nav2_msgs:/home/snake/Emmanuel_Jr_robot/install/nav2_common:${AMENT_PREFIX_PATH} CMAKE_PREFIX_PATH=/home/snake/Emmanuel_Jr_robot/install/nav2_map_server:/home/snake/Emmanuel_Jr_robot/install/nav2_lifecycle_manager:/home/snake/Emmanuel_Jr_robot/install/nav2_util:/home/snake/Emmanuel_Jr_robot/install/nav2_voxel_grid:/home/snake/Emmanuel_Jr_robot/install/nav2_msgs:/home/snake/Emmanuel_Jr_robot/install/nav2_common:/opt/ros/galactic LD_LIBRARY_PATH=/home/snake/Emmanuel_Jr_robot/install/nav2_map_server/lib:/home/snake/Emmanuel_Jr_robot/install/nav2_lifecycle_manager/lib:/home/snake/Emmanuel_Jr_robot/install/nav2_util/lib:/home/snake/Emmanuel_Jr_robot/install/nav2_voxel_grid/lib:/home/snake/Emmanuel_Jr_robot/install/nav2_msgs/lib:${LD_LIBRARY_PATH} PYTHONPATH=/home/snake/Emmanuel_Jr_robot/install/nav2_msgs/lib/python3.8/site-packages:/home/snake/Emmanuel_Jr_robot/install/nav2_common/lib/python3.8/site-packages:${PYTHONPATH} /usr/bin/cmake --build /home/snake/Emmanuel_Jr_robot/build/nav2_costmap_2d -- -j2 -l2
[6.250s] [ 21%] Built target nav2_costmap_2d_core
[6.274s] [ 25%] Built target gtest
[6.298s] [ 28%] Built target gtest_main
[6.358s] [ 39%] Built target layers
[6.399s] [ 43%] Built target filters
[6.439s] [ 50%] Built target nav2_costmap_2d_client
[6.477s] [ 53%] Built target nav2_costmap_2d_markers
[6.511s] [ 56%] Built target nav2_costmap_2d_cloud
[6.549s] [ 59%] Built target nav2_costmap_2d
[6.575s] [ 60%] [32mBuilding CXX object test/unit/CMakeFiles/array_parser_test.dir/array_parser_test.cpp.o[0m
[8.112s] [ 62%] [32m[1mLinking CXX executable array_parser_test[0m
[8.323s] [ 62%] Built target array_parser_test
[8.356s] [ 64%] [32mBuilding CXX object test/unit/CMakeFiles/costmap_convesion_test.dir/costmap_conversion_test.cpp.o[0m
[11.809s] [ 65%] [32m[1mLinking CXX executable costmap_convesion_test[0m
[12.025s] [ 65%] Built target costmap_convesion_test
[12.061s] [ 67%] [32mBuilding CXX object test/unit/CMakeFiles/keepout_filter_test.dir/keepout_filter_test.cpp.o[0m
[20.958s] [ 68%] [32m[1mLinking CXX executable keepout_filter_test[0m
[21.268s] [ 68%] Built target keepout_filter_test
[21.318s] [ 70%] [32mBuilding CXX object test/unit/CMakeFiles/speed_filter_test.dir/speed_filter_test.cpp.o[0m
[630.263s] [ 71%] [32m[1mLinking CXX executable speed_filter_test[0m
[630.583s] [ 71%] Built target speed_filter_test
[630.632s] [ 73%] [32mBuilding CXX object test/unit/CMakeFiles/collision_footprint_test.dir/footprint_collision_checker_test.cpp.o[0m
[635.590s] [ 75%] [32m[1mLinking CXX executable collision_footprint_test[0m
[635.793s] [ 75%] Built target collision_footprint_test
[635.831s] [ 76%] [32mBuilding CXX object test/unit/CMakeFiles/declare_parameter_test.dir/declare_parameter_test.cpp.o[0m
[641.409s] [ 78%] [32m[1mLinking CXX executable declare_parameter_test[0m
[641.628s] [ 78%] Built target declare_parameter_test
[641.663s] [ 79%] [32mBuilding CXX object test/unit/CMakeFiles/copy_window_test.dir/copy_window_test.cpp.o[0m
[646.552s] [ 81%] [32m[1mLinking CXX executable copy_window_test[0m
[646.769s] [ 81%] Built target copy_window_test
[646.829s] [ 82%] [32mBuilding CXX object test/integration/CMakeFiles/range_tests_exec.dir/range_tests.cpp.o[0m
[656.290s] [ 84%] [32m[1mLinking CXX executable range_tests_exec[0m
[656.662s] [ 84%] Built target range_tests_exec
[656.713s] [ 85%] [32mBuilding CXX object test/integration/CMakeFiles/obstacle_tests_exec.dir/obstacle_tests.cpp.o[0m
[665.320s] [ 87%] [32m[1mLinking CXX executable obstacle_tests_exec[0m
[665.656s] [ 87%] Built target obstacle_tests_exec
[665.706s] [ 89%] [32mBuilding CXX object test/integration/CMakeFiles/inflation_tests_exec.dir/inflation_tests.cpp.o[0m
[673.852s] [ 90%] [32m[1mLinking CXX executable inflation_tests_exec[0m
[674.204s] [ 90%] Built target inflation_tests_exec
[674.267s] [ 92%] [32mBuilding CXX object test/integration/CMakeFiles/test_collision_checker_exec.dir/test_costmap_topic_collision_checker.cpp.o[0m
[683.671s] [ 93%] [32m[1mLinking CXX executable test_collision_checker_exec[0m
[684.064s] [ 93%] Built target test_collision_checker_exec
[684.103s] [ 95%] [32mBuilding CXX object test/integration/CMakeFiles/footprint_tests_exec.dir/footprint_tests.cpp.o[0m
[688.650s] [ 96%] [32m[1mLinking CXX executable footprint_tests_exec[0m
[688.948s] [ 96%] Built target footprint_tests_exec
[688.977s] [ 98%] [32mBuilding CXX object test/regression/CMakeFiles/costmap_bresenham_2d.dir/costmap_bresenham_2d.cpp.o[0m
[690.528s] [100%] [32m[1mLinking CXX executable costmap_bresenham_2d[0m
[690.729s] [100%] Built target costmap_bresenham_2d
[690.744s] Invoked command in '/home/snake/Emmanuel_Jr_robot/build/nav2_costmap_2d' returned '0': AMENT_PREFIX_PATH=/home/snake/Emmanuel_Jr_robot/install/nav2_map_server:/home/snake/Emmanuel_Jr_robot/install/nav2_lifecycle_manager:/home/snake/Emmanuel_Jr_robot/install/nav2_util:/home/snake/Emmanuel_Jr_robot/install/nav2_voxel_grid:/home/snake/Emmanuel_Jr_robot/install/nav2_msgs:/home/snake/Emmanuel_Jr_robot/install/nav2_common:${AMENT_PREFIX_PATH} CMAKE_PREFIX_PATH=/home/snake/Emmanuel_Jr_robot/install/nav2_map_server:/home/snake/Emmanuel_Jr_robot/install/nav2_lifecycle_manager:/home/snake/Emmanuel_Jr_robot/install/nav2_util:/home/snake/Emmanuel_Jr_robot/install/nav2_voxel_grid:/home/snake/Emmanuel_Jr_robot/install/nav2_msgs:/home/snake/Emmanuel_Jr_robot/install/nav2_common:/opt/ros/galactic LD_LIBRARY_PATH=/home/snake/Emmanuel_Jr_robot/install/nav2_map_server/lib:/home/snake/Emmanuel_Jr_robot/install/nav2_lifecycle_manager/lib:/home/snake/Emmanuel_Jr_robot/install/nav2_util/lib:/home/snake/Emmanuel_Jr_robot/install/nav2_voxel_grid/lib:/home/snake/Emmanuel_Jr_robot/install/nav2_msgs/lib:${LD_LIBRARY_PATH} PYTHONPATH=/home/snake/Emmanuel_Jr_robot/install/nav2_msgs/lib/python3.8/site-packages:/home/snake/Emmanuel_Jr_robot/install/nav2_common/lib/python3.8/site-packages:${PYTHONPATH} /usr/bin/cmake --build /home/snake/Emmanuel_Jr_robot/build/nav2_costmap_2d -- -j2 -l2
[690.812s] Invoking command in '/home/snake/Emmanuel_Jr_robot/build/nav2_costmap_2d': AMENT_PREFIX_PATH=/home/snake/Emmanuel_Jr_robot/install/nav2_map_server:/home/snake/Emmanuel_Jr_robot/install/nav2_lifecycle_manager:/home/snake/Emmanuel_Jr_robot/install/nav2_util:/home/snake/Emmanuel_Jr_robot/install/nav2_voxel_grid:/home/snake/Emmanuel_Jr_robot/install/nav2_msgs:/home/snake/Emmanuel_Jr_robot/install/nav2_common:${AMENT_PREFIX_PATH} CMAKE_PREFIX_PATH=/home/snake/Emmanuel_Jr_robot/install/nav2_map_server:/home/snake/Emmanuel_Jr_robot/install/nav2_lifecycle_manager:/home/snake/Emmanuel_Jr_robot/install/nav2_util:/home/snake/Emmanuel_Jr_robot/install/nav2_voxel_grid:/home/snake/Emmanuel_Jr_robot/install/nav2_msgs:/home/snake/Emmanuel_Jr_robot/install/nav2_common:/opt/ros/galactic LD_LIBRARY_PATH=/home/snake/Emmanuel_Jr_robot/install/nav2_map_server/lib:/home/snake/Emmanuel_Jr_robot/install/nav2_lifecycle_manager/lib:/home/snake/Emmanuel_Jr_robot/install/nav2_util/lib:/home/snake/Emmanuel_Jr_robot/install/nav2_voxel_grid/lib:/home/snake/Emmanuel_Jr_robot/install/nav2_msgs/lib:${LD_LIBRARY_PATH} PYTHONPATH=/home/snake/Emmanuel_Jr_robot/install/nav2_msgs/lib/python3.8/site-packages:/home/snake/Emmanuel_Jr_robot/install/nav2_common/lib/python3.8/site-packages:${PYTHONPATH} /usr/bin/cmake --install /home/snake/Emmanuel_Jr_robot/build/nav2_costmap_2d
[690.820s] -- Install configuration: "Release"
[690.821s] -- Execute custom install script
[690.823s] -- Up-to-date symlink: /home/snake/Emmanuel_Jr_robot/install/nav2_costmap_2d/lib/libnav2_costmap_2d_core.so
[690.823s] -- Up-to-date symlink: /home/snake/Emmanuel_Jr_robot/install/nav2_costmap_2d/lib/liblayers.so
[690.824s] -- Up-to-date symlink: /home/snake/Emmanuel_Jr_robot/install/nav2_costmap_2d/lib/libfilters.so
[690.824s] -- Up-to-date symlink: /home/snake/Emmanuel_Jr_robot/install/nav2_costmap_2d/lib/libnav2_costmap_2d_client.so
[690.825s] -- Up-to-date symlink: /home/snake/Emmanuel_Jr_robot/install/nav2_costmap_2d/lib/nav2_costmap_2d/nav2_costmap_2d
[690.825s] -- Up-to-date symlink: /home/snake/Emmanuel_Jr_robot/install/nav2_costmap_2d/lib/nav2_costmap_2d/nav2_costmap_2d_markers
[690.826s] -- Up-to-date symlink: /home/snake/Emmanuel_Jr_robot/install/nav2_costmap_2d/lib/nav2_costmap_2d/nav2_costmap_2d_cloud
[690.826s] -- Up-to-date symlink: /home/snake/Emmanuel_Jr_robot/install/nav2_costmap_2d/share/nav2_costmap_2d/costmap_plugins.xml
[690.827s] -- Up-to-date symlink: /home/snake/Emmanuel_Jr_robot/install/nav2_costmap_2d/include//nav2_costmap_2d/array_parser.hpp
[690.828s] -- Up-to-date symlink: /home/snake/Emmanuel_Jr_robot/install/nav2_costmap_2d/include//nav2_costmap_2d/clear_costmap_service.hpp
[690.828s] -- Up-to-date symlink: /home/snake/Emmanuel_Jr_robot/install/nav2_costmap_2d/include//nav2_costmap_2d/cost_values.hpp
[690.829s] -- Up-to-date symlink: /home/snake/Emmanuel_Jr_robot/install/nav2_costmap_2d/include//nav2_costmap_2d/costmap_2d.hpp
[690.829s] -- Up-to-date symlink: /home/snake/Emmanuel_Jr_robot/install/nav2_costmap_2d/include//nav2_costmap_2d/costmap_2d_publisher.hpp
[690.830s] -- Up-to-date symlink: /home/snake/Emmanuel_Jr_robot/install/nav2_costmap_2d/include//nav2_costmap_2d/costmap_2d_ros.hpp
[690.830s] -- Up-to-date symlink: /home/snake/Emmanuel_Jr_robot/install/nav2_costmap_2d/include//nav2_costmap_2d/costmap_filters/costmap_filter.hpp
[690.830s] -- Up-to-date symlink: /home/snake/Emmanuel_Jr_robot/install/nav2_costmap_2d/include//nav2_costmap_2d/costmap_filters/filter_values.hpp
[690.831s] -- Up-to-date symlink: /home/snake/Emmanuel_Jr_robot/install/nav2_costmap_2d/include//nav2_costmap_2d/costmap_filters/keepout_filter.hpp
[690.831s] -- Up-to-date symlink: /home/snake/Emmanuel_Jr_robot/install/nav2_costmap_2d/include//nav2_costmap_2d/costmap_filters/speed_filter.hpp
[690.832s] -- Up-to-date symlink: /home/snake/Emmanuel_Jr_robot/install/nav2_costmap_2d/include//nav2_costmap_2d/costmap_layer.hpp
[690.832s] -- Up-to-date symlink: /home/snake/Emmanuel_Jr_robot/install/nav2_costmap_2d/include//nav2_costmap_2d/costmap_math.hpp
[690.832s] -- Up-to-date symlink: /home/snake/Emmanuel_Jr_robot/install/nav2_costmap_2d/include//nav2_costmap_2d/costmap_subscriber.hpp
[690.833s] -- Up-to-date symlink: /home/snake/Emmanuel_Jr_robot/install/nav2_costmap_2d/include//nav2_costmap_2d/costmap_topic_collision_checker.hpp
[690.833s] -- Up-to-date symlink: /home/snake/Emmanuel_Jr_robot/install/nav2_costmap_2d/include//nav2_costmap_2d/exceptions.hpp
[690.834s] -- Up-to-date symlink: /home/snake/Emmanuel_Jr_robot/install/nav2_costmap_2d/include//nav2_costmap_2d/footprint.hpp
[690.834s] -- Up-to-date symlink: /home/snake/Emmanuel_Jr_robot/install/nav2_costmap_2d/include//nav2_costmap_2d/footprint_collision_checker.hpp
[690.834s] -- Up-to-date symlink: /home/snake/Emmanuel_Jr_robot/install/nav2_costmap_2d/include//nav2_costmap_2d/footprint_subscriber.hpp
[690.835s] -- Up-to-date symlink: /home/snake/Emmanuel_Jr_robot/install/nav2_costmap_2d/include//nav2_costmap_2d/inflation_layer.hpp
[690.835s] -- Up-to-date symlink: /home/snake/Emmanuel_Jr_robot/install/nav2_costmap_2d/include//nav2_costmap_2d/layer.hpp
[690.835s] -- Up-to-date symlink: /home/snake/Emmanuel_Jr_robot/install/nav2_costmap_2d/include//nav2_costmap_2d/layered_costmap.hpp
[690.836s] -- Up-to-date symlink: /home/snake/Emmanuel_Jr_robot/install/nav2_costmap_2d/include//nav2_costmap_2d/observation.hpp
[690.836s] -- Up-to-date symlink: /home/snake/Emmanuel_Jr_robot/install/nav2_costmap_2d/include//nav2_costmap_2d/observation_buffer.hpp
[690.837s] -- Up-to-date symlink: /home/snake/Emmanuel_Jr_robot/install/nav2_costmap_2d/include//nav2_costmap_2d/obstacle_layer.hpp
[690.837s] -- Up-to-date symlink: /home/snake/Emmanuel_Jr_robot/install/nav2_costmap_2d/include//nav2_costmap_2d/range_sensor_layer.hpp
[690.837s] -- Up-to-date symlink: /home/snake/Emmanuel_Jr_robot/install/nav2_costmap_2d/include//nav2_costmap_2d/static_layer.hpp
[690.838s] -- Up-to-date symlink: /home/snake/Emmanuel_Jr_robot/install/nav2_costmap_2d/include//nav2_costmap_2d/voxel_layer.hpp
[690.840s] -- Up-to-date symlink: /home/snake/Emmanuel_Jr_robot/install/nav2_costmap_2d/share/nav2_costmap_2d/environment/library_path.sh
[690.840s] -- Up-to-date symlink: /home/snake/Emmanuel_Jr_robot/install/nav2_costmap_2d/share/nav2_costmap_2d/environment/library_path.dsv
[690.841s] -- Up-to-date symlink: /home/snake/Emmanuel_Jr_robot/install/nav2_costmap_2d/share/nav2_costmap_2d//costmap_plugins.xml
[690.841s] -- Up-to-date symlink: /home/snake/Emmanuel_Jr_robot/install/nav2_costmap_2d/share/ament_index/resource_index/package_run_dependencies/nav2_costmap_2d
[690.842s] -- Up-to-date symlink: /home/snake/Emmanuel_Jr_robot/install/nav2_costmap_2d/share/ament_index/resource_index/parent_prefix_path/nav2_costmap_2d
[690.843s] -- Up-to-date symlink: /home/snake/Emmanuel_Jr_robot/install/nav2_costmap_2d/share/nav2_costmap_2d/environment/ament_prefix_path.sh
[690.844s] -- Up-to-date symlink: /home/snake/Emmanuel_Jr_robot/install/nav2_costmap_2d/share/nav2_costmap_2d/environment/ament_prefix_path.dsv
[690.844s] -- Up-to-date symlink: /home/snake/Emmanuel_Jr_robot/install/nav2_costmap_2d/share/nav2_costmap_2d/environment/path.sh
[690.845s] -- Up-to-date symlink: /home/snake/Emmanuel_Jr_robot/install/nav2_costmap_2d/share/nav2_costmap_2d/environment/path.dsv
[690.845s] -- Up-to-date symlink: /home/snake/Emmanuel_Jr_robot/install/nav2_costmap_2d/share/nav2_costmap_2d/local_setup.bash
[690.845s] -- Up-to-date symlink: /home/snake/Emmanuel_Jr_robot/install/nav2_costmap_2d/share/nav2_costmap_2d/local_setup.sh
[690.846s] -- Up-to-date symlink: /home/snake/Emmanuel_Jr_robot/install/nav2_costmap_2d/share/nav2_costmap_2d/local_setup.zsh
[690.846s] -- Up-to-date symlink: /home/snake/Emmanuel_Jr_robot/install/nav2_costmap_2d/share/nav2_costmap_2d/local_setup.dsv
[690.846s] -- Symlinking: /home/snake/Emmanuel_Jr_robot/install/nav2_costmap_2d/share/nav2_costmap_2d/package.dsv
[690.856s] -- Up-to-date symlink: /home/snake/Emmanuel_Jr_robot/install/nav2_costmap_2d/share/ament_index/resource_index/packages/nav2_costmap_2d
[690.857s] -- Up-to-date symlink: /home/snake/Emmanuel_Jr_robot/install/nav2_costmap_2d/share/ament_index/resource_index/nav2_costmap_2d__pluginlib__plugin/nav2_costmap_2d
[690.858s] -- Up-to-date symlink: /home/snake/Emmanuel_Jr_robot/install/nav2_costmap_2d/share/nav2_costmap_2d/cmake/ament_cmake_export_include_directories-extras.cmake
[690.858s] -- Up-to-date symlink: /home/snake/Emmanuel_Jr_robot/install/nav2_costmap_2d/share/nav2_costmap_2d/cmake/ament_cmake_export_libraries-extras.cmake
[690.859s] -- Up-to-date symlink: /home/snake/Emmanuel_Jr_robot/install/nav2_costmap_2d/share/nav2_costmap_2d/cmake/ament_cmake_export_dependencies-extras.cmake
[690.859s] -- Up-to-date symlink: /home/snake/Emmanuel_Jr_robot/install/nav2_costmap_2d/share/nav2_costmap_2d/cmake/nav2_costmap_2dConfig.cmake
[690.860s] -- Up-to-date symlink: /home/snake/Emmanuel_Jr_robot/install/nav2_costmap_2d/share/nav2_costmap_2d/cmake/nav2_costmap_2dConfig-version.cmake
[690.860s] -- Up-to-date symlink: /home/snake/Emmanuel_Jr_robot/install/nav2_costmap_2d/share/nav2_costmap_2d/package.xml
[690.866s] Invoked command in '/home/snake/Emmanuel_Jr_robot/build/nav2_costmap_2d' returned '0': AMENT_PREFIX_PATH=/home/snake/Emmanuel_Jr_robot/install/nav2_map_server:/home/snake/Emmanuel_Jr_robot/install/nav2_lifecycle_manager:/home/snake/Emmanuel_Jr_robot/install/nav2_util:/home/snake/Emmanuel_Jr_robot/install/nav2_voxel_grid:/home/snake/Emmanuel_Jr_robot/install/nav2_msgs:/home/snake/Emmanuel_Jr_robot/install/nav2_common:${AMENT_PREFIX_PATH} CMAKE_PREFIX_PATH=/home/snake/Emmanuel_Jr_robot/install/nav2_map_server:/home/snake/Emmanuel_Jr_robot/install/nav2_lifecycle_manager:/home/snake/Emmanuel_Jr_robot/install/nav2_util:/home/snake/Emmanuel_Jr_robot/install/nav2_voxel_grid:/home/snake/Emmanuel_Jr_robot/install/nav2_msgs:/home/snake/Emmanuel_Jr_robot/install/nav2_common:/opt/ros/galactic LD_LIBRARY_PATH=/home/snake/Emmanuel_Jr_robot/install/nav2_map_server/lib:/home/snake/Emmanuel_Jr_robot/install/nav2_lifecycle_manager/lib:/home/snake/Emmanuel_Jr_robot/install/nav2_util/lib:/home/snake/Emmanuel_Jr_robot/install/nav2_voxel_grid/lib:/home/snake/Emmanuel_Jr_robot/install/nav2_msgs/lib:${LD_LIBRARY_PATH} PYTHONPATH=/home/snake/Emmanuel_Jr_robot/install/nav2_msgs/lib/python3.8/site-packages:/home/snake/Emmanuel_Jr_robot/install/nav2_common/lib/python3.8/site-packages:${PYTHONPATH} /usr/bin/cmake --install /home/snake/Emmanuel_Jr_robot/build/nav2_costmap_2d
