[0.045s] Invoking command in '/home/snake/Emmanuel_Jr_robot/build/nav2_util': AMENT_PREFIX_PATH=/home/snake/Emmanuel_Jr_robot/install/nav2_msgs:/home/snake/Emmanuel_Jr_robot/install/nav2_common:${AMENT_PREFIX_PATH} CMAKE_PREFIX_PATH=/home/snake/Emmanuel_Jr_robot/install/nav2_msgs:/home/snake/Emmanuel_Jr_robot/install/nav2_common:/opt/ros/galactic LD_LIBRARY_PATH=/home/snake/Emmanuel_Jr_robot/install/nav2_msgs/lib:${LD_LIBRARY_PATH} PYTHONPATH=/home/snake/Emmanuel_Jr_robot/install/nav2_msgs/lib/python3.8/site-packages:/home/snake/Emmanuel_Jr_robot/install/nav2_common/lib/python3.8/site-packages:${PYTHONPATH} /usr/bin/cmake /home/snake/Emmanuel_Jr_robot/src/navigation2/nav2_util -DAMENT_CMAKE_SYMLINK_INSTALL=1 -DCMAKE_INSTALL_PREFIX=/home/snake/Emmanuel_Jr_robot/install/nav2_util
[0.098s] -- The C compiler identification is GNU 9.4.0
[0.173s] -- The CXX compiler identification is GNU 9.4.0
[0.183s] -- Check for working C compiler: /usr/bin/cc
[0.325s] -- Check for working C compiler: /usr/bin/cc -- works
[0.327s] -- Detecting C compiler ABI info
[0.461s] -- Detecting C compiler ABI info - done
[0.479s] -- Detecting C compile features
[0.480s] -- Detecting C compile features - done
[0.485s] -- Check for working CXX compiler: /usr/bin/c++
[0.632s] -- Check for working CXX compiler: /usr/bin/c++ -- works
[0.633s] -- Detecting CXX compiler ABI info
[0.763s] -- Detecting CXX compiler ABI info - done
[0.775s] -- Detecting CXX compile features
[0.775s] -- Detecting CXX compile features - done
[0.779s] -- Found ament_cmake: 1.1.5 (/opt/ros/galactic/share/ament_cmake/cmake)
[0.819s] -- Found PythonInterp: /usr/bin/python3 (found suitable version "3.8.10", minimum required is "3") 
[0.819s] -- Using PYTHON_EXECUTABLE: /usr/bin/python3
[0.937s] -- Override CMake install command with custom implementation using symlinks instead of copying resources
[0.968s] -- Found nav2_common: 1.0.12 (/home/snake/Emmanuel_Jr_robot/install/nav2_common/share/nav2_common/cmake)
[0.968s] -- Found nav2_msgs: 1.0.12 (/home/snake/Emmanuel_Jr_robot/install/nav2_msgs/share/nav2_msgs/cmake)
[1.015s] -- Using all available rosidl_typesupport_c: rosidl_typesupport_fastrtps_c;rosidl_typesupport_introspection_c
[1.026s] -- Found rosidl_adapter: 2.2.2 (/opt/ros/galactic/share/rosidl_adapter/cmake)
[1.165s] -- Found OpenSSL: /usr/lib/x86_64-linux-gnu/libcrypto.so (found version "1.1.1f")  
[1.212s] -- Found FastRTPS: /opt/ros/galactic/include  
[1.339s] -- Using all available rosidl_typesupport_cpp: rosidl_typesupport_fastrtps_cpp;rosidl_typesupport_introspection_cpp
[2.231s] -- Found tf2_ros: 0.17.3 (/opt/ros/galactic/share/tf2_ros/cmake)
[2.426s] -- Found rmw_implementation_cmake: 3.3.1 (/opt/ros/galactic/share/rmw_implementation_cmake/cmake)
[2.434s] -- Found rmw_cyclonedds_cpp: 0.22.5 (/opt/ros/galactic/share/rmw_cyclonedds_cpp/cmake)
[2.516s] -- Using RMW implementation 'rmw_cyclonedds_cpp' as default
[2.518s] -- Looking for pthread.h
[2.705s] -- Looking for pthread.h - found
[2.705s] -- Performing Test CMAKE_HAVE_LIBC_PTHREAD
[2.942s] -- Performing Test CMAKE_HAVE_LIBC_PTHREAD - Failed
[2.943s] -- Looking for pthread_create in pthreads
[3.160s] -- Looking for pthread_create in pthreads - not found
[3.160s] -- Looking for pthread_create in pthread
[3.400s] -- Looking for pthread_create in pthread - found
[3.406s] -- Found Threads: TRUE  
[5.802s] -- Found tf2_geometry_msgs: 0.17.3 (/opt/ros/galactic/share/tf2_geometry_msgs/cmake)
[5.840s] -- Found eigen3_cmake_module: 0.1.1 (/opt/ros/galactic/share/eigen3_cmake_module/cmake)
[5.858s] -- Found Eigen3: TRUE (found version "3.3.7") 
[5.919s] -- Found lifecycle_msgs: 1.0.3 (/opt/ros/galactic/share/lifecycle_msgs/cmake)
[5.942s] -- Found rclcpp_lifecycle: 9.2.1 (/opt/ros/galactic/share/rclcpp_lifecycle/cmake)
[5.979s] -- Found bondcpp: 3.0.1 (/opt/ros/galactic/share/bondcpp/cmake)
[6.197s] -- Setting build type to Release as none was specified.
[6.257s] -- Found Boost: /usr/lib/x86_64-linux-gnu/cmake/Boost-1.71.0/BoostConfig.cmake (found version "1.71.0") found components: program_options 
[6.265s] -- Found ament_lint_auto: 0.10.7 (/opt/ros/galactic/share/ament_lint_auto/cmake)
[6.267s] -- Found ament_cmake_pytest: 1.1.5 (/opt/ros/galactic/share/ament_cmake_pytest/cmake)
[6.276s] -- Found launch_testing_ament_cmake: 0.17.1 (/opt/ros/galactic/share/launch_testing_ament_cmake/cmake)
[6.279s] -- Found python_cmake_module: 0.8.1 (/opt/ros/galactic/share/python_cmake_module/cmake)
[6.331s] -- Found PythonInterp: /usr/bin/python3 (found suitable version "3.8.10", minimum required is "3.5") 
[6.339s] -- Found PythonLibs: /usr/lib/x86_64-linux-gnu/libpython3.8.so (found suitable version "3.8.10", minimum required is "3.5") 
[6.341s] -- Using PYTHON_EXECUTABLE: /usr/bin/python3
[6.342s] -- Using PYTHON_INCLUDE_DIRS: /usr/include/python3.8
[6.342s] -- Using PYTHON_LIBRARIES: /usr/lib/x86_64-linux-gnu/libpython3.8.so
[6.390s] -- Found PythonExtra: .so  
[6.917s] -- Found gtest sources under '/opt/ros/galactic/src/gtest_vendor': C++ tests using 'Google Test' will be built
[6.922s] -- Check if compiler accepts -pthread
[7.126s] -- Check if compiler accepts -pthread - yes
[7.237s] -- Added test 'copyright' to check source files copyright and LICENSE
[7.243s] -- Added test 'cppcheck' to perform static code analysis on C / C++ code
[7.244s] -- Configured cppcheck include dirs: /home/snake/Emmanuel_Jr_robot/src/navigation2/nav2_util/include
[7.245s] -- Configured cppcheck exclude dirs and/or files: 
[7.249s] -- Added test 'cpplint' to check C / C++ code against the Google style
[7.249s] -- Configured cpplint exclude dirs and/or files: 
[7.251s] -- Added test 'flake8' to check Python code syntax and style conventions
[7.253s] -- Added test 'lint_cmake' to check CMake code style
[7.255s] -- Added test 'pep257' to check Python code against some of the style conventions in PEP 257
[7.260s] -- Added test 'uncrustify' to check C / C++ code style
[7.260s] -- Configured uncrustify additional arguments: 
[7.262s] -- Added test 'xmllint' to check XML markup files
[7.283s] -- Configuring done
[7.699s] -- Generating done
[7.705s] -- Build files have been written to: /home/snake/Emmanuel_Jr_robot/build/nav2_util
[7.733s] Invoked command in '/home/snake/Emmanuel_Jr_robot/build/nav2_util' returned '0': AMENT_PREFIX_PATH=/home/snake/Emmanuel_Jr_robot/install/nav2_msgs:/home/snake/Emmanuel_Jr_robot/install/nav2_common:${AMENT_PREFIX_PATH} CMAKE_PREFIX_PATH=/home/snake/Emmanuel_Jr_robot/install/nav2_msgs:/home/snake/Emmanuel_Jr_robot/install/nav2_common:/opt/ros/galactic LD_LIBRARY_PATH=/home/snake/Emmanuel_Jr_robot/install/nav2_msgs/lib:${LD_LIBRARY_PATH} PYTHONPATH=/home/snake/Emmanuel_Jr_robot/install/nav2_msgs/lib/python3.8/site-packages:/home/snake/Emmanuel_Jr_robot/install/nav2_common/lib/python3.8/site-packages:${PYTHONPATH} /usr/bin/cmake /home/snake/Emmanuel_Jr_robot/src/navigation2/nav2_util -DAMENT_CMAKE_SYMLINK_INSTALL=1 -DCMAKE_INSTALL_PREFIX=/home/snake/Emmanuel_Jr_robot/install/nav2_util
[7.735s] Invoking command in '/home/snake/Emmanuel_Jr_robot/build/nav2_util': AMENT_PREFIX_PATH=/home/snake/Emmanuel_Jr_robot/install/nav2_msgs:/home/snake/Emmanuel_Jr_robot/install/nav2_common:${AMENT_PREFIX_PATH} CMAKE_PREFIX_PATH=/home/snake/Emmanuel_Jr_robot/install/nav2_msgs:/home/snake/Emmanuel_Jr_robot/install/nav2_common:/opt/ros/galactic LD_LIBRARY_PATH=/home/snake/Emmanuel_Jr_robot/install/nav2_msgs/lib:${LD_LIBRARY_PATH} PYTHONPATH=/home/snake/Emmanuel_Jr_robot/install/nav2_msgs/lib/python3.8/site-packages:/home/snake/Emmanuel_Jr_robot/install/nav2_common/lib/python3.8/site-packages:${PYTHONPATH} /usr/bin/cmake --build /home/snake/Emmanuel_Jr_robot/build/nav2_util -- -j2 -l2
[7.831s] [35m[1mScanning dependencies of target dump_params[0m
[7.882s] [35m[1mScanning dependencies of target nav2_util_core[0m
[7.916s] [  2%] [32mBuilding CXX object src/CMakeFiles/dump_params.dir/dump_params.cpp.o[0m
[8.184s] [  5%] [32mBuilding CXX object src/CMakeFiles/nav2_util_core.dir/costmap.cpp.o[0m
[15.483s] [  7%] [32mBuilding CXX object src/CMakeFiles/nav2_util_core.dir/node_utils.cpp.o[0m
[19.280s] [ 10%] [32mBuilding CXX object src/CMakeFiles/nav2_util_core.dir/lifecycle_service_client.cpp.o[0m
[22.795s] [ 12%] [32m[1mLinking CXX executable dump_params[0m
[23.007s] [ 12%] Built target dump_params
[25.863s] [ 15%] [32mBuilding CXX object src/CMakeFiles/nav2_util_core.dir/string_utils.cpp.o[0m
[26.305s] [ 17%] [32mBuilding CXX object src/CMakeFiles/nav2_util_core.dir/lifecycle_utils.cpp.o[0m
[27.029s] [35m[1mScanning dependencies of target gtest[0m
[27.051s] [ 20%] [32mBuilding CXX object gtest/CMakeFiles/gtest.dir/src/gtest-all.cc.o[0m
[29.756s] [ 22%] [32mBuilding CXX object src/CMakeFiles/nav2_util_core.dir/lifecycle_node.cpp.o[0m
[34.041s] [ 25%] [32mBuilding CXX object src/CMakeFiles/nav2_util_core.dir/robot_utils.cpp.o[0m
[37.605s] [ 27%] [32mBuilding CXX object src/CMakeFiles/nav2_util_core.dir/node_thread.cpp.o[0m
[37.877s] [ 30%] [32m[1mLinking CXX static library libgtest.a[0m
[37.957s] [ 30%] Built target gtest
[37.978s] [35m[1mScanning dependencies of target gtest_main[0m
[38.002s] [ 32%] [32mBuilding CXX object gtest/CMakeFiles/gtest_main.dir/src/gtest_main.cc.o[0m
[39.390s] [ 35%] [32m[1mLinking CXX static library libgtest_main.a[0m
[39.434s] [ 35%] Built target gtest_main
[39.447s] [ 37%] [32mBuilding CXX object src/CMakeFiles/nav2_util_core.dir/odometry_utils.cpp.o[0m
[40.939s] [35m[1mScanning dependencies of target test_execution_timer[0m
[40.956s] [ 40%] [32mBuilding CXX object test/CMakeFiles/test_execution_timer.dir/test_execution_timer.cpp.o[0m
[42.889s] [ 42%] [32m[1mLinking CXX executable test_execution_timer[0m
[43.007s] [ 42%] Built target test_execution_timer
[51.587s] [ 45%] [32m[1mLinking CXX shared library libnav2_util_core.so[0m
[51.901s] [ 45%] Built target nav2_util_core
[51.915s] [35m[1mScanning dependencies of target lifecycle_bringup[0m
[51.916s] [35m[1mScanning dependencies of target test_service_client[0m
[51.960s] [ 47%] [32mBuilding CXX object src/CMakeFiles/lifecycle_bringup.dir/lifecycle_bringup_commandline.cpp.o[0m
[51.984s] [ 50%] [32mBuilding CXX object test/CMakeFiles/test_service_client.dir/test_service_client.cpp.o[0m
[55.110s] [ 52%] [32m[1mLinking CXX executable lifecycle_bringup[0m
[55.303s] [ 52%] Built target lifecycle_bringup
[55.318s] [35m[1mScanning dependencies of target test_string_utils[0m
[55.339s] [ 55%] [32mBuilding CXX object test/CMakeFiles/test_string_utils.dir/test_string_utils.cpp.o[0m
[57.237s] [ 57%] [32m[1mLinking CXX executable test_string_utils[0m
[57.444s] [ 57%] Built target test_string_utils
[57.459s] [35m[1mScanning dependencies of target test_lifecycle_node[0m
[57.519s] [ 60%] [32mBuilding CXX object test/CMakeFiles/test_lifecycle_node.dir/test_lifecycle_node.cpp.o[0m
[61.926s] [ 62%] [32m[1mLinking CXX executable test_lifecycle_node[0m
[62.142s] [ 62%] Built target test_lifecycle_node
[62.157s] [35m[1mScanning dependencies of target test_lifecycle_utils[0m
[62.208s] [ 65%] [32mBuilding CXX object test/CMakeFiles/test_lifecycle_utils.dir/test_lifecycle_utils.cpp.o[0m
[66.721s] [ 67%] [32m[1mLinking CXX executable test_lifecycle_utils[0m
[66.942s] [ 67%] Built target test_lifecycle_utils
[66.955s] [35m[1mScanning dependencies of target test_actions[0m
[67.021s] [ 70%] [32m[1mLinking CXX executable test_service_client[0m
[67.040s] [ 72%] [32mBuilding CXX object test/CMakeFiles/test_actions.dir/test_actions.cpp.o[0m
[67.259s] [ 72%] Built target test_service_client
[67.275s] [35m[1mScanning dependencies of target test_node_utils[0m
[67.324s] [ 75%] [32mBuilding CXX object test/CMakeFiles/test_node_utils.dir/test_node_utils.cpp.o[0m
[72.983s] [ 77%] [32m[1mLinking CXX executable test_node_utils[0m
[73.238s] [ 77%] Built target test_node_utils
[73.254s] [35m[1mScanning dependencies of target test_lifecycle_cli_node[0m
[73.317s] [ 80%] [32mBuilding CXX object test/CMakeFiles/test_lifecycle_cli_node.dir/test_lifecycle_cli_node.cpp.o[0m
[78.275s] [ 82%] [32m[1mLinking CXX executable test_lifecycle_cli_node[0m
[78.514s] [ 82%] Built target test_lifecycle_cli_node
[78.528s] [35m[1mScanning dependencies of target test_geometry_utils[0m
[78.588s] [ 85%] [32mBuilding CXX object test/CMakeFiles/test_geometry_utils.dir/test_geometry_utils.cpp.o[0m
[82.942s] [ 87%] [32m[1mLinking CXX executable test_geometry_utils[0m
[83.102s] [ 87%] Built target test_geometry_utils
[83.115s] [35m[1mScanning dependencies of target test_odometry_utils[0m
[83.172s] [ 90%] [32mBuilding CXX object test/CMakeFiles/test_odometry_utils.dir/test_odometry_utils.cpp.o[0m
[87.883s] [ 92%] [32m[1mLinking CXX executable test_actions[0m
[88.167s] [ 92%] Built target test_actions
[88.181s] [35m[1mScanning dependencies of target test_robot_utils[0m
[88.255s] [ 95%] [32mBuilding CXX object test/CMakeFiles/test_robot_utils.dir/test_robot_utils.cpp.o[0m
[90.546s] [ 97%] [32m[1mLinking CXX executable test_odometry_utils[0m
[90.782s] [ 97%] Built target test_odometry_utils
[92.805s] [100%] [32m[1mLinking CXX executable test_robot_utils[0m
[93.026s] [100%] Built target test_robot_utils
[93.042s] Invoked command in '/home/snake/Emmanuel_Jr_robot/build/nav2_util' returned '0': AMENT_PREFIX_PATH=/home/snake/Emmanuel_Jr_robot/install/nav2_msgs:/home/snake/Emmanuel_Jr_robot/install/nav2_common:${AMENT_PREFIX_PATH} CMAKE_PREFIX_PATH=/home/snake/Emmanuel_Jr_robot/install/nav2_msgs:/home/snake/Emmanuel_Jr_robot/install/nav2_common:/opt/ros/galactic LD_LIBRARY_PATH=/home/snake/Emmanuel_Jr_robot/install/nav2_msgs/lib:${LD_LIBRARY_PATH} PYTHONPATH=/home/snake/Emmanuel_Jr_robot/install/nav2_msgs/lib/python3.8/site-packages:/home/snake/Emmanuel_Jr_robot/install/nav2_common/lib/python3.8/site-packages:${PYTHONPATH} /usr/bin/cmake --build /home/snake/Emmanuel_Jr_robot/build/nav2_util -- -j2 -l2
[93.085s] Invoking command in '/home/snake/Emmanuel_Jr_robot/build/nav2_util': AMENT_PREFIX_PATH=/home/snake/Emmanuel_Jr_robot/install/nav2_msgs:/home/snake/Emmanuel_Jr_robot/install/nav2_common:${AMENT_PREFIX_PATH} CMAKE_PREFIX_PATH=/home/snake/Emmanuel_Jr_robot/install/nav2_msgs:/home/snake/Emmanuel_Jr_robot/install/nav2_common:/opt/ros/galactic LD_LIBRARY_PATH=/home/snake/Emmanuel_Jr_robot/install/nav2_msgs/lib:${LD_LIBRARY_PATH} PYTHONPATH=/home/snake/Emmanuel_Jr_robot/install/nav2_msgs/lib/python3.8/site-packages:/home/snake/Emmanuel_Jr_robot/install/nav2_common/lib/python3.8/site-packages:${PYTHONPATH} /usr/bin/cmake --install /home/snake/Emmanuel_Jr_robot/build/nav2_util
[93.096s] -- Install configuration: "Release"
[93.096s] -- Execute custom install script
[93.097s] -- Symlinking: /home/snake/Emmanuel_Jr_robot/install/nav2_util/lib/libnav2_util_core.so
[93.110s] -- Symlinking: /home/snake/Emmanuel_Jr_robot/install/nav2_util/lib/nav2_util/lifecycle_bringup
[93.122s] -- Symlinking: /home/snake/Emmanuel_Jr_robot/install/nav2_util/lib/nav2_util/dump_params
[93.135s] -- Symlinking: /home/snake/Emmanuel_Jr_robot/install/nav2_util/include//nav2_util/clear_entirely_costmap_service_client.hpp
[93.148s] -- Symlinking: /home/snake/Emmanuel_Jr_robot/install/nav2_util/include//nav2_util/costmap.hpp
[93.160s] -- Symlinking: /home/snake/Emmanuel_Jr_robot/install/nav2_util/include//nav2_util/execution_timer.hpp
[93.171s] -- Symlinking: /home/snake/Emmanuel_Jr_robot/install/nav2_util/include//nav2_util/geometry_utils.hpp
[93.184s] -- Symlinking: /home/snake/Emmanuel_Jr_robot/install/nav2_util/include//nav2_util/lifecycle_node.hpp
[93.196s] -- Symlinking: /home/snake/Emmanuel_Jr_robot/install/nav2_util/include//nav2_util/lifecycle_service_client.hpp
[93.208s] -- Symlinking: /home/snake/Emmanuel_Jr_robot/install/nav2_util/include//nav2_util/lifecycle_utils.hpp
[93.220s] -- Symlinking: /home/snake/Emmanuel_Jr_robot/install/nav2_util/include//nav2_util/line_iterator.hpp
[93.231s] -- Symlinking: /home/snake/Emmanuel_Jr_robot/install/nav2_util/include//nav2_util/node_thread.hpp
[93.244s] -- Symlinking: /home/snake/Emmanuel_Jr_robot/install/nav2_util/include//nav2_util/node_utils.hpp
[93.255s] -- Symlinking: /home/snake/Emmanuel_Jr_robot/install/nav2_util/include//nav2_util/occ_grid_values.hpp
[93.267s] -- Symlinking: /home/snake/Emmanuel_Jr_robot/install/nav2_util/include//nav2_util/odometry_utils.hpp
[93.279s] -- Symlinking: /home/snake/Emmanuel_Jr_robot/install/nav2_util/include//nav2_util/robot_utils.hpp
[93.291s] -- Symlinking: /home/snake/Emmanuel_Jr_robot/install/nav2_util/include//nav2_util/service_client.hpp
[93.302s] -- Symlinking: /home/snake/Emmanuel_Jr_robot/install/nav2_util/include//nav2_util/simple_action_server.hpp
[93.314s] -- Symlinking: /home/snake/Emmanuel_Jr_robot/install/nav2_util/include//nav2_util/string_utils.hpp
[93.326s] -- Symlinking: /home/snake/Emmanuel_Jr_robot/install/nav2_util/share/nav2_util/environment/library_path.sh
[93.338s] -- Symlinking: /home/snake/Emmanuel_Jr_robot/install/nav2_util/share/nav2_util/environment/library_path.dsv
[93.352s] -- Symlinking: /home/snake/Emmanuel_Jr_robot/install/nav2_util/share/ament_index/resource_index/package_run_dependencies/nav2_util
[93.368s] -- Symlinking: /home/snake/Emmanuel_Jr_robot/install/nav2_util/share/ament_index/resource_index/parent_prefix_path/nav2_util
[93.382s] -- Symlinking: /home/snake/Emmanuel_Jr_robot/install/nav2_util/share/nav2_util/environment/ament_prefix_path.sh
[93.395s] -- Symlinking: /home/snake/Emmanuel_Jr_robot/install/nav2_util/share/nav2_util/environment/ament_prefix_path.dsv
[93.409s] -- Symlinking: /home/snake/Emmanuel_Jr_robot/install/nav2_util/share/nav2_util/environment/path.sh
[93.422s] -- Symlinking: /home/snake/Emmanuel_Jr_robot/install/nav2_util/share/nav2_util/environment/path.dsv
[93.437s] -- Symlinking: /home/snake/Emmanuel_Jr_robot/install/nav2_util/share/nav2_util/local_setup.bash
[93.451s] -- Symlinking: /home/snake/Emmanuel_Jr_robot/install/nav2_util/share/nav2_util/local_setup.sh
[93.464s] -- Symlinking: /home/snake/Emmanuel_Jr_robot/install/nav2_util/share/nav2_util/local_setup.zsh
[93.477s] -- Symlinking: /home/snake/Emmanuel_Jr_robot/install/nav2_util/share/nav2_util/local_setup.dsv
[93.490s] -- Symlinking: /home/snake/Emmanuel_Jr_robot/install/nav2_util/share/nav2_util/package.dsv
[93.502s] -- Symlinking: /home/snake/Emmanuel_Jr_robot/install/nav2_util/share/ament_index/resource_index/packages/nav2_util
[93.515s] -- Symlinking: /home/snake/Emmanuel_Jr_robot/install/nav2_util/share/nav2_util/cmake/ament_cmake_export_include_directories-extras.cmake
[93.526s] -- Symlinking: /home/snake/Emmanuel_Jr_robot/install/nav2_util/share/nav2_util/cmake/ament_cmake_export_libraries-extras.cmake
[93.538s] -- Symlinking: /home/snake/Emmanuel_Jr_robot/install/nav2_util/share/nav2_util/cmake/ament_cmake_export_dependencies-extras.cmake
[93.550s] -- Symlinking: /home/snake/Emmanuel_Jr_robot/install/nav2_util/share/nav2_util/cmake/nav2_utilConfig.cmake
[93.562s] -- Symlinking: /home/snake/Emmanuel_Jr_robot/install/nav2_util/share/nav2_util/cmake/nav2_utilConfig-version.cmake
[93.573s] -- Symlinking: /home/snake/Emmanuel_Jr_robot/install/nav2_util/share/nav2_util/package.xml
[93.589s] Invoked command in '/home/snake/Emmanuel_Jr_robot/build/nav2_util' returned '0': AMENT_PREFIX_PATH=/home/snake/Emmanuel_Jr_robot/install/nav2_msgs:/home/snake/Emmanuel_Jr_robot/install/nav2_common:${AMENT_PREFIX_PATH} CMAKE_PREFIX_PATH=/home/snake/Emmanuel_Jr_robot/install/nav2_msgs:/home/snake/Emmanuel_Jr_robot/install/nav2_common:/opt/ros/galactic LD_LIBRARY_PATH=/home/snake/Emmanuel_Jr_robot/install/nav2_msgs/lib:${LD_LIBRARY_PATH} PYTHONPATH=/home/snake/Emmanuel_Jr_robot/install/nav2_msgs/lib/python3.8/site-packages:/home/snake/Emmanuel_Jr_robot/install/nav2_common/lib/python3.8/site-packages:${PYTHONPATH} /usr/bin/cmake --install /home/snake/Emmanuel_Jr_robot/build/nav2_util
