[0.026s] Invoking command in '/home/snake/Emmanuel_Jr_robot/build/nav2_bt_navigator': AMENT_PREFIX_PATH=/home/snake/Emmanuel_Jr_robot/install/nav2_core:/home/snake/Emmanuel_Jr_robot/install/nav2_costmap_2d:/home/snake/Emmanuel_Jr_robot/install/nav2_behavior_tree:/home/snake/Emmanuel_Jr_robot/install/nav2_util:/home/snake/Emmanuel_Jr_robot/install/nav2_voxel_grid:/home/snake/Emmanuel_Jr_robot/install/nav2_msgs:/home/snake/Emmanuel_Jr_robot/install/nav2_common:${AMENT_PREFIX_PATH} CMAKE_PREFIX_PATH=/home/snake/Emmanuel_Jr_robot/install/nav2_core:/home/snake/Emmanuel_Jr_robot/install/nav2_costmap_2d:/home/snake/Emmanuel_Jr_robot/install/nav2_behavior_tree:/home/snake/Emmanuel_Jr_robot/install/nav2_util:/home/snake/Emmanuel_Jr_robot/install/nav2_voxel_grid:/home/snake/Emmanuel_Jr_robot/install/nav2_msgs:/home/snake/Emmanuel_Jr_robot/install/nav2_common:/opt/ros/galactic LD_LIBRARY_PATH=/home/snake/Emmanuel_Jr_robot/install/nav2_costmap_2d/lib:/home/snake/Emmanuel_Jr_robot/install/nav2_behavior_tree/lib:/home/snake/Emmanuel_Jr_robot/install/nav2_util/lib:/home/snake/Emmanuel_Jr_robot/install/nav2_voxel_grid/lib:/home/snake/Emmanuel_Jr_robot/install/nav2_msgs/lib:${LD_LIBRARY_PATH} PYTHONPATH=/home/snake/Emmanuel_Jr_robot/install/nav2_msgs/lib/python3.8/site-packages:/home/snake/Emmanuel_Jr_robot/install/nav2_common/lib/python3.8/site-packages:${PYTHONPATH} /usr/bin/cmake /home/snake/Emmanuel_Jr_robot/src/navigation2/nav2_bt_navigator -DCMAKE_INSTALL_PREFIX=/home/snake/Emmanuel_Jr_robot/install/nav2_bt_navigator
[0.046s] -- Found ament_cmake: 1.1.5 (/opt/ros/galactic/share/ament_cmake/cmake)
[0.068s] -- Using PYTHON_EXECUTABLE: /usr/bin/python3
[0.142s] -- Override CMake install command with custom implementation using symlinks instead of copying resources
[0.150s] -- Found nav2_common: 1.0.12 (/home/snake/Emmanuel_Jr_robot/install/nav2_common/share/nav2_common/cmake)
[0.150s] -- Found rclcpp: 9.2.1 (/opt/ros/galactic/share/rclcpp/cmake)
[0.185s] -- Using all available rosidl_typesupport_c: rosidl_typesupport_fastrtps_c;rosidl_typesupport_introspection_c
[0.189s] -- Found rosidl_adapter: 2.2.2 (/opt/ros/galactic/share/rosidl_adapter/cmake)
[0.373s] -- Using all available rosidl_typesupport_cpp: rosidl_typesupport_fastrtps_cpp;rosidl_typesupport_introspection_cpp
[0.421s] -- Found rmw_implementation_cmake: 3.3.1 (/opt/ros/galactic/share/rmw_implementation_cmake/cmake)
[0.423s] -- Found rmw_cyclonedds_cpp: 0.22.5 (/opt/ros/galactic/share/rmw_cyclonedds_cpp/cmake)
[0.442s] -- Using RMW implementation 'rmw_cyclonedds_cpp' as default
[0.576s] -- Found rclcpp_action: 9.2.1 (/opt/ros/galactic/share/rclcpp_action/cmake)
[0.661s] -- Found rclcpp_lifecycle: 9.2.1 (/opt/ros/galactic/share/rclcpp_lifecycle/cmake)
[0.688s] -- Found geometry_msgs: 2.2.4 (/opt/ros/galactic/share/geometry_msgs/cmake)
[0.728s] -- Found nav2_behavior_tree: 1.0.12 (/home/snake/Emmanuel_Jr_robot/install/nav2_behavior_tree/share/nav2_behavior_tree/cmake)
[1.387s] -- Found eigen3_cmake_module: 0.1.1 (/opt/ros/galactic/share/eigen3_cmake_module/cmake)
[1.855s] -- Found nav2_core: 1.0.12 (/home/snake/Emmanuel_Jr_robot/install/nav2_core/share/nav2_core/cmake)
[6.511s] -- Found ament_lint_auto: 0.10.7 (/opt/ros/galactic/share/ament_lint_auto/cmake)
[6.575s] -- Added test 'copyright' to check source files copyright and LICENSE
[6.577s] -- Added test 'cppcheck' to perform static code analysis on C / C++ code
[6.577s] -- Configured cppcheck include dirs: /home/snake/Emmanuel_Jr_robot/src/navigation2/nav2_bt_navigator/include
[6.577s] -- Configured cppcheck exclude dirs and/or files: 
[6.579s] -- Added test 'cpplint' to check C / C++ code against the Google style
[6.579s] -- Configured cpplint exclude dirs and/or files: 
[6.580s] -- Added test 'lint_cmake' to check CMake code style
[6.581s] -- Added test 'uncrustify' to check C / C++ code style
[6.581s] -- Configured uncrustify additional arguments: 
[6.582s] -- Added test 'xmllint' to check XML markup files
[6.589s] -- Configuring done
[6.718s] -- Generating done
[6.721s] -- Build files have been written to: /home/snake/Emmanuel_Jr_robot/build/nav2_bt_navigator
[6.729s] Invoked command in '/home/snake/Emmanuel_Jr_robot/build/nav2_bt_navigator' returned '0': AMENT_PREFIX_PATH=/home/snake/Emmanuel_Jr_robot/install/nav2_core:/home/snake/Emmanuel_Jr_robot/install/nav2_costmap_2d:/home/snake/Emmanuel_Jr_robot/install/nav2_behavior_tree:/home/snake/Emmanuel_Jr_robot/install/nav2_util:/home/snake/Emmanuel_Jr_robot/install/nav2_voxel_grid:/home/snake/Emmanuel_Jr_robot/install/nav2_msgs:/home/snake/Emmanuel_Jr_robot/install/nav2_common:${AMENT_PREFIX_PATH} CMAKE_PREFIX_PATH=/home/snake/Emmanuel_Jr_robot/install/nav2_core:/home/snake/Emmanuel_Jr_robot/install/nav2_costmap_2d:/home/snake/Emmanuel_Jr_robot/install/nav2_behavior_tree:/home/snake/Emmanuel_Jr_robot/install/nav2_util:/home/snake/Emmanuel_Jr_robot/install/nav2_voxel_grid:/home/snake/Emmanuel_Jr_robot/install/nav2_msgs:/home/snake/Emmanuel_Jr_robot/install/nav2_common:/opt/ros/galactic LD_LIBRARY_PATH=/home/snake/Emmanuel_Jr_robot/install/nav2_costmap_2d/lib:/home/snake/Emmanuel_Jr_robot/install/nav2_behavior_tree/lib:/home/snake/Emmanuel_Jr_robot/install/nav2_util/lib:/home/snake/Emmanuel_Jr_robot/install/nav2_voxel_grid/lib:/home/snake/Emmanuel_Jr_robot/install/nav2_msgs/lib:${LD_LIBRARY_PATH} PYTHONPATH=/home/snake/Emmanuel_Jr_robot/install/nav2_msgs/lib/python3.8/site-packages:/home/snake/Emmanuel_Jr_robot/install/nav2_common/lib/python3.8/site-packages:${PYTHONPATH} /usr/bin/cmake /home/snake/Emmanuel_Jr_robot/src/navigation2/nav2_bt_navigator -DCMAKE_INSTALL_PREFIX=/home/snake/Emmanuel_Jr_robot/install/nav2_bt_navigator
[6.732s] Invoking command in '/home/snake/Emmanuel_Jr_robot/build/nav2_bt_navigator': AMENT_PREFIX_PATH=/home/snake/Emmanuel_Jr_robot/install/nav2_core:/home/snake/Emmanuel_Jr_robot/install/nav2_costmap_2d:/home/snake/Emmanuel_Jr_robot/install/nav2_behavior_tree:/home/snake/Emmanuel_Jr_robot/install/nav2_util:/home/snake/Emmanuel_Jr_robot/install/nav2_voxel_grid:/home/snake/Emmanuel_Jr_robot/install/nav2_msgs:/home/snake/Emmanuel_Jr_robot/install/nav2_common:${AMENT_PREFIX_PATH} CMAKE_PREFIX_PATH=/home/snake/Emmanuel_Jr_robot/install/nav2_core:/home/snake/Emmanuel_Jr_robot/install/nav2_costmap_2d:/home/snake/Emmanuel_Jr_robot/install/nav2_behavior_tree:/home/snake/Emmanuel_Jr_robot/install/nav2_util:/home/snake/Emmanuel_Jr_robot/install/nav2_voxel_grid:/home/snake/Emmanuel_Jr_robot/install/nav2_msgs:/home/snake/Emmanuel_Jr_robot/install/nav2_common:/opt/ros/galactic LD_LIBRARY_PATH=/home/snake/Emmanuel_Jr_robot/install/nav2_costmap_2d/lib:/home/snake/Emmanuel_Jr_robot/install/nav2_behavior_tree/lib:/home/snake/Emmanuel_Jr_robot/install/nav2_util/lib:/home/snake/Emmanuel_Jr_robot/install/nav2_voxel_grid/lib:/home/snake/Emmanuel_Jr_robot/install/nav2_msgs/lib:${LD_LIBRARY_PATH} PYTHONPATH=/home/snake/Emmanuel_Jr_robot/install/nav2_msgs/lib/python3.8/site-packages:/home/snake/Emmanuel_Jr_robot/install/nav2_common/lib/python3.8/site-packages:${PYTHONPATH} /usr/bin/cmake --build /home/snake/Emmanuel_Jr_robot/build/nav2_bt_navigator -- -j2 -l2
[6.815s] [ 66%] Built target bt_navigator_core
[6.854s] [100%] Built target bt_navigator
[6.865s] Invoked command in '/home/snake/Emmanuel_Jr_robot/build/nav2_bt_navigator' returned '0': AMENT_PREFIX_PATH=/home/snake/Emmanuel_Jr_robot/install/nav2_core:/home/snake/Emmanuel_Jr_robot/install/nav2_costmap_2d:/home/snake/Emmanuel_Jr_robot/install/nav2_behavior_tree:/home/snake/Emmanuel_Jr_robot/install/nav2_util:/home/snake/Emmanuel_Jr_robot/install/nav2_voxel_grid:/home/snake/Emmanuel_Jr_robot/install/nav2_msgs:/home/snake/Emmanuel_Jr_robot/install/nav2_common:${AMENT_PREFIX_PATH} CMAKE_PREFIX_PATH=/home/snake/Emmanuel_Jr_robot/install/nav2_core:/home/snake/Emmanuel_Jr_robot/install/nav2_costmap_2d:/home/snake/Emmanuel_Jr_robot/install/nav2_behavior_tree:/home/snake/Emmanuel_Jr_robot/install/nav2_util:/home/snake/Emmanuel_Jr_robot/install/nav2_voxel_grid:/home/snake/Emmanuel_Jr_robot/install/nav2_msgs:/home/snake/Emmanuel_Jr_robot/install/nav2_common:/opt/ros/galactic LD_LIBRARY_PATH=/home/snake/Emmanuel_Jr_robot/install/nav2_costmap_2d/lib:/home/snake/Emmanuel_Jr_robot/install/nav2_behavior_tree/lib:/home/snake/Emmanuel_Jr_robot/install/nav2_util/lib:/home/snake/Emmanuel_Jr_robot/install/nav2_voxel_grid/lib:/home/snake/Emmanuel_Jr_robot/install/nav2_msgs/lib:${LD_LIBRARY_PATH} PYTHONPATH=/home/snake/Emmanuel_Jr_robot/install/nav2_msgs/lib/python3.8/site-packages:/home/snake/Emmanuel_Jr_robot/install/nav2_common/lib/python3.8/site-packages:${PYTHONPATH} /usr/bin/cmake --build /home/snake/Emmanuel_Jr_robot/build/nav2_bt_navigator -- -j2 -l2
[6.891s] Invoking command in '/home/snake/Emmanuel_Jr_robot/build/nav2_bt_navigator': AMENT_PREFIX_PATH=/home/snake/Emmanuel_Jr_robot/install/nav2_core:/home/snake/Emmanuel_Jr_robot/install/nav2_costmap_2d:/home/snake/Emmanuel_Jr_robot/install/nav2_behavior_tree:/home/snake/Emmanuel_Jr_robot/install/nav2_util:/home/snake/Emmanuel_Jr_robot/install/nav2_voxel_grid:/home/snake/Emmanuel_Jr_robot/install/nav2_msgs:/home/snake/Emmanuel_Jr_robot/install/nav2_common:${AMENT_PREFIX_PATH} CMAKE_PREFIX_PATH=/home/snake/Emmanuel_Jr_robot/install/nav2_core:/home/snake/Emmanuel_Jr_robot/install/nav2_costmap_2d:/home/snake/Emmanuel_Jr_robot/install/nav2_behavior_tree:/home/snake/Emmanuel_Jr_robot/install/nav2_util:/home/snake/Emmanuel_Jr_robot/install/nav2_voxel_grid:/home/snake/Emmanuel_Jr_robot/install/nav2_msgs:/home/snake/Emmanuel_Jr_robot/install/nav2_common:/opt/ros/galactic LD_LIBRARY_PATH=/home/snake/Emmanuel_Jr_robot/install/nav2_costmap_2d/lib:/home/snake/Emmanuel_Jr_robot/install/nav2_behavior_tree/lib:/home/snake/Emmanuel_Jr_robot/install/nav2_util/lib:/home/snake/Emmanuel_Jr_robot/install/nav2_voxel_grid/lib:/home/snake/Emmanuel_Jr_robot/install/nav2_msgs/lib:${LD_LIBRARY_PATH} PYTHONPATH=/home/snake/Emmanuel_Jr_robot/install/nav2_msgs/lib/python3.8/site-packages:/home/snake/Emmanuel_Jr_robot/install/nav2_common/lib/python3.8/site-packages:${PYTHONPATH} /usr/bin/cmake --install /home/snake/Emmanuel_Jr_robot/build/nav2_bt_navigator
[6.901s] -- Install configuration: "Release"
[6.901s] -- Execute custom install script
[6.903s] -- Up-to-date symlink: /home/snake/Emmanuel_Jr_robot/install/nav2_bt_navigator/lib/libbt_navigator_core.so
[6.904s] -- Up-to-date symlink: /home/snake/Emmanuel_Jr_robot/install/nav2_bt_navigator/lib/nav2_bt_navigator/bt_navigator
[6.905s] -- Up-to-date symlink: /home/snake/Emmanuel_Jr_robot/install/nav2_bt_navigator/include//nav2_bt_navigator/bt_navigator.hpp
[6.905s] -- Up-to-date symlink: /home/snake/Emmanuel_Jr_robot/install/nav2_bt_navigator/include//nav2_bt_navigator/navigator.hpp
[6.906s] -- Up-to-date symlink: /home/snake/Emmanuel_Jr_robot/install/nav2_bt_navigator/include//nav2_bt_navigator/navigators/navigate_through_poses.hpp
[6.907s] -- Up-to-date symlink: /home/snake/Emmanuel_Jr_robot/install/nav2_bt_navigator/include//nav2_bt_navigator/navigators/navigate_to_pose.hpp
[6.908s] -- Up-to-date symlink: /home/snake/Emmanuel_Jr_robot/install/nav2_bt_navigator/share/nav2_bt_navigator/behavior_trees/follow_point.xml
[6.908s] -- Up-to-date symlink: /home/snake/Emmanuel_Jr_robot/install/nav2_bt_navigator/share/nav2_bt_navigator/behavior_trees/navigate_through_poses_w_replanning_and_recovery.xml
[6.909s] -- Up-to-date symlink: /home/snake/Emmanuel_Jr_robot/install/nav2_bt_navigator/share/nav2_bt_navigator/behavior_trees/navigate_to_pose_w_replanning_and_recovery.xml
[6.910s] -- Up-to-date symlink: /home/snake/Emmanuel_Jr_robot/install/nav2_bt_navigator/share/nav2_bt_navigator/behavior_trees/navigate_w_replanning_distance.xml
[6.910s] -- Up-to-date symlink: /home/snake/Emmanuel_Jr_robot/install/nav2_bt_navigator/share/nav2_bt_navigator/behavior_trees/navigate_w_replanning_speed.xml
[6.911s] -- Up-to-date symlink: /home/snake/Emmanuel_Jr_robot/install/nav2_bt_navigator/share/nav2_bt_navigator/behavior_trees/navigate_w_replanning_time.xml
[6.912s] -- Up-to-date symlink: /home/snake/Emmanuel_Jr_robot/install/nav2_bt_navigator/share/nav2_bt_navigator/environment/library_path.sh
[6.912s] -- Up-to-date symlink: /home/snake/Emmanuel_Jr_robot/install/nav2_bt_navigator/share/nav2_bt_navigator/environment/library_path.dsv
[6.913s] -- Up-to-date symlink: /home/snake/Emmanuel_Jr_robot/install/nav2_bt_navigator/share/ament_index/resource_index/package_run_dependencies/nav2_bt_navigator
[6.914s] -- Up-to-date symlink: /home/snake/Emmanuel_Jr_robot/install/nav2_bt_navigator/share/ament_index/resource_index/parent_prefix_path/nav2_bt_navigator
[6.914s] -- Up-to-date symlink: /home/snake/Emmanuel_Jr_robot/install/nav2_bt_navigator/share/nav2_bt_navigator/environment/ament_prefix_path.sh
[6.915s] -- Up-to-date symlink: /home/snake/Emmanuel_Jr_robot/install/nav2_bt_navigator/share/nav2_bt_navigator/environment/ament_prefix_path.dsv
[6.916s] -- Up-to-date symlink: /home/snake/Emmanuel_Jr_robot/install/nav2_bt_navigator/share/nav2_bt_navigator/environment/path.sh
[6.916s] -- Up-to-date symlink: /home/snake/Emmanuel_Jr_robot/install/nav2_bt_navigator/share/nav2_bt_navigator/environment/path.dsv
[6.917s] -- Up-to-date symlink: /home/snake/Emmanuel_Jr_robot/install/nav2_bt_navigator/share/nav2_bt_navigator/local_setup.bash
[6.918s] -- Up-to-date symlink: /home/snake/Emmanuel_Jr_robot/install/nav2_bt_navigator/share/nav2_bt_navigator/local_setup.sh
[6.918s] -- Up-to-date symlink: /home/snake/Emmanuel_Jr_robot/install/nav2_bt_navigator/share/nav2_bt_navigator/local_setup.zsh
[6.919s] -- Up-to-date symlink: /home/snake/Emmanuel_Jr_robot/install/nav2_bt_navigator/share/nav2_bt_navigator/local_setup.dsv
[6.919s] -- Symlinking: /home/snake/Emmanuel_Jr_robot/install/nav2_bt_navigator/share/nav2_bt_navigator/package.dsv
[6.930s] -- Up-to-date symlink: /home/snake/Emmanuel_Jr_robot/install/nav2_bt_navigator/share/ament_index/resource_index/packages/nav2_bt_navigator
[6.930s] -- Up-to-date symlink: /home/snake/Emmanuel_Jr_robot/install/nav2_bt_navigator/share/nav2_bt_navigator/cmake/ament_cmake_export_include_directories-extras.cmake
[6.931s] -- Up-to-date symlink: /home/snake/Emmanuel_Jr_robot/install/nav2_bt_navigator/share/nav2_bt_navigator/cmake/ament_cmake_export_libraries-extras.cmake
[6.931s] -- Up-to-date symlink: /home/snake/Emmanuel_Jr_robot/install/nav2_bt_navigator/share/nav2_bt_navigator/cmake/ament_cmake_export_dependencies-extras.cmake
[6.932s] -- Up-to-date symlink: /home/snake/Emmanuel_Jr_robot/install/nav2_bt_navigator/share/nav2_bt_navigator/cmake/nav2_bt_navigatorConfig.cmake
[6.932s] -- Up-to-date symlink: /home/snake/Emmanuel_Jr_robot/install/nav2_bt_navigator/share/nav2_bt_navigator/cmake/nav2_bt_navigatorConfig-version.cmake
[6.933s] -- Up-to-date symlink: /home/snake/Emmanuel_Jr_robot/install/nav2_bt_navigator/share/nav2_bt_navigator/package.xml
[6.935s] Invoked command in '/home/snake/Emmanuel_Jr_robot/build/nav2_bt_navigator' returned '0': AMENT_PREFIX_PATH=/home/snake/Emmanuel_Jr_robot/install/nav2_core:/home/snake/Emmanuel_Jr_robot/install/nav2_costmap_2d:/home/snake/Emmanuel_Jr_robot/install/nav2_behavior_tree:/home/snake/Emmanuel_Jr_robot/install/nav2_util:/home/snake/Emmanuel_Jr_robot/install/nav2_voxel_grid:/home/snake/Emmanuel_Jr_robot/install/nav2_msgs:/home/snake/Emmanuel_Jr_robot/install/nav2_common:${AMENT_PREFIX_PATH} CMAKE_PREFIX_PATH=/home/snake/Emmanuel_Jr_robot/install/nav2_core:/home/snake/Emmanuel_Jr_robot/install/nav2_costmap_2d:/home/snake/Emmanuel_Jr_robot/install/nav2_behavior_tree:/home/snake/Emmanuel_Jr_robot/install/nav2_util:/home/snake/Emmanuel_Jr_robot/install/nav2_voxel_grid:/home/snake/Emmanuel_Jr_robot/install/nav2_msgs:/home/snake/Emmanuel_Jr_robot/install/nav2_common:/opt/ros/galactic LD_LIBRARY_PATH=/home/snake/Emmanuel_Jr_robot/install/nav2_costmap_2d/lib:/home/snake/Emmanuel_Jr_robot/install/nav2_behavior_tree/lib:/home/snake/Emmanuel_Jr_robot/install/nav2_util/lib:/home/snake/Emmanuel_Jr_robot/install/nav2_voxel_grid/lib:/home/snake/Emmanuel_Jr_robot/install/nav2_msgs/lib:${LD_LIBRARY_PATH} PYTHONPATH=/home/snake/Emmanuel_Jr_robot/install/nav2_msgs/lib/python3.8/site-packages:/home/snake/Emmanuel_Jr_robot/install/nav2_common/lib/python3.8/site-packages:${PYTHONPATH} /usr/bin/cmake --install /home/snake/Emmanuel_Jr_robot/build/nav2_bt_navigator
