[2.110s] Invoking command in '/home/ubuntu/Emmanuel_Jr_robot/src/emmanuel': PYTHONPATH=/home/ubuntu/Emmanuel_Jr_robot/install/emmanuel/lib/python3.8/site-packages: /usr/bin/python3 setup.py egg_info --egg-base ../../build/emmanuel build --build-base /home/ubuntu/Emmanuel_Jr_robot/build/emmanuel/build install --prefix /home/ubuntu/Emmanuel_Jr_robot/install/emmanuel --record /home/ubuntu/Emmanuel_Jr_robot/build/emmanuel/install.log --single-version-externally-managed
[2.819s] running egg_info
[2.820s] writing ../../build/emmanuel/emmanuel.egg-info/PKG-INFO
[2.821s] writing dependency_links to ../../build/emmanuel/emmanuel.egg-info/dependency_links.txt
[2.822s] writing entry points to ../../build/emmanuel/emmanuel.egg-info/entry_points.txt
[2.823s] writing requirements to ../../build/emmanuel/emmanuel.egg-info/requires.txt
[2.824s] writing top-level names to ../../build/emmanuel/emmanuel.egg-info/top_level.txt
[2.949s] reading manifest file '../../build/emmanuel/emmanuel.egg-info/SOURCES.txt'
[2.952s] writing manifest file '../../build/emmanuel/emmanuel.egg-info/SOURCES.txt'
[2.953s] running build
[2.953s] running build_py
[2.955s] running install
[2.957s] running install_lib
[2.963s] running install_data
[2.965s] running install_egg_info
[2.970s] removing '/home/ubuntu/Emmanuel_Jr_robot/install/emmanuel/lib/python3.8/site-packages/emmanuel-0.0.0-py3.8.egg-info' (and everything under it)
[2.972s] Copying ../../build/emmanuel/emmanuel.egg-info to /home/ubuntu/Emmanuel_Jr_robot/install/emmanuel/lib/python3.8/site-packages/emmanuel-0.0.0-py3.8.egg-info
[2.976s] running install_scripts
[3.034s] Installing motor_run script to /home/ubuntu/Emmanuel_Jr_robot/install/emmanuel/lib/emmanuel
[3.036s] writing list of installed files to '/home/ubuntu/Emmanuel_Jr_robot/build/emmanuel/install.log'
[3.126s] Invoked command in '/home/ubuntu/Emmanuel_Jr_robot/src/emmanuel' returned '0': PYTHONPATH=/home/ubuntu/Emmanuel_Jr_robot/install/emmanuel/lib/python3.8/site-packages: /usr/bin/python3 setup.py egg_info --egg-base ../../build/emmanuel build --build-base /home/ubuntu/Emmanuel_Jr_robot/build/emmanuel/build install --prefix /home/ubuntu/Emmanuel_Jr_robot/install/emmanuel --record /home/ubuntu/Emmanuel_Jr_robot/build/emmanuel/install.log --single-version-externally-managed
