[1.773s] Invoking command in '/home/ubuntu/Emmanuel_Jr_robot/build/linorobot2': CMAKE_PREFIX_PATH=${CMAKE_PREFIX_PATH}:/home/ubuntu/Emmanuel_Jr_robot/install/emmanuel:/opt/ros/galactic /usr/bin/cmake /home/ubuntu/Emmanuel_Jr_robot/src/linorobot2/linorobot2 -DCMAKE_INSTALL_PREFIX=/home/ubuntu/Emmanuel_Jr_robot/install/linorobot2
[2.051s] -- The C compiler identification is GNU 9.4.0
[2.347s] -- The CXX compiler identification is GNU 9.4.0
[2.369s] -- Check for working C compiler: /usr/bin/cc
[2.768s] -- Check for working C compiler: /usr/bin/cc -- works
[2.772s] -- Detecting C compiler ABI info
[3.122s] -- Detecting C compiler ABI info - done
[3.161s] -- Detecting C compile features
[3.164s] -- Detecting C compile features - done
[3.175s] -- Check for working CXX compiler: /usr/bin/c++
[3.524s] -- Check for working CXX compiler: /usr/bin/c++ -- works
[3.528s] -- Detecting CXX compiler ABI info
[3.880s] -- Detecting CXX compiler ABI info - done
[3.921s] -- Detecting CXX compile features
[3.924s] -- Detecting CXX compile features - done
[3.960s] -- Found ament_cmake: 1.1.5 (/opt/ros/galactic/share/ament_cmake/cmake)
[4.143s] -- Found PythonInterp: /usr/bin/python3 (found suitable version "3.8.10", minimum required is "3") 
[4.144s] -- Using PYTHON_EXECUTABLE: /usr/bin/python3
[5.144s] -- Configuring done
[5.156s] -- Generating done
[5.162s] -- Build files have been written to: /home/ubuntu/Emmanuel_Jr_robot/build/linorobot2
[5.188s] Invoked command in '/home/ubuntu/Emmanuel_Jr_robot/build/linorobot2' returned '0': CMAKE_PREFIX_PATH=${CMAKE_PREFIX_PATH}:/home/ubuntu/Emmanuel_Jr_robot/install/emmanuel:/opt/ros/galactic /usr/bin/cmake /home/ubuntu/Emmanuel_Jr_robot/src/linorobot2/linorobot2 -DCMAKE_INSTALL_PREFIX=/home/ubuntu/Emmanuel_Jr_robot/install/linorobot2
[5.191s] Invoking command in '/home/ubuntu/Emmanuel_Jr_robot/build/linorobot2': CMAKE_PREFIX_PATH=${CMAKE_PREFIX_PATH}:/home/ubuntu/Emmanuel_Jr_robot/install/emmanuel:/opt/ros/galactic /usr/bin/cmake --build /home/ubuntu/Emmanuel_Jr_robot/build/linorobot2 -- -j4 -l4
[5.380s] Invoked command in '/home/ubuntu/Emmanuel_Jr_robot/build/linorobot2' returned '0': CMAKE_PREFIX_PATH=${CMAKE_PREFIX_PATH}:/home/ubuntu/Emmanuel_Jr_robot/install/emmanuel:/opt/ros/galactic /usr/bin/cmake --build /home/ubuntu/Emmanuel_Jr_robot/build/linorobot2 -- -j4 -l4
[5.547s] Invoking command in '/home/ubuntu/Emmanuel_Jr_robot/build/linorobot2': CMAKE_PREFIX_PATH=${CMAKE_PREFIX_PATH}:/home/ubuntu/Emmanuel_Jr_robot/install/emmanuel:/opt/ros/galactic /usr/bin/cmake --install /home/ubuntu/Emmanuel_Jr_robot/build/linorobot2
[5.598s] -- Install configuration: ""
[5.600s] -- Installing: /home/ubuntu/Emmanuel_Jr_robot/install/linorobot2/share/ament_index/resource_index/package_run_dependencies/linorobot2
[5.606s] -- Installing: /home/ubuntu/Emmanuel_Jr_robot/install/linorobot2/share/ament_index/resource_index/parent_prefix_path/linorobot2
[5.609s] -- Installing: /home/ubuntu/Emmanuel_Jr_robot/install/linorobot2/share/linorobot2/environment/ament_prefix_path.sh
[5.611s] -- Installing: /home/ubuntu/Emmanuel_Jr_robot/install/linorobot2/share/linorobot2/environment/ament_prefix_path.dsv
[5.614s] -- Installing: /home/ubuntu/Emmanuel_Jr_robot/install/linorobot2/share/linorobot2/environment/path.sh
[5.616s] -- Installing: /home/ubuntu/Emmanuel_Jr_robot/install/linorobot2/share/linorobot2/environment/path.dsv
[5.619s] -- Installing: /home/ubuntu/Emmanuel_Jr_robot/install/linorobot2/share/linorobot2/local_setup.bash
[5.621s] -- Installing: /home/ubuntu/Emmanuel_Jr_robot/install/linorobot2/share/linorobot2/local_setup.sh
[5.622s] -- Installing: /home/ubuntu/Emmanuel_Jr_robot/install/linorobot2/share/linorobot2/local_setup.zsh
[5.624s] -- Installing: /home/ubuntu/Emmanuel_Jr_robot/install/linorobot2/share/linorobot2/local_setup.dsv
[5.626s] -- Installing: /home/ubuntu/Emmanuel_Jr_robot/install/linorobot2/share/linorobot2/package.dsv
[5.627s] -- Installing: /home/ubuntu/Emmanuel_Jr_robot/install/linorobot2/share/ament_index/resource_index/packages/linorobot2
[5.632s] -- Installing: /home/ubuntu/Emmanuel_Jr_robot/install/linorobot2/share/linorobot2/cmake/linorobot2Config.cmake
[5.633s] -- Installing: /home/ubuntu/Emmanuel_Jr_robot/install/linorobot2/share/linorobot2/cmake/linorobot2Config-version.cmake
[5.635s] -- Installing: /home/ubuntu/Emmanuel_Jr_robot/install/linorobot2/share/linorobot2/package.xml
[5.655s] Invoked command in '/home/ubuntu/Emmanuel_Jr_robot/build/linorobot2' returned '0': CMAKE_PREFIX_PATH=${CMAKE_PREFIX_PATH}:/home/ubuntu/Emmanuel_Jr_robot/install/emmanuel:/opt/ros/galactic /usr/bin/cmake --install /home/ubuntu/Emmanuel_Jr_robot/build/linorobot2
