[0.777s] Invoking command in '/home/ubuntu/Emmanuel_Jr_robot/build/mpu9250driver': /usr/bin/cmake --build /home/ubuntu/Emmanuel_Jr_robot/build/mpu9250driver -- -j4 -l4
[0.931s] [35m[1mScanning dependencies of target mpu9250sensor[0m
[0.932s] [35m[1mScanning dependencies of target linux_i2c_communicator[0m
[0.978s] [ 33%] [32mBuilding CXX object lib/mpu9250sensor/CMakeFiles/mpu9250sensor.dir/src/mpu9250sensor.cpp.o[0m
[0.979s] [ 33%] [32mBuilding CXX object lib/i2c/CMakeFiles/linux_i2c_communicator.dir/src/LinuxI2cCommunicator.cpp.o[0m
[2.446s] [ 50%] [32m[1mLinking CXX static library liblinux_i2c_communicator.a[0m
[2.579s] [ 50%] Built target linux_i2c_communicator
[4.380s] [ 66%] [32m[1mLinking CXX static library libmpu9250sensor.a[0m
[4.509s] [ 66%] Built target mpu9250sensor
[4.544s] [35m[1mScanning dependencies of target mpu9250driver[0m
[5.062s] [ 83%] [32mBuilding CXX object CMakeFiles/mpu9250driver.dir/src/mpu9250driver.cpp.o[0m
[19.963s] [100%] [32m[1mLinking CXX executable mpu9250driver[0m
[21.099s] [100%] Built target mpu9250driver
[21.134s] Invoked command in '/home/ubuntu/Emmanuel_Jr_robot/build/mpu9250driver' returned '0': /usr/bin/cmake --build /home/ubuntu/Emmanuel_Jr_robot/build/mpu9250driver -- -j4 -l4
[21.264s] Invoking command in '/home/ubuntu/Emmanuel_Jr_robot/build/mpu9250driver': /usr/bin/cmake --install /home/ubuntu/Emmanuel_Jr_robot/build/mpu9250driver
[21.292s] -- Install configuration: ""
[21.297s] -- Installing: /home/ubuntu/Emmanuel_Jr_robot/install/mpu9250driver/lib/mpu9250driver/mpu9250driver
[21.305s] -- Set runtime path of "/home/ubuntu/Emmanuel_Jr_robot/install/mpu9250driver/lib/mpu9250driver/mpu9250driver" to ""
[21.306s] -- Up-to-date: /home/ubuntu/Emmanuel_Jr_robot/install/mpu9250driver/share/mpu9250driver//launch
[21.306s] -- Installing: /home/ubuntu/Emmanuel_Jr_robot/install/mpu9250driver/share/mpu9250driver//launch/mpu9250driver_launch.py
[21.307s] -- Up-to-date: /home/ubuntu/Emmanuel_Jr_robot/install/mpu9250driver/share/mpu9250driver//params
[21.310s] -- Installing: /home/ubuntu/Emmanuel_Jr_robot/install/mpu9250driver/share/mpu9250driver//params/mpu9250.yaml
[21.312s] -- Installing: /home/ubuntu/Emmanuel_Jr_robot/install/mpu9250driver/share/ament_index/resource_index/package_run_dependencies/mpu9250driver
[21.314s] -- Installing: /home/ubuntu/Emmanuel_Jr_robot/install/mpu9250driver/share/ament_index/resource_index/parent_prefix_path/mpu9250driver
[21.316s] -- Installing: /home/ubuntu/Emmanuel_Jr_robot/install/mpu9250driver/share/mpu9250driver/environment/ament_prefix_path.sh
[21.317s] -- Installing: /home/ubuntu/Emmanuel_Jr_robot/install/mpu9250driver/share/mpu9250driver/environment/ament_prefix_path.dsv
[21.319s] -- Installing: /home/ubuntu/Emmanuel_Jr_robot/install/mpu9250driver/share/mpu9250driver/environment/path.sh
[21.320s] -- Installing: /home/ubuntu/Emmanuel_Jr_robot/install/mpu9250driver/share/mpu9250driver/environment/path.dsv
[21.321s] -- Installing: /home/ubuntu/Emmanuel_Jr_robot/install/mpu9250driver/share/mpu9250driver/local_setup.bash
[21.322s] -- Installing: /home/ubuntu/Emmanuel_Jr_robot/install/mpu9250driver/share/mpu9250driver/local_setup.sh
[21.324s] -- Installing: /home/ubuntu/Emmanuel_Jr_robot/install/mpu9250driver/share/mpu9250driver/local_setup.zsh
[21.325s] -- Installing: /home/ubuntu/Emmanuel_Jr_robot/install/mpu9250driver/share/mpu9250driver/local_setup.dsv
[21.326s] -- Installing: /home/ubuntu/Emmanuel_Jr_robot/install/mpu9250driver/share/mpu9250driver/package.dsv
[21.328s] -- Installing: /home/ubuntu/Emmanuel_Jr_robot/install/mpu9250driver/share/ament_index/resource_index/packages/mpu9250driver
[21.329s] -- Installing: /home/ubuntu/Emmanuel_Jr_robot/install/mpu9250driver/share/mpu9250driver/cmake/mpu9250driverConfig.cmake
[21.330s] -- Installing: /home/ubuntu/Emmanuel_Jr_robot/install/mpu9250driver/share/mpu9250driver/cmake/mpu9250driverConfig-version.cmake
[21.331s] -- Installing: /home/ubuntu/Emmanuel_Jr_robot/install/mpu9250driver/share/mpu9250driver/package.xml
[21.341s] Invoked command in '/home/ubuntu/Emmanuel_Jr_robot/build/mpu9250driver' returned '0': /usr/bin/cmake --install /home/ubuntu/Emmanuel_Jr_robot/build/mpu9250driver
