/usr/local/lib/python3.8/dist-packages/setuptools/dist.py:772: UserWarning: Usage of dash-separated 'script-dir' will not be supported in future versions. Please use the underscore name 'script_dir' instead
  warnings.warn(
/usr/local/lib/python3.8/dist-packages/setuptools/dist.py:772: UserWarning: Usage of dash-separated 'install-scripts' will not be supported in future versions. Please use the underscore name 'install_scripts' instead
  warnings.warn(
running develop
/usr/local/lib/python3.8/dist-packages/setuptools/command/easy_install.py:144: EasyInstallDeprecationWarning: easy_install command is deprecated. Use build and pip and other standards-based tools.
  warnings.warn(
/usr/local/lib/python3.8/dist-packages/setuptools/command/install.py:34: SetuptoolsDeprecationWarning: setup.py install is deprecated. Use build and pip and other standards-based tools.
  warnings.warn(
/usr/local/lib/python3.8/dist-packages/pkg_resources/__init__.py:123: PkgResourcesDeprecationWarning: 0.23ubuntu1 is an invalid version and will not be supported in a future release
  warnings.warn(
/usr/local/lib/python3.8/dist-packages/pkg_resources/__init__.py:123: PkgResourcesDeprecationWarning: 0.1.36ubuntu1 is an invalid version and will not be supported in a future release
  warnings.warn(
running egg_info
creating nav2_gazebo_spawner.egg-info
writing nav2_gazebo_spawner.egg-info/PKG-INFO
writing dependency_links to nav2_gazebo_spawner.egg-info/dependency_links.txt
writing entry points to nav2_gazebo_spawner.egg-info/entry_points.txt
writing requirements to nav2_gazebo_spawner.egg-info/requires.txt
writing top-level names to nav2_gazebo_spawner.egg-info/top_level.txt
writing manifest file 'nav2_gazebo_spawner.egg-info/SOURCES.txt'
reading manifest file 'nav2_gazebo_spawner.egg-info/SOURCES.txt'
writing manifest file 'nav2_gazebo_spawner.egg-info/SOURCES.txt'
running build_ext
Creating /home/snake/Emmanuel_Jr_robot/install/nav2_gazebo_spawner/lib/python3.8/site-packages/nav2-gazebo-spawner.egg-link (link to .)
Installing nav2_gazebo_spawner script to /home/snake/Emmanuel_Jr_robot/install/nav2_gazebo_spawner/lib/nav2_gazebo_spawner

Installed /home/snake/Emmanuel_Jr_robot/build/nav2_gazebo_spawner
running install_data
creating /home/snake/Emmanuel_Jr_robot/install/nav2_gazebo_spawner/share/ament_index
creating /home/snake/Emmanuel_Jr_robot/install/nav2_gazebo_spawner/share/ament_index/resource_index
creating /home/snake/Emmanuel_Jr_robot/install/nav2_gazebo_spawner/share/ament_index/resource_index/packages
copying resource/nav2_gazebo_spawner -> /home/snake/Emmanuel_Jr_robot/install/nav2_gazebo_spawner/share/ament_index/resource_index/packages
copying package.xml -> /home/snake/Emmanuel_Jr_robot/install/nav2_gazebo_spawner/share/nav2_gazebo_spawner
