[2.649s] Invoking command in '/home/snake/Emmanuel_Jr_robot/build/nav2_gazebo_spawner': PYTHONPATH=/home/snake/Emmanuel_Jr_robot/install/nav2_gazebo_spawner/lib/python3.8/site-packages:${PYTHONPATH} /usr/bin/python3 setup.py develop --prefix /home/snake/Emmanuel_Jr_robot/install/nav2_gazebo_spawner --editable --build-directory /home/snake/Emmanuel_Jr_robot/build/nav2_gazebo_spawner/build --no-deps install_data --install-dir /home/snake/Emmanuel_Jr_robot/install/nav2_gazebo_spawner
[3.003s] /usr/local/lib/python3.8/dist-packages/setuptools/dist.py:772: UserWarning: Usage of dash-separated 'script-dir' will not be supported in future versions. Please use the underscore name 'script_dir' instead
[3.003s]   warnings.warn(
[3.003s] /usr/local/lib/python3.8/dist-packages/setuptools/dist.py:772: UserWarning: Usage of dash-separated 'install-scripts' will not be supported in future versions. Please use the underscore name 'install_scripts' instead
[3.004s]   warnings.warn(
[3.804s] running develop
[3.804s] /usr/local/lib/python3.8/dist-packages/setuptools/command/easy_install.py:144: EasyInstallDeprecationWarning: easy_install command is deprecated. Use build and pip and other standards-based tools.
[3.804s]   warnings.warn(
[3.981s] /usr/local/lib/python3.8/dist-packages/setuptools/command/install.py:34: SetuptoolsDeprecationWarning: setup.py install is deprecated. Use build and pip and other standards-based tools.
[3.981s]   warnings.warn(
[4.275s] /usr/local/lib/python3.8/dist-packages/pkg_resources/__init__.py:123: PkgResourcesDeprecationWarning: 0.23ubuntu1 is an invalid version and will not be supported in a future release
[4.275s]   warnings.warn(
[4.276s] /usr/local/lib/python3.8/dist-packages/pkg_resources/__init__.py:123: PkgResourcesDeprecationWarning: 0.1.36ubuntu1 is an invalid version and will not be supported in a future release
[4.276s]   warnings.warn(
[4.439s] running egg_info
[4.439s] creating nav2_gazebo_spawner.egg-info
[4.527s] writing nav2_gazebo_spawner.egg-info/PKG-INFO
[4.599s] writing dependency_links to nav2_gazebo_spawner.egg-info/dependency_links.txt
[4.813s] writing entry points to nav2_gazebo_spawner.egg-info/entry_points.txt
[4.960s] writing requirements to nav2_gazebo_spawner.egg-info/requires.txt
[5.032s] writing top-level names to nav2_gazebo_spawner.egg-info/top_level.txt
[5.034s] writing manifest file 'nav2_gazebo_spawner.egg-info/SOURCES.txt'
[5.137s] reading manifest file 'nav2_gazebo_spawner.egg-info/SOURCES.txt'
[5.138s] writing manifest file 'nav2_gazebo_spawner.egg-info/SOURCES.txt'
[5.274s] running build_ext
[5.274s] Creating /home/snake/Emmanuel_Jr_robot/install/nav2_gazebo_spawner/lib/python3.8/site-packages/nav2-gazebo-spawner.egg-link (link to .)
[5.275s] Installing nav2_gazebo_spawner script to /home/snake/Emmanuel_Jr_robot/install/nav2_gazebo_spawner/lib/nav2_gazebo_spawner
[5.275s] 
[5.275s] Installed /home/snake/Emmanuel_Jr_robot/build/nav2_gazebo_spawner
[5.276s] running install_data
[5.276s] creating /home/snake/Emmanuel_Jr_robot/install/nav2_gazebo_spawner/share/ament_index
[5.276s] creating /home/snake/Emmanuel_Jr_robot/install/nav2_gazebo_spawner/share/ament_index/resource_index
[5.276s] creating /home/snake/Emmanuel_Jr_robot/install/nav2_gazebo_spawner/share/ament_index/resource_index/packages
[5.276s] copying resource/nav2_gazebo_spawner -> /home/snake/Emmanuel_Jr_robot/install/nav2_gazebo_spawner/share/ament_index/resource_index/packages
[5.276s] copying package.xml -> /home/snake/Emmanuel_Jr_robot/install/nav2_gazebo_spawner/share/nav2_gazebo_spawner
[5.333s] Invoked command in '/home/snake/Emmanuel_Jr_robot/build/nav2_gazebo_spawner' returned '0': PYTHONPATH=/home/snake/Emmanuel_Jr_robot/install/nav2_gazebo_spawner/lib/python3.8/site-packages:${PYTHONPATH} /usr/bin/python3 setup.py develop --prefix /home/snake/Emmanuel_Jr_robot/install/nav2_gazebo_spawner --editable --build-directory /home/snake/Emmanuel_Jr_robot/build/nav2_gazebo_spawner/build --no-deps install_data --install-dir /home/snake/Emmanuel_Jr_robot/install/nav2_gazebo_spawner
