[0.022s] Invoking command in '/home/snake/Emmanuel_Jr_robot/build/nav2_recoveries': AMENT_PREFIX_PATH=/home/snake/Emmanuel_Jr_robot/install/nav2_core:/home/snake/Emmanuel_Jr_robot/install/nav2_costmap_2d:/home/snake/Emmanuel_Jr_robot/install/nav2_behavior_tree:/home/snake/Emmanuel_Jr_robot/install/nav2_util:/home/snake/Emmanuel_Jr_robot/install/nav2_voxel_grid:/home/snake/Emmanuel_Jr_robot/install/nav2_msgs:/home/snake/Emmanuel_Jr_robot/install/nav2_common:${AMENT_PREFIX_PATH} CMAKE_PREFIX_PATH=/home/snake/Emmanuel_Jr_robot/install/nav2_core:/home/snake/Emmanuel_Jr_robot/install/nav2_costmap_2d:/home/snake/Emmanuel_Jr_robot/install/nav2_behavior_tree:/home/snake/Emmanuel_Jr_robot/install/nav2_util:/home/snake/Emmanuel_Jr_robot/install/nav2_voxel_grid:/home/snake/Emmanuel_Jr_robot/install/nav2_msgs:/home/snake/Emmanuel_Jr_robot/install/nav2_common:/opt/ros/galactic LD_LIBRARY_PATH=/home/snake/Emmanuel_Jr_robot/install/nav2_costmap_2d/lib:/home/snake/Emmanuel_Jr_robot/install/nav2_behavior_tree/lib:/home/snake/Emmanuel_Jr_robot/install/nav2_util/lib:/home/snake/Emmanuel_Jr_robot/install/nav2_voxel_grid/lib:/home/snake/Emmanuel_Jr_robot/install/nav2_msgs/lib:${LD_LIBRARY_PATH} PYTHONPATH=/home/snake/Emmanuel_Jr_robot/install/nav2_msgs/lib/python3.8/site-packages:/home/snake/Emmanuel_Jr_robot/install/nav2_common/lib/python3.8/site-packages:${PYTHONPATH} /usr/bin/cmake /home/snake/Emmanuel_Jr_robot/src/navigation2/nav2_recoveries -DCMAKE_INSTALL_PREFIX=/home/snake/Emmanuel_Jr_robot/install/nav2_recoveries
[0.041s] -- Found ament_cmake: 1.1.5 (/opt/ros/galactic/share/ament_cmake/cmake)
[0.062s] -- Using PYTHON_EXECUTABLE: /usr/bin/python3
[0.115s] -- Override CMake install command with custom implementation using symlinks instead of copying resources
[0.126s] -- Found nav2_common: 1.0.12 (/home/snake/Emmanuel_Jr_robot/install/nav2_common/share/nav2_common/cmake)
[0.127s] -- Found rclcpp: 9.2.1 (/opt/ros/galactic/share/rclcpp/cmake)
[0.238s] -- Using all available rosidl_typesupport_c: rosidl_typesupport_fastrtps_c;rosidl_typesupport_introspection_c
[0.242s] -- Found rosidl_adapter: 2.2.2 (/opt/ros/galactic/share/rosidl_adapter/cmake)
[0.362s] -- Using all available rosidl_typesupport_cpp: rosidl_typesupport_fastrtps_cpp;rosidl_typesupport_introspection_cpp
[0.410s] -- Found rmw_implementation_cmake: 3.3.1 (/opt/ros/galactic/share/rmw_implementation_cmake/cmake)
[0.412s] -- Found rmw_cyclonedds_cpp: 0.22.5 (/opt/ros/galactic/share/rmw_cyclonedds_cpp/cmake)
[0.429s] -- Using RMW implementation 'rmw_cyclonedds_cpp' as default
[0.556s] -- Found rclcpp_action: 9.2.1 (/opt/ros/galactic/share/rclcpp_action/cmake)
[0.624s] -- Found rclcpp_lifecycle: 9.2.1 (/opt/ros/galactic/share/rclcpp_lifecycle/cmake)
[0.651s] -- Found nav2_behavior_tree: 1.0.12 (/home/snake/Emmanuel_Jr_robot/install/nav2_behavior_tree/share/nav2_behavior_tree/cmake)
[1.405s] -- Found eigen3_cmake_module: 0.1.1 (/opt/ros/galactic/share/eigen3_cmake_module/cmake)
[1.894s] -- Found nav2_costmap_2d: 1.0.12 (/home/snake/Emmanuel_Jr_robot/install/nav2_costmap_2d/share/nav2_costmap_2d/cmake)
[2.593s] -- Found nav2_core: 1.0.12 (/home/snake/Emmanuel_Jr_robot/install/nav2_core/share/nav2_core/cmake)
[19.577s] -- Found ament_lint_auto: 0.10.7 (/opt/ros/galactic/share/ament_lint_auto/cmake)
[19.637s] -- Found gtest sources under '/opt/ros/galactic/src/gtest_vendor': C++ tests using 'Google Test' will be built
[22.951s] -- Added test 'copyright' to check source files copyright and LICENSE
[22.952s] -- Added test 'cppcheck' to perform static code analysis on C / C++ code
[22.953s] -- Configured cppcheck include dirs: /home/snake/Emmanuel_Jr_robot/src/navigation2/nav2_recoveries/include
[22.953s] -- Configured cppcheck exclude dirs and/or files: 
[22.954s] -- Added test 'cpplint' to check C / C++ code against the Google style
[22.954s] -- Configured cpplint exclude dirs and/or files: 
[22.954s] -- Added test 'lint_cmake' to check CMake code style
[22.955s] -- Added test 'uncrustify' to check C / C++ code style
[22.955s] -- Configured uncrustify additional arguments: 
[22.955s] -- Added test 'xmllint' to check XML markup files
[22.965s] -- Configuring done
[23.210s] -- Generating done
[23.213s] -- Build files have been written to: /home/snake/Emmanuel_Jr_robot/build/nav2_recoveries
[23.225s] Invoked command in '/home/snake/Emmanuel_Jr_robot/build/nav2_recoveries' returned '0': AMENT_PREFIX_PATH=/home/snake/Emmanuel_Jr_robot/install/nav2_core:/home/snake/Emmanuel_Jr_robot/install/nav2_costmap_2d:/home/snake/Emmanuel_Jr_robot/install/nav2_behavior_tree:/home/snake/Emmanuel_Jr_robot/install/nav2_util:/home/snake/Emmanuel_Jr_robot/install/nav2_voxel_grid:/home/snake/Emmanuel_Jr_robot/install/nav2_msgs:/home/snake/Emmanuel_Jr_robot/install/nav2_common:${AMENT_PREFIX_PATH} CMAKE_PREFIX_PATH=/home/snake/Emmanuel_Jr_robot/install/nav2_core:/home/snake/Emmanuel_Jr_robot/install/nav2_costmap_2d:/home/snake/Emmanuel_Jr_robot/install/nav2_behavior_tree:/home/snake/Emmanuel_Jr_robot/install/nav2_util:/home/snake/Emmanuel_Jr_robot/install/nav2_voxel_grid:/home/snake/Emmanuel_Jr_robot/install/nav2_msgs:/home/snake/Emmanuel_Jr_robot/install/nav2_common:/opt/ros/galactic LD_LIBRARY_PATH=/home/snake/Emmanuel_Jr_robot/install/nav2_costmap_2d/lib:/home/snake/Emmanuel_Jr_robot/install/nav2_behavior_tree/lib:/home/snake/Emmanuel_Jr_robot/install/nav2_util/lib:/home/snake/Emmanuel_Jr_robot/install/nav2_voxel_grid/lib:/home/snake/Emmanuel_Jr_robot/install/nav2_msgs/lib:${LD_LIBRARY_PATH} PYTHONPATH=/home/snake/Emmanuel_Jr_robot/install/nav2_msgs/lib/python3.8/site-packages:/home/snake/Emmanuel_Jr_robot/install/nav2_common/lib/python3.8/site-packages:${PYTHONPATH} /usr/bin/cmake /home/snake/Emmanuel_Jr_robot/src/navigation2/nav2_recoveries -DCMAKE_INSTALL_PREFIX=/home/snake/Emmanuel_Jr_robot/install/nav2_recoveries
[23.226s] Invoking command in '/home/snake/Emmanuel_Jr_robot/build/nav2_recoveries': AMENT_PREFIX_PATH=/home/snake/Emmanuel_Jr_robot/install/nav2_core:/home/snake/Emmanuel_Jr_robot/install/nav2_costmap_2d:/home/snake/Emmanuel_Jr_robot/install/nav2_behavior_tree:/home/snake/Emmanuel_Jr_robot/install/nav2_util:/home/snake/Emmanuel_Jr_robot/install/nav2_voxel_grid:/home/snake/Emmanuel_Jr_robot/install/nav2_msgs:/home/snake/Emmanuel_Jr_robot/install/nav2_common:${AMENT_PREFIX_PATH} CMAKE_PREFIX_PATH=/home/snake/Emmanuel_Jr_robot/install/nav2_core:/home/snake/Emmanuel_Jr_robot/install/nav2_costmap_2d:/home/snake/Emmanuel_Jr_robot/install/nav2_behavior_tree:/home/snake/Emmanuel_Jr_robot/install/nav2_util:/home/snake/Emmanuel_Jr_robot/install/nav2_voxel_grid:/home/snake/Emmanuel_Jr_robot/install/nav2_msgs:/home/snake/Emmanuel_Jr_robot/install/nav2_common:/opt/ros/galactic LD_LIBRARY_PATH=/home/snake/Emmanuel_Jr_robot/install/nav2_costmap_2d/lib:/home/snake/Emmanuel_Jr_robot/install/nav2_behavior_tree/lib:/home/snake/Emmanuel_Jr_robot/install/nav2_util/lib:/home/snake/Emmanuel_Jr_robot/install/nav2_voxel_grid/lib:/home/snake/Emmanuel_Jr_robot/install/nav2_msgs/lib:${LD_LIBRARY_PATH} PYTHONPATH=/home/snake/Emmanuel_Jr_robot/install/nav2_msgs/lib/python3.8/site-packages:/home/snake/Emmanuel_Jr_robot/install/nav2_common/lib/python3.8/site-packages:${PYTHONPATH} /usr/bin/cmake --build /home/snake/Emmanuel_Jr_robot/build/nav2_recoveries -- -j2 -l2
[23.358s] [ 12%] Built target recoveries_server_core
[23.398s] [ 25%] Built target nav2_backup_recovery
[23.438s] [ 37%] Built target nav2_wait_recovery
[23.474s] [ 50%] Built target recoveries_server
[23.510s] [ 62%] Built target nav2_spin_recovery
[23.531s] [ 75%] Built target gtest
[23.553s] [ 87%] Built target gtest_main
[23.591s] [ 93%] [32mBuilding CXX object test/CMakeFiles/test_recoveries.dir/test_recoveries.cpp.o[0m
[34.076s] [100%] [32m[1mLinking CXX executable test_recoveries[0m
[34.363s] [100%] Built target test_recoveries
[34.376s] Invoked command in '/home/snake/Emmanuel_Jr_robot/build/nav2_recoveries' returned '0': AMENT_PREFIX_PATH=/home/snake/Emmanuel_Jr_robot/install/nav2_core:/home/snake/Emmanuel_Jr_robot/install/nav2_costmap_2d:/home/snake/Emmanuel_Jr_robot/install/nav2_behavior_tree:/home/snake/Emmanuel_Jr_robot/install/nav2_util:/home/snake/Emmanuel_Jr_robot/install/nav2_voxel_grid:/home/snake/Emmanuel_Jr_robot/install/nav2_msgs:/home/snake/Emmanuel_Jr_robot/install/nav2_common:${AMENT_PREFIX_PATH} CMAKE_PREFIX_PATH=/home/snake/Emmanuel_Jr_robot/install/nav2_core:/home/snake/Emmanuel_Jr_robot/install/nav2_costmap_2d:/home/snake/Emmanuel_Jr_robot/install/nav2_behavior_tree:/home/snake/Emmanuel_Jr_robot/install/nav2_util:/home/snake/Emmanuel_Jr_robot/install/nav2_voxel_grid:/home/snake/Emmanuel_Jr_robot/install/nav2_msgs:/home/snake/Emmanuel_Jr_robot/install/nav2_common:/opt/ros/galactic LD_LIBRARY_PATH=/home/snake/Emmanuel_Jr_robot/install/nav2_costmap_2d/lib:/home/snake/Emmanuel_Jr_robot/install/nav2_behavior_tree/lib:/home/snake/Emmanuel_Jr_robot/install/nav2_util/lib:/home/snake/Emmanuel_Jr_robot/install/nav2_voxel_grid/lib:/home/snake/Emmanuel_Jr_robot/install/nav2_msgs/lib:${LD_LIBRARY_PATH} PYTHONPATH=/home/snake/Emmanuel_Jr_robot/install/nav2_msgs/lib/python3.8/site-packages:/home/snake/Emmanuel_Jr_robot/install/nav2_common/lib/python3.8/site-packages:${PYTHONPATH} /usr/bin/cmake --build /home/snake/Emmanuel_Jr_robot/build/nav2_recoveries -- -j2 -l2
[34.411s] Invoking command in '/home/snake/Emmanuel_Jr_robot/build/nav2_recoveries': AMENT_PREFIX_PATH=/home/snake/Emmanuel_Jr_robot/install/nav2_core:/home/snake/Emmanuel_Jr_robot/install/nav2_costmap_2d:/home/snake/Emmanuel_Jr_robot/install/nav2_behavior_tree:/home/snake/Emmanuel_Jr_robot/install/nav2_util:/home/snake/Emmanuel_Jr_robot/install/nav2_voxel_grid:/home/snake/Emmanuel_Jr_robot/install/nav2_msgs:/home/snake/Emmanuel_Jr_robot/install/nav2_common:${AMENT_PREFIX_PATH} CMAKE_PREFIX_PATH=/home/snake/Emmanuel_Jr_robot/install/nav2_core:/home/snake/Emmanuel_Jr_robot/install/nav2_costmap_2d:/home/snake/Emmanuel_Jr_robot/install/nav2_behavior_tree:/home/snake/Emmanuel_Jr_robot/install/nav2_util:/home/snake/Emmanuel_Jr_robot/install/nav2_voxel_grid:/home/snake/Emmanuel_Jr_robot/install/nav2_msgs:/home/snake/Emmanuel_Jr_robot/install/nav2_common:/opt/ros/galactic LD_LIBRARY_PATH=/home/snake/Emmanuel_Jr_robot/install/nav2_costmap_2d/lib:/home/snake/Emmanuel_Jr_robot/install/nav2_behavior_tree/lib:/home/snake/Emmanuel_Jr_robot/install/nav2_util/lib:/home/snake/Emmanuel_Jr_robot/install/nav2_voxel_grid/lib:/home/snake/Emmanuel_Jr_robot/install/nav2_msgs/lib:${LD_LIBRARY_PATH} PYTHONPATH=/home/snake/Emmanuel_Jr_robot/install/nav2_msgs/lib/python3.8/site-packages:/home/snake/Emmanuel_Jr_robot/install/nav2_common/lib/python3.8/site-packages:${PYTHONPATH} /usr/bin/cmake --install /home/snake/Emmanuel_Jr_robot/build/nav2_recoveries
[34.420s] -- Install configuration: "Release"
[34.422s] -- Execute custom install script
[34.423s] -- Up-to-date symlink: /home/snake/Emmanuel_Jr_robot/install/nav2_recoveries/share/nav2_recoveries//recovery_plugin.xml
[34.424s] -- Up-to-date symlink: /home/snake/Emmanuel_Jr_robot/install/nav2_recoveries/lib/librecoveries_server_core.a
[34.424s] -- Up-to-date symlink: /home/snake/Emmanuel_Jr_robot/install/nav2_recoveries/lib/libnav2_backup_recovery.so
[34.425s] -- Up-to-date symlink: /home/snake/Emmanuel_Jr_robot/install/nav2_recoveries/lib/libnav2_spin_recovery.so
[34.426s] -- Up-to-date symlink: /home/snake/Emmanuel_Jr_robot/install/nav2_recoveries/lib/libnav2_wait_recovery.so
[34.427s] -- Up-to-date symlink: /home/snake/Emmanuel_Jr_robot/install/nav2_recoveries/lib/nav2_recoveries/recoveries_server
[34.428s] -- Up-to-date symlink: /home/snake/Emmanuel_Jr_robot/install/nav2_recoveries/include//nav2_recoveries/recovery.hpp
[34.428s] -- Up-to-date symlink: /home/snake/Emmanuel_Jr_robot/install/nav2_recoveries/include//nav2_recoveries/recovery_server.hpp
[34.428s] -- Up-to-date symlink: /home/snake/Emmanuel_Jr_robot/install/nav2_recoveries/share/nav2_recoveries/recovery_plugin.xml
[34.429s] -- Up-to-date symlink: /home/snake/Emmanuel_Jr_robot/install/nav2_recoveries/share/nav2_recoveries/environment/library_path.sh
[34.430s] -- Up-to-date symlink: /home/snake/Emmanuel_Jr_robot/install/nav2_recoveries/share/nav2_recoveries/environment/library_path.dsv
[34.431s] -- Up-to-date symlink: /home/snake/Emmanuel_Jr_robot/install/nav2_recoveries/share/ament_index/resource_index/package_run_dependencies/nav2_recoveries
[34.432s] -- Up-to-date symlink: /home/snake/Emmanuel_Jr_robot/install/nav2_recoveries/share/ament_index/resource_index/parent_prefix_path/nav2_recoveries
[34.434s] -- Up-to-date symlink: /home/snake/Emmanuel_Jr_robot/install/nav2_recoveries/share/nav2_recoveries/environment/ament_prefix_path.sh
[34.435s] -- Up-to-date symlink: /home/snake/Emmanuel_Jr_robot/install/nav2_recoveries/share/nav2_recoveries/environment/ament_prefix_path.dsv
[34.435s] -- Up-to-date symlink: /home/snake/Emmanuel_Jr_robot/install/nav2_recoveries/share/nav2_recoveries/environment/path.sh
[34.436s] -- Up-to-date symlink: /home/snake/Emmanuel_Jr_robot/install/nav2_recoveries/share/nav2_recoveries/environment/path.dsv
[34.437s] -- Up-to-date symlink: /home/snake/Emmanuel_Jr_robot/install/nav2_recoveries/share/nav2_recoveries/local_setup.bash
[34.438s] -- Up-to-date symlink: /home/snake/Emmanuel_Jr_robot/install/nav2_recoveries/share/nav2_recoveries/local_setup.sh
[34.438s] -- Up-to-date symlink: /home/snake/Emmanuel_Jr_robot/install/nav2_recoveries/share/nav2_recoveries/local_setup.zsh
[34.439s] -- Up-to-date symlink: /home/snake/Emmanuel_Jr_robot/install/nav2_recoveries/share/nav2_recoveries/local_setup.dsv
[34.439s] -- Symlinking: /home/snake/Emmanuel_Jr_robot/install/nav2_recoveries/share/nav2_recoveries/package.dsv
[34.449s] -- Up-to-date symlink: /home/snake/Emmanuel_Jr_robot/install/nav2_recoveries/share/ament_index/resource_index/packages/nav2_recoveries
[34.450s] -- Up-to-date symlink: /home/snake/Emmanuel_Jr_robot/install/nav2_recoveries/share/ament_index/resource_index/nav2_core__pluginlib__plugin/nav2_recoveries
[34.450s] -- Up-to-date symlink: /home/snake/Emmanuel_Jr_robot/install/nav2_recoveries/share/nav2_recoveries/cmake/ament_cmake_export_include_directories-extras.cmake
[34.451s] -- Up-to-date symlink: /home/snake/Emmanuel_Jr_robot/install/nav2_recoveries/share/nav2_recoveries/cmake/ament_cmake_export_libraries-extras.cmake
[34.451s] -- Up-to-date symlink: /home/snake/Emmanuel_Jr_robot/install/nav2_recoveries/share/nav2_recoveries/cmake/ament_cmake_export_dependencies-extras.cmake
[34.452s] -- Up-to-date symlink: /home/snake/Emmanuel_Jr_robot/install/nav2_recoveries/share/nav2_recoveries/cmake/nav2_recoveriesConfig.cmake
[34.453s] -- Up-to-date symlink: /home/snake/Emmanuel_Jr_robot/install/nav2_recoveries/share/nav2_recoveries/cmake/nav2_recoveriesConfig-version.cmake
[34.454s] -- Up-to-date symlink: /home/snake/Emmanuel_Jr_robot/install/nav2_recoveries/share/nav2_recoveries/package.xml
[34.457s] Invoked command in '/home/snake/Emmanuel_Jr_robot/build/nav2_recoveries' returned '0': AMENT_PREFIX_PATH=/home/snake/Emmanuel_Jr_robot/install/nav2_core:/home/snake/Emmanuel_Jr_robot/install/nav2_costmap_2d:/home/snake/Emmanuel_Jr_robot/install/nav2_behavior_tree:/home/snake/Emmanuel_Jr_robot/install/nav2_util:/home/snake/Emmanuel_Jr_robot/install/nav2_voxel_grid:/home/snake/Emmanuel_Jr_robot/install/nav2_msgs:/home/snake/Emmanuel_Jr_robot/install/nav2_common:${AMENT_PREFIX_PATH} CMAKE_PREFIX_PATH=/home/snake/Emmanuel_Jr_robot/install/nav2_core:/home/snake/Emmanuel_Jr_robot/install/nav2_costmap_2d:/home/snake/Emmanuel_Jr_robot/install/nav2_behavior_tree:/home/snake/Emmanuel_Jr_robot/install/nav2_util:/home/snake/Emmanuel_Jr_robot/install/nav2_voxel_grid:/home/snake/Emmanuel_Jr_robot/install/nav2_msgs:/home/snake/Emmanuel_Jr_robot/install/nav2_common:/opt/ros/galactic LD_LIBRARY_PATH=/home/snake/Emmanuel_Jr_robot/install/nav2_costmap_2d/lib:/home/snake/Emmanuel_Jr_robot/install/nav2_behavior_tree/lib:/home/snake/Emmanuel_Jr_robot/install/nav2_util/lib:/home/snake/Emmanuel_Jr_robot/install/nav2_voxel_grid/lib:/home/snake/Emmanuel_Jr_robot/install/nav2_msgs/lib:${LD_LIBRARY_PATH} PYTHONPATH=/home/snake/Emmanuel_Jr_robot/install/nav2_msgs/lib/python3.8/site-packages:/home/snake/Emmanuel_Jr_robot/install/nav2_common/lib/python3.8/site-packages:${PYTHONPATH} /usr/bin/cmake --install /home/snake/Emmanuel_Jr_robot/build/nav2_recoveries
