[0.042s] Invoking command in '/home/snake/Emmanuel_Jr_robot/build/nav2_waypoint_follower': AMENT_PREFIX_PATH=/home/snake/Emmanuel_Jr_robot/install/nav2_core:/home/snake/Emmanuel_Jr_robot/install/nav2_costmap_2d:/home/snake/Emmanuel_Jr_robot/install/nav2_util:/home/snake/Emmanuel_Jr_robot/install/nav2_voxel_grid:/home/snake/Emmanuel_Jr_robot/install/nav2_msgs:/home/snake/Emmanuel_Jr_robot/install/nav2_common:${AMENT_PREFIX_PATH} CMAKE_PREFIX_PATH=/home/snake/Emmanuel_Jr_robot/install/nav2_core:/home/snake/Emmanuel_Jr_robot/install/nav2_costmap_2d:/home/snake/Emmanuel_Jr_robot/install/nav2_util:/home/snake/Emmanuel_Jr_robot/install/nav2_voxel_grid:/home/snake/Emmanuel_Jr_robot/install/nav2_msgs:/home/snake/Emmanuel_Jr_robot/install/nav2_common:/opt/ros/galactic LD_LIBRARY_PATH=/home/snake/Emmanuel_Jr_robot/install/nav2_costmap_2d/lib:/home/snake/Emmanuel_Jr_robot/install/nav2_util/lib:/home/snake/Emmanuel_Jr_robot/install/nav2_voxel_grid/lib:/home/snake/Emmanuel_Jr_robot/install/nav2_msgs/lib:${LD_LIBRARY_PATH} PYTHONPATH=/home/snake/Emmanuel_Jr_robot/install/nav2_msgs/lib/python3.8/site-packages:/home/snake/Emmanuel_Jr_robot/install/nav2_common/lib/python3.8/site-packages:${PYTHONPATH} /usr/bin/cmake /home/snake/Emmanuel_Jr_robot/src/navigation2/nav2_waypoint_follower -DAMENT_CMAKE_SYMLINK_INSTALL=1 -DCMAKE_INSTALL_PREFIX=/home/snake/Emmanuel_Jr_robot/install/nav2_waypoint_follower
[0.132s] -- The C compiler identification is GNU 9.4.0
[0.210s] -- The CXX compiler identification is GNU 9.4.0
[0.217s] -- Check for working C compiler: /usr/bin/cc
[0.304s] -- Check for working C compiler: /usr/bin/cc -- works
[0.305s] -- Detecting C compiler ABI info
[0.395s] -- Detecting C compiler ABI info - done
[0.412s] -- Detecting C compile features
[0.413s] -- Detecting C compile features - done
[0.416s] -- Check for working CXX compiler: /usr/bin/c++
[0.516s] -- Check for working CXX compiler: /usr/bin/c++ -- works
[0.518s] -- Detecting CXX compiler ABI info
[0.616s] -- Detecting CXX compiler ABI info - done
[0.633s] -- Detecting CXX compile features
[0.634s] -- Detecting CXX compile features - done
[0.668s] -- Found OpenCV version 4.2.0
[0.672s] -- Found image_transport: 2.3.1 (/opt/ros/galactic/share/image_transport/cmake)
[0.704s] -- Found PythonInterp: /usr/bin/python3 (found suitable version "3.8.10", minimum required is "3") 
[0.704s] -- Using PYTHON_EXECUTABLE: /usr/bin/python3
[0.777s] -- Override CMake install command with custom implementation using symlinks instead of copying resources
[0.888s] -- Using all available rosidl_typesupport_c: rosidl_typesupport_fastrtps_c;rosidl_typesupport_introspection_c
[0.897s] -- Found rosidl_adapter: 2.2.2 (/opt/ros/galactic/share/rosidl_adapter/cmake)
[1.001s] -- Found OpenSSL: /usr/lib/x86_64-linux-gnu/libcrypto.so (found version "1.1.1f")  
[1.045s] -- Found FastRTPS: /opt/ros/galactic/include  
[1.150s] -- Using all available rosidl_typesupport_cpp: rosidl_typesupport_fastrtps_cpp;rosidl_typesupport_introspection_cpp
[1.231s] -- Found rmw_implementation_cmake: 3.3.1 (/opt/ros/galactic/share/rmw_implementation_cmake/cmake)
[1.236s] -- Found rmw_cyclonedds_cpp: 0.22.5 (/opt/ros/galactic/share/rmw_cyclonedds_cpp/cmake)
[1.263s] -- Using RMW implementation 'rmw_cyclonedds_cpp' as default
[1.264s] -- Looking for pthread.h
[1.355s] -- Looking for pthread.h - found
[1.356s] -- Performing Test CMAKE_HAVE_LIBC_PTHREAD
[1.454s] -- Performing Test CMAKE_HAVE_LIBC_PTHREAD - Failed
[1.454s] -- Looking for pthread_create in pthreads
[1.527s] -- Looking for pthread_create in pthreads - not found
[1.527s] -- Looking for pthread_create in pthread
[1.615s] -- Looking for pthread_create in pthread - found
[1.618s] -- Found Threads: TRUE  
[2.058s] -- Found cv_bridge: 2.2.1 (/opt/ros/galactic/share/cv_bridge/cmake)
[2.067s] -- Found nav2_common: 1.0.12 (/home/snake/Emmanuel_Jr_robot/install/nav2_common/share/nav2_common/cmake)
[2.070s] -- Found rclcpp_action: 9.2.1 (/opt/ros/galactic/share/rclcpp_action/cmake)
[2.173s] -- Found rclcpp_lifecycle: 9.2.1 (/opt/ros/galactic/share/rclcpp_lifecycle/cmake)
[2.215s] -- Found nav_msgs: 2.2.4 (/opt/ros/galactic/share/nav_msgs/cmake)
[2.306s] -- Found nav2_msgs: 1.0.12 (/home/snake/Emmanuel_Jr_robot/install/nav2_msgs/share/nav2_msgs/cmake)
[2.602s] -- Found nav2_util: 1.0.12 (/home/snake/Emmanuel_Jr_robot/install/nav2_util/share/nav2_util/cmake)
[2.985s] -- Found eigen3_cmake_module: 0.1.1 (/opt/ros/galactic/share/eigen3_cmake_module/cmake)
[2.988s] -- Found Eigen3: TRUE (found version "3.3.7") 
[3.208s] -- Found nav2_core: 1.0.12 (/home/snake/Emmanuel_Jr_robot/install/nav2_core/share/nav2_core/cmake)
[4.882s] -- Setting build type to Release as none was specified.
[12.921s] -- Found ament_lint_auto: 0.10.7 (/opt/ros/galactic/share/ament_lint_auto/cmake)
[12.926s] -- Found ament_cmake_gtest: 1.1.5 (/opt/ros/galactic/share/ament_cmake_gtest/cmake)
[13.032s] -- Found gtest sources under '/opt/ros/galactic/src/gtest_vendor': C++ tests using 'Google Test' will be built
[13.036s] -- Check if compiler accepts -pthread
[13.191s] -- Check if compiler accepts -pthread - yes
[14.774s] -- Added test 'copyright' to check source files copyright and LICENSE
[14.776s] -- Added test 'cppcheck' to perform static code analysis on C / C++ code
[14.777s] -- Configured cppcheck include dirs: /home/snake/Emmanuel_Jr_robot/src/navigation2/nav2_waypoint_follower/include
[14.777s] -- Configured cppcheck exclude dirs and/or files: 
[14.779s] -- Added test 'cpplint' to check C / C++ code against the Google style
[14.779s] -- Configured cpplint exclude dirs and/or files: 
[14.780s] -- Added test 'lint_cmake' to check CMake code style
[14.782s] -- Added test 'uncrustify' to check C / C++ code style
[14.782s] -- Configured uncrustify additional arguments: 
[14.783s] -- Added test 'xmllint' to check XML markup files
[14.792s] -- Configuring done
[15.198s] -- Generating done
[15.202s] -- Build files have been written to: /home/snake/Emmanuel_Jr_robot/build/nav2_waypoint_follower
[15.223s] Invoked command in '/home/snake/Emmanuel_Jr_robot/build/nav2_waypoint_follower' returned '0': AMENT_PREFIX_PATH=/home/snake/Emmanuel_Jr_robot/install/nav2_core:/home/snake/Emmanuel_Jr_robot/install/nav2_costmap_2d:/home/snake/Emmanuel_Jr_robot/install/nav2_util:/home/snake/Emmanuel_Jr_robot/install/nav2_voxel_grid:/home/snake/Emmanuel_Jr_robot/install/nav2_msgs:/home/snake/Emmanuel_Jr_robot/install/nav2_common:${AMENT_PREFIX_PATH} CMAKE_PREFIX_PATH=/home/snake/Emmanuel_Jr_robot/install/nav2_core:/home/snake/Emmanuel_Jr_robot/install/nav2_costmap_2d:/home/snake/Emmanuel_Jr_robot/install/nav2_util:/home/snake/Emmanuel_Jr_robot/install/nav2_voxel_grid:/home/snake/Emmanuel_Jr_robot/install/nav2_msgs:/home/snake/Emmanuel_Jr_robot/install/nav2_common:/opt/ros/galactic LD_LIBRARY_PATH=/home/snake/Emmanuel_Jr_robot/install/nav2_costmap_2d/lib:/home/snake/Emmanuel_Jr_robot/install/nav2_util/lib:/home/snake/Emmanuel_Jr_robot/install/nav2_voxel_grid/lib:/home/snake/Emmanuel_Jr_robot/install/nav2_msgs/lib:${LD_LIBRARY_PATH} PYTHONPATH=/home/snake/Emmanuel_Jr_robot/install/nav2_msgs/lib/python3.8/site-packages:/home/snake/Emmanuel_Jr_robot/install/nav2_common/lib/python3.8/site-packages:${PYTHONPATH} /usr/bin/cmake /home/snake/Emmanuel_Jr_robot/src/navigation2/nav2_waypoint_follower -DAMENT_CMAKE_SYMLINK_INSTALL=1 -DCMAKE_INSTALL_PREFIX=/home/snake/Emmanuel_Jr_robot/install/nav2_waypoint_follower
[15.224s] Invoking command in '/home/snake/Emmanuel_Jr_robot/build/nav2_waypoint_follower': AMENT_PREFIX_PATH=/home/snake/Emmanuel_Jr_robot/install/nav2_core:/home/snake/Emmanuel_Jr_robot/install/nav2_costmap_2d:/home/snake/Emmanuel_Jr_robot/install/nav2_util:/home/snake/Emmanuel_Jr_robot/install/nav2_voxel_grid:/home/snake/Emmanuel_Jr_robot/install/nav2_msgs:/home/snake/Emmanuel_Jr_robot/install/nav2_common:${AMENT_PREFIX_PATH} CMAKE_PREFIX_PATH=/home/snake/Emmanuel_Jr_robot/install/nav2_core:/home/snake/Emmanuel_Jr_robot/install/nav2_costmap_2d:/home/snake/Emmanuel_Jr_robot/install/nav2_util:/home/snake/Emmanuel_Jr_robot/install/nav2_voxel_grid:/home/snake/Emmanuel_Jr_robot/install/nav2_msgs:/home/snake/Emmanuel_Jr_robot/install/nav2_common:/opt/ros/galactic LD_LIBRARY_PATH=/home/snake/Emmanuel_Jr_robot/install/nav2_costmap_2d/lib:/home/snake/Emmanuel_Jr_robot/install/nav2_util/lib:/home/snake/Emmanuel_Jr_robot/install/nav2_voxel_grid/lib:/home/snake/Emmanuel_Jr_robot/install/nav2_msgs/lib:${LD_LIBRARY_PATH} PYTHONPATH=/home/snake/Emmanuel_Jr_robot/install/nav2_msgs/lib/python3.8/site-packages:/home/snake/Emmanuel_Jr_robot/install/nav2_common/lib/python3.8/site-packages:${PYTHONPATH} /usr/bin/cmake --build /home/snake/Emmanuel_Jr_robot/build/nav2_waypoint_follower -- -j2 -l2
[15.285s] [35m[1mScanning dependencies of target waypoint_follower_core[0m
[15.362s] [  6%] [32mBuilding CXX object CMakeFiles/waypoint_follower_core.dir/src/waypoint_follower.cpp.o[0m
[32.393s] [ 12%] [32m[1mLinking CXX shared library libwaypoint_follower_core.so[0m
[32.823s] [ 12%] Built target waypoint_follower_core
[32.839s] [35m[1mScanning dependencies of target photo_at_waypoint[0m
[33.093s] [ 18%] [32mBuilding CXX object CMakeFiles/photo_at_waypoint.dir/plugins/photo_at_waypoint.cpp.o[0m
[49.338s] [ 25%] [32m[1mLinking CXX shared library libphoto_at_waypoint.so[0m
[49.707s] [ 25%] Built target photo_at_waypoint
[49.722s] [35m[1mScanning dependencies of target input_at_waypoint[0m
[49.786s] [ 31%] [32mBuilding CXX object CMakeFiles/input_at_waypoint.dir/plugins/input_at_waypoint.cpp.o[0m
[61.979s] [ 37%] [32m[1mLinking CXX shared library libinput_at_waypoint.so[0m
[62.297s] [ 37%] Built target input_at_waypoint
[62.314s] [35m[1mScanning dependencies of target wait_at_waypoint[0m
[62.376s] [ 43%] [32mBuilding CXX object CMakeFiles/wait_at_waypoint.dir/plugins/wait_at_waypoint.cpp.o[0m
[66.421s] [ 50%] [32m[1mLinking CXX shared library libwait_at_waypoint.so[0m
[66.673s] [ 50%] Built target wait_at_waypoint
[66.688s] [35m[1mScanning dependencies of target gtest[0m
[66.713s] [ 56%] [32mBuilding CXX object gtest/CMakeFiles/gtest.dir/src/gtest-all.cc.o[0m
[77.199s] [ 62%] [32m[1mLinking CXX static library libgtest.a[0m
[77.259s] [ 62%] Built target gtest
[77.274s] [35m[1mScanning dependencies of target gtest_main[0m
[77.293s] [ 68%] [32mBuilding CXX object gtest/CMakeFiles/gtest_main.dir/src/gtest_main.cc.o[0m
[78.708s] [ 75%] [32m[1mLinking CXX static library libgtest_main.a[0m
[78.755s] [ 75%] Built target gtest_main
[78.770s] [35m[1mScanning dependencies of target waypoint_follower[0m
[78.852s] [ 81%] [32mBuilding CXX object CMakeFiles/waypoint_follower.dir/src/main.cpp.o[0m
[84.471s] [ 87%] [32m[1mLinking CXX executable waypoint_follower[0m
[85.261s] [ 87%] Built target waypoint_follower
[85.285s] [35m[1mScanning dependencies of target test_task_executors[0m
[85.438s] [ 93%] [32mBuilding CXX object test/CMakeFiles/test_task_executors.dir/test_task_executors.cpp.o[0m
[99.486s] [100%] [32m[1mLinking CXX executable test_task_executors[0m
[100.388s] [100%] Built target test_task_executors
[100.406s] Invoked command in '/home/snake/Emmanuel_Jr_robot/build/nav2_waypoint_follower' returned '0': AMENT_PREFIX_PATH=/home/snake/Emmanuel_Jr_robot/install/nav2_core:/home/snake/Emmanuel_Jr_robot/install/nav2_costmap_2d:/home/snake/Emmanuel_Jr_robot/install/nav2_util:/home/snake/Emmanuel_Jr_robot/install/nav2_voxel_grid:/home/snake/Emmanuel_Jr_robot/install/nav2_msgs:/home/snake/Emmanuel_Jr_robot/install/nav2_common:${AMENT_PREFIX_PATH} CMAKE_PREFIX_PATH=/home/snake/Emmanuel_Jr_robot/install/nav2_core:/home/snake/Emmanuel_Jr_robot/install/nav2_costmap_2d:/home/snake/Emmanuel_Jr_robot/install/nav2_util:/home/snake/Emmanuel_Jr_robot/install/nav2_voxel_grid:/home/snake/Emmanuel_Jr_robot/install/nav2_msgs:/home/snake/Emmanuel_Jr_robot/install/nav2_common:/opt/ros/galactic LD_LIBRARY_PATH=/home/snake/Emmanuel_Jr_robot/install/nav2_costmap_2d/lib:/home/snake/Emmanuel_Jr_robot/install/nav2_util/lib:/home/snake/Emmanuel_Jr_robot/install/nav2_voxel_grid/lib:/home/snake/Emmanuel_Jr_robot/install/nav2_msgs/lib:${LD_LIBRARY_PATH} PYTHONPATH=/home/snake/Emmanuel_Jr_robot/install/nav2_msgs/lib/python3.8/site-packages:/home/snake/Emmanuel_Jr_robot/install/nav2_common/lib/python3.8/site-packages:${PYTHONPATH} /usr/bin/cmake --build /home/snake/Emmanuel_Jr_robot/build/nav2_waypoint_follower -- -j2 -l2
[100.452s] Invoking command in '/home/snake/Emmanuel_Jr_robot/build/nav2_waypoint_follower': AMENT_PREFIX_PATH=/home/snake/Emmanuel_Jr_robot/install/nav2_core:/home/snake/Emmanuel_Jr_robot/install/nav2_costmap_2d:/home/snake/Emmanuel_Jr_robot/install/nav2_util:/home/snake/Emmanuel_Jr_robot/install/nav2_voxel_grid:/home/snake/Emmanuel_Jr_robot/install/nav2_msgs:/home/snake/Emmanuel_Jr_robot/install/nav2_common:${AMENT_PREFIX_PATH} CMAKE_PREFIX_PATH=/home/snake/Emmanuel_Jr_robot/install/nav2_core:/home/snake/Emmanuel_Jr_robot/install/nav2_costmap_2d:/home/snake/Emmanuel_Jr_robot/install/nav2_util:/home/snake/Emmanuel_Jr_robot/install/nav2_voxel_grid:/home/snake/Emmanuel_Jr_robot/install/nav2_msgs:/home/snake/Emmanuel_Jr_robot/install/nav2_common:/opt/ros/galactic LD_LIBRARY_PATH=/home/snake/Emmanuel_Jr_robot/install/nav2_costmap_2d/lib:/home/snake/Emmanuel_Jr_robot/install/nav2_util/lib:/home/snake/Emmanuel_Jr_robot/install/nav2_voxel_grid/lib:/home/snake/Emmanuel_Jr_robot/install/nav2_msgs/lib:${LD_LIBRARY_PATH} PYTHONPATH=/home/snake/Emmanuel_Jr_robot/install/nav2_msgs/lib/python3.8/site-packages:/home/snake/Emmanuel_Jr_robot/install/nav2_common/lib/python3.8/site-packages:${PYTHONPATH} /usr/bin/cmake --install /home/snake/Emmanuel_Jr_robot/build/nav2_waypoint_follower
[100.467s] -- Install configuration: "Release"
[100.468s] -- Execute custom install script
[100.469s] -- Symlinking: /home/snake/Emmanuel_Jr_robot/install/nav2_waypoint_follower/lib/libwaypoint_follower_core.so
[100.482s] -- Symlinking: /home/snake/Emmanuel_Jr_robot/install/nav2_waypoint_follower/lib/libwait_at_waypoint.so
[100.494s] -- Symlinking: /home/snake/Emmanuel_Jr_robot/install/nav2_waypoint_follower/lib/libphoto_at_waypoint.so
[100.506s] -- Symlinking: /home/snake/Emmanuel_Jr_robot/install/nav2_waypoint_follower/lib/libinput_at_waypoint.so
[100.518s] -- Symlinking: /home/snake/Emmanuel_Jr_robot/install/nav2_waypoint_follower/lib/nav2_waypoint_follower/waypoint_follower
[100.530s] -- Symlinking: /home/snake/Emmanuel_Jr_robot/install/nav2_waypoint_follower/include//nav2_waypoint_follower/plugins/input_at_waypoint.hpp
[100.542s] -- Symlinking: /home/snake/Emmanuel_Jr_robot/install/nav2_waypoint_follower/include//nav2_waypoint_follower/plugins/photo_at_waypoint.hpp
[100.554s] -- Symlinking: /home/snake/Emmanuel_Jr_robot/install/nav2_waypoint_follower/include//nav2_waypoint_follower/plugins/wait_at_waypoint.hpp
[100.569s] -- Symlinking: /home/snake/Emmanuel_Jr_robot/install/nav2_waypoint_follower/include//nav2_waypoint_follower/waypoint_follower.hpp
[100.581s] -- Symlinking: /home/snake/Emmanuel_Jr_robot/install/nav2_waypoint_follower/share/nav2_waypoint_follower/environment/library_path.sh
[100.594s] -- Symlinking: /home/snake/Emmanuel_Jr_robot/install/nav2_waypoint_follower/share/nav2_waypoint_follower/environment/library_path.dsv
[100.606s] -- Symlinking: /home/snake/Emmanuel_Jr_robot/install/nav2_waypoint_follower/share/nav2_waypoint_follower//plugins.xml
[100.619s] -- Symlinking: /home/snake/Emmanuel_Jr_robot/install/nav2_waypoint_follower/share/ament_index/resource_index/package_run_dependencies/nav2_waypoint_follower
[100.631s] -- Symlinking: /home/snake/Emmanuel_Jr_robot/install/nav2_waypoint_follower/share/ament_index/resource_index/parent_prefix_path/nav2_waypoint_follower
[100.643s] -- Symlinking: /home/snake/Emmanuel_Jr_robot/install/nav2_waypoint_follower/share/nav2_waypoint_follower/environment/ament_prefix_path.sh
[100.655s] -- Symlinking: /home/snake/Emmanuel_Jr_robot/install/nav2_waypoint_follower/share/nav2_waypoint_follower/environment/ament_prefix_path.dsv
[100.669s] -- Symlinking: /home/snake/Emmanuel_Jr_robot/install/nav2_waypoint_follower/share/nav2_waypoint_follower/environment/path.sh
[100.681s] -- Symlinking: /home/snake/Emmanuel_Jr_robot/install/nav2_waypoint_follower/share/nav2_waypoint_follower/environment/path.dsv
[100.693s] -- Symlinking: /home/snake/Emmanuel_Jr_robot/install/nav2_waypoint_follower/share/nav2_waypoint_follower/local_setup.bash
[100.704s] -- Symlinking: /home/snake/Emmanuel_Jr_robot/install/nav2_waypoint_follower/share/nav2_waypoint_follower/local_setup.sh
[100.716s] -- Symlinking: /home/snake/Emmanuel_Jr_robot/install/nav2_waypoint_follower/share/nav2_waypoint_follower/local_setup.zsh
[100.727s] -- Symlinking: /home/snake/Emmanuel_Jr_robot/install/nav2_waypoint_follower/share/nav2_waypoint_follower/local_setup.dsv
[100.740s] -- Symlinking: /home/snake/Emmanuel_Jr_robot/install/nav2_waypoint_follower/share/nav2_waypoint_follower/package.dsv
[100.752s] -- Symlinking: /home/snake/Emmanuel_Jr_robot/install/nav2_waypoint_follower/share/ament_index/resource_index/packages/nav2_waypoint_follower
[100.765s] -- Symlinking: /home/snake/Emmanuel_Jr_robot/install/nav2_waypoint_follower/share/ament_index/resource_index/nav2_waypoint_follower__pluginlib__plugin/nav2_waypoint_follower
[100.779s] -- Symlinking: /home/snake/Emmanuel_Jr_robot/install/nav2_waypoint_follower/share/nav2_waypoint_follower/cmake/ament_cmake_export_include_directories-extras.cmake
[100.791s] -- Symlinking: /home/snake/Emmanuel_Jr_robot/install/nav2_waypoint_follower/share/nav2_waypoint_follower/cmake/ament_cmake_export_libraries-extras.cmake
[100.802s] -- Symlinking: /home/snake/Emmanuel_Jr_robot/install/nav2_waypoint_follower/share/nav2_waypoint_follower/cmake/ament_cmake_export_dependencies-extras.cmake
[100.814s] -- Symlinking: /home/snake/Emmanuel_Jr_robot/install/nav2_waypoint_follower/share/nav2_waypoint_follower/cmake/nav2_waypoint_followerConfig.cmake
[100.826s] -- Symlinking: /home/snake/Emmanuel_Jr_robot/install/nav2_waypoint_follower/share/nav2_waypoint_follower/cmake/nav2_waypoint_followerConfig-version.cmake
[100.838s] -- Symlinking: /home/snake/Emmanuel_Jr_robot/install/nav2_waypoint_follower/share/nav2_waypoint_follower/package.xml
[100.854s] Invoked command in '/home/snake/Emmanuel_Jr_robot/build/nav2_waypoint_follower' returned '0': AMENT_PREFIX_PATH=/home/snake/Emmanuel_Jr_robot/install/nav2_core:/home/snake/Emmanuel_Jr_robot/install/nav2_costmap_2d:/home/snake/Emmanuel_Jr_robot/install/nav2_util:/home/snake/Emmanuel_Jr_robot/install/nav2_voxel_grid:/home/snake/Emmanuel_Jr_robot/install/nav2_msgs:/home/snake/Emmanuel_Jr_robot/install/nav2_common:${AMENT_PREFIX_PATH} CMAKE_PREFIX_PATH=/home/snake/Emmanuel_Jr_robot/install/nav2_core:/home/snake/Emmanuel_Jr_robot/install/nav2_costmap_2d:/home/snake/Emmanuel_Jr_robot/install/nav2_util:/home/snake/Emmanuel_Jr_robot/install/nav2_voxel_grid:/home/snake/Emmanuel_Jr_robot/install/nav2_msgs:/home/snake/Emmanuel_Jr_robot/install/nav2_common:/opt/ros/galactic LD_LIBRARY_PATH=/home/snake/Emmanuel_Jr_robot/install/nav2_costmap_2d/lib:/home/snake/Emmanuel_Jr_robot/install/nav2_util/lib:/home/snake/Emmanuel_Jr_robot/install/nav2_voxel_grid/lib:/home/snake/Emmanuel_Jr_robot/install/nav2_msgs/lib:${LD_LIBRARY_PATH} PYTHONPATH=/home/snake/Emmanuel_Jr_robot/install/nav2_msgs/lib/python3.8/site-packages:/home/snake/Emmanuel_Jr_robot/install/nav2_common/lib/python3.8/site-packages:${PYTHONPATH} /usr/bin/cmake --install /home/snake/Emmanuel_Jr_robot/build/nav2_waypoint_follower
