[0.056s] Invoking command in '/home/snake/Emmanuel_Jr_robot/build/nav2_rotation_shim_controller': AMENT_PREFIX_PATH=/home/snake/Emmanuel_Jr_robot/install/nav2_regulated_pure_pursuit_controller:/home/snake/Emmanuel_Jr_robot/install/nav2_controller:/home/snake/Emmanuel_Jr_robot/install/nav2_core:/home/snake/Emmanuel_Jr_robot/install/nav2_costmap_2d:/home/snake/Emmanuel_Jr_robot/install/nav_2d_utils:/home/snake/Emmanuel_Jr_robot/install/nav2_util:/home/snake/Emmanuel_Jr_robot/install/nav2_voxel_grid:/home/snake/Emmanuel_Jr_robot/install/nav2_msgs:/home/snake/Emmanuel_Jr_robot/install/nav_2d_msgs:/home/snake/Emmanuel_Jr_robot/install/nav2_common:${AMENT_PREFIX_PATH} CMAKE_PREFIX_PATH=/home/snake/Emmanuel_Jr_robot/install/nav2_regulated_pure_pursuit_controller:/home/snake/Emmanuel_Jr_robot/install/nav2_controller:/home/snake/Emmanuel_Jr_robot/install/nav2_core:/home/snake/Emmanuel_Jr_robot/install/nav2_costmap_2d:/home/snake/Emmanuel_Jr_robot/install/nav_2d_utils:/home/snake/Emmanuel_Jr_robot/install/nav2_util:/home/snake/Emmanuel_Jr_robot/install/nav2_voxel_grid:/home/snake/Emmanuel_Jr_robot/install/nav2_msgs:/home/snake/Emmanuel_Jr_robot/install/nav_2d_msgs:/home/snake/Emmanuel_Jr_robot/install/nav2_common:/opt/ros/galactic LD_LIBRARY_PATH=/home/snake/Emmanuel_Jr_robot/install/nav2_regulated_pure_pursuit_controller/lib:/home/snake/Emmanuel_Jr_robot/install/nav2_controller/lib:/home/snake/Emmanuel_Jr_robot/install/nav2_costmap_2d/lib:/home/snake/Emmanuel_Jr_robot/install/nav_2d_utils/lib:/home/snake/Emmanuel_Jr_robot/install/nav2_util/lib:/home/snake/Emmanuel_Jr_robot/install/nav2_voxel_grid/lib:/home/snake/Emmanuel_Jr_robot/install/nav2_msgs/lib:/home/snake/Emmanuel_Jr_robot/install/nav_2d_msgs/lib:${LD_LIBRARY_PATH} PYTHONPATH=/home/snake/Emmanuel_Jr_robot/install/nav2_msgs/lib/python3.8/site-packages:/home/snake/Emmanuel_Jr_robot/install/nav_2d_msgs/lib/python3.8/site-packages:/home/snake/Emmanuel_Jr_robot/install/nav2_common/lib/python3.8/site-packages:${PYTHONPATH} /usr/bin/cmake /home/snake/Emmanuel_Jr_robot/src/navigation2/nav2_rotation_shim_controller -DAMENT_CMAKE_SYMLINK_INSTALL=1 -DCMAKE_INSTALL_PREFIX=/home/snake/Emmanuel_Jr_robot/install/nav2_rotation_shim_controller
[0.141s] -- The C compiler identification is GNU 9.4.0
[0.218s] -- The CXX compiler identification is GNU 9.4.0
[0.224s] -- Check for working C compiler: /usr/bin/cc
[0.315s] -- Check for working C compiler: /usr/bin/cc -- works
[0.316s] -- Detecting C compiler ABI info
[0.408s] -- Detecting C compiler ABI info - done
[0.423s] -- Detecting C compile features
[0.424s] -- Detecting C compile features - done
[0.427s] -- Check for working CXX compiler: /usr/bin/c++
[0.539s] -- Check for working CXX compiler: /usr/bin/c++ -- works
[0.541s] -- Detecting CXX compiler ABI info
[0.644s] -- Detecting CXX compiler ABI info - done
[0.659s] -- Detecting CXX compile features
[0.660s] -- Detecting CXX compile features - done
[0.664s] -- Found ament_cmake: 1.1.5 (/opt/ros/galactic/share/ament_cmake/cmake)
[0.700s] -- Found PythonInterp: /usr/bin/python3 (found suitable version "3.8.10", minimum required is "3") 
[0.701s] -- Using PYTHON_EXECUTABLE: /usr/bin/python3
[0.781s] -- Override CMake install command with custom implementation using symlinks instead of copying resources
[0.817s] -- Found nav2_common: 1.0.12 (/home/snake/Emmanuel_Jr_robot/install/nav2_common/share/nav2_common/cmake)
[0.818s] -- Found nav2_core: 1.0.12 (/home/snake/Emmanuel_Jr_robot/install/nav2_core/share/nav2_core/cmake)
[0.891s] -- Using all available rosidl_typesupport_c: rosidl_typesupport_fastrtps_c;rosidl_typesupport_introspection_c
[0.902s] -- Found rosidl_adapter: 2.2.2 (/opt/ros/galactic/share/rosidl_adapter/cmake)
[1.005s] -- Found OpenSSL: /usr/lib/x86_64-linux-gnu/libcrypto.so (found version "1.1.1f")  
[1.051s] -- Found FastRTPS: /opt/ros/galactic/include  
[1.166s] -- Using all available rosidl_typesupport_cpp: rosidl_typesupport_fastrtps_cpp;rosidl_typesupport_introspection_cpp
[1.251s] -- Found rmw_implementation_cmake: 3.3.1 (/opt/ros/galactic/share/rmw_implementation_cmake/cmake)
[1.256s] -- Found rmw_cyclonedds_cpp: 0.22.5 (/opt/ros/galactic/share/rmw_cyclonedds_cpp/cmake)
[1.283s] -- Using RMW implementation 'rmw_cyclonedds_cpp' as default
[1.285s] -- Looking for pthread.h
[1.392s] -- Looking for pthread.h - found
[1.393s] -- Performing Test CMAKE_HAVE_LIBC_PTHREAD
[1.502s] -- Performing Test CMAKE_HAVE_LIBC_PTHREAD - Failed
[1.503s] -- Looking for pthread_create in pthreads
[1.591s] -- Looking for pthread_create in pthreads - not found
[1.591s] -- Looking for pthread_create in pthread
[1.687s] -- Looking for pthread_create in pthread - found
[1.689s] -- Found Threads: TRUE  
[3.414s] -- Found Eigen3: TRUE (found version "3.3.7") 
[4.946s] -- Setting build type to Release as none was specified.
[7.843s] -- Found ament_lint_auto: 0.10.7 (/opt/ros/galactic/share/ament_lint_auto/cmake)
[11.528s] -- Found gtest sources under '/opt/ros/galactic/src/gtest_vendor': C++ tests using 'Google Test' will be built
[11.530s] -- Check if compiler accepts -pthread
[11.652s] -- Check if compiler accepts -pthread - yes
[16.837s] -- Added test 'cppcheck' to perform static code analysis on C / C++ code
[16.837s] -- Configured cppcheck include dirs: /home/snake/Emmanuel_Jr_robot/src/navigation2/nav2_rotation_shim_controller/include
[16.837s] -- Configured cppcheck exclude dirs and/or files: 
[16.838s] -- Added test 'cpplint' to check C / C++ code against the Google style
[16.838s] -- Configured cpplint exclude dirs and/or files: 
[16.839s] -- Added test 'lint_cmake' to check CMake code style
[16.841s] -- Added test 'uncrustify' to check C / C++ code style
[16.841s] -- Configured uncrustify additional arguments: 
[16.841s] -- Added test 'xmllint' to check XML markup files
[16.849s] -- Configuring done
[16.964s] -- Generating done
[16.967s] -- Build files have been written to: /home/snake/Emmanuel_Jr_robot/build/nav2_rotation_shim_controller
[16.985s] Invoked command in '/home/snake/Emmanuel_Jr_robot/build/nav2_rotation_shim_controller' returned '0': AMENT_PREFIX_PATH=/home/snake/Emmanuel_Jr_robot/install/nav2_regulated_pure_pursuit_controller:/home/snake/Emmanuel_Jr_robot/install/nav2_controller:/home/snake/Emmanuel_Jr_robot/install/nav2_core:/home/snake/Emmanuel_Jr_robot/install/nav2_costmap_2d:/home/snake/Emmanuel_Jr_robot/install/nav_2d_utils:/home/snake/Emmanuel_Jr_robot/install/nav2_util:/home/snake/Emmanuel_Jr_robot/install/nav2_voxel_grid:/home/snake/Emmanuel_Jr_robot/install/nav2_msgs:/home/snake/Emmanuel_Jr_robot/install/nav_2d_msgs:/home/snake/Emmanuel_Jr_robot/install/nav2_common:${AMENT_PREFIX_PATH} CMAKE_PREFIX_PATH=/home/snake/Emmanuel_Jr_robot/install/nav2_regulated_pure_pursuit_controller:/home/snake/Emmanuel_Jr_robot/install/nav2_controller:/home/snake/Emmanuel_Jr_robot/install/nav2_core:/home/snake/Emmanuel_Jr_robot/install/nav2_costmap_2d:/home/snake/Emmanuel_Jr_robot/install/nav_2d_utils:/home/snake/Emmanuel_Jr_robot/install/nav2_util:/home/snake/Emmanuel_Jr_robot/install/nav2_voxel_grid:/home/snake/Emmanuel_Jr_robot/install/nav2_msgs:/home/snake/Emmanuel_Jr_robot/install/nav_2d_msgs:/home/snake/Emmanuel_Jr_robot/install/nav2_common:/opt/ros/galactic LD_LIBRARY_PATH=/home/snake/Emmanuel_Jr_robot/install/nav2_regulated_pure_pursuit_controller/lib:/home/snake/Emmanuel_Jr_robot/install/nav2_controller/lib:/home/snake/Emmanuel_Jr_robot/install/nav2_costmap_2d/lib:/home/snake/Emmanuel_Jr_robot/install/nav_2d_utils/lib:/home/snake/Emmanuel_Jr_robot/install/nav2_util/lib:/home/snake/Emmanuel_Jr_robot/install/nav2_voxel_grid/lib:/home/snake/Emmanuel_Jr_robot/install/nav2_msgs/lib:/home/snake/Emmanuel_Jr_robot/install/nav_2d_msgs/lib:${LD_LIBRARY_PATH} PYTHONPATH=/home/snake/Emmanuel_Jr_robot/install/nav2_msgs/lib/python3.8/site-packages:/home/snake/Emmanuel_Jr_robot/install/nav_2d_msgs/lib/python3.8/site-packages:/home/snake/Emmanuel_Jr_robot/install/nav2_common/lib/python3.8/site-packages:${PYTHONPATH} /usr/bin/cmake /home/snake/Emmanuel_Jr_robot/src/navigation2/nav2_rotation_shim_controller -DAMENT_CMAKE_SYMLINK_INSTALL=1 -DCMAKE_INSTALL_PREFIX=/home/snake/Emmanuel_Jr_robot/install/nav2_rotation_shim_controller
[16.986s] Invoking command in '/home/snake/Emmanuel_Jr_robot/build/nav2_rotation_shim_controller': AMENT_PREFIX_PATH=/home/snake/Emmanuel_Jr_robot/install/nav2_regulated_pure_pursuit_controller:/home/snake/Emmanuel_Jr_robot/install/nav2_controller:/home/snake/Emmanuel_Jr_robot/install/nav2_core:/home/snake/Emmanuel_Jr_robot/install/nav2_costmap_2d:/home/snake/Emmanuel_Jr_robot/install/nav_2d_utils:/home/snake/Emmanuel_Jr_robot/install/nav2_util:/home/snake/Emmanuel_Jr_robot/install/nav2_voxel_grid:/home/snake/Emmanuel_Jr_robot/install/nav2_msgs:/home/snake/Emmanuel_Jr_robot/install/nav_2d_msgs:/home/snake/Emmanuel_Jr_robot/install/nav2_common:${AMENT_PREFIX_PATH} CMAKE_PREFIX_PATH=/home/snake/Emmanuel_Jr_robot/install/nav2_regulated_pure_pursuit_controller:/home/snake/Emmanuel_Jr_robot/install/nav2_controller:/home/snake/Emmanuel_Jr_robot/install/nav2_core:/home/snake/Emmanuel_Jr_robot/install/nav2_costmap_2d:/home/snake/Emmanuel_Jr_robot/install/nav_2d_utils:/home/snake/Emmanuel_Jr_robot/install/nav2_util:/home/snake/Emmanuel_Jr_robot/install/nav2_voxel_grid:/home/snake/Emmanuel_Jr_robot/install/nav2_msgs:/home/snake/Emmanuel_Jr_robot/install/nav_2d_msgs:/home/snake/Emmanuel_Jr_robot/install/nav2_common:/opt/ros/galactic LD_LIBRARY_PATH=/home/snake/Emmanuel_Jr_robot/install/nav2_regulated_pure_pursuit_controller/lib:/home/snake/Emmanuel_Jr_robot/install/nav2_controller/lib:/home/snake/Emmanuel_Jr_robot/install/nav2_costmap_2d/lib:/home/snake/Emmanuel_Jr_robot/install/nav_2d_utils/lib:/home/snake/Emmanuel_Jr_robot/install/nav2_util/lib:/home/snake/Emmanuel_Jr_robot/install/nav2_voxel_grid/lib:/home/snake/Emmanuel_Jr_robot/install/nav2_msgs/lib:/home/snake/Emmanuel_Jr_robot/install/nav_2d_msgs/lib:${LD_LIBRARY_PATH} PYTHONPATH=/home/snake/Emmanuel_Jr_robot/install/nav2_msgs/lib/python3.8/site-packages:/home/snake/Emmanuel_Jr_robot/install/nav_2d_msgs/lib/python3.8/site-packages:/home/snake/Emmanuel_Jr_robot/install/nav2_common/lib/python3.8/site-packages:${PYTHONPATH} /usr/bin/cmake --build /home/snake/Emmanuel_Jr_robot/build/nav2_rotation_shim_controller -- -j2 -l2
[17.040s] [35m[1mScanning dependencies of target gtest[0m
[17.040s] [35m[1mScanning dependencies of target nav2_rotation_shim_controller[0m
[17.060s] [ 12%] [32mBuilding CXX object gtest/CMakeFiles/gtest.dir/src/gtest-all.cc.o[0m
[17.120s] [ 25%] [32mBuilding CXX object CMakeFiles/nav2_rotation_shim_controller.dir/src/nav2_rotation_shim_controller.cpp.o[0m
[26.957s] [ 37%] [32m[1mLinking CXX static library libgtest.a[0m
[27.007s] [ 37%] Built target gtest
[27.020s] [35m[1mScanning dependencies of target gtest_main[0m
[27.039s] [ 50%] [32mBuilding CXX object gtest/CMakeFiles/gtest_main.dir/src/gtest_main.cc.o[0m
[28.386s] [ 62%] [32m[1mLinking CXX static library libgtest_main.a[0m
[28.437s] [ 62%] Built target gtest_main
[29.436s] [ 75%] [32m[1mLinking CXX shared library libnav2_rotation_shim_controller.so[0m
[29.716s] [ 75%] Built target nav2_rotation_shim_controller
[29.733s] [35m[1mScanning dependencies of target test_shim_controller[0m
[29.824s] [ 87%] [32mBuilding CXX object test/CMakeFiles/test_shim_controller.dir/test_shim_controller.cpp.o[0m
[51.924s] [100%] [32m[1mLinking CXX executable test_shim_controller[0m
[52.399s] [100%] Built target test_shim_controller
[52.417s] Invoked command in '/home/snake/Emmanuel_Jr_robot/build/nav2_rotation_shim_controller' returned '0': AMENT_PREFIX_PATH=/home/snake/Emmanuel_Jr_robot/install/nav2_regulated_pure_pursuit_controller:/home/snake/Emmanuel_Jr_robot/install/nav2_controller:/home/snake/Emmanuel_Jr_robot/install/nav2_core:/home/snake/Emmanuel_Jr_robot/install/nav2_costmap_2d:/home/snake/Emmanuel_Jr_robot/install/nav_2d_utils:/home/snake/Emmanuel_Jr_robot/install/nav2_util:/home/snake/Emmanuel_Jr_robot/install/nav2_voxel_grid:/home/snake/Emmanuel_Jr_robot/install/nav2_msgs:/home/snake/Emmanuel_Jr_robot/install/nav_2d_msgs:/home/snake/Emmanuel_Jr_robot/install/nav2_common:${AMENT_PREFIX_PATH} CMAKE_PREFIX_PATH=/home/snake/Emmanuel_Jr_robot/install/nav2_regulated_pure_pursuit_controller:/home/snake/Emmanuel_Jr_robot/install/nav2_controller:/home/snake/Emmanuel_Jr_robot/install/nav2_core:/home/snake/Emmanuel_Jr_robot/install/nav2_costmap_2d:/home/snake/Emmanuel_Jr_robot/install/nav_2d_utils:/home/snake/Emmanuel_Jr_robot/install/nav2_util:/home/snake/Emmanuel_Jr_robot/install/nav2_voxel_grid:/home/snake/Emmanuel_Jr_robot/install/nav2_msgs:/home/snake/Emmanuel_Jr_robot/install/nav_2d_msgs:/home/snake/Emmanuel_Jr_robot/install/nav2_common:/opt/ros/galactic LD_LIBRARY_PATH=/home/snake/Emmanuel_Jr_robot/install/nav2_regulated_pure_pursuit_controller/lib:/home/snake/Emmanuel_Jr_robot/install/nav2_controller/lib:/home/snake/Emmanuel_Jr_robot/install/nav2_costmap_2d/lib:/home/snake/Emmanuel_Jr_robot/install/nav_2d_utils/lib:/home/snake/Emmanuel_Jr_robot/install/nav2_util/lib:/home/snake/Emmanuel_Jr_robot/install/nav2_voxel_grid/lib:/home/snake/Emmanuel_Jr_robot/install/nav2_msgs/lib:/home/snake/Emmanuel_Jr_robot/install/nav_2d_msgs/lib:${LD_LIBRARY_PATH} PYTHONPATH=/home/snake/Emmanuel_Jr_robot/install/nav2_msgs/lib/python3.8/site-packages:/home/snake/Emmanuel_Jr_robot/install/nav_2d_msgs/lib/python3.8/site-packages:/home/snake/Emmanuel_Jr_robot/install/nav2_common/lib/python3.8/site-packages:${PYTHONPATH} /usr/bin/cmake --build /home/snake/Emmanuel_Jr_robot/build/nav2_rotation_shim_controller -- -j2 -l2
[52.449s] Invoking command in '/home/snake/Emmanuel_Jr_robot/build/nav2_rotation_shim_controller': AMENT_PREFIX_PATH=/home/snake/Emmanuel_Jr_robot/install/nav2_regulated_pure_pursuit_controller:/home/snake/Emmanuel_Jr_robot/install/nav2_controller:/home/snake/Emmanuel_Jr_robot/install/nav2_core:/home/snake/Emmanuel_Jr_robot/install/nav2_costmap_2d:/home/snake/Emmanuel_Jr_robot/install/nav_2d_utils:/home/snake/Emmanuel_Jr_robot/install/nav2_util:/home/snake/Emmanuel_Jr_robot/install/nav2_voxel_grid:/home/snake/Emmanuel_Jr_robot/install/nav2_msgs:/home/snake/Emmanuel_Jr_robot/install/nav_2d_msgs:/home/snake/Emmanuel_Jr_robot/install/nav2_common:${AMENT_PREFIX_PATH} CMAKE_PREFIX_PATH=/home/snake/Emmanuel_Jr_robot/install/nav2_regulated_pure_pursuit_controller:/home/snake/Emmanuel_Jr_robot/install/nav2_controller:/home/snake/Emmanuel_Jr_robot/install/nav2_core:/home/snake/Emmanuel_Jr_robot/install/nav2_costmap_2d:/home/snake/Emmanuel_Jr_robot/install/nav_2d_utils:/home/snake/Emmanuel_Jr_robot/install/nav2_util:/home/snake/Emmanuel_Jr_robot/install/nav2_voxel_grid:/home/snake/Emmanuel_Jr_robot/install/nav2_msgs:/home/snake/Emmanuel_Jr_robot/install/nav_2d_msgs:/home/snake/Emmanuel_Jr_robot/install/nav2_common:/opt/ros/galactic LD_LIBRARY_PATH=/home/snake/Emmanuel_Jr_robot/install/nav2_regulated_pure_pursuit_controller/lib:/home/snake/Emmanuel_Jr_robot/install/nav2_controller/lib:/home/snake/Emmanuel_Jr_robot/install/nav2_costmap_2d/lib:/home/snake/Emmanuel_Jr_robot/install/nav_2d_utils/lib:/home/snake/Emmanuel_Jr_robot/install/nav2_util/lib:/home/snake/Emmanuel_Jr_robot/install/nav2_voxel_grid/lib:/home/snake/Emmanuel_Jr_robot/install/nav2_msgs/lib:/home/snake/Emmanuel_Jr_robot/install/nav_2d_msgs/lib:${LD_LIBRARY_PATH} PYTHONPATH=/home/snake/Emmanuel_Jr_robot/install/nav2_msgs/lib/python3.8/site-packages:/home/snake/Emmanuel_Jr_robot/install/nav_2d_msgs/lib/python3.8/site-packages:/home/snake/Emmanuel_Jr_robot/install/nav2_common/lib/python3.8/site-packages:${PYTHONPATH} /usr/bin/cmake --install /home/snake/Emmanuel_Jr_robot/build/nav2_rotation_shim_controller
[52.460s] -- Install configuration: "Release"
[52.461s] -- Execute custom install script
[52.462s] -- Symlinking: /home/snake/Emmanuel_Jr_robot/install/nav2_rotation_shim_controller/lib/libnav2_rotation_shim_controller.so
[52.474s] -- Symlinking: /home/snake/Emmanuel_Jr_robot/install/nav2_rotation_shim_controller/include//nav2_rotation_shim_controller/nav2_rotation_shim_controller.hpp
[52.486s] -- Symlinking: /home/snake/Emmanuel_Jr_robot/install/nav2_rotation_shim_controller/share/nav2_rotation_shim_controller/environment/library_path.sh
[52.499s] -- Symlinking: /home/snake/Emmanuel_Jr_robot/install/nav2_rotation_shim_controller/share/nav2_rotation_shim_controller/environment/library_path.dsv
[52.511s] -- Symlinking: /home/snake/Emmanuel_Jr_robot/install/nav2_rotation_shim_controller/share/nav2_rotation_shim_controller//nav2_rotation_shim_controller.xml
[52.524s] -- Symlinking: /home/snake/Emmanuel_Jr_robot/install/nav2_rotation_shim_controller/share/ament_index/resource_index/package_run_dependencies/nav2_rotation_shim_controller
[52.536s] -- Symlinking: /home/snake/Emmanuel_Jr_robot/install/nav2_rotation_shim_controller/share/ament_index/resource_index/parent_prefix_path/nav2_rotation_shim_controller
[52.550s] -- Symlinking: /home/snake/Emmanuel_Jr_robot/install/nav2_rotation_shim_controller/share/nav2_rotation_shim_controller/environment/ament_prefix_path.sh
[52.563s] -- Symlinking: /home/snake/Emmanuel_Jr_robot/install/nav2_rotation_shim_controller/share/nav2_rotation_shim_controller/environment/ament_prefix_path.dsv
[52.576s] -- Symlinking: /home/snake/Emmanuel_Jr_robot/install/nav2_rotation_shim_controller/share/nav2_rotation_shim_controller/environment/path.sh
[52.589s] -- Symlinking: /home/snake/Emmanuel_Jr_robot/install/nav2_rotation_shim_controller/share/nav2_rotation_shim_controller/environment/path.dsv
[52.602s] -- Symlinking: /home/snake/Emmanuel_Jr_robot/install/nav2_rotation_shim_controller/share/nav2_rotation_shim_controller/local_setup.bash
[52.615s] -- Symlinking: /home/snake/Emmanuel_Jr_robot/install/nav2_rotation_shim_controller/share/nav2_rotation_shim_controller/local_setup.sh
[52.627s] -- Symlinking: /home/snake/Emmanuel_Jr_robot/install/nav2_rotation_shim_controller/share/nav2_rotation_shim_controller/local_setup.zsh
[52.640s] -- Symlinking: /home/snake/Emmanuel_Jr_robot/install/nav2_rotation_shim_controller/share/nav2_rotation_shim_controller/local_setup.dsv
[52.653s] -- Symlinking: /home/snake/Emmanuel_Jr_robot/install/nav2_rotation_shim_controller/share/nav2_rotation_shim_controller/package.dsv
[52.666s] -- Symlinking: /home/snake/Emmanuel_Jr_robot/install/nav2_rotation_shim_controller/share/ament_index/resource_index/packages/nav2_rotation_shim_controller
[52.679s] -- Symlinking: /home/snake/Emmanuel_Jr_robot/install/nav2_rotation_shim_controller/share/ament_index/resource_index/nav2_core__pluginlib__plugin/nav2_rotation_shim_controller
[52.692s] -- Symlinking: /home/snake/Emmanuel_Jr_robot/install/nav2_rotation_shim_controller/share/nav2_rotation_shim_controller/cmake/ament_cmake_export_include_directories-extras.cmake
[52.705s] -- Symlinking: /home/snake/Emmanuel_Jr_robot/install/nav2_rotation_shim_controller/share/nav2_rotation_shim_controller/cmake/ament_cmake_export_libraries-extras.cmake
[52.719s] -- Symlinking: /home/snake/Emmanuel_Jr_robot/install/nav2_rotation_shim_controller/share/nav2_rotation_shim_controller/cmake/ament_cmake_export_dependencies-extras.cmake
[52.732s] -- Symlinking: /home/snake/Emmanuel_Jr_robot/install/nav2_rotation_shim_controller/share/nav2_rotation_shim_controller/cmake/nav2_rotation_shim_controllerConfig.cmake
[52.745s] -- Symlinking: /home/snake/Emmanuel_Jr_robot/install/nav2_rotation_shim_controller/share/nav2_rotation_shim_controller/cmake/nav2_rotation_shim_controllerConfig-version.cmake
[52.757s] -- Symlinking: /home/snake/Emmanuel_Jr_robot/install/nav2_rotation_shim_controller/share/nav2_rotation_shim_controller/package.xml
[52.775s] Invoked command in '/home/snake/Emmanuel_Jr_robot/build/nav2_rotation_shim_controller' returned '0': AMENT_PREFIX_PATH=/home/snake/Emmanuel_Jr_robot/install/nav2_regulated_pure_pursuit_controller:/home/snake/Emmanuel_Jr_robot/install/nav2_controller:/home/snake/Emmanuel_Jr_robot/install/nav2_core:/home/snake/Emmanuel_Jr_robot/install/nav2_costmap_2d:/home/snake/Emmanuel_Jr_robot/install/nav_2d_utils:/home/snake/Emmanuel_Jr_robot/install/nav2_util:/home/snake/Emmanuel_Jr_robot/install/nav2_voxel_grid:/home/snake/Emmanuel_Jr_robot/install/nav2_msgs:/home/snake/Emmanuel_Jr_robot/install/nav_2d_msgs:/home/snake/Emmanuel_Jr_robot/install/nav2_common:${AMENT_PREFIX_PATH} CMAKE_PREFIX_PATH=/home/snake/Emmanuel_Jr_robot/install/nav2_regulated_pure_pursuit_controller:/home/snake/Emmanuel_Jr_robot/install/nav2_controller:/home/snake/Emmanuel_Jr_robot/install/nav2_core:/home/snake/Emmanuel_Jr_robot/install/nav2_costmap_2d:/home/snake/Emmanuel_Jr_robot/install/nav_2d_utils:/home/snake/Emmanuel_Jr_robot/install/nav2_util:/home/snake/Emmanuel_Jr_robot/install/nav2_voxel_grid:/home/snake/Emmanuel_Jr_robot/install/nav2_msgs:/home/snake/Emmanuel_Jr_robot/install/nav_2d_msgs:/home/snake/Emmanuel_Jr_robot/install/nav2_common:/opt/ros/galactic LD_LIBRARY_PATH=/home/snake/Emmanuel_Jr_robot/install/nav2_regulated_pure_pursuit_controller/lib:/home/snake/Emmanuel_Jr_robot/install/nav2_controller/lib:/home/snake/Emmanuel_Jr_robot/install/nav2_costmap_2d/lib:/home/snake/Emmanuel_Jr_robot/install/nav_2d_utils/lib:/home/snake/Emmanuel_Jr_robot/install/nav2_util/lib:/home/snake/Emmanuel_Jr_robot/install/nav2_voxel_grid/lib:/home/snake/Emmanuel_Jr_robot/install/nav2_msgs/lib:/home/snake/Emmanuel_Jr_robot/install/nav_2d_msgs/lib:${LD_LIBRARY_PATH} PYTHONPATH=/home/snake/Emmanuel_Jr_robot/install/nav2_msgs/lib/python3.8/site-packages:/home/snake/Emmanuel_Jr_robot/install/nav_2d_msgs/lib/python3.8/site-packages:/home/snake/Emmanuel_Jr_robot/install/nav2_common/lib/python3.8/site-packages:${PYTHONPATH} /usr/bin/cmake --install /home/snake/Emmanuel_Jr_robot/build/nav2_rotation_shim_controller
