[0.053s] Invoking command in '/home/snake/Emmanuel_Jr_robot/build/costmap_queue': AMENT_PREFIX_PATH=/home/snake/Emmanuel_Jr_robot/install/nav2_costmap_2d:/home/snake/Emmanuel_Jr_robot/install/nav2_util:/home/snake/Emmanuel_Jr_robot/install/nav2_voxel_grid:/home/snake/Emmanuel_Jr_robot/install/nav2_msgs:/home/snake/Emmanuel_Jr_robot/install/nav2_common:${AMENT_PREFIX_PATH} CMAKE_PREFIX_PATH=/home/snake/Emmanuel_Jr_robot/install/nav2_costmap_2d:/home/snake/Emmanuel_Jr_robot/install/nav2_util:/home/snake/Emmanuel_Jr_robot/install/nav2_voxel_grid:/home/snake/Emmanuel_Jr_robot/install/nav2_msgs:/home/snake/Emmanuel_Jr_robot/install/nav2_common:/opt/ros/galactic LD_LIBRARY_PATH=/home/snake/Emmanuel_Jr_robot/install/nav2_costmap_2d/lib:/home/snake/Emmanuel_Jr_robot/install/nav2_util/lib:/home/snake/Emmanuel_Jr_robot/install/nav2_voxel_grid/lib:/home/snake/Emmanuel_Jr_robot/install/nav2_msgs/lib:${LD_LIBRARY_PATH} PYTHONPATH=/home/snake/Emmanuel_Jr_robot/install/nav2_msgs/lib/python3.8/site-packages:/home/snake/Emmanuel_Jr_robot/install/nav2_common/lib/python3.8/site-packages:${PYTHONPATH} /usr/bin/cmake /home/snake/Emmanuel_Jr_robot/src/navigation2/nav2_dwb_controller/costmap_queue -DAMENT_CMAKE_SYMLINK_INSTALL=1 -DCMAKE_INSTALL_PREFIX=/home/snake/Emmanuel_Jr_robot/install/costmap_queue
[0.131s] -- The C compiler identification is GNU 9.4.0
[0.198s] -- The CXX compiler identification is GNU 9.4.0
[0.204s] -- Check for working C compiler: /usr/bin/cc
[0.294s] -- Check for working C compiler: /usr/bin/cc -- works
[0.296s] -- Detecting C compiler ABI info
[0.385s] -- Detecting C compiler ABI info - done
[0.399s] -- Detecting C compile features
[0.399s] -- Detecting C compile features - done
[0.402s] -- Check for working CXX compiler: /usr/bin/c++
[0.502s] -- Check for working CXX compiler: /usr/bin/c++ -- works
[0.503s] -- Detecting CXX compiler ABI info
[0.622s] -- Detecting CXX compiler ABI info - done
[0.649s] -- Detecting CXX compile features
[0.653s] -- Detecting CXX compile features - done
[0.656s] -- Found ament_cmake: 1.1.5 (/opt/ros/galactic/share/ament_cmake/cmake)
[0.700s] -- Found PythonInterp: /usr/bin/python3 (found suitable version "3.8.10", minimum required is "3") 
[0.700s] -- Using PYTHON_EXECUTABLE: /usr/bin/python3
[0.776s] -- Override CMake install command with custom implementation using symlinks instead of copying resources
[0.806s] -- Found nav2_common: 1.0.12 (/home/snake/Emmanuel_Jr_robot/install/nav2_common/share/nav2_common/cmake)
[0.806s] -- Found nav2_costmap_2d: 1.0.12 (/home/snake/Emmanuel_Jr_robot/install/nav2_costmap_2d/share/nav2_costmap_2d/cmake)
[0.849s] -- Using all available rosidl_typesupport_c: rosidl_typesupport_fastrtps_c;rosidl_typesupport_introspection_c
[0.859s] -- Found rosidl_adapter: 2.2.2 (/opt/ros/galactic/share/rosidl_adapter/cmake)
[0.951s] -- Found OpenSSL: /usr/lib/x86_64-linux-gnu/libcrypto.so (found version "1.1.1f")  
[0.986s] -- Found FastRTPS: /opt/ros/galactic/include  
[1.081s] -- Using all available rosidl_typesupport_cpp: rosidl_typesupport_fastrtps_cpp;rosidl_typesupport_introspection_cpp
[1.740s] -- Found rmw_implementation_cmake: 3.3.1 (/opt/ros/galactic/share/rmw_implementation_cmake/cmake)
[1.744s] -- Found rmw_cyclonedds_cpp: 0.22.5 (/opt/ros/galactic/share/rmw_cyclonedds_cpp/cmake)
[1.771s] -- Using RMW implementation 'rmw_cyclonedds_cpp' as default
[1.772s] -- Looking for pthread.h
[1.902s] -- Looking for pthread.h - found
[1.903s] -- Performing Test CMAKE_HAVE_LIBC_PTHREAD
[1.995s] -- Performing Test CMAKE_HAVE_LIBC_PTHREAD - Failed
[1.995s] -- Looking for pthread_create in pthreads
[2.076s] -- Looking for pthread_create in pthreads - not found
[2.076s] -- Looking for pthread_create in pthread
[2.162s] -- Looking for pthread_create in pthread - found
[2.163s] -- Found Threads: TRUE  
[3.265s] -- Found Eigen3: TRUE (found version "3.3.7") 
[3.995s] -- Setting build type to Release as none was specified.
[4.474s] -- Found ament_lint_auto: 0.10.7 (/opt/ros/galactic/share/ament_lint_auto/cmake)
[4.576s] -- Found gtest sources under '/opt/ros/galactic/src/gtest_vendor': C++ tests using 'Google Test' will be built
[4.582s] -- Check if compiler accepts -pthread
[4.685s] -- Check if compiler accepts -pthread - yes
[5.724s] -- Added test 'cppcheck' to perform static code analysis on C / C++ code
[5.725s] -- Configured cppcheck include dirs: /home/snake/Emmanuel_Jr_robot/src/navigation2/nav2_dwb_controller/costmap_queue/include
[5.725s] -- Configured cppcheck exclude dirs and/or files: 
[5.726s] -- Added test 'cpplint' to check C / C++ code against the Google style
[5.726s] -- Configured cpplint exclude dirs and/or files: 
[5.728s] -- Added test 'lint_cmake' to check CMake code style
[5.730s] -- Added test 'uncrustify' to check C / C++ code style
[5.730s] -- Configured uncrustify additional arguments: 
[5.731s] -- Added test 'xmllint' to check XML markup files
[5.739s] -- Configuring done
[5.892s] -- Generating done
[5.895s] -- Build files have been written to: /home/snake/Emmanuel_Jr_robot/build/costmap_queue
[5.911s] Invoked command in '/home/snake/Emmanuel_Jr_robot/build/costmap_queue' returned '0': AMENT_PREFIX_PATH=/home/snake/Emmanuel_Jr_robot/install/nav2_costmap_2d:/home/snake/Emmanuel_Jr_robot/install/nav2_util:/home/snake/Emmanuel_Jr_robot/install/nav2_voxel_grid:/home/snake/Emmanuel_Jr_robot/install/nav2_msgs:/home/snake/Emmanuel_Jr_robot/install/nav2_common:${AMENT_PREFIX_PATH} CMAKE_PREFIX_PATH=/home/snake/Emmanuel_Jr_robot/install/nav2_costmap_2d:/home/snake/Emmanuel_Jr_robot/install/nav2_util:/home/snake/Emmanuel_Jr_robot/install/nav2_voxel_grid:/home/snake/Emmanuel_Jr_robot/install/nav2_msgs:/home/snake/Emmanuel_Jr_robot/install/nav2_common:/opt/ros/galactic LD_LIBRARY_PATH=/home/snake/Emmanuel_Jr_robot/install/nav2_costmap_2d/lib:/home/snake/Emmanuel_Jr_robot/install/nav2_util/lib:/home/snake/Emmanuel_Jr_robot/install/nav2_voxel_grid/lib:/home/snake/Emmanuel_Jr_robot/install/nav2_msgs/lib:${LD_LIBRARY_PATH} PYTHONPATH=/home/snake/Emmanuel_Jr_robot/install/nav2_msgs/lib/python3.8/site-packages:/home/snake/Emmanuel_Jr_robot/install/nav2_common/lib/python3.8/site-packages:${PYTHONPATH} /usr/bin/cmake /home/snake/Emmanuel_Jr_robot/src/navigation2/nav2_dwb_controller/costmap_queue -DAMENT_CMAKE_SYMLINK_INSTALL=1 -DCMAKE_INSTALL_PREFIX=/home/snake/Emmanuel_Jr_robot/install/costmap_queue
[5.912s] Invoking command in '/home/snake/Emmanuel_Jr_robot/build/costmap_queue': AMENT_PREFIX_PATH=/home/snake/Emmanuel_Jr_robot/install/nav2_costmap_2d:/home/snake/Emmanuel_Jr_robot/install/nav2_util:/home/snake/Emmanuel_Jr_robot/install/nav2_voxel_grid:/home/snake/Emmanuel_Jr_robot/install/nav2_msgs:/home/snake/Emmanuel_Jr_robot/install/nav2_common:${AMENT_PREFIX_PATH} CMAKE_PREFIX_PATH=/home/snake/Emmanuel_Jr_robot/install/nav2_costmap_2d:/home/snake/Emmanuel_Jr_robot/install/nav2_util:/home/snake/Emmanuel_Jr_robot/install/nav2_voxel_grid:/home/snake/Emmanuel_Jr_robot/install/nav2_msgs:/home/snake/Emmanuel_Jr_robot/install/nav2_common:/opt/ros/galactic LD_LIBRARY_PATH=/home/snake/Emmanuel_Jr_robot/install/nav2_costmap_2d/lib:/home/snake/Emmanuel_Jr_robot/install/nav2_util/lib:/home/snake/Emmanuel_Jr_robot/install/nav2_voxel_grid/lib:/home/snake/Emmanuel_Jr_robot/install/nav2_msgs/lib:${LD_LIBRARY_PATH} PYTHONPATH=/home/snake/Emmanuel_Jr_robot/install/nav2_msgs/lib/python3.8/site-packages:/home/snake/Emmanuel_Jr_robot/install/nav2_common/lib/python3.8/site-packages:${PYTHONPATH} /usr/bin/cmake --build /home/snake/Emmanuel_Jr_robot/build/costmap_queue -- -j2 -l2
[5.970s] [35m[1mScanning dependencies of target gtest[0m
[5.990s] [  9%] [32mBuilding CXX object gtest/CMakeFiles/gtest.dir/src/gtest-all.cc.o[0m
[16.049s] [ 18%] [32m[1mLinking CXX static library libgtest.a[0m
[16.098s] [ 18%] Built target gtest
[16.112s] [35m[1mScanning dependencies of target costmap_queue[0m
[16.132s] [ 27%] [32mBuilding CXX object CMakeFiles/costmap_queue.dir/src/costmap_queue.cpp.o[0m
[17.723s] [ 36%] [32mBuilding CXX object CMakeFiles/costmap_queue.dir/src/limited_costmap_queue.cpp.o[0m
[18.848s] [ 45%] [32m[1mLinking CXX static library libcostmap_queue.a[0m
[18.890s] [ 45%] Built target costmap_queue
[18.903s] [35m[1mScanning dependencies of target gtest_main[0m
[18.921s] [ 54%] [32mBuilding CXX object gtest/CMakeFiles/gtest_main.dir/src/gtest_main.cc.o[0m
[20.317s] [ 63%] [32m[1mLinking CXX static library libgtest_main.a[0m
[20.361s] [ 63%] Built target gtest_main
[20.376s] [35m[1mScanning dependencies of target utest[0m
[20.441s] [ 72%] [32mBuilding CXX object CMakeFiles/utest.dir/test/utest.cpp.o[0m
[24.962s] [ 81%] [32m[1mLinking CXX executable utest[0m
[25.307s] [ 81%] Built target utest
[25.322s] [35m[1mScanning dependencies of target mbq_test[0m
[25.349s] [ 90%] [32mBuilding CXX object CMakeFiles/mbq_test.dir/test/mbq_test.cpp.o[0m
[27.351s] [100%] [32m[1mLinking CXX executable mbq_test[0m
[27.550s] [100%] Built target mbq_test
[27.569s] Invoked command in '/home/snake/Emmanuel_Jr_robot/build/costmap_queue' returned '0': AMENT_PREFIX_PATH=/home/snake/Emmanuel_Jr_robot/install/nav2_costmap_2d:/home/snake/Emmanuel_Jr_robot/install/nav2_util:/home/snake/Emmanuel_Jr_robot/install/nav2_voxel_grid:/home/snake/Emmanuel_Jr_robot/install/nav2_msgs:/home/snake/Emmanuel_Jr_robot/install/nav2_common:${AMENT_PREFIX_PATH} CMAKE_PREFIX_PATH=/home/snake/Emmanuel_Jr_robot/install/nav2_costmap_2d:/home/snake/Emmanuel_Jr_robot/install/nav2_util:/home/snake/Emmanuel_Jr_robot/install/nav2_voxel_grid:/home/snake/Emmanuel_Jr_robot/install/nav2_msgs:/home/snake/Emmanuel_Jr_robot/install/nav2_common:/opt/ros/galactic LD_LIBRARY_PATH=/home/snake/Emmanuel_Jr_robot/install/nav2_costmap_2d/lib:/home/snake/Emmanuel_Jr_robot/install/nav2_util/lib:/home/snake/Emmanuel_Jr_robot/install/nav2_voxel_grid/lib:/home/snake/Emmanuel_Jr_robot/install/nav2_msgs/lib:${LD_LIBRARY_PATH} PYTHONPATH=/home/snake/Emmanuel_Jr_robot/install/nav2_msgs/lib/python3.8/site-packages:/home/snake/Emmanuel_Jr_robot/install/nav2_common/lib/python3.8/site-packages:${PYTHONPATH} /usr/bin/cmake --build /home/snake/Emmanuel_Jr_robot/build/costmap_queue -- -j2 -l2
[27.611s] Invoking command in '/home/snake/Emmanuel_Jr_robot/build/costmap_queue': AMENT_PREFIX_PATH=/home/snake/Emmanuel_Jr_robot/install/nav2_costmap_2d:/home/snake/Emmanuel_Jr_robot/install/nav2_util:/home/snake/Emmanuel_Jr_robot/install/nav2_voxel_grid:/home/snake/Emmanuel_Jr_robot/install/nav2_msgs:/home/snake/Emmanuel_Jr_robot/install/nav2_common:${AMENT_PREFIX_PATH} CMAKE_PREFIX_PATH=/home/snake/Emmanuel_Jr_robot/install/nav2_costmap_2d:/home/snake/Emmanuel_Jr_robot/install/nav2_util:/home/snake/Emmanuel_Jr_robot/install/nav2_voxel_grid:/home/snake/Emmanuel_Jr_robot/install/nav2_msgs:/home/snake/Emmanuel_Jr_robot/install/nav2_common:/opt/ros/galactic LD_LIBRARY_PATH=/home/snake/Emmanuel_Jr_robot/install/nav2_costmap_2d/lib:/home/snake/Emmanuel_Jr_robot/install/nav2_util/lib:/home/snake/Emmanuel_Jr_robot/install/nav2_voxel_grid/lib:/home/snake/Emmanuel_Jr_robot/install/nav2_msgs/lib:${LD_LIBRARY_PATH} PYTHONPATH=/home/snake/Emmanuel_Jr_robot/install/nav2_msgs/lib/python3.8/site-packages:/home/snake/Emmanuel_Jr_robot/install/nav2_common/lib/python3.8/site-packages:${PYTHONPATH} /usr/bin/cmake --install /home/snake/Emmanuel_Jr_robot/build/costmap_queue
[27.622s] -- Install configuration: "Release"
[27.623s] -- Execute custom install script
[27.623s] -- Symlinking: /home/snake/Emmanuel_Jr_robot/install/costmap_queue/lib/libcostmap_queue.a
[27.644s] -- Symlinking: /home/snake/Emmanuel_Jr_robot/install/costmap_queue/include//costmap_queue/costmap_queue.hpp
[27.656s] -- Symlinking: /home/snake/Emmanuel_Jr_robot/install/costmap_queue/include//costmap_queue/limited_costmap_queue.hpp
[27.667s] -- Symlinking: /home/snake/Emmanuel_Jr_robot/install/costmap_queue/include//costmap_queue/map_based_queue.hpp
[27.679s] -- Symlinking: /home/snake/Emmanuel_Jr_robot/install/costmap_queue/share/costmap_queue/environment/library_path.sh
[27.692s] -- Symlinking: /home/snake/Emmanuel_Jr_robot/install/costmap_queue/share/costmap_queue/environment/library_path.dsv
[27.708s] -- Symlinking: /home/snake/Emmanuel_Jr_robot/install/costmap_queue/share/ament_index/resource_index/package_run_dependencies/costmap_queue
[27.730s] -- Symlinking: /home/snake/Emmanuel_Jr_robot/install/costmap_queue/share/ament_index/resource_index/parent_prefix_path/costmap_queue
[27.796s] -- Symlinking: /home/snake/Emmanuel_Jr_robot/install/costmap_queue/share/costmap_queue/environment/ament_prefix_path.sh
[27.809s] -- Symlinking: /home/snake/Emmanuel_Jr_robot/install/costmap_queue/share/costmap_queue/environment/ament_prefix_path.dsv
[27.822s] -- Symlinking: /home/snake/Emmanuel_Jr_robot/install/costmap_queue/share/costmap_queue/environment/path.sh
[27.836s] -- Symlinking: /home/snake/Emmanuel_Jr_robot/install/costmap_queue/share/costmap_queue/environment/path.dsv
[27.848s] -- Symlinking: /home/snake/Emmanuel_Jr_robot/install/costmap_queue/share/costmap_queue/local_setup.bash
[27.860s] -- Symlinking: /home/snake/Emmanuel_Jr_robot/install/costmap_queue/share/costmap_queue/local_setup.sh
[27.872s] -- Symlinking: /home/snake/Emmanuel_Jr_robot/install/costmap_queue/share/costmap_queue/local_setup.zsh
[27.884s] -- Symlinking: /home/snake/Emmanuel_Jr_robot/install/costmap_queue/share/costmap_queue/local_setup.dsv
[27.898s] -- Symlinking: /home/snake/Emmanuel_Jr_robot/install/costmap_queue/share/costmap_queue/package.dsv
[27.910s] -- Symlinking: /home/snake/Emmanuel_Jr_robot/install/costmap_queue/share/ament_index/resource_index/packages/costmap_queue
[27.925s] -- Symlinking: /home/snake/Emmanuel_Jr_robot/install/costmap_queue/share/costmap_queue/cmake/ament_cmake_export_include_directories-extras.cmake
[27.938s] -- Symlinking: /home/snake/Emmanuel_Jr_robot/install/costmap_queue/share/costmap_queue/cmake/ament_cmake_export_libraries-extras.cmake
[27.950s] -- Symlinking: /home/snake/Emmanuel_Jr_robot/install/costmap_queue/share/costmap_queue/cmake/costmap_queueConfig.cmake
[27.961s] -- Symlinking: /home/snake/Emmanuel_Jr_robot/install/costmap_queue/share/costmap_queue/cmake/costmap_queueConfig-version.cmake
[27.974s] -- Symlinking: /home/snake/Emmanuel_Jr_robot/install/costmap_queue/share/costmap_queue/package.xml
[27.991s] Invoked command in '/home/snake/Emmanuel_Jr_robot/build/costmap_queue' returned '0': AMENT_PREFIX_PATH=/home/snake/Emmanuel_Jr_robot/install/nav2_costmap_2d:/home/snake/Emmanuel_Jr_robot/install/nav2_util:/home/snake/Emmanuel_Jr_robot/install/nav2_voxel_grid:/home/snake/Emmanuel_Jr_robot/install/nav2_msgs:/home/snake/Emmanuel_Jr_robot/install/nav2_common:${AMENT_PREFIX_PATH} CMAKE_PREFIX_PATH=/home/snake/Emmanuel_Jr_robot/install/nav2_costmap_2d:/home/snake/Emmanuel_Jr_robot/install/nav2_util:/home/snake/Emmanuel_Jr_robot/install/nav2_voxel_grid:/home/snake/Emmanuel_Jr_robot/install/nav2_msgs:/home/snake/Emmanuel_Jr_robot/install/nav2_common:/opt/ros/galactic LD_LIBRARY_PATH=/home/snake/Emmanuel_Jr_robot/install/nav2_costmap_2d/lib:/home/snake/Emmanuel_Jr_robot/install/nav2_util/lib:/home/snake/Emmanuel_Jr_robot/install/nav2_voxel_grid/lib:/home/snake/Emmanuel_Jr_robot/install/nav2_msgs/lib:${LD_LIBRARY_PATH} PYTHONPATH=/home/snake/Emmanuel_Jr_robot/install/nav2_msgs/lib/python3.8/site-packages:/home/snake/Emmanuel_Jr_robot/install/nav2_common/lib/python3.8/site-packages:${PYTHONPATH} /usr/bin/cmake --install /home/snake/Emmanuel_Jr_robot/build/costmap_queue
