[0.029s] Invoking command in '/home/rex/Emmanuel_Jr_robot/build/linorobot2_bringup': CMAKE_PREFIX_PATH=${CMAKE_PREFIX_PATH}:/home/rex/Emmanuel_Jr_robot/install/nav2_simple_commander:/home/rex/Emmanuel_Jr_robot/install/nav2_gazebo_spawner:/home/rex/Emmanuel_Jr_robot/install/emmanuelJr:/home/rex/Emmanuel_Jr_robot/install/emmanuel:/opt/ros/galactic /usr/bin/cmake --build /home/rex/Emmanuel_Jr_robot/build/linorobot2_bringup -- -j2 -l2
[0.093s] Invoked command in '/home/rex/Emmanuel_Jr_robot/build/linorobot2_bringup' returned '0': CMAKE_PREFIX_PATH=${CMAKE_PREFIX_PATH}:/home/rex/Emmanuel_Jr_robot/install/nav2_simple_commander:/home/rex/Emmanuel_Jr_robot/install/nav2_gazebo_spawner:/home/rex/Emmanuel_Jr_robot/install/emmanuelJr:/home/rex/Emmanuel_Jr_robot/install/emmanuel:/opt/ros/galactic /usr/bin/cmake --build /home/rex/Emmanuel_Jr_robot/build/linorobot2_bringup -- -j2 -l2
[0.129s] Invoking command in '/home/rex/Emmanuel_Jr_robot/build/linorobot2_bringup': CMAKE_PREFIX_PATH=${CMAKE_PREFIX_PATH}:/home/rex/Emmanuel_Jr_robot/install/nav2_simple_commander:/home/rex/Emmanuel_Jr_robot/install/nav2_gazebo_spawner:/home/rex/Emmanuel_Jr_robot/install/emmanuelJr:/home/rex/Emmanuel_Jr_robot/install/emmanuel:/opt/ros/galactic /usr/bin/cmake --install /home/rex/Emmanuel_Jr_robot/build/linorobot2_bringup
[0.142s] -- Install configuration: ""
[0.142s] -- Up-to-date: /home/rex/Emmanuel_Jr_robot/install/linorobot2_bringup/share/linorobot2_bringup/launch
[0.142s] -- Up-to-date: /home/rex/Emmanuel_Jr_robot/install/linorobot2_bringup/share/linorobot2_bringup/launch/sensors.launch.py
[0.142s] -- Up-to-date: /home/rex/Emmanuel_Jr_robot/install/linorobot2_bringup/share/linorobot2_bringup/launch/bringup.launch.py
[0.143s] -- Up-to-date: /home/rex/Emmanuel_Jr_robot/install/linorobot2_bringup/share/linorobot2_bringup/launch/joy_teleop.launch.py
[0.143s] -- Up-to-date: /home/rex/Emmanuel_Jr_robot/install/linorobot2_bringup/share/linorobot2_bringup/launch/depth.launch.py
[0.143s] -- Up-to-date: /home/rex/Emmanuel_Jr_robot/install/linorobot2_bringup/share/linorobot2_bringup/launch/lasers.launch.py
[0.143s] -- Up-to-date: /home/rex/Emmanuel_Jr_robot/install/linorobot2_bringup/share/linorobot2_bringup/config
[0.143s] -- Up-to-date: /home/rex/Emmanuel_Jr_robot/install/linorobot2_bringup/share/linorobot2_bringup/config/joy.yaml
[0.143s] -- Up-to-date: /home/rex/Emmanuel_Jr_robot/install/linorobot2_bringup/share/linorobot2_bringup/config/fake_laser.yaml
[0.143s] -- Up-to-date: /home/rex/Emmanuel_Jr_robot/install/linorobot2_bringup/share/linorobot2_bringup/config/zed_common.yaml
[0.144s] -- Up-to-date: /home/rex/Emmanuel_Jr_robot/install/linorobot2_bringup/share/linorobot2_bringup/config/ydlidar.yaml
[0.144s] -- Up-to-date: /home/rex/Emmanuel_Jr_robot/install/linorobot2_bringup/share/ament_index/resource_index/package_run_dependencies/linorobot2_bringup
[0.144s] -- Up-to-date: /home/rex/Emmanuel_Jr_robot/install/linorobot2_bringup/share/ament_index/resource_index/parent_prefix_path/linorobot2_bringup
[0.144s] -- Up-to-date: /home/rex/Emmanuel_Jr_robot/install/linorobot2_bringup/share/linorobot2_bringup/environment/ament_prefix_path.sh
[0.144s] -- Up-to-date: /home/rex/Emmanuel_Jr_robot/install/linorobot2_bringup/share/linorobot2_bringup/environment/ament_prefix_path.dsv
[0.144s] -- Up-to-date: /home/rex/Emmanuel_Jr_robot/install/linorobot2_bringup/share/linorobot2_bringup/environment/path.sh
[0.145s] -- Up-to-date: /home/rex/Emmanuel_Jr_robot/install/linorobot2_bringup/share/linorobot2_bringup/environment/path.dsv
[0.145s] -- Up-to-date: /home/rex/Emmanuel_Jr_robot/install/linorobot2_bringup/share/linorobot2_bringup/local_setup.bash
[0.145s] -- Up-to-date: /home/rex/Emmanuel_Jr_robot/install/linorobot2_bringup/share/linorobot2_bringup/local_setup.sh
[0.145s] -- Up-to-date: /home/rex/Emmanuel_Jr_robot/install/linorobot2_bringup/share/linorobot2_bringup/local_setup.zsh
[0.145s] -- Up-to-date: /home/rex/Emmanuel_Jr_robot/install/linorobot2_bringup/share/linorobot2_bringup/local_setup.dsv
[0.145s] -- Up-to-date: /home/rex/Emmanuel_Jr_robot/install/linorobot2_bringup/share/linorobot2_bringup/package.dsv
[0.145s] -- Up-to-date: /home/rex/Emmanuel_Jr_robot/install/linorobot2_bringup/share/ament_index/resource_index/packages/linorobot2_bringup
[0.145s] -- Up-to-date: /home/rex/Emmanuel_Jr_robot/install/linorobot2_bringup/share/linorobot2_bringup/cmake/linorobot2_bringupConfig.cmake
[0.145s] -- Up-to-date: /home/rex/Emmanuel_Jr_robot/install/linorobot2_bringup/share/linorobot2_bringup/cmake/linorobot2_bringupConfig-version.cmake
[0.145s] -- Up-to-date: /home/rex/Emmanuel_Jr_robot/install/linorobot2_bringup/share/linorobot2_bringup/package.xml
[0.148s] Invoked command in '/home/rex/Emmanuel_Jr_robot/build/linorobot2_bringup' returned '0': CMAKE_PREFIX_PATH=${CMAKE_PREFIX_PATH}:/home/rex/Emmanuel_Jr_robot/install/nav2_simple_commander:/home/rex/Emmanuel_Jr_robot/install/nav2_gazebo_spawner:/home/rex/Emmanuel_Jr_robot/install/emmanuelJr:/home/rex/Emmanuel_Jr_robot/install/emmanuel:/opt/ros/galactic /usr/bin/cmake --install /home/rex/Emmanuel_Jr_robot/build/linorobot2_bringup
