[0.015s] Invoking command in '/home/rex/Emmanuel_Jr_robot/build/linorobot2_viz': CMAKE_PREFIX_PATH=${CMAKE_PREFIX_PATH}:/home/rex/Emmanuel_Jr_robot/install/nav2_simple_commander:/home/rex/Emmanuel_Jr_robot/install/nav2_gazebo_spawner:/home/rex/Emmanuel_Jr_robot/install/emmanuelJr:/home/rex/Emmanuel_Jr_robot/install/emmanuel:/opt/ros/galactic /usr/bin/cmake /home/rex/Emmanuel_Jr_robot/src/linorobot2_viz -DCMAKE_INSTALL_PREFIX=/home/rex/Emmanuel_Jr_robot/install/linorobot2_viz
[0.094s] -- The C compiler identification is GNU 9.4.0
[0.159s] -- The CXX compiler identification is GNU 9.4.0
[0.167s] -- Check for working C compiler: /usr/bin/cc
[0.251s] -- Check for working C compiler: /usr/bin/cc -- works
[0.251s] -- Detecting C compiler ABI info
[0.340s] -- Detecting C compiler ABI info - done
[0.350s] -- Detecting C compile features
[0.351s] -- Detecting C compile features - done
[0.353s] -- Check for working CXX compiler: /usr/bin/c++
[0.460s] -- Check for working CXX compiler: /usr/bin/c++ -- works
[0.461s] -- Detecting CXX compiler ABI info
[0.573s] -- Detecting CXX compiler ABI info - done
[0.576s] -- Detecting CXX compile features
[0.576s] -- Detecting CXX compile features - done
[0.580s] -- Found ament_cmake: 1.1.5 (/opt/ros/galactic/share/ament_cmake/cmake)
[0.617s] -- Found PythonInterp: /usr/bin/python3 (found suitable version "3.8.10", minimum required is "3") 
[0.617s] -- Using PYTHON_EXECUTABLE: /usr/bin/python3
[0.790s] -- Configuring done
[0.792s] -- Generating done
[0.793s] -- Build files have been written to: /home/rex/Emmanuel_Jr_robot/build/linorobot2_viz
[0.798s] Invoked command in '/home/rex/Emmanuel_Jr_robot/build/linorobot2_viz' returned '0': CMAKE_PREFIX_PATH=${CMAKE_PREFIX_PATH}:/home/rex/Emmanuel_Jr_robot/install/nav2_simple_commander:/home/rex/Emmanuel_Jr_robot/install/nav2_gazebo_spawner:/home/rex/Emmanuel_Jr_robot/install/emmanuelJr:/home/rex/Emmanuel_Jr_robot/install/emmanuel:/opt/ros/galactic /usr/bin/cmake /home/rex/Emmanuel_Jr_robot/src/linorobot2_viz -DCMAKE_INSTALL_PREFIX=/home/rex/Emmanuel_Jr_robot/install/linorobot2_viz
[0.801s] Invoking command in '/home/rex/Emmanuel_Jr_robot/build/linorobot2_viz': CMAKE_PREFIX_PATH=${CMAKE_PREFIX_PATH}:/home/rex/Emmanuel_Jr_robot/install/nav2_simple_commander:/home/rex/Emmanuel_Jr_robot/install/nav2_gazebo_spawner:/home/rex/Emmanuel_Jr_robot/install/emmanuelJr:/home/rex/Emmanuel_Jr_robot/install/emmanuel:/opt/ros/galactic /usr/bin/cmake --build /home/rex/Emmanuel_Jr_robot/build/linorobot2_viz -- -j2 -l2
[0.857s] Invoked command in '/home/rex/Emmanuel_Jr_robot/build/linorobot2_viz' returned '0': CMAKE_PREFIX_PATH=${CMAKE_PREFIX_PATH}:/home/rex/Emmanuel_Jr_robot/install/nav2_simple_commander:/home/rex/Emmanuel_Jr_robot/install/nav2_gazebo_spawner:/home/rex/Emmanuel_Jr_robot/install/emmanuelJr:/home/rex/Emmanuel_Jr_robot/install/emmanuel:/opt/ros/galactic /usr/bin/cmake --build /home/rex/Emmanuel_Jr_robot/build/linorobot2_viz -- -j2 -l2
[0.920s] Invoking command in '/home/rex/Emmanuel_Jr_robot/build/linorobot2_viz': CMAKE_PREFIX_PATH=${CMAKE_PREFIX_PATH}:/home/rex/Emmanuel_Jr_robot/install/nav2_simple_commander:/home/rex/Emmanuel_Jr_robot/install/nav2_gazebo_spawner:/home/rex/Emmanuel_Jr_robot/install/emmanuelJr:/home/rex/Emmanuel_Jr_robot/install/emmanuel:/opt/ros/galactic /usr/bin/cmake --install /home/rex/Emmanuel_Jr_robot/build/linorobot2_viz
[0.931s] -- Install configuration: ""
[0.931s] -- Installing: /home/rex/Emmanuel_Jr_robot/install/linorobot2_viz/share/linorobot2_viz/launch
[0.932s] -- Installing: /home/rex/Emmanuel_Jr_robot/install/linorobot2_viz/share/linorobot2_viz/launch/robot_model.launch.py
[0.932s] -- Installing: /home/rex/Emmanuel_Jr_robot/install/linorobot2_viz/share/linorobot2_viz/launch/navigation.launch.py
[0.932s] -- Installing: /home/rex/Emmanuel_Jr_robot/install/linorobot2_viz/share/linorobot2_viz/launch/slam.launch.py
[0.932s] -- Installing: /home/rex/Emmanuel_Jr_robot/install/linorobot2_viz/share/linorobot2_viz/rviz
[0.932s] -- Installing: /home/rex/Emmanuel_Jr_robot/install/linorobot2_viz/share/linorobot2_viz/rviz/linorobot2_navigation_minimal.rviz
[0.932s] -- Installing: /home/rex/Emmanuel_Jr_robot/install/linorobot2_viz/share/linorobot2_viz/rviz/linorobot2_slam.rviz
[0.933s] -- Installing: /home/rex/Emmanuel_Jr_robot/install/linorobot2_viz/share/linorobot2_viz/rviz/linorobot2_navigation.rviz
[0.933s] -- Installing: /home/rex/Emmanuel_Jr_robot/install/linorobot2_viz/share/linorobot2_viz/rviz/description.rviz
[0.933s] -- Installing: /home/rex/Emmanuel_Jr_robot/install/linorobot2_viz/share/ament_index/resource_index/package_run_dependencies/linorobot2_viz
[0.933s] -- Installing: /home/rex/Emmanuel_Jr_robot/install/linorobot2_viz/share/ament_index/resource_index/parent_prefix_path/linorobot2_viz
[0.934s] -- Installing: /home/rex/Emmanuel_Jr_robot/install/linorobot2_viz/share/linorobot2_viz/environment/ament_prefix_path.sh
[0.934s] -- Installing: /home/rex/Emmanuel_Jr_robot/install/linorobot2_viz/share/linorobot2_viz/environment/ament_prefix_path.dsv
[0.934s] -- Installing: /home/rex/Emmanuel_Jr_robot/install/linorobot2_viz/share/linorobot2_viz/environment/path.sh
[0.934s] -- Installing: /home/rex/Emmanuel_Jr_robot/install/linorobot2_viz/share/linorobot2_viz/environment/path.dsv
[0.935s] -- Installing: /home/rex/Emmanuel_Jr_robot/install/linorobot2_viz/share/linorobot2_viz/local_setup.bash
[0.935s] -- Installing: /home/rex/Emmanuel_Jr_robot/install/linorobot2_viz/share/linorobot2_viz/local_setup.sh
[0.935s] -- Installing: /home/rex/Emmanuel_Jr_robot/install/linorobot2_viz/share/linorobot2_viz/local_setup.zsh
[0.935s] -- Installing: /home/rex/Emmanuel_Jr_robot/install/linorobot2_viz/share/linorobot2_viz/local_setup.dsv
[0.936s] -- Installing: /home/rex/Emmanuel_Jr_robot/install/linorobot2_viz/share/linorobot2_viz/package.dsv
[0.936s] -- Installing: /home/rex/Emmanuel_Jr_robot/install/linorobot2_viz/share/ament_index/resource_index/packages/linorobot2_viz
[0.936s] -- Installing: /home/rex/Emmanuel_Jr_robot/install/linorobot2_viz/share/linorobot2_viz/cmake/linorobot2_vizConfig.cmake
[0.936s] -- Installing: /home/rex/Emmanuel_Jr_robot/install/linorobot2_viz/share/linorobot2_viz/cmake/linorobot2_vizConfig-version.cmake
[0.936s] -- Installing: /home/rex/Emmanuel_Jr_robot/install/linorobot2_viz/share/linorobot2_viz/package.xml
[0.939s] Invoked command in '/home/rex/Emmanuel_Jr_robot/build/linorobot2_viz' returned '0': CMAKE_PREFIX_PATH=${CMAKE_PREFIX_PATH}:/home/rex/Emmanuel_Jr_robot/install/nav2_simple_commander:/home/rex/Emmanuel_Jr_robot/install/nav2_gazebo_spawner:/home/rex/Emmanuel_Jr_robot/install/emmanuelJr:/home/rex/Emmanuel_Jr_robot/install/emmanuel:/opt/ros/galactic /usr/bin/cmake --install /home/rex/Emmanuel_Jr_robot/build/linorobot2_viz
