[0.077s] Invoking command in '/home/snake/Emmanuel_Jr_robot/build/nav2_util': AMENT_PREFIX_PATH=/home/snake/Emmanuel_Jr_robot/install/nav2_msgs:/home/snake/Emmanuel_Jr_robot/install/nav2_common:${AMENT_PREFIX_PATH} CMAKE_PREFIX_PATH=/home/snake/Emmanuel_Jr_robot/install/nav2_msgs:/home/snake/Emmanuel_Jr_robot/install/nav2_common:/opt/ros/galactic LD_LIBRARY_PATH=/home/snake/Emmanuel_Jr_robot/install/nav2_msgs/lib:${LD_LIBRARY_PATH} PYTHONPATH=/home/snake/Emmanuel_Jr_robot/install/nav2_msgs/lib/python3.8/site-packages:/home/snake/Emmanuel_Jr_robot/install/nav2_common/lib/python3.8/site-packages:${PYTHONPATH} /usr/bin/cmake /home/snake/Emmanuel_Jr_robot/src/navigation2/nav2_util -DCMAKE_INSTALL_PREFIX=/home/snake/Emmanuel_Jr_robot/install/nav2_util
[0.211s] -- Found ament_cmake: 1.1.5 (/opt/ros/galactic/share/ament_cmake/cmake)
[0.238s] -- Found PythonInterp: /usr/bin/python3 (found suitable version "3.8.10", minimum required is "3") 
[0.238s] -- Using PYTHON_EXECUTABLE: /usr/bin/python3
[0.335s] -- Override CMake install command with custom implementation using symlinks instead of copying resources
[0.361s] -- Found nav2_common: 1.0.12 (/home/snake/Emmanuel_Jr_robot/install/nav2_common/share/nav2_common/cmake)
[0.363s] -- Found nav2_msgs: 1.0.12 (/home/snake/Emmanuel_Jr_robot/install/nav2_msgs/share/nav2_msgs/cmake)
[0.441s] -- Using all available rosidl_typesupport_c: rosidl_typesupport_fastrtps_c;rosidl_typesupport_introspection_c
[0.447s] -- Found rosidl_adapter: 2.2.2 (/opt/ros/galactic/share/rosidl_adapter/cmake)
[0.620s] -- Using all available rosidl_typesupport_cpp: rosidl_typesupport_fastrtps_cpp;rosidl_typesupport_introspection_cpp
[1.039s] -- Found tf2_ros: 0.17.3 (/opt/ros/galactic/share/tf2_ros/cmake)
[1.106s] -- Found rmw_implementation_cmake: 3.3.1 (/opt/ros/galactic/share/rmw_implementation_cmake/cmake)
[1.109s] -- Found rmw_cyclonedds_cpp: 0.22.5 (/opt/ros/galactic/share/rmw_cyclonedds_cpp/cmake)
[1.130s] -- Using RMW implementation 'rmw_cyclonedds_cpp' as default
[1.958s] -- Found tf2_geometry_msgs: 0.17.3 (/opt/ros/galactic/share/tf2_geometry_msgs/cmake)
[1.983s] -- Found eigen3_cmake_module: 0.1.1 (/opt/ros/galactic/share/eigen3_cmake_module/cmake)
[2.038s] -- Found lifecycle_msgs: 1.0.3 (/opt/ros/galactic/share/lifecycle_msgs/cmake)
[2.054s] -- Found rclcpp_lifecycle: 9.2.1 (/opt/ros/galactic/share/rclcpp_lifecycle/cmake)
[2.079s] -- Found bondcpp: 3.0.1 (/opt/ros/galactic/share/bondcpp/cmake)
[2.175s] -- Found ament_lint_auto: 0.10.7 (/opt/ros/galactic/share/ament_lint_auto/cmake)
[2.176s] -- Found ament_cmake_pytest: 1.1.5 (/opt/ros/galactic/share/ament_cmake_pytest/cmake)
[2.179s] -- Found launch_testing_ament_cmake: 0.17.1 (/opt/ros/galactic/share/launch_testing_ament_cmake/cmake)
[2.180s] -- Found python_cmake_module: 0.8.1 (/opt/ros/galactic/share/python_cmake_module/cmake)
[2.205s] -- Found PythonInterp: /usr/bin/python3 (found suitable version "3.8.10", minimum required is "3.5") 
[2.208s] -- Using PYTHON_EXECUTABLE: /usr/bin/python3
[2.208s] -- Using PYTHON_INCLUDE_DIRS: /usr/include/python3.8
[2.208s] -- Using PYTHON_LIBRARIES: /usr/lib/x86_64-linux-gnu/libpython3.8.so
[2.709s] -- Found gtest sources under '/opt/ros/galactic/src/gtest_vendor': C++ tests using 'Google Test' will be built
[2.789s] -- Added test 'copyright' to check source files copyright and LICENSE
[2.792s] -- Added test 'cppcheck' to perform static code analysis on C / C++ code
[2.792s] -- Configured cppcheck include dirs: /home/snake/Emmanuel_Jr_robot/src/navigation2/nav2_util/include
[2.792s] -- Configured cppcheck exclude dirs and/or files: 
[2.797s] -- Added test 'cpplint' to check C / C++ code against the Google style
[2.797s] -- Configured cpplint exclude dirs and/or files: 
[2.798s] -- Added test 'flake8' to check Python code syntax and style conventions
[2.801s] -- Added test 'lint_cmake' to check CMake code style
[2.807s] -- Added test 'pep257' to check Python code against some of the style conventions in PEP 257
[2.809s] -- Added test 'uncrustify' to check C / C++ code style
[2.809s] -- Configured uncrustify additional arguments: 
[2.810s] -- Added test 'xmllint' to check XML markup files
[2.828s] -- Configuring done
[3.172s] -- Generating done
[3.188s] -- Build files have been written to: /home/snake/Emmanuel_Jr_robot/build/nav2_util
[3.204s] Invoked command in '/home/snake/Emmanuel_Jr_robot/build/nav2_util' returned '0': AMENT_PREFIX_PATH=/home/snake/Emmanuel_Jr_robot/install/nav2_msgs:/home/snake/Emmanuel_Jr_robot/install/nav2_common:${AMENT_PREFIX_PATH} CMAKE_PREFIX_PATH=/home/snake/Emmanuel_Jr_robot/install/nav2_msgs:/home/snake/Emmanuel_Jr_robot/install/nav2_common:/opt/ros/galactic LD_LIBRARY_PATH=/home/snake/Emmanuel_Jr_robot/install/nav2_msgs/lib:${LD_LIBRARY_PATH} PYTHONPATH=/home/snake/Emmanuel_Jr_robot/install/nav2_msgs/lib/python3.8/site-packages:/home/snake/Emmanuel_Jr_robot/install/nav2_common/lib/python3.8/site-packages:${PYTHONPATH} /usr/bin/cmake /home/snake/Emmanuel_Jr_robot/src/navigation2/nav2_util -DCMAKE_INSTALL_PREFIX=/home/snake/Emmanuel_Jr_robot/install/nav2_util
[3.207s] Invoking command in '/home/snake/Emmanuel_Jr_robot/build/nav2_util': AMENT_PREFIX_PATH=/home/snake/Emmanuel_Jr_robot/install/nav2_msgs:/home/snake/Emmanuel_Jr_robot/install/nav2_common:${AMENT_PREFIX_PATH} CMAKE_PREFIX_PATH=/home/snake/Emmanuel_Jr_robot/install/nav2_msgs:/home/snake/Emmanuel_Jr_robot/install/nav2_common:/opt/ros/galactic LD_LIBRARY_PATH=/home/snake/Emmanuel_Jr_robot/install/nav2_msgs/lib:${LD_LIBRARY_PATH} PYTHONPATH=/home/snake/Emmanuel_Jr_robot/install/nav2_msgs/lib/python3.8/site-packages:/home/snake/Emmanuel_Jr_robot/install/nav2_common/lib/python3.8/site-packages:${PYTHONPATH} /usr/bin/cmake --build /home/snake/Emmanuel_Jr_robot/build/nav2_util -- -j2 -l2
[3.320s] [  5%] Built target dump_params
[3.324s] [ 30%] Built target nav2_util_core
[3.350s] [ 35%] Built target gtest
[3.380s] [ 40%] Built target gtest_main
[3.393s] [ 45%] Built target lifecycle_bringup
[3.423s] [ 47%] [32mBuilding CXX object test/CMakeFiles/test_service_client.dir/test_service_client.cpp.o[0m
[3.431s] [ 50%] [32mBuilding CXX object test/CMakeFiles/test_string_utils.dir/test_string_utils.cpp.o[0m
[6.125s] [ 52%] [32m[1mLinking CXX executable test_string_utils[0m
[6.400s] [ 52%] Built target test_string_utils
[6.464s] [ 55%] [32mBuilding CXX object test/CMakeFiles/test_lifecycle_node.dir/test_lifecycle_node.cpp.o[0m
[12.362s] [ 57%] [32m[1mLinking CXX executable test_lifecycle_node[0m
[12.547s] [ 57%] Built target test_lifecycle_node
[12.578s] [ 60%] [32mBuilding CXX object test/CMakeFiles/test_lifecycle_utils.dir/test_lifecycle_utils.cpp.o[0m
[18.827s] [ 62%] [32m[1mLinking CXX executable test_lifecycle_utils[0m
[19.211s] [ 62%] Built target test_lifecycle_utils
[19.297s] [ 65%] [32mBuilding CXX object test/CMakeFiles/test_execution_timer.dir/test_execution_timer.cpp.o[0m
[21.672s] [ 67%] [32m[1mLinking CXX executable test_execution_timer[0m
[21.867s] [ 67%] Built target test_execution_timer
[21.906s] [ 70%] [32mBuilding CXX object test/CMakeFiles/test_actions.dir/test_actions.cpp.o[0m
[21.988s] [ 72%] [32m[1mLinking CXX executable test_service_client[0m
[22.302s] [ 72%] Built target test_service_client
[22.333s] [ 75%] [32mBuilding CXX object test/CMakeFiles/test_node_utils.dir/test_node_utils.cpp.o[0m
[29.420s] [ 77%] [32m[1mLinking CXX executable test_node_utils[0m
[29.683s] [ 77%] Built target test_node_utils
[33.721s] [ 80%] [32mBuilding CXX object test/CMakeFiles/test_lifecycle_cli_node.dir/test_lifecycle_cli_node.cpp.o[0m
[37.507s] [ 82%] [32m[1mLinking CXX executable test_lifecycle_cli_node[0m
[37.800s] [ 82%] Built target test_lifecycle_cli_node
[37.862s] [ 85%] [32mBuilding CXX object test/CMakeFiles/test_geometry_utils.dir/test_geometry_utils.cpp.o[0m
[41.384s] [ 87%] [32m[1mLinking CXX executable test_geometry_utils[0m
[41.458s] [ 90%] [32m[1mLinking CXX executable test_actions[0m
[41.628s] [ 90%] Built target test_geometry_utils
[41.663s] [ 92%] [32mBuilding CXX object test/CMakeFiles/test_odometry_utils.dir/test_odometry_utils.cpp.o[0m
[41.716s] [ 92%] Built target test_actions
[41.749s] [ 95%] [32mBuilding CXX object test/CMakeFiles/test_robot_utils.dir/test_robot_utils.cpp.o[0m
[45.389s] [ 97%] [32m[1mLinking CXX executable test_robot_utils[0m
[45.561s] [ 97%] Built target test_robot_utils
[47.351s] [100%] [32m[1mLinking CXX executable test_odometry_utils[0m
[47.510s] [100%] Built target test_odometry_utils
[47.538s] Invoked command in '/home/snake/Emmanuel_Jr_robot/build/nav2_util' returned '0': AMENT_PREFIX_PATH=/home/snake/Emmanuel_Jr_robot/install/nav2_msgs:/home/snake/Emmanuel_Jr_robot/install/nav2_common:${AMENT_PREFIX_PATH} CMAKE_PREFIX_PATH=/home/snake/Emmanuel_Jr_robot/install/nav2_msgs:/home/snake/Emmanuel_Jr_robot/install/nav2_common:/opt/ros/galactic LD_LIBRARY_PATH=/home/snake/Emmanuel_Jr_robot/install/nav2_msgs/lib:${LD_LIBRARY_PATH} PYTHONPATH=/home/snake/Emmanuel_Jr_robot/install/nav2_msgs/lib/python3.8/site-packages:/home/snake/Emmanuel_Jr_robot/install/nav2_common/lib/python3.8/site-packages:${PYTHONPATH} /usr/bin/cmake --build /home/snake/Emmanuel_Jr_robot/build/nav2_util -- -j2 -l2
[47.572s] Invoking command in '/home/snake/Emmanuel_Jr_robot/build/nav2_util': AMENT_PREFIX_PATH=/home/snake/Emmanuel_Jr_robot/install/nav2_msgs:/home/snake/Emmanuel_Jr_robot/install/nav2_common:${AMENT_PREFIX_PATH} CMAKE_PREFIX_PATH=/home/snake/Emmanuel_Jr_robot/install/nav2_msgs:/home/snake/Emmanuel_Jr_robot/install/nav2_common:/opt/ros/galactic LD_LIBRARY_PATH=/home/snake/Emmanuel_Jr_robot/install/nav2_msgs/lib:${LD_LIBRARY_PATH} PYTHONPATH=/home/snake/Emmanuel_Jr_robot/install/nav2_msgs/lib/python3.8/site-packages:/home/snake/Emmanuel_Jr_robot/install/nav2_common/lib/python3.8/site-packages:${PYTHONPATH} /usr/bin/cmake --install /home/snake/Emmanuel_Jr_robot/build/nav2_util
[47.582s] -- Install configuration: "Release"
[47.584s] -- Execute custom install script
[47.585s] -- Up-to-date symlink: /home/snake/Emmanuel_Jr_robot/install/nav2_util/lib/libnav2_util_core.so
[47.587s] -- Up-to-date symlink: /home/snake/Emmanuel_Jr_robot/install/nav2_util/lib/nav2_util/lifecycle_bringup
[47.587s] -- Up-to-date symlink: /home/snake/Emmanuel_Jr_robot/install/nav2_util/lib/nav2_util/dump_params
[47.589s] -- Up-to-date symlink: /home/snake/Emmanuel_Jr_robot/install/nav2_util/include//nav2_util/clear_entirely_costmap_service_client.hpp
[47.590s] -- Up-to-date symlink: /home/snake/Emmanuel_Jr_robot/install/nav2_util/include//nav2_util/costmap.hpp
[47.590s] -- Up-to-date symlink: /home/snake/Emmanuel_Jr_robot/install/nav2_util/include//nav2_util/execution_timer.hpp
[47.591s] -- Up-to-date symlink: /home/snake/Emmanuel_Jr_robot/install/nav2_util/include//nav2_util/geometry_utils.hpp
[47.591s] -- Up-to-date symlink: /home/snake/Emmanuel_Jr_robot/install/nav2_util/include//nav2_util/lifecycle_node.hpp
[47.592s] -- Up-to-date symlink: /home/snake/Emmanuel_Jr_robot/install/nav2_util/include//nav2_util/lifecycle_service_client.hpp
[47.592s] -- Up-to-date symlink: /home/snake/Emmanuel_Jr_robot/install/nav2_util/include//nav2_util/lifecycle_utils.hpp
[47.593s] -- Up-to-date symlink: /home/snake/Emmanuel_Jr_robot/install/nav2_util/include//nav2_util/line_iterator.hpp
[47.594s] -- Up-to-date symlink: /home/snake/Emmanuel_Jr_robot/install/nav2_util/include//nav2_util/node_thread.hpp
[47.594s] -- Up-to-date symlink: /home/snake/Emmanuel_Jr_robot/install/nav2_util/include//nav2_util/node_utils.hpp
[47.595s] -- Up-to-date symlink: /home/snake/Emmanuel_Jr_robot/install/nav2_util/include//nav2_util/occ_grid_values.hpp
[47.595s] -- Up-to-date symlink: /home/snake/Emmanuel_Jr_robot/install/nav2_util/include//nav2_util/odometry_utils.hpp
[47.596s] -- Up-to-date symlink: /home/snake/Emmanuel_Jr_robot/install/nav2_util/include//nav2_util/robot_utils.hpp
[47.596s] -- Up-to-date symlink: /home/snake/Emmanuel_Jr_robot/install/nav2_util/include//nav2_util/service_client.hpp
[47.597s] -- Up-to-date symlink: /home/snake/Emmanuel_Jr_robot/install/nav2_util/include//nav2_util/simple_action_server.hpp
[47.597s] -- Up-to-date symlink: /home/snake/Emmanuel_Jr_robot/install/nav2_util/include//nav2_util/string_utils.hpp
[47.599s] -- Up-to-date symlink: /home/snake/Emmanuel_Jr_robot/install/nav2_util/share/nav2_util/environment/library_path.sh
[47.600s] -- Up-to-date symlink: /home/snake/Emmanuel_Jr_robot/install/nav2_util/share/nav2_util/environment/library_path.dsv
[47.603s] -- Up-to-date symlink: /home/snake/Emmanuel_Jr_robot/install/nav2_util/share/ament_index/resource_index/package_run_dependencies/nav2_util
[47.604s] -- Up-to-date symlink: /home/snake/Emmanuel_Jr_robot/install/nav2_util/share/ament_index/resource_index/parent_prefix_path/nav2_util
[47.605s] -- Up-to-date symlink: /home/snake/Emmanuel_Jr_robot/install/nav2_util/share/nav2_util/environment/ament_prefix_path.sh
[47.606s] -- Up-to-date symlink: /home/snake/Emmanuel_Jr_robot/install/nav2_util/share/nav2_util/environment/ament_prefix_path.dsv
[47.606s] -- Up-to-date symlink: /home/snake/Emmanuel_Jr_robot/install/nav2_util/share/nav2_util/environment/path.sh
[47.607s] -- Up-to-date symlink: /home/snake/Emmanuel_Jr_robot/install/nav2_util/share/nav2_util/environment/path.dsv
[47.607s] -- Up-to-date symlink: /home/snake/Emmanuel_Jr_robot/install/nav2_util/share/nav2_util/local_setup.bash
[47.608s] -- Up-to-date symlink: /home/snake/Emmanuel_Jr_robot/install/nav2_util/share/nav2_util/local_setup.sh
[47.608s] -- Up-to-date symlink: /home/snake/Emmanuel_Jr_robot/install/nav2_util/share/nav2_util/local_setup.zsh
[47.609s] -- Up-to-date symlink: /home/snake/Emmanuel_Jr_robot/install/nav2_util/share/nav2_util/local_setup.dsv
[47.609s] -- Symlinking: /home/snake/Emmanuel_Jr_robot/install/nav2_util/share/nav2_util/package.dsv
[47.621s] -- Up-to-date symlink: /home/snake/Emmanuel_Jr_robot/install/nav2_util/share/ament_index/resource_index/packages/nav2_util
[47.622s] -- Up-to-date symlink: /home/snake/Emmanuel_Jr_robot/install/nav2_util/share/nav2_util/cmake/ament_cmake_export_include_directories-extras.cmake
[47.623s] -- Up-to-date symlink: /home/snake/Emmanuel_Jr_robot/install/nav2_util/share/nav2_util/cmake/ament_cmake_export_libraries-extras.cmake
[47.624s] -- Up-to-date symlink: /home/snake/Emmanuel_Jr_robot/install/nav2_util/share/nav2_util/cmake/ament_cmake_export_dependencies-extras.cmake
[47.624s] -- Up-to-date symlink: /home/snake/Emmanuel_Jr_robot/install/nav2_util/share/nav2_util/cmake/nav2_utilConfig.cmake
[47.625s] -- Up-to-date symlink: /home/snake/Emmanuel_Jr_robot/install/nav2_util/share/nav2_util/cmake/nav2_utilConfig-version.cmake
[47.626s] -- Up-to-date symlink: /home/snake/Emmanuel_Jr_robot/install/nav2_util/share/nav2_util/package.xml
[47.634s] Invoked command in '/home/snake/Emmanuel_Jr_robot/build/nav2_util' returned '0': AMENT_PREFIX_PATH=/home/snake/Emmanuel_Jr_robot/install/nav2_msgs:/home/snake/Emmanuel_Jr_robot/install/nav2_common:${AMENT_PREFIX_PATH} CMAKE_PREFIX_PATH=/home/snake/Emmanuel_Jr_robot/install/nav2_msgs:/home/snake/Emmanuel_Jr_robot/install/nav2_common:/opt/ros/galactic LD_LIBRARY_PATH=/home/snake/Emmanuel_Jr_robot/install/nav2_msgs/lib:${LD_LIBRARY_PATH} PYTHONPATH=/home/snake/Emmanuel_Jr_robot/install/nav2_msgs/lib/python3.8/site-packages:/home/snake/Emmanuel_Jr_robot/install/nav2_common/lib/python3.8/site-packages:${PYTHONPATH} /usr/bin/cmake --install /home/snake/Emmanuel_Jr_robot/build/nav2_util
