-- The C compiler identification is GNU 9.4.0
-- The CXX compiler identification is GNU 9.4.0
-- Check for working C compiler: /usr/bin/cc
-- Check for working C compiler: /usr/bin/cc -- works
-- Detecting C compiler ABI info
-- Detecting C compiler ABI info - done
-- Detecting C compile features
-- Detecting C compile features - done
-- Check for working CXX compiler: /usr/bin/c++
-- Check for working CXX compiler: /usr/bin/c++ -- works
-- Detecting CXX compiler ABI info
-- Detecting CXX compiler ABI info - done
-- Detecting CXX compile features
-- Detecting CXX compile features - done
-- Found ament_cmake: 1.1.5 (/opt/ros/galactic/share/ament_cmake/cmake)
-- Found PythonInterp: /usr/bin/python3 (found suitable version "3.8.10", minimum required is "3") 
-- Using PYTHON_EXECUTABLE: /usr/bin/python3
-- Found rclcpp: 9.2.1 (/opt/ros/galactic/share/rclcpp/cmake)
-- Using all available rosidl_typesupport_c: rosidl_typesupport_fastrtps_c;rosidl_typesupport_introspection_c
-- Found rosidl_adapter: 2.2.2 (/opt/ros/galactic/share/rosidl_adapter/cmake)
-- Found OpenSSL: /usr/lib/x86_64-linux-gnu/libcrypto.so (found version "1.1.1f")  
-- Found FastRTPS: /opt/ros/galactic/include  
-- Using all available rosidl_typesupport_cpp: rosidl_typesupport_fastrtps_cpp;rosidl_typesupport_introspection_cpp
-- Found rmw_implementation_cmake: 3.3.1 (/opt/ros/galactic/share/rmw_implementation_cmake/cmake)
-- Found rmw_cyclonedds_cpp: 0.22.5 (/opt/ros/galactic/share/rmw_cyclonedds_cpp/cmake)
-- Using RMW implementation 'rmw_cyclonedds_cpp' as default
-- Looking for pthread.h
-- Looking for pthread.h - found
-- Performing Test CMAKE_HAVE_LIBC_PTHREAD
-- Performing Test CMAKE_HAVE_LIBC_PTHREAD - Failed
-- Looking for pthread_create in pthreads
-- Looking for pthread_create in pthreads - not found
-- Looking for pthread_create in pthread
-- Looking for pthread_create in pthread - found
-- Found Threads: TRUE  
-- Found sensor_msgs: 2.2.4 (/opt/ros/galactic/share/sensor_msgs/cmake)
-- Found std_srvs: 2.2.4 (/opt/ros/galactic/share/std_srvs/cmake)
-- Configuring done
-- Generating done
-- Build files have been written to: /home/rex/Emmanuel_Jr_robot/build/rplidar_ros2
[35m[1mScanning dependencies of target rplidar_scan_publisher[0m
[ 14%] [32mBuilding CXX object CMakeFiles/rplidar_scan_publisher.dir/sdk/src/arch/linux/net_serial.cpp.o[0m
[ 28%] [32mBuilding CXX object CMakeFiles/rplidar_scan_publisher.dir/src/rplidar_scan_publisher.cpp.o[0m
[ 42%] [32mBuilding CXX object CMakeFiles/rplidar_scan_publisher.dir/sdk/src/arch/linux/net_socket.cpp.o[0m
[ 57%] [32mBuilding CXX object CMakeFiles/rplidar_scan_publisher.dir/sdk/src/arch/linux/timer.cpp.o[0m
[ 71%] [32mBuilding CXX object CMakeFiles/rplidar_scan_publisher.dir/sdk/src/hal/thread.cpp.o[0m
[ 85%] [32mBuilding CXX object CMakeFiles/rplidar_scan_publisher.dir/sdk/src/rplidar_driver.cpp.o[0m
[100%] [32m[1mLinking CXX executable rplidar_scan_publisher[0m
[100%] Built target rplidar_scan_publisher
-- Install configuration: ""
-- Installing: /home/rex/Emmanuel_Jr_robot/install/rplidar_ros2/share/rplidar_ros2/launch
-- Installing: /home/rex/Emmanuel_Jr_robot/install/rplidar_ros2/share/rplidar_ros2/launch/view_rplidar_a3_launch.py
-- Installing: /home/rex/Emmanuel_Jr_robot/install/rplidar_ros2/share/rplidar_ros2/launch/rplidar_s1_tcp_launch.py
-- Installing: /home/rex/Emmanuel_Jr_robot/install/rplidar_ros2/share/rplidar_ros2/launch/rplidar_a3_launch.py
-- Installing: /home/rex/Emmanuel_Jr_robot/install/rplidar_ros2/share/rplidar_ros2/launch/rplidar_launch.py
-- Installing: /home/rex/Emmanuel_Jr_robot/install/rplidar_ros2/share/rplidar_ros2/launch/view_rplidar_s1_tcp_launch.py
-- Installing: /home/rex/Emmanuel_Jr_robot/install/rplidar_ros2/share/rplidar_ros2/launch/rplidar_s1_launch.py
-- Installing: /home/rex/Emmanuel_Jr_robot/install/rplidar_ros2/share/rplidar_ros2/launch/view_rplidar_launch.py
-- Installing: /home/rex/Emmanuel_Jr_robot/install/rplidar_ros2/share/rplidar_ros2/launch/view_rplidar_s1_launch.py
-- Installing: /home/rex/Emmanuel_Jr_robot/install/rplidar_ros2/share/rplidar_ros2/rviz
-- Installing: /home/rex/Emmanuel_Jr_robot/install/rplidar_ros2/share/rplidar_ros2/rviz/rplidar_ros2.rviz
-- Installing: /home/rex/Emmanuel_Jr_robot/install/rplidar_ros2/lib/rplidar_ros2/rplidar_scan_publisher
-- Set runtime path of "/home/rex/Emmanuel_Jr_robot/install/rplidar_ros2/lib/rplidar_ros2/rplidar_scan_publisher" to ""
-- Installing: /home/rex/Emmanuel_Jr_robot/install/rplidar_ros2/share/ament_index/resource_index/package_run_dependencies/rplidar_ros2
-- Installing: /home/rex/Emmanuel_Jr_robot/install/rplidar_ros2/share/ament_index/resource_index/parent_prefix_path/rplidar_ros2
-- Installing: /home/rex/Emmanuel_Jr_robot/install/rplidar_ros2/share/rplidar_ros2/environment/ament_prefix_path.sh
-- Installing: /home/rex/Emmanuel_Jr_robot/install/rplidar_ros2/share/rplidar_ros2/environment/ament_prefix_path.dsv
-- Installing: /home/rex/Emmanuel_Jr_robot/install/rplidar_ros2/share/rplidar_ros2/environment/path.sh
-- Installing: /home/rex/Emmanuel_Jr_robot/install/rplidar_ros2/share/rplidar_ros2/environment/path.dsv
-- Installing: /home/rex/Emmanuel_Jr_robot/install/rplidar_ros2/share/rplidar_ros2/local_setup.bash
-- Installing: /home/rex/Emmanuel_Jr_robot/install/rplidar_ros2/share/rplidar_ros2/local_setup.sh
-- Installing: /home/rex/Emmanuel_Jr_robot/install/rplidar_ros2/share/rplidar_ros2/local_setup.zsh
-- Installing: /home/rex/Emmanuel_Jr_robot/install/rplidar_ros2/share/rplidar_ros2/local_setup.dsv
-- Installing: /home/rex/Emmanuel_Jr_robot/install/rplidar_ros2/share/rplidar_ros2/package.dsv
-- Installing: /home/rex/Emmanuel_Jr_robot/install/rplidar_ros2/share/ament_index/resource_index/packages/rplidar_ros2
-- Installing: /home/rex/Emmanuel_Jr_robot/install/rplidar_ros2/share/rplidar_ros2/cmake/ament_cmake_export_dependencies-extras.cmake
-- Installing: /home/rex/Emmanuel_Jr_robot/install/rplidar_ros2/share/rplidar_ros2/cmake/ament_cmake_export_include_directories-extras.cmake
-- Installing: /home/rex/Emmanuel_Jr_robot/install/rplidar_ros2/share/rplidar_ros2/cmake/rplidar_ros2Config.cmake
-- Installing: /home/rex/Emmanuel_Jr_robot/install/rplidar_ros2/share/rplidar_ros2/cmake/rplidar_ros2Config-version.cmake
-- Installing: /home/rex/Emmanuel_Jr_robot/install/rplidar_ros2/share/rplidar_ros2/package.xml
