[0.041s] Invoking command in '/home/snake/Emmanuel_Jr_robot/build/dwb_core': AMENT_PREFIX_PATH=/home/snake/Emmanuel_Jr_robot/install/nav2_core:/home/snake/Emmanuel_Jr_robot/install/nav2_costmap_2d:/home/snake/Emmanuel_Jr_robot/install/nav_2d_utils:/home/snake/Emmanuel_Jr_robot/install/nav2_util:/home/snake/Emmanuel_Jr_robot/install/nav2_voxel_grid:/home/snake/Emmanuel_Jr_robot/install/nav2_msgs:/home/snake/Emmanuel_Jr_robot/install/dwb_msgs:/home/snake/Emmanuel_Jr_robot/install/nav_2d_msgs:/home/snake/Emmanuel_Jr_robot/install/nav2_common:${AMENT_PREFIX_PATH} CMAKE_PREFIX_PATH=/home/snake/Emmanuel_Jr_robot/install/nav2_core:/home/snake/Emmanuel_Jr_robot/install/nav2_costmap_2d:/home/snake/Emmanuel_Jr_robot/install/nav_2d_utils:/home/snake/Emmanuel_Jr_robot/install/nav2_util:/home/snake/Emmanuel_Jr_robot/install/nav2_voxel_grid:/home/snake/Emmanuel_Jr_robot/install/nav2_msgs:/home/snake/Emmanuel_Jr_robot/install/dwb_msgs:/home/snake/Emmanuel_Jr_robot/install/nav_2d_msgs:/home/snake/Emmanuel_Jr_robot/install/nav2_common:/opt/ros/galactic LD_LIBRARY_PATH=/home/snake/Emmanuel_Jr_robot/install/nav2_costmap_2d/lib:/home/snake/Emmanuel_Jr_robot/install/nav_2d_utils/lib:/home/snake/Emmanuel_Jr_robot/install/nav2_util/lib:/home/snake/Emmanuel_Jr_robot/install/nav2_voxel_grid/lib:/home/snake/Emmanuel_Jr_robot/install/nav2_msgs/lib:/home/snake/Emmanuel_Jr_robot/install/dwb_msgs/lib:/home/snake/Emmanuel_Jr_robot/install/nav_2d_msgs/lib:${LD_LIBRARY_PATH} PYTHONPATH=/home/snake/Emmanuel_Jr_robot/install/nav2_msgs/lib/python3.8/site-packages:/home/snake/Emmanuel_Jr_robot/install/dwb_msgs/lib/python3.8/site-packages:/home/snake/Emmanuel_Jr_robot/install/nav_2d_msgs/lib/python3.8/site-packages:/home/snake/Emmanuel_Jr_robot/install/nav2_common/lib/python3.8/site-packages:${PYTHONPATH} /usr/bin/cmake /home/snake/Emmanuel_Jr_robot/src/navigation2/nav2_dwb_controller/dwb_core -DCMAKE_INSTALL_PREFIX=/home/snake/Emmanuel_Jr_robot/install/dwb_core
[0.059s] -- Found ament_cmake: 1.1.5 (/opt/ros/galactic/share/ament_cmake/cmake)
[0.088s] -- Using PYTHON_EXECUTABLE: /usr/bin/python3
[0.155s] -- Override CMake install command with custom implementation using symlinks instead of copying resources
[0.163s] -- Found nav2_common: 1.0.12 (/home/snake/Emmanuel_Jr_robot/install/nav2_common/share/nav2_common/cmake)
[0.163s] -- Found rclcpp: 9.2.1 (/opt/ros/galactic/share/rclcpp/cmake)
[0.199s] -- Using all available rosidl_typesupport_c: rosidl_typesupport_fastrtps_c;rosidl_typesupport_introspection_c
[0.202s] -- Found rosidl_adapter: 2.2.2 (/opt/ros/galactic/share/rosidl_adapter/cmake)
[0.324s] -- Using all available rosidl_typesupport_cpp: rosidl_typesupport_fastrtps_cpp;rosidl_typesupport_introspection_cpp
[0.375s] -- Found rmw_implementation_cmake: 3.3.1 (/opt/ros/galactic/share/rmw_implementation_cmake/cmake)
[0.377s] -- Found rmw_cyclonedds_cpp: 0.22.5 (/opt/ros/galactic/share/rmw_cyclonedds_cpp/cmake)
[0.394s] -- Using RMW implementation 'rmw_cyclonedds_cpp' as default
[0.522s] -- Found geometry_msgs: 2.2.4 (/opt/ros/galactic/share/geometry_msgs/cmake)
[0.555s] -- Found nav_2d_msgs: 1.0.12 (/home/snake/Emmanuel_Jr_robot/install/nav_2d_msgs/share/nav_2d_msgs/cmake)
[0.617s] -- Found dwb_msgs: 1.0.12 (/home/snake/Emmanuel_Jr_robot/install/dwb_msgs/share/dwb_msgs/cmake)
[0.865s] -- Found nav2_costmap_2d: 1.0.12 (/home/snake/Emmanuel_Jr_robot/install/nav2_costmap_2d/share/nav2_costmap_2d/cmake)
[2.232s] -- Found nav_2d_utils: 1.0.12 (/home/snake/Emmanuel_Jr_robot/install/nav_2d_utils/share/nav_2d_utils/cmake)
[2.503s] -- Found nav2_core: 1.0.12 (/home/snake/Emmanuel_Jr_robot/install/nav2_core/share/nav2_core/cmake)
[6.591s] -- Found ament_lint_auto: 0.10.7 (/opt/ros/galactic/share/ament_lint_auto/cmake)
[6.655s] -- Found gtest sources under '/opt/ros/galactic/src/gtest_vendor': C++ tests using 'Google Test' will be built
[6.669s] -- Added test 'cppcheck' to perform static code analysis on C / C++ code
[6.670s] -- Configured cppcheck include dirs: /home/snake/Emmanuel_Jr_robot/src/navigation2/nav2_dwb_controller/dwb_core/include
[6.670s] -- Configured cppcheck exclude dirs and/or files: 
[6.671s] -- Added test 'cpplint' to check C / C++ code against the Google style
[6.671s] -- Configured cpplint exclude dirs and/or files: 
[6.671s] -- Added test 'lint_cmake' to check CMake code style
[6.673s] -- Added test 'uncrustify' to check C / C++ code style
[6.673s] -- Configured uncrustify additional arguments: 
[6.673s] -- Added test 'xmllint' to check XML markup files
[6.683s] -- Configuring done
[6.773s] -- Generating done
[6.776s] -- Build files have been written to: /home/snake/Emmanuel_Jr_robot/build/dwb_core
[6.787s] Invoked command in '/home/snake/Emmanuel_Jr_robot/build/dwb_core' returned '0': AMENT_PREFIX_PATH=/home/snake/Emmanuel_Jr_robot/install/nav2_core:/home/snake/Emmanuel_Jr_robot/install/nav2_costmap_2d:/home/snake/Emmanuel_Jr_robot/install/nav_2d_utils:/home/snake/Emmanuel_Jr_robot/install/nav2_util:/home/snake/Emmanuel_Jr_robot/install/nav2_voxel_grid:/home/snake/Emmanuel_Jr_robot/install/nav2_msgs:/home/snake/Emmanuel_Jr_robot/install/dwb_msgs:/home/snake/Emmanuel_Jr_robot/install/nav_2d_msgs:/home/snake/Emmanuel_Jr_robot/install/nav2_common:${AMENT_PREFIX_PATH} CMAKE_PREFIX_PATH=/home/snake/Emmanuel_Jr_robot/install/nav2_core:/home/snake/Emmanuel_Jr_robot/install/nav2_costmap_2d:/home/snake/Emmanuel_Jr_robot/install/nav_2d_utils:/home/snake/Emmanuel_Jr_robot/install/nav2_util:/home/snake/Emmanuel_Jr_robot/install/nav2_voxel_grid:/home/snake/Emmanuel_Jr_robot/install/nav2_msgs:/home/snake/Emmanuel_Jr_robot/install/dwb_msgs:/home/snake/Emmanuel_Jr_robot/install/nav_2d_msgs:/home/snake/Emmanuel_Jr_robot/install/nav2_common:/opt/ros/galactic LD_LIBRARY_PATH=/home/snake/Emmanuel_Jr_robot/install/nav2_costmap_2d/lib:/home/snake/Emmanuel_Jr_robot/install/nav_2d_utils/lib:/home/snake/Emmanuel_Jr_robot/install/nav2_util/lib:/home/snake/Emmanuel_Jr_robot/install/nav2_voxel_grid/lib:/home/snake/Emmanuel_Jr_robot/install/nav2_msgs/lib:/home/snake/Emmanuel_Jr_robot/install/dwb_msgs/lib:/home/snake/Emmanuel_Jr_robot/install/nav_2d_msgs/lib:${LD_LIBRARY_PATH} PYTHONPATH=/home/snake/Emmanuel_Jr_robot/install/nav2_msgs/lib/python3.8/site-packages:/home/snake/Emmanuel_Jr_robot/install/dwb_msgs/lib/python3.8/site-packages:/home/snake/Emmanuel_Jr_robot/install/nav_2d_msgs/lib/python3.8/site-packages:/home/snake/Emmanuel_Jr_robot/install/nav2_common/lib/python3.8/site-packages:${PYTHONPATH} /usr/bin/cmake /home/snake/Emmanuel_Jr_robot/src/navigation2/nav2_dwb_controller/dwb_core -DCMAKE_INSTALL_PREFIX=/home/snake/Emmanuel_Jr_robot/install/dwb_core
[6.790s] Invoking command in '/home/snake/Emmanuel_Jr_robot/build/dwb_core': AMENT_PREFIX_PATH=/home/snake/Emmanuel_Jr_robot/install/nav2_core:/home/snake/Emmanuel_Jr_robot/install/nav2_costmap_2d:/home/snake/Emmanuel_Jr_robot/install/nav_2d_utils:/home/snake/Emmanuel_Jr_robot/install/nav2_util:/home/snake/Emmanuel_Jr_robot/install/nav2_voxel_grid:/home/snake/Emmanuel_Jr_robot/install/nav2_msgs:/home/snake/Emmanuel_Jr_robot/install/dwb_msgs:/home/snake/Emmanuel_Jr_robot/install/nav_2d_msgs:/home/snake/Emmanuel_Jr_robot/install/nav2_common:${AMENT_PREFIX_PATH} CMAKE_PREFIX_PATH=/home/snake/Emmanuel_Jr_robot/install/nav2_core:/home/snake/Emmanuel_Jr_robot/install/nav2_costmap_2d:/home/snake/Emmanuel_Jr_robot/install/nav_2d_utils:/home/snake/Emmanuel_Jr_robot/install/nav2_util:/home/snake/Emmanuel_Jr_robot/install/nav2_voxel_grid:/home/snake/Emmanuel_Jr_robot/install/nav2_msgs:/home/snake/Emmanuel_Jr_robot/install/dwb_msgs:/home/snake/Emmanuel_Jr_robot/install/nav_2d_msgs:/home/snake/Emmanuel_Jr_robot/install/nav2_common:/opt/ros/galactic LD_LIBRARY_PATH=/home/snake/Emmanuel_Jr_robot/install/nav2_costmap_2d/lib:/home/snake/Emmanuel_Jr_robot/install/nav_2d_utils/lib:/home/snake/Emmanuel_Jr_robot/install/nav2_util/lib:/home/snake/Emmanuel_Jr_robot/install/nav2_voxel_grid/lib:/home/snake/Emmanuel_Jr_robot/install/nav2_msgs/lib:/home/snake/Emmanuel_Jr_robot/install/dwb_msgs/lib:/home/snake/Emmanuel_Jr_robot/install/nav_2d_msgs/lib:${LD_LIBRARY_PATH} PYTHONPATH=/home/snake/Emmanuel_Jr_robot/install/nav2_msgs/lib/python3.8/site-packages:/home/snake/Emmanuel_Jr_robot/install/dwb_msgs/lib/python3.8/site-packages:/home/snake/Emmanuel_Jr_robot/install/nav_2d_msgs/lib/python3.8/site-packages:/home/snake/Emmanuel_Jr_robot/install/nav2_common/lib/python3.8/site-packages:${PYTHONPATH} /usr/bin/cmake --build /home/snake/Emmanuel_Jr_robot/build/dwb_core -- -j2 -l2
[6.880s] [ 45%] Built target dwb_core
[6.910s] [ 63%] Built target gtest
[6.931s] [ 81%] Built target gtest_main
[6.965s] [ 90%] [32mBuilding CXX object test/CMakeFiles/utils_test.dir/utils_test.cpp.o[0m
[11.997s] [100%] [32m[1mLinking CXX executable utils_test[0m
[12.232s] [100%] Built target utils_test
[12.244s] Invoked command in '/home/snake/Emmanuel_Jr_robot/build/dwb_core' returned '0': AMENT_PREFIX_PATH=/home/snake/Emmanuel_Jr_robot/install/nav2_core:/home/snake/Emmanuel_Jr_robot/install/nav2_costmap_2d:/home/snake/Emmanuel_Jr_robot/install/nav_2d_utils:/home/snake/Emmanuel_Jr_robot/install/nav2_util:/home/snake/Emmanuel_Jr_robot/install/nav2_voxel_grid:/home/snake/Emmanuel_Jr_robot/install/nav2_msgs:/home/snake/Emmanuel_Jr_robot/install/dwb_msgs:/home/snake/Emmanuel_Jr_robot/install/nav_2d_msgs:/home/snake/Emmanuel_Jr_robot/install/nav2_common:${AMENT_PREFIX_PATH} CMAKE_PREFIX_PATH=/home/snake/Emmanuel_Jr_robot/install/nav2_core:/home/snake/Emmanuel_Jr_robot/install/nav2_costmap_2d:/home/snake/Emmanuel_Jr_robot/install/nav_2d_utils:/home/snake/Emmanuel_Jr_robot/install/nav2_util:/home/snake/Emmanuel_Jr_robot/install/nav2_voxel_grid:/home/snake/Emmanuel_Jr_robot/install/nav2_msgs:/home/snake/Emmanuel_Jr_robot/install/dwb_msgs:/home/snake/Emmanuel_Jr_robot/install/nav_2d_msgs:/home/snake/Emmanuel_Jr_robot/install/nav2_common:/opt/ros/galactic LD_LIBRARY_PATH=/home/snake/Emmanuel_Jr_robot/install/nav2_costmap_2d/lib:/home/snake/Emmanuel_Jr_robot/install/nav_2d_utils/lib:/home/snake/Emmanuel_Jr_robot/install/nav2_util/lib:/home/snake/Emmanuel_Jr_robot/install/nav2_voxel_grid/lib:/home/snake/Emmanuel_Jr_robot/install/nav2_msgs/lib:/home/snake/Emmanuel_Jr_robot/install/dwb_msgs/lib:/home/snake/Emmanuel_Jr_robot/install/nav_2d_msgs/lib:${LD_LIBRARY_PATH} PYTHONPATH=/home/snake/Emmanuel_Jr_robot/install/nav2_msgs/lib/python3.8/site-packages:/home/snake/Emmanuel_Jr_robot/install/dwb_msgs/lib/python3.8/site-packages:/home/snake/Emmanuel_Jr_robot/install/nav_2d_msgs/lib/python3.8/site-packages:/home/snake/Emmanuel_Jr_robot/install/nav2_common/lib/python3.8/site-packages:${PYTHONPATH} /usr/bin/cmake --build /home/snake/Emmanuel_Jr_robot/build/dwb_core -- -j2 -l2
[12.280s] Invoking command in '/home/snake/Emmanuel_Jr_robot/build/dwb_core': AMENT_PREFIX_PATH=/home/snake/Emmanuel_Jr_robot/install/nav2_core:/home/snake/Emmanuel_Jr_robot/install/nav2_costmap_2d:/home/snake/Emmanuel_Jr_robot/install/nav_2d_utils:/home/snake/Emmanuel_Jr_robot/install/nav2_util:/home/snake/Emmanuel_Jr_robot/install/nav2_voxel_grid:/home/snake/Emmanuel_Jr_robot/install/nav2_msgs:/home/snake/Emmanuel_Jr_robot/install/dwb_msgs:/home/snake/Emmanuel_Jr_robot/install/nav_2d_msgs:/home/snake/Emmanuel_Jr_robot/install/nav2_common:${AMENT_PREFIX_PATH} CMAKE_PREFIX_PATH=/home/snake/Emmanuel_Jr_robot/install/nav2_core:/home/snake/Emmanuel_Jr_robot/install/nav2_costmap_2d:/home/snake/Emmanuel_Jr_robot/install/nav_2d_utils:/home/snake/Emmanuel_Jr_robot/install/nav2_util:/home/snake/Emmanuel_Jr_robot/install/nav2_voxel_grid:/home/snake/Emmanuel_Jr_robot/install/nav2_msgs:/home/snake/Emmanuel_Jr_robot/install/dwb_msgs:/home/snake/Emmanuel_Jr_robot/install/nav_2d_msgs:/home/snake/Emmanuel_Jr_robot/install/nav2_common:/opt/ros/galactic LD_LIBRARY_PATH=/home/snake/Emmanuel_Jr_robot/install/nav2_costmap_2d/lib:/home/snake/Emmanuel_Jr_robot/install/nav_2d_utils/lib:/home/snake/Emmanuel_Jr_robot/install/nav2_util/lib:/home/snake/Emmanuel_Jr_robot/install/nav2_voxel_grid/lib:/home/snake/Emmanuel_Jr_robot/install/nav2_msgs/lib:/home/snake/Emmanuel_Jr_robot/install/dwb_msgs/lib:/home/snake/Emmanuel_Jr_robot/install/nav_2d_msgs/lib:${LD_LIBRARY_PATH} PYTHONPATH=/home/snake/Emmanuel_Jr_robot/install/nav2_msgs/lib/python3.8/site-packages:/home/snake/Emmanuel_Jr_robot/install/dwb_msgs/lib/python3.8/site-packages:/home/snake/Emmanuel_Jr_robot/install/nav_2d_msgs/lib/python3.8/site-packages:/home/snake/Emmanuel_Jr_robot/install/nav2_common/lib/python3.8/site-packages:${PYTHONPATH} /usr/bin/cmake --install /home/snake/Emmanuel_Jr_robot/build/dwb_core
[12.289s] -- Install configuration: "Release"
[12.289s] -- Execute custom install script
[12.290s] -- Up-to-date symlink: /home/snake/Emmanuel_Jr_robot/install/dwb_core/lib/libdwb_core.so
[12.291s] -- Up-to-date symlink: /home/snake/Emmanuel_Jr_robot/install/dwb_core/include//dwb_core/dwb_local_planner.hpp
[12.292s] -- Up-to-date symlink: /home/snake/Emmanuel_Jr_robot/install/dwb_core/include//dwb_core/exceptions.hpp
[12.292s] -- Up-to-date symlink: /home/snake/Emmanuel_Jr_robot/install/dwb_core/include//dwb_core/illegal_trajectory_tracker.hpp
[12.293s] -- Up-to-date symlink: /home/snake/Emmanuel_Jr_robot/install/dwb_core/include//dwb_core/publisher.hpp
[12.294s] -- Up-to-date symlink: /home/snake/Emmanuel_Jr_robot/install/dwb_core/include//dwb_core/trajectory_critic.hpp
[12.294s] -- Up-to-date symlink: /home/snake/Emmanuel_Jr_robot/install/dwb_core/include//dwb_core/trajectory_generator.hpp
[12.295s] -- Up-to-date symlink: /home/snake/Emmanuel_Jr_robot/install/dwb_core/include//dwb_core/trajectory_utils.hpp
[12.296s] -- Up-to-date symlink: /home/snake/Emmanuel_Jr_robot/install/dwb_core/share/dwb_core/environment/library_path.sh
[12.296s] -- Up-to-date symlink: /home/snake/Emmanuel_Jr_robot/install/dwb_core/share/dwb_core/environment/library_path.dsv
[12.297s] -- Up-to-date symlink: /home/snake/Emmanuel_Jr_robot/install/dwb_core/share/dwb_core//local_planner_plugin.xml
[12.298s] -- Up-to-date symlink: /home/snake/Emmanuel_Jr_robot/install/dwb_core/share/ament_index/resource_index/package_run_dependencies/dwb_core
[12.298s] -- Up-to-date symlink: /home/snake/Emmanuel_Jr_robot/install/dwb_core/share/ament_index/resource_index/parent_prefix_path/dwb_core
[12.299s] -- Up-to-date symlink: /home/snake/Emmanuel_Jr_robot/install/dwb_core/share/dwb_core/environment/ament_prefix_path.sh
[12.299s] -- Up-to-date symlink: /home/snake/Emmanuel_Jr_robot/install/dwb_core/share/dwb_core/environment/ament_prefix_path.dsv
[12.300s] -- Up-to-date symlink: /home/snake/Emmanuel_Jr_robot/install/dwb_core/share/dwb_core/environment/path.sh
[12.300s] -- Up-to-date symlink: /home/snake/Emmanuel_Jr_robot/install/dwb_core/share/dwb_core/environment/path.dsv
[12.301s] -- Up-to-date symlink: /home/snake/Emmanuel_Jr_robot/install/dwb_core/share/dwb_core/local_setup.bash
[12.301s] -- Up-to-date symlink: /home/snake/Emmanuel_Jr_robot/install/dwb_core/share/dwb_core/local_setup.sh
[12.302s] -- Up-to-date symlink: /home/snake/Emmanuel_Jr_robot/install/dwb_core/share/dwb_core/local_setup.zsh
[12.302s] -- Up-to-date symlink: /home/snake/Emmanuel_Jr_robot/install/dwb_core/share/dwb_core/local_setup.dsv
[12.304s] -- Symlinking: /home/snake/Emmanuel_Jr_robot/install/dwb_core/share/dwb_core/package.dsv
[12.315s] -- Up-to-date symlink: /home/snake/Emmanuel_Jr_robot/install/dwb_core/share/ament_index/resource_index/packages/dwb_core
[12.316s] -- Up-to-date symlink: /home/snake/Emmanuel_Jr_robot/install/dwb_core/share/ament_index/resource_index/nav2_core__pluginlib__plugin/dwb_core
[12.316s] -- Up-to-date symlink: /home/snake/Emmanuel_Jr_robot/install/dwb_core/share/dwb_core/cmake/ament_cmake_export_include_directories-extras.cmake
[12.317s] -- Up-to-date symlink: /home/snake/Emmanuel_Jr_robot/install/dwb_core/share/dwb_core/cmake/ament_cmake_export_libraries-extras.cmake
[12.318s] -- Up-to-date symlink: /home/snake/Emmanuel_Jr_robot/install/dwb_core/share/dwb_core/cmake/ament_cmake_export_dependencies-extras.cmake
[12.318s] -- Up-to-date symlink: /home/snake/Emmanuel_Jr_robot/install/dwb_core/share/dwb_core/cmake/dwb_coreConfig.cmake
[12.319s] -- Up-to-date symlink: /home/snake/Emmanuel_Jr_robot/install/dwb_core/share/dwb_core/cmake/dwb_coreConfig-version.cmake
[12.319s] -- Up-to-date symlink: /home/snake/Emmanuel_Jr_robot/install/dwb_core/share/dwb_core/package.xml
[12.322s] Invoked command in '/home/snake/Emmanuel_Jr_robot/build/dwb_core' returned '0': AMENT_PREFIX_PATH=/home/snake/Emmanuel_Jr_robot/install/nav2_core:/home/snake/Emmanuel_Jr_robot/install/nav2_costmap_2d:/home/snake/Emmanuel_Jr_robot/install/nav_2d_utils:/home/snake/Emmanuel_Jr_robot/install/nav2_util:/home/snake/Emmanuel_Jr_robot/install/nav2_voxel_grid:/home/snake/Emmanuel_Jr_robot/install/nav2_msgs:/home/snake/Emmanuel_Jr_robot/install/dwb_msgs:/home/snake/Emmanuel_Jr_robot/install/nav_2d_msgs:/home/snake/Emmanuel_Jr_robot/install/nav2_common:${AMENT_PREFIX_PATH} CMAKE_PREFIX_PATH=/home/snake/Emmanuel_Jr_robot/install/nav2_core:/home/snake/Emmanuel_Jr_robot/install/nav2_costmap_2d:/home/snake/Emmanuel_Jr_robot/install/nav_2d_utils:/home/snake/Emmanuel_Jr_robot/install/nav2_util:/home/snake/Emmanuel_Jr_robot/install/nav2_voxel_grid:/home/snake/Emmanuel_Jr_robot/install/nav2_msgs:/home/snake/Emmanuel_Jr_robot/install/dwb_msgs:/home/snake/Emmanuel_Jr_robot/install/nav_2d_msgs:/home/snake/Emmanuel_Jr_robot/install/nav2_common:/opt/ros/galactic LD_LIBRARY_PATH=/home/snake/Emmanuel_Jr_robot/install/nav2_costmap_2d/lib:/home/snake/Emmanuel_Jr_robot/install/nav_2d_utils/lib:/home/snake/Emmanuel_Jr_robot/install/nav2_util/lib:/home/snake/Emmanuel_Jr_robot/install/nav2_voxel_grid/lib:/home/snake/Emmanuel_Jr_robot/install/nav2_msgs/lib:/home/snake/Emmanuel_Jr_robot/install/dwb_msgs/lib:/home/snake/Emmanuel_Jr_robot/install/nav_2d_msgs/lib:${LD_LIBRARY_PATH} PYTHONPATH=/home/snake/Emmanuel_Jr_robot/install/nav2_msgs/lib/python3.8/site-packages:/home/snake/Emmanuel_Jr_robot/install/dwb_msgs/lib/python3.8/site-packages:/home/snake/Emmanuel_Jr_robot/install/nav_2d_msgs/lib/python3.8/site-packages:/home/snake/Emmanuel_Jr_robot/install/nav2_common/lib/python3.8/site-packages:${PYTHONPATH} /usr/bin/cmake --install /home/snake/Emmanuel_Jr_robot/build/dwb_core
