running egg_info
creating ../../build/emmanuel_jr/emmanuel_jr.egg-info
writing ../../build/emmanuel_jr/emmanuel_jr.egg-info/PKG-INFO
writing dependency_links to ../../build/emmanuel_jr/emmanuel_jr.egg-info/dependency_links.txt
writing requirements to ../../build/emmanuel_jr/emmanuel_jr.egg-info/requires.txt
writing top-level names to ../../build/emmanuel_jr/emmanuel_jr.egg-info/top_level.txt
writing manifest file '../../build/emmanuel_jr/emmanuel_jr.egg-info/SOURCES.txt'
reading manifest file '../../build/emmanuel_jr/emmanuel_jr.egg-info/SOURCES.txt'
writing manifest file '../../build/emmanuel_jr/emmanuel_jr.egg-info/SOURCES.txt'
running build
running build_py
creating /home/snake/Emmanuel_Jr/build/emmanuel_jr/build
creating /home/snake/Emmanuel_Jr/build/emmanuel_jr/build/lib
creating /home/snake/Emmanuel_Jr/build/emmanuel_jr/build/lib/emmanuel_jr
copying emmanuel_jr/__init__.py -> /home/snake/Emmanuel_Jr/build/emmanuel_jr/build/lib/emmanuel_jr
running install
running install_lib
creating /home/snake/Emmanuel_Jr/install/emmanuel_jr/lib/python3.8/site-packages/emmanuel_jr
copying /home/snake/Emmanuel_Jr/build/emmanuel_jr/build/lib/emmanuel_jr/__init__.py -> /home/snake/Emmanuel_Jr/install/emmanuel_jr/lib/python3.8/site-packages/emmanuel_jr
byte-compiling /home/snake/Emmanuel_Jr/install/emmanuel_jr/lib/python3.8/site-packages/emmanuel_jr/__init__.py to __init__.cpython-38.pyc
running install_data
creating /home/snake/Emmanuel_Jr/install/emmanuel_jr/share/ament_index
creating /home/snake/Emmanuel_Jr/install/emmanuel_jr/share/ament_index/resource_index
creating /home/snake/Emmanuel_Jr/install/emmanuel_jr/share/ament_index/resource_index/packages
copying resource/emmanuel_jr -> /home/snake/Emmanuel_Jr/install/emmanuel_jr/share/ament_index/resource_index/packages
copying package.xml -> /home/snake/Emmanuel_Jr/install/emmanuel_jr/share/emmanuel_jr
running install_egg_info
Copying ../../build/emmanuel_jr/emmanuel_jr.egg-info to /home/snake/Emmanuel_Jr/install/emmanuel_jr/lib/python3.8/site-packages/emmanuel_jr-0.0.0-py3.8.egg-info
running install_scripts
writing list of installed files to '/home/snake/Emmanuel_Jr/build/emmanuel_jr/install.log'
