[1.707s] Invoking command in '/home/snake/Emmanuel_Jr/src/emmanuel_jr': PYTHONPATH=/home/snake/Emmanuel_Jr/install/emmanuel_jr/lib/python3.8/site-packages:${PYTHONPATH} /usr/bin/python3 setup.py egg_info --egg-base ../../build/emmanuel_jr build --build-base /home/snake/Emmanuel_Jr/build/emmanuel_jr/build install --prefix /home/snake/Emmanuel_Jr/install/emmanuel_jr --record /home/snake/Emmanuel_Jr/build/emmanuel_jr/install.log --single-version-externally-managed
[2.412s] running egg_info
[2.480s] creating ../../build/emmanuel_jr/emmanuel_jr.egg-info
[2.535s] writing ../../build/emmanuel_jr/emmanuel_jr.egg-info/PKG-INFO
[2.579s] writing dependency_links to ../../build/emmanuel_jr/emmanuel_jr.egg-info/dependency_links.txt
[2.789s] writing requirements to ../../build/emmanuel_jr/emmanuel_jr.egg-info/requires.txt
[2.832s] writing top-level names to ../../build/emmanuel_jr/emmanuel_jr.egg-info/top_level.txt
[2.837s] writing manifest file '../../build/emmanuel_jr/emmanuel_jr.egg-info/SOURCES.txt'
[2.898s] reading manifest file '../../build/emmanuel_jr/emmanuel_jr.egg-info/SOURCES.txt'
[2.898s] writing manifest file '../../build/emmanuel_jr/emmanuel_jr.egg-info/SOURCES.txt'
[2.899s] running build
[2.899s] running build_py
[2.899s] creating /home/snake/Emmanuel_Jr/build/emmanuel_jr/build
[2.899s] creating /home/snake/Emmanuel_Jr/build/emmanuel_jr/build/lib
[2.899s] creating /home/snake/Emmanuel_Jr/build/emmanuel_jr/build/lib/emmanuel_jr
[2.899s] copying emmanuel_jr/__init__.py -> /home/snake/Emmanuel_Jr/build/emmanuel_jr/build/lib/emmanuel_jr
[2.899s] running install
[2.900s] /usr/local/lib/python3.8/dist-packages/setuptools/command/install.py:34: SetuptoolsDeprecationWarning: setup.py install is deprecated. Use build and pip and other standards-based tools.
[2.900s]   warnings.warn(
[2.904s] running install_lib
[2.957s] creating /home/snake/Emmanuel_Jr/install/emmanuel_jr/lib/python3.8/site-packages/emmanuel_jr
[2.957s] copying /home/snake/Emmanuel_Jr/build/emmanuel_jr/build/lib/emmanuel_jr/__init__.py -> /home/snake/Emmanuel_Jr/install/emmanuel_jr/lib/python3.8/site-packages/emmanuel_jr
[2.957s] byte-compiling /home/snake/Emmanuel_Jr/install/emmanuel_jr/lib/python3.8/site-packages/emmanuel_jr/__init__.py to __init__.cpython-38.pyc
[2.958s] running install_data
[2.967s] creating /home/snake/Emmanuel_Jr/install/emmanuel_jr/share/ament_index
[2.967s] creating /home/snake/Emmanuel_Jr/install/emmanuel_jr/share/ament_index/resource_index
[2.968s] creating /home/snake/Emmanuel_Jr/install/emmanuel_jr/share/ament_index/resource_index/packages
[2.968s] copying resource/emmanuel_jr -> /home/snake/Emmanuel_Jr/install/emmanuel_jr/share/ament_index/resource_index/packages
[2.968s] copying package.xml -> /home/snake/Emmanuel_Jr/install/emmanuel_jr/share/emmanuel_jr
[2.968s] running install_egg_info
[3.019s] Copying ../../build/emmanuel_jr/emmanuel_jr.egg-info to /home/snake/Emmanuel_Jr/install/emmanuel_jr/lib/python3.8/site-packages/emmanuel_jr-0.0.0-py3.8.egg-info
[3.020s] running install_scripts
[3.119s] writing list of installed files to '/home/snake/Emmanuel_Jr/build/emmanuel_jr/install.log'
[3.145s] Invoked command in '/home/snake/Emmanuel_Jr/src/emmanuel_jr' returned '0': PYTHONPATH=/home/snake/Emmanuel_Jr/install/emmanuel_jr/lib/python3.8/site-packages:${PYTHONPATH} /usr/bin/python3 setup.py egg_info --egg-base ../../build/emmanuel_jr build --build-base /home/snake/Emmanuel_Jr/build/emmanuel_jr/build install --prefix /home/snake/Emmanuel_Jr/install/emmanuel_jr --record /home/snake/Emmanuel_Jr/build/emmanuel_jr/install.log --single-version-externally-managed
