running develop
/usr/local/lib/python3.8/dist-packages/setuptools/command/easy_install.py:144: EasyInstallDeprecationWarning: easy_install command is deprecated. Use build and pip and other standards-based tools.
  warnings.warn(
/usr/local/lib/python3.8/dist-packages/setuptools/command/install.py:34: SetuptoolsDeprecationWarning: setup.py install is deprecated. Use build and pip and other standards-based tools.
  warnings.warn(
/usr/local/lib/python3.8/dist-packages/pkg_resources/__init__.py:123: PkgResourcesDeprecationWarning: 0.23ubuntu1 is an invalid version and will not be supported in a future release
  warnings.warn(
/usr/local/lib/python3.8/dist-packages/pkg_resources/__init__.py:123: PkgResourcesDeprecationWarning: 0.1.36ubuntu1 is an invalid version and will not be supported in a future release
  warnings.warn(
Removing /home/snake/Emmanuel_Jr_robot/install/emmanuelJr/lib/python3.8/site-packages/emmanuelJr.egg-link (link to .)
running egg_info
writing ../../build/emmanuelJr/emmanuelJr.egg-info/PKG-INFO
writing dependency_links to ../../build/emmanuelJr/emmanuelJr.egg-info/dependency_links.txt
writing entry points to ../../build/emmanuelJr/emmanuelJr.egg-info/entry_points.txt
writing requirements to ../../build/emmanuelJr/emmanuelJr.egg-info/requires.txt
writing top-level names to ../../build/emmanuelJr/emmanuelJr.egg-info/top_level.txt
reading manifest file '../../build/emmanuelJr/emmanuelJr.egg-info/SOURCES.txt'
writing manifest file '../../build/emmanuelJr/emmanuelJr.egg-info/SOURCES.txt'
running build
running build_py
creating /home/snake/Emmanuel_Jr_robot/build/emmanuelJr/build
creating /home/snake/Emmanuel_Jr_robot/build/emmanuelJr/build/lib
creating /home/snake/Emmanuel_Jr_robot/build/emmanuelJr/build/lib/emmanuelJr
copying emmanuelJr/encoder.py -> /home/snake/Emmanuel_Jr_robot/build/emmanuelJr/build/lib/emmanuelJr
copying emmanuelJr/motors.py -> /home/snake/Emmanuel_Jr_robot/build/emmanuelJr/build/lib/emmanuelJr
copying emmanuelJr/__init__.py -> /home/snake/Emmanuel_Jr_robot/build/emmanuelJr/build/lib/emmanuelJr
running install
/usr/local/lib/python3.8/dist-packages/setuptools/command/install.py:34: SetuptoolsDeprecationWarning: setup.py install is deprecated. Use build and pip and other standards-based tools.
  warnings.warn(
running install_lib
creating /home/snake/Emmanuel_Jr_robot/install/emmanuelJr/lib/python3.8/site-packages/emmanuelJr
copying /home/snake/Emmanuel_Jr_robot/build/emmanuelJr/build/lib/emmanuelJr/encoder.py -> /home/snake/Emmanuel_Jr_robot/install/emmanuelJr/lib/python3.8/site-packages/emmanuelJr
copying /home/snake/Emmanuel_Jr_robot/build/emmanuelJr/build/lib/emmanuelJr/motors.py -> /home/snake/Emmanuel_Jr_robot/install/emmanuelJr/lib/python3.8/site-packages/emmanuelJr
copying /home/snake/Emmanuel_Jr_robot/build/emmanuelJr/build/lib/emmanuelJr/__init__.py -> /home/snake/Emmanuel_Jr_robot/install/emmanuelJr/lib/python3.8/site-packages/emmanuelJr
byte-compiling /home/snake/Emmanuel_Jr_robot/install/emmanuelJr/lib/python3.8/site-packages/emmanuelJr/encoder.py to encoder.cpython-38.pyc
byte-compiling /home/snake/Emmanuel_Jr_robot/install/emmanuelJr/lib/python3.8/site-packages/emmanuelJr/motors.py to motors.cpython-38.pyc
byte-compiling /home/snake/Emmanuel_Jr_robot/install/emmanuelJr/lib/python3.8/site-packages/emmanuelJr/__init__.py to __init__.cpython-38.pyc
running install_data
copying package.xml -> /home/snake/Emmanuel_Jr_robot/install/emmanuelJr/share/emmanuelJr
running install_egg_info
Copying ../../build/emmanuelJr/emmanuelJr.egg-info to /home/snake/Emmanuel_Jr_robot/install/emmanuelJr/lib/python3.8/site-packages/emmanuelJr-0.0.0-py3.8.egg-info
running install_scripts
Installing motor_node script to /home/snake/Emmanuel_Jr_robot/install/emmanuelJr/lib/emmanuelJr
writing list of installed files to '/home/snake/Emmanuel_Jr_robot/build/emmanuelJr/install.log'
