[3.662s] Invoking command in '/home/snake/Emmanuel_Jr_robot/build/emmanuelJr': PYTHONPATH=/home/snake/Emmanuel_Jr_robot/install/emmanuelJr/lib/python3.8/site-packages:${PYTHONPATH} /usr/bin/python3 setup.py develop --prefix /home/snake/Emmanuel_Jr_robot/install/emmanuelJr --uninstall --editable --build-directory /home/snake/Emmanuel_Jr_robot/build/emmanuelJr/build
[5.046s] running develop
[5.048s] /usr/local/lib/python3.8/dist-packages/setuptools/command/easy_install.py:144: EasyInstallDeprecationWarning: easy_install command is deprecated. Use build and pip and other standards-based tools.
[5.048s]   warnings.warn(
[5.219s] /usr/local/lib/python3.8/dist-packages/setuptools/command/install.py:34: SetuptoolsDeprecationWarning: setup.py install is deprecated. Use build and pip and other standards-based tools.
[5.219s]   warnings.warn(
[5.559s] /usr/local/lib/python3.8/dist-packages/pkg_resources/__init__.py:123: PkgResourcesDeprecationWarning: 0.23ubuntu1 is an invalid version and will not be supported in a future release
[5.559s]   warnings.warn(
[5.559s] /usr/local/lib/python3.8/dist-packages/pkg_resources/__init__.py:123: PkgResourcesDeprecationWarning: 0.1.36ubuntu1 is an invalid version and will not be supported in a future release
[5.559s]   warnings.warn(
[5.695s] Removing /home/snake/Emmanuel_Jr_robot/install/emmanuelJr/lib/python3.8/site-packages/emmanuelJr.egg-link (link to .)
[5.743s] Invoked command in '/home/snake/Emmanuel_Jr_robot/build/emmanuelJr' returned '0': PYTHONPATH=/home/snake/Emmanuel_Jr_robot/install/emmanuelJr/lib/python3.8/site-packages:${PYTHONPATH} /usr/bin/python3 setup.py develop --prefix /home/snake/Emmanuel_Jr_robot/install/emmanuelJr --uninstall --editable --build-directory /home/snake/Emmanuel_Jr_robot/build/emmanuelJr/build
[5.744s] Invoking command in '/home/snake/Emmanuel_Jr_robot/src/emmanuelJr': PYTHONPATH=/home/snake/Emmanuel_Jr_robot/install/emmanuelJr/lib/python3.8/site-packages:${PYTHONPATH} /usr/bin/python3 setup.py egg_info --egg-base ../../build/emmanuelJr build --build-base /home/snake/Emmanuel_Jr_robot/build/emmanuelJr/build install --prefix /home/snake/Emmanuel_Jr_robot/install/emmanuelJr --record /home/snake/Emmanuel_Jr_robot/build/emmanuelJr/install.log --single-version-externally-managed
[7.196s] running egg_info
[7.273s] writing ../../build/emmanuelJr/emmanuelJr.egg-info/PKG-INFO
[7.379s] writing dependency_links to ../../build/emmanuelJr/emmanuelJr.egg-info/dependency_links.txt
[7.598s] writing entry points to ../../build/emmanuelJr/emmanuelJr.egg-info/entry_points.txt
[7.758s] writing requirements to ../../build/emmanuelJr/emmanuelJr.egg-info/requires.txt
[7.881s] writing top-level names to ../../build/emmanuelJr/emmanuelJr.egg-info/top_level.txt
[8.094s] reading manifest file '../../build/emmanuelJr/emmanuelJr.egg-info/SOURCES.txt'
[8.096s] writing manifest file '../../build/emmanuelJr/emmanuelJr.egg-info/SOURCES.txt'
[8.097s] running build
[8.097s] running build_py
[8.097s] creating /home/snake/Emmanuel_Jr_robot/build/emmanuelJr/build
[8.097s] creating /home/snake/Emmanuel_Jr_robot/build/emmanuelJr/build/lib
[8.097s] creating /home/snake/Emmanuel_Jr_robot/build/emmanuelJr/build/lib/emmanuelJr
[8.098s] copying emmanuelJr/encoder.py -> /home/snake/Emmanuel_Jr_robot/build/emmanuelJr/build/lib/emmanuelJr
[8.099s] copying emmanuelJr/motors.py -> /home/snake/Emmanuel_Jr_robot/build/emmanuelJr/build/lib/emmanuelJr
[8.099s] copying emmanuelJr/__init__.py -> /home/snake/Emmanuel_Jr_robot/build/emmanuelJr/build/lib/emmanuelJr
[8.100s] running install
[8.100s] /usr/local/lib/python3.8/dist-packages/setuptools/command/install.py:34: SetuptoolsDeprecationWarning: setup.py install is deprecated. Use build and pip and other standards-based tools.
[8.100s]   warnings.warn(
[8.110s] running install_lib
[8.296s] creating /home/snake/Emmanuel_Jr_robot/install/emmanuelJr/lib/python3.8/site-packages/emmanuelJr
[8.297s] copying /home/snake/Emmanuel_Jr_robot/build/emmanuelJr/build/lib/emmanuelJr/encoder.py -> /home/snake/Emmanuel_Jr_robot/install/emmanuelJr/lib/python3.8/site-packages/emmanuelJr
[8.297s] copying /home/snake/Emmanuel_Jr_robot/build/emmanuelJr/build/lib/emmanuelJr/motors.py -> /home/snake/Emmanuel_Jr_robot/install/emmanuelJr/lib/python3.8/site-packages/emmanuelJr
[8.297s] copying /home/snake/Emmanuel_Jr_robot/build/emmanuelJr/build/lib/emmanuelJr/__init__.py -> /home/snake/Emmanuel_Jr_robot/install/emmanuelJr/lib/python3.8/site-packages/emmanuelJr
[8.298s] byte-compiling /home/snake/Emmanuel_Jr_robot/install/emmanuelJr/lib/python3.8/site-packages/emmanuelJr/encoder.py to encoder.cpython-38.pyc
[8.300s] byte-compiling /home/snake/Emmanuel_Jr_robot/install/emmanuelJr/lib/python3.8/site-packages/emmanuelJr/motors.py to motors.cpython-38.pyc
[8.302s] byte-compiling /home/snake/Emmanuel_Jr_robot/install/emmanuelJr/lib/python3.8/site-packages/emmanuelJr/__init__.py to __init__.cpython-38.pyc
[8.302s] running install_data
[8.339s] copying package.xml -> /home/snake/Emmanuel_Jr_robot/install/emmanuelJr/share/emmanuelJr
[8.342s] running install_egg_info
[8.446s] Copying ../../build/emmanuelJr/emmanuelJr.egg-info to /home/snake/Emmanuel_Jr_robot/install/emmanuelJr/lib/python3.8/site-packages/emmanuelJr-0.0.0-py3.8.egg-info
[8.449s] running install_scripts
[8.672s] Installing motor_node script to /home/snake/Emmanuel_Jr_robot/install/emmanuelJr/lib/emmanuelJr
[8.679s] writing list of installed files to '/home/snake/Emmanuel_Jr_robot/build/emmanuelJr/install.log'
[8.767s] Invoked command in '/home/snake/Emmanuel_Jr_robot/src/emmanuelJr' returned '0': PYTHONPATH=/home/snake/Emmanuel_Jr_robot/install/emmanuelJr/lib/python3.8/site-packages:${PYTHONPATH} /usr/bin/python3 setup.py egg_info --egg-base ../../build/emmanuelJr build --build-base /home/snake/Emmanuel_Jr_robot/build/emmanuelJr/build install --prefix /home/snake/Emmanuel_Jr_robot/install/emmanuelJr --record /home/snake/Emmanuel_Jr_robot/build/emmanuelJr/install.log --single-version-externally-managed
