[2.809s] Invoking command in '/home/ubuntu/Emmanuel_Jr_robot/src/emmanuel': PYTHONPATH=/home/ubuntu/Emmanuel_Jr_robot/install/emmanuel/lib/python3.8/site-packages: /usr/bin/python3 setup.py egg_info --egg-base ../../build/emmanuel build --build-base /home/ubuntu/Emmanuel_Jr_robot/build/emmanuel/build install --prefix /home/ubuntu/Emmanuel_Jr_robot/install/emmanuel --record /home/ubuntu/Emmanuel_Jr_robot/build/emmanuel/install.log --single-version-externally-managed
[3.762s] running egg_info
[3.764s] writing ../../build/emmanuel/emmanuel.egg-info/PKG-INFO
[3.765s] writing dependency_links to ../../build/emmanuel/emmanuel.egg-info/dependency_links.txt
[3.766s] writing entry points to ../../build/emmanuel/emmanuel.egg-info/entry_points.txt
[3.768s] writing requirements to ../../build/emmanuel/emmanuel.egg-info/requires.txt
[3.769s] writing top-level names to ../../build/emmanuel/emmanuel.egg-info/top_level.txt
[3.913s] reading manifest file '../../build/emmanuel/emmanuel.egg-info/SOURCES.txt'
[3.917s] writing manifest file '../../build/emmanuel/emmanuel.egg-info/SOURCES.txt'
[3.918s] running build
[3.919s] running build_py
[3.920s] running install
[3.923s] running install_lib
[3.930s] running install_data
[3.932s] running install_egg_info
[3.939s] removing '/home/ubuntu/Emmanuel_Jr_robot/install/emmanuel/lib/python3.8/site-packages/emmanuel-0.0.0-py3.8.egg-info' (and everything under it)
[3.941s] Copying ../../build/emmanuel/emmanuel.egg-info to /home/ubuntu/Emmanuel_Jr_robot/install/emmanuel/lib/python3.8/site-packages/emmanuel-0.0.0-py3.8.egg-info
[3.947s] running install_scripts
[4.018s] Installing motor_run script to /home/ubuntu/Emmanuel_Jr_robot/install/emmanuel/lib/emmanuel
[4.024s] writing list of installed files to '/home/ubuntu/Emmanuel_Jr_robot/build/emmanuel/install.log'
[4.127s] Invoked command in '/home/ubuntu/Emmanuel_Jr_robot/src/emmanuel' returned '0': PYTHONPATH=/home/ubuntu/Emmanuel_Jr_robot/install/emmanuel/lib/python3.8/site-packages: /usr/bin/python3 setup.py egg_info --egg-base ../../build/emmanuel build --build-base /home/ubuntu/Emmanuel_Jr_robot/build/emmanuel/build install --prefix /home/ubuntu/Emmanuel_Jr_robot/install/emmanuel --record /home/ubuntu/Emmanuel_Jr_robot/build/emmanuel/install.log --single-version-externally-managed
