[0.036s] Invoking command in '/home/snake/Emmanuel_Jr_robot/build/nav2_costmap_2d': AMENT_PREFIX_PATH=/home/snake/Emmanuel_Jr_robot/install/nav2_map_server:/home/snake/Emmanuel_Jr_robot/install/nav2_lifecycle_manager:/home/snake/Emmanuel_Jr_robot/install/nav2_util:/home/snake/Emmanuel_Jr_robot/install/nav2_voxel_grid:/home/snake/Emmanuel_Jr_robot/install/nav2_msgs:/home/snake/Emmanuel_Jr_robot/install/nav2_common:${AMENT_PREFIX_PATH} CMAKE_PREFIX_PATH=/home/snake/Emmanuel_Jr_robot/install/nav2_map_server:/home/snake/Emmanuel_Jr_robot/install/nav2_lifecycle_manager:/home/snake/Emmanuel_Jr_robot/install/nav2_util:/home/snake/Emmanuel_Jr_robot/install/nav2_voxel_grid:/home/snake/Emmanuel_Jr_robot/install/nav2_msgs:/home/snake/Emmanuel_Jr_robot/install/nav2_common:/opt/ros/galactic LD_LIBRARY_PATH=/home/snake/Emmanuel_Jr_robot/install/nav2_map_server/lib:/home/snake/Emmanuel_Jr_robot/install/nav2_lifecycle_manager/lib:/home/snake/Emmanuel_Jr_robot/install/nav2_util/lib:/home/snake/Emmanuel_Jr_robot/install/nav2_voxel_grid/lib:/home/snake/Emmanuel_Jr_robot/install/nav2_msgs/lib:${LD_LIBRARY_PATH} PYTHONPATH=/home/snake/Emmanuel_Jr_robot/install/nav2_msgs/lib/python3.8/site-packages:/home/snake/Emmanuel_Jr_robot/install/nav2_common/lib/python3.8/site-packages:${PYTHONPATH} /usr/bin/cmake /home/snake/Emmanuel_Jr_robot/src/navigation2/nav2_costmap_2d -DAMENT_CMAKE_SYMLINK_INSTALL=1 -DCMAKE_INSTALL_PREFIX=/home/snake/Emmanuel_Jr_robot/install/nav2_costmap_2d
[0.129s] -- The C compiler identification is GNU 9.4.0
[0.201s] -- The CXX compiler identification is GNU 9.4.0
[0.207s] -- Check for working C compiler: /usr/bin/cc
[0.299s] -- Check for working C compiler: /usr/bin/cc -- works
[0.299s] -- Detecting C compiler ABI info
[0.387s] -- Detecting C compiler ABI info - done
[0.394s] -- Detecting C compile features
[0.394s] -- Detecting C compile features - done
[0.397s] -- Check for working CXX compiler: /usr/bin/c++
[0.503s] -- Check for working CXX compiler: /usr/bin/c++ -- works
[0.503s] -- Detecting CXX compiler ABI info
[0.611s] -- Detecting CXX compiler ABI info - done
[0.622s] -- Detecting CXX compile features
[0.623s] -- Detecting CXX compile features - done
[0.627s] -- Found ament_cmake: 1.1.5 (/opt/ros/galactic/share/ament_cmake/cmake)
[0.660s] -- Found PythonInterp: /usr/bin/python3 (found suitable version "3.8.10", minimum required is "3") 
[0.660s] -- Using PYTHON_EXECUTABLE: /usr/bin/python3
[0.739s] -- Override CMake install command with custom implementation using symlinks instead of copying resources
[0.763s] -- Found geometry_msgs: 2.2.4 (/opt/ros/galactic/share/geometry_msgs/cmake)
[0.804s] -- Using all available rosidl_typesupport_c: rosidl_typesupport_fastrtps_c;rosidl_typesupport_introspection_c
[0.813s] -- Found rosidl_adapter: 2.2.2 (/opt/ros/galactic/share/rosidl_adapter/cmake)
[0.906s] -- Found OpenSSL: /usr/lib/x86_64-linux-gnu/libcrypto.so (found version "1.1.1f")  
[0.940s] -- Found FastRTPS: /opt/ros/galactic/include  
[1.047s] -- Using all available rosidl_typesupport_cpp: rosidl_typesupport_fastrtps_cpp;rosidl_typesupport_introspection_cpp
[1.177s] -- Found laser_geometry: 2.2.1 (/opt/ros/galactic/share/laser_geometry/cmake)
[1.194s] -- Found map_msgs: 2.1.0 (/opt/ros/galactic/share/map_msgs/cmake)
[1.670s] -- Found message_filters: 3.2.6 (/opt/ros/galactic/share/message_filters/cmake)
[1.746s] -- Found rmw_implementation_cmake: 3.3.1 (/opt/ros/galactic/share/rmw_implementation_cmake/cmake)
[1.750s] -- Found rmw_cyclonedds_cpp: 0.22.5 (/opt/ros/galactic/share/rmw_cyclonedds_cpp/cmake)
[1.778s] -- Using RMW implementation 'rmw_cyclonedds_cpp' as default
[1.779s] -- Looking for pthread.h
[1.891s] -- Looking for pthread.h - found
[1.895s] -- Performing Test CMAKE_HAVE_LIBC_PTHREAD
[1.991s] -- Performing Test CMAKE_HAVE_LIBC_PTHREAD - Failed
[1.999s] -- Looking for pthread_create in pthreads
[2.075s] -- Looking for pthread_create in pthreads - not found
[2.075s] -- Looking for pthread_create in pthread
[2.167s] -- Looking for pthread_create in pthread - found
[2.168s] -- Found Threads: TRUE  
[2.364s] -- Found nav2_common: 1.0.12 (/home/snake/Emmanuel_Jr_robot/install/nav2_common/share/nav2_common/cmake)
[2.365s] -- Found nav2_msgs: 1.0.12 (/home/snake/Emmanuel_Jr_robot/install/nav2_msgs/share/nav2_msgs/cmake)
[2.790s] -- Found nav2_util: 1.0.12 (/home/snake/Emmanuel_Jr_robot/install/nav2_util/share/nav2_util/cmake)
[3.227s] -- Found Eigen3: TRUE (found version "3.3.7") 
[3.465s] -- Found nav2_voxel_grid: 1.0.12 (/home/snake/Emmanuel_Jr_robot/install/nav2_voxel_grid/share/nav2_voxel_grid/cmake)
[3.486s] -- Found pluginlib: 5.0.0 (/opt/ros/galactic/share/pluginlib/cmake)
[3.524s] -- Found tf2_sensor_msgs: 0.17.3 (/opt/ros/galactic/share/tf2_sensor_msgs/cmake)
[3.549s] -- Found visualization_msgs: 2.2.4 (/opt/ros/galactic/share/visualization_msgs/cmake)
[3.732s] -- Found angles: 1.12.4 (/opt/ros/galactic/share/angles/cmake)
[3.736s] -- Setting build type to Release as none was specified.
[5.570s] -- Found ament_lint_auto: 0.10.7 (/opt/ros/galactic/share/ament_lint_auto/cmake)
[6.857s] -- Found gtest sources under '/opt/ros/galactic/src/gtest_vendor': C++ tests using 'Google Test' will be built
[6.860s] -- Check if compiler accepts -pthread
[6.967s] -- Check if compiler accepts -pthread - yes
[6.979s] -- Found gtest sources under '/opt/ros/galactic/src/gtest_vendor': C++ tests using 'Google Test' will be built
[8.613s] -- Found gtest sources under '/opt/ros/galactic/src/gtest_vendor': C++ tests using 'Google Test' will be built
[8.641s] -- Added test 'cppcheck' to perform static code analysis on C / C++ code
[8.643s] -- Configured cppcheck include dirs: /home/snake/Emmanuel_Jr_robot/src/navigation2/nav2_costmap_2d/include
[8.643s] -- Configured cppcheck exclude dirs and/or files: 
[8.645s] -- Added test 'flake8' to check Python code syntax and style conventions
[8.646s] -- Added test 'lint_cmake' to check CMake code style
[8.648s] -- Added test 'pep257' to check Python code against some of the style conventions in PEP 257
[8.652s] -- Added test 'uncrustify' to check C / C++ code style
[8.652s] -- Configured uncrustify additional arguments: 
[8.654s] -- Added test 'xmllint' to check XML markup files
[8.665s] -- Configuring done
[9.474s] -- Generating done
[9.480s] -- Build files have been written to: /home/snake/Emmanuel_Jr_robot/build/nav2_costmap_2d
[9.506s] Invoked command in '/home/snake/Emmanuel_Jr_robot/build/nav2_costmap_2d' returned '0': AMENT_PREFIX_PATH=/home/snake/Emmanuel_Jr_robot/install/nav2_map_server:/home/snake/Emmanuel_Jr_robot/install/nav2_lifecycle_manager:/home/snake/Emmanuel_Jr_robot/install/nav2_util:/home/snake/Emmanuel_Jr_robot/install/nav2_voxel_grid:/home/snake/Emmanuel_Jr_robot/install/nav2_msgs:/home/snake/Emmanuel_Jr_robot/install/nav2_common:${AMENT_PREFIX_PATH} CMAKE_PREFIX_PATH=/home/snake/Emmanuel_Jr_robot/install/nav2_map_server:/home/snake/Emmanuel_Jr_robot/install/nav2_lifecycle_manager:/home/snake/Emmanuel_Jr_robot/install/nav2_util:/home/snake/Emmanuel_Jr_robot/install/nav2_voxel_grid:/home/snake/Emmanuel_Jr_robot/install/nav2_msgs:/home/snake/Emmanuel_Jr_robot/install/nav2_common:/opt/ros/galactic LD_LIBRARY_PATH=/home/snake/Emmanuel_Jr_robot/install/nav2_map_server/lib:/home/snake/Emmanuel_Jr_robot/install/nav2_lifecycle_manager/lib:/home/snake/Emmanuel_Jr_robot/install/nav2_util/lib:/home/snake/Emmanuel_Jr_robot/install/nav2_voxel_grid/lib:/home/snake/Emmanuel_Jr_robot/install/nav2_msgs/lib:${LD_LIBRARY_PATH} PYTHONPATH=/home/snake/Emmanuel_Jr_robot/install/nav2_msgs/lib/python3.8/site-packages:/home/snake/Emmanuel_Jr_robot/install/nav2_common/lib/python3.8/site-packages:${PYTHONPATH} /usr/bin/cmake /home/snake/Emmanuel_Jr_robot/src/navigation2/nav2_costmap_2d -DAMENT_CMAKE_SYMLINK_INSTALL=1 -DCMAKE_INSTALL_PREFIX=/home/snake/Emmanuel_Jr_robot/install/nav2_costmap_2d
[9.508s] Invoking command in '/home/snake/Emmanuel_Jr_robot/build/nav2_costmap_2d': AMENT_PREFIX_PATH=/home/snake/Emmanuel_Jr_robot/install/nav2_map_server:/home/snake/Emmanuel_Jr_robot/install/nav2_lifecycle_manager:/home/snake/Emmanuel_Jr_robot/install/nav2_util:/home/snake/Emmanuel_Jr_robot/install/nav2_voxel_grid:/home/snake/Emmanuel_Jr_robot/install/nav2_msgs:/home/snake/Emmanuel_Jr_robot/install/nav2_common:${AMENT_PREFIX_PATH} CMAKE_PREFIX_PATH=/home/snake/Emmanuel_Jr_robot/install/nav2_map_server:/home/snake/Emmanuel_Jr_robot/install/nav2_lifecycle_manager:/home/snake/Emmanuel_Jr_robot/install/nav2_util:/home/snake/Emmanuel_Jr_robot/install/nav2_voxel_grid:/home/snake/Emmanuel_Jr_robot/install/nav2_msgs:/home/snake/Emmanuel_Jr_robot/install/nav2_common:/opt/ros/galactic LD_LIBRARY_PATH=/home/snake/Emmanuel_Jr_robot/install/nav2_map_server/lib:/home/snake/Emmanuel_Jr_robot/install/nav2_lifecycle_manager/lib:/home/snake/Emmanuel_Jr_robot/install/nav2_util/lib:/home/snake/Emmanuel_Jr_robot/install/nav2_voxel_grid/lib:/home/snake/Emmanuel_Jr_robot/install/nav2_msgs/lib:${LD_LIBRARY_PATH} PYTHONPATH=/home/snake/Emmanuel_Jr_robot/install/nav2_msgs/lib/python3.8/site-packages:/home/snake/Emmanuel_Jr_robot/install/nav2_common/lib/python3.8/site-packages:${PYTHONPATH} /usr/bin/cmake --build /home/snake/Emmanuel_Jr_robot/build/nav2_costmap_2d -- -j2 -l2
[9.603s] [35m[1mScanning dependencies of target nav2_costmap_2d_core[0m
[9.947s] [  1%] [32mBuilding CXX object CMakeFiles/nav2_costmap_2d_core.dir/src/array_parser.cpp.o[0m
[10.644s] [  3%] [32mBuilding CXX object CMakeFiles/nav2_costmap_2d_core.dir/src/costmap_2d.cpp.o[0m
[12.059s] [  4%] [32mBuilding CXX object CMakeFiles/nav2_costmap_2d_core.dir/src/layer.cpp.o[0m
[16.080s] [  6%] [32mBuilding CXX object CMakeFiles/nav2_costmap_2d_core.dir/src/layered_costmap.cpp.o[0m
[20.366s] [  7%] [32mBuilding CXX object CMakeFiles/nav2_costmap_2d_core.dir/src/costmap_2d_ros.cpp.o[0m
[44.469s] [  9%] [32mBuilding CXX object CMakeFiles/nav2_costmap_2d_core.dir/src/costmap_2d_publisher.cpp.o[0m
[54.464s] [ 10%] [32mBuilding CXX object CMakeFiles/nav2_costmap_2d_core.dir/src/costmap_math.cpp.o[0m
[55.412s] [ 12%] [32mBuilding CXX object CMakeFiles/nav2_costmap_2d_core.dir/src/footprint.cpp.o[0m
[59.756s] [ 14%] [32mBuilding CXX object CMakeFiles/nav2_costmap_2d_core.dir/src/costmap_layer.cpp.o[0m
[63.609s] [ 15%] [32mBuilding CXX object CMakeFiles/nav2_costmap_2d_core.dir/src/observation_buffer.cpp.o[0m
[70.347s] [ 17%] [32mBuilding CXX object CMakeFiles/nav2_costmap_2d_core.dir/src/clear_costmap_service.cpp.o[0m
[78.641s] [ 18%] [32mBuilding CXX object CMakeFiles/nav2_costmap_2d_core.dir/src/footprint_collision_checker.cpp.o[0m
[82.593s] [ 20%] [32mBuilding CXX object CMakeFiles/nav2_costmap_2d_core.dir/plugins/costmap_filters/costmap_filter.cpp.o[0m
[86.854s] [ 21%] [32m[1mLinking CXX shared library libnav2_costmap_2d_core.so[0m
[87.267s] [ 21%] Built target nav2_costmap_2d_core
[87.289s] [35m[1mScanning dependencies of target gtest[0m
[87.311s] [ 23%] [32mBuilding CXX object gtest/CMakeFiles/gtest.dir/src/gtest-all.cc.o[0m
[97.767s] [ 25%] [32m[1mLinking CXX static library libgtest.a[0m
[97.820s] [ 25%] Built target gtest
[97.837s] [35m[1mScanning dependencies of target gtest_main[0m
[97.858s] [ 26%] [32mBuilding CXX object gtest/CMakeFiles/gtest_main.dir/src/gtest_main.cc.o[0m
[99.296s] [ 28%] [32m[1mLinking CXX static library libgtest_main.a[0m
[99.342s] [ 28%] Built target gtest_main
[99.358s] [35m[1mScanning dependencies of target layers[0m
[99.558s] [ 29%] [32mBuilding CXX object CMakeFiles/layers.dir/plugins/inflation_layer.cpp.o[0m
[104.866s] [ 31%] [32mBuilding CXX object CMakeFiles/layers.dir/plugins/static_layer.cpp.o[0m
[122.948s] [ 32%] [32mBuilding CXX object CMakeFiles/layers.dir/plugins/obstacle_layer.cpp.o[0m
[147.918s] [ 34%] [32mBuilding CXX object CMakeFiles/layers.dir/src/observation_buffer.cpp.o[0m
[154.839s] [ 35%] [32mBuilding CXX object CMakeFiles/layers.dir/plugins/voxel_layer.cpp.o[0m
[166.324s] [ 37%] [32mBuilding CXX object CMakeFiles/layers.dir/plugins/range_sensor_layer.cpp.o[0m
[180.340s] [ 39%] [32m[1mLinking CXX shared library liblayers.so[0m
[180.874s] [ 39%] Built target layers
[180.890s] [35m[1mScanning dependencies of target filters[0m
[180.966s] [ 40%] [32mBuilding CXX object CMakeFiles/filters.dir/plugins/costmap_filters/keepout_filter.cpp.o[0m
[202.071s] [ 42%] [32mBuilding CXX object CMakeFiles/filters.dir/plugins/costmap_filters/speed_filter.cpp.o[0m
[222.602s] [ 43%] [32m[1mLinking CXX shared library libfilters.so[0m
[223.027s] [ 43%] Built target filters
[223.045s] [35m[1mScanning dependencies of target nav2_costmap_2d_client[0m
[223.117s] [ 45%] [32mBuilding CXX object CMakeFiles/nav2_costmap_2d_client.dir/src/footprint_subscriber.cpp.o[0m
[236.501s] [ 46%] [32mBuilding CXX object CMakeFiles/nav2_costmap_2d_client.dir/src/costmap_subscriber.cpp.o[0m
[254.560s] [ 48%] [32mBuilding CXX object CMakeFiles/nav2_costmap_2d_client.dir/src/costmap_topic_collision_checker.cpp.o[0m
[259.509s] [ 50%] [32m[1mLinking CXX shared library libnav2_costmap_2d_client.so[0m
[259.922s] [ 50%] Built target nav2_costmap_2d_client
[259.941s] [35m[1mScanning dependencies of target nav2_costmap_2d_markers[0m
[260.015s] [ 51%] [32mBuilding CXX object CMakeFiles/nav2_costmap_2d_markers.dir/src/costmap_2d_markers.cpp.o[0m
[278.091s] [ 53%] [32m[1mLinking CXX executable nav2_costmap_2d_markers[0m
[278.338s] [ 53%] Built target nav2_costmap_2d_markers
[278.356s] [35m[1mScanning dependencies of target nav2_costmap_2d_cloud[0m
[278.452s] [ 54%] [32mBuilding CXX object CMakeFiles/nav2_costmap_2d_cloud.dir/src/costmap_2d_cloud.cpp.o[0m
[294.833s] [ 56%] [32m[1mLinking CXX executable nav2_costmap_2d_cloud[0m
[295.072s] [ 56%] Built target nav2_costmap_2d_cloud
[295.086s] [35m[1mScanning dependencies of target nav2_costmap_2d[0m
[295.163s] [ 57%] [32mBuilding CXX object CMakeFiles/nav2_costmap_2d.dir/src/costmap_2d_node.cpp.o[0m
[300.501s] [ 59%] [32m[1mLinking CXX executable nav2_costmap_2d[0m
[300.829s] [ 59%] Built target nav2_costmap_2d
[300.844s] [35m[1mScanning dependencies of target array_parser_test[0m
[300.870s] [ 60%] [32mBuilding CXX object test/unit/CMakeFiles/array_parser_test.dir/array_parser_test.cpp.o[0m
[303.076s] [ 62%] [32m[1mLinking CXX executable array_parser_test[0m
[303.326s] [ 62%] Built target array_parser_test
[303.343s] [35m[1mScanning dependencies of target costmap_convesion_test[0m
[303.405s] [ 64%] [32mBuilding CXX object test/unit/CMakeFiles/costmap_convesion_test.dir/costmap_conversion_test.cpp.o[0m
[307.989s] [ 65%] [32m[1mLinking CXX executable costmap_convesion_test[0m
[308.280s] [ 65%] Built target costmap_convesion_test
[308.297s] [35m[1mScanning dependencies of target keepout_filter_test[0m
[308.443s] [ 67%] [32mBuilding CXX object test/unit/CMakeFiles/keepout_filter_test.dir/keepout_filter_test.cpp.o[0m
[319.759s] [ 68%] [32m[1mLinking CXX executable keepout_filter_test[0m
[320.144s] [ 68%] Built target keepout_filter_test
[320.160s] [35m[1mScanning dependencies of target speed_filter_test[0m
[320.235s] [ 70%] [32mBuilding CXX object test/unit/CMakeFiles/speed_filter_test.dir/speed_filter_test.cpp.o[0m
[339.347s] [ 71%] [32m[1mLinking CXX executable speed_filter_test[0m
[339.713s] [ 71%] Built target speed_filter_test
[339.728s] [35m[1mScanning dependencies of target collision_footprint_test[0m
[339.800s] [ 73%] [32mBuilding CXX object test/unit/CMakeFiles/collision_footprint_test.dir/footprint_collision_checker_test.cpp.o[0m
[345.594s] [ 75%] [32m[1mLinking CXX executable collision_footprint_test[0m
[345.853s] [ 75%] Built target collision_footprint_test
[345.869s] [35m[1mScanning dependencies of target declare_parameter_test[0m
[345.970s] [ 76%] [32mBuilding CXX object test/unit/CMakeFiles/declare_parameter_test.dir/declare_parameter_test.cpp.o[0m
[351.576s] [ 78%] [32m[1mLinking CXX executable declare_parameter_test[0m
[351.904s] [ 78%] Built target declare_parameter_test
[351.920s] [35m[1mScanning dependencies of target copy_window_test[0m
[351.982s] [ 79%] [32mBuilding CXX object test/unit/CMakeFiles/copy_window_test.dir/copy_window_test.cpp.o[0m
[356.387s] [ 81%] [32m[1mLinking CXX executable copy_window_test[0m
[356.699s] [ 81%] Built target copy_window_test
[356.715s] [35m[1mScanning dependencies of target range_tests_exec[0m
[356.834s] [ 82%] [32mBuilding CXX object test/integration/CMakeFiles/range_tests_exec.dir/range_tests.cpp.o[0m
[366.447s] [ 84%] [32m[1mLinking CXX executable range_tests_exec[0m
[366.885s] [ 84%] Built target range_tests_exec
[366.901s] [35m[1mScanning dependencies of target obstacle_tests_exec[0m
[367.014s] [ 85%] [32mBuilding CXX object test/integration/CMakeFiles/obstacle_tests_exec.dir/obstacle_tests.cpp.o[0m
[376.487s] [ 87%] [32m[1mLinking CXX executable obstacle_tests_exec[0m
[376.944s] [ 87%] Built target obstacle_tests_exec
[376.960s] [35m[1mScanning dependencies of target inflation_tests_exec[0m
[377.070s] [ 89%] [32mBuilding CXX object test/integration/CMakeFiles/inflation_tests_exec.dir/inflation_tests.cpp.o[0m
[387.215s] [ 90%] [32m[1mLinking CXX executable inflation_tests_exec[0m
[387.736s] [ 90%] Built target inflation_tests_exec
[387.753s] [35m[1mScanning dependencies of target test_collision_checker_exec[0m
[387.873s] [ 92%] [32mBuilding CXX object test/integration/CMakeFiles/test_collision_checker_exec.dir/test_costmap_topic_collision_checker.cpp.o[0m
[402.130s] [ 93%] [32m[1mLinking CXX executable test_collision_checker_exec[0m
[402.708s] [ 93%] Built target test_collision_checker_exec
[402.725s] [35m[1mScanning dependencies of target footprint_tests_exec[0m
[402.840s] [ 95%] [32mBuilding CXX object test/integration/CMakeFiles/footprint_tests_exec.dir/footprint_tests.cpp.o[0m
[409.586s] [ 96%] [32m[1mLinking CXX executable footprint_tests_exec[0m
[409.963s] [ 96%] Built target footprint_tests_exec
[409.982s] [35m[1mScanning dependencies of target costmap_bresenham_2d[0m
[410.025s] [ 98%] [32mBuilding CXX object test/regression/CMakeFiles/costmap_bresenham_2d.dir/costmap_bresenham_2d.cpp.o[0m
[412.208s] [100%] [32m[1mLinking CXX executable costmap_bresenham_2d[0m
[412.509s] [100%] Built target costmap_bresenham_2d
[412.533s] Invoked command in '/home/snake/Emmanuel_Jr_robot/build/nav2_costmap_2d' returned '0': AMENT_PREFIX_PATH=/home/snake/Emmanuel_Jr_robot/install/nav2_map_server:/home/snake/Emmanuel_Jr_robot/install/nav2_lifecycle_manager:/home/snake/Emmanuel_Jr_robot/install/nav2_util:/home/snake/Emmanuel_Jr_robot/install/nav2_voxel_grid:/home/snake/Emmanuel_Jr_robot/install/nav2_msgs:/home/snake/Emmanuel_Jr_robot/install/nav2_common:${AMENT_PREFIX_PATH} CMAKE_PREFIX_PATH=/home/snake/Emmanuel_Jr_robot/install/nav2_map_server:/home/snake/Emmanuel_Jr_robot/install/nav2_lifecycle_manager:/home/snake/Emmanuel_Jr_robot/install/nav2_util:/home/snake/Emmanuel_Jr_robot/install/nav2_voxel_grid:/home/snake/Emmanuel_Jr_robot/install/nav2_msgs:/home/snake/Emmanuel_Jr_robot/install/nav2_common:/opt/ros/galactic LD_LIBRARY_PATH=/home/snake/Emmanuel_Jr_robot/install/nav2_map_server/lib:/home/snake/Emmanuel_Jr_robot/install/nav2_lifecycle_manager/lib:/home/snake/Emmanuel_Jr_robot/install/nav2_util/lib:/home/snake/Emmanuel_Jr_robot/install/nav2_voxel_grid/lib:/home/snake/Emmanuel_Jr_robot/install/nav2_msgs/lib:${LD_LIBRARY_PATH} PYTHONPATH=/home/snake/Emmanuel_Jr_robot/install/nav2_msgs/lib/python3.8/site-packages:/home/snake/Emmanuel_Jr_robot/install/nav2_common/lib/python3.8/site-packages:${PYTHONPATH} /usr/bin/cmake --build /home/snake/Emmanuel_Jr_robot/build/nav2_costmap_2d -- -j2 -l2
[412.642s] Invoking command in '/home/snake/Emmanuel_Jr_robot/build/nav2_costmap_2d': AMENT_PREFIX_PATH=/home/snake/Emmanuel_Jr_robot/install/nav2_map_server:/home/snake/Emmanuel_Jr_robot/install/nav2_lifecycle_manager:/home/snake/Emmanuel_Jr_robot/install/nav2_util:/home/snake/Emmanuel_Jr_robot/install/nav2_voxel_grid:/home/snake/Emmanuel_Jr_robot/install/nav2_msgs:/home/snake/Emmanuel_Jr_robot/install/nav2_common:${AMENT_PREFIX_PATH} CMAKE_PREFIX_PATH=/home/snake/Emmanuel_Jr_robot/install/nav2_map_server:/home/snake/Emmanuel_Jr_robot/install/nav2_lifecycle_manager:/home/snake/Emmanuel_Jr_robot/install/nav2_util:/home/snake/Emmanuel_Jr_robot/install/nav2_voxel_grid:/home/snake/Emmanuel_Jr_robot/install/nav2_msgs:/home/snake/Emmanuel_Jr_robot/install/nav2_common:/opt/ros/galactic LD_LIBRARY_PATH=/home/snake/Emmanuel_Jr_robot/install/nav2_map_server/lib:/home/snake/Emmanuel_Jr_robot/install/nav2_lifecycle_manager/lib:/home/snake/Emmanuel_Jr_robot/install/nav2_util/lib:/home/snake/Emmanuel_Jr_robot/install/nav2_voxel_grid/lib:/home/snake/Emmanuel_Jr_robot/install/nav2_msgs/lib:${LD_LIBRARY_PATH} PYTHONPATH=/home/snake/Emmanuel_Jr_robot/install/nav2_msgs/lib/python3.8/site-packages:/home/snake/Emmanuel_Jr_robot/install/nav2_common/lib/python3.8/site-packages:${PYTHONPATH} /usr/bin/cmake --install /home/snake/Emmanuel_Jr_robot/build/nav2_costmap_2d
[412.657s] -- Install configuration: "Release"
[412.658s] -- Execute custom install script
[412.659s] -- Symlinking: /home/snake/Emmanuel_Jr_robot/install/nav2_costmap_2d/lib/libnav2_costmap_2d_core.so
[412.677s] -- Symlinking: /home/snake/Emmanuel_Jr_robot/install/nav2_costmap_2d/lib/liblayers.so
[412.692s] -- Symlinking: /home/snake/Emmanuel_Jr_robot/install/nav2_costmap_2d/lib/libfilters.so
[412.708s] -- Symlinking: /home/snake/Emmanuel_Jr_robot/install/nav2_costmap_2d/lib/libnav2_costmap_2d_client.so
[412.725s] -- Symlinking: /home/snake/Emmanuel_Jr_robot/install/nav2_costmap_2d/lib/nav2_costmap_2d/nav2_costmap_2d
[412.740s] -- Symlinking: /home/snake/Emmanuel_Jr_robot/install/nav2_costmap_2d/lib/nav2_costmap_2d/nav2_costmap_2d_markers
[412.755s] -- Symlinking: /home/snake/Emmanuel_Jr_robot/install/nav2_costmap_2d/lib/nav2_costmap_2d/nav2_costmap_2d_cloud
[412.770s] -- Symlinking: /home/snake/Emmanuel_Jr_robot/install/nav2_costmap_2d/share/nav2_costmap_2d/costmap_plugins.xml
[412.786s] -- Symlinking: /home/snake/Emmanuel_Jr_robot/install/nav2_costmap_2d/include//nav2_costmap_2d/array_parser.hpp
[412.802s] -- Symlinking: /home/snake/Emmanuel_Jr_robot/install/nav2_costmap_2d/include//nav2_costmap_2d/clear_costmap_service.hpp
[412.818s] -- Symlinking: /home/snake/Emmanuel_Jr_robot/install/nav2_costmap_2d/include//nav2_costmap_2d/cost_values.hpp
[412.834s] -- Symlinking: /home/snake/Emmanuel_Jr_robot/install/nav2_costmap_2d/include//nav2_costmap_2d/costmap_2d.hpp
[412.850s] -- Symlinking: /home/snake/Emmanuel_Jr_robot/install/nav2_costmap_2d/include//nav2_costmap_2d/costmap_2d_publisher.hpp
[412.865s] -- Symlinking: /home/snake/Emmanuel_Jr_robot/install/nav2_costmap_2d/include//nav2_costmap_2d/costmap_2d_ros.hpp
[412.880s] -- Symlinking: /home/snake/Emmanuel_Jr_robot/install/nav2_costmap_2d/include//nav2_costmap_2d/costmap_filters/costmap_filter.hpp
[412.894s] -- Symlinking: /home/snake/Emmanuel_Jr_robot/install/nav2_costmap_2d/include//nav2_costmap_2d/costmap_filters/filter_values.hpp
[412.909s] -- Symlinking: /home/snake/Emmanuel_Jr_robot/install/nav2_costmap_2d/include//nav2_costmap_2d/costmap_filters/keepout_filter.hpp
[412.924s] -- Symlinking: /home/snake/Emmanuel_Jr_robot/install/nav2_costmap_2d/include//nav2_costmap_2d/costmap_filters/speed_filter.hpp
[412.938s] -- Symlinking: /home/snake/Emmanuel_Jr_robot/install/nav2_costmap_2d/include//nav2_costmap_2d/costmap_layer.hpp
[412.951s] -- Symlinking: /home/snake/Emmanuel_Jr_robot/install/nav2_costmap_2d/include//nav2_costmap_2d/costmap_math.hpp
[412.965s] -- Symlinking: /home/snake/Emmanuel_Jr_robot/install/nav2_costmap_2d/include//nav2_costmap_2d/costmap_subscriber.hpp
[412.978s] -- Symlinking: /home/snake/Emmanuel_Jr_robot/install/nav2_costmap_2d/include//nav2_costmap_2d/costmap_topic_collision_checker.hpp
[412.990s] -- Symlinking: /home/snake/Emmanuel_Jr_robot/install/nav2_costmap_2d/include//nav2_costmap_2d/exceptions.hpp
[413.004s] -- Symlinking: /home/snake/Emmanuel_Jr_robot/install/nav2_costmap_2d/include//nav2_costmap_2d/footprint.hpp
[413.023s] -- Symlinking: /home/snake/Emmanuel_Jr_robot/install/nav2_costmap_2d/include//nav2_costmap_2d/footprint_collision_checker.hpp
[413.041s] -- Symlinking: /home/snake/Emmanuel_Jr_robot/install/nav2_costmap_2d/include//nav2_costmap_2d/footprint_subscriber.hpp
[413.054s] -- Symlinking: /home/snake/Emmanuel_Jr_robot/install/nav2_costmap_2d/include//nav2_costmap_2d/inflation_layer.hpp
[413.068s] -- Symlinking: /home/snake/Emmanuel_Jr_robot/install/nav2_costmap_2d/include//nav2_costmap_2d/layer.hpp
[413.084s] -- Symlinking: /home/snake/Emmanuel_Jr_robot/install/nav2_costmap_2d/include//nav2_costmap_2d/layered_costmap.hpp
[413.099s] -- Symlinking: /home/snake/Emmanuel_Jr_robot/install/nav2_costmap_2d/include//nav2_costmap_2d/observation.hpp
[413.114s] -- Symlinking: /home/snake/Emmanuel_Jr_robot/install/nav2_costmap_2d/include//nav2_costmap_2d/observation_buffer.hpp
[413.129s] -- Symlinking: /home/snake/Emmanuel_Jr_robot/install/nav2_costmap_2d/include//nav2_costmap_2d/obstacle_layer.hpp
[413.143s] -- Symlinking: /home/snake/Emmanuel_Jr_robot/install/nav2_costmap_2d/include//nav2_costmap_2d/range_sensor_layer.hpp
[413.157s] -- Symlinking: /home/snake/Emmanuel_Jr_robot/install/nav2_costmap_2d/include//nav2_costmap_2d/static_layer.hpp
[413.171s] -- Symlinking: /home/snake/Emmanuel_Jr_robot/install/nav2_costmap_2d/include//nav2_costmap_2d/voxel_layer.hpp
[413.186s] -- Symlinking: /home/snake/Emmanuel_Jr_robot/install/nav2_costmap_2d/share/nav2_costmap_2d/environment/library_path.sh
[413.200s] -- Symlinking: /home/snake/Emmanuel_Jr_robot/install/nav2_costmap_2d/share/nav2_costmap_2d/environment/library_path.dsv
[413.215s] -- Up-to-date symlink: /home/snake/Emmanuel_Jr_robot/install/nav2_costmap_2d/share/nav2_costmap_2d//costmap_plugins.xml
[413.216s] -- Symlinking: /home/snake/Emmanuel_Jr_robot/install/nav2_costmap_2d/share/ament_index/resource_index/package_run_dependencies/nav2_costmap_2d
[413.230s] -- Symlinking: /home/snake/Emmanuel_Jr_robot/install/nav2_costmap_2d/share/ament_index/resource_index/parent_prefix_path/nav2_costmap_2d
[413.243s] -- Symlinking: /home/snake/Emmanuel_Jr_robot/install/nav2_costmap_2d/share/nav2_costmap_2d/environment/ament_prefix_path.sh
[413.256s] -- Symlinking: /home/snake/Emmanuel_Jr_robot/install/nav2_costmap_2d/share/nav2_costmap_2d/environment/ament_prefix_path.dsv
[413.269s] -- Symlinking: /home/snake/Emmanuel_Jr_robot/install/nav2_costmap_2d/share/nav2_costmap_2d/environment/path.sh
[413.282s] -- Symlinking: /home/snake/Emmanuel_Jr_robot/install/nav2_costmap_2d/share/nav2_costmap_2d/environment/path.dsv
[413.294s] -- Symlinking: /home/snake/Emmanuel_Jr_robot/install/nav2_costmap_2d/share/nav2_costmap_2d/local_setup.bash
[413.308s] -- Symlinking: /home/snake/Emmanuel_Jr_robot/install/nav2_costmap_2d/share/nav2_costmap_2d/local_setup.sh
[413.322s] -- Symlinking: /home/snake/Emmanuel_Jr_robot/install/nav2_costmap_2d/share/nav2_costmap_2d/local_setup.zsh
[413.335s] -- Symlinking: /home/snake/Emmanuel_Jr_robot/install/nav2_costmap_2d/share/nav2_costmap_2d/local_setup.dsv
[413.349s] -- Symlinking: /home/snake/Emmanuel_Jr_robot/install/nav2_costmap_2d/share/nav2_costmap_2d/package.dsv
[413.362s] -- Symlinking: /home/snake/Emmanuel_Jr_robot/install/nav2_costmap_2d/share/ament_index/resource_index/packages/nav2_costmap_2d
[413.375s] -- Symlinking: /home/snake/Emmanuel_Jr_robot/install/nav2_costmap_2d/share/ament_index/resource_index/nav2_costmap_2d__pluginlib__plugin/nav2_costmap_2d
[413.387s] -- Symlinking: /home/snake/Emmanuel_Jr_robot/install/nav2_costmap_2d/share/nav2_costmap_2d/cmake/ament_cmake_export_include_directories-extras.cmake
[413.400s] -- Symlinking: /home/snake/Emmanuel_Jr_robot/install/nav2_costmap_2d/share/nav2_costmap_2d/cmake/ament_cmake_export_libraries-extras.cmake
[413.414s] -- Symlinking: /home/snake/Emmanuel_Jr_robot/install/nav2_costmap_2d/share/nav2_costmap_2d/cmake/ament_cmake_export_dependencies-extras.cmake
[413.427s] -- Symlinking: /home/snake/Emmanuel_Jr_robot/install/nav2_costmap_2d/share/nav2_costmap_2d/cmake/nav2_costmap_2dConfig.cmake
[413.440s] -- Symlinking: /home/snake/Emmanuel_Jr_robot/install/nav2_costmap_2d/share/nav2_costmap_2d/cmake/nav2_costmap_2dConfig-version.cmake
[413.453s] -- Symlinking: /home/snake/Emmanuel_Jr_robot/install/nav2_costmap_2d/share/nav2_costmap_2d/package.xml
[413.470s] Invoked command in '/home/snake/Emmanuel_Jr_robot/build/nav2_costmap_2d' returned '0': AMENT_PREFIX_PATH=/home/snake/Emmanuel_Jr_robot/install/nav2_map_server:/home/snake/Emmanuel_Jr_robot/install/nav2_lifecycle_manager:/home/snake/Emmanuel_Jr_robot/install/nav2_util:/home/snake/Emmanuel_Jr_robot/install/nav2_voxel_grid:/home/snake/Emmanuel_Jr_robot/install/nav2_msgs:/home/snake/Emmanuel_Jr_robot/install/nav2_common:${AMENT_PREFIX_PATH} CMAKE_PREFIX_PATH=/home/snake/Emmanuel_Jr_robot/install/nav2_map_server:/home/snake/Emmanuel_Jr_robot/install/nav2_lifecycle_manager:/home/snake/Emmanuel_Jr_robot/install/nav2_util:/home/snake/Emmanuel_Jr_robot/install/nav2_voxel_grid:/home/snake/Emmanuel_Jr_robot/install/nav2_msgs:/home/snake/Emmanuel_Jr_robot/install/nav2_common:/opt/ros/galactic LD_LIBRARY_PATH=/home/snake/Emmanuel_Jr_robot/install/nav2_map_server/lib:/home/snake/Emmanuel_Jr_robot/install/nav2_lifecycle_manager/lib:/home/snake/Emmanuel_Jr_robot/install/nav2_util/lib:/home/snake/Emmanuel_Jr_robot/install/nav2_voxel_grid/lib:/home/snake/Emmanuel_Jr_robot/install/nav2_msgs/lib:${LD_LIBRARY_PATH} PYTHONPATH=/home/snake/Emmanuel_Jr_robot/install/nav2_msgs/lib/python3.8/site-packages:/home/snake/Emmanuel_Jr_robot/install/nav2_common/lib/python3.8/site-packages:${PYTHONPATH} /usr/bin/cmake --install /home/snake/Emmanuel_Jr_robot/build/nav2_costmap_2d
