[0.036s] Invoking command in '/home/snake/Emmanuel_Jr_robot/build/nav_2d_msgs': CMAKE_PREFIX_PATH=/opt/ros/galactic /usr/bin/cmake /home/snake/Emmanuel_Jr_robot/src/navigation2/nav2_dwb_controller/nav_2d_msgs -DAMENT_CMAKE_SYMLINK_INSTALL=1 -DCMAKE_INSTALL_PREFIX=/home/snake/Emmanuel_Jr_robot/install/nav_2d_msgs
[0.317s] -- The C compiler identification is GNU 9.4.0
[0.521s] -- The CXX compiler identification is GNU 9.4.0
[0.534s] -- Check for working C compiler: /usr/bin/cc
[0.627s] -- Check for working C compiler: /usr/bin/cc -- works
[0.631s] -- Detecting C compiler ABI info
[0.730s] -- Detecting C compiler ABI info - done
[0.747s] -- Detecting C compile features
[0.748s] -- Detecting C compile features - done
[0.754s] -- Check for working CXX compiler: /usr/bin/c++
[0.880s] -- Check for working CXX compiler: /usr/bin/c++ -- works
[0.882s] -- Detecting CXX compiler ABI info
[0.987s] -- Detecting CXX compiler ABI info - done
[1.002s] -- Detecting CXX compile features
[1.003s] -- Detecting CXX compile features - done
[1.011s] -- Found geometry_msgs: 2.2.4 (/opt/ros/galactic/share/geometry_msgs/cmake)
[1.046s] -- Found PythonInterp: /usr/bin/python3 (found suitable version "3.8.10", minimum required is "3") 
[1.046s] -- Using PYTHON_EXECUTABLE: /usr/bin/python3
[1.116s] -- Override CMake install command with custom implementation using symlinks instead of copying resources
[1.249s] -- Using all available rosidl_typesupport_c: rosidl_typesupport_fastrtps_c;rosidl_typesupport_introspection_c
[1.266s] -- Found rosidl_adapter: 2.2.2 (/opt/ros/galactic/share/rosidl_adapter/cmake)
[1.397s] -- Found OpenSSL: /usr/lib/x86_64-linux-gnu/libcrypto.so (found version "1.1.1f")  
[1.435s] -- Found FastRTPS: /opt/ros/galactic/include  
[1.592s] -- Using all available rosidl_typesupport_cpp: rosidl_typesupport_fastrtps_cpp;rosidl_typesupport_introspection_cpp
[1.747s] -- Found rosidl_default_generators: 1.1.1 (/opt/ros/galactic/share/rosidl_default_generators/cmake)
[1.796s] -- Found PythonInterp: /usr/bin/python3 (found version "3.8.10") 
[2.081s] -- Found ament_cmake_ros: 0.9.2 (/opt/ros/galactic/share/ament_cmake_ros/cmake)
[2.419s] -- Using all available rosidl_typesupport_c: rosidl_typesupport_fastrtps_c;rosidl_typesupport_introspection_c
[2.577s] -- Using all available rosidl_typesupport_cpp: rosidl_typesupport_fastrtps_cpp;rosidl_typesupport_introspection_cpp
[2.623s] -- Found PythonInterp: /usr/bin/python3 (found suitable version "3.8.10", minimum required is "3.5") 
[2.627s] -- Found python_cmake_module: 0.8.1 (/opt/ros/galactic/share/python_cmake_module/cmake)
[2.682s] -- Found PythonLibs: /usr/lib/x86_64-linux-gnu/libpython3.8.so (found suitable version "3.8.10", minimum required is "3.5") 
[2.682s] -- Using PYTHON_EXECUTABLE: /usr/bin/python3
[2.682s] -- Using PYTHON_INCLUDE_DIRS: /usr/include/python3.8
[2.683s] -- Using PYTHON_LIBRARIES: /usr/lib/x86_64-linux-gnu/libpython3.8.so
[2.747s] -- Found PythonExtra: .so  
[3.275s] -- Configuring done
[3.379s] -- Generating done
[3.383s] -- Build files have been written to: /home/snake/Emmanuel_Jr_robot/build/nav_2d_msgs
[3.396s] Invoked command in '/home/snake/Emmanuel_Jr_robot/build/nav_2d_msgs' returned '0': CMAKE_PREFIX_PATH=/opt/ros/galactic /usr/bin/cmake /home/snake/Emmanuel_Jr_robot/src/navigation2/nav2_dwb_controller/nav_2d_msgs -DAMENT_CMAKE_SYMLINK_INSTALL=1 -DCMAKE_INSTALL_PREFIX=/home/snake/Emmanuel_Jr_robot/install/nav_2d_msgs
[3.397s] Invoking command in '/home/snake/Emmanuel_Jr_robot/build/nav_2d_msgs': CMAKE_PREFIX_PATH=/opt/ros/galactic /usr/bin/cmake --build /home/snake/Emmanuel_Jr_robot/build/nav_2d_msgs -- -j2 -l2
[3.464s] [  1%] [34m[1mGenerating C code for ROS interfaces[0m
[3.468s] [35m[1mScanning dependencies of target nav_2d_msgs__cpp[0m
[3.498s] [  2%] [34m[1mGenerating C++ code for ROS interfaces[0m
[4.555s] [35m[1mScanning dependencies of target nav_2d_msgs__rosidl_generator_c[0m
[4.562s] [  2%] Built target nav_2d_msgs__cpp
[4.587s] [  4%] [34m[1mGenerating C++ type support dispatch for ROS interfaces[0m
[4.634s] [  5%] [32mBuilding C object CMakeFiles/nav_2d_msgs__rosidl_generator_c.dir/rosidl_generator_c/nav_2d_msgs/msg/detail/path2_d__functions.c.o[0m
[4.799s] [  7%] [32mBuilding C object CMakeFiles/nav_2d_msgs__rosidl_generator_c.dir/rosidl_generator_c/nav_2d_msgs/msg/detail/pose2_d32__functions.c.o[0m
[4.939s] [  8%] [32mBuilding C object CMakeFiles/nav_2d_msgs__rosidl_generator_c.dir/rosidl_generator_c/nav_2d_msgs/msg/detail/pose2_d_stamped__functions.c.o[0m
[5.045s] [  9%] [32mBuilding C object CMakeFiles/nav_2d_msgs__rosidl_generator_c.dir/rosidl_generator_c/nav_2d_msgs/msg/detail/twist2_d__functions.c.o[0m
[5.110s] [ 11%] [32mBuilding C object CMakeFiles/nav_2d_msgs__rosidl_generator_c.dir/rosidl_generator_c/nav_2d_msgs/msg/detail/twist2_d32__functions.c.o[0m
[5.143s] [35m[1mScanning dependencies of target nav_2d_msgs__rosidl_typesupport_cpp[0m
[5.189s] [ 12%] [32mBuilding CXX object CMakeFiles/nav_2d_msgs__rosidl_typesupport_cpp.dir/rosidl_typesupport_cpp/nav_2d_msgs/msg/path2_d__type_support.cpp.o[0m
[5.199s] [ 14%] [32mBuilding C object CMakeFiles/nav_2d_msgs__rosidl_generator_c.dir/rosidl_generator_c/nav_2d_msgs/msg/detail/twist2_d_stamped__functions.c.o[0m
[5.286s] [ 15%] [32m[1mLinking C shared library libnav_2d_msgs__rosidl_generator_c.so[0m
[5.344s] [ 15%] Built target nav_2d_msgs__rosidl_generator_c
[5.357s] [ 16%] [34m[1mGenerating C++ introspection for ROS interfaces[0m
[5.808s] [ 18%] [32mBuilding CXX object CMakeFiles/nav_2d_msgs__rosidl_typesupport_cpp.dir/rosidl_typesupport_cpp/nav_2d_msgs/msg/pose2_d32__type_support.cpp.o[0m
[6.108s] [35m[1mScanning dependencies of target nav_2d_msgs__rosidl_typesupport_introspection_cpp[0m
[6.153s] [ 19%] [32mBuilding CXX object CMakeFiles/nav_2d_msgs__rosidl_typesupport_introspection_cpp.dir/rosidl_typesupport_introspection_cpp/nav_2d_msgs/msg/detail/path2_d__type_support.cpp.o[0m
[6.380s] [ 21%] [32mBuilding CXX object CMakeFiles/nav_2d_msgs__rosidl_typesupport_cpp.dir/rosidl_typesupport_cpp/nav_2d_msgs/msg/pose2_d_stamped__type_support.cpp.o[0m
[6.783s] [ 22%] [32mBuilding CXX object CMakeFiles/nav_2d_msgs__rosidl_typesupport_introspection_cpp.dir/rosidl_typesupport_introspection_cpp/nav_2d_msgs/msg/detail/pose2_d32__type_support.cpp.o[0m
[6.910s] [ 23%] [32mBuilding CXX object CMakeFiles/nav_2d_msgs__rosidl_typesupport_cpp.dir/rosidl_typesupport_cpp/nav_2d_msgs/msg/twist2_d__type_support.cpp.o[0m
[7.393s] [ 25%] [32mBuilding CXX object CMakeFiles/nav_2d_msgs__rosidl_typesupport_introspection_cpp.dir/rosidl_typesupport_introspection_cpp/nav_2d_msgs/msg/detail/pose2_d_stamped__type_support.cpp.o[0m
[7.507s] [ 26%] [32mBuilding CXX object CMakeFiles/nav_2d_msgs__rosidl_typesupport_cpp.dir/rosidl_typesupport_cpp/nav_2d_msgs/msg/twist2_d32__type_support.cpp.o[0m
[7.914s] [ 28%] [32mBuilding CXX object CMakeFiles/nav_2d_msgs__rosidl_typesupport_introspection_cpp.dir/rosidl_typesupport_introspection_cpp/nav_2d_msgs/msg/detail/twist2_d__type_support.cpp.o[0m
[8.161s] [ 29%] [32mBuilding CXX object CMakeFiles/nav_2d_msgs__rosidl_typesupport_cpp.dir/rosidl_typesupport_cpp/nav_2d_msgs/msg/twist2_d_stamped__type_support.cpp.o[0m
[8.549s] [ 30%] [32mBuilding CXX object CMakeFiles/nav_2d_msgs__rosidl_typesupport_introspection_cpp.dir/rosidl_typesupport_introspection_cpp/nav_2d_msgs/msg/detail/twist2_d32__type_support.cpp.o[0m
[8.789s] [ 32%] [32m[1mLinking CXX shared library libnav_2d_msgs__rosidl_typesupport_cpp.so[0m
[8.951s] [ 32%] Built target nav_2d_msgs__rosidl_typesupport_cpp
[8.983s] [ 33%] [34m[1mGenerating C++ type support for eProsima Fast-RTPS[0m
[9.345s] [ 35%] [32mBuilding CXX object CMakeFiles/nav_2d_msgs__rosidl_typesupport_introspection_cpp.dir/rosidl_typesupport_introspection_cpp/nav_2d_msgs/msg/detail/twist2_d_stamped__type_support.cpp.o[0m
[10.049s] [ 36%] [32m[1mLinking CXX shared library libnav_2d_msgs__rosidl_typesupport_introspection_cpp.so[0m
[10.201s] [35m[1mScanning dependencies of target nav_2d_msgs__rosidl_typesupport_fastrtps_cpp[0m
[10.277s] [ 38%] [32mBuilding CXX object CMakeFiles/nav_2d_msgs__rosidl_typesupport_fastrtps_cpp.dir/rosidl_typesupport_fastrtps_cpp/nav_2d_msgs/msg/detail/dds_fastrtps/path2_d__type_support.cpp.o[0m
[10.284s] [ 38%] Built target nav_2d_msgs__rosidl_typesupport_introspection_cpp
[10.317s] [ 39%] [32mBuilding CXX object CMakeFiles/nav_2d_msgs__rosidl_typesupport_fastrtps_cpp.dir/rosidl_typesupport_fastrtps_cpp/nav_2d_msgs/msg/detail/dds_fastrtps/pose2_d32__type_support.cpp.o[0m
[11.445s] [ 40%] [32mBuilding CXX object CMakeFiles/nav_2d_msgs__rosidl_typesupport_fastrtps_cpp.dir/rosidl_typesupport_fastrtps_cpp/nav_2d_msgs/msg/detail/dds_fastrtps/pose2_d_stamped__type_support.cpp.o[0m
[11.548s] [ 42%] [32mBuilding CXX object CMakeFiles/nav_2d_msgs__rosidl_typesupport_fastrtps_cpp.dir/rosidl_typesupport_fastrtps_cpp/nav_2d_msgs/msg/detail/dds_fastrtps/twist2_d__type_support.cpp.o[0m
[12.634s] [ 43%] [32mBuilding CXX object CMakeFiles/nav_2d_msgs__rosidl_typesupport_fastrtps_cpp.dir/rosidl_typesupport_fastrtps_cpp/nav_2d_msgs/msg/detail/dds_fastrtps/twist2_d32__type_support.cpp.o[0m
[12.732s] [ 45%] [32mBuilding CXX object CMakeFiles/nav_2d_msgs__rosidl_typesupport_fastrtps_cpp.dir/rosidl_typesupport_fastrtps_cpp/nav_2d_msgs/msg/detail/dds_fastrtps/twist2_d_stamped__type_support.cpp.o[0m
[13.754s] [ 46%] [34m[1mGenerating C type support dispatch for ROS interfaces[0m
[13.849s] [ 47%] [32m[1mLinking CXX shared library libnav_2d_msgs__rosidl_typesupport_fastrtps_cpp.so[0m
[14.114s] [ 47%] Built target nav_2d_msgs__rosidl_typesupport_fastrtps_cpp
[14.166s] [ 49%] [34m[1mGenerating C introspection for ROS interfaces[0m
[14.632s] [35m[1mScanning dependencies of target nav_2d_msgs__rosidl_typesupport_c[0m
[14.697s] [ 50%] [32mBuilding CXX object CMakeFiles/nav_2d_msgs__rosidl_typesupport_c.dir/rosidl_typesupport_c/nav_2d_msgs/msg/path2_d__type_support.cpp.o[0m
[14.828s] [ 52%] [32mBuilding CXX object CMakeFiles/nav_2d_msgs__rosidl_typesupport_c.dir/rosidl_typesupport_c/nav_2d_msgs/msg/pose2_d32__type_support.cpp.o[0m
[14.935s] [ 53%] [32mBuilding CXX object CMakeFiles/nav_2d_msgs__rosidl_typesupport_c.dir/rosidl_typesupport_c/nav_2d_msgs/msg/pose2_d_stamped__type_support.cpp.o[0m
[14.987s] [ 54%] [32mBuilding CXX object CMakeFiles/nav_2d_msgs__rosidl_typesupport_c.dir/rosidl_typesupport_c/nav_2d_msgs/msg/twist2_d__type_support.cpp.o[0m
[15.024s] [ 56%] [32mBuilding CXX object CMakeFiles/nav_2d_msgs__rosidl_typesupport_c.dir/rosidl_typesupport_c/nav_2d_msgs/msg/twist2_d32__type_support.cpp.o[0m
[15.066s] [ 57%] [32mBuilding CXX object CMakeFiles/nav_2d_msgs__rosidl_typesupport_c.dir/rosidl_typesupport_c/nav_2d_msgs/msg/twist2_d_stamped__type_support.cpp.o[0m
[15.108s] [ 59%] [32m[1mLinking CXX shared library libnav_2d_msgs__rosidl_typesupport_c.so[0m
[15.226s] [ 59%] Built target nav_2d_msgs__rosidl_typesupport_c
[15.271s] [ 60%] [34m[1mGenerating C type support for eProsima Fast-RTPS[0m
[15.325s] [35m[1mScanning dependencies of target nav_2d_msgs__rosidl_typesupport_introspection_c[0m
[15.403s] [ 61%] [32mBuilding C object CMakeFiles/nav_2d_msgs__rosidl_typesupport_introspection_c.dir/rosidl_typesupport_introspection_c/nav_2d_msgs/msg/detail/path2_d__type_support.c.o[0m
[15.550s] [ 63%] [32mBuilding C object CMakeFiles/nav_2d_msgs__rosidl_typesupport_introspection_c.dir/rosidl_typesupport_introspection_c/nav_2d_msgs/msg/detail/pose2_d32__type_support.c.o[0m
[15.684s] [ 64%] [32mBuilding C object CMakeFiles/nav_2d_msgs__rosidl_typesupport_introspection_c.dir/rosidl_typesupport_introspection_c/nav_2d_msgs/msg/detail/pose2_d_stamped__type_support.c.o[0m
[15.747s] [ 66%] [32mBuilding C object CMakeFiles/nav_2d_msgs__rosidl_typesupport_introspection_c.dir/rosidl_typesupport_introspection_c/nav_2d_msgs/msg/detail/twist2_d__type_support.c.o[0m
[15.785s] [ 67%] [32mBuilding C object CMakeFiles/nav_2d_msgs__rosidl_typesupport_introspection_c.dir/rosidl_typesupport_introspection_c/nav_2d_msgs/msg/detail/twist2_d32__type_support.c.o[0m
[15.824s] [ 69%] [32mBuilding C object CMakeFiles/nav_2d_msgs__rosidl_typesupport_introspection_c.dir/rosidl_typesupport_introspection_c/nav_2d_msgs/msg/detail/twist2_d_stamped__type_support.c.o[0m
[15.866s] [ 70%] [32m[1mLinking C shared library libnav_2d_msgs__rosidl_typesupport_introspection_c.so[0m
[15.909s] [ 70%] Built target nav_2d_msgs__rosidl_typesupport_introspection_c
[16.220s] [35m[1mScanning dependencies of target nav_2d_msgs__rosidl_typesupport_fastrtps_c[0m
[16.294s] [ 71%] [32mBuilding CXX object CMakeFiles/nav_2d_msgs__rosidl_typesupport_fastrtps_c.dir/rosidl_typesupport_fastrtps_c/nav_2d_msgs/msg/detail/path2_d__type_support_c.cpp.o[0m
[16.300s] [ 73%] [32mBuilding CXX object CMakeFiles/nav_2d_msgs__rosidl_typesupport_fastrtps_c.dir/rosidl_typesupport_fastrtps_c/nav_2d_msgs/msg/detail/pose2_d32__type_support_c.cpp.o[0m
[17.228s] [ 74%] [32mBuilding CXX object CMakeFiles/nav_2d_msgs__rosidl_typesupport_fastrtps_c.dir/rosidl_typesupport_fastrtps_c/nav_2d_msgs/msg/detail/pose2_d_stamped__type_support_c.cpp.o[0m
[17.276s] [ 76%] [32mBuilding CXX object CMakeFiles/nav_2d_msgs__rosidl_typesupport_fastrtps_c.dir/rosidl_typesupport_fastrtps_c/nav_2d_msgs/msg/detail/twist2_d__type_support_c.cpp.o[0m
[18.086s] [ 77%] [32mBuilding CXX object CMakeFiles/nav_2d_msgs__rosidl_typesupport_fastrtps_c.dir/rosidl_typesupport_fastrtps_c/nav_2d_msgs/msg/detail/twist2_d32__type_support_c.cpp.o[0m
[18.158s] [ 78%] [32mBuilding CXX object CMakeFiles/nav_2d_msgs__rosidl_typesupport_fastrtps_c.dir/rosidl_typesupport_fastrtps_c/nav_2d_msgs/msg/detail/twist2_d_stamped__type_support_c.cpp.o[0m
[18.936s] [ 80%] [32m[1mLinking CXX shared library libnav_2d_msgs__rosidl_typesupport_fastrtps_c.so[0m
[19.083s] [ 80%] Built target nav_2d_msgs__rosidl_typesupport_fastrtps_c
[19.097s] [35m[1mScanning dependencies of target nav_2d_msgs[0m
[19.111s] [ 80%] Built target nav_2d_msgs
[19.125s] [35m[1mScanning dependencies of target nav_2d_msgs__py[0m
[19.141s] [ 81%] [34m[1mGenerating Python code for ROS interfaces[0m
[21.029s] [ 81%] Built target nav_2d_msgs__py
[21.068s] [35m[1mScanning dependencies of target nav_2d_msgs__python[0m
[21.173s] [ 83%] [32mBuilding C object CMakeFiles/nav_2d_msgs__python.dir/rosidl_generator_py/nav_2d_msgs/msg/_path2_d_s.c.o[0m
[21.179s] [ 84%] [32mBuilding C object CMakeFiles/nav_2d_msgs__python.dir/rosidl_generator_py/nav_2d_msgs/msg/_pose2_d32_s.c.o[0m
[21.441s] [ 85%] [32mBuilding C object CMakeFiles/nav_2d_msgs__python.dir/rosidl_generator_py/nav_2d_msgs/msg/_pose2_d_stamped_s.c.o[0m
[21.452s] [ 87%] [32mBuilding C object CMakeFiles/nav_2d_msgs__python.dir/rosidl_generator_py/nav_2d_msgs/msg/_twist2_d_s.c.o[0m
[21.673s] [ 88%] [32mBuilding C object CMakeFiles/nav_2d_msgs__python.dir/rosidl_generator_py/nav_2d_msgs/msg/_twist2_d32_s.c.o[0m
[21.722s] [ 90%] [32mBuilding C object CMakeFiles/nav_2d_msgs__python.dir/rosidl_generator_py/nav_2d_msgs/msg/_twist2_d_stamped_s.c.o[0m
[21.915s] [ 91%] [32m[1mLinking C shared library rosidl_generator_py/nav_2d_msgs/libnav_2d_msgs__python.so[0m
[22.046s] [ 91%] Built target nav_2d_msgs__python
[22.062s] [35m[1mScanning dependencies of target nav_2d_msgs__rosidl_typesupport_introspection_c__pyext[0m
[22.086s] [35m[1mScanning dependencies of target nav_2d_msgs__rosidl_typesupport_fastrtps_c__pyext[0m
[22.135s] [ 92%] [32mBuilding C object CMakeFiles/nav_2d_msgs__rosidl_typesupport_introspection_c__pyext.dir/rosidl_generator_py/nav_2d_msgs/_nav_2d_msgs_s.ep.rosidl_typesupport_introspection_c.c.o[0m
[22.136s] [ 94%] [32mBuilding C object CMakeFiles/nav_2d_msgs__rosidl_typesupport_fastrtps_c__pyext.dir/rosidl_generator_py/nav_2d_msgs/_nav_2d_msgs_s.ep.rosidl_typesupport_fastrtps_c.c.o[0m
[22.377s] [ 95%] [32m[1mLinking C shared library rosidl_generator_py/nav_2d_msgs/nav_2d_msgs_s__rosidl_typesupport_introspection_c.cpython-38-x86_64-linux-gnu.so[0m
[22.390s] [ 97%] [32m[1mLinking CXX shared library rosidl_generator_py/nav_2d_msgs/nav_2d_msgs_s__rosidl_typesupport_fastrtps_c.cpython-38-x86_64-linux-gnu.so[0m
[22.524s] [ 97%] Built target nav_2d_msgs__rosidl_typesupport_introspection_c__pyext
[22.538s] [ 97%] Built target nav_2d_msgs__rosidl_typesupport_fastrtps_c__pyext
[22.550s] [35m[1mScanning dependencies of target nav_2d_msgs__rosidl_typesupport_c__pyext[0m
[22.578s] [ 98%] [32mBuilding C object CMakeFiles/nav_2d_msgs__rosidl_typesupport_c__pyext.dir/rosidl_generator_py/nav_2d_msgs/_nav_2d_msgs_s.ep.rosidl_typesupport_c.c.o[0m
[22.695s] [100%] [32m[1mLinking C shared library rosidl_generator_py/nav_2d_msgs/nav_2d_msgs_s__rosidl_typesupport_c.cpython-38-x86_64-linux-gnu.so[0m
[22.773s] [100%] Built target nav_2d_msgs__rosidl_typesupport_c__pyext
[22.801s] Invoked command in '/home/snake/Emmanuel_Jr_robot/build/nav_2d_msgs' returned '0': CMAKE_PREFIX_PATH=/opt/ros/galactic /usr/bin/cmake --build /home/snake/Emmanuel_Jr_robot/build/nav_2d_msgs -- -j2 -l2
[23.244s] Invoking command in '/home/snake/Emmanuel_Jr_robot/build/nav_2d_msgs': CMAKE_PREFIX_PATH=/opt/ros/galactic /usr/bin/cmake --install /home/snake/Emmanuel_Jr_robot/build/nav_2d_msgs
[23.260s] -- Install configuration: ""
[23.263s] -- Execute custom install script
[23.265s] -- Symlinking: /home/snake/Emmanuel_Jr_robot/install/nav_2d_msgs/share/ament_index/resource_index/rosidl_interfaces/nav_2d_msgs
[23.297s] -- Symlinking: /home/snake/Emmanuel_Jr_robot/install/nav_2d_msgs/include/nav_2d_msgs/msg/detail/path2_d__functions.h
[23.310s] -- Symlinking: /home/snake/Emmanuel_Jr_robot/install/nav_2d_msgs/include/nav_2d_msgs/msg/detail/path2_d__struct.h
[23.337s] -- Symlinking: /home/snake/Emmanuel_Jr_robot/install/nav_2d_msgs/include/nav_2d_msgs/msg/detail/path2_d__type_support.h
[23.361s] -- Symlinking: /home/snake/Emmanuel_Jr_robot/install/nav_2d_msgs/include/nav_2d_msgs/msg/detail/pose2_d32__functions.h
[23.388s] -- Symlinking: /home/snake/Emmanuel_Jr_robot/install/nav_2d_msgs/include/nav_2d_msgs/msg/detail/pose2_d32__struct.h
[23.421s] -- Symlinking: /home/snake/Emmanuel_Jr_robot/install/nav_2d_msgs/include/nav_2d_msgs/msg/detail/pose2_d32__type_support.h
[23.457s] -- Symlinking: /home/snake/Emmanuel_Jr_robot/install/nav_2d_msgs/include/nav_2d_msgs/msg/detail/pose2_d_stamped__functions.h
[23.487s] -- Symlinking: /home/snake/Emmanuel_Jr_robot/install/nav_2d_msgs/include/nav_2d_msgs/msg/detail/pose2_d_stamped__struct.h
[23.499s] -- Symlinking: /home/snake/Emmanuel_Jr_robot/install/nav_2d_msgs/include/nav_2d_msgs/msg/detail/pose2_d_stamped__type_support.h
[23.514s] -- Symlinking: /home/snake/Emmanuel_Jr_robot/install/nav_2d_msgs/include/nav_2d_msgs/msg/detail/twist2_d32__functions.h
[23.527s] -- Symlinking: /home/snake/Emmanuel_Jr_robot/install/nav_2d_msgs/include/nav_2d_msgs/msg/detail/twist2_d32__struct.h
[23.541s] -- Symlinking: /home/snake/Emmanuel_Jr_robot/install/nav_2d_msgs/include/nav_2d_msgs/msg/detail/twist2_d32__type_support.h
[23.553s] -- Symlinking: /home/snake/Emmanuel_Jr_robot/install/nav_2d_msgs/include/nav_2d_msgs/msg/detail/twist2_d__functions.h
[23.565s] -- Symlinking: /home/snake/Emmanuel_Jr_robot/install/nav_2d_msgs/include/nav_2d_msgs/msg/detail/twist2_d__struct.h
[23.578s] -- Symlinking: /home/snake/Emmanuel_Jr_robot/install/nav_2d_msgs/include/nav_2d_msgs/msg/detail/twist2_d__type_support.h
[23.594s] -- Symlinking: /home/snake/Emmanuel_Jr_robot/install/nav_2d_msgs/include/nav_2d_msgs/msg/detail/twist2_d_stamped__functions.h
[23.613s] -- Symlinking: /home/snake/Emmanuel_Jr_robot/install/nav_2d_msgs/include/nav_2d_msgs/msg/detail/twist2_d_stamped__struct.h
[23.634s] -- Symlinking: /home/snake/Emmanuel_Jr_robot/install/nav_2d_msgs/include/nav_2d_msgs/msg/detail/twist2_d_stamped__type_support.h
[23.664s] -- Symlinking: /home/snake/Emmanuel_Jr_robot/install/nav_2d_msgs/include/nav_2d_msgs/msg/path2_d.h
[23.694s] -- Symlinking: /home/snake/Emmanuel_Jr_robot/install/nav_2d_msgs/include/nav_2d_msgs/msg/pose2_d32.h
[23.722s] -- Symlinking: /home/snake/Emmanuel_Jr_robot/install/nav_2d_msgs/include/nav_2d_msgs/msg/pose2_d_stamped.h
[23.748s] -- Symlinking: /home/snake/Emmanuel_Jr_robot/install/nav_2d_msgs/include/nav_2d_msgs/msg/rosidl_generator_c__visibility_control.h
[23.760s] -- Symlinking: /home/snake/Emmanuel_Jr_robot/install/nav_2d_msgs/include/nav_2d_msgs/msg/twist2_d.h
[23.775s] -- Symlinking: /home/snake/Emmanuel_Jr_robot/install/nav_2d_msgs/include/nav_2d_msgs/msg/twist2_d32.h
[23.788s] -- Symlinking: /home/snake/Emmanuel_Jr_robot/install/nav_2d_msgs/include/nav_2d_msgs/msg/twist2_d_stamped.h
[23.810s] -- Symlinking: /home/snake/Emmanuel_Jr_robot/install/nav_2d_msgs/share/nav_2d_msgs/environment/library_path.sh
[23.830s] -- Symlinking: /home/snake/Emmanuel_Jr_robot/install/nav_2d_msgs/share/nav_2d_msgs/environment/library_path.dsv
[23.856s] -- Symlinking: /home/snake/Emmanuel_Jr_robot/install/nav_2d_msgs/include/nav_2d_msgs/msg/detail/path2_d__rosidl_typesupport_fastrtps_c.h
[23.880s] -- Symlinking: /home/snake/Emmanuel_Jr_robot/install/nav_2d_msgs/include/nav_2d_msgs/msg/detail/pose2_d32__rosidl_typesupport_fastrtps_c.h
[23.934s] -- Symlinking: /home/snake/Emmanuel_Jr_robot/install/nav_2d_msgs/include/nav_2d_msgs/msg/detail/pose2_d_stamped__rosidl_typesupport_fastrtps_c.h
[23.967s] -- Symlinking: /home/snake/Emmanuel_Jr_robot/install/nav_2d_msgs/include/nav_2d_msgs/msg/detail/twist2_d32__rosidl_typesupport_fastrtps_c.h
[23.989s] -- Symlinking: /home/snake/Emmanuel_Jr_robot/install/nav_2d_msgs/include/nav_2d_msgs/msg/detail/twist2_d__rosidl_typesupport_fastrtps_c.h
[24.023s] -- Symlinking: /home/snake/Emmanuel_Jr_robot/install/nav_2d_msgs/include/nav_2d_msgs/msg/detail/twist2_d_stamped__rosidl_typesupport_fastrtps_c.h
[24.050s] -- Symlinking: /home/snake/Emmanuel_Jr_robot/install/nav_2d_msgs/include/nav_2d_msgs/msg/rosidl_typesupport_fastrtps_c__visibility_control.h
[24.072s] -- Symlinking: /home/snake/Emmanuel_Jr_robot/install/nav_2d_msgs/lib/libnav_2d_msgs__rosidl_typesupport_fastrtps_c.so
[24.101s] -- Symlinking: /home/snake/Emmanuel_Jr_robot/install/nav_2d_msgs/include/nav_2d_msgs/msg/detail/path2_d__rosidl_typesupport_fastrtps_cpp.hpp
[24.131s] -- Symlinking: /home/snake/Emmanuel_Jr_robot/install/nav_2d_msgs/include/nav_2d_msgs/msg/detail/pose2_d32__rosidl_typesupport_fastrtps_cpp.hpp
[24.159s] -- Symlinking: /home/snake/Emmanuel_Jr_robot/install/nav_2d_msgs/include/nav_2d_msgs/msg/detail/pose2_d_stamped__rosidl_typesupport_fastrtps_cpp.hpp
[24.179s] -- Symlinking: /home/snake/Emmanuel_Jr_robot/install/nav_2d_msgs/include/nav_2d_msgs/msg/detail/twist2_d32__rosidl_typesupport_fastrtps_cpp.hpp
[24.191s] -- Symlinking: /home/snake/Emmanuel_Jr_robot/install/nav_2d_msgs/include/nav_2d_msgs/msg/detail/twist2_d__rosidl_typesupport_fastrtps_cpp.hpp
[24.202s] -- Symlinking: /home/snake/Emmanuel_Jr_robot/install/nav_2d_msgs/include/nav_2d_msgs/msg/detail/twist2_d_stamped__rosidl_typesupport_fastrtps_cpp.hpp
[24.214s] -- Symlinking: /home/snake/Emmanuel_Jr_robot/install/nav_2d_msgs/include/nav_2d_msgs/msg/rosidl_typesupport_fastrtps_cpp__visibility_control.h
[24.229s] -- Symlinking: /home/snake/Emmanuel_Jr_robot/install/nav_2d_msgs/lib/libnav_2d_msgs__rosidl_typesupport_fastrtps_cpp.so
[24.266s] -- Symlinking: /home/snake/Emmanuel_Jr_robot/install/nav_2d_msgs/include/nav_2d_msgs/msg/detail/path2_d__rosidl_typesupport_introspection_c.h
[24.289s] -- Symlinking: /home/snake/Emmanuel_Jr_robot/install/nav_2d_msgs/include/nav_2d_msgs/msg/detail/pose2_d32__rosidl_typesupport_introspection_c.h
[24.306s] -- Symlinking: /home/snake/Emmanuel_Jr_robot/install/nav_2d_msgs/include/nav_2d_msgs/msg/detail/pose2_d_stamped__rosidl_typesupport_introspection_c.h
[24.328s] -- Symlinking: /home/snake/Emmanuel_Jr_robot/install/nav_2d_msgs/include/nav_2d_msgs/msg/detail/twist2_d32__rosidl_typesupport_introspection_c.h
[24.345s] -- Symlinking: /home/snake/Emmanuel_Jr_robot/install/nav_2d_msgs/include/nav_2d_msgs/msg/detail/twist2_d__rosidl_typesupport_introspection_c.h
[24.381s] -- Symlinking: /home/snake/Emmanuel_Jr_robot/install/nav_2d_msgs/include/nav_2d_msgs/msg/detail/twist2_d_stamped__rosidl_typesupport_introspection_c.h
[24.412s] -- Symlinking: /home/snake/Emmanuel_Jr_robot/install/nav_2d_msgs/include/nav_2d_msgs/msg/rosidl_typesupport_introspection_c__visibility_control.h
[24.444s] -- Symlinking: /home/snake/Emmanuel_Jr_robot/install/nav_2d_msgs/include/nav_2d_msgs/msg/detail/path2_d__builder.hpp
[24.482s] -- Symlinking: /home/snake/Emmanuel_Jr_robot/install/nav_2d_msgs/include/nav_2d_msgs/msg/detail/path2_d__struct.hpp
[24.500s] -- Symlinking: /home/snake/Emmanuel_Jr_robot/install/nav_2d_msgs/include/nav_2d_msgs/msg/detail/path2_d__traits.hpp
[24.511s] -- Symlinking: /home/snake/Emmanuel_Jr_robot/install/nav_2d_msgs/include/nav_2d_msgs/msg/detail/pose2_d32__builder.hpp
[24.524s] -- Symlinking: /home/snake/Emmanuel_Jr_robot/install/nav_2d_msgs/include/nav_2d_msgs/msg/detail/pose2_d32__struct.hpp
[24.536s] -- Symlinking: /home/snake/Emmanuel_Jr_robot/install/nav_2d_msgs/include/nav_2d_msgs/msg/detail/pose2_d32__traits.hpp
[24.548s] -- Symlinking: /home/snake/Emmanuel_Jr_robot/install/nav_2d_msgs/include/nav_2d_msgs/msg/detail/pose2_d_stamped__builder.hpp
[24.560s] -- Symlinking: /home/snake/Emmanuel_Jr_robot/install/nav_2d_msgs/include/nav_2d_msgs/msg/detail/pose2_d_stamped__struct.hpp
[24.574s] -- Symlinking: /home/snake/Emmanuel_Jr_robot/install/nav_2d_msgs/include/nav_2d_msgs/msg/detail/pose2_d_stamped__traits.hpp
[24.586s] -- Symlinking: /home/snake/Emmanuel_Jr_robot/install/nav_2d_msgs/include/nav_2d_msgs/msg/detail/twist2_d32__builder.hpp
[24.598s] -- Symlinking: /home/snake/Emmanuel_Jr_robot/install/nav_2d_msgs/include/nav_2d_msgs/msg/detail/twist2_d32__struct.hpp
[24.610s] -- Symlinking: /home/snake/Emmanuel_Jr_robot/install/nav_2d_msgs/include/nav_2d_msgs/msg/detail/twist2_d32__traits.hpp
[24.623s] -- Symlinking: /home/snake/Emmanuel_Jr_robot/install/nav_2d_msgs/include/nav_2d_msgs/msg/detail/twist2_d__builder.hpp
[24.635s] -- Symlinking: /home/snake/Emmanuel_Jr_robot/install/nav_2d_msgs/include/nav_2d_msgs/msg/detail/twist2_d__struct.hpp
[24.647s] -- Symlinking: /home/snake/Emmanuel_Jr_robot/install/nav_2d_msgs/include/nav_2d_msgs/msg/detail/twist2_d__traits.hpp
[24.660s] -- Symlinking: /home/snake/Emmanuel_Jr_robot/install/nav_2d_msgs/include/nav_2d_msgs/msg/detail/twist2_d_stamped__builder.hpp
[24.674s] -- Symlinking: /home/snake/Emmanuel_Jr_robot/install/nav_2d_msgs/include/nav_2d_msgs/msg/detail/twist2_d_stamped__struct.hpp
[24.686s] -- Symlinking: /home/snake/Emmanuel_Jr_robot/install/nav_2d_msgs/include/nav_2d_msgs/msg/detail/twist2_d_stamped__traits.hpp
[24.697s] -- Symlinking: /home/snake/Emmanuel_Jr_robot/install/nav_2d_msgs/include/nav_2d_msgs/msg/path2_d.hpp
[24.709s] -- Symlinking: /home/snake/Emmanuel_Jr_robot/install/nav_2d_msgs/include/nav_2d_msgs/msg/pose2_d32.hpp
[24.721s] -- Symlinking: /home/snake/Emmanuel_Jr_robot/install/nav_2d_msgs/include/nav_2d_msgs/msg/pose2_d_stamped.hpp
[24.733s] -- Symlinking: /home/snake/Emmanuel_Jr_robot/install/nav_2d_msgs/include/nav_2d_msgs/msg/twist2_d.hpp
[24.746s] -- Symlinking: /home/snake/Emmanuel_Jr_robot/install/nav_2d_msgs/include/nav_2d_msgs/msg/twist2_d32.hpp
[24.758s] -- Symlinking: /home/snake/Emmanuel_Jr_robot/install/nav_2d_msgs/include/nav_2d_msgs/msg/twist2_d_stamped.hpp
[24.772s] -- Symlinking: /home/snake/Emmanuel_Jr_robot/install/nav_2d_msgs/include/nav_2d_msgs/msg/detail/path2_d__rosidl_typesupport_introspection_cpp.hpp
[24.785s] -- Symlinking: /home/snake/Emmanuel_Jr_robot/install/nav_2d_msgs/include/nav_2d_msgs/msg/detail/pose2_d32__rosidl_typesupport_introspection_cpp.hpp
[24.813s] -- Symlinking: /home/snake/Emmanuel_Jr_robot/install/nav_2d_msgs/include/nav_2d_msgs/msg/detail/pose2_d_stamped__rosidl_typesupport_introspection_cpp.hpp
[24.844s] -- Symlinking: /home/snake/Emmanuel_Jr_robot/install/nav_2d_msgs/include/nav_2d_msgs/msg/detail/twist2_d32__rosidl_typesupport_introspection_cpp.hpp
[24.872s] -- Symlinking: /home/snake/Emmanuel_Jr_robot/install/nav_2d_msgs/include/nav_2d_msgs/msg/detail/twist2_d__rosidl_typesupport_introspection_cpp.hpp
[24.900s] -- Symlinking: /home/snake/Emmanuel_Jr_robot/install/nav_2d_msgs/include/nav_2d_msgs/msg/detail/twist2_d_stamped__rosidl_typesupport_introspection_cpp.hpp
[24.923s] -- Symlinking: /home/snake/Emmanuel_Jr_robot/install/nav_2d_msgs/share/nav_2d_msgs/environment/pythonpath.sh
[24.950s] -- Symlinking: /home/snake/Emmanuel_Jr_robot/install/nav_2d_msgs/share/nav_2d_msgs/environment/pythonpath.dsv
[24.971s] -- Symlinking: /home/snake/Emmanuel_Jr_robot/install/nav_2d_msgs/lib/python3.8/site-packages/nav_2d_msgs/__init__.py
[25.001s] -- Symlinking: /home/snake/Emmanuel_Jr_robot/install/nav_2d_msgs/lib/python3.8/site-packages/nav_2d_msgs/msg/__init__.py
[25.025s] -- Symlinking: /home/snake/Emmanuel_Jr_robot/install/nav_2d_msgs/lib/python3.8/site-packages/nav_2d_msgs/msg/_path2_d.py
[25.039s] -- Symlinking: /home/snake/Emmanuel_Jr_robot/install/nav_2d_msgs/lib/python3.8/site-packages/nav_2d_msgs/msg/_pose2_d32.py
[25.065s] -- Symlinking: /home/snake/Emmanuel_Jr_robot/install/nav_2d_msgs/lib/python3.8/site-packages/nav_2d_msgs/msg/_pose2_d_stamped.py
[25.092s] -- Symlinking: /home/snake/Emmanuel_Jr_robot/install/nav_2d_msgs/lib/python3.8/site-packages/nav_2d_msgs/msg/_twist2_d.py
[25.112s] -- Symlinking: /home/snake/Emmanuel_Jr_robot/install/nav_2d_msgs/lib/python3.8/site-packages/nav_2d_msgs/msg/_twist2_d32.py
[25.141s] -- Symlinking: /home/snake/Emmanuel_Jr_robot/install/nav_2d_msgs/lib/python3.8/site-packages/nav_2d_msgs/msg/_twist2_d_stamped.py
[25.165s] -- Symlinking: /home/snake/Emmanuel_Jr_robot/install/nav_2d_msgs/lib/python3.8/site-packages/nav_2d_msgs/nav_2d_msgs_s__rosidl_typesupport_fastrtps_c.cpython-38-x86_64-linux-gnu.so
[25.194s] -- Symlinking: /home/snake/Emmanuel_Jr_robot/install/nav_2d_msgs/lib/python3.8/site-packages/nav_2d_msgs/nav_2d_msgs_s__rosidl_typesupport_introspection_c.cpython-38-x86_64-linux-gnu.so
[25.222s] -- Symlinking: /home/snake/Emmanuel_Jr_robot/install/nav_2d_msgs/lib/python3.8/site-packages/nav_2d_msgs/nav_2d_msgs_s__rosidl_typesupport_c.cpython-38-x86_64-linux-gnu.so
[25.252s] -- Symlinking: /home/snake/Emmanuel_Jr_robot/install/nav_2d_msgs/lib/libnav_2d_msgs__python.so
[25.273s] -- Symlinking: /home/snake/Emmanuel_Jr_robot/install/nav_2d_msgs/share/nav_2d_msgs/msg/Path2D.idl
[25.314s] -- Symlinking: /home/snake/Emmanuel_Jr_robot/install/nav_2d_msgs/share/nav_2d_msgs/msg/Pose2D32.idl
[25.341s] -- Symlinking: /home/snake/Emmanuel_Jr_robot/install/nav_2d_msgs/share/nav_2d_msgs/msg/Pose2DStamped.idl
[25.374s] -- Symlinking: /home/snake/Emmanuel_Jr_robot/install/nav_2d_msgs/share/nav_2d_msgs/msg/Twist2D.idl
[25.400s] -- Symlinking: /home/snake/Emmanuel_Jr_robot/install/nav_2d_msgs/share/nav_2d_msgs/msg/Twist2D32.idl
[25.428s] -- Symlinking: /home/snake/Emmanuel_Jr_robot/install/nav_2d_msgs/share/nav_2d_msgs/msg/Twist2DStamped.idl
[25.462s] -- Symlinking: /home/snake/Emmanuel_Jr_robot/install/nav_2d_msgs/share/nav_2d_msgs/msg/Path2D.msg
[25.491s] -- Symlinking: /home/snake/Emmanuel_Jr_robot/install/nav_2d_msgs/share/nav_2d_msgs/msg/Pose2D32.msg
[25.516s] -- Symlinking: /home/snake/Emmanuel_Jr_robot/install/nav_2d_msgs/share/nav_2d_msgs/msg/Pose2DStamped.msg
[25.536s] -- Symlinking: /home/snake/Emmanuel_Jr_robot/install/nav_2d_msgs/share/nav_2d_msgs/msg/Twist2D.msg
[25.561s] -- Symlinking: /home/snake/Emmanuel_Jr_robot/install/nav_2d_msgs/share/nav_2d_msgs/msg/Twist2D32.msg
[25.583s] -- Symlinking: /home/snake/Emmanuel_Jr_robot/install/nav_2d_msgs/share/nav_2d_msgs/msg/Twist2DStamped.msg
[25.597s] -- Symlinking: /home/snake/Emmanuel_Jr_robot/install/nav_2d_msgs/share/ament_index/resource_index/package_run_dependencies/nav_2d_msgs
[25.626s] -- Symlinking: /home/snake/Emmanuel_Jr_robot/install/nav_2d_msgs/share/ament_index/resource_index/parent_prefix_path/nav_2d_msgs
[25.657s] -- Symlinking: /home/snake/Emmanuel_Jr_robot/install/nav_2d_msgs/share/nav_2d_msgs/environment/ament_prefix_path.sh
[25.689s] -- Symlinking: /home/snake/Emmanuel_Jr_robot/install/nav_2d_msgs/share/nav_2d_msgs/environment/ament_prefix_path.dsv
[25.722s] -- Symlinking: /home/snake/Emmanuel_Jr_robot/install/nav_2d_msgs/share/nav_2d_msgs/environment/path.sh
[25.750s] -- Symlinking: /home/snake/Emmanuel_Jr_robot/install/nav_2d_msgs/share/nav_2d_msgs/environment/path.dsv
[25.762s] -- Symlinking: /home/snake/Emmanuel_Jr_robot/install/nav_2d_msgs/share/nav_2d_msgs/local_setup.bash
[25.776s] -- Symlinking: /home/snake/Emmanuel_Jr_robot/install/nav_2d_msgs/share/nav_2d_msgs/local_setup.sh
[25.788s] -- Symlinking: /home/snake/Emmanuel_Jr_robot/install/nav_2d_msgs/share/nav_2d_msgs/local_setup.zsh
[25.800s] -- Symlinking: /home/snake/Emmanuel_Jr_robot/install/nav_2d_msgs/share/nav_2d_msgs/local_setup.dsv
[25.811s] -- Symlinking: /home/snake/Emmanuel_Jr_robot/install/nav_2d_msgs/share/nav_2d_msgs/package.dsv
[25.824s] -- Symlinking: /home/snake/Emmanuel_Jr_robot/install/nav_2d_msgs/share/ament_index/resource_index/packages/nav_2d_msgs
[25.836s] -- Symlinking: /home/snake/Emmanuel_Jr_robot/install/nav_2d_msgs/share/nav_2d_msgs/cmake/rosidl_cmake-extras.cmake
[25.850s] -- Symlinking: /home/snake/Emmanuel_Jr_robot/install/nav_2d_msgs/share/nav_2d_msgs/cmake/ament_cmake_export_dependencies-extras.cmake
[25.862s] -- Symlinking: /home/snake/Emmanuel_Jr_robot/install/nav_2d_msgs/share/nav_2d_msgs/cmake/ament_cmake_export_libraries-extras.cmake
[25.876s] -- Symlinking: /home/snake/Emmanuel_Jr_robot/install/nav_2d_msgs/share/nav_2d_msgs/cmake/ament_cmake_export_targets-extras.cmake
[25.888s] -- Symlinking: /home/snake/Emmanuel_Jr_robot/install/nav_2d_msgs/share/nav_2d_msgs/cmake/ament_cmake_export_include_directories-extras.cmake
[25.899s] -- Symlinking: /home/snake/Emmanuel_Jr_robot/install/nav_2d_msgs/share/nav_2d_msgs/cmake/rosidl_cmake_export_typesupport_libraries-extras.cmake
[25.911s] -- Symlinking: /home/snake/Emmanuel_Jr_robot/install/nav_2d_msgs/share/nav_2d_msgs/cmake/rosidl_cmake_export_typesupport_targets-extras.cmake
[25.923s] -- Symlinking: /home/snake/Emmanuel_Jr_robot/install/nav_2d_msgs/share/nav_2d_msgs/cmake/nav_2d_msgsConfig.cmake
[25.936s] -- Symlinking: /home/snake/Emmanuel_Jr_robot/install/nav_2d_msgs/share/nav_2d_msgs/cmake/nav_2d_msgsConfig-version.cmake
[25.949s] -- Symlinking: /home/snake/Emmanuel_Jr_robot/install/nav_2d_msgs/share/nav_2d_msgs/package.xml
[25.961s] -- Installing: /home/snake/Emmanuel_Jr_robot/install/nav_2d_msgs/lib/libnav_2d_msgs__rosidl_generator_c.so
[25.962s] -- Set runtime path of "/home/snake/Emmanuel_Jr_robot/install/nav_2d_msgs/lib/libnav_2d_msgs__rosidl_generator_c.so" to ""
[25.963s] -- Installing: /home/snake/Emmanuel_Jr_robot/install/nav_2d_msgs/lib/libnav_2d_msgs__rosidl_typesupport_introspection_c.so
[25.964s] -- Set runtime path of "/home/snake/Emmanuel_Jr_robot/install/nav_2d_msgs/lib/libnav_2d_msgs__rosidl_typesupport_introspection_c.so" to ""
[25.964s] -- Installing: /home/snake/Emmanuel_Jr_robot/install/nav_2d_msgs/lib/libnav_2d_msgs__rosidl_typesupport_c.so
[25.965s] -- Set runtime path of "/home/snake/Emmanuel_Jr_robot/install/nav_2d_msgs/lib/libnav_2d_msgs__rosidl_typesupport_c.so" to ""
[25.966s] -- Installing: /home/snake/Emmanuel_Jr_robot/install/nav_2d_msgs/lib/libnav_2d_msgs__rosidl_typesupport_introspection_cpp.so
[25.967s] -- Set runtime path of "/home/snake/Emmanuel_Jr_robot/install/nav_2d_msgs/lib/libnav_2d_msgs__rosidl_typesupport_introspection_cpp.so" to ""
[25.967s] -- Installing: /home/snake/Emmanuel_Jr_robot/install/nav_2d_msgs/lib/libnav_2d_msgs__rosidl_typesupport_cpp.so
[25.968s] -- Set runtime path of "/home/snake/Emmanuel_Jr_robot/install/nav_2d_msgs/lib/libnav_2d_msgs__rosidl_typesupport_cpp.so" to ""
[26.050s] Compiling '/home/snake/Emmanuel_Jr_robot/install/nav_2d_msgs/lib/python3.8/site-packages/nav_2d_msgs/__init__.py'...
[26.055s] -- Installing: /home/snake/Emmanuel_Jr_robot/install/nav_2d_msgs/share/nav_2d_msgs/cmake/nav_2d_msgs__rosidl_generator_cExport.cmake
[26.055s] -- Installing: /home/snake/Emmanuel_Jr_robot/install/nav_2d_msgs/share/nav_2d_msgs/cmake/nav_2d_msgs__rosidl_generator_cExport-noconfig.cmake
[26.055s] -- Installing: /home/snake/Emmanuel_Jr_robot/install/nav_2d_msgs/share/nav_2d_msgs/cmake/nav_2d_msgs__rosidl_typesupport_introspection_cExport.cmake
[26.056s] -- Installing: /home/snake/Emmanuel_Jr_robot/install/nav_2d_msgs/share/nav_2d_msgs/cmake/nav_2d_msgs__rosidl_typesupport_introspection_cExport-noconfig.cmake
[26.057s] -- Installing: /home/snake/Emmanuel_Jr_robot/install/nav_2d_msgs/share/nav_2d_msgs/cmake/nav_2d_msgs__rosidl_typesupport_cExport.cmake
[26.057s] -- Installing: /home/snake/Emmanuel_Jr_robot/install/nav_2d_msgs/share/nav_2d_msgs/cmake/nav_2d_msgs__rosidl_typesupport_cExport-noconfig.cmake
[26.057s] -- Installing: /home/snake/Emmanuel_Jr_robot/install/nav_2d_msgs/share/nav_2d_msgs/cmake/nav_2d_msgs__rosidl_generator_cppExport.cmake
[26.058s] -- Installing: /home/snake/Emmanuel_Jr_robot/install/nav_2d_msgs/share/nav_2d_msgs/cmake/nav_2d_msgs__rosidl_typesupport_introspection_cppExport.cmake
[26.058s] -- Installing: /home/snake/Emmanuel_Jr_robot/install/nav_2d_msgs/share/nav_2d_msgs/cmake/nav_2d_msgs__rosidl_typesupport_introspection_cppExport-noconfig.cmake
[26.058s] -- Installing: /home/snake/Emmanuel_Jr_robot/install/nav_2d_msgs/share/nav_2d_msgs/cmake/nav_2d_msgs__rosidl_typesupport_cppExport.cmake
[26.058s] -- Installing: /home/snake/Emmanuel_Jr_robot/install/nav_2d_msgs/share/nav_2d_msgs/cmake/nav_2d_msgs__rosidl_typesupport_cppExport-noconfig.cmake
[26.061s] Invoked command in '/home/snake/Emmanuel_Jr_robot/build/nav_2d_msgs' returned '0': CMAKE_PREFIX_PATH=/opt/ros/galactic /usr/bin/cmake --install /home/snake/Emmanuel_Jr_robot/build/nav_2d_msgs
