[0.051s] Invoking command in '/home/snake/Emmanuel_Jr_robot/build/dwb_plugins': AMENT_PREFIX_PATH=/home/snake/Emmanuel_Jr_robot/install/dwb_core:/home/snake/Emmanuel_Jr_robot/install/nav2_core:/home/snake/Emmanuel_Jr_robot/install/nav2_costmap_2d:/home/snake/Emmanuel_Jr_robot/install/nav_2d_utils:/home/snake/Emmanuel_Jr_robot/install/nav2_util:/home/snake/Emmanuel_Jr_robot/install/nav2_voxel_grid:/home/snake/Emmanuel_Jr_robot/install/nav2_msgs:/home/snake/Emmanuel_Jr_robot/install/dwb_msgs:/home/snake/Emmanuel_Jr_robot/install/nav_2d_msgs:/home/snake/Emmanuel_Jr_robot/install/nav2_common:${AMENT_PREFIX_PATH} CMAKE_PREFIX_PATH=/home/snake/Emmanuel_Jr_robot/install/dwb_core:/home/snake/Emmanuel_Jr_robot/install/nav2_core:/home/snake/Emmanuel_Jr_robot/install/nav2_costmap_2d:/home/snake/Emmanuel_Jr_robot/install/nav_2d_utils:/home/snake/Emmanuel_Jr_robot/install/nav2_util:/home/snake/Emmanuel_Jr_robot/install/nav2_voxel_grid:/home/snake/Emmanuel_Jr_robot/install/nav2_msgs:/home/snake/Emmanuel_Jr_robot/install/dwb_msgs:/home/snake/Emmanuel_Jr_robot/install/nav_2d_msgs:/home/snake/Emmanuel_Jr_robot/install/nav2_common:/opt/ros/galactic LD_LIBRARY_PATH=/home/snake/Emmanuel_Jr_robot/install/dwb_core/lib:/home/snake/Emmanuel_Jr_robot/install/nav2_costmap_2d/lib:/home/snake/Emmanuel_Jr_robot/install/nav_2d_utils/lib:/home/snake/Emmanuel_Jr_robot/install/nav2_util/lib:/home/snake/Emmanuel_Jr_robot/install/nav2_voxel_grid/lib:/home/snake/Emmanuel_Jr_robot/install/nav2_msgs/lib:/home/snake/Emmanuel_Jr_robot/install/dwb_msgs/lib:/home/snake/Emmanuel_Jr_robot/install/nav_2d_msgs/lib:${LD_LIBRARY_PATH} PYTHONPATH=/home/snake/Emmanuel_Jr_robot/install/nav2_msgs/lib/python3.8/site-packages:/home/snake/Emmanuel_Jr_robot/install/dwb_msgs/lib/python3.8/site-packages:/home/snake/Emmanuel_Jr_robot/install/nav_2d_msgs/lib/python3.8/site-packages:/home/snake/Emmanuel_Jr_robot/install/nav2_common/lib/python3.8/site-packages:${PYTHONPATH} /usr/bin/cmake /home/snake/Emmanuel_Jr_robot/src/navigation2/nav2_dwb_controller/dwb_plugins -DAMENT_CMAKE_SYMLINK_INSTALL=1 -DCMAKE_INSTALL_PREFIX=/home/snake/Emmanuel_Jr_robot/install/dwb_plugins
[0.124s] -- The C compiler identification is GNU 9.4.0
[0.193s] -- The CXX compiler identification is GNU 9.4.0
[0.215s] -- Check for working C compiler: /usr/bin/cc
[0.311s] -- Check for working C compiler: /usr/bin/cc -- works
[0.311s] -- Detecting C compiler ABI info
[0.395s] -- Detecting C compiler ABI info - done
[0.405s] -- Detecting C compile features
[0.406s] -- Detecting C compile features - done
[0.409s] -- Check for working CXX compiler: /usr/bin/c++
[0.511s] -- Check for working CXX compiler: /usr/bin/c++ -- works
[0.511s] -- Detecting CXX compiler ABI info
[0.614s] -- Detecting CXX compiler ABI info - done
[0.633s] -- Detecting CXX compile features
[0.635s] -- Detecting CXX compile features - done
[0.640s] -- Found ament_cmake: 1.1.5 (/opt/ros/galactic/share/ament_cmake/cmake)
[0.679s] -- Found PythonInterp: /usr/bin/python3 (found suitable version "3.8.10", minimum required is "3") 
[0.679s] -- Using PYTHON_EXECUTABLE: /usr/bin/python3
[0.752s] -- Override CMake install command with custom implementation using symlinks instead of copying resources
[0.786s] -- Found nav2_common: 1.0.12 (/home/snake/Emmanuel_Jr_robot/install/nav2_common/share/nav2_common/cmake)
[0.789s] -- Found angles: 1.12.4 (/opt/ros/galactic/share/angles/cmake)
[0.790s] -- Found dwb_core: 1.0.12 (/home/snake/Emmanuel_Jr_robot/install/dwb_core/share/dwb_core/cmake)
[0.863s] -- Using all available rosidl_typesupport_c: rosidl_typesupport_fastrtps_c;rosidl_typesupport_introspection_c
[0.873s] -- Found rosidl_adapter: 2.2.2 (/opt/ros/galactic/share/rosidl_adapter/cmake)
[0.972s] -- Found OpenSSL: /usr/lib/x86_64-linux-gnu/libcrypto.so (found version "1.1.1f")  
[1.007s] -- Found FastRTPS: /opt/ros/galactic/include  
[1.106s] -- Using all available rosidl_typesupport_cpp: rosidl_typesupport_fastrtps_cpp;rosidl_typesupport_introspection_cpp
[1.188s] -- Found rmw_implementation_cmake: 3.3.1 (/opt/ros/galactic/share/rmw_implementation_cmake/cmake)
[1.192s] -- Found rmw_cyclonedds_cpp: 0.22.5 (/opt/ros/galactic/share/rmw_cyclonedds_cpp/cmake)
[1.220s] -- Using RMW implementation 'rmw_cyclonedds_cpp' as default
[1.222s] -- Looking for pthread.h
[1.324s] -- Looking for pthread.h - found
[1.325s] -- Performing Test CMAKE_HAVE_LIBC_PTHREAD
[1.448s] -- Performing Test CMAKE_HAVE_LIBC_PTHREAD - Failed
[1.448s] -- Looking for pthread_create in pthreads
[1.524s] -- Looking for pthread_create in pthreads - not found
[1.525s] -- Looking for pthread_create in pthread
[1.615s] -- Looking for pthread_create in pthread - found
[1.616s] -- Found Threads: TRUE  
[3.627s] -- Found Eigen3: TRUE (found version "3.3.7") 
[7.421s] -- Setting build type to Release as none was specified.
[11.225s] -- Found ament_lint_auto: 0.10.7 (/opt/ros/galactic/share/ament_lint_auto/cmake)
[11.331s] -- Found gtest sources under '/opt/ros/galactic/src/gtest_vendor': C++ tests using 'Google Test' will be built
[11.334s] -- Check if compiler accepts -pthread
[11.439s] -- Check if compiler accepts -pthread - yes
[11.462s] -- Added test 'cppcheck' to perform static code analysis on C / C++ code
[11.462s] -- Configured cppcheck include dirs: /home/snake/Emmanuel_Jr_robot/src/navigation2/nav2_dwb_controller/dwb_plugins/include
[11.463s] -- Configured cppcheck exclude dirs and/or files: 
[11.464s] -- Added test 'cpplint' to check C / C++ code against the Google style
[11.465s] -- Configured cpplint exclude dirs and/or files: 
[11.466s] -- Added test 'lint_cmake' to check CMake code style
[11.469s] -- Added test 'uncrustify' to check C / C++ code style
[11.469s] -- Configured uncrustify additional arguments: 
[11.470s] -- Added test 'xmllint' to check XML markup files
[11.479s] -- Configuring done
[11.660s] -- Generating done
[11.664s] -- Build files have been written to: /home/snake/Emmanuel_Jr_robot/build/dwb_plugins
[11.688s] Invoked command in '/home/snake/Emmanuel_Jr_robot/build/dwb_plugins' returned '0': AMENT_PREFIX_PATH=/home/snake/Emmanuel_Jr_robot/install/dwb_core:/home/snake/Emmanuel_Jr_robot/install/nav2_core:/home/snake/Emmanuel_Jr_robot/install/nav2_costmap_2d:/home/snake/Emmanuel_Jr_robot/install/nav_2d_utils:/home/snake/Emmanuel_Jr_robot/install/nav2_util:/home/snake/Emmanuel_Jr_robot/install/nav2_voxel_grid:/home/snake/Emmanuel_Jr_robot/install/nav2_msgs:/home/snake/Emmanuel_Jr_robot/install/dwb_msgs:/home/snake/Emmanuel_Jr_robot/install/nav_2d_msgs:/home/snake/Emmanuel_Jr_robot/install/nav2_common:${AMENT_PREFIX_PATH} CMAKE_PREFIX_PATH=/home/snake/Emmanuel_Jr_robot/install/dwb_core:/home/snake/Emmanuel_Jr_robot/install/nav2_core:/home/snake/Emmanuel_Jr_robot/install/nav2_costmap_2d:/home/snake/Emmanuel_Jr_robot/install/nav_2d_utils:/home/snake/Emmanuel_Jr_robot/install/nav2_util:/home/snake/Emmanuel_Jr_robot/install/nav2_voxel_grid:/home/snake/Emmanuel_Jr_robot/install/nav2_msgs:/home/snake/Emmanuel_Jr_robot/install/dwb_msgs:/home/snake/Emmanuel_Jr_robot/install/nav_2d_msgs:/home/snake/Emmanuel_Jr_robot/install/nav2_common:/opt/ros/galactic LD_LIBRARY_PATH=/home/snake/Emmanuel_Jr_robot/install/dwb_core/lib:/home/snake/Emmanuel_Jr_robot/install/nav2_costmap_2d/lib:/home/snake/Emmanuel_Jr_robot/install/nav_2d_utils/lib:/home/snake/Emmanuel_Jr_robot/install/nav2_util/lib:/home/snake/Emmanuel_Jr_robot/install/nav2_voxel_grid/lib:/home/snake/Emmanuel_Jr_robot/install/nav2_msgs/lib:/home/snake/Emmanuel_Jr_robot/install/dwb_msgs/lib:/home/snake/Emmanuel_Jr_robot/install/nav_2d_msgs/lib:${LD_LIBRARY_PATH} PYTHONPATH=/home/snake/Emmanuel_Jr_robot/install/nav2_msgs/lib/python3.8/site-packages:/home/snake/Emmanuel_Jr_robot/install/dwb_msgs/lib/python3.8/site-packages:/home/snake/Emmanuel_Jr_robot/install/nav_2d_msgs/lib/python3.8/site-packages:/home/snake/Emmanuel_Jr_robot/install/nav2_common/lib/python3.8/site-packages:${PYTHONPATH} /usr/bin/cmake /home/snake/Emmanuel_Jr_robot/src/navigation2/nav2_dwb_controller/dwb_plugins -DAMENT_CMAKE_SYMLINK_INSTALL=1 -DCMAKE_INSTALL_PREFIX=/home/snake/Emmanuel_Jr_robot/install/dwb_plugins
[11.690s] Invoking command in '/home/snake/Emmanuel_Jr_robot/build/dwb_plugins': AMENT_PREFIX_PATH=/home/snake/Emmanuel_Jr_robot/install/dwb_core:/home/snake/Emmanuel_Jr_robot/install/nav2_core:/home/snake/Emmanuel_Jr_robot/install/nav2_costmap_2d:/home/snake/Emmanuel_Jr_robot/install/nav_2d_utils:/home/snake/Emmanuel_Jr_robot/install/nav2_util:/home/snake/Emmanuel_Jr_robot/install/nav2_voxel_grid:/home/snake/Emmanuel_Jr_robot/install/nav2_msgs:/home/snake/Emmanuel_Jr_robot/install/dwb_msgs:/home/snake/Emmanuel_Jr_robot/install/nav_2d_msgs:/home/snake/Emmanuel_Jr_robot/install/nav2_common:${AMENT_PREFIX_PATH} CMAKE_PREFIX_PATH=/home/snake/Emmanuel_Jr_robot/install/dwb_core:/home/snake/Emmanuel_Jr_robot/install/nav2_core:/home/snake/Emmanuel_Jr_robot/install/nav2_costmap_2d:/home/snake/Emmanuel_Jr_robot/install/nav_2d_utils:/home/snake/Emmanuel_Jr_robot/install/nav2_util:/home/snake/Emmanuel_Jr_robot/install/nav2_voxel_grid:/home/snake/Emmanuel_Jr_robot/install/nav2_msgs:/home/snake/Emmanuel_Jr_robot/install/dwb_msgs:/home/snake/Emmanuel_Jr_robot/install/nav_2d_msgs:/home/snake/Emmanuel_Jr_robot/install/nav2_common:/opt/ros/galactic LD_LIBRARY_PATH=/home/snake/Emmanuel_Jr_robot/install/dwb_core/lib:/home/snake/Emmanuel_Jr_robot/install/nav2_costmap_2d/lib:/home/snake/Emmanuel_Jr_robot/install/nav_2d_utils/lib:/home/snake/Emmanuel_Jr_robot/install/nav2_util/lib:/home/snake/Emmanuel_Jr_robot/install/nav2_voxel_grid/lib:/home/snake/Emmanuel_Jr_robot/install/nav2_msgs/lib:/home/snake/Emmanuel_Jr_robot/install/dwb_msgs/lib:/home/snake/Emmanuel_Jr_robot/install/nav_2d_msgs/lib:${LD_LIBRARY_PATH} PYTHONPATH=/home/snake/Emmanuel_Jr_robot/install/nav2_msgs/lib/python3.8/site-packages:/home/snake/Emmanuel_Jr_robot/install/dwb_msgs/lib/python3.8/site-packages:/home/snake/Emmanuel_Jr_robot/install/nav_2d_msgs/lib/python3.8/site-packages:/home/snake/Emmanuel_Jr_robot/install/nav2_common/lib/python3.8/site-packages:${PYTHONPATH} /usr/bin/cmake --build /home/snake/Emmanuel_Jr_robot/build/dwb_plugins -- -j2 -l2
[11.765s] [35m[1mScanning dependencies of target standard_traj_generator[0m
[11.859s] [  5%] [32mBuilding CXX object CMakeFiles/standard_traj_generator.dir/src/standard_traj_generator.cpp.o[0m
[16.438s] [ 11%] [32mBuilding CXX object CMakeFiles/standard_traj_generator.dir/src/limited_accel_generator.cpp.o[0m
[20.473s] [ 17%] [32mBuilding CXX object CMakeFiles/standard_traj_generator.dir/src/kinematic_parameters.cpp.o[0m
[32.626s] [ 23%] [32mBuilding CXX object CMakeFiles/standard_traj_generator.dir/src/xy_theta_iterator.cpp.o[0m
[36.706s] [ 29%] [32m[1mLinking CXX shared library libstandard_traj_generator.so[0m
[36.964s] [ 29%] Built target standard_traj_generator
[36.980s] [35m[1mScanning dependencies of target gtest[0m
[37.003s] [ 35%] [32mBuilding CXX object gtest/CMakeFiles/gtest.dir/src/gtest-all.cc.o[0m
[47.330s] [ 41%] [32m[1mLinking CXX static library libgtest.a[0m
[47.392s] [ 41%] Built target gtest
[47.407s] [35m[1mScanning dependencies of target gtest_main[0m
[47.425s] [ 47%] [32mBuilding CXX object gtest/CMakeFiles/gtest_main.dir/src/gtest_main.cc.o[0m
[48.872s] [ 52%] [32m[1mLinking CXX static library libgtest_main.a[0m
[48.922s] [ 52%] Built target gtest_main
[48.938s] [35m[1mScanning dependencies of target speed_limit_test[0m
[49.009s] [ 58%] [32mBuilding CXX object test/CMakeFiles/speed_limit_test.dir/speed_limit_test.cpp.o[0m
[54.192s] [ 64%] [32m[1mLinking CXX executable speed_limit_test[0m
[54.549s] [ 64%] Built target speed_limit_test
[54.565s] [35m[1mScanning dependencies of target kinematic_parameters_test[0m
[54.636s] [ 70%] [32mBuilding CXX object test/CMakeFiles/kinematic_parameters_test.dir/kinematic_parameters_test.cpp.o[0m
[60.414s] [ 76%] [32m[1mLinking CXX executable kinematic_parameters_test[0m
[60.690s] [ 76%] Built target kinematic_parameters_test
[60.705s] [35m[1mScanning dependencies of target twist_gen_test[0m
[60.786s] [ 82%] [32mBuilding CXX object test/CMakeFiles/twist_gen_test.dir/twist_gen.cpp.o[0m
[68.220s] [ 88%] [32m[1mLinking CXX executable twist_gen_test[0m
[68.539s] [ 88%] Built target twist_gen_test
[68.555s] [35m[1mScanning dependencies of target vtest[0m
[68.575s] [ 94%] [32mBuilding CXX object test/CMakeFiles/vtest.dir/velocity_iterator_test.cpp.o[0m
[70.590s] [100%] [32m[1mLinking CXX executable vtest[0m
[70.692s] [100%] Built target vtest
[70.707s] Invoked command in '/home/snake/Emmanuel_Jr_robot/build/dwb_plugins' returned '0': AMENT_PREFIX_PATH=/home/snake/Emmanuel_Jr_robot/install/dwb_core:/home/snake/Emmanuel_Jr_robot/install/nav2_core:/home/snake/Emmanuel_Jr_robot/install/nav2_costmap_2d:/home/snake/Emmanuel_Jr_robot/install/nav_2d_utils:/home/snake/Emmanuel_Jr_robot/install/nav2_util:/home/snake/Emmanuel_Jr_robot/install/nav2_voxel_grid:/home/snake/Emmanuel_Jr_robot/install/nav2_msgs:/home/snake/Emmanuel_Jr_robot/install/dwb_msgs:/home/snake/Emmanuel_Jr_robot/install/nav_2d_msgs:/home/snake/Emmanuel_Jr_robot/install/nav2_common:${AMENT_PREFIX_PATH} CMAKE_PREFIX_PATH=/home/snake/Emmanuel_Jr_robot/install/dwb_core:/home/snake/Emmanuel_Jr_robot/install/nav2_core:/home/snake/Emmanuel_Jr_robot/install/nav2_costmap_2d:/home/snake/Emmanuel_Jr_robot/install/nav_2d_utils:/home/snake/Emmanuel_Jr_robot/install/nav2_util:/home/snake/Emmanuel_Jr_robot/install/nav2_voxel_grid:/home/snake/Emmanuel_Jr_robot/install/nav2_msgs:/home/snake/Emmanuel_Jr_robot/install/dwb_msgs:/home/snake/Emmanuel_Jr_robot/install/nav_2d_msgs:/home/snake/Emmanuel_Jr_robot/install/nav2_common:/opt/ros/galactic LD_LIBRARY_PATH=/home/snake/Emmanuel_Jr_robot/install/dwb_core/lib:/home/snake/Emmanuel_Jr_robot/install/nav2_costmap_2d/lib:/home/snake/Emmanuel_Jr_robot/install/nav_2d_utils/lib:/home/snake/Emmanuel_Jr_robot/install/nav2_util/lib:/home/snake/Emmanuel_Jr_robot/install/nav2_voxel_grid/lib:/home/snake/Emmanuel_Jr_robot/install/nav2_msgs/lib:/home/snake/Emmanuel_Jr_robot/install/dwb_msgs/lib:/home/snake/Emmanuel_Jr_robot/install/nav_2d_msgs/lib:${LD_LIBRARY_PATH} PYTHONPATH=/home/snake/Emmanuel_Jr_robot/install/nav2_msgs/lib/python3.8/site-packages:/home/snake/Emmanuel_Jr_robot/install/dwb_msgs/lib/python3.8/site-packages:/home/snake/Emmanuel_Jr_robot/install/nav_2d_msgs/lib/python3.8/site-packages:/home/snake/Emmanuel_Jr_robot/install/nav2_common/lib/python3.8/site-packages:${PYTHONPATH} /usr/bin/cmake --build /home/snake/Emmanuel_Jr_robot/build/dwb_plugins -- -j2 -l2
[70.754s] Invoking command in '/home/snake/Emmanuel_Jr_robot/build/dwb_plugins': AMENT_PREFIX_PATH=/home/snake/Emmanuel_Jr_robot/install/dwb_core:/home/snake/Emmanuel_Jr_robot/install/nav2_core:/home/snake/Emmanuel_Jr_robot/install/nav2_costmap_2d:/home/snake/Emmanuel_Jr_robot/install/nav_2d_utils:/home/snake/Emmanuel_Jr_robot/install/nav2_util:/home/snake/Emmanuel_Jr_robot/install/nav2_voxel_grid:/home/snake/Emmanuel_Jr_robot/install/nav2_msgs:/home/snake/Emmanuel_Jr_robot/install/dwb_msgs:/home/snake/Emmanuel_Jr_robot/install/nav_2d_msgs:/home/snake/Emmanuel_Jr_robot/install/nav2_common:${AMENT_PREFIX_PATH} CMAKE_PREFIX_PATH=/home/snake/Emmanuel_Jr_robot/install/dwb_core:/home/snake/Emmanuel_Jr_robot/install/nav2_core:/home/snake/Emmanuel_Jr_robot/install/nav2_costmap_2d:/home/snake/Emmanuel_Jr_robot/install/nav_2d_utils:/home/snake/Emmanuel_Jr_robot/install/nav2_util:/home/snake/Emmanuel_Jr_robot/install/nav2_voxel_grid:/home/snake/Emmanuel_Jr_robot/install/nav2_msgs:/home/snake/Emmanuel_Jr_robot/install/dwb_msgs:/home/snake/Emmanuel_Jr_robot/install/nav_2d_msgs:/home/snake/Emmanuel_Jr_robot/install/nav2_common:/opt/ros/galactic LD_LIBRARY_PATH=/home/snake/Emmanuel_Jr_robot/install/dwb_core/lib:/home/snake/Emmanuel_Jr_robot/install/nav2_costmap_2d/lib:/home/snake/Emmanuel_Jr_robot/install/nav_2d_utils/lib:/home/snake/Emmanuel_Jr_robot/install/nav2_util/lib:/home/snake/Emmanuel_Jr_robot/install/nav2_voxel_grid/lib:/home/snake/Emmanuel_Jr_robot/install/nav2_msgs/lib:/home/snake/Emmanuel_Jr_robot/install/dwb_msgs/lib:/home/snake/Emmanuel_Jr_robot/install/nav_2d_msgs/lib:${LD_LIBRARY_PATH} PYTHONPATH=/home/snake/Emmanuel_Jr_robot/install/nav2_msgs/lib/python3.8/site-packages:/home/snake/Emmanuel_Jr_robot/install/dwb_msgs/lib/python3.8/site-packages:/home/snake/Emmanuel_Jr_robot/install/nav_2d_msgs/lib/python3.8/site-packages:/home/snake/Emmanuel_Jr_robot/install/nav2_common/lib/python3.8/site-packages:${PYTHONPATH} /usr/bin/cmake --install /home/snake/Emmanuel_Jr_robot/build/dwb_plugins
[70.766s] -- Install configuration: "Release"
[70.767s] -- Execute custom install script
[70.768s] -- Symlinking: /home/snake/Emmanuel_Jr_robot/install/dwb_plugins/lib/libstandard_traj_generator.so
[70.781s] -- Symlinking: /home/snake/Emmanuel_Jr_robot/install/dwb_plugins/include//dwb_plugins/kinematic_parameters.hpp
[70.795s] -- Symlinking: /home/snake/Emmanuel_Jr_robot/install/dwb_plugins/include//dwb_plugins/limited_accel_generator.hpp
[70.814s] -- Symlinking: /home/snake/Emmanuel_Jr_robot/install/dwb_plugins/include//dwb_plugins/one_d_velocity_iterator.hpp
[70.827s] -- Symlinking: /home/snake/Emmanuel_Jr_robot/install/dwb_plugins/include//dwb_plugins/standard_traj_generator.hpp
[70.840s] -- Symlinking: /home/snake/Emmanuel_Jr_robot/install/dwb_plugins/include//dwb_plugins/velocity_iterator.hpp
[70.856s] -- Symlinking: /home/snake/Emmanuel_Jr_robot/install/dwb_plugins/include//dwb_plugins/xy_theta_iterator.hpp
[70.871s] -- Symlinking: /home/snake/Emmanuel_Jr_robot/install/dwb_plugins/share/dwb_plugins/plugins.xml
[70.883s] -- Symlinking: /home/snake/Emmanuel_Jr_robot/install/dwb_plugins/share/dwb_plugins/environment/library_path.sh
[70.895s] -- Symlinking: /home/snake/Emmanuel_Jr_robot/install/dwb_plugins/share/dwb_plugins/environment/library_path.dsv
[70.908s] -- Up-to-date symlink: /home/snake/Emmanuel_Jr_robot/install/dwb_plugins/share/dwb_plugins//plugins.xml
[70.908s] -- Symlinking: /home/snake/Emmanuel_Jr_robot/install/dwb_plugins/share/ament_index/resource_index/package_run_dependencies/dwb_plugins
[70.923s] -- Symlinking: /home/snake/Emmanuel_Jr_robot/install/dwb_plugins/share/ament_index/resource_index/parent_prefix_path/dwb_plugins
[70.936s] -- Symlinking: /home/snake/Emmanuel_Jr_robot/install/dwb_plugins/share/dwb_plugins/environment/ament_prefix_path.sh
[70.950s] -- Symlinking: /home/snake/Emmanuel_Jr_robot/install/dwb_plugins/share/dwb_plugins/environment/ament_prefix_path.dsv
[70.963s] -- Symlinking: /home/snake/Emmanuel_Jr_robot/install/dwb_plugins/share/dwb_plugins/environment/path.sh
[70.976s] -- Symlinking: /home/snake/Emmanuel_Jr_robot/install/dwb_plugins/share/dwb_plugins/environment/path.dsv
[70.988s] -- Symlinking: /home/snake/Emmanuel_Jr_robot/install/dwb_plugins/share/dwb_plugins/local_setup.bash
[71.002s] -- Symlinking: /home/snake/Emmanuel_Jr_robot/install/dwb_plugins/share/dwb_plugins/local_setup.sh
[71.017s] -- Symlinking: /home/snake/Emmanuel_Jr_robot/install/dwb_plugins/share/dwb_plugins/local_setup.zsh
[71.028s] -- Symlinking: /home/snake/Emmanuel_Jr_robot/install/dwb_plugins/share/dwb_plugins/local_setup.dsv
[71.040s] -- Symlinking: /home/snake/Emmanuel_Jr_robot/install/dwb_plugins/share/dwb_plugins/package.dsv
[71.052s] -- Symlinking: /home/snake/Emmanuel_Jr_robot/install/dwb_plugins/share/ament_index/resource_index/packages/dwb_plugins
[71.065s] -- Symlinking: /home/snake/Emmanuel_Jr_robot/install/dwb_plugins/share/ament_index/resource_index/dwb_core__pluginlib__plugin/dwb_plugins
[71.077s] -- Symlinking: /home/snake/Emmanuel_Jr_robot/install/dwb_plugins/share/dwb_plugins/cmake/ament_cmake_export_include_directories-extras.cmake
[71.090s] -- Symlinking: /home/snake/Emmanuel_Jr_robot/install/dwb_plugins/share/dwb_plugins/cmake/ament_cmake_export_libraries-extras.cmake
[71.102s] -- Symlinking: /home/snake/Emmanuel_Jr_robot/install/dwb_plugins/share/dwb_plugins/cmake/dwb_pluginsConfig.cmake
[71.117s] -- Symlinking: /home/snake/Emmanuel_Jr_robot/install/dwb_plugins/share/dwb_plugins/cmake/dwb_pluginsConfig-version.cmake
[71.129s] -- Symlinking: /home/snake/Emmanuel_Jr_robot/install/dwb_plugins/share/dwb_plugins/package.xml
[71.149s] Invoked command in '/home/snake/Emmanuel_Jr_robot/build/dwb_plugins' returned '0': AMENT_PREFIX_PATH=/home/snake/Emmanuel_Jr_robot/install/dwb_core:/home/snake/Emmanuel_Jr_robot/install/nav2_core:/home/snake/Emmanuel_Jr_robot/install/nav2_costmap_2d:/home/snake/Emmanuel_Jr_robot/install/nav_2d_utils:/home/snake/Emmanuel_Jr_robot/install/nav2_util:/home/snake/Emmanuel_Jr_robot/install/nav2_voxel_grid:/home/snake/Emmanuel_Jr_robot/install/nav2_msgs:/home/snake/Emmanuel_Jr_robot/install/dwb_msgs:/home/snake/Emmanuel_Jr_robot/install/nav_2d_msgs:/home/snake/Emmanuel_Jr_robot/install/nav2_common:${AMENT_PREFIX_PATH} CMAKE_PREFIX_PATH=/home/snake/Emmanuel_Jr_robot/install/dwb_core:/home/snake/Emmanuel_Jr_robot/install/nav2_core:/home/snake/Emmanuel_Jr_robot/install/nav2_costmap_2d:/home/snake/Emmanuel_Jr_robot/install/nav_2d_utils:/home/snake/Emmanuel_Jr_robot/install/nav2_util:/home/snake/Emmanuel_Jr_robot/install/nav2_voxel_grid:/home/snake/Emmanuel_Jr_robot/install/nav2_msgs:/home/snake/Emmanuel_Jr_robot/install/dwb_msgs:/home/snake/Emmanuel_Jr_robot/install/nav_2d_msgs:/home/snake/Emmanuel_Jr_robot/install/nav2_common:/opt/ros/galactic LD_LIBRARY_PATH=/home/snake/Emmanuel_Jr_robot/install/dwb_core/lib:/home/snake/Emmanuel_Jr_robot/install/nav2_costmap_2d/lib:/home/snake/Emmanuel_Jr_robot/install/nav_2d_utils/lib:/home/snake/Emmanuel_Jr_robot/install/nav2_util/lib:/home/snake/Emmanuel_Jr_robot/install/nav2_voxel_grid/lib:/home/snake/Emmanuel_Jr_robot/install/nav2_msgs/lib:/home/snake/Emmanuel_Jr_robot/install/dwb_msgs/lib:/home/snake/Emmanuel_Jr_robot/install/nav_2d_msgs/lib:${LD_LIBRARY_PATH} PYTHONPATH=/home/snake/Emmanuel_Jr_robot/install/nav2_msgs/lib/python3.8/site-packages:/home/snake/Emmanuel_Jr_robot/install/dwb_msgs/lib/python3.8/site-packages:/home/snake/Emmanuel_Jr_robot/install/nav_2d_msgs/lib/python3.8/site-packages:/home/snake/Emmanuel_Jr_robot/install/nav2_common/lib/python3.8/site-packages:${PYTHONPATH} /usr/bin/cmake --install /home/snake/Emmanuel_Jr_robot/build/dwb_plugins
