[0.046s] Invoking command in '/home/snake/Emmanuel_Jr_robot/build/nav2_controller': AMENT_PREFIX_PATH=/home/snake/Emmanuel_Jr_robot/install/nav2_core:/home/snake/Emmanuel_Jr_robot/install/nav2_costmap_2d:/home/snake/Emmanuel_Jr_robot/install/nav_2d_utils:/home/snake/Emmanuel_Jr_robot/install/nav2_util:/home/snake/Emmanuel_Jr_robot/install/nav2_voxel_grid:/home/snake/Emmanuel_Jr_robot/install/nav2_msgs:/home/snake/Emmanuel_Jr_robot/install/nav_2d_msgs:/home/snake/Emmanuel_Jr_robot/install/nav2_common:${AMENT_PREFIX_PATH} CMAKE_PREFIX_PATH=/home/snake/Emmanuel_Jr_robot/install/nav2_core:/home/snake/Emmanuel_Jr_robot/install/nav2_costmap_2d:/home/snake/Emmanuel_Jr_robot/install/nav_2d_utils:/home/snake/Emmanuel_Jr_robot/install/nav2_util:/home/snake/Emmanuel_Jr_robot/install/nav2_voxel_grid:/home/snake/Emmanuel_Jr_robot/install/nav2_msgs:/home/snake/Emmanuel_Jr_robot/install/nav_2d_msgs:/home/snake/Emmanuel_Jr_robot/install/nav2_common:/opt/ros/galactic LD_LIBRARY_PATH=/home/snake/Emmanuel_Jr_robot/install/nav2_costmap_2d/lib:/home/snake/Emmanuel_Jr_robot/install/nav_2d_utils/lib:/home/snake/Emmanuel_Jr_robot/install/nav2_util/lib:/home/snake/Emmanuel_Jr_robot/install/nav2_voxel_grid/lib:/home/snake/Emmanuel_Jr_robot/install/nav2_msgs/lib:/home/snake/Emmanuel_Jr_robot/install/nav_2d_msgs/lib:${LD_LIBRARY_PATH} PYTHONPATH=/home/snake/Emmanuel_Jr_robot/install/nav2_msgs/lib/python3.8/site-packages:/home/snake/Emmanuel_Jr_robot/install/nav_2d_msgs/lib/python3.8/site-packages:/home/snake/Emmanuel_Jr_robot/install/nav2_common/lib/python3.8/site-packages:${PYTHONPATH} /usr/bin/cmake /home/snake/Emmanuel_Jr_robot/src/navigation2/nav2_controller -DCMAKE_INSTALL_PREFIX=/home/snake/Emmanuel_Jr_robot/install/nav2_controller
[0.074s] -- Found ament_cmake: 1.1.5 (/opt/ros/galactic/share/ament_cmake/cmake)
[0.101s] -- Using PYTHON_EXECUTABLE: /usr/bin/python3
[0.161s] -- Override CMake install command with custom implementation using symlinks instead of copying resources
[0.170s] -- Found nav2_core: 1.0.12 (/home/snake/Emmanuel_Jr_robot/install/nav2_core/share/nav2_core/cmake)
[0.206s] -- Using all available rosidl_typesupport_c: rosidl_typesupport_fastrtps_c;rosidl_typesupport_introspection_c
[0.209s] -- Found rosidl_adapter: 2.2.2 (/opt/ros/galactic/share/rosidl_adapter/cmake)
[0.320s] -- Using all available rosidl_typesupport_cpp: rosidl_typesupport_fastrtps_cpp;rosidl_typesupport_introspection_cpp
[0.369s] -- Found rmw_implementation_cmake: 3.3.1 (/opt/ros/galactic/share/rmw_implementation_cmake/cmake)
[0.371s] -- Found rmw_cyclonedds_cpp: 0.22.5 (/opt/ros/galactic/share/rmw_cyclonedds_cpp/cmake)
[0.390s] -- Using RMW implementation 'rmw_cyclonedds_cpp' as default
[3.128s] -- Found nav2_common: 1.0.12 (/home/snake/Emmanuel_Jr_robot/install/nav2_common/share/nav2_common/cmake)
[3.129s] -- Found nav_2d_utils: 1.0.12 (/home/snake/Emmanuel_Jr_robot/install/nav_2d_utils/share/nav_2d_utils/cmake)
[11.618s] -- Found ament_lint_auto: 0.10.7 (/opt/ros/galactic/share/ament_lint_auto/cmake)
[11.682s] -- Found gtest sources under '/opt/ros/galactic/src/gtest_vendor': C++ tests using 'Google Test' will be built
[13.537s] -- Added test 'cppcheck' to perform static code analysis on C / C++ code
[13.538s] -- Configured cppcheck include dirs: /home/snake/Emmanuel_Jr_robot/src/navigation2/nav2_controller/include
[13.538s] -- Configured cppcheck exclude dirs and/or files: 
[13.539s] -- Added test 'cpplint' to check C / C++ code against the Google style
[13.539s] -- Configured cpplint exclude dirs and/or files: 
[13.540s] -- Added test 'lint_cmake' to check CMake code style
[13.542s] -- Added test 'uncrustify' to check C / C++ code style
[13.542s] -- Configured uncrustify additional arguments: 
[13.542s] -- Added test 'xmllint' to check XML markup files
[13.553s] -- Configuring done
[13.800s] -- Generating done
[13.804s] -- Build files have been written to: /home/snake/Emmanuel_Jr_robot/build/nav2_controller
[13.816s] Invoked command in '/home/snake/Emmanuel_Jr_robot/build/nav2_controller' returned '0': AMENT_PREFIX_PATH=/home/snake/Emmanuel_Jr_robot/install/nav2_core:/home/snake/Emmanuel_Jr_robot/install/nav2_costmap_2d:/home/snake/Emmanuel_Jr_robot/install/nav_2d_utils:/home/snake/Emmanuel_Jr_robot/install/nav2_util:/home/snake/Emmanuel_Jr_robot/install/nav2_voxel_grid:/home/snake/Emmanuel_Jr_robot/install/nav2_msgs:/home/snake/Emmanuel_Jr_robot/install/nav_2d_msgs:/home/snake/Emmanuel_Jr_robot/install/nav2_common:${AMENT_PREFIX_PATH} CMAKE_PREFIX_PATH=/home/snake/Emmanuel_Jr_robot/install/nav2_core:/home/snake/Emmanuel_Jr_robot/install/nav2_costmap_2d:/home/snake/Emmanuel_Jr_robot/install/nav_2d_utils:/home/snake/Emmanuel_Jr_robot/install/nav2_util:/home/snake/Emmanuel_Jr_robot/install/nav2_voxel_grid:/home/snake/Emmanuel_Jr_robot/install/nav2_msgs:/home/snake/Emmanuel_Jr_robot/install/nav_2d_msgs:/home/snake/Emmanuel_Jr_robot/install/nav2_common:/opt/ros/galactic LD_LIBRARY_PATH=/home/snake/Emmanuel_Jr_robot/install/nav2_costmap_2d/lib:/home/snake/Emmanuel_Jr_robot/install/nav_2d_utils/lib:/home/snake/Emmanuel_Jr_robot/install/nav2_util/lib:/home/snake/Emmanuel_Jr_robot/install/nav2_voxel_grid/lib:/home/snake/Emmanuel_Jr_robot/install/nav2_msgs/lib:/home/snake/Emmanuel_Jr_robot/install/nav_2d_msgs/lib:${LD_LIBRARY_PATH} PYTHONPATH=/home/snake/Emmanuel_Jr_robot/install/nav2_msgs/lib/python3.8/site-packages:/home/snake/Emmanuel_Jr_robot/install/nav_2d_msgs/lib/python3.8/site-packages:/home/snake/Emmanuel_Jr_robot/install/nav2_common/lib/python3.8/site-packages:${PYTHONPATH} /usr/bin/cmake /home/snake/Emmanuel_Jr_robot/src/navigation2/nav2_controller -DCMAKE_INSTALL_PREFIX=/home/snake/Emmanuel_Jr_robot/install/nav2_controller
[13.817s] Invoking command in '/home/snake/Emmanuel_Jr_robot/build/nav2_controller': AMENT_PREFIX_PATH=/home/snake/Emmanuel_Jr_robot/install/nav2_core:/home/snake/Emmanuel_Jr_robot/install/nav2_costmap_2d:/home/snake/Emmanuel_Jr_robot/install/nav_2d_utils:/home/snake/Emmanuel_Jr_robot/install/nav2_util:/home/snake/Emmanuel_Jr_robot/install/nav2_voxel_grid:/home/snake/Emmanuel_Jr_robot/install/nav2_msgs:/home/snake/Emmanuel_Jr_robot/install/nav_2d_msgs:/home/snake/Emmanuel_Jr_robot/install/nav2_common:${AMENT_PREFIX_PATH} CMAKE_PREFIX_PATH=/home/snake/Emmanuel_Jr_robot/install/nav2_core:/home/snake/Emmanuel_Jr_robot/install/nav2_costmap_2d:/home/snake/Emmanuel_Jr_robot/install/nav_2d_utils:/home/snake/Emmanuel_Jr_robot/install/nav2_util:/home/snake/Emmanuel_Jr_robot/install/nav2_voxel_grid:/home/snake/Emmanuel_Jr_robot/install/nav2_msgs:/home/snake/Emmanuel_Jr_robot/install/nav_2d_msgs:/home/snake/Emmanuel_Jr_robot/install/nav2_common:/opt/ros/galactic LD_LIBRARY_PATH=/home/snake/Emmanuel_Jr_robot/install/nav2_costmap_2d/lib:/home/snake/Emmanuel_Jr_robot/install/nav_2d_utils/lib:/home/snake/Emmanuel_Jr_robot/install/nav2_util/lib:/home/snake/Emmanuel_Jr_robot/install/nav2_voxel_grid/lib:/home/snake/Emmanuel_Jr_robot/install/nav2_msgs/lib:/home/snake/Emmanuel_Jr_robot/install/nav_2d_msgs/lib:${LD_LIBRARY_PATH} PYTHONPATH=/home/snake/Emmanuel_Jr_robot/install/nav2_msgs/lib/python3.8/site-packages:/home/snake/Emmanuel_Jr_robot/install/nav_2d_msgs/lib/python3.8/site-packages:/home/snake/Emmanuel_Jr_robot/install/nav2_common/lib/python3.8/site-packages:${PYTHONPATH} /usr/bin/cmake --build /home/snake/Emmanuel_Jr_robot/build/nav2_controller -- -j2 -l2
[13.890s] [ 11%] Built target simple_goal_checker
[13.925s] [ 22%] Built target simple_progress_checker
[13.963s] [ 33%] Built target controller_server_core
[13.985s] [ 44%] Built target gtest_main
[14.009s] [ 55%] Built target gtest
[14.042s] [ 66%] Built target stopped_goal_checker
[14.082s] [ 77%] Built target controller_server
[14.118s] [ 83%] [32mBuilding CXX object plugins/test/CMakeFiles/pctest.dir/progress_checker.cpp.o[0m
[17.554s] [ 88%] [32m[1mLinking CXX executable pctest[0m
[17.780s] [ 88%] Built target pctest
[17.815s] [ 94%] [32mBuilding CXX object plugins/test/CMakeFiles/gctest.dir/goal_checker.cpp.o[0m
[21.422s] [100%] [32m[1mLinking CXX executable gctest[0m
[21.644s] [100%] Built target gctest
[21.658s] Invoked command in '/home/snake/Emmanuel_Jr_robot/build/nav2_controller' returned '0': AMENT_PREFIX_PATH=/home/snake/Emmanuel_Jr_robot/install/nav2_core:/home/snake/Emmanuel_Jr_robot/install/nav2_costmap_2d:/home/snake/Emmanuel_Jr_robot/install/nav_2d_utils:/home/snake/Emmanuel_Jr_robot/install/nav2_util:/home/snake/Emmanuel_Jr_robot/install/nav2_voxel_grid:/home/snake/Emmanuel_Jr_robot/install/nav2_msgs:/home/snake/Emmanuel_Jr_robot/install/nav_2d_msgs:/home/snake/Emmanuel_Jr_robot/install/nav2_common:${AMENT_PREFIX_PATH} CMAKE_PREFIX_PATH=/home/snake/Emmanuel_Jr_robot/install/nav2_core:/home/snake/Emmanuel_Jr_robot/install/nav2_costmap_2d:/home/snake/Emmanuel_Jr_robot/install/nav_2d_utils:/home/snake/Emmanuel_Jr_robot/install/nav2_util:/home/snake/Emmanuel_Jr_robot/install/nav2_voxel_grid:/home/snake/Emmanuel_Jr_robot/install/nav2_msgs:/home/snake/Emmanuel_Jr_robot/install/nav_2d_msgs:/home/snake/Emmanuel_Jr_robot/install/nav2_common:/opt/ros/galactic LD_LIBRARY_PATH=/home/snake/Emmanuel_Jr_robot/install/nav2_costmap_2d/lib:/home/snake/Emmanuel_Jr_robot/install/nav_2d_utils/lib:/home/snake/Emmanuel_Jr_robot/install/nav2_util/lib:/home/snake/Emmanuel_Jr_robot/install/nav2_voxel_grid/lib:/home/snake/Emmanuel_Jr_robot/install/nav2_msgs/lib:/home/snake/Emmanuel_Jr_robot/install/nav_2d_msgs/lib:${LD_LIBRARY_PATH} PYTHONPATH=/home/snake/Emmanuel_Jr_robot/install/nav2_msgs/lib/python3.8/site-packages:/home/snake/Emmanuel_Jr_robot/install/nav_2d_msgs/lib/python3.8/site-packages:/home/snake/Emmanuel_Jr_robot/install/nav2_common/lib/python3.8/site-packages:${PYTHONPATH} /usr/bin/cmake --build /home/snake/Emmanuel_Jr_robot/build/nav2_controller -- -j2 -l2
[21.696s] Invoking command in '/home/snake/Emmanuel_Jr_robot/build/nav2_controller': AMENT_PREFIX_PATH=/home/snake/Emmanuel_Jr_robot/install/nav2_core:/home/snake/Emmanuel_Jr_robot/install/nav2_costmap_2d:/home/snake/Emmanuel_Jr_robot/install/nav_2d_utils:/home/snake/Emmanuel_Jr_robot/install/nav2_util:/home/snake/Emmanuel_Jr_robot/install/nav2_voxel_grid:/home/snake/Emmanuel_Jr_robot/install/nav2_msgs:/home/snake/Emmanuel_Jr_robot/install/nav_2d_msgs:/home/snake/Emmanuel_Jr_robot/install/nav2_common:${AMENT_PREFIX_PATH} CMAKE_PREFIX_PATH=/home/snake/Emmanuel_Jr_robot/install/nav2_core:/home/snake/Emmanuel_Jr_robot/install/nav2_costmap_2d:/home/snake/Emmanuel_Jr_robot/install/nav_2d_utils:/home/snake/Emmanuel_Jr_robot/install/nav2_util:/home/snake/Emmanuel_Jr_robot/install/nav2_voxel_grid:/home/snake/Emmanuel_Jr_robot/install/nav2_msgs:/home/snake/Emmanuel_Jr_robot/install/nav_2d_msgs:/home/snake/Emmanuel_Jr_robot/install/nav2_common:/opt/ros/galactic LD_LIBRARY_PATH=/home/snake/Emmanuel_Jr_robot/install/nav2_costmap_2d/lib:/home/snake/Emmanuel_Jr_robot/install/nav_2d_utils/lib:/home/snake/Emmanuel_Jr_robot/install/nav2_util/lib:/home/snake/Emmanuel_Jr_robot/install/nav2_voxel_grid/lib:/home/snake/Emmanuel_Jr_robot/install/nav2_msgs/lib:/home/snake/Emmanuel_Jr_robot/install/nav_2d_msgs/lib:${LD_LIBRARY_PATH} PYTHONPATH=/home/snake/Emmanuel_Jr_robot/install/nav2_msgs/lib/python3.8/site-packages:/home/snake/Emmanuel_Jr_robot/install/nav_2d_msgs/lib/python3.8/site-packages:/home/snake/Emmanuel_Jr_robot/install/nav2_common/lib/python3.8/site-packages:${PYTHONPATH} /usr/bin/cmake --install /home/snake/Emmanuel_Jr_robot/build/nav2_controller
[21.707s] -- Install configuration: "Release"
[21.707s] -- Execute custom install script
[21.709s] -- Up-to-date symlink: /home/snake/Emmanuel_Jr_robot/install/nav2_controller/lib/libsimple_progress_checker.so
[21.710s] -- Up-to-date symlink: /home/snake/Emmanuel_Jr_robot/install/nav2_controller/lib/libsimple_goal_checker.so
[21.711s] -- Up-to-date symlink: /home/snake/Emmanuel_Jr_robot/install/nav2_controller/lib/libstopped_goal_checker.so
[21.712s] -- Up-to-date symlink: /home/snake/Emmanuel_Jr_robot/install/nav2_controller/lib/libcontroller_server_core.a
[21.713s] -- Up-to-date symlink: /home/snake/Emmanuel_Jr_robot/install/nav2_controller/lib/nav2_controller/controller_server
[21.714s] -- Up-to-date symlink: /home/snake/Emmanuel_Jr_robot/install/nav2_controller/include//nav2_controller/nav2_controller.hpp
[21.715s] -- Up-to-date symlink: /home/snake/Emmanuel_Jr_robot/install/nav2_controller/include//nav2_controller/plugins/simple_goal_checker.hpp
[21.715s] -- Up-to-date symlink: /home/snake/Emmanuel_Jr_robot/install/nav2_controller/include//nav2_controller/plugins/simple_progress_checker.hpp
[21.716s] -- Up-to-date symlink: /home/snake/Emmanuel_Jr_robot/install/nav2_controller/include//nav2_controller/plugins/stopped_goal_checker.hpp
[21.716s] -- Up-to-date symlink: /home/snake/Emmanuel_Jr_robot/install/nav2_controller/share/nav2_controller/environment/library_path.sh
[21.717s] -- Up-to-date symlink: /home/snake/Emmanuel_Jr_robot/install/nav2_controller/share/nav2_controller/environment/library_path.dsv
[21.718s] -- Up-to-date symlink: /home/snake/Emmanuel_Jr_robot/install/nav2_controller/share/nav2_controller//plugins.xml
[21.718s] -- Up-to-date symlink: /home/snake/Emmanuel_Jr_robot/install/nav2_controller/share/ament_index/resource_index/package_run_dependencies/nav2_controller
[21.719s] -- Up-to-date symlink: /home/snake/Emmanuel_Jr_robot/install/nav2_controller/share/ament_index/resource_index/parent_prefix_path/nav2_controller
[21.720s] -- Up-to-date symlink: /home/snake/Emmanuel_Jr_robot/install/nav2_controller/share/nav2_controller/environment/ament_prefix_path.sh
[21.720s] -- Up-to-date symlink: /home/snake/Emmanuel_Jr_robot/install/nav2_controller/share/nav2_controller/environment/ament_prefix_path.dsv
[21.721s] -- Up-to-date symlink: /home/snake/Emmanuel_Jr_robot/install/nav2_controller/share/nav2_controller/environment/path.sh
[21.722s] -- Up-to-date symlink: /home/snake/Emmanuel_Jr_robot/install/nav2_controller/share/nav2_controller/environment/path.dsv
[21.723s] -- Up-to-date symlink: /home/snake/Emmanuel_Jr_robot/install/nav2_controller/share/nav2_controller/local_setup.bash
[21.723s] -- Up-to-date symlink: /home/snake/Emmanuel_Jr_robot/install/nav2_controller/share/nav2_controller/local_setup.sh
[21.724s] -- Up-to-date symlink: /home/snake/Emmanuel_Jr_robot/install/nav2_controller/share/nav2_controller/local_setup.zsh
[21.725s] -- Up-to-date symlink: /home/snake/Emmanuel_Jr_robot/install/nav2_controller/share/nav2_controller/local_setup.dsv
[21.725s] -- Symlinking: /home/snake/Emmanuel_Jr_robot/install/nav2_controller/share/nav2_controller/package.dsv
[21.736s] -- Up-to-date symlink: /home/snake/Emmanuel_Jr_robot/install/nav2_controller/share/ament_index/resource_index/packages/nav2_controller
[21.737s] -- Up-to-date symlink: /home/snake/Emmanuel_Jr_robot/install/nav2_controller/share/ament_index/resource_index/nav2_core__pluginlib__plugin/nav2_controller
[21.738s] -- Up-to-date symlink: /home/snake/Emmanuel_Jr_robot/install/nav2_controller/share/nav2_controller/cmake/ament_cmake_export_include_directories-extras.cmake
[21.739s] -- Up-to-date symlink: /home/snake/Emmanuel_Jr_robot/install/nav2_controller/share/nav2_controller/cmake/ament_cmake_export_libraries-extras.cmake
[21.740s] -- Up-to-date symlink: /home/snake/Emmanuel_Jr_robot/install/nav2_controller/share/nav2_controller/cmake/ament_cmake_export_dependencies-extras.cmake
[21.740s] -- Up-to-date symlink: /home/snake/Emmanuel_Jr_robot/install/nav2_controller/share/nav2_controller/cmake/nav2_controllerConfig.cmake
[21.741s] -- Up-to-date symlink: /home/snake/Emmanuel_Jr_robot/install/nav2_controller/share/nav2_controller/cmake/nav2_controllerConfig-version.cmake
[21.742s] -- Up-to-date symlink: /home/snake/Emmanuel_Jr_robot/install/nav2_controller/share/nav2_controller/package.xml
[21.747s] Invoked command in '/home/snake/Emmanuel_Jr_robot/build/nav2_controller' returned '0': AMENT_PREFIX_PATH=/home/snake/Emmanuel_Jr_robot/install/nav2_core:/home/snake/Emmanuel_Jr_robot/install/nav2_costmap_2d:/home/snake/Emmanuel_Jr_robot/install/nav_2d_utils:/home/snake/Emmanuel_Jr_robot/install/nav2_util:/home/snake/Emmanuel_Jr_robot/install/nav2_voxel_grid:/home/snake/Emmanuel_Jr_robot/install/nav2_msgs:/home/snake/Emmanuel_Jr_robot/install/nav_2d_msgs:/home/snake/Emmanuel_Jr_robot/install/nav2_common:${AMENT_PREFIX_PATH} CMAKE_PREFIX_PATH=/home/snake/Emmanuel_Jr_robot/install/nav2_core:/home/snake/Emmanuel_Jr_robot/install/nav2_costmap_2d:/home/snake/Emmanuel_Jr_robot/install/nav_2d_utils:/home/snake/Emmanuel_Jr_robot/install/nav2_util:/home/snake/Emmanuel_Jr_robot/install/nav2_voxel_grid:/home/snake/Emmanuel_Jr_robot/install/nav2_msgs:/home/snake/Emmanuel_Jr_robot/install/nav_2d_msgs:/home/snake/Emmanuel_Jr_robot/install/nav2_common:/opt/ros/galactic LD_LIBRARY_PATH=/home/snake/Emmanuel_Jr_robot/install/nav2_costmap_2d/lib:/home/snake/Emmanuel_Jr_robot/install/nav_2d_utils/lib:/home/snake/Emmanuel_Jr_robot/install/nav2_util/lib:/home/snake/Emmanuel_Jr_robot/install/nav2_voxel_grid/lib:/home/snake/Emmanuel_Jr_robot/install/nav2_msgs/lib:/home/snake/Emmanuel_Jr_robot/install/nav_2d_msgs/lib:${LD_LIBRARY_PATH} PYTHONPATH=/home/snake/Emmanuel_Jr_robot/install/nav2_msgs/lib/python3.8/site-packages:/home/snake/Emmanuel_Jr_robot/install/nav_2d_msgs/lib/python3.8/site-packages:/home/snake/Emmanuel_Jr_robot/install/nav2_common/lib/python3.8/site-packages:${PYTHONPATH} /usr/bin/cmake --install /home/snake/Emmanuel_Jr_robot/build/nav2_controller
