[0.156s] Invoking command in '/home/ubuntu/Emmanuel_Jr_robot/build/mpu9250driver': CMAKE_PREFIX_PATH=${CMAKE_PREFIX_PATH}:/home/ubuntu/Emmanuel_Jr_robot/install/emmanuel:/opt/ros/galactic /usr/bin/cmake --build /home/ubuntu/Emmanuel_Jr_robot/build/mpu9250driver -- -j4 -l4
[1.170s] [ 33%] Built target mpu9250sensor
[1.230s] [ 66%] Built target linux_i2c_communicator
[1.842s] [100%] Built target mpu9250driver
[2.013s] Invoked command in '/home/ubuntu/Emmanuel_Jr_robot/build/mpu9250driver' returned '0': CMAKE_PREFIX_PATH=${CMAKE_PREFIX_PATH}:/home/ubuntu/Emmanuel_Jr_robot/install/emmanuel:/opt/ros/galactic /usr/bin/cmake --build /home/ubuntu/Emmanuel_Jr_robot/build/mpu9250driver -- -j4 -l4
[2.694s] Invoking command in '/home/ubuntu/Emmanuel_Jr_robot/build/mpu9250driver': CMAKE_PREFIX_PATH=${CMAKE_PREFIX_PATH}:/home/ubuntu/Emmanuel_Jr_robot/install/emmanuel:/opt/ros/galactic /usr/bin/cmake --install /home/ubuntu/Emmanuel_Jr_robot/build/mpu9250driver
[2.860s] -- Install configuration: ""
[2.871s] -- Up-to-date: /home/ubuntu/Emmanuel_Jr_robot/install/mpu9250driver/lib/mpu9250driver/mpu9250driver
[2.874s] -- Up-to-date: /home/ubuntu/Emmanuel_Jr_robot/install/mpu9250driver/share/mpu9250driver//launch
[2.884s] -- Up-to-date: /home/ubuntu/Emmanuel_Jr_robot/install/mpu9250driver/share/mpu9250driver//launch/mpu9250driver_launch.py
[2.885s] -- Up-to-date: /home/ubuntu/Emmanuel_Jr_robot/install/mpu9250driver/share/mpu9250driver//params
[2.891s] -- Up-to-date: /home/ubuntu/Emmanuel_Jr_robot/install/mpu9250driver/share/mpu9250driver//params/mpu9250.yaml
[2.892s] -- Up-to-date: /home/ubuntu/Emmanuel_Jr_robot/install/mpu9250driver/share/ament_index/resource_index/package_run_dependencies/mpu9250driver
[2.895s] -- Up-to-date: /home/ubuntu/Emmanuel_Jr_robot/install/mpu9250driver/share/ament_index/resource_index/parent_prefix_path/mpu9250driver
[2.896s] -- Up-to-date: /home/ubuntu/Emmanuel_Jr_robot/install/mpu9250driver/share/mpu9250driver/environment/ament_prefix_path.sh
[2.897s] -- Up-to-date: /home/ubuntu/Emmanuel_Jr_robot/install/mpu9250driver/share/mpu9250driver/environment/ament_prefix_path.dsv
[2.897s] -- Up-to-date: /home/ubuntu/Emmanuel_Jr_robot/install/mpu9250driver/share/mpu9250driver/environment/path.sh
[2.904s] -- Up-to-date: /home/ubuntu/Emmanuel_Jr_robot/install/mpu9250driver/share/mpu9250driver/environment/path.dsv
[2.905s] -- Up-to-date: /home/ubuntu/Emmanuel_Jr_robot/install/mpu9250driver/share/mpu9250driver/local_setup.bash
[2.906s] -- Up-to-date: /home/ubuntu/Emmanuel_Jr_robot/install/mpu9250driver/share/mpu9250driver/local_setup.sh
[2.907s] -- Up-to-date: /home/ubuntu/Emmanuel_Jr_robot/install/mpu9250driver/share/mpu9250driver/local_setup.zsh
[2.920s] -- Up-to-date: /home/ubuntu/Emmanuel_Jr_robot/install/mpu9250driver/share/mpu9250driver/local_setup.dsv
[2.921s] -- Installing: /home/ubuntu/Emmanuel_Jr_robot/install/mpu9250driver/share/mpu9250driver/package.dsv
[2.922s] -- Up-to-date: /home/ubuntu/Emmanuel_Jr_robot/install/mpu9250driver/share/ament_index/resource_index/packages/mpu9250driver
[2.923s] -- Up-to-date: /home/ubuntu/Emmanuel_Jr_robot/install/mpu9250driver/share/mpu9250driver/cmake/mpu9250driverConfig.cmake
[2.924s] -- Up-to-date: /home/ubuntu/Emmanuel_Jr_robot/install/mpu9250driver/share/mpu9250driver/cmake/mpu9250driverConfig-version.cmake
[2.935s] -- Up-to-date: /home/ubuntu/Emmanuel_Jr_robot/install/mpu9250driver/share/mpu9250driver/package.xml
[2.961s] Invoked command in '/home/ubuntu/Emmanuel_Jr_robot/build/mpu9250driver' returned '0': CMAKE_PREFIX_PATH=${CMAKE_PREFIX_PATH}:/home/ubuntu/Emmanuel_Jr_robot/install/emmanuel:/opt/ros/galactic /usr/bin/cmake --install /home/ubuntu/Emmanuel_Jr_robot/build/mpu9250driver
