[0.259s] Invoking command in '/home/rex/Emmanuel_Jr_robot/build/linorobot2': CMAKE_PREFIX_PATH=${CMAKE_PREFIX_PATH}:/home/rex/Emmanuel_Jr_robot/install/nav2_simple_commander:/home/rex/Emmanuel_Jr_robot/install/nav2_gazebo_spawner:/home/rex/Emmanuel_Jr_robot/install/emmanuelJr:/home/rex/Emmanuel_Jr_robot/install/emmanuel:/opt/ros/galactic /usr/bin/cmake --build /home/rex/Emmanuel_Jr_robot/build/linorobot2 -- -j2 -l2
[0.307s] Invoked command in '/home/rex/Emmanuel_Jr_robot/build/linorobot2' returned '0': CMAKE_PREFIX_PATH=${CMAKE_PREFIX_PATH}:/home/rex/Emmanuel_Jr_robot/install/nav2_simple_commander:/home/rex/Emmanuel_Jr_robot/install/nav2_gazebo_spawner:/home/rex/Emmanuel_Jr_robot/install/emmanuelJr:/home/rex/Emmanuel_Jr_robot/install/emmanuel:/opt/ros/galactic /usr/bin/cmake --build /home/rex/Emmanuel_Jr_robot/build/linorobot2 -- -j2 -l2
[0.354s] Invoking command in '/home/rex/Emmanuel_Jr_robot/build/linorobot2': CMAKE_PREFIX_PATH=${CMAKE_PREFIX_PATH}:/home/rex/Emmanuel_Jr_robot/install/nav2_simple_commander:/home/rex/Emmanuel_Jr_robot/install/nav2_gazebo_spawner:/home/rex/Emmanuel_Jr_robot/install/emmanuelJr:/home/rex/Emmanuel_Jr_robot/install/emmanuel:/opt/ros/galactic /usr/bin/cmake --install /home/rex/Emmanuel_Jr_robot/build/linorobot2
[0.366s] -- Install configuration: ""
[0.366s] -- Up-to-date: /home/rex/Emmanuel_Jr_robot/install/linorobot2/share/ament_index/resource_index/package_run_dependencies/linorobot2
[0.366s] -- Up-to-date: /home/rex/Emmanuel_Jr_robot/install/linorobot2/share/ament_index/resource_index/parent_prefix_path/linorobot2
[0.366s] -- Up-to-date: /home/rex/Emmanuel_Jr_robot/install/linorobot2/share/linorobot2/environment/ament_prefix_path.sh
[0.367s] -- Up-to-date: /home/rex/Emmanuel_Jr_robot/install/linorobot2/share/linorobot2/environment/ament_prefix_path.dsv
[0.367s] -- Up-to-date: /home/rex/Emmanuel_Jr_robot/install/linorobot2/share/linorobot2/environment/path.sh
[0.367s] -- Up-to-date: /home/rex/Emmanuel_Jr_robot/install/linorobot2/share/linorobot2/environment/path.dsv
[0.367s] -- Up-to-date: /home/rex/Emmanuel_Jr_robot/install/linorobot2/share/linorobot2/local_setup.bash
[0.368s] -- Up-to-date: /home/rex/Emmanuel_Jr_robot/install/linorobot2/share/linorobot2/local_setup.sh
[0.368s] -- Up-to-date: /home/rex/Emmanuel_Jr_robot/install/linorobot2/share/linorobot2/local_setup.zsh
[0.368s] -- Up-to-date: /home/rex/Emmanuel_Jr_robot/install/linorobot2/share/linorobot2/local_setup.dsv
[0.368s] -- Up-to-date: /home/rex/Emmanuel_Jr_robot/install/linorobot2/share/linorobot2/package.dsv
[0.369s] -- Up-to-date: /home/rex/Emmanuel_Jr_robot/install/linorobot2/share/ament_index/resource_index/packages/linorobot2
[0.369s] -- Up-to-date: /home/rex/Emmanuel_Jr_robot/install/linorobot2/share/linorobot2/cmake/linorobot2Config.cmake
[0.369s] -- Up-to-date: /home/rex/Emmanuel_Jr_robot/install/linorobot2/share/linorobot2/cmake/linorobot2Config-version.cmake
[0.369s] -- Up-to-date: /home/rex/Emmanuel_Jr_robot/install/linorobot2/share/linorobot2/package.xml
[0.372s] Invoked command in '/home/rex/Emmanuel_Jr_robot/build/linorobot2' returned '0': CMAKE_PREFIX_PATH=${CMAKE_PREFIX_PATH}:/home/rex/Emmanuel_Jr_robot/install/nav2_simple_commander:/home/rex/Emmanuel_Jr_robot/install/nav2_gazebo_spawner:/home/rex/Emmanuel_Jr_robot/install/emmanuelJr:/home/rex/Emmanuel_Jr_robot/install/emmanuel:/opt/ros/galactic /usr/bin/cmake --install /home/rex/Emmanuel_Jr_robot/build/linorobot2
