[0.042s] Invoking command in '/home/snake/Emmanuel_Jr_robot/build/nav2_theta_star_planner': AMENT_PREFIX_PATH=/home/snake/Emmanuel_Jr_robot/install/nav2_core:/home/snake/Emmanuel_Jr_robot/install/nav2_costmap_2d:/home/snake/Emmanuel_Jr_robot/install/nav2_util:/home/snake/Emmanuel_Jr_robot/install/nav2_voxel_grid:/home/snake/Emmanuel_Jr_robot/install/nav2_msgs:/home/snake/Emmanuel_Jr_robot/install/nav2_common:${AMENT_PREFIX_PATH} CMAKE_PREFIX_PATH=/home/snake/Emmanuel_Jr_robot/install/nav2_core:/home/snake/Emmanuel_Jr_robot/install/nav2_costmap_2d:/home/snake/Emmanuel_Jr_robot/install/nav2_util:/home/snake/Emmanuel_Jr_robot/install/nav2_voxel_grid:/home/snake/Emmanuel_Jr_robot/install/nav2_msgs:/home/snake/Emmanuel_Jr_robot/install/nav2_common:/opt/ros/galactic LD_LIBRARY_PATH=/home/snake/Emmanuel_Jr_robot/install/nav2_costmap_2d/lib:/home/snake/Emmanuel_Jr_robot/install/nav2_util/lib:/home/snake/Emmanuel_Jr_robot/install/nav2_voxel_grid/lib:/home/snake/Emmanuel_Jr_robot/install/nav2_msgs/lib:${LD_LIBRARY_PATH} PYTHONPATH=/home/snake/Emmanuel_Jr_robot/install/nav2_msgs/lib/python3.8/site-packages:/home/snake/Emmanuel_Jr_robot/install/nav2_common/lib/python3.8/site-packages:${PYTHONPATH} /usr/bin/cmake /home/snake/Emmanuel_Jr_robot/src/navigation2/nav2_theta_star_planner -DAMENT_CMAKE_SYMLINK_INSTALL=1 -DCMAKE_INSTALL_PREFIX=/home/snake/Emmanuel_Jr_robot/install/nav2_theta_star_planner
[0.128s] -- The C compiler identification is GNU 9.4.0
[0.197s] -- The CXX compiler identification is GNU 9.4.0
[0.203s] -- Check for working C compiler: /usr/bin/cc
[0.298s] -- Check for working C compiler: /usr/bin/cc -- works
[0.299s] -- Detecting C compiler ABI info
[0.403s] -- Detecting C compiler ABI info - done
[0.417s] -- Detecting C compile features
[0.418s] -- Detecting C compile features - done
[0.421s] -- Check for working CXX compiler: /usr/bin/c++
[0.546s] -- Check for working CXX compiler: /usr/bin/c++ -- works
[0.548s] -- Detecting CXX compiler ABI info
[0.651s] -- Detecting CXX compiler ABI info - done
[0.666s] -- Detecting CXX compile features
[0.668s] -- Detecting CXX compile features - done
[0.671s] -- Found ament_cmake: 1.1.5 (/opt/ros/galactic/share/ament_cmake/cmake)
[0.705s] -- Found PythonInterp: /usr/bin/python3 (found suitable version "3.8.10", minimum required is "3") 
[0.706s] -- Using PYTHON_EXECUTABLE: /usr/bin/python3
[0.782s] -- Override CMake install command with custom implementation using symlinks instead of copying resources
[0.820s] -- Found builtin_interfaces: 1.0.3 (/opt/ros/galactic/share/builtin_interfaces/cmake)
[0.860s] -- Using all available rosidl_typesupport_c: rosidl_typesupport_fastrtps_c;rosidl_typesupport_introspection_c
[0.871s] -- Found rosidl_adapter: 2.2.2 (/opt/ros/galactic/share/rosidl_adapter/cmake)
[0.974s] -- Found OpenSSL: /usr/lib/x86_64-linux-gnu/libcrypto.so (found version "1.1.1f")  
[1.017s] -- Found FastRTPS: /opt/ros/galactic/include  
[1.117s] -- Using all available rosidl_typesupport_cpp: rosidl_typesupport_fastrtps_cpp;rosidl_typesupport_introspection_cpp
[1.152s] -- Found nav2_common: 1.0.12 (/home/snake/Emmanuel_Jr_robot/install/nav2_common/share/nav2_common/cmake)
[1.153s] -- Found nav2_core: 1.0.12 (/home/snake/Emmanuel_Jr_robot/install/nav2_core/share/nav2_core/cmake)
[1.230s] -- Found rmw_implementation_cmake: 3.3.1 (/opt/ros/galactic/share/rmw_implementation_cmake/cmake)
[1.234s] -- Found rmw_cyclonedds_cpp: 0.22.5 (/opt/ros/galactic/share/rmw_cyclonedds_cpp/cmake)
[1.262s] -- Using RMW implementation 'rmw_cyclonedds_cpp' as default
[1.263s] -- Looking for pthread.h
[1.358s] -- Looking for pthread.h - found
[1.359s] -- Performing Test CMAKE_HAVE_LIBC_PTHREAD
[1.454s] -- Performing Test CMAKE_HAVE_LIBC_PTHREAD - Failed
[1.455s] -- Looking for pthread_create in pthreads
[1.532s] -- Looking for pthread_create in pthreads - not found
[1.532s] -- Looking for pthread_create in pthread
[1.666s] -- Looking for pthread_create in pthread - found
[1.668s] -- Found Threads: TRUE  
[3.351s] -- Found Eigen3: TRUE (found version "3.3.7") 
[4.809s] -- Setting build type to Release as none was specified.
[7.913s] -- Found ament_lint_auto: 0.10.7 (/opt/ros/galactic/share/ament_lint_auto/cmake)
[8.021s] -- Found gtest sources under '/opt/ros/galactic/src/gtest_vendor': C++ tests using 'Google Test' will be built
[8.025s] -- Check if compiler accepts -pthread
[8.119s] -- Check if compiler accepts -pthread - yes
[11.115s] -- Added test 'copyright' to check source files copyright and LICENSE
[11.117s] -- Added test 'cppcheck' to perform static code analysis on C / C++ code
[11.118s] -- Configured cppcheck include dirs: /home/snake/Emmanuel_Jr_robot/src/navigation2/nav2_theta_star_planner/include
[11.118s] -- Configured cppcheck exclude dirs and/or files: 
[11.119s] -- Added test 'cpplint' to check C / C++ code against the Google style
[11.119s] -- Configured cpplint exclude dirs and/or files: 
[11.121s] -- Added test 'lint_cmake' to check CMake code style
[11.122s] -- Added test 'uncrustify' to check C / C++ code style
[11.122s] -- Configured uncrustify additional arguments: 
[11.123s] -- Added test 'xmllint' to check XML markup files
[11.133s] -- Configuring done
[11.264s] -- Generating done
[11.267s] -- Build files have been written to: /home/snake/Emmanuel_Jr_robot/build/nav2_theta_star_planner
[11.287s] Invoked command in '/home/snake/Emmanuel_Jr_robot/build/nav2_theta_star_planner' returned '0': AMENT_PREFIX_PATH=/home/snake/Emmanuel_Jr_robot/install/nav2_core:/home/snake/Emmanuel_Jr_robot/install/nav2_costmap_2d:/home/snake/Emmanuel_Jr_robot/install/nav2_util:/home/snake/Emmanuel_Jr_robot/install/nav2_voxel_grid:/home/snake/Emmanuel_Jr_robot/install/nav2_msgs:/home/snake/Emmanuel_Jr_robot/install/nav2_common:${AMENT_PREFIX_PATH} CMAKE_PREFIX_PATH=/home/snake/Emmanuel_Jr_robot/install/nav2_core:/home/snake/Emmanuel_Jr_robot/install/nav2_costmap_2d:/home/snake/Emmanuel_Jr_robot/install/nav2_util:/home/snake/Emmanuel_Jr_robot/install/nav2_voxel_grid:/home/snake/Emmanuel_Jr_robot/install/nav2_msgs:/home/snake/Emmanuel_Jr_robot/install/nav2_common:/opt/ros/galactic LD_LIBRARY_PATH=/home/snake/Emmanuel_Jr_robot/install/nav2_costmap_2d/lib:/home/snake/Emmanuel_Jr_robot/install/nav2_util/lib:/home/snake/Emmanuel_Jr_robot/install/nav2_voxel_grid/lib:/home/snake/Emmanuel_Jr_robot/install/nav2_msgs/lib:${LD_LIBRARY_PATH} PYTHONPATH=/home/snake/Emmanuel_Jr_robot/install/nav2_msgs/lib/python3.8/site-packages:/home/snake/Emmanuel_Jr_robot/install/nav2_common/lib/python3.8/site-packages:${PYTHONPATH} /usr/bin/cmake /home/snake/Emmanuel_Jr_robot/src/navigation2/nav2_theta_star_planner -DAMENT_CMAKE_SYMLINK_INSTALL=1 -DCMAKE_INSTALL_PREFIX=/home/snake/Emmanuel_Jr_robot/install/nav2_theta_star_planner
[11.289s] Invoking command in '/home/snake/Emmanuel_Jr_robot/build/nav2_theta_star_planner': AMENT_PREFIX_PATH=/home/snake/Emmanuel_Jr_robot/install/nav2_core:/home/snake/Emmanuel_Jr_robot/install/nav2_costmap_2d:/home/snake/Emmanuel_Jr_robot/install/nav2_util:/home/snake/Emmanuel_Jr_robot/install/nav2_voxel_grid:/home/snake/Emmanuel_Jr_robot/install/nav2_msgs:/home/snake/Emmanuel_Jr_robot/install/nav2_common:${AMENT_PREFIX_PATH} CMAKE_PREFIX_PATH=/home/snake/Emmanuel_Jr_robot/install/nav2_core:/home/snake/Emmanuel_Jr_robot/install/nav2_costmap_2d:/home/snake/Emmanuel_Jr_robot/install/nav2_util:/home/snake/Emmanuel_Jr_robot/install/nav2_voxel_grid:/home/snake/Emmanuel_Jr_robot/install/nav2_msgs:/home/snake/Emmanuel_Jr_robot/install/nav2_common:/opt/ros/galactic LD_LIBRARY_PATH=/home/snake/Emmanuel_Jr_robot/install/nav2_costmap_2d/lib:/home/snake/Emmanuel_Jr_robot/install/nav2_util/lib:/home/snake/Emmanuel_Jr_robot/install/nav2_voxel_grid/lib:/home/snake/Emmanuel_Jr_robot/install/nav2_msgs/lib:${LD_LIBRARY_PATH} PYTHONPATH=/home/snake/Emmanuel_Jr_robot/install/nav2_msgs/lib/python3.8/site-packages:/home/snake/Emmanuel_Jr_robot/install/nav2_common/lib/python3.8/site-packages:${PYTHONPATH} /usr/bin/cmake --build /home/snake/Emmanuel_Jr_robot/build/nav2_theta_star_planner -- -j2 -l2
[11.351s] [35m[1mScanning dependencies of target nav2_theta_star_planner[0m
[11.434s] [ 11%] [32mBuilding CXX object CMakeFiles/nav2_theta_star_planner.dir/src/theta_star.cpp.o[0m
[17.014s] [ 22%] [32mBuilding CXX object CMakeFiles/nav2_theta_star_planner.dir/src/theta_star_planner.cpp.o[0m
[24.240s] [ 33%] [32m[1mLinking CXX shared library libnav2_theta_star_planner.so[0m
[24.480s] [ 33%] Built target nav2_theta_star_planner
[24.494s] [35m[1mScanning dependencies of target gtest_main[0m
[24.521s] [ 44%] [32mBuilding CXX object gtest/CMakeFiles/gtest_main.dir/src/gtest_main.cc.o[0m
[25.943s] [ 55%] [32m[1mLinking CXX static library libgtest_main.a[0m
[25.986s] [ 55%] Built target gtest_main
[25.999s] [35m[1mScanning dependencies of target gtest[0m
[26.020s] [ 66%] [32mBuilding CXX object gtest/CMakeFiles/gtest.dir/src/gtest-all.cc.o[0m
[36.196s] [ 77%] [32m[1mLinking CXX static library libgtest.a[0m
[36.246s] [ 77%] Built target gtest
[36.261s] [35m[1mScanning dependencies of target test_theta_star[0m
[36.344s] [ 88%] [32mBuilding CXX object CMakeFiles/test_theta_star.dir/test/test_theta_star.cpp.o[0m
[44.179s] [100%] [32m[1mLinking CXX executable test_theta_star[0m
[44.615s] [100%] Built target test_theta_star
[44.638s] Invoked command in '/home/snake/Emmanuel_Jr_robot/build/nav2_theta_star_planner' returned '0': AMENT_PREFIX_PATH=/home/snake/Emmanuel_Jr_robot/install/nav2_core:/home/snake/Emmanuel_Jr_robot/install/nav2_costmap_2d:/home/snake/Emmanuel_Jr_robot/install/nav2_util:/home/snake/Emmanuel_Jr_robot/install/nav2_voxel_grid:/home/snake/Emmanuel_Jr_robot/install/nav2_msgs:/home/snake/Emmanuel_Jr_robot/install/nav2_common:${AMENT_PREFIX_PATH} CMAKE_PREFIX_PATH=/home/snake/Emmanuel_Jr_robot/install/nav2_core:/home/snake/Emmanuel_Jr_robot/install/nav2_costmap_2d:/home/snake/Emmanuel_Jr_robot/install/nav2_util:/home/snake/Emmanuel_Jr_robot/install/nav2_voxel_grid:/home/snake/Emmanuel_Jr_robot/install/nav2_msgs:/home/snake/Emmanuel_Jr_robot/install/nav2_common:/opt/ros/galactic LD_LIBRARY_PATH=/home/snake/Emmanuel_Jr_robot/install/nav2_costmap_2d/lib:/home/snake/Emmanuel_Jr_robot/install/nav2_util/lib:/home/snake/Emmanuel_Jr_robot/install/nav2_voxel_grid/lib:/home/snake/Emmanuel_Jr_robot/install/nav2_msgs/lib:${LD_LIBRARY_PATH} PYTHONPATH=/home/snake/Emmanuel_Jr_robot/install/nav2_msgs/lib/python3.8/site-packages:/home/snake/Emmanuel_Jr_robot/install/nav2_common/lib/python3.8/site-packages:${PYTHONPATH} /usr/bin/cmake --build /home/snake/Emmanuel_Jr_robot/build/nav2_theta_star_planner -- -j2 -l2
[44.680s] Invoking command in '/home/snake/Emmanuel_Jr_robot/build/nav2_theta_star_planner': AMENT_PREFIX_PATH=/home/snake/Emmanuel_Jr_robot/install/nav2_core:/home/snake/Emmanuel_Jr_robot/install/nav2_costmap_2d:/home/snake/Emmanuel_Jr_robot/install/nav2_util:/home/snake/Emmanuel_Jr_robot/install/nav2_voxel_grid:/home/snake/Emmanuel_Jr_robot/install/nav2_msgs:/home/snake/Emmanuel_Jr_robot/install/nav2_common:${AMENT_PREFIX_PATH} CMAKE_PREFIX_PATH=/home/snake/Emmanuel_Jr_robot/install/nav2_core:/home/snake/Emmanuel_Jr_robot/install/nav2_costmap_2d:/home/snake/Emmanuel_Jr_robot/install/nav2_util:/home/snake/Emmanuel_Jr_robot/install/nav2_voxel_grid:/home/snake/Emmanuel_Jr_robot/install/nav2_msgs:/home/snake/Emmanuel_Jr_robot/install/nav2_common:/opt/ros/galactic LD_LIBRARY_PATH=/home/snake/Emmanuel_Jr_robot/install/nav2_costmap_2d/lib:/home/snake/Emmanuel_Jr_robot/install/nav2_util/lib:/home/snake/Emmanuel_Jr_robot/install/nav2_voxel_grid/lib:/home/snake/Emmanuel_Jr_robot/install/nav2_msgs/lib:${LD_LIBRARY_PATH} PYTHONPATH=/home/snake/Emmanuel_Jr_robot/install/nav2_msgs/lib/python3.8/site-packages:/home/snake/Emmanuel_Jr_robot/install/nav2_common/lib/python3.8/site-packages:${PYTHONPATH} /usr/bin/cmake --install /home/snake/Emmanuel_Jr_robot/build/nav2_theta_star_planner
[44.697s] -- Install configuration: "Release"
[44.698s] -- Execute custom install script
[44.699s] -- Symlinking: /home/snake/Emmanuel_Jr_robot/install/nav2_theta_star_planner/share/nav2_theta_star_planner//theta_star_planner.xml
[44.713s] -- Symlinking: /home/snake/Emmanuel_Jr_robot/install/nav2_theta_star_planner/lib/libnav2_theta_star_planner.so
[44.728s] -- Symlinking: /home/snake/Emmanuel_Jr_robot/install/nav2_theta_star_planner/include//nav2_theta_star_planner/theta_star.hpp
[44.743s] -- Symlinking: /home/snake/Emmanuel_Jr_robot/install/nav2_theta_star_planner/include//nav2_theta_star_planner/theta_star_planner.hpp
[44.756s] -- Up-to-date symlink: /home/snake/Emmanuel_Jr_robot/install/nav2_theta_star_planner/share/nav2_theta_star_planner/theta_star_planner.xml
[44.756s] -- Symlinking: /home/snake/Emmanuel_Jr_robot/install/nav2_theta_star_planner/share/nav2_theta_star_planner/environment/library_path.sh
[44.769s] -- Symlinking: /home/snake/Emmanuel_Jr_robot/install/nav2_theta_star_planner/share/nav2_theta_star_planner/environment/library_path.dsv
[44.783s] -- Symlinking: /home/snake/Emmanuel_Jr_robot/install/nav2_theta_star_planner/share/ament_index/resource_index/package_run_dependencies/nav2_theta_star_planner
[44.797s] -- Symlinking: /home/snake/Emmanuel_Jr_robot/install/nav2_theta_star_planner/share/ament_index/resource_index/parent_prefix_path/nav2_theta_star_planner
[44.811s] -- Symlinking: /home/snake/Emmanuel_Jr_robot/install/nav2_theta_star_planner/share/nav2_theta_star_planner/environment/ament_prefix_path.sh
[44.825s] -- Symlinking: /home/snake/Emmanuel_Jr_robot/install/nav2_theta_star_planner/share/nav2_theta_star_planner/environment/ament_prefix_path.dsv
[44.840s] -- Symlinking: /home/snake/Emmanuel_Jr_robot/install/nav2_theta_star_planner/share/nav2_theta_star_planner/environment/path.sh
[44.852s] -- Symlinking: /home/snake/Emmanuel_Jr_robot/install/nav2_theta_star_planner/share/nav2_theta_star_planner/environment/path.dsv
[44.866s] -- Symlinking: /home/snake/Emmanuel_Jr_robot/install/nav2_theta_star_planner/share/nav2_theta_star_planner/local_setup.bash
[44.878s] -- Symlinking: /home/snake/Emmanuel_Jr_robot/install/nav2_theta_star_planner/share/nav2_theta_star_planner/local_setup.sh
[44.893s] -- Symlinking: /home/snake/Emmanuel_Jr_robot/install/nav2_theta_star_planner/share/nav2_theta_star_planner/local_setup.zsh
[44.908s] -- Symlinking: /home/snake/Emmanuel_Jr_robot/install/nav2_theta_star_planner/share/nav2_theta_star_planner/local_setup.dsv
[44.922s] -- Symlinking: /home/snake/Emmanuel_Jr_robot/install/nav2_theta_star_planner/share/nav2_theta_star_planner/package.dsv
[44.937s] -- Symlinking: /home/snake/Emmanuel_Jr_robot/install/nav2_theta_star_planner/share/ament_index/resource_index/packages/nav2_theta_star_planner
[44.950s] -- Symlinking: /home/snake/Emmanuel_Jr_robot/install/nav2_theta_star_planner/share/ament_index/resource_index/nav2_core__pluginlib__plugin/nav2_theta_star_planner
[44.963s] -- Symlinking: /home/snake/Emmanuel_Jr_robot/install/nav2_theta_star_planner/share/nav2_theta_star_planner/cmake/ament_cmake_export_include_directories-extras.cmake
[44.976s] -- Symlinking: /home/snake/Emmanuel_Jr_robot/install/nav2_theta_star_planner/share/nav2_theta_star_planner/cmake/ament_cmake_export_libraries-extras.cmake
[44.989s] -- Symlinking: /home/snake/Emmanuel_Jr_robot/install/nav2_theta_star_planner/share/nav2_theta_star_planner/cmake/ament_cmake_export_dependencies-extras.cmake
[45.002s] -- Symlinking: /home/snake/Emmanuel_Jr_robot/install/nav2_theta_star_planner/share/nav2_theta_star_planner/cmake/nav2_theta_star_plannerConfig.cmake
[45.015s] -- Symlinking: /home/snake/Emmanuel_Jr_robot/install/nav2_theta_star_planner/share/nav2_theta_star_planner/cmake/nav2_theta_star_plannerConfig-version.cmake
[45.028s] -- Symlinking: /home/snake/Emmanuel_Jr_robot/install/nav2_theta_star_planner/share/nav2_theta_star_planner/package.xml
[45.047s] Invoked command in '/home/snake/Emmanuel_Jr_robot/build/nav2_theta_star_planner' returned '0': AMENT_PREFIX_PATH=/home/snake/Emmanuel_Jr_robot/install/nav2_core:/home/snake/Emmanuel_Jr_robot/install/nav2_costmap_2d:/home/snake/Emmanuel_Jr_robot/install/nav2_util:/home/snake/Emmanuel_Jr_robot/install/nav2_voxel_grid:/home/snake/Emmanuel_Jr_robot/install/nav2_msgs:/home/snake/Emmanuel_Jr_robot/install/nav2_common:${AMENT_PREFIX_PATH} CMAKE_PREFIX_PATH=/home/snake/Emmanuel_Jr_robot/install/nav2_core:/home/snake/Emmanuel_Jr_robot/install/nav2_costmap_2d:/home/snake/Emmanuel_Jr_robot/install/nav2_util:/home/snake/Emmanuel_Jr_robot/install/nav2_voxel_grid:/home/snake/Emmanuel_Jr_robot/install/nav2_msgs:/home/snake/Emmanuel_Jr_robot/install/nav2_common:/opt/ros/galactic LD_LIBRARY_PATH=/home/snake/Emmanuel_Jr_robot/install/nav2_costmap_2d/lib:/home/snake/Emmanuel_Jr_robot/install/nav2_util/lib:/home/snake/Emmanuel_Jr_robot/install/nav2_voxel_grid/lib:/home/snake/Emmanuel_Jr_robot/install/nav2_msgs/lib:${LD_LIBRARY_PATH} PYTHONPATH=/home/snake/Emmanuel_Jr_robot/install/nav2_msgs/lib/python3.8/site-packages:/home/snake/Emmanuel_Jr_robot/install/nav2_common/lib/python3.8/site-packages:${PYTHONPATH} /usr/bin/cmake --install /home/snake/Emmanuel_Jr_robot/build/nav2_theta_star_planner
